Number of labels: 12
Label 0: name: celltype
IS of values
  IS Object: 1 MPI processes
    type: general
  Number of indices in set 4
  0 0
  1 7
  2 4
  3 1

Label 1: name: depth
IS of values
  IS Object: 1 MPI processes
    type: general
  Number of indices in set 4
  0 0
  1 1
  2 2
  3 3

Label 2: name: Cell Sets
IS of values
  IS Object: 1 MPI processes
    type: general
  Number of indices in set 1
  0 10

Label 3: name: Face Sets
IS of values
  IS Object: 1 MPI processes
    type: general
  Number of indices in set 4
  0 100
  1 101
  2 200
  3 201

Label 4: name: OuterBoundary
IS of values
  IS Object: 1 MPI processes
    type: general
  Number of indices in set 1
  0 100

Label 5: name: InnerBoundary
IS of values
  IS Object: 1 MPI processes
    type: general
  Number of indices in set 1
  0 101

Label 6: name: TopBoundary
IS of values
  IS Object: 1 MPI processes
    type: general
  Number of indices in set 1
  0 200

Label 7: name: BottomBoundary
IS of values
  IS Object: 1 MPI processes
    type: general
  Number of indices in set 1
  0 201

Label 8: name: label0
IS of values
  IS Object: 1 MPI processes
    type: general
  Number of indices in set 1
  0 1

Label 9: name: label1
IS of values
  IS Object: 1 MPI processes
    type: general
  Number of indices in set 1
  0 2

Label 10: name: label2
IS of values
  IS Object: 1 MPI processes
    type: general
  Number of indices in set 1
  0 1

Label 11: name: label3
IS of values
  IS Object: 1 MPI processes
    type: general
  Number of indices in set 1
  0 2



Cell Set label IS
IS Object: 1 MPI processes
  type: general
Number of indices in set 1
0 10
