  0 KSP Residual norm 3.22583 
  1 KSP Residual norm 0.67169 
  2 KSP Residual norm 0.125145 
  3 KSP Residual norm 0.0237374 
  4 KSP Residual norm 0.00300951 
  5 KSP Residual norm 0.000135591 
  6 KSP Residual norm 6.72644e-05 
  7 KSP Residual norm 3.25968e-06 
  8 KSP Residual norm 7.11525e-07 
  9 KSP Residual norm 9.20016e-08 
 10 KSP Residual norm 1.5566e-08 
 11 KSP Residual norm 1.58545e-09 
 12 KSP Residual norm 1.143e-10 
 13 KSP Residual norm < 1.e-11
 14 KSP Residual norm < 1.e-11
 15 KSP Residual norm < 1.e-11
 16 KSP Residual norm < 1.e-11
 17 KSP Residual norm < 1.e-11
Number of iterations =  17
Residual norm < 1.e-12
  0 KSP Residual norm 4.01269 
  1 KSP Residual norm 0.657348 
  2 KSP Residual norm 0.466397 
  3 KSP Residual norm 0.0939565 
  4 KSP Residual norm 0.0335102 
  5 KSP Residual norm 0.0039406 
  6 KSP Residual norm 0.00125267 
  7 KSP Residual norm 0.000120538 
  8 KSP Residual norm 3.84026e-05 
  9 KSP Residual norm 1.28252e-05 
 10 KSP Residual norm 8.00839e-07 
 11 KSP Residual norm 1.77561e-07 
 12 KSP Residual norm 5.556e-08 
 13 KSP Residual norm 1.41985e-08 
 14 KSP Residual norm 2.3817e-09 
 15 KSP Residual norm 4.320e-10 
 16 KSP Residual norm 8.833e-11 
 17 KSP Residual norm 1.396e-11 
 18 KSP Residual norm < 1.e-11
 19 KSP Residual norm < 1.e-11
 20 KSP Residual norm < 1.e-11
 21 KSP Residual norm < 1.e-11
 22 KSP Residual norm < 1.e-11
Number of iterations =  22
Residual norm < 1.e-12
  0 KSP Residual norm 1.91582 
  1 KSP Residual norm 0.180712 
  2 KSP Residual norm 0.000814965 
  3 KSP Residual norm 4.81307e-05 
  4 KSP Residual norm 6.86472e-07 
  5 KSP Residual norm 1.83028e-08 
  6 KSP Residual norm 3.419e-10 
  7 KSP Residual norm < 1.e-11
  8 KSP Residual norm < 1.e-11
  9 KSP Residual norm < 1.e-11
Number of iterations =   9
Residual norm < 1.e-12
Number of iterations =   1
Residual norm < 1.e-12
  0 KSP Residual norm 1.57265 
  1 KSP Residual norm 0.282796 
  2 KSP Residual norm 0.0239145 
  3 KSP Residual norm 0.00362371 
  4 KSP Residual norm 0.000187186 
  5 KSP Residual norm 2.18461e-05 
  6 KSP Residual norm 3.6162e-06 
  7 KSP Residual norm 5.14596e-07 
  8 KSP Residual norm 1.06997e-07 
  9 KSP Residual norm 1.53704e-08 
 10 KSP Residual norm 2.67481e-09 
 11 KSP Residual norm 2.885e-10 
 12 KSP Residual norm 3.894e-11 
 13 KSP Residual norm < 1.e-11
 14 KSP Residual norm < 1.e-11
 15 KSP Residual norm < 1.e-11
 16 KSP Residual norm < 1.e-11
 17 KSP Residual norm < 1.e-11
Number of iterations =  17
Residual norm < 1.e-12
  0 KSP Residual norm 1.46936 
  1 KSP Residual norm 0.316074 
  2 KSP Residual norm 0.0724092 
  3 KSP Residual norm 0.0173097 
  4 KSP Residual norm 0.00429175 
  5 KSP Residual norm 0.00111052 
  6 KSP Residual norm 0.000319876 
  7 KSP Residual norm 9.2113e-05 
  8 KSP Residual norm 1.78808e-05 
  9 KSP Residual norm 4.45471e-06 
 10 KSP Residual norm 1.0567e-06 
 11 KSP Residual norm 2.56636e-07 
 12 KSP Residual norm 7.12431e-08 
 13 KSP Residual norm 1.49685e-08 
 14 KSP Residual norm 2.28143e-09 
 15 KSP Residual norm 6.104e-10 
 16 KSP Residual norm 1.147e-10 
 17 KSP Residual norm 1.991e-11 
 18 KSP Residual norm < 1.e-11
 19 KSP Residual norm < 1.e-11
 20 KSP Residual norm < 1.e-11
 21 KSP Residual norm < 1.e-11
 22 KSP Residual norm < 1.e-11
 23 KSP Residual norm < 1.e-11
Number of iterations =  23
Residual norm < 1.e-12
  0 KSP Residual norm 1.87054 
  1 KSP Residual norm 0.0447849 
  2 KSP Residual norm 0.00131359 
  3 KSP Residual norm 3.25487e-05 
  4 KSP Residual norm 8.66555e-07 
  5 KSP Residual norm 1.4338e-08 
  6 KSP Residual norm 4.627e-10 
  7 KSP Residual norm < 1.e-11
  8 KSP Residual norm < 1.e-11
  9 KSP Residual norm < 1.e-11
 10 KSP Residual norm < 1.e-11
Number of iterations =  10
Residual norm < 1.e-12
Number of iterations =   1
Residual norm < 1.e-12
  0 KSP Residual norm 3.16608 
  1 KSP Residual norm 0.772934 
  2 KSP Residual norm 0.286145 
  3 KSP Residual norm 0.0122404 
  4 KSP Residual norm 0.00146111 
  5 KSP Residual norm 0.000144195 
  6 KSP Residual norm 1.07264e-05 
  7 KSP Residual norm 6.11009e-07 
  8 KSP Residual norm 1.15359e-07 
  9 KSP Residual norm 9.41469e-09 
 10 KSP Residual norm 6.479e-10 
 11 KSP Residual norm 4.614e-11 
 12 KSP Residual norm < 1.e-11
 13 KSP Residual norm < 1.e-11
 14 KSP Residual norm < 1.e-11
 15 KSP Residual norm < 1.e-11
Number of iterations =  15
Residual norm < 1.e-12
  0 KSP Residual norm 5.58832 
  1 KSP Residual norm 1.07543 
  2 KSP Residual norm 0.44332 
  3 KSP Residual norm 0.172514 
  4 KSP Residual norm 0.0168186 
  5 KSP Residual norm 0.00225878 
  6 KSP Residual norm 0.000130256 
  7 KSP Residual norm 2.61552e-05 
  8 KSP Residual norm 3.16567e-06 
  9 KSP Residual norm 1.00715e-06 
 10 KSP Residual norm 1.91998e-07 
 11 KSP Residual norm 1.26689e-08 
 12 KSP Residual norm 3.80235e-09 
 13 KSP Residual norm 4.194e-10 
 14 KSP Residual norm 6.888e-11 
 15 KSP Residual norm < 1.e-11
 16 KSP Residual norm < 1.e-11
 17 KSP Residual norm < 1.e-11
 18 KSP Residual norm < 1.e-11
Number of iterations =  18
Residual norm < 1.e-12
  0 KSP Residual norm 1.96137 
  1 KSP Residual norm 0.372636 
  2 KSP Residual norm 0.000820318 
  3 KSP Residual norm 1.0854e-05 
  4 KSP Residual norm 2.24046e-08 
  5 KSP Residual norm 2.668e-10 
  6 KSP Residual norm < 1.e-11
  7 KSP Residual norm < 1.e-11
  8 KSP Residual norm < 1.e-11
Number of iterations =   8
Residual norm < 1.e-12
Number of iterations =   1
Residual norm < 1.e-12
  0 KSP Residual norm 1.85559 
  1 KSP Residual norm 0.184582 
  2 KSP Residual norm 0.0193076 
  3 KSP Residual norm 0.00213352 
  4 KSP Residual norm 0.000146475 
  5 KSP Residual norm 1.13075e-05 
  6 KSP Residual norm 7.53763e-07 
  7 KSP Residual norm 5.29961e-08 
  8 KSP Residual norm 5.49557e-09 
  9 KSP Residual norm 4.226e-10 
 10 KSP Residual norm < 1.e-11
 11 KSP Residual norm < 1.e-11
 12 KSP Residual norm < 1.e-11
 13 KSP Residual norm < 1.e-11
Number of iterations =  13
Residual norm < 1.e-12
  0 KSP Residual norm 5.09979 
  1 KSP Residual norm 0.855632 
  2 KSP Residual norm 0.117769 
  3 KSP Residual norm 0.0094869 
  4 KSP Residual norm 0.000465223 
  5 KSP Residual norm 1.21496e-05 
  6 KSP Residual norm 8.19823e-07 
  7 KSP Residual norm 4.32217e-08 
  8 KSP Residual norm 3.2124e-09 
  9 KSP Residual norm 1.321e-10 
 10 KSP Residual norm < 1.e-11
 11 KSP Residual norm < 1.e-11
 12 KSP Residual norm < 1.e-11
 13 KSP Residual norm < 1.e-11
Number of iterations =  13
Residual norm < 1.e-12
  0 KSP Residual norm 1.91882 
  1 KSP Residual norm 0.0980001 
  2 KSP Residual norm 0.000377697 
  3 KSP Residual norm 6.61555e-06 
  4 KSP Residual norm 1.73437e-08 
  5 KSP Residual norm 1.381e-10 
  6 KSP Residual norm < 1.e-11
  7 KSP Residual norm < 1.e-11
Number of iterations =   7
Residual norm < 1.e-12
Number of iterations =   1
Residual norm < 1.e-12
  0 KSP Residual norm 1.70018 
  1 KSP Residual norm 0.196394 
  2 KSP Residual norm 0.0144784 
  3 KSP Residual norm 0.00231186 
  4 KSP Residual norm 0.000101227 
  5 KSP Residual norm 1.10779e-05 
  6 KSP Residual norm 8.70982e-07 
  7 KSP Residual norm 9.35862e-08 
  8 KSP Residual norm 8.24462e-09 
  9 KSP Residual norm 6.965e-10 
 10 KSP Residual norm 7.346e-11 
 11 KSP Residual norm < 1.e-11
 12 KSP Residual norm < 1.e-11
 13 KSP Residual norm < 1.e-11
 14 KSP Residual norm < 1.e-11
 15 KSP Residual norm < 1.e-11
Number of iterations =  15
Residual norm < 1.e-12
  0 KSP Residual norm 1.63358 
  1 KSP Residual norm 0.237752 
  2 KSP Residual norm 0.0370187 
  3 KSP Residual norm 0.00969234 
  4 KSP Residual norm 0.00129387 
  5 KSP Residual norm 0.000365177 
  6 KSP Residual norm 3.77559e-05 
  7 KSP Residual norm 6.78075e-06 
  8 KSP Residual norm 7.14242e-07 
  9 KSP Residual norm 1.03135e-07 
 10 KSP Residual norm 2.20982e-08 
 11 KSP Residual norm 3.10351e-09 
 12 KSP Residual norm 6.440e-10 
 13 KSP Residual norm 6.720e-11 
 14 KSP Residual norm < 1.e-11
 15 KSP Residual norm < 1.e-11
 16 KSP Residual norm < 1.e-11
 17 KSP Residual norm < 1.e-11
 18 KSP Residual norm < 1.e-11
 19 KSP Residual norm < 1.e-11
Number of iterations =  19
Residual norm < 1.e-12
  0 KSP Residual norm 1.9143 
  1 KSP Residual norm 0.0137884 
  2 KSP Residual norm 0.000527977 
  3 KSP Residual norm 4.23521e-06 
  4 KSP Residual norm 9.82574e-08 
  5 KSP Residual norm 1.11627e-09 
  6 KSP Residual norm < 1.e-11
  7 KSP Residual norm < 1.e-11
  8 KSP Residual norm < 1.e-11
  9 KSP Residual norm < 1.e-11
Number of iterations =   9
Residual norm < 1.e-12
Number of iterations =   1
Residual norm < 1.e-12
  0 KSP Residual norm 2.76746 
  1 KSP Residual norm 0.726117 
  2 KSP Residual norm 0.274097 
  3 KSP Residual norm 0.00868185 
  4 KSP Residual norm 0.000559842 
  5 KSP Residual norm 5.34409e-05 
  6 KSP Residual norm 2.86411e-06 
  7 KSP Residual norm 2.54312e-07 
  8 KSP Residual norm 6.27175e-09 
  9 KSP Residual norm 3.774e-10 
 10 KSP Residual norm 2.347e-11 
 11 KSP Residual norm < 1.e-11
 12 KSP Residual norm < 1.e-11
 13 KSP Residual norm < 1.e-11
 14 KSP Residual norm < 1.e-11
Number of iterations =  14
Residual norm < 1.e-12
  0 KSP Residual norm 5.80237 
  1 KSP Residual norm 0.829836 
  2 KSP Residual norm 0.267309 
  3 KSP Residual norm 0.0406713 
  4 KSP Residual norm 0.00298005 
  5 KSP Residual norm 0.000379053 
  6 KSP Residual norm 5.07055e-05 
  7 KSP Residual norm 4.5355e-06 
  8 KSP Residual norm 7.55641e-07 
  9 KSP Residual norm 1.60041e-07 
 10 KSP Residual norm 2.40749e-08 
 11 KSP Residual norm 1.10382e-09 
 12 KSP Residual norm 2.036e-10 
 13 KSP Residual norm 2.159e-11 
 14 KSP Residual norm < 1.e-11
 15 KSP Residual norm < 1.e-11
 16 KSP Residual norm < 1.e-11
Number of iterations =  16
Residual norm < 1.e-12
  0 KSP Residual norm 1.92789 
  1 KSP Residual norm 0.106815 
  2 KSP Residual norm 1.08381e-05 
  3 KSP Residual norm 4.03849e-08 
  4 KSP Residual norm 1.657e-11 
  5 KSP Residual norm < 1.e-11
  6 KSP Residual norm < 1.e-11
Number of iterations =   6
Residual norm < 1.e-12
Number of iterations =   1
Residual norm < 1.e-12
  0 KSP Residual norm 1.89168 
  1 KSP Residual norm 0.045407 
  2 KSP Residual norm 0.0123755 
  3 KSP Residual norm 0.000212114 
  4 KSP Residual norm 3.8226e-05 
  5 KSP Residual norm 1.12511e-06 
  6 KSP Residual norm 7.13535e-08 
  7 KSP Residual norm 1.59864e-09 
  8 KSP Residual norm 8.742e-11 
  9 KSP Residual norm < 1.e-11
 10 KSP Residual norm < 1.e-11
 11 KSP Residual norm < 1.e-11
 12 KSP Residual norm < 1.e-11
Number of iterations =  12
Residual norm < 1.e-12
  0 KSP Residual norm 2.96496 
  1 KSP Residual norm 0.781028 
  2 KSP Residual norm 0.0616128 
  3 KSP Residual norm 0.0415112 
  4 KSP Residual norm 0.00202965 
  5 KSP Residual norm 0.000206441 
  6 KSP Residual norm 2.29189e-05 
  7 KSP Residual norm 2.13916e-06 
  8 KSP Residual norm 3.87157e-07 
  9 KSP Residual norm 1.7816e-08 
 10 KSP Residual norm 4.933e-10 
 11 KSP Residual norm 1.289e-11 
 12 KSP Residual norm < 1.e-11
 13 KSP Residual norm < 1.e-11
 14 KSP Residual norm < 1.e-11
Number of iterations =  14
Residual norm < 1.e-12
  0 KSP Residual norm 1.93241 
  1 KSP Residual norm 0.159167 
  2 KSP Residual norm 8.95984e-06 
  3 KSP Residual norm 1.01845e-07 
  4 KSP Residual norm 6.350e-11 
  5 KSP Residual norm < 1.e-11
  6 KSP Residual norm < 1.e-11
Number of iterations =   6
Residual norm < 1.e-12
Number of iterations =   1
Residual norm < 1.e-12
