    0 KSP Residual norm 5.273437500000e-02 
        0 KSP Residual norm 2.132520158849e+00 
        1 KSP Residual norm 3.307332944817e-02 
        0 KSP Residual norm 2.952182109212e-02 
        1 KSP Residual norm 5.800695534297e-04 
      0 KSP Residual norm 1.777812797656e+00 
      1 KSP Residual norm 7.566510498097e-02 
        0 KSP Residual norm 3.111698189023e-02 
        1 KSP Residual norm 7.131808780420e-04 
        0 KSP Residual norm 6.451036708875e-04 
        1 KSP Residual norm 1.176656188797e-05 
      0 KSP Residual norm 4.808712079314e-02 
      1 KSP Residual norm 6.828046581873e-03 
    1 KSP Residual norm 4.893189011390e-05 
        0 KSP Residual norm 1.062788614672e+00 
        1 KSP Residual norm 3.501585559131e-02 
        0 KSP Residual norm 2.408347959423e-02 
        1 KSP Residual norm 2.488662414676e-04 
      0 KSP Residual norm 1.958428780622e+00 
      1 KSP Residual norm 4.019210045063e-01 
        0 KSP Residual norm 2.239516255476e-01 
        1 KSP Residual norm 2.813850807989e-03 
        0 KSP Residual norm 2.647962269168e-03 
        1 KSP Residual norm 6.692744671258e-05 
      0 KSP Residual norm 1.150604585417e-01 
      1 KSP Residual norm 2.132848544007e-02 
    2 KSP Residual norm 6.434836096484e-08 
