0 TS dt 0.2 time 0.
    0 SNES Function norm 1.9995 
      0 KSP Residual norm 0.102144 
      1 KSP Residual norm < 1.e-11
    1 SNES Function norm 1.48177 
      0 KSP Residual norm 0.318948 
      1 KSP Residual norm < 1.e-11
    2 SNES Function norm 0.409879 
      0 KSP Residual norm 0.738983 
      1 KSP Residual norm < 1.e-11
    3 SNES Function norm 0.372799 
      0 KSP Residual norm 0.346364 
      1 KSP Residual norm < 1.e-11
    4 SNES Function norm 0.308061 
      0 KSP Residual norm 0.249126 
      1 KSP Residual norm < 1.e-11
    5 SNES Function norm 0.185406 
      0 KSP Residual norm 0.110712 
      1 KSP Residual norm < 1.e-11
    6 SNES Function norm 0.0939073 
      0 KSP Residual norm 0.0274297 
      1 KSP Residual norm < 1.e-11
    7 SNES Function norm 0.0092827 
      0 KSP Residual norm 0.00338623 
      1 KSP Residual norm < 1.e-11
    8 SNES Function norm 0.000118741 
      0 KSP Residual norm 4.40992e-05 
      1 KSP Residual norm < 1.e-11
    9 SNES Function norm 1.93819e-08 
1 TS dt 0.2 time 0.2
    0 SNES Function norm 0.414556 
      0 KSP Residual norm 0.584289 
      1 KSP Residual norm < 1.e-11
    1 SNES Function norm 0.359453 
      0 KSP Residual norm 0.488538 
      1 KSP Residual norm < 1.e-11
    2 SNES Function norm 0.321863 
      0 KSP Residual norm 0.429399 
      1 KSP Residual norm < 1.e-11
    3 SNES Function norm 0.28831 
      0 KSP Residual norm 0.380426 
      1 KSP Residual norm < 1.e-11
    4 SNES Function norm 0.258281 
      0 KSP Residual norm 0.338526 
      1 KSP Residual norm < 1.e-11
    5 SNES Function norm 0.231378 
      0 KSP Residual norm 0.301919 
      1 KSP Residual norm < 1.e-11
    6 SNES Function norm 0.204414 
      0 KSP Residual norm 0.265914 
      1 KSP Residual norm < 1.e-11
    7 SNES Function norm 0.174859 
      0 KSP Residual norm 0.227237 
      1 KSP Residual norm < 1.e-11
    8 SNES Function norm 0.141547 
      0 KSP Residual norm 0.184684 
      1 KSP Residual norm < 1.e-11
    9 SNES Function norm 0.103101 
      0 KSP Residual norm 0.136824 
      1 KSP Residual norm < 1.e-11
   10 SNES Function norm 0.0601466 
      0 KSP Residual norm 0.0826558 
      1 KSP Residual norm < 1.e-11
   11 SNES Function norm 0.0403136 
      0 KSP Residual norm 0.00628436 
      1 KSP Residual norm < 1.e-11
   12 SNES Function norm 0.000974288 
      0 KSP Residual norm 0.00030799 
      1 KSP Residual norm < 1.e-11
   13 SNES Function norm 7.29019e-07 
      0 KSP Residual norm 2.7408e-07 
      1 KSP Residual norm < 1.e-11
   14 SNES Function norm < 1.e-11
2 TS dt 0.2 time 0.4
    0 SNES Function norm 0.269357 
      0 KSP Residual norm 0.413375 
      1 KSP Residual norm < 1.e-11
    1 SNES Function norm 0.23367 
      0 KSP Residual norm 0.152061 
      1 KSP Residual norm < 1.e-11
    2 SNES Function norm 0.0905827 
      0 KSP Residual norm 0.0467899 
      1 KSP Residual norm < 1.e-11
    3 SNES Function norm 0.00964658 
      0 KSP Residual norm 0.00293803 
      1 KSP Residual norm < 1.e-11
    4 SNES Function norm 3.59797e-05 
      0 KSP Residual norm 1.89411e-05 
      1 KSP Residual norm < 1.e-11
    5 SNES Function norm 3.60938e-09 
      0 KSP Residual norm 1.04624e-09 
      1 KSP Residual norm < 1.e-11
    6 SNES Function norm < 1.e-11
3 TS dt 0.2 time 0.6
    0 SNES Function norm 0.260457 
      0 KSP Residual norm 0.393735 
      1 KSP Residual norm < 1.e-11
    1 SNES Function norm 0.189077 
      0 KSP Residual norm 0.133777 
      1 KSP Residual norm < 1.e-11
    2 SNES Function norm 0.074911 
      0 KSP Residual norm 0.0340043 
      1 KSP Residual norm < 1.e-11
    3 SNES Function norm 0.00610707 
      0 KSP Residual norm 0.00211756 
      1 KSP Residual norm < 1.e-11
    4 SNES Function norm 2.46181e-05 
      0 KSP Residual norm 1.01425e-05 
      1 KSP Residual norm < 1.e-11
    5 SNES Function norm 1.26693e-09 
4 TS dt 0.2 time 0.8
    0 SNES Function norm 0.247804 
      0 KSP Residual norm 0.37458 
      1 KSP Residual norm < 1.e-11
    1 SNES Function norm 0.16515 
      0 KSP Residual norm 0.116349 
      1 KSP Residual norm < 1.e-11
    2 SNES Function norm 0.0580126 
      0 KSP Residual norm 0.0268787 
      1 KSP Residual norm < 1.e-11
    3 SNES Function norm 0.00316197 
      0 KSP Residual norm 0.00131935 
      1 KSP Residual norm < 1.e-11
    4 SNES Function norm 1.00941e-05 
      0 KSP Residual norm 3.58215e-06 
      1 KSP Residual norm < 1.e-11
    5 SNES Function norm 2.671e-10 
5 TS dt 0.2 time 1.
Steps 5  final time 1.
