  0  time        0  |x|   0.8527  
  1  time 0.008839  |x|   0.8407  
  2  time  0.01768  |x|   0.8296  
  3  time  0.02652  |x|   0.8189  
  4  time  0.03536  |x|   0.8081  
  5  time  0.04419  |x|    0.797  
  6  time  0.05303  |x|   0.7852  
  7  time  0.06187  |x|   0.7754  
  8  time  0.07071  |x|    0.774  
  9  time  0.07955  |x|   0.7717  
 10  time  0.08839  |x|   0.7683  
 11  time  0.09723  |x|   0.7637  
 12  time   0.1061  |x|   0.7582  
 13  time   0.1149  |x|   0.7515  
 14  time   0.1237  |x|   0.7439  
 15  time   0.1326  |x|   0.7353  
 16  time   0.1414  |x|   0.7301  
 17  time   0.1503  |x|   0.7289  
 18  time   0.1591  |x|   0.7265  
 19  time   0.1679  |x|    0.723  
 20  time   0.1768  |x|   0.7183  
 21  time   0.1856  |x|   0.7126  
 22  time   0.1945  |x|    0.706  
 23  time   0.2033  |x|   0.6984  
 24  time   0.2121  |x|    0.695  
 25  time    0.221  |x|   0.6929  
 26  time   0.2298  |x|   0.6898  
 27  time   0.2386  |x|   0.6857  
 28  time   0.2475  |x|   0.6807  
 29  time   0.2563  |x|   0.6748  
 30  time   0.2652  |x|   0.6681  
 31  time    0.274  |x|   0.6669  
 32  time   0.2828  |x|   0.6656  
 33  time   0.2917  |x|   0.6634  
 34  time   0.3005  |x|   0.6602  
 35  time   0.3094  |x|   0.6563  
 36  time   0.3182  |x|   0.6515  
 37  time    0.327  |x|   0.6459  
 38  time   0.3359  |x|   0.6396  
 39  time   0.3447  |x|   0.6325  
 40  time   0.3536  |x|   0.6248  
 41  time   0.3624  |x|   0.6174  
 42  time   0.3712  |x|   0.6133  
 43  time   0.3801  |x|   0.6086  
 44  time   0.3889  |x|   0.6031  
 45  time   0.3977  |x|   0.6017  
 46  time   0.4066  |x|   0.6007  
 47  time   0.4154  |x|   0.5989  
 48  time   0.4243  |x|   0.5964  
 49  time   0.4331  |x|   0.5932  
 50  time   0.4419  |x|   0.5893  
 51  time   0.4508  |x|   0.5848  
 52  time   0.4596  |x|   0.5796  
 53  time   0.4685  |x|   0.5739  
 54  time   0.4773  |x|   0.5676  
 55  time   0.4861  |x|   0.5607  
 56  time    0.495  |x|   0.5533  
 57  time   0.5038  |x|   0.5455  
 58  time   0.5127  |x|   0.5372  
 59  time   0.5215  |x|   0.5285  
 60  time   0.5303  |x|   0.5244  
 61  time   0.5392  |x|   0.5215  
 62  time    0.548  |x|   0.5181  
 63  time   0.5568  |x|   0.5142  
 64  time   0.5657  |x|   0.5099  
 65  time   0.5745  |x|   0.5088  
 66  time   0.5834  |x|   0.5081  
 67  time   0.5922  |x|   0.5069  
 68  time    0.601  |x|   0.5052  
 69  time   0.6099  |x|    0.503  
 70  time   0.6187  |x|   0.5003  
 71  time   0.6276  |x|   0.4971  
 72  time   0.6364  |x|   0.4935  
 73  time   0.6452  |x|   0.4895  
 74  time   0.6541  |x|   0.4851  
 75  time   0.6629  |x|   0.4809  
 76  time   0.6718  |x|   0.4774  
 77  time   0.6806  |x|   0.4736  
 78  time   0.6894  |x|   0.4733  
 79  time   0.6983  |x|   0.4726  
 80  time   0.7071  |x|   0.4715  
 81  time   0.7159  |x|   0.4699  
 82  time   0.7248  |x|   0.4678  
 83  time   0.7336  |x|   0.4654  
 84  time   0.7425  |x|   0.4625  
 85  time   0.7513  |x|   0.4593  
 86  time   0.7601  |x|   0.4556  
 87  time    0.769  |x|   0.4517  
 88  time   0.7778  |x|   0.4507  
 89  time   0.7867  |x|   0.4502  
 90  time   0.7955  |x|   0.4492  
 91  time   0.8043  |x|   0.4479  
 92  time   0.8132  |x|   0.4462  
 93  time    0.822  |x|   0.4442  
 94  time   0.8309  |x|   0.4418  
 95  time   0.8397  |x|    0.439  
 96  time   0.8485  |x|   0.4359  
 97  time   0.8574  |x|   0.4325  
 98  time   0.8662  |x|   0.4288  
 99  time    0.875  |x|   0.4248  
 100  time   0.8839  |x|   0.4216  
 101  time   0.8927  |x|   0.4205  
 102  time   0.9016  |x|   0.4191  
 103  time   0.9104  |x|   0.4173  
 104  time   0.9192  |x|   0.4152  
 105  time   0.9281  |x|   0.4129  
 106  time   0.9369  |x|   0.4102  
 107  time   0.9458  |x|   0.4098  
 108  time   0.9546  |x|   0.4093  
 109  time   0.9634  |x|   0.4086  
 110  time   0.9723  |x|   0.4075  
 111  time   0.9811  |x|   0.4061  
 112  time   0.9899  |x|   0.4044  
 113  time   0.9988  |x|   0.4025  
 114  time    1.008  |x|   0.4002  
 115  time    1.016  |x|   0.3977  
 116  time    1.025  |x|   0.3949  
 117  time    1.034  |x|   0.3919  
 118  time    1.043  |x|   0.3916  
 119  time    1.052  |x|   0.3911  
 120  time    1.061  |x|   0.3904  
 121  time    1.069  |x|   0.3894  
 122  time    1.078  |x|   0.3882  
 123  time    1.087  |x|   0.3867  
 124  time    1.096  |x|   0.3849  
 125  time    1.105  |x|    0.383  
 126  time    1.114  |x|   0.3808  
 127  time    1.123  |x|   0.3784  
 128  time    1.131  |x|   0.3757  
 129  time     1.14  |x|   0.3729  
 130  time    1.149  |x|   0.3698  
 131  time    1.158  |x|   0.3666  
 132  time    1.167  |x|   0.3631  
 133  time    1.176  |x|   0.3618  
 134  time    1.184  |x|   0.3606  
 135  time    1.193  |x|   0.3591  
 136  time    1.202  |x|   0.3575  
 137  time    1.211  |x|   0.3573  
 138  time     1.22  |x|    0.357  
 139  time    1.229  |x|   0.3564  
 140  time    1.237  |x|   0.3556  
 141  time    1.246  |x|   0.3546  
 142  time    1.255  |x|   0.3534  
 143  time    1.264  |x|   0.3519  
 144  time    1.273  |x|   0.3503  
 145  time    1.282  |x|   0.3484  
 146  time     1.29  |x|   0.3464  
 147  time    1.299  |x|   0.3441  
 148  time    1.308  |x|   0.3424  
 149  time    1.317  |x|   0.3411  
 150  time    1.326  |x|   0.3405  
 151  time    1.335  |x|   0.3402  
 152  time    1.344  |x|   0.3398  
 153  time    1.352  |x|   0.3392  
 154  time    1.361  |x|   0.3384  
 155  time     1.37  |x|   0.3374  
 156  time    1.379  |x|   0.3362  
 157  time    1.388  |x|   0.3348  
 158  time    1.397  |x|   0.3332  
 159  time    1.405  |x|   0.3315  
 160  time    1.414  |x|   0.3296  
 161  time    1.423  |x|   0.3275  
 162  time    1.432  |x|   0.3253  
 163  time    1.441  |x|   0.3229  
 164  time     1.45  |x|   0.3204  
 165  time    1.458  |x|   0.3201  
 166  time    1.467  |x|   0.3198  
 167  time    1.476  |x|   0.3194  
 168  time    1.485  |x|   0.3188  
 169  time    1.494  |x|    0.318  
 170  time    1.503  |x|    0.317  
 171  time    1.511  |x|   0.3159  
 172  time     1.52  |x|   0.3146  
 173  time    1.529  |x|   0.3132  
 174  time    1.538  |x|   0.3116  
 175  time    1.547  |x|     0.31  
 176  time    1.556  |x|   0.3094  
 177  time    1.564  |x|   0.3085  
 178  time    1.573  |x|   0.3076  
 179  time    1.582  |x|   0.3064  
 180  time    1.591  |x|   0.3052  
 181  time      1.6  |x|   0.3042  
 182  time    1.609  |x|   0.3038  
 183  time    1.618  |x|   0.3033  
 184  time    1.626  |x|   0.3027  
 185  time    1.635  |x|   0.3019  
 186  time    1.644  |x|    0.301  
 187  time    1.653  |x|   0.3005  
 188  time    1.662  |x|   0.3003  
 189  time    1.671  |x|      0.3  
 190  time    1.679  |x|   0.2995  
 191  time    1.688  |x|   0.2989  
 192  time    1.697  |x|   0.2982  
 193  time    1.706  |x|   0.2973  
 194  time    1.715  |x|   0.2963  
 195  time    1.724  |x|   0.2951  
 196  time    1.732  |x|   0.2938  
 197  time    1.741  |x|   0.2924  
 198  time     1.75  |x|   0.2909  
 199  time    1.759  |x|   0.2892  
 200  time    1.768  |x|    0.288  
 201  time    1.777  |x|   0.2872  
 202  time    1.785  |x|   0.2872  
 203  time    1.794  |x|   0.2869  
 204  time    1.803  |x|   0.2866  
 205  time    1.812  |x|   0.2861  
 206  time    1.821  |x|   0.2855  
 207  time     1.83  |x|   0.2847  
 208  time    1.838  |x|   0.2839  
 209  time    1.847  |x|   0.2829  
 210  time    1.856  |x|   0.2817  
 211  time    1.865  |x|   0.2805  
 212  time    1.874  |x|   0.2791  
 213  time    1.883  |x|   0.2776  
 214  time    1.892  |x|    0.276  
 215  time      1.9  |x|   0.2743  
 216  time    1.909  |x|   0.2725  
 217  time    1.918  |x|   0.2705  
 218  time    1.927  |x|   0.2687  
 219  time    1.936  |x|   0.2682  
 220  time    1.945  |x|   0.2676  
 221  time    1.953  |x|   0.2668  
 222  time    1.962  |x|   0.2659  
 223  time    1.971  |x|    0.265  
 224  time     1.98  |x|   0.2639  
 225  time    1.989  |x|   0.2626  
 226  time    1.998  |x|   0.2613  
 227  time    2.006  |x|   0.2599  
CONVERGED_TIME at time 2.00642 after 227 steps
