  0  time        0  |x|    7.155  
  1  time  0.03915  |x|    7.035  
  2  time   0.1105  |x|    6.802  
  3  time   0.1895  |x|    6.525  
  4  time   0.2751  |x|     6.21  
  5  time    0.366  |x|    5.862  
  6  time   0.4606  |x|    5.492  
  7  time   0.5569  |x|    5.113  
  8  time   0.6526  |x|    4.736  
  9  time   0.7492  |x|    4.361  
 10  time   0.8467  |x|     3.99  
 11  time   0.9462  |x|    3.622  
 12  time    1.051  |x|    3.248  
 13  time    1.166  |x|    2.853  
 14  time    1.293  |x|    2.444  
 15  time    1.431  |x|    2.024  
 16  time    1.581  |x|    1.915  
 17  time    1.741  |x|    1.939  
 18  time    1.908  |x|    1.956  
 19  time    2.075  |x|    1.969  
CONVERGED_TIME at time 2.07496 after 19 steps
