VecTagger Object: (refine_) 1 MPI process
  type: absolute
  Block size: 1
   absolute box=[  0.5,inf.  ]
VecTagger Object: (coarsen_) 1 MPI process
  type: absolute
  Block size: 1
   absolute box=[  0.,0.01  ]
PhysicsCreate_Euler set Euler type: iv_shock
  0  time        0  |x|    14.53       Density [         1,         3] int    4.27039        Energy [       2.5,  14.53237] int    11.0137
  1  time   0.0109  |x|    14.53       Density [         1,         3] int   4.314568        Energy [       2.5,  14.53334] int   11.32709
  2  time  0.02179  |x|    14.54       Density [         1,         3] int   4.358745        Energy [       2.5,  14.53528] int   11.64047
  3  time  0.03269  |x|    14.54       Density [         1,         3] int   4.402923        Energy [       2.5,  14.53833] int   11.95386
  4  time  0.04359  |x|    14.53       Density [         1,         3] int     4.4471        Energy [       2.5,  14.53237] int   12.26725
  5  time  0.05449  |x|    14.53       Density [         1,         3] int   4.491278        Energy [       2.5,  14.53237] int   12.58064
  6  time  0.06538  |x|    14.53       Density [         1,         3] int   4.535456        Energy [       2.5,  14.53237] int   12.89402
  7  time  0.07628  |x|    14.53       Density [         1,  3.000002] int   4.579633        Energy [       2.5,  14.53237] int   13.20741
  8  time  0.08718  |x|    14.53       Density [         1,  3.000008] int   4.623811        Energy [       2.5,  14.53237] int    13.5208
  9  time  0.09807  |x|    14.53       Density [         1,  3.000024] int   4.667989        Energy [       2.5,  14.53237] int   13.83418
 10  time    0.109  |x|    14.53       Density [         1,  3.000067] int   4.712167        Energy [       2.5,  14.53237] int   14.14757
 11  time   0.1199  |x|    14.53       Density [         1,  3.000189] int   4.756344        Energy [       2.5,  14.53237] int   14.46096
 12  time   0.1308  |x|    14.54       Density [  1.000001,  3.000527] int   4.800523        Energy [       2.5,   14.5404] int   14.77435
 13  time   0.1417  |x|    14.56       Density [  1.000001,  3.001352] int     4.8447        Energy [       2.5,  14.55982] int   15.08774
 14  time   0.1526  |x|    14.57       Density [  1.000002,  3.003123] int   4.888878        Energy [       2.5,  14.57314] int   15.40113
 15  time   0.1635  |x|    14.59       Density [  1.000004,  3.006915] int   4.933057        Energy [       2.5,   14.5863] int   15.71452
 16  time   0.1744  |x|    14.59       Density [  1.000007,  3.016685] int   4.977234        Energy [       2.5,  14.59239] int   16.02791
 17  time   0.1853  |x|     14.6       Density [  1.000012,  3.064361] int   5.021412        Energy [       2.5,  14.60359] int   16.34129
 18  time   0.1961  |x|    14.61       Density [   1.00002,  3.301828] int    5.06559        Energy [       2.5,  14.60829] int   16.65469
 19  time    0.207  |x|    14.62       Density [  1.000029,  3.826729] int   5.109769        Energy [       2.5,  14.61892] int   16.96808
 20  time   0.2179  |x|    14.62       Density [  1.000043,  4.232344] int   5.153946        Energy [       2.5,  14.62241] int   17.28146
 21  time   0.2288  |x|    14.63       Density [  1.000064,  4.831494] int   5.198124        Energy [       2.5,  14.63091] int   17.59486
 22  time   0.2397  |x|    15.37       Density [  1.000094,  5.333088] int   5.242302        Energy [       2.5,  15.36564] int   17.90824
 23  time   0.2506  |x|     16.1       Density [   1.00014,  5.745357] int   5.286479        Energy [       2.5,  16.09537] int   18.22163
 24  time   0.2615  |x|    16.64       Density [  1.000211,  6.104925] int   5.330658        Energy [       2.5,   16.6423] int   18.53502
 25  time   0.2724  |x|     17.1       Density [  1.000322,  6.418691] int   5.374839        Energy [       2.5,   17.0986] int   18.84842
 26  time   0.2833  |x|    17.48       Density [   1.00049,  6.708512] int   5.419016        Energy [       2.5,  17.48134] int    19.1618
 27  time   0.2942  |x|    17.82       Density [  1.000747,  6.968005] int   5.463193        Energy [       2.5,  17.81597] int   19.47519
 28  time   0.3051  |x|    18.12       Density [  1.001157,  7.207842] int   5.507372        Energy [       2.5,   18.1185] int   19.78857
 29  time    0.316  |x|     18.4       Density [  1.001741,  7.433855] int    5.55155        Energy [       2.5,  18.39909] int   20.10196
 30  time   0.3269  |x|    18.67       Density [  1.002573,  7.649363] int   5.595728        Energy [       2.5,  18.67175] int   20.41535
 31  time   0.3378  |x|    18.93       Density [  1.003963,  7.845387] int   5.639908        Energy [  2.500001,  18.92902] int   20.72874
 32  time   0.3487  |x|    19.17       Density [  1.006524,  8.020984] int   5.684085        Energy [  2.500001,  19.16706] int   21.04213
 33  time   0.3596  |x|    19.39       Density [  1.011076,  8.184492] int   5.728262        Energy [  2.500001,   19.3855] int   21.35552
 34  time   0.3705  |x|    19.59       Density [  1.019343,   8.33076] int    5.77244        Energy [  2.500002,  19.59226] int    21.6689
 35  time   0.3814  |x|    19.78       Density [  1.035333,  8.464896] int   5.816618        Energy [  2.500002,  19.78003] int   21.98229
 36  time   0.3923  |x|    19.95       Density [   1.08115,   8.58635] int   5.860796        Energy [  2.500003,  19.95495] int   22.29568
 37  time   0.4032  |x|    20.12       Density [  1.205791,  8.699499] int   5.904974        Energy [  2.500004,  20.11533] int   22.60906
 38  time   0.4141  |x|    20.29       Density [   1.45509,  8.801011] int   5.949152        Energy [  2.500005,  20.28664] int   22.92245
 39  time    0.425  |x|    20.44       Density [  1.806314,  8.893649] int    5.99333        Energy [  2.500006,  20.44127] int   23.23584
 40  time   0.4359  |x|    20.58       Density [  2.182612,  8.977421] int   6.037507        Energy [  2.500008,   20.5844] int   23.54923
 41  time   0.4468  |x|    20.72       Density [  2.518563,  9.055758] int   6.081685        Energy [  2.500011,  20.71508] int   23.86261
 42  time   0.4577  |x|    20.84       Density [  2.604091,  9.133686] int   6.125864        Energy [  2.500014,  20.83866] int     24.176
 43  time   0.4686  |x|    20.95       Density [  2.604919,  9.202759] int   6.170041        Energy [  2.500019,  20.95059] int   24.48938
 44  time   0.4795  |x|    21.07       Density [   2.60588,  9.265996] int   6.214219        Energy [  2.500025,  21.07212] int   24.80277
 45  time   0.4904  |x|    21.21       Density [  2.606325,  9.322801] int   6.258397        Energy [  2.500033,  21.20571] int   25.11616
 46  time   0.5013  |x|    21.33       Density [  2.606997,  9.377228] int   6.302575        Energy [  2.500034,  21.32504] int   25.42955
CONVERGED_TIME at time 0.501271 after 46 steps
