  0  time        0  |x|   0.8708         Error [         0,         0] int          0
  1  time  0.07526  |x|   0.7882         Error [         0,0.09434159] int 0.05288794
  2  time   0.1505  |x|   0.7343         Error [         0, 0.2131413] int 0.09120994
  3  time   0.2258  |x|   0.6957         Error [         0, 0.2529671] int  0.1178105
  4  time    0.301  |x|   0.6728         Error [         0, 0.2209969] int  0.1510195
  5  time   0.3763  |x|   0.6484         Error [         0, 0.3418217] int  0.1742279
  6  time   0.4516  |x|   0.6259         Error [         0, 0.2836391] int  0.2025824
  7  time   0.5268  |x|   0.6001         Error [         0, 0.2995109] int  0.2355702
  8  time   0.6021  |x|   0.5671         Error [4.018435e-45, 0.4150825] int  0.2669753
  9  time   0.6774  |x|   0.5406         Error [1.972482e-39, 0.3607147] int  0.2858846
 10  time   0.7526  |x|   0.5171         Error [6.083192e-36,  0.448034] int  0.3098002
 11  time   0.8279  |x|    0.506         Error [3.572914e-33, 0.4455137] int  0.3356554
 12  time   0.9031  |x|   0.4947         Error [3.404038e-31, 0.4161921] int  0.3553281
 13  time   0.9784  |x|   0.4851         Error [2.737647e-29, 0.3831727] int  0.3701208
 14  time    1.054  |x|   0.4746         Error [1.595143e-27, 0.4870963] int   0.386669
 15  time    1.129  |x|   0.4618         Error [4.855084e-26, 0.4884613] int  0.4033437
 16  time    1.204  |x|   0.4501         Error [8.826408e-25, 0.4241629] int  0.4207896
 17  time    1.279  |x|   0.4399         Error [1.013076e-23, 0.4846543] int  0.4351298
 18  time    1.355  |x|   0.4309         Error [8.357122e-23, 0.5166439] int  0.4563886
 19  time     1.43  |x|   0.4192         Error [5.938047e-22, 0.4947022] int  0.4741966
 20  time    1.505  |x|    0.412         Error [3.987736e-21, 0.4909573] int  0.4931484
 21  time    1.581  |x|   0.4017         Error [2.328432e-20, 0.5286506] int  0.5038741
 22  time    1.656  |x|   0.3916         Error [1.188744e-19,  0.518947] int  0.5228681
 23  time    1.731  |x|   0.3824         Error [5.375705e-19, 0.5598767] int  0.5402542
 24  time    1.806  |x|   0.3774         Error [2.397704e-18, 0.5997036] int  0.5577958
 25  time    1.882  |x|   0.3712         Error [1.010082e-17, 0.5943566] int  0.5687406
 26  time    1.957  |x|   0.3641         Error [3.837194e-17, 0.5663827] int  0.5766598
 27  time    2.032  |x|   0.3569         Error [1.311105e-16, 0.5534062] int  0.5847664
CONVERGED_TIME at time 2.03208 after 27 steps
