  0  time        0  |x|     3.75  
  1  time  0.05625  |x|    3.582  
  2  time   0.1125  |x|    3.419  
  3  time   0.1688  |x|     3.26  
  4  time    0.225  |x|    3.104  
  5  time   0.2812  |x|     2.95  
  6  time   0.3375  |x|    2.795  
  7  time   0.3938  |x|    2.637  
  8  time     0.45  |x|    2.475  
  9  time   0.5063  |x|    2.308  
 10  time   0.5625  |x|    2.133  
 11  time   0.6188  |x|     1.95  
 12  time    0.675  |x|     1.76  
 13  time   0.7313  |x|    1.566  
 14  time   0.7875  |x|    1.372  
 15  time   0.8438  |x|    1.183  
 16  time      0.9  |x|    1.003  
 17  time   0.9563  |x|   0.8375  
 18  time    1.013  |x|   0.6885  
 19  time    1.069  |x|   0.5577  
 20  time    1.125  |x|   0.4456  
 21  time    1.181  |x|   0.3514  
 22  time    1.237  |x|   0.2737  
 23  time    1.294  |x|   0.2109  
 24  time     1.35  |x|   0.1607  
 25  time    1.406  |x|   0.1213  
 26  time    1.462  |x|  0.09078  
 27  time    1.519  |x|  0.06736  
 28  time    1.575  |x|   0.0496  
 29  time    1.631  |x|  0.03627  
 30  time    1.687  |x|  0.02635  
 31  time    1.744  |x|  0.01903  
 32  time      1.8  |x|  0.01366  
 33  time    1.856  |x|  0.00976  
 34  time    1.912  |x| 0.006939  
 35  time    1.969  |x| 0.004912  
 36  time    2.025  |x| 0.003462  
CONVERGED_TIME at time 2.025 after 36 steps
