PhysicsCreate_Euler set Euler type: linear_wave
  0  time        0  |x| 2.533e+05       Density [      1000,      1000] int   25131.84        Energy [  253312.5,  253312.5] int    6366209
  1  time  0.02633  |x| 2.533e+05       Density [      1000,      1000] int   25131.84        Energy [  253312.5,  253312.5] int    6366209
  2  time  0.05266  |x| 2.533e+05       Density [      1000,      1000] int   25131.84        Energy [  253312.5,  253312.5] int    6366209
  3  time  0.07899  |x| 2.533e+05       Density [      1000,      1000] int   25131.84        Energy [  253312.5,  253312.5] int    6366209
  4  time   0.1053  |x| 2.533e+05       Density [      1000,      1000] int   25131.84        Energy [  253312.5,  253312.5] int    6366209
  5  time   0.1316  |x| 2.533e+05       Density [      1000,      1000] int   25131.84        Energy [  253312.5,  253312.5] int    6366209
  6  time    0.158  |x| 2.533e+05       Density [      1000,      1000] int   25131.84        Energy [  253312.5,  253312.5] int    6366209
  7  time   0.1843  |x| 2.533e+05       Density [      1000,      1000] int   25131.84        Energy [  253312.5,  253312.5] int    6366209
  8  time   0.2106  |x| 2.533e+05       Density [      1000,      1000] int   25131.84        Energy [  253312.5,  253312.5] int    6366209
  9  time    0.237  |x| 2.533e+05       Density [      1000,      1000] int   25131.84        Energy [  253312.5,  253312.5] int    6366209
 10  time   0.2633  |x| 2.533e+05       Density [      1000,      1000] int   25131.84        Energy [  253312.5,  253312.5] int    6366209
 11  time   0.2896  |x| 2.533e+05       Density [      1000,      1000] int   25131.84        Energy [  253312.5,  253312.5] int    6366209
 12  time    0.316  |x| 2.533e+05       Density [      1000,      1000] int   25131.84        Energy [  253312.5,  253312.5] int    6366209
 13  time   0.3423  |x| 2.533e+05       Density [      1000,      1000] int   25131.84        Energy [  253312.5,  253312.5] int    6366209
 14  time   0.3686  |x| 2.533e+05       Density [      1000,      1000] int   25131.84        Energy [  253312.5,  253312.5] int    6366209
 15  time   0.3949  |x| 2.533e+05       Density [      1000,      1000] int   25131.84        Energy [  253312.5,  253312.5] int    6366209
 16  time   0.4213  |x| 2.533e+05       Density [      1000,      1000] int   25131.84        Energy [  253312.5,  253312.5] int    6366209
 17  time   0.4476  |x| 2.533e+05       Density [      1000,      1000] int   25131.84        Energy [  253312.5,  253312.5] int    6366209
 18  time   0.4739  |x| 2.533e+05       Density [      1000,      1000] int   25131.84        Energy [  253312.5,  253312.5] int    6366209
 19  time   0.5003  |x| 2.533e+05       Density [      1000,      1000] int   25131.84        Energy [  253312.5,  253312.5] int    6366209
 20  time   0.5266  |x| 2.533e+05       Density [      1000,      1000] int   25131.84        Energy [  253312.5,  253312.5] int    6366209
 21  time   0.5529  |x| 2.533e+05       Density [      1000,      1000] int   25131.84        Energy [  253312.5,  253312.5] int    6366209
 22  time   0.5793  |x| 2.533e+05       Density [      1000,      1000] int   25131.84        Energy [  253312.5,  253312.5] int    6366209
 23  time   0.6056  |x| 2.533e+05       Density [      1000,      1000] int   25131.84        Energy [  253312.5,  253312.5] int    6366209
 24  time   0.6319  |x| 2.533e+05       Density [      1000,      1000] int   25131.84        Energy [  253312.5,  253312.5] int    6366209
 25  time   0.6582  |x| 2.533e+05       Density [      1000,      1000] int   25131.84        Energy [  253312.5,  253312.5] int    6366209
 26  time   0.6846  |x| 2.533e+05       Density [      1000,      1000] int   25131.84        Energy [  253312.5,  253312.5] int    6366209
 27  time   0.7109  |x| 2.533e+05       Density [      1000,      1000] int   25131.84        Energy [  253312.5,  253312.5] int    6366209
 28  time   0.7372  |x| 2.533e+05       Density [      1000,      1000] int   25131.84        Energy [  253312.5,  253312.5] int    6366209
 29  time   0.7636  |x| 2.533e+05       Density [      1000,      1000] int   25131.84        Energy [  253312.5,  253312.5] int    6366209
 30  time   0.7899  |x| 2.533e+05       Density [      1000,      1000] int   25131.84        Energy [  253312.5,  253312.5] int    6366209
 31  time   0.8162  |x| 2.533e+05       Density [      1000,      1000] int   25131.84        Energy [  253312.5,  253312.5] int    6366209
 32  time   0.8425  |x| 2.533e+05       Density [      1000,      1000] int   25131.84        Energy [  253312.5,  253312.5] int    6366209
 33  time   0.8689  |x| 2.533e+05       Density [      1000,      1000] int   25131.84        Energy [  253312.5,  253312.5] int    6366209
 34  time   0.8952  |x| 2.533e+05       Density [      1000,      1000] int   25131.84        Energy [  253312.5,  253312.5] int    6366209
 35  time   0.9215  |x| 2.533e+05       Density [      1000,      1000] int   25131.84        Energy [  253312.5,  253312.5] int    6366209
 36  time   0.9479  |x| 2.533e+05       Density [      1000,      1000] int   25131.84        Energy [  253312.5,  253312.5] int    6366209
 37  time   0.9742  |x| 2.533e+05       Density [      1000,      1000] int   25131.84        Energy [  253312.5,  253312.5] int    6366209
 38  time    1.001  |x| 2.533e+05       Density [      1000,      1000] int   25131.84        Energy [  253312.5,  253312.5] int    6366209
CONVERGED_TIME at time 1.00052 after 38 steps
