timestep 0 time 0. norm 2.75974
0 TS dt 0.1 time 0.
    0 SNES Function norm 1056.41 
      0 KSP Residual norm 15.667 
      1 KSP Residual norm 1.41074 
      2 KSP Residual norm 0.165541 
      3 KSP Residual norm 0.0191917 
      4 KSP Residual norm 0.00263092 
      5 KSP Residual norm 0.00027903 
      6 KSP Residual norm 2.34527e-05 
    1 SNES Function norm 0.00132841 
      0 KSP Residual norm 2.34468e-05 
      1 KSP Residual norm 2.47128e-06 
      2 KSP Residual norm 2.2468e-07 
      3 KSP Residual norm 2.8568e-08 
      4 KSP Residual norm 3.60326e-09 
      5 KSP Residual norm 4.308e-10 
      6 KSP Residual norm 4.432e-11 
    2 SNES Function norm 2.24639e-09 
timestep 1 time 0.1 norm 16.0687
1 TS dt 0.1 time 0.1
    0 SNES Function norm 160.828 
      0 KSP Residual norm 8.26477 
      1 KSP Residual norm 1.23633 
      2 KSP Residual norm 0.191986 
      3 KSP Residual norm 0.021361 
      4 KSP Residual norm 0.00218666 
      5 KSP Residual norm 0.000228993 
      6 KSP Residual norm 1.30476e-05 
    1 SNES Function norm 0.000551541 
      0 KSP Residual norm 1.30483e-05 
      1 KSP Residual norm 1.56027e-06 
      2 KSP Residual norm 1.52444e-07 
      3 KSP Residual norm 2.04698e-08 
      4 KSP Residual norm 2.33313e-09 
      5 KSP Residual norm 2.525e-10 
      6 KSP Residual norm 2.469e-11 
    2 SNES Function norm 8.941e-10 
timestep 2 time 0.2 norm 11.1557
2 TS dt 0.1 time 0.2
    0 SNES Function norm 82.9647 
      0 KSP Residual norm 7.58107 
      1 KSP Residual norm 0.857973 
      2 KSP Residual norm 0.0778487 
      3 KSP Residual norm 0.00873938 
      4 KSP Residual norm 0.000857552 
      5 KSP Residual norm 5.58329e-05 
    1 SNES Function norm 0.00168711 
      0 KSP Residual norm 5.58311e-05 
      1 KSP Residual norm 5.41178e-06 
      2 KSP Residual norm 5.34125e-07 
      3 KSP Residual norm 7.14579e-08 
      4 KSP Residual norm 7.90607e-09 
      5 KSP Residual norm 9.183e-10 
      6 KSP Residual norm 9.974e-11 
    2 SNES Function norm 2.33139e-09 
timestep 3 time 0.3 norm 6.07924
3 TS dt 0.1 time 0.3
    0 SNES Function norm 73.6801 
      0 KSP Residual norm 4.82492 
      1 KSP Residual norm 0.717919 
      2 KSP Residual norm 0.0577655 
      3 KSP Residual norm 0.00386097 
      4 KSP Residual norm 0.000274858 
      5 KSP Residual norm 2.25813e-05 
    1 SNES Function norm 0.000717413 
      0 KSP Residual norm 2.25809e-05 
      1 KSP Residual norm 3.49401e-06 
      2 KSP Residual norm 4.59787e-07 
      3 KSP Residual norm 4.19734e-08 
      4 KSP Residual norm 5.44813e-09 
      5 KSP Residual norm 5.561e-10 
      6 KSP Residual norm 4.943e-11 
    2 SNES Function norm 1.54853e-09 
timestep 4 time 0.4 norm 4.33464
4 TS dt 0.1 time 0.4
    0 SNES Function norm 46.5947 
      0 KSP Residual norm 2.65982 
      1 KSP Residual norm 0.542793 
      2 KSP Residual norm 0.0554416 
      3 KSP Residual norm 0.00456741 
      4 KSP Residual norm 0.000490044 
      5 KSP Residual norm 4.54697e-05 
      6 KSP Residual norm 1.98807e-06 
    1 SNES Function norm 7.33245e-05 
      0 KSP Residual norm 1.98783e-06 
      1 KSP Residual norm 5.51268e-07 
      2 KSP Residual norm 6.52947e-08 
      3 KSP Residual norm 5.2919e-09 
      4 KSP Residual norm 3.624e-10 
      5 KSP Residual norm 2.970e-11 
      6 KSP Residual norm < 1.e-11
    2 SNES Function norm 6.551e-11 
timestep 5 time 0.5 norm 3.95738
5 TS dt 0.1 time 0.5
    0 SNES Function norm 24.1685 
      0 KSP Residual norm 1.97906 
      1 KSP Residual norm 0.247985 
      2 KSP Residual norm 0.0238603 
      3 KSP Residual norm 0.00502546 
      4 KSP Residual norm 0.000417041 
      5 KSP Residual norm 2.26885e-05 
      6 KSP Residual norm 1.33926e-06 
    1 SNES Function norm 3.83747e-05 
      0 KSP Residual norm 1.33924e-06 
      1 KSP Residual norm 3.87842e-07 
      2 KSP Residual norm 4.67698e-08 
      3 KSP Residual norm 3.8576e-09 
      4 KSP Residual norm 3.674e-10 
      5 KSP Residual norm 4.080e-11 
      6 KSP Residual norm < 1.e-11
    2 SNES Function norm 9.060e-11 
timestep 6 time 0.6 norm 2.99849
6 TS dt 0.1 time 0.6
    0 SNES Function norm 15.6206 
      0 KSP Residual norm 1.90408 
      1 KSP Residual norm 0.0684077 
      2 KSP Residual norm 0.0133162 
      3 KSP Residual norm 0.00150032 
      4 KSP Residual norm 0.000199081 
      5 KSP Residual norm 1.07711e-05 
    1 SNES Function norm 0.000333728 
      0 KSP Residual norm 1.0771e-05 
      1 KSP Residual norm 1.08492e-06 
      2 KSP Residual norm 1.01315e-07 
      3 KSP Residual norm 9.87102e-09 
      4 KSP Residual norm 7.224e-10 
      5 KSP Residual norm 8.915e-11 
    2 SNES Function norm 2.16202e-09 
timestep 7 time 0.7 norm 1.5749
7 TS dt 0.1 time 0.7
    0 SNES Function norm 16.9952 
      0 KSP Residual norm 1.51103 
      1 KSP Residual norm 0.0886731 
      2 KSP Residual norm 0.00916945 
      3 KSP Residual norm 0.00064134 
      4 KSP Residual norm 4.36092e-05 
      5 KSP Residual norm 4.20707e-06 
    1 SNES Function norm 0.00011268 
      0 KSP Residual norm 4.20706e-06 
      1 KSP Residual norm 4.92275e-07 
      2 KSP Residual norm 5.49855e-08 
      3 KSP Residual norm 4.37163e-09 
      4 KSP Residual norm 6.233e-10 
      5 KSP Residual norm 7.508e-11 
      6 KSP Residual norm < 1.e-11
    2 SNES Function norm 2.110e-10 
timestep 8 time 0.8 norm 0.898251
8 TS dt 0.1 time 0.8
    0 SNES Function norm 16.034 
      0 KSP Residual norm 0.823829 
      1 KSP Residual norm 0.243471 
      2 KSP Residual norm 0.00893069 
      3 KSP Residual norm 0.00126953 
      4 KSP Residual norm 6.7615e-05 
      5 KSP Residual norm 4.44686e-06 
    1 SNES Function norm 0.000119842 
      0 KSP Residual norm 4.44689e-06 
      1 KSP Residual norm 1.41281e-06 
      2 KSP Residual norm 2.1895e-07 
      3 KSP Residual norm 1.08162e-08 
      4 KSP Residual norm 5.355e-10 
      5 KSP Residual norm 6.534e-11 
      6 KSP Residual norm < 1.e-11
    2 SNES Function norm 1.548e-10 
timestep 9 time 0.9 norm 1.60634
9 TS dt 0.1 time 0.9
    0 SNES Function norm 11.4354 
      0 KSP Residual norm 0.244544 
      1 KSP Residual norm 0.220533 
      2 KSP Residual norm 0.00928335 
      3 KSP Residual norm 0.000776959 
      4 KSP Residual norm 8.12232e-05 
      5 KSP Residual norm 2.96387e-06 
      6 KSP Residual norm 2.48654e-07 
    1 SNES Function norm 7.4905e-06 
      0 KSP Residual norm 2.48702e-07 
      1 KSP Residual norm 2.6142e-08 
      2 KSP Residual norm 3.12259e-09 
      3 KSP Residual norm 3.021e-10 
      4 KSP Residual norm 3.404e-11 
      5 KSP Residual norm < 1.e-11
      6 KSP Residual norm < 1.e-11
    2 SNES Function norm 1.685e-11 
timestep 10 time 1. norm 2.09681
10 TS dt 0.1 time 1.
    0 SNES Function norm 6.14703 
      0 KSP Residual norm 0.520843 
      1 KSP Residual norm 0.13708 
      2 KSP Residual norm 0.00586122 
      3 KSP Residual norm 0.000560899 
      4 KSP Residual norm 6.48754e-05 
      5 KSP Residual norm 3.29715e-06 
    1 SNES Function norm 0.000109863 
      0 KSP Residual norm 3.29716e-06 
      1 KSP Residual norm 8.333e-07 
      2 KSP Residual norm 9.99416e-08 
      3 KSP Residual norm 8.97033e-09 
      4 KSP Residual norm 7.457e-10 
      5 KSP Residual norm 7.727e-11 
      6 KSP Residual norm < 1.e-11
    2 SNES Function norm 2.019e-10 
timestep 11 time 1.1 norm 2.1612
11 TS dt 0.1 time 1.1
    0 SNES Function norm 3.27639 
      0 KSP Residual norm 0.798162 
      1 KSP Residual norm 0.109013 
      2 KSP Residual norm 0.00325815 
      3 KSP Residual norm 0.000371119 
      4 KSP Residual norm 2.7846e-05 
      5 KSP Residual norm 2.18116e-06 
    1 SNES Function norm 7.08533e-05 
      0 KSP Residual norm 2.18116e-06 
      1 KSP Residual norm 9.05105e-07 
      2 KSP Residual norm 8.49189e-08 
      3 KSP Residual norm 6.09889e-09 
      4 KSP Residual norm 4.659e-10 
      5 KSP Residual norm 7.006e-11 
      6 KSP Residual norm < 1.e-11
    2 SNES Function norm 1.992e-10 
timestep 12 time 1.2 norm 1.89395
12 TS dt 0.1 time 1.2
    0 SNES Function norm 4.09604 
      0 KSP Residual norm 0.894496 
      1 KSP Residual norm 0.064277 
      2 KSP Residual norm 0.00219691 
      3 KSP Residual norm 0.000164597 
      4 KSP Residual norm 1.4846e-05 
      5 KSP Residual norm 1.13993e-06 
    1 SNES Function norm 3.03076e-05 
      0 KSP Residual norm 1.1399e-06 
      1 KSP Residual norm 6.37569e-07 
      2 KSP Residual norm 3.71465e-08 
      3 KSP Residual norm 2.15049e-09 
      4 KSP Residual norm 2.478e-10 
      5 KSP Residual norm 3.632e-11 
      6 KSP Residual norm < 1.e-11
    2 SNES Function norm 8.483e-11 
timestep 13 time 1.3 norm 1.403
13 TS dt 0.1 time 1.3
    0 SNES Function norm 5.6159 
      0 KSP Residual norm 0.845274 
      1 KSP Residual norm 0.0257935 
      2 KSP Residual norm 0.00193542 
      3 KSP Residual norm 0.000136785 
      4 KSP Residual norm 1.13047e-05 
      5 KSP Residual norm 1.02692e-06 
    1 SNES Function norm 2.86834e-05 
      0 KSP Residual norm 1.02691e-06 
      1 KSP Residual norm 6.0054e-07 
      2 KSP Residual norm 4.23713e-08 
      3 KSP Residual norm 2.31678e-09 
      4 KSP Residual norm 1.690e-10 
      5 KSP Residual norm 2.973e-11 
      6 KSP Residual norm < 1.e-11
    2 SNES Function norm 6.013e-11 
timestep 14 time 1.4 norm 0.808289
14 TS dt 0.1 time 1.4
    0 SNES Function norm 6.60017 
      0 KSP Residual norm 0.681628 
      1 KSP Residual norm 0.0079164 
      2 KSP Residual norm 0.000610786 
      3 KSP Residual norm 5.68442e-05 
      4 KSP Residual norm 9.4446e-06 
      5 KSP Residual norm 6.45613e-07 
    1 SNES Function norm 2.35348e-05 
      0 KSP Residual norm 6.45636e-07 
      1 KSP Residual norm 3.88879e-07 
      2 KSP Residual norm 2.42975e-08 
      3 KSP Residual norm 1.98689e-09 
      4 KSP Residual norm 1.186e-10 
      5 KSP Residual norm 1.095e-11 
      6 KSP Residual norm < 1.e-11
    2 SNES Function norm 2.965e-11 
timestep 15 time 1.5 norm 0.360248
15 TS dt 0.1 time 1.5
    0 SNES Function norm 6.6588 
      0 KSP Residual norm 0.440028 
      1 KSP Residual norm 0.0236412 
      2 KSP Residual norm 0.000849071 
      3 KSP Residual norm 6.62028e-05 
      4 KSP Residual norm 7.06331e-06 
      5 KSP Residual norm 5.0766e-07 
    1 SNES Function norm 1.57763e-05 
      0 KSP Residual norm 5.07645e-07 
      1 KSP Residual norm 9.83419e-08 
      2 KSP Residual norm 1.22556e-08 
      3 KSP Residual norm 1.53961e-09 
      4 KSP Residual norm 1.105e-10 
      5 KSP Residual norm 1.686e-11 
      6 KSP Residual norm < 1.e-11
    2 SNES Function norm 4.920e-11 
timestep 16 time 1.6 norm 0.585332
16 TS dt 0.1 time 1.6
    0 SNES Function norm 5.71597 
      0 KSP Residual norm 0.176464 
      1 KSP Residual norm 0.171276 
      2 KSP Residual norm 0.00122192 
      3 KSP Residual norm 4.91025e-05 
      4 KSP Residual norm 4.96601e-06 
      5 KSP Residual norm 5.16905e-07 
    1 SNES Function norm 1.53202e-05 
      0 KSP Residual norm 5.16906e-07 
      1 KSP Residual norm 3.00158e-07 
      2 KSP Residual norm 1.62769e-08 
      3 KSP Residual norm 9.958e-10 
      4 KSP Residual norm 1.479e-10 
      5 KSP Residual norm 1.845e-11 
      6 KSP Residual norm < 1.e-11
    2 SNES Function norm 4.762e-11 
timestep 17 time 1.7 norm 0.919193
17 TS dt 0.1 time 1.7
    0 SNES Function norm 4.03277 
      0 KSP Residual norm 0.131305 
      1 KSP Residual norm 0.0606662 
      2 KSP Residual norm 0.00149235 
      3 KSP Residual norm 7.2683e-05 
      4 KSP Residual norm 7.48201e-06 
      5 KSP Residual norm 7.18367e-07 
    1 SNES Function norm 1.59347e-05 
      0 KSP Residual norm 7.18362e-07 
      1 KSP Residual norm 2.20609e-07 
      2 KSP Residual norm 1.25643e-08 
      3 KSP Residual norm 8.043e-10 
      4 KSP Residual norm 1.589e-10 
      5 KSP Residual norm < 1.e-11
      6 KSP Residual norm < 1.e-11
    2 SNES Function norm 3.002e-11 
timestep 18 time 1.8 norm 1.08072
18 TS dt 0.1 time 1.8
    0 SNES Function norm 2.10101 
      0 KSP Residual norm 0.310832 
      1 KSP Residual norm 0.0432429 
      2 KSP Residual norm 0.00144053 
      3 KSP Residual norm 7.15535e-05 
      4 KSP Residual norm 7.53176e-06 
      5 KSP Residual norm 7.07937e-07 
    1 SNES Function norm 1.55751e-05 
      0 KSP Residual norm 7.07941e-07 
      1 KSP Residual norm 1.0407e-07 
      2 KSP Residual norm 1.11959e-08 
      3 KSP Residual norm 7.495e-10 
      4 KSP Residual norm 1.351e-10 
      5 KSP Residual norm 1.269e-11 
      6 KSP Residual norm < 1.e-11
    2 SNES Function norm 3.100e-11 
timestep 19 time 1.9 norm 1.05053
19 TS dt 0.1 time 1.9
    0 SNES Function norm 1.08761 
      0 KSP Residual norm 0.422637 
      1 KSP Residual norm 0.0300962 
      2 KSP Residual norm 0.00116624 
      3 KSP Residual norm 5.52253e-05 
      4 KSP Residual norm 6.06213e-06 
      5 KSP Residual norm 5.42352e-07 
    1 SNES Function norm 1.26652e-05 
      0 KSP Residual norm 5.42361e-07 
      1 KSP Residual norm 7.225e-08 
      2 KSP Residual norm 9.19857e-09 
      3 KSP Residual norm 6.357e-10 
      4 KSP Residual norm 1.089e-10 
      5 KSP Residual norm 1.470e-11 
      6 KSP Residual norm < 1.e-11
    2 SNES Function norm 3.594e-11 
timestep 20 time 2. norm 0.862208
20 TS dt 0.1 time 2.
    0 SNES Function norm 2.12483 
      0 KSP Residual norm 0.448989 
      1 KSP Residual norm 0.0168712 
      2 KSP Residual norm 0.000780839 
      3 KSP Residual norm 3.56421e-05 
      4 KSP Residual norm 3.95807e-06 
    1 SNES Function norm 0.000109377 
      0 KSP Residual norm 3.95809e-06 
      1 KSP Residual norm 1.22984e-06 
      2 KSP Residual norm 1.29344e-07 
      3 KSP Residual norm 4.82106e-09 
      4 KSP Residual norm 8.722e-10 
      5 KSP Residual norm 1.299e-10 
      6 KSP Residual norm < 1.e-11
    2 SNES Function norm 2.874e-10 
timestep 21 time 2.1 norm 0.575531
21 TS dt 0.1 time 2.1
    0 SNES Function norm 3.07426 
      0 KSP Residual norm 0.398796 
      1 KSP Residual norm 0.00534445 
      2 KSP Residual norm 0.000351056 
      3 KSP Residual norm 1.934e-05 
      4 KSP Residual norm 1.9693e-06 
    1 SNES Function norm 5.33754e-05 
      0 KSP Residual norm 1.96929e-06 
      1 KSP Residual norm 2.69611e-07 
      2 KSP Residual norm 3.15137e-08 
      3 KSP Residual norm 2.44231e-09 
      4 KSP Residual norm 4.271e-10 
      5 KSP Residual norm 4.704e-11 
      6 KSP Residual norm < 1.e-11
    2 SNES Function norm 1.123e-10 
timestep 22 time 2.2 norm 0.274742
22 TS dt 0.1 time 2.2
    0 SNES Function norm 3.44008 
      0 KSP Residual norm 0.292912 
      1 KSP Residual norm 0.00209113 
      2 KSP Residual norm 0.000178732 
      3 KSP Residual norm 8.5879e-06 
      4 KSP Residual norm 5.68725e-07 
    1 SNES Function norm 1.45713e-05 
      0 KSP Residual norm 5.68722e-07 
      1 KSP Residual norm 1.4381e-07 
      2 KSP Residual norm 1.61488e-08 
      3 KSP Residual norm 8.089e-10 
      4 KSP Residual norm 8.166e-11 
      5 KSP Residual norm 1.138e-11 
      6 KSP Residual norm < 1.e-11
    2 SNES Function norm 3.320e-11 
timestep 23 time 2.3 norm 0.198399
23 TS dt 0.1 time 2.3
    0 SNES Function norm 3.21867 
      0 KSP Residual norm 0.158897 
      1 KSP Residual norm 0.0115454 
      2 KSP Residual norm 0.000429492 
      3 KSP Residual norm 2.12562e-05 
      4 KSP Residual norm 2.50245e-06 
      5 KSP Residual norm 2.22443e-07 
    1 SNES Function norm 5.48118e-06 
      0 KSP Residual norm 2.22442e-07 
      1 KSP Residual norm 4.98719e-08 
      2 KSP Residual norm 5.42271e-09 
      3 KSP Residual norm 2.903e-10 
      4 KSP Residual norm 6.078e-11 
      5 KSP Residual norm < 1.e-11
      6 KSP Residual norm < 1.e-11
    2 SNES Function norm 1.793e-11 
timestep 24 time 2.4 norm 0.383674
24 TS dt 0.1 time 2.4
    0 SNES Function norm 2.53609 
      0 KSP Residual norm 0.0419552 
      1 KSP Residual norm 0.0418353 
      2 KSP Residual norm 0.000701774 
      3 KSP Residual norm 3.27916e-05 
      4 KSP Residual norm 3.60508e-06 
      5 KSP Residual norm 2.84836e-07 
    1 SNES Function norm 7.8651e-06 
      0 KSP Residual norm 2.84834e-07 
      1 KSP Residual norm 4.52378e-08 
      2 KSP Residual norm 6.07475e-09 
      3 KSP Residual norm 4.576e-10 
      4 KSP Residual norm 6.793e-11 
      5 KSP Residual norm < 1.e-11
      6 KSP Residual norm < 1.e-11
    2 SNES Function norm 2.328e-11 
timestep 25 time 2.5 norm 0.518116
25 TS dt 0.1 time 2.5
    0 SNES Function norm 1.59326 
      0 KSP Residual norm 0.110586 
      1 KSP Residual norm 0.0259317 
      2 KSP Residual norm 0.000774846 
      3 KSP Residual norm 3.67396e-05 
      4 KSP Residual norm 3.92313e-06 
      5 KSP Residual norm 3.00735e-07 
    1 SNES Function norm 8.74131e-06 
      0 KSP Residual norm 3.00733e-07 
      1 KSP Residual norm 4.1822e-08 
      2 KSP Residual norm 5.06156e-09 
      3 KSP Residual norm 4.628e-10 
      4 KSP Residual norm 5.273e-11 
      5 KSP Residual norm < 1.e-11
      6 KSP Residual norm < 1.e-11
    2 SNES Function norm 2.341e-11 
timestep 26 time 2.6 norm 0.555118
26 TS dt 0.1 time 2.6
    0 SNES Function norm 0.698273 
      0 KSP Residual norm 0.189446 
      1 KSP Residual norm 0.0188583 
      2 KSP Residual norm 0.000700667 
      3 KSP Residual norm 3.35092e-05 
      4 KSP Residual norm 3.52537e-06 
      5 KSP Residual norm 2.69955e-07 
    1 SNES Function norm 7.93329e-06 
      0 KSP Residual norm 2.69953e-07 
      1 KSP Residual norm 3.62702e-08 
      2 KSP Residual norm 4.09961e-09 
      3 KSP Residual norm 3.900e-10 
      4 KSP Residual norm 3.501e-11 
      5 KSP Residual norm < 1.e-11
      6 KSP Residual norm < 1.e-11
    2 SNES Function norm 1.598e-11 
timestep 27 time 2.7 norm 0.500202
27 TS dt 0.1 time 2.7
    0 SNES Function norm 0.745117 
      0 KSP Residual norm 0.226669 
      1 KSP Residual norm 0.0120625 
      2 KSP Residual norm 0.00051993 
      3 KSP Residual norm 2.48318e-05 
      4 KSP Residual norm 2.6019e-06 
      5 KSP Residual norm 2.01203e-07 
    1 SNES Function norm 5.86886e-06 
      0 KSP Residual norm 2.01208e-07 
      1 KSP Residual norm 2.67568e-08 
      2 KSP Residual norm 2.9941e-09 
      3 KSP Residual norm 2.822e-10 
      4 KSP Residual norm 2.321e-11 
      5 KSP Residual norm < 1.e-11
    2 SNES Function norm 6.086e-11 
timestep 28 time 2.8 norm 0.377193
28 TS dt 0.1 time 2.8
    0 SNES Function norm 1.33213 
      0 KSP Residual norm 0.221501 
      1 KSP Residual norm 0.00564917 
      2 KSP Residual norm 0.000282881 
      3 KSP Residual norm 1.33787e-05 
      4 KSP Residual norm 1.40942e-06 
    1 SNES Function norm 3.74566e-05 
      0 KSP Residual norm 1.40942e-06 
      1 KSP Residual norm 2.02427e-07 
      2 KSP Residual norm 2.16408e-08 
      3 KSP Residual norm 1.44136e-09 
      4 KSP Residual norm 2.660e-10 
      5 KSP Residual norm 3.722e-11 
      6 KSP Residual norm < 1.e-11
    2 SNES Function norm 7.411e-11 
timestep 29 time 2.9 norm 0.221048
29 TS dt 0.1 time 2.9
    0 SNES Function norm 1.68992 
      0 KSP Residual norm 0.181511 
      1 KSP Residual norm 0.000655568 
      2 KSP Residual norm 4.06639e-05 
      3 KSP Residual norm 1.83133e-06 
      4 KSP Residual norm 1.98488e-07 
    1 SNES Function norm 4.96643e-06 
      0 KSP Residual norm 1.98491e-07 
      1 KSP Residual norm 3.03145e-08 
      2 KSP Residual norm 3.12247e-09 
      3 KSP Residual norm 2.126e-10 
      4 KSP Residual norm 3.771e-11 
      5 KSP Residual norm < 1.e-11
      6 KSP Residual norm < 1.e-11
    2 SNES Function norm < 1.e-11
timestep 30 time 3. norm 0.0937645
30 TS dt 0.1 time 3.
