DM Object: 1 MPI process
  type: plex
Mesh in 2 dimensions:
  Number of 0-cells per rank: 16
  Number of 1-cells per rank: 24
  Number of 2-cells per rank: 21 (12)
Labels:
  ghost: 0 strata of sizes ()
  vtk: 1 strata of sizes (9)
  marker: 1 strata of sizes (24)
  Face Sets: 4 strata of sizes (3, 3, 3, 3)
  depth: 3 strata of sizes (16, 24, 21)
  0  time        0  |x| (       1,    2.394) |x|_1 (       9,    3.865)  
  1  time     0.01  |x| (       1,    2.332) |x|_1 (       9,    3.851)  
  2  time     0.02  |x| (       1,    2.273) |x|_1 (       9,    3.836)  
  3  time     0.03  |x| (       1,    2.214) |x|_1 (       9,    3.818)  
  4  time     0.04  |x| (       1,    2.157) |x|_1 (       9,    3.798)  
  5  time     0.05  |x| (       1,    2.102) |x|_1 (       9,    3.776)  
  6  time     0.06  |x| (       1,    2.048) |x|_1 (       9,    3.753)  
  7  time     0.07  |x| (       1,    1.995) |x|_1 (       9,    3.728)  
  8  time     0.08  |x| (       1,    1.944) |x|_1 (       9,    3.701)  
  9  time     0.09  |x| (       1,    1.894) |x|_1 (       9,    3.673)  
 10  time      0.1  |x| (       1,    1.845) |x|_1 (       9,    3.644)  
 11  time     0.11  |x| (       1,    1.798) |x|_1 (       9,    3.614)  
 12  time     0.12  |x| (       1,    1.751) |x|_1 (       9,    3.582)  
 13  time     0.13  |x| (       1,    1.706) |x|_1 (       9,     3.55)  
 14  time     0.14  |x| (       1,    1.662) |x|_1 (       9,    3.516)  
 15  time     0.15  |x| (       1,    1.619) |x|_1 (       9,    3.482)  
 16  time     0.16  |x| (       1,    1.577) |x|_1 (       9,    3.446)  
 17  time     0.17  |x| (       1,    1.537) |x|_1 (       9,     3.41)  
 18  time     0.18  |x| (       1,    1.497) |x|_1 (       9,    3.374)  
 19  time     0.19  |x| (       1,    1.458) |x|_1 (       9,    3.337)  
 20  time      0.2  |x| (       1,     1.42) |x|_1 (       9,    3.299)  
 21  time     0.21  |x| (       1,    1.384) |x|_1 (       9,     3.26)  
 22  time     0.22  |x| (       1,    1.348) |x|_1 (       9,    3.222)  
 23  time     0.23  |x| (       1,    1.313) |x|_1 (       9,    3.183)  
 24  time     0.24  |x| (       1,    1.279) |x|_1 (       9,    3.143)  
 25  time     0.25  |x| (       1,    1.245) |x|_1 (       9,    3.104)  
 26  time     0.26  |x| (       1,    1.213) |x|_1 (       9,    3.064)  
 27  time     0.27  |x| (       1,    1.182) |x|_1 (       9,    3.024)  
 28  time     0.28  |x| (       1,    1.151) |x|_1 (       9,    2.983)  
 29  time     0.29  |x| (       1,    1.121) |x|_1 (       9,    2.943)  
 30  time      0.3  |x| (       1,    1.092) |x|_1 (       9,    2.903)  
 31  time     0.31  |x| (       1,    1.063) |x|_1 (       9,    2.862)  
 32  time     0.32  |x| (       1,    1.061) |x|_1 (       9,    2.822)  
 33  time     0.33  |x| (       1,     1.06) |x|_1 (       9,    2.781)  
 34  time     0.34  |x| (       1,    1.058) |x|_1 (       9,    2.741)  
 35  time     0.35  |x| (       1,    1.055) |x|_1 (       9,    2.701)  
 36  time     0.36  |x| (       1,    1.052) |x|_1 (       9,     2.66)  
 37  time     0.37  |x| (       1,    1.048) |x|_1 (       9,     2.62)  
 38  time     0.38  |x| (       1,    1.044) |x|_1 (       9,    2.581)  
 39  time     0.39  |x| (       1,    1.039) |x|_1 (       9,    2.541)  
 40  time      0.4  |x| (       1,    1.033) |x|_1 (       9,    2.501)  
 41  time     0.41  |x| (       1,    1.027) |x|_1 (       9,    2.462)  
 42  time     0.42  |x| (       1,     1.02) |x|_1 (       9,    2.423)  
 43  time     0.43  |x| (       1,    1.013) |x|_1 (       9,    2.384)  
 44  time     0.44  |x| (       1,    1.006) |x|_1 (       9,    2.346)  
 45  time     0.45  |x| (       1,   0.9982) |x|_1 (       9,    2.308)  
 46  time     0.46  |x| (       1,   0.9901) |x|_1 (       9,     2.27)  
 47  time     0.47  |x| (       1,   0.9817) |x|_1 (       9,    2.232)  
 48  time     0.48  |x| (       1,   0.9729) |x|_1 (       9,    2.195)  
 49  time     0.49  |x| (       1,   0.9639) |x|_1 (       9,    2.158)  
 50  time      0.5  |x| (       1,   0.9547) |x|_1 (       9,    2.121)  
 51  time     0.51  |x| (       1,   0.9452) |x|_1 (       9,    2.085)  
 52  time     0.52  |x| (       1,   0.9355) |x|_1 (       9,    2.049)  
 53  time     0.53  |x| (       1,   0.9256) |x|_1 (       9,    2.014)  
 54  time     0.54  |x| (       1,   0.9156) |x|_1 (       9,    1.979)  
 55  time     0.55  |x| (       1,   0.9054) |x|_1 (       9,    1.944)  
 56  time     0.56  |x| (       1,    0.895) |x|_1 (       9,     1.91)  
 57  time     0.57  |x| (       1,   0.8845) |x|_1 (       9,    1.876)  
 58  time     0.58  |x| (       1,   0.8739) |x|_1 (       9,    1.842)  
 59  time     0.59  |x| (       1,   0.8632) |x|_1 (       9,    1.809)  
 60  time      0.6  |x| (       1,   0.8525) |x|_1 (       9,    1.777)  
 61  time     0.61  |x| (       1,   0.8416) |x|_1 (       9,    1.744)  
 62  time     0.62  |x| (       1,   0.8307) |x|_1 (       9,    1.712)  
 63  time     0.63  |x| (       1,   0.8198) |x|_1 (       9,    1.681)  
 64  time     0.64  |x| (       1,   0.8088) |x|_1 (       9,     1.65)  
 65  time     0.65  |x| (       1,   0.7978) |x|_1 (       9,    1.619)  
 66  time     0.66  |x| (       1,   0.7867) |x|_1 (       9,    1.589)  
 67  time     0.67  |x| (       1,   0.7757) |x|_1 (       9,    1.559)  
 68  time     0.68  |x| (       1,   0.7647) |x|_1 (       9,     1.53)  
 69  time     0.69  |x| (       1,   0.7537) |x|_1 (       9,    1.501)  
 70  time      0.7  |x| (       1,   0.7427) |x|_1 (       9,    1.472)  
 71  time     0.71  |x| (       1,   0.7317) |x|_1 (       9,    1.444)  
 72  time     0.72  |x| (       1,   0.7208) |x|_1 (       9,    1.417)  
 73  time     0.73  |x| (       1,   0.7099) |x|_1 (       9,    1.389)  
 74  time     0.74  |x| (       1,    0.699) |x|_1 (       9,    1.363)  
 75  time     0.75  |x| (       1,   0.6882) |x|_1 (       9,    1.336)  
 76  time     0.76  |x| (       1,   0.6775) |x|_1 (       9,     1.31)  
 77  time     0.77  |x| (       1,   0.6668) |x|_1 (       9,    1.284)  
 78  time     0.78  |x| (       1,   0.6562) |x|_1 (       9,    1.259)  
 79  time     0.79  |x| (       1,   0.6456) |x|_1 (       9,    1.234)  
 80  time      0.8  |x| (       1,   0.6352) |x|_1 (       9,     1.21)  
 81  time     0.81  |x| (       1,   0.6248) |x|_1 (       9,    1.186)  
 82  time     0.82  |x| (       1,   0.6145) |x|_1 (       9,    1.162)  
 83  time     0.83  |x| (       1,   0.6043) |x|_1 (       9,    1.139)  
 84  time     0.84  |x| (       1,   0.5941) |x|_1 (       9,    1.116)  
 85  time     0.85  |x| (       1,   0.5841) |x|_1 (       9,    1.094)  
 86  time     0.86  |x| (       1,   0.5742) |x|_1 (       9,    1.072)  
 87  time     0.87  |x| (       1,   0.5644) |x|_1 (       9,     1.05)  
 88  time     0.88  |x| (       1,   0.5546) |x|_1 (       9,    1.029)  
 89  time     0.89  |x| (       1,    0.545) |x|_1 (       9,    1.008)  
 90  time      0.9  |x| (       1,   0.5355) |x|_1 (       9,   0.9872)  
 91  time     0.91  |x| (       1,    0.526) |x|_1 (       9,   0.9669)  
 92  time     0.92  |x| (       1,   0.5167) |x|_1 (       9,   0.9471)  
 93  time     0.93  |x| (       1,   0.5075) |x|_1 (       9,   0.9276)  
 94  time     0.94  |x| (       1,   0.4984) |x|_1 (       9,   0.9084)  
 95  time     0.95  |x| (       1,   0.4894) |x|_1 (       9,   0.8896)  
 96  time     0.96  |x| (       1,   0.4806) |x|_1 (       9,   0.8711)  
 97  time     0.97  |x| (       1,   0.4718) |x|_1 (       9,   0.8529)  
 98  time     0.98  |x| (       1,   0.4632) |x|_1 (       9,   0.8351)  
 99  time     0.99  |x| (       1,   0.4546) |x|_1 (       9,   0.8176)  
 100  time        1  |x| (       1,   0.4462) |x|_1 (       9,   0.8004)  
TS Object: 1 MPI process
  type: ssp
  maximum steps=100
  maximum time=2.
  total number of nonlinear solver iterations=0
  total number of nonlinear solve failures=0
  total number of linear solver iterations=0
  total number of rejected steps=0
  using relative error tolerance of 0.0001,   using absolute error tolerance of 0.0001
    Scheme: rks2
CONVERGED_ITS at time 1. after 100 steps
