DM Object: 1 MPI processes
  type: plex
Mesh in 2 dimensions:
  Number of 0-cells per rank: 12
  Number of 1-cells per rank: 21
  Number of 2-cells per rank: 15 (6)
Labels:
  ghost: 0 strata of sizes ()
  vtk: 1 strata of sizes (9)
  marker: 1 strata of sizes (12)
  Face Sets: 2 strata of sizes (3, 3)
  depth: 3 strata of sizes (12, 21, 15)
  0  time        0  |x| (       0,        1) |x|_1 (       0,        1)         Error [           0,           0] int            0
  Nonlinear solve converged due to CONVERGED_FNORM_RELATIVE iterations 3
  1  time   0.3333  |x| (       1,        1) |x|_1 (       6,        1)         Error [           0,       1e-06] int  2.22222e-07
  Nonlinear solve converged due to CONVERGED_FNORM_RELATIVE iterations 1
  2  time   0.6667  |x| (       1,        1) |x|_1 (       6,        1)         Error [           0, 2.00097e-06] int  4.44083e-07
  Nonlinear solve converged due to CONVERGED_FNORM_RELATIVE iterations 1
  3  time        1  |x| (       1,        1) |x|_1 (       6,        1)         Error [           0, 3.00181e-06] int   6.6649e-07
  Nonlinear solve converged due to CONVERGED_FNORM_RELATIVE iterations 1
  4  time    1.333  |x| (       1,        1) |x|_1 (       6,        1)         Error [           0, 4.00249e-06] int  8.88864e-07
  Nonlinear solve converged due to CONVERGED_FNORM_RELATIVE iterations 1
  5  time    1.667  |x| (       1,        1) |x|_1 (       6,        1)         Error [           0, 5.00301e-06] int   1.1112e-06
  Nonlinear solve converged due to CONVERGED_FNORM_RELATIVE iterations 1
  6  time        2  |x| (       1,        1) |x|_1 (       6,        1)         Error [           0, 6.00337e-06] int   1.3335e-06
  Nonlinear solve converged due to CONVERGED_FNORM_RELATIVE iterations 1
  7  time    2.333  |x| (       1,        1) |x|_1 (       6,        1)         Error [           0, 7.00356e-06] int  1.55577e-06
  Nonlinear solve converged due to CONVERGED_FNORM_RELATIVE iterations 1
  8  time    2.667  |x| (       1,        1) |x|_1 (       6,        1)         Error [           0, 8.00356e-06] int  1.77799e-06
  Nonlinear solve converged due to CONVERGED_FNORM_RELATIVE iterations 1
  9  time        3  |x| (       1,        1) |x|_1 (       6,        1)         Error [           0, 9.00337e-06] int  2.00017e-06
  Nonlinear solve converged due to CONVERGED_FNORM_RELATIVE iterations 1
 10  time    3.333  |x| (       1,        1) |x|_1 (       6,        1)         Error [           0,  1.0003e-05] int   2.2223e-06
  Nonlinear solve converged due to CONVERGED_FNORM_RELATIVE iterations 1
 11  time    3.667  |x| (       1,        1) |x|_1 (       6,        1)         Error [           0, 1.10024e-05] int  2.44439e-06
  Nonlinear solve converged due to CONVERGED_FNORM_RELATIVE iterations 1
 12  time        4  |x| (       1,        1) |x|_1 (       6,        1)         Error [           0, 1.20015e-05] int  2.66701e-06
  Nonlinear solve converged due to CONVERGED_FNORM_RELATIVE iterations 1
 13  time    4.333  |x| (       1,        1) |x|_1 (       6,        1)         Error [           0, 1.30005e-05] int  2.88899e-06
  Nonlinear solve converged due to CONVERGED_FNORM_RELATIVE iterations 1
 14  time    4.667  |x| (       1,        1) |x|_1 (       6,        1)         Error [           0, 1.39991e-05] int  3.11092e-06
  Nonlinear solve converged due to CONVERGED_FNORM_RELATIVE iterations 1
 15  time        5  |x| (       1,        1) |x|_1 (       6,        1)         Error [           0, 1.50027e-05] int  3.33337e-06
  Nonlinear solve converged due to CONVERGED_FNORM_RELATIVE iterations 1
 16  time    5.333  |x| (       1,        1) |x|_1 (       6,        1)         Error [           0, 1.60008e-05] int  3.55518e-06
TS Object: 1 MPI processes
  type: mimex
  maximum steps=20
  maximum time=5.
  total number of nonlinear solver iterations=0
  total number of nonlinear solve failures=0
  total number of linear solver iterations=0
  total number of rejected steps=0
  using relative error tolerance of 0.0001,   using absolute error tolerance of 0.0001
    Version = 1
  SNES Object: 1 MPI processes
    type: newtonls
    maximum iterations=50, maximum function evaluations=10000
    tolerances: relative=1e-07, absolute=1e-50, solution=1e-08
    total number of linear solver iterations=1
    total number of function evaluations=20
    norm schedule ALWAYS
    SNESLineSearch Object: 1 MPI processes
      type: basic
      maxstep=1.000000e+08, minlambda=1.000000e-12
      tolerances: relative=1.000000e-08, absolute=1.000000e-15, lambda=1.000000e-08
      maximum iterations=40
    KSP Object: 1 MPI processes
      type: gmres
        restart=30, using Classical (unmodified) Gram-Schmidt Orthogonalization with no iterative refinement
        happy breakdown tolerance 1e-30
      maximum iterations=10000, initial guess is zero
      tolerances:  relative=1e-05, absolute=1e-50, divergence=10000.
      left preconditioning
      using PRECONDITIONED norm type for convergence test
    PC Object: 1 MPI processes
      type: lu
        out-of-place factorization
        tolerance for zero pivot 2.22045e-14
        matrix ordering: nd
        factor fill ratio given 5., needed 1.22511
          Factored matrix follows:
            Mat Object: 1 MPI processes
              type: seqaij
              rows=21, cols=21
              package used to perform factorization: petsc
              total: nonzeros=283, allocated nonzeros=283
              total number of mallocs used during MatSetValues calls=0
                using I-node routines: found 14 nodes, limit used is 5
      linear system matrix = precond matrix:
      Mat Object: 1 MPI processes
        type: seqaij
        rows=21, cols=21
        total: nonzeros=231, allocated nonzeros=231
        total number of mallocs used during MatSetValues calls=0
          using I-node routines: found 15 nodes, limit used is 5
CONVERGED_TIME at time 5.33333 after 16 steps
