DM Object: 1 MPI processes
  type: plex
Mesh in 2 dimensions:
  Number of 0-cells per rank: 42
  Number of 1-cells per rank: 78
  Number of 2-cells per rank: 48 (12)
Labels:
  ghost: 0 strata of sizes ()
  vtk: 1 strata of sizes (36)
  Face Sets: 2 strata of sizes (9, 9)
  marker: 1 strata of sizes (24)
  depth: 3 strata of sizes (42, 78, 48)
  0  time        0  |x| (       1,        1) |x|_1 (      36,        1)         Error [           0,           0] int            0
  1  time   0.1667  |x| (       1,        1) |x|_1 (      36,        1)         Error [           0,       4e-06] int  2.22222e-07
  2  time   0.3333  |x| (       1,        1) |x|_1 (      36,        1)         Error [           0, 7.99998e-06] int  4.44444e-07
  3  time      0.5  |x| (       1,        1) |x|_1 (      36,        1)         Error [           0,     1.2e-05] int  6.66664e-07
  4  time   0.6667  |x| (       1,        1) |x|_1 (      36,        1)         Error [           0, 1.59999e-05] int  8.88884e-07
  5  time   0.8333  |x| (       1,        1) |x|_1 (      36,        1)         Error [           0, 1.99998e-05] int   1.1111e-06
  6  time        1  |x| (       1,        1) |x|_1 (      36,        1)         Error [           0, 2.39998e-05] int  1.33332e-06
  7  time    1.167  |x| (       1,        1) |x|_1 (      36,        1)         Error [           0, 2.79997e-05] int  1.55554e-06
  8  time    1.333  |x| (       1,        1) |x|_1 (      36,        1)         Error [           0, 3.19996e-05] int  1.77775e-06
  9  time      1.5  |x| (       1,        1) |x|_1 (      36,        1)         Error [           0, 3.59994e-05] int  1.99997e-06
 10  time    1.667  |x| (       1,        1) |x|_1 (      36,        1)         Error [           0, 3.99993e-05] int  2.22218e-06
 11  time    1.833  |x| (       1,        1) |x|_1 (      36,        1)         Error [           0, 4.39991e-05] int   2.4444e-06
 12  time        2  |x| (       1,        1) |x|_1 (      36,        1)         Error [           0, 4.79989e-05] int  2.66661e-06
 13  time    2.167  |x| (       1,   0.9999) |x|_1 (      36,        1)         Error [           0, 5.19988e-05] int  2.88882e-06
 14  time    2.333  |x| (       1,   0.9999) |x|_1 (      36,        1)         Error [           0, 5.59985e-05] int  3.11103e-06
 15  time      2.5  |x| (       1,   0.9999) |x|_1 (      36,        1)         Error [           0, 5.99983e-05] int  3.33324e-06
 16  time    2.667  |x| (       1,   0.9999) |x|_1 (      36,        1)         Error [           0, 6.39981e-05] int  3.55545e-06
 17  time    2.833  |x| (       1,   0.9999) |x|_1 (      36,        1)         Error [           0, 6.79978e-05] int  3.77766e-06
 18  time        3  |x| (       1,   0.9999) |x|_1 (      36,        1)         Error [           0, 7.19976e-05] int  3.99986e-06
 19  time    3.167  |x| (       1,   0.9999) |x|_1 (      36,        1)         Error [           0, 7.59973e-05] int  4.22207e-06
 20  time    3.333  |x| (       1,   0.9999) |x|_1 (      36,        1)         Error [           0,  7.9997e-05] int  4.44428e-06
 21  time      3.5  |x| (       1,   0.9999) |x|_1 (      36,        1)         Error [           0, 8.39966e-05] int  4.66648e-06
 22  time    3.667  |x| (       1,   0.9999) |x|_1 (      36,        1)         Error [           0, 8.79963e-05] int  4.88868e-06
 23  time    3.833  |x| (       1,   0.9999) |x|_1 (      36,        1)         Error [           0,  9.1996e-05] int  5.11089e-06
 24  time        4  |x| (       1,   0.9999) |x|_1 (      36,        1)         Error [           0, 9.59956e-05] int  5.33309e-06
 25  time    4.167  |x| (       1,   0.9999) |x|_1 (      36,        1)         Error [           0, 9.99952e-05] int  5.55529e-06
 26  time    4.333  |x| (       1,   0.9999) |x|_1 (      36,        1)         Error [           0, 0.000103995] int  5.77749e-06
 27  time      4.5  |x| (       1,   0.9999) |x|_1 (      36,        1)         Error [           0, 0.000107994] int  5.99969e-06
 28  time    4.667  |x| (       1,   0.9999) |x|_1 (      36,        1)         Error [           0, 0.000111994] int  6.22189e-06
 29  time    4.833  |x| (       1,   0.9999) |x|_1 (      36,        1)         Error [           0, 0.000115994] int  6.44408e-06
 30  time        5  |x| (       1,   0.9999) |x|_1 (      36,        1)         Error [           0, 0.000119993] int  6.66628e-06
 31  time    5.167  |x| (       1,   0.9999) |x|_1 (      36,        1)         Error [           0, 0.000123993] int  6.88848e-06
TS Object: 1 MPI processes
  type: euler
  maximum steps=40
  maximum time=5.
  total number of nonlinear solver iterations=0
  total number of nonlinear solve failures=0
  total number of linear solver iterations=0
  total number of rejected steps=0
  using relative error tolerance of 0.0001,   using absolute error tolerance of 0.0001
CONVERGED_TIME at time 5.16665 after 31 steps
