DM Object: 1 MPI processes
  type: plex
Mesh in 2 dimensions:
  0-cells: 12
  1-cells: 21
  2-cells: 15 (6)
Labels:
  ghost: 0 strata of sizes ()
  vtk: 1 strata of sizes (9)
  marker: 1 strata of sizes (12)
  Face Sets: 2 strata of sizes (3, 3)
  depth: 3 strata of sizes (12, 21, 15)
  0  time        0  |x| (       1,        1) |x|_1 (       9,        1)         Error [           0,           0] int            0
  1  time   0.3333  |x| (       1,        1) |x|_1 (       9,        1)         Error [           0,       1e-06] int  2.22222e-07
  2  time   0.6667  |x| (       1,        1) |x|_1 (       9,        1)         Error [           0,       2e-06] int  4.44444e-07
  3  time        1  |x| (       1,        1) |x|_1 (       9,        1)         Error [           0,       3e-06] int  6.66666e-07
  4  time    1.333  |x| (       1,        1) |x|_1 (       9,        1)         Error [           0, 3.99999e-06] int  8.88888e-07
  5  time    1.667  |x| (       1,        1) |x|_1 (       9,        1)         Error [           0, 4.99999e-06] int  1.11111e-06
  6  time        2  |x| (       1,        1) |x|_1 (       9,        1)         Error [           0, 5.99998e-06] int  1.33333e-06
  7  time    2.333  |x| (       1,        1) |x|_1 (       9,        1)         Error [           0, 6.99998e-06] int  1.55555e-06
  8  time    2.667  |x| (       1,        1) |x|_1 (       9,        1)         Error [           0, 7.99997e-06] int  1.77777e-06
  9  time        3  |x| (       1,        1) |x|_1 (       9,        1)         Error [           0, 8.99996e-06] int  1.99999e-06
 10  time    3.333  |x| (       1,        1) |x|_1 (       9,        1)         Error [           0, 9.99995e-06] int  2.22221e-06
 11  time    3.667  |x| (       1,        1) |x|_1 (       9,        1)         Error [           0, 1.09999e-05] int  2.44443e-06
 12  time        4  |x| (       1,        1) |x|_1 (       9,        1)         Error [           0, 1.19999e-05] int  2.66665e-06
 13  time    4.333  |x| (       1,        1) |x|_1 (       9,        1)         Error [           0, 1.29999e-05] int  2.88887e-06
 14  time    4.667  |x| (       1,        1) |x|_1 (       9,        1)         Error [           0, 1.39999e-05] int  3.11109e-06
 15  time        5  |x| (       1,        1) |x|_1 (       9,        1)         Error [           0, 1.49999e-05] int  3.33331e-06
 16  time    5.333  |x| (       1,        1) |x|_1 (       9,        1)         Error [           0, 1.59999e-05] int  3.55553e-06
TS Object: 1 MPI processes
  type: euler
  maximum steps=20
  maximum time=5.
  total number of nonlinear solver iterations=0
  total number of nonlinear solve failures=0
  total number of linear solver iterations=0
  total number of rejected steps=0
  using relative error tolerance of 0.0001,   using absolute error tolerance of 0.0001
CONVERGED_TIME at time 5.33333 after 16 steps
