
 Solution of forward TS :
Vec Object: 1 MPI processes
  type: seq
1.91376
-0.716567

 Forward TS solve successfull! Adjoint run begins!

 sensitivity wrt  mu1: d[cost]/d[mu1]
Vec Object: 1 MPI processes
  type: seq
-0.014817
-0.0150106
-0.0145665
-0.015545
-0.0133332

 sensitivity wrt  mu2: d[cost]/d[mu2]
Vec Object: 1 MPI processes
  type: seq
-9.58325e-07
1.46139e-06
-4.07735e-06
8.16917e-06
-1.94822e-05

 sensitivity wrt initial conditions: d[cost]/d[u(t=0)]
Vec Object: 1 MPI processes
  type: seq
1.12807
-0.0133608
