  0 TAO,  Function value: 0.112365,  Residual: 0.988583 
  1 TAO,  Function value: 0.013098,  Residual: 0.578333 
  2 TAO,  Function value: 0.0100314,  Residual: 0.358504 
  3 TAO,  Function value: 0.00234055,  Residual: 0.111577 
  4 TAO,  Function value: 0.00151942,  Residual: 0.0549001 
  5 TAO,  Function value: 0.00126723,  Residual: 0.0415212 
  6 TAO,  Function value: 8.80513e-05,  Residual: 0.0245156 
  7 TAO,  Function value: 1.13434e-06,  Residual: 0.00280576 
  8 TAO,  Function value: 8.96281e-10,  Residual: 0.000135237 
  9 TAO,  Function value: 2.64402e-10,  Residual: 6.92484e-05 
 10 TAO,  Function value: 1.75752e-18,  Residual: 2.84042e-09 
Tao Object: 1 MPI process
  type: blmvm
  Gradient steps: 0
  Mat Object: (tao_blmvm_) 1 MPI process
    type: lmvmbfgs
    rows=2, cols=2
      Scale type: DIAGONAL
      Scale history: 1
      Scale params: alpha=1., beta=0.5, rho=1.
      Convex factors: phi=0., theta=0.125
      Max. storage: 5
      Used storage: 5
      Number of updates: 9
      Number of rejects: 0
      Number of resets: 1
      Mat Object: (J0_) 1 MPI process
        type: lmvmdiagbroyden
        rows=2, cols=2
          Scale history: 1
          Scale params: alpha=1., beta=0.5, rho=1.
          Convex factor: theta=0.125
          Max. storage: 1
          Used storage: 1
          Number of updates: 9
          Number of rejects: 0
          Number of resets: 1
  TaoLineSearch Object: 1 MPI process
    type: more-thuente
    maximum function evaluations=30
    tolerances: ftol=0.0001, rtol=1e-10, gtol=0.9
    total number of function evaluations=0
    total number of gradient evaluations=0
    total number of function/gradient evaluations=1
    Termination reason: 1
  convergence tolerances: gatol=1e-08,   steptol=0.,   gttol=0.
  Residual in Function/Gradient:=2.84042e-09
  Objective value=1.75752e-18
  total number of iterations=10,                          (max: 2000)
  total number of function/gradient evaluations=11,      (max: 4000)
  Solution converged:    ||g(X)|| <= gatol
