  0 t=   0.0e+00  dt=   1.0e-05  f=   2.0e+06  df=   2.6e+05  it=( 0,  0)
  1 t=   1.0e-05  dt=   1.1e-05  f=   1.5e+06  df=   2.1e+05  it=( 3,  3)
  2 t=   2.1e-05  dt=   1.5e-05  f=   1.2e+06  df=   1.7e+05  it=( 3,  3)
  3 t=   3.6e-05  dt=   2.0e-05  f=   8.5e+05  df=   1.4e+05  it=( 3,  3)
  4 t=   5.6e-05  dt=   2.9e-05  f=   6.0e+05  df=   1.0e+05  it=( 3,  3)
  5 t=   8.6e-05  dt=   4.4e-05  f=   4.0e+05  df=   7.7e+04  it=( 3,  3)
  6 t=   1.3e-04  dt=   6.9e-05  f=   2.4e+05  df=   5.4e+04  it=( 3,  3)
  7 t=   2.0e-04  dt=   1.2e-04  f=   1.4e+05  df=   3.5e+04  it=( 3,  3)
  8 t=   3.2e-04  dt=   2.1e-04  f=   6.9e+04  df=   2.1e+04  it=( 3,  3)
  9 t=   5.3e-04  dt=   4.3e-04  f=   3.0e+04  df=   1.1e+04  it=( 4,  4)
 10 t=   9.6e-04  dt=   1.0e-03  f=   1.1e+04  df=   5.4e+03  it=( 4,  4)
 11 t=   2.0e-03  dt=   2.8e-03  f=   2.9e+03  df=   2.1e+03  it=( 4,  4)
 12 t=   4.8e-03  dt=   1.0e-02  f=   5.3e+02  df=   6.4e+02  it=( 4,  4)
 13 t=   1.5e-02  dt=   6.1e-02  f=   9.9e+01  df=   1.2e+02  it=( 5,  5)
 14 t=   7.6e-02  dt=   9.3e-01  f=   6.9e+01  df=   8.6e+00  it=( 5,  5)
 15 t=   3.1e-01  dt=   2.4e+00  f=   6.9e+01  df=   9.1e-01  it=( 5,  5)
 16 t=   4.6e-01  dt=   2.1e-01  f=   6.9e+01  df=   7.1e-01  it=( 5,  5)
 17 t=   5.1e-01  dt=   6.0e-02  f=   6.9e+01  df=   6.9e-01  it=( 3,  3)
 18 t=   5.7e-01  dt=   6.5e-02  f=   6.9e+01  df=   7.0e-01  it=( 4,  4)
 19 t=   6.4e-01  dt=   6.6e-02  f=   6.9e+01  df=   7.6e-01  it=( 4,  4)
 20 t=   7.0e-01  dt=   4.1e-02  f=   6.8e+01  df=   1.4e+00  it=( 5,  5)
 21 t=   7.4e-01  dt=   2.4e-02  f=   6.8e+01  df=   2.6e+00  it=( 4,  4)
 22 t=   7.7e-01  dt=   2.1e-02  f=   6.8e+01  df=   3.2e+00  it=( 4,  4)
 23 t=   7.9e-01  dt=   2.0e-02  f=   6.8e+01  df=   3.6e+00  it=( 4,  4)
 24 t=   7.9e-01  dt=   5.3e-03  f=   6.8e+01  df=   3.8e+00  it=( 3,  3)
 25 t=   8.0e-01  dt=   5.4e-03  f=   6.8e+01  df=   4.1e+00  it=( 3,  3)
 26 t=   8.0e-01  dt=   5.1e-03  f=   6.8e+01  df=   4.8e+00  it=( 3,  3)
 27 t=   8.1e-01  dt=   4.6e-03  f=   6.7e+01  df=   5.9e+00  it=( 3,  3)
 28 t=   8.1e-01  dt=   3.9e-03  f=   6.7e+01  df=   7.6e+00  it=( 3,  3)
 29 t=   8.2e-01  dt=   3.3e-03  f=   6.7e+01  df=   9.9e+00  it=( 3,  3)
 30 t=   8.2e-01  dt=   2.8e-03  f=   6.6e+01  df=   1.3e+01  it=( 3,  3)
 31 t=   8.2e-01  dt=   2.4e-03  f=   6.6e+01  df=   1.7e+01  it=( 3,  3)
 32 t=   8.3e-01  dt=   2.0e-03  f=   6.5e+01  df=   2.1e+01  it=( 3,  3)
 33 t=   8.3e-01  dt=   1.8e-03  f=   6.3e+01  df=   2.6e+01  it=( 3,  3)
 34 t=   8.3e-01  dt=   1.6e-03  f=   6.2e+01  df=   3.2e+01  it=( 3,  3)
 35 t=   8.3e-01  dt=   1.5e-03  f=   6.0e+01  df=   3.9e+01  it=( 3,  3)
 36 t=   8.3e-01  dt=   1.4e-03  f=   5.7e+01  df=   4.5e+01  it=( 3,  3)
 37 t=   8.3e-01  dt=   1.3e-03  f=   5.3e+01  df=   5.2e+01  it=( 3,  3)
 38 t=   8.3e-01  dt=   1.3e-03  f=   4.9e+01  df=   5.9e+01  it=( 3,  3)
 39 t=   8.4e-01  dt=   1.3e-03  f=   4.4e+01  df=   6.5e+01  it=( 3,  3)
 40 t=   8.4e-01  dt=   1.3e-03  f=   3.7e+01  df=   6.9e+01  it=( 3,  3)
 41 t=   8.4e-01  dt=   1.4e-03  f=   3.1e+01  df=   7.1e+01  it=( 3,  3)
 42 t=   8.4e-01  dt=   1.6e-03  f=   2.4e+01  df=   7.0e+01  it=( 3,  3)
 43 t=   8.4e-01  dt=   1.9e-03  f=   1.7e+01  df=   6.4e+01  it=( 3,  3)
 44 t=   8.4e-01  dt=   2.5e-03  f=   1.0e+01  df=   5.4e+01  it=( 3,  3)
 45 t=   8.5e-01  dt=   3.8e-03  f=   5.8e+00  df=   4.0e+01  it=( 3,  3)
 46 t=   8.5e-01  dt=   7.1e-03  f=   3.0e+00  df=   2.3e+01  it=( 3,  3)
 47 t=   8.6e-01  dt=   2.0e-02  f=   2.0e+00  df=   8.9e+00  it=( 3,  3)
 48 t=   8.8e-01  dt=   1.2e-01  f=   1.8e+00  df=   1.7e+00  it=( 3,  3)
 49 t=   1.0e+00  dt=   3.5e-01  f=   1.8e+00  df=   6.3e-01  it=( 3,  3)
 50 t=   1.1e+00  dt=   9.7e-02  f=   1.8e+00  df=   6.2e-01  it=( 3,  3)
 51 t=   1.2e+00  dt=   1.1e-01  f=   1.7e+00  df=   6.2e-01  it=( 3,  3)
 52 t=   1.3e+00  dt=   1.2e-01  f=   1.7e+00  df=   6.1e-01  it=( 3,  3)
 53 t=   1.4e+00  dt=   1.3e-01  f=   1.6e+00  df=   6.1e-01  it=( 3,  3)
 54 t=   1.5e+00  dt=   1.4e-01  f=   1.6e+00  df=   6.1e-01  it=( 3,  3)
 55 t=   1.7e+00  dt=   1.6e-01  f=   1.5e+00  df=   6.0e-01  it=( 3,  3)
 56 t=   1.8e+00  dt=   1.8e-01  f=   1.5e+00  df=   6.0e-01  it=( 3,  3)
 57 t=   2.0e+00  dt=   2.0e-01  f=   1.4e+00  df=   5.9e-01  it=( 3,  3)
 58 t=   2.2e+00  dt=   2.2e-01  f=   1.3e+00  df=   5.8e-01  it=( 4,  4)
 59 t=   2.4e+00  dt=   2.5e-01  f=   1.3e+00  df=   5.8e-01  it=( 4,  4)
 60 t=   2.7e+00  dt=   2.7e-01  f=   1.2e+00  df=   5.7e-01  it=( 5,  5)
 61 t=   2.8e+00  dt=   7.6e-02  f=   1.2e+00  df=   5.7e-01  it=( 3,  3)
 62 t=   2.8e+00  dt=   8.4e-02  f=   1.1e+00  df=   5.6e-01  it=( 3,  3)
 63 t=   2.9e+00  dt=   9.3e-02  f=   1.1e+00  df=   5.6e-01  it=( 3,  3)
 64 t=   3.0e+00  dt=   1.0e-01  f=   1.1e+00  df=   5.6e-01  it=( 3,  3)
 65 t=   3.1e+00  dt=   1.1e-01  f=   1.1e+00  df=   5.5e-01  it=( 3,  3)
 66 t=   3.2e+00  dt=   1.3e-01  f=   1.0e+00  df=   5.5e-01  it=( 3,  3)
 67 t=   3.3e+00  dt=   1.4e-01  f=   9.9e-01  df=   5.4e-01  it=( 3,  3)
 68 t=   3.5e+00  dt=   1.6e-01  f=   9.5e-01  df=   5.4e-01  it=( 3,  3)
 69 t=   3.6e+00  dt=   1.7e-01  f=   9.0e-01  df=   5.3e-01  it=( 3,  3)
 70 t=   3.8e+00  dt=   1.9e-01  f=   8.5e-01  df=   5.2e-01  it=( 3,  3)
 71 t=   4.0e+00  dt=   2.2e-01  f=   8.0e-01  df=   5.1e-01  it=( 3,  3)
 72 t=   4.2e+00  dt=   2.4e-01  f=   7.5e-01  df=   5.0e-01  it=( 4,  4)
 73 t=   4.5e+00  dt=   2.7e-01  f=   6.9e-01  df=   4.9e-01  it=( 4,  4)
 74 t=   4.7e+00  dt=   3.1e-01  f=   6.2e-01  df=   4.8e-01  it=( 5,  5)
 75 t=   4.8e+00  dt=   8.6e-02  f=   6.1e-01  df=   4.7e-01  it=( 3,  3)
 76 t=   4.9e+00  dt=   9.5e-02  f=   5.9e-01  df=   4.7e-01  it=( 3,  3)
 77 t=   5.0e+00  dt=   1.1e-01  f=   5.7e-01  df=   4.6e-01  it=( 3,  3)
 78 t=   5.1e+00  dt=   1.2e-01  f=   5.4e-01  df=   4.6e-01  it=( 3,  3)
 79 t=   5.2e+00  dt=   1.3e-01  f=   5.2e-01  df=   4.5e-01  it=( 3,  3)
 80 t=   5.4e+00  dt=   1.5e-01  f=   4.9e-01  df=   4.5e-01  it=( 3,  3)
 81 t=   5.5e+00  dt=   1.6e-01  f=   4.7e-01  df=   4.4e-01  it=( 3,  3)
 82 t=   5.7e+00  dt=   1.8e-01  f=   4.3e-01  df=   4.3e-01  it=( 3,  3)
 83 t=   5.9e+00  dt=   2.1e-01  f=   4.0e-01  df=   4.2e-01  it=( 3,  3)
 84 t=   6.1e+00  dt=   2.4e-01  f=   3.7e-01  df=   4.1e-01  it=( 3,  3)
 85 t=   6.3e+00  dt=   2.7e-01  f=   3.3e-01  df=   3.9e-01  it=( 4,  4)
 86 t=   6.6e+00  dt=   3.1e-01  f=   2.9e-01  df=   3.8e-01  it=( 5,  5)
 87 t=   6.9e+00  dt=   3.6e-01  f=   2.5e-01  df=   3.6e-01  it=( 5,  5)
 88 t=   7.0e+00  dt=   1.0e-01  f=   2.4e-01  df=   3.5e-01  it=( 3,  3)
 89 t=   7.1e+00  dt=   1.1e-01  f=   2.3e-01  df=   3.5e-01  it=( 3,  3)
 90 t=   7.2e+00  dt=   1.3e-01  f=   2.1e-01  df=   3.4e-01  it=( 3,  3)
 91 t=   7.3e+00  dt=   1.4e-01  f=   2.0e-01  df=   3.3e-01  it=( 3,  3)
 92 t=   7.4e+00  dt=   1.6e-01  f=   1.9e-01  df=   3.2e-01  it=( 3,  3)
 93 t=   7.6e+00  dt=   1.8e-01  f=   1.7e-01  df=   3.1e-01  it=( 3,  3)
 94 t=   7.8e+00  dt=   2.1e-01  f=   1.5e-01  df=   3.0e-01  it=( 3,  3)
 95 t=   8.0e+00  dt=   2.4e-01  f=   1.4e-01  df=   2.9e-01  it=( 3,  3)
 96 t=   8.2e+00  dt=   2.8e-01  f=   1.2e-01  df=   2.7e-01  it=( 3,  3)
 97 t=   8.5e+00  dt=   3.3e-01  f=   1.0e-01  df=   2.5e-01  it=( 4,  4)
 98 t=   8.8e+00  dt=   3.9e-01  f=   8.2e-02  df=   2.3e-01  it=( 5,  5)
 99 t=   8.9e+00  dt=   1.1e-01  f=   7.6e-02  df=   2.3e-01  it=( 3,  3)
100 t=   9.0e+00  dt=   1.2e-01  f=   7.1e-02  df=   2.2e-01  it=( 3,  3)
101 t=   9.2e+00  dt=   1.4e-01  f=   6.5e-02  df=   2.1e-01  it=( 3,  3)
102 t=   9.3e+00  dt=   1.6e-01  f=   5.9e-02  df=   2.0e-01  it=( 3,  3)
103 t=   9.5e+00  dt=   1.9e-01  f=   5.3e-02  df=   1.9e-01  it=( 3,  3)
104 t=   9.7e+00  dt=   2.2e-01  f=   4.6e-02  df=   1.8e-01  it=( 3,  3)
105 t=   9.9e+00  dt=   2.6e-01  f=   4.0e-02  df=   1.7e-01  it=( 3,  3)
106 t=   1.0e+01  dt=   3.1e-01  f=   3.3e-02  df=   1.6e-01  it=( 3,  3)
107 t=   1.0e+01  dt=   3.7e-01  f=   2.6e-02  df=   1.4e-01  it=( 3,  3)
108 t=   1.1e+01  dt=   4.7e-01  f=   2.0e-02  df=   1.3e-01  it=( 4,  4)
109 t=   1.1e+01  dt=   6.0e-01  f=   1.4e-02  df=   1.1e-01  it=( 4,  4)
110 t=   1.2e+01  dt=   8.2e-01  f=   8.7e-03  df=   8.7e-02  it=( 5,  5)
111 t=   1.2e+01  dt=   2.4e-01  f=   7.3e-03  df=   8.0e-02  it=( 3,  3)
112 t=   1.2e+01  dt=   3.0e-01  f=   5.9e-03  df=   7.3e-02  it=( 3,  3)
113 t=   1.3e+01  dt=   3.7e-01  f=   4.6e-03  df=   6.5e-02  it=( 3,  3)
114 t=   1.3e+01  dt=   4.7e-01  f=   3.4e-03  df=   5.6e-02  it=( 3,  3)
115 t=   1.3e+01  dt=   6.2e-01  f=   2.3e-03  df=   4.6e-02  it=( 3,  3)
116 t=   1.4e+01  dt=   8.8e-01  f=   1.4e-03  df=   3.6e-02  it=( 3,  3)
117 t=   1.5e+01  dt=   1.4e+00  f=   6.8e-04  df=   2.5e-02  it=( 4,  4)
118 t=   1.6e+01  dt=   2.5e+00  f=   2.4e-04  df=   1.5e-02  it=( 4,  4)
119 t=   1.9e+01  dt=   6.0e+00  f=   5.0e-05  df=   7.0e-03  it=( 5,  5)
120 t=   2.5e+01  dt=   2.6e+01  f=   3.1e-06  df=   1.8e-03  it=( 4,  4)
121 t=   5.1e+01  dt=   4.1e+02  f=   1.6e-08  df=   1.3e-04  it=( 3,  3)
122 t=   4.6e+02  dt=   9.1e+04  f=   3.8e-13  df=   6.2e-07  it=( 2,  2)
123 t=   9.1e+04  dt=   4.5e+09  f=   1.9e-22  df=   1.4e-11  it=( 2,  2)
Time integrator took (123,466,466) iterations to reach final time 91149.3
