  0 t=0.0000e+00  dt=1.0000e-03  f=1.3005e+05  df=7.5724e+04  it=( 0,  0)
  1 t=1.0000e-03  dt=1.1000e-03  f=2.5359e+04  df=2.2799e+04  it=( 1,  1)
  2 t=2.1000e-03  dt=3.9248e-03  f=5.5935e+03  df=7.0287e+03  it=( 1,  1)
  3 t=6.0248e-03  dt=1.4459e-02  f=1.5992e+03  df=2.0987e+03  it=( 1,  1)
  4 t=2.0484e-02  dt=5.0883e-02  f=6.4634e+02  df=6.5600e+02  it=( 1,  1)
  5 t=7.1367e-02  dt=6.6206e-02  f=1.9371e+02  df=5.5459e+02  it=( 1,  1)
  6 t=1.3757e-01  dt=2.0251e-01  f=5.3877e+01  df=1.9944e+02  it=( 1,  1)
  7 t=3.4008e-01  dt=6.1534e-01  f=1.0661e+01  df=7.2201e+01  it=( 1,  1)
  8 t=9.5542e-01  dt=3.6083e+00  f=2.1794e+00  df=1.3544e+01  it=( 1,  1)
  9 t=4.5637e+00  dt=1.8537e+01  f=1.5598e+00  df=2.9000e+00  it=( 1,  1)
 10 t=2.3101e+01  dt=3.4084e-01  f=2.0515e+01  df=1.7350e+02  it=( 1,  1)
 11 t=2.3441e+01  dt=3.0225e+00  f=9.6810e-01  df=2.1521e+01  it=( 1,  1)
 12 t=2.6464e+01  dt=8.8017e+01  f=1.9482e-01  df=8.1293e-01  it=( 1,  1)
 13 t=1.1448e+02  dt=2.7211e+00  f=7.1079e-01  df=2.8925e+01  it=( 1,  1)
 14 t=1.1720e+02  dt=2.6378e+02  f=1.2158e-02  df=3.2822e-01  it=( 1,  1)
 15 t=3.8098e+02  dt=2.8366e+01  f=7.2627e-03  df=3.3573e+00  it=( 1,  1)
 16 t=4.0935e+02  dt=1.5335e+04  f=2.5171e-05  df=6.8313e-03  it=( 1,  1)
 17 t=1.5745e+04  dt=1.3892e+04  f=4.2744e-08  df=8.2953e-03  it=( 1,  1)
 18 t=2.9636e+04  dt=2.4272e+09  f=2.2138e-15  df=5.2224e-08  it=( 1,  1)
 19 t=2.4272e+09  dt=1.8962e+14  f=3.3724e-28  df=7.3532e-13  it=( 1,  1)
Time integrator took (19,19,19) iterations to reach final time 2.42723e+09
