0 TS dt 0.00847458 time 0.
    0 SNES Function norm 1.044417285919e+01 
      0 KSP Residual norm 6.321786344051e-02 
      1 KSP Residual norm 6.527138408273e-03 
      2 KSP Residual norm 3.007994266227e-03 
      3 KSP Residual norm 4.405802465044e-04 
      4 KSP Residual norm 1.328059006482e-04 
      5 KSP Residual norm 1.645064003242e-05 
      6 KSP Residual norm 2.223900764875e-06 
      7 KSP Residual norm 6.427782039964e-08 
    1 SNES Function norm 2.816232619807e-03 
      0 KSP Residual norm 3.304581468910e-06 
      1 KSP Residual norm 5.284722419674e-07 
      2 KSP Residual norm 2.938876946246e-07 
      3 KSP Residual norm 3.194524111905e-08 
      4 KSP Residual norm 1.638568747353e-08 
      5 KSP Residual norm 1.064902055425e-09 
      6 KSP Residual norm 6.987127543212e-10 
      7 KSP Residual norm 1.965722289804e-12 
    2 SNES Function norm 2.565786242485e-03 
1 TS dt 0.00847458 time 0.00847458
    0 SNES Function norm 1.044514656067e+01 
      0 KSP Residual norm 6.331228464842e-02 
      1 KSP Residual norm 6.535447202623e-03 
      2 KSP Residual norm 2.986632054672e-03 
      3 KSP Residual norm 4.408035019878e-04 
      4 KSP Residual norm 1.310041843681e-04 
      5 KSP Residual norm 1.643640825932e-05 
      6 KSP Residual norm 2.150795125999e-06 
      7 KSP Residual norm 6.410530062340e-08 
    1 SNES Function norm 2.754709217697e-03 
      0 KSP Residual norm 5.085117663839e-06 
      1 KSP Residual norm 5.170367671781e-07 
      2 KSP Residual norm 3.007438351688e-07 
      3 KSP Residual norm 1.702113827662e-08 
      4 KSP Residual norm 1.290455919900e-08 
      5 KSP Residual norm 5.053193974369e-10 
      6 KSP Residual norm 4.064598657649e-10 
      7 KSP Residual norm 5.334326730333e-12 
    2 SNES Function norm 2.423430094495e-03 
2 TS dt 0.00847458 time 0.0169492
    0 SNES Function norm 1.044685745239e+01 
      0 KSP Residual norm 6.341032683849e-02 
      1 KSP Residual norm 6.543708499521e-03 
      2 KSP Residual norm 2.967717358842e-03 
      3 KSP Residual norm 4.410585970618e-04 
      4 KSP Residual norm 1.293875684496e-04 
      5 KSP Residual norm 1.641999551794e-05 
      6 KSP Residual norm 2.147298573618e-06 
      7 KSP Residual norm 4.702928535494e-08 
    1 SNES Function norm 2.636025426909e-03 
      0 KSP Residual norm 3.019756604772e-06 
      1 KSP Residual norm 6.851728358015e-07 
      2 KSP Residual norm 3.642844887963e-07 
      3 KSP Residual norm 2.616069672001e-08 
      4 KSP Residual norm 6.891299531020e-09 
      5 KSP Residual norm 8.752775171317e-10 
      6 KSP Residual norm 2.619021145789e-11 
    2 SNES Function norm 2.636025426909e-03 
3 TS dt 0.00847458 time 0.0254237
    0 SNES Function norm 1.044796466827e+01 
      0 KSP Residual norm 6.350326538086e-02 
      1 KSP Residual norm 6.551860366017e-03 
      2 KSP Residual norm 2.946912543848e-03 
      3 KSP Residual norm 4.412576381583e-04 
      4 KSP Residual norm 1.277812989429e-04 
      5 KSP Residual norm 1.640175651119e-05 
      6 KSP Residual norm 2.137768660759e-06 
      7 KSP Residual norm 6.841773370070e-08 
    1 SNES Function norm 2.894822275266e-03 
      0 KSP Residual norm 3.439369493208e-06 
      1 KSP Residual norm 7.140880029510e-07 
      2 KSP Residual norm 4.786586487171e-07 
      3 KSP Residual norm 4.298028954963e-08 
      4 KSP Residual norm 3.025476758012e-08 
      5 KSP Residual norm 1.424770523784e-09 
      6 KSP Residual norm 1.122074877458e-09 
      7 KSP Residual norm 5.336673811196e-12 
    2 SNES Function norm 2.405076753348e-03 
4 TS dt 0.00847458 time 0.0338983
    0 SNES Function norm 1.044972324371e+01 
      0 KSP Residual norm 6.359960883856e-02 
      1 KSP Residual norm 6.560081150383e-03 
      2 KSP Residual norm 2.926903311163e-03 
      3 KSP Residual norm 4.414494906086e-04 
      4 KSP Residual norm 1.259393757209e-04 
      5 KSP Residual norm 1.640284426685e-05 
      6 KSP Residual norm 2.116061978086e-06 
      7 KSP Residual norm 4.726323155069e-08 
    1 SNES Function norm 2.304398920387e-03 
      0 KSP Residual norm 3.250640475017e-06 
      1 KSP Residual norm 6.188219572323e-07 
      2 KSP Residual norm 3.986820900082e-07 
      3 KSP Residual norm 2.106944485547e-08 
      4 KSP Residual norm 1.017507766932e-08 
      5 KSP Residual norm 4.571610034976e-10 
      6 KSP Residual norm 5.769273253575e-11 
      7 KSP Residual norm 2.298323857619e-12 
    2 SNES Function norm 2.304398920387e-03 
5 TS dt 0.00847458 time 0.0423729
    0 SNES Function norm 1.045076560974e+01 
      0 KSP Residual norm 6.369239836931e-02 
      1 KSP Residual norm 6.568219047040e-03 
      2 KSP Residual norm 2.909211441875e-03 
      3 KSP Residual norm 4.416291194502e-04 
      4 KSP Residual norm 1.247273758054e-04 
      5 KSP Residual norm 1.640003210923e-05 
      6 KSP Residual norm 2.128665073542e-06 
      7 KSP Residual norm 1.012101762399e-07 
    1 SNES Function norm 2.716230228543e-03 
      0 KSP Residual norm 4.245031959726e-06 
      1 KSP Residual norm 5.295250389281e-07 
      2 KSP Residual norm 3.473439846857e-07 
      3 KSP Residual norm 2.621196948382e-08 
      4 KSP Residual norm 1.787999437397e-08 
      5 KSP Residual norm 2.545381128094e-10 
      6 KSP Residual norm 1.646120600940e-10 
      7 KSP Residual norm 5.546763569286e-12 
    2 SNES Function norm 2.638106234372e-03 
6 TS dt 0.00847458 time 0.0508475
    0 SNES Function norm 1.045229625702e+01 
      0 KSP Residual norm 6.378490477800e-02 
      1 KSP Residual norm 6.576163228601e-03 
      2 KSP Residual norm 2.887136302888e-03 
      3 KSP Residual norm 4.418413736857e-04 
      4 KSP Residual norm 1.229726767633e-04 
      5 KSP Residual norm 1.636713568587e-05 
      6 KSP Residual norm 2.126391336787e-06 
      7 KSP Residual norm 5.719793350067e-08 
    1 SNES Function norm 2.789998659864e-03 
      0 KSP Residual norm 5.062051513960e-06 
      1 KSP Residual norm 9.143487886831e-07 
      2 KSP Residual norm 4.574803540436e-07 
      3 KSP Residual norm 6.008169606275e-08 
      4 KSP Residual norm 3.728429476269e-08 
      5 KSP Residual norm 2.347065208852e-09 
      6 KSP Residual norm 1.031194019063e-09 
      7 KSP Residual norm 2.134722737121e-12 
    2 SNES Function norm 2.789998659864e-03 
7 TS dt 0.00847458 time 0.059322
    0 SNES Function norm 1.045373344421e+01 
      0 KSP Residual norm 6.387745589018e-02 
      1 KSP Residual norm 6.584224291146e-03 
      2 KSP Residual norm 2.872351091355e-03 
      3 KSP Residual norm 4.420496406965e-04 
      4 KSP Residual norm 1.216794044012e-04 
      5 KSP Residual norm 1.635371882003e-05 
      6 KSP Residual norm 2.150236014131e-06 
      7 KSP Residual norm 1.178886321895e-07 
    1 SNES Function norm 3.110519377515e-03 
      0 KSP Residual norm 4.369900580059e-06 
      1 KSP Residual norm 5.944696113147e-07 
      2 KSP Residual norm 3.303892412987e-07 
      3 KSP Residual norm 2.661427167538e-08 
      4 KSP Residual norm 1.946629346605e-08 
      5 KSP Residual norm 1.112294256700e-09 
      6 KSP Residual norm 7.459278750233e-10 
      7 KSP Residual norm 3.850280337614e-12 
    2 SNES Function norm 2.970310626552e-03 
8 TS dt 0.00847458 time 0.0677966
    0 SNES Function norm 1.045453453064e+01 
      0 KSP Residual norm 6.396841257811e-02 
      1 KSP Residual norm 6.591912358999e-03 
      2 KSP Residual norm 2.849430777133e-03 
      3 KSP Residual norm 4.422378551681e-04 
      4 KSP Residual norm 1.200350307045e-04 
      5 KSP Residual norm 1.635942498979e-05 
      6 KSP Residual norm 2.100907522617e-06 
      7 KSP Residual norm 3.046061536338e-08 
    1 SNES Function norm 2.712056273594e-03 
      0 KSP Residual norm 4.075862307218e-06 
      1 KSP Residual norm 6.978740998420e-07 
      2 KSP Residual norm 3.994850885647e-07 
      3 KSP Residual norm 3.522715630311e-08 
      4 KSP Residual norm 1.924705905765e-08 
      5 KSP Residual norm 1.524341874948e-09 
      6 KSP Residual norm 6.789706019639e-10 
      7 KSP Residual norm 1.725177401109e-12 
    2 SNES Function norm 2.712056273594e-03 
9 TS dt 0.00847458 time 0.0762712
    0 SNES Function norm 1.045592880249e+01 
      0 KSP Residual norm 6.405913829803e-02 
      1 KSP Residual norm 6.599671673030e-03 
      2 KSP Residual norm 2.832170808688e-03 
      3 KSP Residual norm 4.424192302395e-04 
      4 KSP Residual norm 1.185508226627e-04 
      5 KSP Residual norm 1.634150612517e-05 
      6 KSP Residual norm 2.138209538316e-06 
      7 KSP Residual norm 3.809341819760e-08 
    1 SNES Function norm 3.018588060513e-03 
      0 KSP Residual norm 3.694942961374e-06 
      1 KSP Residual norm 7.154847594393e-07 
      2 KSP Residual norm 4.965205562257e-07 
      3 KSP Residual norm 4.304041212322e-08 
      4 KSP Residual norm 3.249326141486e-08 
      5 KSP Residual norm 1.680301897622e-09 
      6 KSP Residual norm 1.184232822915e-09 
      7 KSP Residual norm 2.353199015856e-12 
    2 SNES Function norm 2.636444056407e-03 
10 TS dt 0.00847458 time 0.0847458
