0 TS dt 0.00847458 time 0.
    0 SNES Function norm 1.044373877325e+01 
      0 KSP Residual norm 6.321628301999e-02 
      1 KSP Residual norm 6.526906698930e-03 
      2 KSP Residual norm 3.007791706552e-03 
      3 KSP Residual norm 4.405713554522e-04 
      4 KSP Residual norm 1.328208424515e-04 
      5 KSP Residual norm 1.644811353135e-05 
      6 KSP Residual norm 2.166566242194e-06 
      7 KSP Residual norm 1.586470130595e-16 
    1 SNES Function norm 7.337449917266e-04 
      0 KSP Residual norm 3.134728198020e-06 
      1 KSP Residual norm 3.906901802932e-07 
      2 KSP Residual norm 9.017310449502e-08 
      3 KSP Residual norm 3.016048824996e-08 
      4 KSP Residual norm 5.545058115802e-09 
      5 KSP Residual norm 1.173289407756e-09 
      6 KSP Residual norm 2.688949492463e-10 
      7 KSP Residual norm 6.425931432155e-21 
    2 SNES Function norm 5.661678516636e-11 
1 TS dt 0.00847458 time 0.00847458
    0 SNES Function norm 1.044514631097e+01 
      0 KSP Residual norm 6.331279355759e-02 
      1 KSP Residual norm 6.535292747665e-03 
      2 KSP Residual norm 2.987562112557e-03 
      3 KSP Residual norm 4.407960732509e-04 
      4 KSP Residual norm 1.310867990310e-04 
      5 KSP Residual norm 1.643512035814e-05 
      6 KSP Residual norm 2.157619515591e-06 
      7 KSP Residual norm 9.439033917013e-17 
    1 SNES Function norm 7.215537347936e-04 
      0 KSP Residual norm 3.094217119938e-06 
      1 KSP Residual norm 3.853396165643e-07 
      2 KSP Residual norm 8.869933627178e-08 
      3 KSP Residual norm 2.968861004222e-08 
      4 KSP Residual norm 5.442261222566e-09 
      5 KSP Residual norm 1.152789140987e-09 
      6 KSP Residual norm 2.628606842614e-10 
      7 KSP Residual norm 3.895271394296e-21 
    2 SNES Function norm 5.533643492917e-11 
2 TS dt 0.00847458 time 0.0169492
    0 SNES Function norm 1.044653068944e+01 
      0 KSP Residual norm 6.340852763106e-02 
      1 KSP Residual norm 6.543595844294e-03 
      2 KSP Residual norm 2.967488018227e-03 
      3 KSP Residual norm 4.410154015305e-04 
      4 KSP Residual norm 1.293935090965e-04 
      5 KSP Residual norm 1.642264605661e-05 
      6 KSP Residual norm 2.149306177473e-06 
      7 KSP Residual norm 1.303479711243e-16 
    1 SNES Function norm 7.096638555936e-04 
      0 KSP Residual norm 3.054510440042e-06 
      1 KSP Residual norm 3.801000498387e-07 
      2 KSP Residual norm 8.725839831972e-08 
      3 KSP Residual norm 2.922750507411e-08 
      4 KSP Residual norm 5.341779435787e-09 
      5 KSP Residual norm 1.132841361166e-09 
      6 KSP Residual norm 2.569880731718e-10 
      7 KSP Residual norm 5.983404585705e-21 
    2 SNES Function norm 5.236235205743e-11 
3 TS dt 0.00847458 time 0.0254237
    0 SNES Function norm 1.044789247558e+01 
      0 KSP Residual norm 6.350349403220e-02 
      1 KSP Residual norm 6.551817537718e-03 
      2 KSP Residual norm 2.947571742346e-03 
      3 KSP Residual norm 4.412293238928e-04 
      4 KSP Residual norm 1.277401751314e-04 
      5 KSP Residual norm 1.641065933559e-05 
      6 KSP Residual norm 2.141569821046e-06 
      7 KSP Residual norm 7.468211737013e-17 
    1 SNES Function norm 6.980655055866e-04 
      0 KSP Residual norm 3.015586472511e-06 
      1 KSP Residual norm 3.749683834693e-07 
      2 KSP Residual norm 8.584934528817e-08 
      3 KSP Residual norm 2.877684460640e-08 
      4 KSP Residual norm 5.243554447127e-09 
      5 KSP Residual norm 1.113425160917e-09 
      6 KSP Residual norm 2.512722872950e-10 
      7 KSP Residual norm 3.506711593308e-21 
    2 SNES Function norm 5.113451407763e-11 
4 TS dt 0.00847458 time 0.0338983
    0 SNES Function norm 1.044923221792e+01 
      0 KSP Residual norm 6.359770143981e-02 
      1 KSP Residual norm 6.559959330184e-03 
      2 KSP Residual norm 2.927815370907e-03 
      3 KSP Residual norm 4.414378305489e-04 
      4 KSP Residual norm 1.261259895261e-04 
      5 KSP Residual norm 1.639913030560e-05 
      6 KSP Residual norm 2.134357967380e-06 
      7 KSP Residual norm 6.760613069100e-17 
    1 SNES Function norm 6.867492280866e-04 
      0 KSP Residual norm 2.977424249989e-06 
      1 KSP Residual norm 3.699416246968e-07 
      2 KSP Residual norm 8.447126428579e-08 
      3 KSP Residual norm 2.833631246001e-08 
      4 KSP Residual norm 5.147530491106e-09 
      5 KSP Residual norm 1.094520636202e-09 
      6 KSP Residual norm 2.457086187479e-10 
      7 KSP Residual norm 7.230574224864e-21 
    2 SNES Function norm 4.752621462354e-11 
5 TS dt 0.00847458 time 0.0423729
    0 SNES Function norm 1.045055044742e+01 
      0 KSP Residual norm 6.369115842069e-02 
      1 KSP Residual norm 6.568022679059e-03 
      2 KSP Residual norm 2.908220767658e-03 
      3 KSP Residual norm 4.416409177985e-04 
      4 KSP Residual norm 1.245501371995e-04 
      5 KSP Residual norm 1.638803042750e-05 
      6 KSP Residual norm 2.127621812336e-06 
      7 KSP Residual norm 7.898425027421e-17 
    1 SNES Function norm 6.757059470783e-04 
      0 KSP Residual norm 2.940003517446e-06 
      1 KSP Residual norm 3.650168880980e-07 
      2 KSP Residual norm 8.312328182674e-08 
      3 KSP Residual norm 2.790560484320e-08 
      4 KSP Residual norm 5.053653328311e-09 
      5 KSP Residual norm 1.076108839046e-09 
      6 KSP Residual norm 2.402925346880e-10 
      7 KSP Residual norm 3.741394720880e-21 
    2 SNES Function norm 4.666130700591e-11 
6 TS dt 0.00847458 time 0.0508475
    0 SNES Function norm 1.045184767808e+01 
      0 KSP Residual norm 6.378387343082e-02 
      1 KSP Residual norm 6.576008998535e-03 
      2 KSP Residual norm 2.888789584447e-03 
      3 KSP Residual norm 4.418385875472e-04 
      4 KSP Residual norm 1.230117980237e-04 
      5 KSP Residual norm 1.637733246166e-05 
      6 KSP Residual norm 2.121315990116e-06 
      7 KSP Residual norm 9.102989092310e-17 
    1 SNES Function norm 6.649269539423e-04 
      0 KSP Residual norm 2.903304720284e-06 
      1 KSP Residual norm 3.601913872254e-07 
      2 KSP Residual norm 8.180453791505e-08 
      3 KSP Residual norm 2.748442911816e-08 
      4 KSP Residual norm 4.961868923662e-09 
      5 KSP Residual norm 1.058171714893e-09 
      6 KSP Residual norm 2.350195851927e-10 
      7 KSP Residual norm 4.964834968715e-21 
    2 SNES Function norm 4.471025129852e-11 
7 TS dt 0.00847458 time 0.059322
    0 SNES Function norm 1.045312440769e+01 
      0 KSP Residual norm 6.387585481648e-02 
      1 KSP Residual norm 6.583919661259e-03 
      2 KSP Residual norm 2.869523271170e-03 
      3 KSP Residual norm 4.420308468558e-04 
      4 KSP Residual norm 1.215101490543e-04 
      5 KSP Residual norm 1.636701041839e-05 
      6 KSP Residual norm 2.115398352263e-06 
      7 KSP Residual norm 6.417124125528e-17 
    1 SNES Function norm 6.544038785722e-04 
      0 KSP Residual norm 2.867308940893e-06 
      1 KSP Residual norm 3.554624318597e-07 
      2 KSP Residual norm 8.051422770910e-08 
      3 KSP Residual norm 2.707250399844e-08 
      4 KSP Residual norm 4.872125443546e-09 
      5 KSP Residual norm 1.040692056328e-09 
      6 KSP Residual norm 2.298855614716e-10 
      7 KSP Residual norm 3.140670460028e-21 
    2 SNES Function norm 4.058847439815e-11 
8 TS dt 0.00847458 time 0.0677966
    0 SNES Function norm 1.045438111843e+01 
      0 KSP Residual norm 6.396711081541e-02 
      1 KSP Residual norm 6.591755999885e-03 
      2 KSP Residual norm 2.850423085515e-03 
      3 KSP Residual norm 4.422177075225e-04 
      4 KSP Residual norm 1.200443665787e-04 
      5 KSP Residual norm 1.635703950965e-05 
      6 KSP Residual norm 2.109829761879e-06 
      7 KSP Residual norm 6.553582414264e-17 
    1 SNES Function norm 6.441286836585e-04 
      0 KSP Residual norm 2.831997900324e-06 
      1 KSP Residual norm 3.508274228910e-07 
      2 KSP Residual norm 7.925155398311e-08 
      3 KSP Residual norm 2.666955853517e-08 
      4 KSP Residual norm 4.784371891515e-09 
      5 KSP Residual norm 1.023653459714e-09 
      6 KSP Residual norm 2.248862935554e-10 
      7 KSP Residual norm 3.952784367220e-21 
    2 SNES Function norm 4.092050026541e-11 
9 TS dt 0.00847458 time 0.0762712
    0 SNES Function norm 1.045561827745e+01 
      0 KSP Residual norm 6.405764955798e-02 
      1 KSP Residual norm 6.599519308575e-03 
      2 KSP Residual norm 2.831490102359e-03 
      3 KSP Residual norm 4.423991856931e-04 
      4 KSP Residual norm 1.186136279928e-04 
      5 KSP Residual norm 1.634739610156e-05 
      6 KSP Residual norm 2.104573899619e-06 
      7 KSP Residual norm 5.913882911408e-17 
    1 SNES Function norm 6.340936409061e-04 
      0 KSP Residual norm 2.797353906304e-06 
      1 KSP Residual norm 3.462838484911e-07 
      2 KSP Residual norm 7.801574775723e-08 
      3 KSP Residual norm 2.627533147918e-08 
      4 KSP Residual norm 4.698557254015e-09 
      5 KSP Residual norm 1.007040261358e-09 
      6 KSP Residual norm 2.200177803007e-10 
      7 KSP Residual norm 3.762004175411e-21 
    2 SNES Function norm 4.009143190166e-11 
10 TS dt 0.00847458 time 0.0847458
