----------------------------
Simulation parameters:
  dim  : 2
  r    : 0.1
  eps  : 0.001
  alpha: 0.75
  gamma: 0.75
  D    : 0.01
  IC   : 0
  snum : 2
  x0   : (0.25,0.25)
  scals: (500.,1.,0.,1.)
  x0   : (0.25,0.25)
  scals: (500.,2.,0.,1.)
----------------------------
   0 TS: time 0., energy 32.5981, intp 0., ell 0.
         step 0 stage 0 nonlinear its 1, linear its 1
   1 TS: time 0.1, energy 32.1116, intp 4.7611e-110, ell 0.
         step 1 stage 0 nonlinear its 1, linear its 1
   2 TS: time 0.2, energy 31.6199, intp -1.27448e-109, ell 0.
