----------------------------
Simulation parameters:
  dim  : 2
  r    : 0.1
  eps  : 0.001
  alpha: 0.75
  gamma: 0.75
  D    : 0.01
  IC   : 3
  snum : 1
  x0   : (0.25,0.25)
  scals: (500.,0.,0.,1.)
----------------------------
  ---------- Testing Jacobian -------------
  Run with -snes_test_jacobian_view and optionally -snes_test_jacobian <threshold> to show difference
    of hand-coded and finite difference Jacobian entries greater than <threshold>.
  Testing hand-coded Jacobian, if (for double precision runs) ||J - Jfd||_F/||J||_F is
    O(1.e-8), the hand-coded Jacobian is probably correct.
  ||J - Jfd||_F/||J||_F = 7.63695e-14, ||J - Jfd||_F = 7.42506e-13
   0 TS: time 0., energy 0.796955, intp -3.07049e-21, ell 0.
    ---------- Testing Jacobian -------------
    ||J - Jfd||_F/||J||_F = 6.80395e-06, ||J - Jfd||_F = 6.69302e-05
         step 0 stage 0 nonlinear its 1, linear its 1
   1 TS: time 0.1, energy 0.736711, intp 4.5528e-21, ell 0.
