Test sequential save
rank 0 saving to test_ex30_seq_0.h5
rank 1 saving to test_ex30_seq_1.h5
rank 0 DM refinement level 0
rank 1 DM refinement level 0
Test parallel save
rank 0 saving to test_ex30_par.h5
rank 0 DM refinement level 0
Test sequential load from sequential save
rank 0 loading from test_ex30_seq_0.h5
rank 1 loading from test_ex30_seq_0.h5
rank 0 DM refinement level 0
rank 1 DM refinement level 0
Test parallel load from sequential save
rank 0 loading from test_ex30_seq_0.h5
rank 0 DM refinement level 0
Test sequential load from parallel save
rank 0 loading from test_ex30_par.h5
rank 1 loading from test_ex30_par.h5
rank 0 DM refinement level 0
rank 1 DM refinement level 0
Test parallel load from parallel save
rank 0 loading from test_ex30_par.h5
rank 0 DM refinement level 0
