Jacobian:
Mat Object: (M_) 1 MPI processes
  type: seqaij
row 0: (0, 0.0138889)  (1, 0.00694444)  (3, 0.00694444)  (9, 0.0138889) 
row 1: (0, 0.00694444)  (1, 0.0277778)  (2, 0.00694444)  (4, 0.0138889)  (9, 0.0138889)  (11, 0.0138889) 
row 2: (1, 0.00694444)  (2, 0.0138889)  (5, 0.00694444)  (11, 0.0138889) 
row 3: (0, 0.00694444)  (3, 0.0277778)  (4, 0.0138889)  (6, 0.00694444)  (9, 0.0138889)  (10, 0.0138889) 
row 4: (1, 0.0138889)  (3, 0.0138889)  (4, 0.0555556)  (5, 0.0138889)  (7, 0.0138889)  (9, 0.0138889)  (10, 0.0138889)  (11, 0.0138889)  (12, 0.0138889) 
row 5: (2, 0.00694444)  (4, 0.0138889)  (5, 0.0277778)  (8, 0.00694444)  (11, 0.0138889)  (12, 0.0138889) 
row 6: (3, 0.00694444)  (6, 0.0138889)  (7, 0.00694444)  (10, 0.0138889) 
row 7: (4, 0.0138889)  (6, 0.00694444)  (7, 0.0277778)  (8, 0.00694444)  (10, 0.0138889)  (12, 0.0138889) 
row 8: (5, 0.00694444)  (7, 0.00694444)  (8, 0.0138889)  (12, 0.0138889) 
row 9: (0, 0.0138889)  (1, 0.0138889)  (3, 0.0138889)  (4, 0.0138889)  (9, 0.0277778) 
row 10: (3, 0.0138889)  (4, 0.0138889)  (6, 0.0138889)  (7, 0.0138889)  (10, 0.0277778) 
row 11: (1, 0.0138889)  (2, 0.0138889)  (4, 0.0138889)  (5, 0.0138889)  (11, 0.0277778) 
row 12: (4, 0.0138889)  (5, 0.0138889)  (7, 0.0138889)  (8, 0.0138889)  (12, 0.0277778) 
Z:
Vec Object: 1 MPI processes
  type: seq
0.0416667
0.0833333
0.0416667
0.0833333
0.166667
0.0833333
0.0416667
0.0833333
0.0416667
0.0833333
0.0833333
0.0833333
0.0833333
Residual:
Vec Object: 1 MPI processes
  type: seq
0.0833333
0.166667
-0.416667
0.166667
0.333333
-0.833333
-0.416667
-0.833333
-0.916667
0.166667
0.166667
0.166667
0.166667
Residual:
Vec Object: 1 MPI processes
  type: seq
0.0833333
0.166667
-0.416667
0.166667
0.333333
-0.833333
-0.416667
-0.833333
-0.916667
0.166667
0.166667
0.166667
0.166667
Residual:
Vec Object: 1 MPI processes
  type: seq
0.0833334
0.166667
-0.416667
0.166667
0.333333
-0.833333
-0.416667
-0.833333
-0.916667
0.166667
0.166667
0.166667
0.166667
Residual:
Vec Object: 1 MPI processes
  type: seq
0.0833333
0.166667
-0.416667
0.166667
0.333333
-0.833333
-0.416667
-0.833333
-0.916667
0.166667
0.166667
0.166667
0.166667
Residual:
Vec Object: 1 MPI processes
  type: seq
0.0833333
0.166667
-0.416667
0.166667
0.333333
-0.833333
-0.416667
-0.833333
-0.916667
0.166667
0.166667
0.166667
0.166667
Residual:
Vec Object: 1 MPI processes
  type: seq
0.0833333
0.166667
-0.416667
0.166667
0.333333
-0.833333
-0.416667
-0.833333
-0.916667
0.166667
0.166667
0.166667
0.166667
Residual:
Vec Object: 1 MPI processes
  type: seq
0.0833333
0.166667
-0.416667
0.166667
0.333333
-0.833333
-0.416667
-0.833333
-0.916667
0.166667
0.166667
0.166667
0.166667
Residual:
Vec Object: 1 MPI processes
  type: seq
0.0833333
0.166667
-0.416667
0.166667
0.333333
-0.833333
-0.416667
-0.833333
-0.916667
0.166667
0.166667
0.166667
0.166667
Residual:
Vec Object: 1 MPI processes
  type: seq
0.0833333
0.166667
-0.416667
0.166667
0.333333
-0.833333
-0.416667
-0.833333
-0.916667
0.166667
0.166667
0.166667
0.166667
Residual:
Vec Object: 1 MPI processes
  type: seq
0.0833333
0.166667
-0.416667
0.166667
0.333333
-0.833333
-0.416667
-0.833333
-0.916667
0.166667
0.166667
0.166667
0.166667
Residual:
Vec Object: 1 MPI processes
  type: seq
1.15063e-07
-7.05813e-07
-5.39123e-08
-7.05879e-07
1.34364e-06
-1.62831e-07
-5.39123e-08
-1.66627e-07
-1.49519e-07
1.37861e-06
-1.68784e-06
-1.68784e-06
1.1572e-06
Residual:
Vec Object: 1 MPI processes
  type: seq
1.22013e-07
-6.98863e-07
-5.39123e-08
-6.98929e-07
1.35059e-06
-1.5042e-07
-5.39123e-08
-1.54216e-07
-1.06824e-07
1.49974e-06
-1.68784e-06
-1.68784e-06
1.16416e-06
Residual:
Vec Object: 1 MPI processes
  type: seq
1.57758e-07
-6.93402e-07
-5.39123e-08
-6.93468e-07
1.36846e-06
-1.62831e-07
-4.15011e-08
-8.12374e-08
-1.37108e-07
1.38556e-06
-1.68089e-06
-1.68784e-06
1.16416e-06
Residual:
Vec Object: 1 MPI processes
  type: seq
1.15063e-07
-6.98863e-07
-4.6962e-08
-6.93468e-07
1.35059e-06
-1.55881e-07
-1.12176e-08
-1.54216e-07
-1.49519e-07
1.37861e-06
-1.68089e-06
-1.56671e-06
1.1572e-06
Residual:
Vec Object: 1 MPI processes
  type: seq
1.15063e-07
-6.93402e-07
-1.12176e-08
-6.98929e-07
1.35059e-06
-1.5042e-07
-4.6962e-08
-1.59676e-07
-1.49519e-07
1.37861e-06
-1.56671e-06
-1.68089e-06
1.1572e-06
Residual:
Vec Object: 1 MPI processes
  type: seq
1.15063e-07
-6.8099e-07
-5.39123e-08
-6.81057e-07
1.51442e-06
-1.38009e-07
-5.39123e-08
-1.41804e-07
-1.49519e-07
1.38556e-06
-1.68089e-06
-1.68089e-06
1.16416e-06
Residual:
Vec Object: 1 MPI processes
  type: seq
1.27474e-07
-7.05813e-07
-5.39123e-08
-6.2049e-07
1.36846e-06
-1.62831e-07
-4.15011e-08
-1.66627e-07
-1.49519e-07
1.38556e-06
-1.68089e-06
-1.68784e-06
1.1572e-06
Residual:
Vec Object: 1 MPI processes
  type: seq
1.15063e-07
-7.05813e-07
-5.39123e-08
-7.05879e-07
1.35059e-06
-1.55881e-07
-5.39123e-08
-1.59676e-07
-1.42569e-07
1.37861e-06
-1.68784e-06
-1.68784e-06
1.27834e-06
Residual:
Vec Object: 1 MPI processes
  type: seq
1.15063e-07
-7.05813e-07
-4.15011e-08
-7.05879e-07
1.36846e-06
-7.74417e-08
-5.39123e-08
-1.66627e-07
-1.37108e-07
1.37861e-06
-1.68784e-06
-1.68089e-06
1.16416e-06
Residual:
Vec Object: 1 MPI processes
  type: seq
1.27474e-07
-6.20424e-07
-4.15011e-08
-7.05879e-07
1.36846e-06
-1.62831e-07
-5.39123e-08
-1.66627e-07
-1.49519e-07
1.38556e-06
-1.68784e-06
-1.68089e-06
1.1572e-06
Residual:
Vec Object: 1 MPI processes
  type: seq
0.
0.
0.
0.
0.
0.
0.
0.
0.
0.
0.
0.
0.
L_2 Error: 0.741456