Jacobian:
Mat Object: (M_) 1 MPI process
  type: seqaij
row 0: (0, 0.0138889)  (1, 0.00694444)  (3, 0.00694444)  (9, 0.0138889) 
row 1: (0, 0.00694444)  (1, 0.0277778)  (2, 0.00694444)  (4, 0.0138889)  (9, 0.0138889)  (11, 0.0138889) 
row 2: (1, 0.00694444)  (2, 0.0138889)  (5, 0.00694444)  (11, 0.0138889) 
row 3: (0, 0.00694444)  (3, 0.0277778)  (4, 0.0138889)  (6, 0.00694444)  (9, 0.0138889)  (10, 0.0138889) 
row 4: (1, 0.0138889)  (3, 0.0138889)  (4, 0.0555556)  (5, 0.0138889)  (7, 0.0138889)  (9, 0.0138889)  (10, 0.0138889)  (11, 0.0138889)  (12, 0.0138889) 
row 5: (2, 0.00694444)  (4, 0.0138889)  (5, 0.0277778)  (8, 0.00694444)  (11, 0.0138889)  (12, 0.0138889) 
row 6: (3, 0.00694444)  (6, 0.0138889)  (7, 0.00694444)  (10, 0.0138889) 
row 7: (4, 0.0138889)  (6, 0.00694444)  (7, 0.0277778)  (8, 0.00694444)  (10, 0.0138889)  (12, 0.0138889) 
row 8: (5, 0.00694444)  (7, 0.00694444)  (8, 0.0138889)  (12, 0.0138889) 
row 9: (0, 0.0138889)  (1, 0.0138889)  (3, 0.0138889)  (4, 0.0138889)  (9, 0.0277778) 
row 10: (3, 0.0138889)  (4, 0.0138889)  (6, 0.0138889)  (7, 0.0138889)  (10, 0.0277778) 
row 11: (1, 0.0138889)  (2, 0.0138889)  (4, 0.0138889)  (5, 0.0138889)  (11, 0.0277778) 
row 12: (4, 0.0138889)  (5, 0.0138889)  (7, 0.0138889)  (8, 0.0138889)  (12, 0.0277778) 
Z:
Vec Object: 1 MPI process
  type: seq
0.0416667
0.0833333
0.0416667
0.0833333
0.166667
0.0833333
0.0416667
0.0833333
0.0416667
0.0833333
0.0833333
0.0833333
0.0833333
Residual:
Vec Object: 1 MPI process
  type: seq
0.
0.
0.
0.
0.333333
0.
0.
0.
0.
0.166667
0.166667
0.166667
0.166667
Residual:
Vec Object: 1 MPI process
  type: seq
0.
0.
0.
0.
0.333333
0.
0.
0.
0.
0.166667
0.166667
0.166667
0.166667
Residual:
Vec Object: 1 MPI process
  type: seq
0.
0.
0.
0.
0.333333
0.
0.
0.
0.
0.166667
0.166667
0.166667
0.166667
Residual:
Vec Object: 1 MPI process
  type: seq
0.
0.
0.
0.
0.333333
0.
0.
0.
0.
0.166667
0.166667
0.166667
0.166667
Residual:
Vec Object: 1 MPI process
  type: seq
0.
0.
0.
0.
0.333333
0.
0.
0.
0.
0.166667
0.166667
0.166667
0.166667
Residual:
Vec Object: 1 MPI process
  type: seq
0.
0.
0.
0.
0.333333
0.
0.
0.
0.
0.166667
0.166667
0.166667
0.166667
Residual:
Vec Object: 1 MPI process
  type: seq
0.
0.
0.
0.
0.
0.
0.
0.
0.
0.
0.
0.
0.
L_2 Error: 0.298932