0 TS dt 0.001 time 0.
1 TS dt 0.001 time 0.001
2 TS dt 0.001 time 0.002
3 TS dt 0.001 time 0.003
4 TS dt 0.001 time 0.004
5 TS dt 0.001 time 0.005
6 TS dt 0.001 time 0.006
7 TS dt 0.001 time 0.007
8 TS dt 0.001 time 0.008
9 TS dt 0.001 time 0.009
10 TS dt 0.001 time 0.01
11 TS dt 0.001 time 0.011
12 TS dt 0.001 time 0.012
13 TS dt 0.001 time 0.013
14 TS dt 0.001 time 0.014
15 TS dt 0.001 time 0.015
16 TS dt 0.001 time 0.016
17 TS dt 0.001 time 0.017
18 TS dt 0.001 time 0.018
19 TS dt 0.001 time 0.019
20 TS dt 0.001 time 0.02
21 TS dt 0.001 time 0.021
22 TS dt 0.001 time 0.022
23 TS dt 0.001 time 0.023
24 TS dt 0.001 time 0.024
25 TS dt 0.001 time 0.025
26 TS dt 0.001 time 0.026
27 TS dt 0.001 time 0.027
28 TS dt 0.001 time 0.028
29 TS dt 0.001 time 0.029
30 TS dt 0.001 time 0.03
31 TS dt 0.001 time 0.031
32 TS dt 0.001 time 0.032
33 TS dt 0.001 time 0.033
34 TS dt 0.001 time 0.034
35 TS dt 0.001 time 0.035
36 TS dt 0.001 time 0.036
37 TS dt 0.001 time 0.037
38 TS dt 0.001 time 0.038
39 TS dt 0.001 time 0.039
40 TS dt 0.001 time 0.04
41 TS dt 0.001 time 0.041
42 TS dt 0.001 time 0.042
43 TS dt 0.001 time 0.043
44 TS dt 0.001 time 0.044
45 TS dt 0.001 time 0.045
46 TS dt 0.001 time 0.046
47 TS dt 0.001 time 0.047
48 TS dt 0.001 time 0.048
49 TS dt 0.001 time 0.049
50 TS dt 0.001 time 0.05
51 TS dt 0.001 time 0.051
52 TS dt 0.001 time 0.052
53 TS dt 0.001 time 0.053
54 TS dt 0.001 time 0.054
55 TS dt 0.001 time 0.055
56 TS dt 0.001 time 0.056
57 TS dt 0.001 time 0.057
58 TS dt 0.001 time 0.058
59 TS dt 0.001 time 0.059
60 TS dt 0.001 time 0.06
61 TS dt 0.001 time 0.061
62 TS dt 0.001 time 0.062
63 TS dt 0.001 time 0.063
64 TS dt 0.001 time 0.064
65 TS dt 0.001 time 0.065
66 TS dt 0.001 time 0.066
67 TS dt 0.001 time 0.067
68 TS dt 0.001 time 0.068
69 TS dt 0.001 time 0.069
70 TS dt 0.001 time 0.07
71 TS dt 0.001 time 0.071
72 TS dt 0.001 time 0.072
73 TS dt 0.001 time 0.073
74 TS dt 0.001 time 0.074
75 TS dt 0.001 time 0.075
76 TS dt 0.001 time 0.076
77 TS dt 0.001 time 0.077
78 TS dt 0.001 time 0.078
79 TS dt 0.001 time 0.079
80 TS dt 0.001 time 0.08
81 TS dt 0.001 time 0.081
82 TS dt 0.001 time 0.082
83 TS dt 0.001 time 0.083
84 TS dt 0.001 time 0.084
85 TS dt 0.001 time 0.085
86 TS dt 0.001 time 0.086
87 TS dt 0.001 time 0.087
88 TS dt 0.001 time 0.088
89 TS dt 0.001 time 0.089
90 TS dt 0.001 time 0.09
91 TS dt 0.001 time 0.091
92 TS dt 0.001 time 0.092
93 TS dt 0.001 time 0.093
94 TS dt 0.001 time 0.094
95 TS dt 0.001 time 0.095
96 TS dt 0.001 time 0.096
97 TS dt 0.001 time 0.097
98 TS dt 0.001 time 0.098
99 TS dt 0.001 time 0.099
100 TS dt 0.001 time 0.1
101 TS dt 0.001 time 0.101
102 TS dt 0.001 time 0.102
103 TS dt 0.001 time 0.103
104 TS dt 0.001 time 0.104
105 TS dt 0.001 time 0.105
106 TS dt 0.001 time 0.106
107 TS dt 0.001 time 0.107
108 TS dt 0.001 time 0.108
109 TS dt 0.001 time 0.109
110 TS dt 0.001 time 0.11
111 TS dt 0.001 time 0.111
112 TS dt 0.001 time 0.112
113 TS dt 0.001 time 0.113
114 TS dt 0.001 time 0.114
115 TS dt 0.001 time 0.115
116 TS dt 0.001 time 0.116
117 TS dt 0.001 time 0.117
118 TS dt 0.001 time 0.118
119 TS dt 0.001 time 0.119
120 TS dt 0.001 time 0.12
121 TS dt 0.001 time 0.121
122 TS dt 0.001 time 0.122
123 TS dt 0.001 time 0.123
124 TS dt 0.001 time 0.124
125 TS dt 0.001 time 0.125
126 TS dt 0.001 time 0.126
127 TS dt 0.001 time 0.127
128 TS dt 0.001 time 0.128
129 TS dt 0.001 time 0.129
130 TS dt 0.001 time 0.13
131 TS dt 0.001 time 0.131
132 TS dt 0.001 time 0.132
133 TS dt 0.001 time 0.133
134 TS dt 0.001 time 0.134
135 TS dt 0.001 time 0.135
136 TS dt 0.001 time 0.136
137 TS dt 0.001 time 0.137
138 TS dt 0.001 time 0.138
139 TS dt 0.001 time 0.139
140 TS dt 0.001 time 0.14
141 TS dt 0.001 time 0.141
142 TS dt 0.001 time 0.142
143 TS dt 0.001 time 0.143
144 TS dt 0.001 time 0.144
145 TS dt 0.001 time 0.145
146 TS dt 0.001 time 0.146
147 TS dt 0.001 time 0.147
148 TS dt 0.001 time 0.148
149 TS dt 0.001 time 0.149
150 TS dt 0.001 time 0.15
