Timestep: 0000 time = 0        	 L_2 Error: [1.41e-16, 6.14e-17]
0 TS dt 0.1 time 0.
    0 SNES Function norm 0.0707547 
      0 KSP Residual norm 4.36147 
      1 KSP Residual norm 2.126e-10 
    Linear solve converged due to CONVERGED_RTOL iterations 1
    1 SNES Function norm 0.00330843 
      0 KSP Residual norm 0.0776172 
      1 KSP Residual norm 1.818e-11 
    Linear solve converged due to CONVERGED_RTOL iterations 1
    2 SNES Function norm 6.15507e-06 
      0 KSP Residual norm 0.000161344 
      1 KSP Residual norm < 1.e-11
    Linear solve converged due to CONVERGED_RTOL iterations 1
    3 SNES Function norm 3.088e-11 
  Nonlinear solve converged due to CONVERGED_FNORM_RELATIVE iterations 3
Timestep: 0001 time = 0.1      	 L_2 Error: [0.0062, 0.383]
1 TS dt 0.1 time 0.1
    0 SNES Function norm 0.130438 
      0 KSP Residual norm 2.13732 
      1 KSP Residual norm 5.815e-11 
    Linear solve converged due to CONVERGED_RTOL iterations 1
    1 SNES Function norm 0.0035094 
      0 KSP Residual norm 0.0802827 
      1 KSP Residual norm 2.410e-11 
    Linear solve converged due to CONVERGED_RTOL iterations 1
    2 SNES Function norm 6.64322e-06 
      0 KSP Residual norm 0.000171674 
      1 KSP Residual norm < 1.e-11
    Linear solve converged due to CONVERGED_RTOL iterations 1
    3 SNES Function norm 3.567e-11 
  Nonlinear solve converged due to CONVERGED_FNORM_RELATIVE iterations 3
Timestep: 0002 time = 0.2      	 L_2 Error: [0.0101, 0.364]
2 TS dt 0.1 time 0.2
    0 SNES Function norm 0.131329 
      0 KSP Residual norm 2.14459 
      1 KSP Residual norm 4.621e-11 
    Linear solve converged due to CONVERGED_RTOL iterations 1
    1 SNES Function norm 0.00357453 
      0 KSP Residual norm 0.080747 
      1 KSP Residual norm 1.827e-11 
    Linear solve converged due to CONVERGED_RTOL iterations 1
    2 SNES Function norm 6.34021e-06 
      0 KSP Residual norm 0.00015751 
      1 KSP Residual norm < 1.e-11
    Linear solve converged due to CONVERGED_RTOL iterations 1
    3 SNES Function norm 2.664e-11 
  Nonlinear solve converged due to CONVERGED_FNORM_RELATIVE iterations 3
Timestep: 0003 time = 0.3      	 L_2 Error: [0.0126, 0.346]
3 TS dt 0.1 time 0.3
    0 SNES Function norm 0.132437 
      0 KSP Residual norm 2.14629 
      1 KSP Residual norm 4.239e-11 
    Linear solve converged due to CONVERGED_RTOL iterations 1
    1 SNES Function norm 0.00357689 
      0 KSP Residual norm 0.0799562 
      1 KSP Residual norm 2.212e-11 
    Linear solve converged due to CONVERGED_RTOL iterations 1
    2 SNES Function norm 5.5542e-06 
      0 KSP Residual norm 0.000131317 
      1 KSP Residual norm < 1.e-11
    Linear solve converged due to CONVERGED_RTOL iterations 1
    3 SNES Function norm 1.660e-11 
  Nonlinear solve converged due to CONVERGED_FNORM_RELATIVE iterations 3
Timestep: 0004 time = 0.4      	 L_2 Error: [0.0142, 0.332]
4 TS dt 0.1 time 0.4
    0 SNES Function norm 0.133785 
      0 KSP Residual norm 2.14617 
      1 KSP Residual norm 4.875e-11 
    Linear solve converged due to CONVERGED_RTOL iterations 1
    1 SNES Function norm 0.00356555 
      0 KSP Residual norm 0.0788528 
      1 KSP Residual norm 2.036e-11 
    Linear solve converged due to CONVERGED_RTOL iterations 1
    2 SNES Function norm 4.76327e-06 
      0 KSP Residual norm 0.000108466 
      1 KSP Residual norm < 1.e-11
    Linear solve converged due to CONVERGED_RTOL iterations 1
    3 SNES Function norm 1.084e-11 
  Nonlinear solve converged due to CONVERGED_FNORM_RELATIVE iterations 3
Timestep: 0005 time = 0.5      	 L_2 Error: [0.0149, 0.319]
5 TS dt 0.1 time 0.5
    0 SNES Function norm 0.135355 
      0 KSP Residual norm 2.1463 
      1 KSP Residual norm 4.129e-11 
    Linear solve converged due to CONVERGED_RTOL iterations 1
    1 SNES Function norm 0.00356347 
      0 KSP Residual norm 0.0780844 
      1 KSP Residual norm 2.436e-11 
    Linear solve converged due to CONVERGED_RTOL iterations 1
    2 SNES Function norm 4.20823e-06 
      0 KSP Residual norm 9.43706e-05 
      1 KSP Residual norm < 1.e-11
    Linear solve converged due to CONVERGED_RTOL iterations 1
    3 SNES Function norm < 1.e-11
  Nonlinear solve converged due to CONVERGED_FNORM_RELATIVE iterations 3
Timestep: 0006 time = 0.6      	 L_2 Error: [0.0151, 0.309]
6 TS dt 0.1 time 0.6
    0 SNES Function norm 0.137118 
      0 KSP Residual norm 2.14738 
      1 KSP Residual norm 4.861e-11 
    Linear solve converged due to CONVERGED_RTOL iterations 1
    1 SNES Function norm 0.00357195 
      0 KSP Residual norm 0.0777228 
      1 KSP Residual norm 1.716e-11 
    Linear solve converged due to CONVERGED_RTOL iterations 1
    2 SNES Function norm 3.82092e-06 
      0 KSP Residual norm 8.53453e-05 
      1 KSP Residual norm < 1.e-11
    Linear solve converged due to CONVERGED_RTOL iterations 1
    3 SNES Function norm < 1.e-11
  Nonlinear solve converged due to CONVERGED_FNORM_RELATIVE iterations 3
Timestep: 0007 time = 0.7      	 L_2 Error: [0.015, 0.302]
7 TS dt 0.1 time 0.7
    0 SNES Function norm 0.139047 
      0 KSP Residual norm 2.14905 
      1 KSP Residual norm 5.493e-11 
    Linear solve converged due to CONVERGED_RTOL iterations 1
    1 SNES Function norm 0.00358291 
      0 KSP Residual norm 0.0774643 
      1 KSP Residual norm 1.426e-11 
    Linear solve converged due to CONVERGED_RTOL iterations 1
    2 SNES Function norm 3.47526e-06 
      0 KSP Residual norm 7.67472e-05 
      1 KSP Residual norm < 1.e-11
    Linear solve converged due to CONVERGED_RTOL iterations 1
    3 SNES Function norm < 1.e-11
  Nonlinear solve converged due to CONVERGED_FNORM_RELATIVE iterations 3
Timestep: 0008 time = 0.8      	 L_2 Error: [0.0146, 0.298]
8 TS dt 0.1 time 0.8
    0 SNES Function norm 0.141117 
      0 KSP Residual norm 2.15059 
      1 KSP Residual norm 5.921e-11 
    Linear solve converged due to CONVERGED_RTOL iterations 1
    1 SNES Function norm 0.00358965 
      0 KSP Residual norm 0.0770566 
      1 KSP Residual norm 2.107e-11 
    Linear solve converged due to CONVERGED_RTOL iterations 1
    2 SNES Function norm 3.1365e-06 
      0 KSP Residual norm 6.75158e-05 
      1 KSP Residual norm < 1.e-11
    Linear solve converged due to CONVERGED_RTOL iterations 1
    3 SNES Function norm < 1.e-11
  Nonlinear solve converged due to CONVERGED_FNORM_RELATIVE iterations 3
Timestep: 0009 time = 0.9      	 L_2 Error: [0.0142, 0.296]
9 TS dt 0.1 time 0.9
    0 SNES Function norm 0.14332 
      0 KSP Residual norm 2.15155 
      1 KSP Residual norm 5.780e-11 
    Linear solve converged due to CONVERGED_RTOL iterations 1
    1 SNES Function norm 0.00359083 
      0 KSP Residual norm 0.0764681 
      1 KSP Residual norm 1.740e-11 
    Linear solve converged due to CONVERGED_RTOL iterations 1
    2 SNES Function norm 2.82333e-06 
      0 KSP Residual norm 5.86403e-05 
      1 KSP Residual norm < 1.e-11
    Linear solve converged due to CONVERGED_RTOL iterations 1
    3 SNES Function norm < 1.e-11
  Nonlinear solve converged due to CONVERGED_FNORM_RELATIVE iterations 3
Timestep: 0010 time = 1        	 L_2 Error: [0.0138, 0.297]
10 TS dt 0.1 time 1.
