Vec Object: 1 MPI processes
  type: seq
2.
-0.66
Vec Object: 1 MPI processes
  type: seq
2.
-0.666305
Vec Object: 1 MPI processes
  type: seq
2.
-0.666646
Vec Object: 1 MPI processes
  type: seq
2.
-0.666667
Vec Object: 1 MPI processes
  type: seq
1.99999
-0.66667
Vec Object: 1 MPI processes
  type: seq
1.99997
-0.666684
Vec Object: 1 MPI processes
  type: seq
1.99978
-0.666789
Vec Object: 1 MPI processes
  type: seq
1.99826
-0.667635
Vec Object: 1 MPI processes
  type: seq
1.98602
-0.674535
Vec Object: 1 MPI processes
  type: seq
1.91902
-0.715386
Vec Object: 1 MPI processes
  type: seq
1.73561
-0.862477
Vec Object: 1 MPI processes
  type: seq
1.60799
-1.01409
Vec Object: 1 MPI processes
  type: seq
1.49538
-1.20969
Vec Object: 1 MPI processes
  type: seq
1.40798
-1.43319
Vec Object: 1 MPI processes
  type: seq
1.33467
-1.70815
Vec Object: 1 MPI processes
  type: seq
1.27579
-2.03265
Vec Object: 1 MPI processes
  type: seq
1.22708
-2.42628
Vec Object: 1 MPI processes
  type: seq
1.18703
-2.90184
Vec Object: 1 MPI processes
  type: seq
1.1539
-3.48066
Vec Object: 1 MPI processes
  type: seq
1.12649
-4.18745
Vec Object: 1 MPI processes
  type: seq
1.10383
-5.05227
Vec Object: 1 MPI processes
  type: seq
1.08509
-6.11325
Vec Object: 1 MPI processes
  type: seq
1.06961
-7.41956
Vec Object: 1 MPI processes
  type: seq
1.05706
-8.99376
Vec Object: 1 MPI processes
  type: seq
1.04412
-11.546
Vec Object: 1 MPI processes
  type: seq
1.03618
-13.9953
Vec Object: 1 MPI processes
  type: seq
1.02971
-16.9238
Vec Object: 1 MPI processes
  type: seq
1.02347
-21.1737
Vec Object: 1 MPI processes
  type: seq
1.01844
-26.4413
Vec Object: 1 MPI processes
  type: seq
1.01496
-31.7625
Vec Object: 1 MPI processes
  type: seq
1.01223
-37.4601
Vec Object: 1 MPI processes
  type: seq
1.00969
-44.5425
Vec Object: 1 MPI processes
  type: seq
1.00732
-53.2687
Vec Object: 1 MPI processes
  type: seq
1.00514
-63.7762
Vec Object: 1 MPI processes
  type: seq
1.00304
-76.7849
Vec Object: 1 MPI processes
  type: seq
1.00097
-93.05
Vec Object: 1 MPI processes
  type: seq
0.998894
-113.562
Vec Object: 1 MPI processes
  type: seq
0.996772
-139.599
Vec Object: 1 MPI processes
  type: seq
0.994566
-172.82
Vec Object: 1 MPI processes
  type: seq
0.992241
-215.387
Vec Object: 1 MPI processes
  type: seq
0.989757
-270.112
Vec Object: 1 MPI processes
  type: seq
0.987075
-340.654
Vec Object: 1 MPI processes
  type: seq
0.984149
-431.774
Vec Object: 1 MPI processes
  type: seq
0.98093
-549.669
Vec Object: 1 MPI processes
  type: seq
0.977366
-702.404
Vec Object: 1 MPI processes
  type: seq
0.973393
-900.48
Vec Object: 1 MPI processes
  type: seq
0.968944
-1157.58
Vec Object: 1 MPI processes
  type: seq
0.963939
-1491.52
Vec Object: 1 MPI processes
  type: seq
0.95829
-1925.53
Vec Object: 1 MPI processes
  type: seq
0.951893
-2489.92
Vec Object: 1 MPI processes
  type: seq
0.944631
-3224.26
Vec Object: 1 MPI processes
  type: seq
0.93637
-4180.24
Vec Object: 1 MPI processes
  type: seq
0.92695
-5425.47
Vec Object: 1 MPI processes
  type: seq
0.916191
-7048.49
Vec Object: 1 MPI processes
  type: seq
0.903878
-9165.44
Vec Object: 1 MPI processes
  type: seq
0.889763
-11928.9
Vec Object: 1 MPI processes
  type: seq
0.873551
-15539.9
Vec Object: 1 MPI processes
  type: seq
0.85489
-20263.8
Vec Object: 1 MPI processes
  type: seq
0.83336
-26452.4
Vec Object: 1 MPI processes
  type: seq
0.808455
-34573.8
Vec Object: 1 MPI processes
  type: seq
0.779549
-45254.9
Vec Object: 1 MPI processes
  type: seq
0.745865
-59341.5
Vec Object: 1 MPI processes
  type: seq
0.706413
-77986.5
Vec Object: 1 MPI processes
  type: seq
0.659898
-102785.
Vec Object: 1 MPI processes
  type: seq
0.604555
-135993.
Vec Object: 1 MPI processes
  type: seq
0.537849
-180910.
Vec Object: 1 MPI processes
  type: seq
0.45582
-242645.
Vec Object: 1 MPI processes
  type: seq
0.351373
-329983.
Vec Object: 1 MPI processes
  type: seq
0.211952
-458118.
Vec Object: 1 MPI processes
  type: seq
-0.00278739
-669682.
Vec Object: 1 MPI processes
  type: seq
-0.174563
-839684.
Vec Object: 1 MPI processes
  type: seq
-0.342379
-995884.
Vec Object: 1 MPI processes
  type: seq
-0.539304
-1.1539e+06
Vec Object: 1 MPI processes
  type: seq
-0.792576
-1.2935e+06
Vec Object: 1 MPI processes
  type: seq
-1.04988
-1.33102e+06
Vec Object: 1 MPI processes
  type: seq
-1.28185
-1.24665e+06
Vec Object: 1 MPI processes
  type: seq
-1.46422
-1.0847e+06
Vec Object: 1 MPI processes
  type: seq
-1.64357
-830509.
Vec Object: 1 MPI processes
  type: seq
-1.76227
-604846.
Vec Object: 1 MPI processes
  type: seq
-1.83045
-452994.
Vec Object: 1 MPI processes
  type: seq
-1.89235
-300414.
Vec Object: 1 MPI processes
  type: seq
-1.93557
-185292.
Vec Object: 1 MPI processes
  type: seq
-1.96757
-95411.3
Vec Object: 1 MPI processes
  type: seq
-1.98151
-54995.2
Vec Object: 1 MPI processes
  type: seq
-1.98835
-34880.5
Vec Object: 1 MPI processes
  type: seq
-1.99295
-21270.6
Vec Object: 1 MPI processes
  type: seq
-1.99574
-12953.9
Vec Object: 1 MPI processes
  type: seq
-1.99741
-7954.87
Vec Object: 1 MPI processes
  type: seq
-1.99843
-4913.02
Vec Object: 1 MPI processes
  type: seq
-1.99905
-3044.09
Vec Object: 1 MPI processes
  type: seq
-1.99944
-1889.82
Vec Object: 1 MPI processes
  type: seq
-1.99968
-1174.57
Vec Object: 1 MPI processes
  type: seq
-1.99983
-730.47
Vec Object: 1 MPI processes
  type: seq
-1.99992
-454.393
Vec Object: 1 MPI processes
  type: seq
-1.99998
-282.637
Vec Object: 1 MPI processes
  type: seq
-2.00001
-175.733
Vec Object: 1 MPI processes
  type: seq
-2.00003
-109.175
Vec Object: 1 MPI processes
  type: seq
-2.00005
-67.7296
Vec Object: 1 MPI processes
  type: seq
-2.00006
-41.9221
Vec Object: 1 MPI processes
  type: seq
-2.00006
-25.8522
Vec Object: 1 MPI processes
  type: seq
-2.00006
-15.8459
Vec Object: 1 MPI processes
  type: seq
-2.00007
-9.61522
Vec Object: 1 MPI processes
  type: seq
-2.00007
-5.73557
Vec Object: 1 MPI processes
  type: seq
-2.00007
-3.31982
Vec Object: 1 MPI processes
  type: seq
-2.00007
-1.81561
Vec Object: 1 MPI processes
  type: seq
-2.00007
-0.878985
Vec Object: 1 MPI processes
  type: seq
-2.00007
-0.295777
Vec Object: 1 MPI processes
  type: seq
-2.00007
0.0673685
Vec Object: 1 MPI processes
  type: seq
-2.00007
0.293488
Vec Object: 1 MPI processes
  type: seq
-2.00007
0.434283
Vec Object: 1 MPI processes
  type: seq
-2.00007
0.54991
Vec Object: 1 MPI processes
  type: seq
-2.00007
0.613067
Vec Object: 1 MPI processes
  type: seq
-2.00007
0.646129
Vec Object: 1 MPI processes
  type: seq
-2.00007
0.661049
Vec Object: 1 MPI processes
  type: seq
-2.00007
0.665677
Vec Object: 1 MPI processes
  type: seq
-2.00007
0.666561
Vec Object: 1 MPI processes
  type: seq
-2.00007
0.666628
Vec Object: 1 MPI processes
  type: seq
-2.00006
0.666632
Vec Object: 1 MPI processes
  type: seq
-2.00005
0.666638
Vec Object: 1 MPI processes
  type: seq
-1.99995
0.666692
Vec Object: 1 MPI processes
  type: seq
-1.99918
0.667121
Vec Object: 1 MPI processes
  type: seq
-1.99299
0.670583
Vec Object: 1 MPI processes
  type: seq
-1.94222
0.700597
Vec Object: 1 MPI processes
  type: seq
-1.79753
0.80566
Vec Object: 1 MPI processes
  type: seq
-1.63998
0.970659
Vec Object: 1 MPI processes
  type: seq
-1.52966
1.14166
Vec Object: 1 MPI processes
  type: seq
-1.43197
1.36308
Vec Object: 1 MPI processes
  type: seq
-1.35598
1.6168
Vec Object: 1 MPI processes
  type: seq
-1.29234
1.92844
Vec Object: 1 MPI processes
  type: seq
-1.24099
2.29784
Vec Object: 1 MPI processes
  type: seq
-1.19862
2.74468
Vec Object: 1 MPI processes
  type: seq
-1.16349
3.28925
Vec Object: 1 MPI processes
  type: seq
-1.13442
3.95347
Vec Object: 1 MPI processes
  type: seq
-1.11039
4.76561
Vec Object: 1 MPI processes
  type: seq
-1.09052
5.76118
Vec Object: 1 MPI processes
  type: seq
-1.07409
6.98543
Vec Object: 1 MPI processes
  type: seq
-1.06081
8.45598
Vec Object: 1 MPI processes
  type: seq
-1.0469
10.8794
Vec Object: 1 MPI processes
  type: seq
-1.03861
13.1393
Vec Object: 1 MPI processes
  type: seq
-1.03167
15.916
Vec Object: 1 MPI processes
  type: seq
-1.02484
20.0747
Vec Object: 1 MPI processes
  type: seq
-1.01945
25.1978
Vec Object: 1 MPI processes
  type: seq
-1.01583
30.2707
Vec Object: 1 MPI processes
  type: seq
-1.01301
35.6668
Vec Object: 1 MPI processes
  type: seq
-1.01036
42.4742
Vec Object: 1 MPI processes
  type: seq
-1.00792
50.8264
Vec Object: 1 MPI processes
  type: seq
-1.00571
60.7584
Vec Object: 1 MPI processes
  type: seq
-1.00361
72.9311
Vec Object: 1 MPI processes
  type: seq
-1.00153
88.2665
Vec Object: 1 MPI processes
  type: seq
-0.999458
107.537
Vec Object: 1 MPI processes
  type: seq
-0.997352
131.925
Vec Object: 1 MPI processes
  type: seq
-0.995173
163.011
Vec Object: 1 MPI processes
  type: seq
-0.992884
202.804
Vec Object: 1 MPI processes
  type: seq
-0.990447
253.919
Vec Object: 1 MPI processes
  type: seq
-0.987822
319.765
Vec Object: 1 MPI processes
  type: seq
-0.984967
404.774
Vec Object: 1 MPI processes
  type: seq
-0.981833
514.717
Vec Object: 1 MPI processes
  type: seq
-0.978367
657.106
Vec Object: 1 MPI processes
  type: seq
-0.974512
841.716
Vec Object: 1 MPI processes
  type: seq
-0.970199
1081.28
Vec Object: 1 MPI processes
  type: seq
-0.965352
1392.4
Vec Object: 1 MPI processes
  type: seq
-0.959887
1796.68
Vec Object: 1 MPI processes
  type: seq
-0.953703
2322.34
Vec Object: 1 MPI processes
  type: seq
-0.946688
3006.17
Vec Object: 1 MPI processes
  type: seq
-0.938712
3896.28
Vec Object: 1 MPI processes
  type: seq
-0.929622
5055.51
Vec Object: 1 MPI processes
  type: seq
-0.919245
6566.17
Vec Object: 1 MPI processes
  type: seq
-0.907376
8536.17
Vec Object: 1 MPI processes
  type: seq
-0.893775
11107.2
Vec Object: 1 MPI processes
  type: seq
-0.878162
14465.8
Vec Object: 1 MPI processes
  type: seq
-0.860201
18858.
Vec Object: 1 MPI processes
  type: seq
-0.839494
24609.7
Vec Object: 1 MPI processes
  type: seq
-0.815558
32154.
Vec Object: 1 MPI processes
  type: seq
-0.787803
42069.8
Vec Object: 1 MPI processes
  type: seq
-0.755499
55136.3
Vec Object: 1 MPI processes
  type: seq
-0.71772
72412.4
Vec Object: 1 MPI processes
  type: seq
-0.673266
95356.6
Vec Object: 1 MPI processes
  type: seq
-0.620521
126017.
Vec Object: 1 MPI processes
  type: seq
-0.557203
167358.
Vec Object: 1 MPI processes
  type: seq
-0.479837
223885.
Vec Object: 1 MPI processes
  type: seq
-0.382475
303072.
Vec Object: 1 MPI processes
  type: seq
-0.254127
418240.
Vec Object: 1 MPI processes
  type: seq
-0.0692284
597777.
Vec Object: 1 MPI processes
  type: seq
0.0860061
752689.
Vec Object: 1 MPI processes
  type: seq
0.227446
890419.
Vec Object: 1 MPI processes
  type: seq
0.431049
1.07125e+06
Vec Object: 1 MPI processes
  type: seq
0.662824
1.23265e+06
Vec Object: 1 MPI processes
  type: seq
0.939582
1.32999e+06
Vec Object: 1 MPI processes
  type: seq
1.15847
1.30712e+06
Vec Object: 1 MPI processes
  type: seq
1.32685
1.21509e+06
Vec Object: 1 MPI processes
  type: seq
1.51927
1.01725e+06
Vec Object: 1 MPI processes
  type: seq
1.69723
734446.
Vec Object: 1 MPI processes
  type: seq
1.80373
514505.
Vec Object: 1 MPI processes
  type: seq
1.86864
360563.
Vec Object: 1 MPI processes
  type: seq
1.91887
230625.
Vec Object: 1 MPI processes
  type: seq
1.95467
132126.
Vec Object: 1 MPI processes
  type: seq
1.97471
74815.6
Vec Object: 1 MPI processes
  type: seq
1.98225
52853.7
Vec Object: 1 MPI processes
  type: seq
1.98899
33022.
Vec Object: 1 MPI processes
  type: seq
1.99341
19907.1
Vec Object: 1 MPI processes
  type: seq
1.99602
12125.
Vec Object: 1 MPI processes
  type: seq
1.99759
7451.95
Vec Object: 1 MPI processes
  type: seq
1.99854
4604.88
Vec Object: 1 MPI processes
  type: seq
1.99912
2854.1
Vec Object: 1 MPI processes
  type: seq
1.99948
1772.2
Vec Object: 1 MPI processes
  type: seq
1.99971
1101.58
Vec Object: 1 MPI processes
  type: seq
1.99985
685.107
Vec Object: 1 MPI processes
  type: seq
1.99993
426.175
Vec Object: 1 MPI processes
  type: seq
1.99999
265.075
Vec Object: 1 MPI processes
  type: seq
2.00002
164.799
Vec Object: 1 MPI processes
  type: seq
2.00004
102.366
Vec Object: 1 MPI processes
  type: seq
2.00005
63.4894
Vec Object: 1 MPI processes
  type: seq
2.00006
39.2816
Vec Object: 1 MPI processes
  type: seq
2.00007
24.208
Vec Object: 1 MPI processes
  type: seq
2.00007
14.822
Vec Object: 1 MPI processes
  type: seq
2.00007
8.97765
Vec Object: 1 MPI processes
  type: seq
2.00007
5.33855
Vec Object: 1 MPI processes
  type: seq
2.00007
3.0726
Vec Object: 1 MPI processes
  type: seq
2.00007
1.66167
Vec Object: 1 MPI processes
  type: seq
2.00007
0.783125
Vec Object: 1 MPI processes
  type: seq
2.00007
0.236086
Vec Object: 1 MPI processes
  type: seq
2.00007
-0.104537
Vec Object: 1 MPI processes
  type: seq
2.00007
-0.316632
Vec Object: 1 MPI processes
  type: seq
2.00007
-0.448695
Vec Object: 1 MPI processes
  type: seq
2.00007
-0.558698
Vec Object: 1 MPI processes
  type: seq
2.00007
-0.617923
Vec Object: 1 MPI processes
  type: seq
2.00007
-0.64842
Vec Object: 1 MPI processes
  type: seq
2.00007
-0.661857
Vec Object: 1 MPI processes
  type: seq
2.00007
-0.665865
Vec Object: 1 MPI processes
  type: seq
2.00007
-0.666578
Vec Object: 1 MPI processes
  type: seq
2.00007
-0.666626
Vec Object: 1 MPI processes
  type: seq
2.00007
-0.666629
Vec Object: 1 MPI processes
  type: seq
2.00005
-0.666637
Vec Object: 1 MPI processes
  type: seq
1.99994
-0.666702
Vec Object: 1 MPI processes
  type: seq
1.99901
-0.667218
Vec Object: 1 MPI processes
  type: seq
1.99155
-0.671391
Vec Object: 1 MPI processes
  type: seq
1.93013
-0.708193
Vec Object: 1 MPI processes
  type: seq
1.75999
-0.839052
Vec Object: 1 MPI processes
  type: seq
1.70616
-0.892807
steps 0, ftime 0.
Vec Object: 1 MPI processes
  type: seq
1.70616
-0.892807
