Timestep: 0000 time = 0        	 L_2 Error: [0.0394, 0.174, 7.15e-17]
Timestep: 0001 time = 0.1      	 L_2 Error: [0.0113, 0.517, 2.89e-07]
Timestep: 0002 time = 0.2      	 L_2 Error: [0.00255, 0.0784, 8.85e-08]
Timestep: 0003 time = 0.3      	 L_2 Error: [0.000358, 0.0155, 2.19e-08]
Timestep: 0004 time = 0.4      	 L_2 Error: [3.67e-05, 0.00238, 5.21e-09]
Timestep: 0000 time = 0        	 L_2 Error: [0.0394, 0.174, 7.15e-17]
Timestep: 0001 time = 0.05     	 L_2 Error: [0.0197, 0.427, 9.66e-07]
Timestep: 0002 time = 0.1      	 L_2 Error: [0.0097, 0.137, 7.05e-07]
Timestep: 0003 time = 0.15     	 L_2 Error: [0.00424, 0.0558, 3.45e-07]
Timestep: 0004 time = 0.2      	 L_2 Error: [0.00165, 0.0267, 1.46e-07]
Timestep: 0005 time = 0.25     	 L_2 Error: [0.000581, 0.0124, 5.78e-08]
Timestep: 0006 time = 0.3      	 L_2 Error: [0.000183, 0.00526, 2.24e-08]
Timestep: 0007 time = 0.35     	 L_2 Error: [5.33e-05, 0.00206, 8.56e-09]
Timestep: 0008 time = 0.4      	 L_2 Error: [1.76e-05, 0.000742, 3.26e-09]
L_2 convergence rate: [1.1, 1.7, 0.67]
Timestep: 0000 time = 0        	 L_2 Error: [0.0394, 0.174, 7.15e-17]
Timestep: 0001 time = 0.1      	 L_2 Error: [0.0113, 0.517, 2.89e-07]
Timestep: 0002 time = 0.2      	 L_2 Error: [0.00255, 0.0784, 8.85e-08]
Timestep: 0003 time = 0.3      	 L_2 Error: [0.000358, 0.0155, 2.19e-08]
Timestep: 0004 time = 0.4      	 L_2 Error: [3.67e-05, 0.00238, 5.21e-09]
