L_2 Error: [6.86376e-17, 8.77187e-17, 1.05544e-16]
L_2 Residual: 2.22848e-15
Taylor approximation converging at order 2.00
Timestep: 0000 time = 0        	 L_2 Error: [6.86e-17, 8.81e-17, 1.06e-16]
	Timestep: 0000 time = 0        	 L_2 Particle Error: [1.52e-31]
	Timestep: 0001 time = 0.05     	 L_2 Particle Error: [1.37e-06]
	Timestep: 0002 time = 0.1      	 L_2 Particle Error: [5.49e-06]
Timestep: 0001 time = 0.1      	 L_2 Error: [8.35e-17, 1.21e-15, 1.43e-16]
	Timestep: 0002 time = 0.1      	 L_2 Particle Error: [5.49e-06]
	Timestep: 0003 time = 0.15     	 L_2 Particle Error: [1.24e-05]
	Timestep: 0004 time = 0.2      	 L_2 Particle Error: [2.2e-05]
Timestep: 0002 time = 0.2      	 L_2 Error: [8.86e-17, 1.04e-15, 1.45e-16]
	Timestep: 0004 time = 0.2      	 L_2 Particle Error: [2.2e-05]
	Timestep: 0005 time = 0.25     	 L_2 Particle Error: [3.44e-05]
	Timestep: 0006 time = 0.3      	 L_2 Particle Error: [4.95e-05]
Timestep: 0003 time = 0.3      	 L_2 Error: [8.77e-17, 1.13e-15, 1.6e-16]
	Timestep: 0006 time = 0.3      	 L_2 Particle Error: [4.95e-05]
	Timestep: 0007 time = 0.35     	 L_2 Particle Error: [6.74e-05]
	Timestep: 0008 time = 0.4      	 L_2 Particle Error: [8.81e-05]
Timestep: 0004 time = 0.4      	 L_2 Error: [8.65e-17, 1.05e-15, 1.76e-16]
	Timestep: 0008 time = 0.4      	 L_2 Particle Error: [8.81e-05]
	Timestep: 0009 time = 0.45     	 L_2 Particle Error: [0.000112]
	Timestep: 0010 time = 0.5      	 L_2 Particle Error: [0.000138]
Timestep: 0005 time = 0.5      	 L_2 Error: [8.48e-17, 1.09e-15, 1.5e-16]
	Timestep: 0010 time = 0.5      	 L_2 Particle Error: [0.000138]
	Timestep: 0011 time = 0.55     	 L_2 Particle Error: [0.000167]
	Timestep: 0012 time = 0.6      	 L_2 Particle Error: [0.000198]
Timestep: 0006 time = 0.6      	 L_2 Error: [8.49e-17, 8.8e-16, 1.97e-16]
	Timestep: 0012 time = 0.6      	 L_2 Particle Error: [0.000198]
	Timestep: 0013 time = 0.65     	 L_2 Particle Error: [0.000233]
	Timestep: 0014 time = 0.7      	 L_2 Particle Error: [0.000663]
Timestep: 0007 time = 0.7      	 L_2 Error: [9.05e-17, 1.15e-15, 2.46e-16]
	Timestep: 0014 time = 0.7      	 L_2 Particle Error: [0.254]
	Timestep: 0015 time = 0.75     	 L_2 Particle Error: [0.254]
	Timestep: 0016 time = 0.8      	 L_2 Particle Error: [0.254]
Timestep: 0008 time = 0.8      	 L_2 Error: [8.34e-17, 1.11e-15, 2.36e-16]
	Timestep: 0016 time = 0.8      	 L_2 Particle Error: [0.414]
	Timestep: 0017 time = 0.85     	 L_2 Particle Error: [0.414]
	Timestep: 0018 time = 0.9      	 L_2 Particle Error: [0.415]
Timestep: 0009 time = 0.9      	 L_2 Error: [8.77e-17, 9.24e-16, 2.28e-16]
	Timestep: 0018 time = 0.9      	 L_2 Particle Error: [0.224]
	Timestep: 0019 time = 0.95     	 L_2 Particle Error: [0.225]
	Timestep: 0020 time = 1        	 L_2 Particle Error: [0.226]
Timestep: 0010 time = 1        	 L_2 Error: [8.09e-17, 1.06e-15, 2.49e-16]
L_2 Error: [6.86376e-17, 8.77187e-17, 2.29048e-16]
L_2 Residual: 2.42328e-15
Taylor approximation converging at order 2.00
