Spinning up truth for 1000 steps...
PetscDA Object: 1 MPI process
  type: etkf
  State size: 40
  Observation size: 40
  Ensemble size: 5
  Assembled: true
  Inflation: 1.
  Square root type: cholesky
Lorenz-96 LETKF Example
======================
  State dimension        : 40
  Ensemble size          : 5
  Forcing parameter (F)  : 8.0000
  Time step (dt)         : 0.0500
  Total steps            : 112
  Burn-in steps          : 10
  Spin-up steps          : 1000
  Observation frequency  : 1
  Observation noise std  : 1.000
  Ensemble init std      : 1.000
  Random seed            : 12345
  Localization radius    : 100.

Step    0, time  0.000  RMSE_forecast 0.00000  RMSE_analysis 0.00000  Spread 1.21961 [burn-in]
Step   11, time  0.550  RMSE_forecast 0.15166  RMSE_analysis 0.15062  Spread 0.12863
Step   22, time  1.100  RMSE_forecast 0.19780  RMSE_analysis 0.20623  Spread 0.11882
Step   33, time  1.650  RMSE_forecast 0.48997  RMSE_analysis 0.48840  Spread 0.09270
Step   44, time  2.200  RMSE_forecast 0.78619  RMSE_analysis 0.78518  Spread 0.11092
Step   55, time  2.750  RMSE_forecast 1.05238  RMSE_analysis 1.05030  Spread 0.11210
Step   66, time  3.300  RMSE_forecast 1.14282  RMSE_analysis 1.07792  Spread 0.12318
Step   77, time  3.850  RMSE_forecast 1.43454  RMSE_analysis 1.42436  Spread 0.13366
Step   88, time  4.400  RMSE_forecast 2.48685  RMSE_analysis 2.46905  Spread 0.10164
Step   99, time  4.950  RMSE_forecast 3.35881  RMSE_analysis 3.32653  Spread 0.12772
Step  110, time  5.500  RMSE_forecast 3.47218  RMSE_analysis 3.45810  Spread 0.13425
Step  112, time  5.600  RMSE_forecast 3.42970  RMSE_analysis 3.41131  Spread 0.13571

Statistics (103 forecast steps, 103 analysis steps post-burn-in):
==================================================
  Mean RMSE (forecast) : 1.45031
  Mean RMSE (analysis) : 1.43206
  Observations used    : 112

