Spinning up truth for 300 steps...
Localization disabled (LETKF NONE; equivalent to global ETKF)
PetscDA Object: 2 MPI processes
  type: letkf
  State size: 40
  Observation size: 40
  Ensemble size: 5
  Assembled: true
  Inflation: 1.
  Local analysis: CPU
  Localization type: none
Lorenz-96 LETKF Example
======================
  State dimension        : 40
  Ensemble size          : 5
  Forcing parameter (F)  : 8.0000
  Time step (dt)         : 0.0500
  Total steps            : 20
  Burn-in steps          : 5
  Spin-up steps          : 300
  Observation frequency  : 1
  Observation noise std  : 1.000
  Ensemble init std      : 1.000
  Random seed            : 12345

Step    0, time  0.000  RMSE_forecast 0.00000  RMSE_analysis 0.00000  Spread 1.16007 [burn-in]
Step    2, time  0.100  RMSE_forecast 0.35349  RMSE_analysis 0.19578  Spread 0.21765 [burn-in]
Step    4, time  0.200  RMSE_forecast 0.15445  RMSE_analysis 0.28988  Spread 0.16925 [burn-in]
Step    6, time  0.300  RMSE_forecast 0.25012  RMSE_analysis 0.18275  Spread 0.15600
Step    8, time  0.400  RMSE_forecast 0.16607  RMSE_analysis 0.07740  Spread 0.15188
Step   10, time  0.500  RMSE_forecast 0.13126  RMSE_analysis 0.11904  Spread 0.14117
Step   12, time  0.600  RMSE_forecast 0.14176  RMSE_analysis 0.13440  Spread 0.13039
Step   14, time  0.700  RMSE_forecast 0.12860  RMSE_analysis 0.12211  Spread 0.13586
Step   16, time  0.800  RMSE_forecast 0.13364  RMSE_analysis 0.08713  Spread 0.13769
Step   18, time  0.900  RMSE_forecast 0.15599  RMSE_analysis 0.12895  Spread 0.13845
Step   20, time  1.000  RMSE_forecast 0.17756  RMSE_analysis 0.16578  Spread 0.12940

Statistics (16 forecast steps, 16 analysis steps post-burn-in):
==================================================
  Mean RMSE (forecast) : 0.16139
  Mean RMSE (analysis) : 0.13467
  Observations used    : 20

