Using distance-based localization with 7 observations per vertex
PetscDA Object: 1 MPI process
  type: letkf
  State size: 1323
  Observation size: 121
  Ensemble size: 7
  Assembled: true
  Inflation: 1.
  Square root type: eigen
  Local analysis: CPU
  Local observations per vertex: 7
  GPU batch size: auto
  Localization matrix: set
2D Shallow Water LETKF Example
==============================
  Mode                  : Data Assimilation
  Flux scheme           : Rusanov (1st order)
  Grid dimensions       : 21 x 21
  State dimension       : 1323 (441 grid points x 3 DOF)
  Observation dimension : 121
  Observation stride    : 2
  Ensemble size         : 7
  Domain size           : 80.00 x 80.00
  Grid spacing          : dx=3.8095, dy=3.8095
  Mean height (h0)      : 1.5000
  Wave amplitudes       : Ax=0.2000, Ay=0.2000
  Gravitational const   : 9.8100
  Wave speed (c)        : 3.8360
  Time step (dt)        : 0.0200
  CFL number            : 0.0403
  Total steps           : 10
  Observation frequency : 2
  Init perturb std      : 0.050
  Init height bias      : 0.000
  Observation noise std : 0.030
  Random seed           : 12345

Step    0, time  0.000  RMSE_forecast 0.00000  RMSE_analysis 0.00000 [initial]
Step    1, time  0.020  RMSE_forecast 0.00000  RMSE_analysis 0.00000
Step    2, time  0.040  RMSE_forecast 0.00000  RMSE_analysis 0.01434
Step    3, time  0.060  RMSE_forecast 0.01404  RMSE_analysis 0.01404
Step    4, time  0.080  RMSE_forecast 0.01374  RMSE_analysis 0.01331
Step    5, time  0.100  RMSE_forecast 0.01304  RMSE_analysis 0.01304
Step    6, time  0.120  RMSE_forecast 0.01279  RMSE_analysis 0.01227
Step    7, time  0.140  RMSE_forecast 0.01202  RMSE_analysis 0.01202
Step    8, time  0.160  RMSE_forecast 0.01178  RMSE_analysis 0.01130
Step    9, time  0.180  RMSE_forecast 0.01108  RMSE_analysis 0.01108
Step   10, time  0.200  RMSE_forecast 0.01087  RMSE_analysis 0.01061

Statistics (10 steps):
==================================================
  Mean RMSE (forecast) : 0.00994
  Mean RMSE (analysis) : 0.01120
  Observations used    : 5

