[0.0] 0 TS 0.000000 (dt = 0.001000) X  2.000000e+00  6.666665e-01
t 0.000000 (tprev = 0.000000) 
[0.0] 1 TS 0.001000 (dt = 0.010000) X  2.000661e+00  6.547514e-01
t 0.001000 (tprev = 0.000000) 
[0.0] 2 TS 0.011000 (dt = 0.016177) X  2.006645e+00  5.445146e-01
t 0.011000 (tprev = 0.001000) 
[0.0] 3 TS 0.027177 (dt = 0.016648) X  2.014218e+00  3.968080e-01
t 0.027177 (tprev = 0.011000) 
[0.0] 4 TS 0.043825 (dt = 0.017145) X  2.019797e+00  2.776374e-01
t 0.043825 (tprev = 0.027177) 
[0.0] 5 TS 0.060970 (dt = 0.017912) X  2.023712e+00  1.825358e-01
t 0.060970 (tprev = 0.043825) 
[0.0] 6 TS 0.078882 (dt = 0.018977) X  2.026275e+00  1.065290e-01
t 0.078882 (tprev = 0.060970) 
[0.0] 7 TS 0.097860 (dt = 0.020389) X  2.027699e+00  4.593217e-02
t 0.097860 (tprev = 0.078882) 
[0.0] 8 TS 0.118249 (dt = 0.022264) X  2.028126e+00 -2.056025e-03
t 0.118249 (tprev = 0.097860) 
[0.0] 9 TS 0.140512 (dt = 0.025316) X  2.027642e+00 -3.968406e-02
t 0.140512 (tprev = 0.118249) 
[0.0] 10 TS 0.165829 (dt = 0.029353) X  2.026245e+00 -6.928320e-02
t 0.165829 (tprev = 0.140512) 
mu 5., steps 10, ftime 0.165829
Vec Object: 1 MPI processes
  type: seq
2.02625
-0.0692832
Vec Object: 1 MPI processes
  type: seq
0.962421
0.0592425
Vec Object: 1 MPI processes
  type: seq
-0.107367
0.0732519
Vec Object: 1 MPI processes
  type: seq
-0.0046634
Vec Object: 1 MPI processes
  type: seq
-0.00727401
