  0 KSP Residual norm 29.7322 
  1 KSP Residual norm 18.9824 
  2 KSP Residual norm 18.5262 
  3 KSP Residual norm 12.1881 
  4 KSP Residual norm 0.90378 
  5 KSP Residual norm 0.837882 
  6 KSP Residual norm 0.770047 
  7 KSP Residual norm 0.0471664 
  8 KSP Residual norm 0.0468047 
  9 KSP Residual norm 0.0383455 
 10 KSP Residual norm 0.00315011 
 11 KSP Residual norm 0.00310011 
 12 KSP Residual norm 0.0029405 
 13 KSP Residual norm 0.0020449 
 14 KSP Residual norm 0.00173549 
 15 KSP Residual norm 0.00133086 
 16 KSP Residual norm 0.00122775 
 17 KSP Residual norm 0.00108715 
 18 KSP Residual norm 0.000993388 
 19 KSP Residual norm 0.000921922 
 20 KSP Residual norm 0.000860805 
 21 KSP Residual norm 0.000812607 
 22 KSP Residual norm 0.000770364 
 23 KSP Residual norm 0.000734758 
 24 KSP Residual norm 0.000703347 
 25 KSP Residual norm 0.000675792 
 26 KSP Residual norm 0.00065118 
 27 KSP Residual norm 0.000629099 
 28 KSP Residual norm 0.000609113 
 29 KSP Residual norm 0.000590921 
 30 KSP Residual norm 0.0022942 
 31 KSP Residual norm 0.00229301 
 32 KSP Residual norm 0.00195402 
 33 KSP Residual norm 0.000242277 
Linear solve converged due to CONVERGED_RTOL iterations 33
Error (abs): 4.48053
Error (rel): 0.245685
