  0 KSP Residual norm 29.7322 
  1 KSP Residual norm 18.7444 
  2 KSP Residual norm 18.6422 
  3 KSP Residual norm 18.3164 
  4 KSP Residual norm 3.75477 
  5 KSP Residual norm 2.63953 
  6 KSP Residual norm 1.90718 
  7 KSP Residual norm 0.411322 
  8 KSP Residual norm 0.323208 
  9 KSP Residual norm 0.299733 
 10 KSP Residual norm 0.0299128 
 11 KSP Residual norm 0.0219934 
 12 KSP Residual norm 0.0183717 
 13 KSP Residual norm 0.00143355 
 14 KSP Residual norm 0.00124129 
 15 KSP Residual norm 0.0010424 
 16 KSP Residual norm 7.59671e-05 
Linear solve converged due to CONVERGED_RTOL iterations 16
Error (abs): 3.79619
Error (rel): 0.20816
