DMField Object: field 1 MPI processes
  type: da
  2 components
  VERTEX continuity
  DM Object: mesh 1 MPI processes
    type: da
  Processor [0] M 3 N 3 m 1 n 1 w 1 s 1
  X range of indices: 0 3, Y range of indices: 0 3
  Field corner values:
    0.720032     0.061794     
    0.0100223     0.144639     
    0.397778     0.0730366     
    0.103866     0.25078     
Vec Object: Test Points 1 MPI processes
  type: mpi
Process [0]
0.984052
0.738516
0.401147
0.527649
B:
 0:   8.5750e-02   2.2059e-01   3.5325e-01
 3:   1.2105e-01
D:
 0:  -4.0271e-01   8.7208e-02   1.5293e-01
 3:   1.0463e-01  -4.9046e-01  -1.5534e-01
 6:   1.3292e-01   4.9311e-02
H:
 0:   0.0000e+00   1.0402e-01   1.0402e-01
 3:   0.0000e+00   0.0000e+00   2.3725e-02
 6:   2.3725e-02   0.0000e+00   0.0000e+00
 9:   1.0402e-01   1.0402e-01   0.0000e+00
12:   0.0000e+00   2.3725e-02   2.3725e-02
15:   0.0000e+00
rB:
 0:   8.5750e-02   2.2059e-01   3.5325e-01   1.2105e-01
rD:
 0:  -4.0271e-01   8.7208e-02   1.5293e-01   1.0463e-01  -4.9046e-01
 5:  -1.5534e-01   1.3292e-01   4.9311e-02
rH:
 0:   0.0000e+00   1.0402e-01   1.0402e-01   0.0000e+00   0.0000e+00
 5:   2.3725e-02   2.3725e-02   0.0000e+00   0.0000e+00   1.0402e-01
10:   1.0402e-01   0.0000e+00   0.0000e+00   2.3725e-02   2.3725e-02
15:   0.0000e+00
  Quadrature of order 3 on 4 points (dim 2)
IS Object: FE Test Cells 1 MPI processes
  type: general
Number of indices in set 2
0 1
1 8
B:
 0:   4.2248e-01   9.8736e-02   3.9280e-01
 3:   1.0827e-01   2.9148e-01   1.1597e-01
 6:   2.7721e-01   1.2902e-01   1.8522e-01
 9:   1.8271e-01   1.8223e-01   1.9833e-01
12:   1.0760e-01   2.1211e-01   1.2002e-01
15:   2.3125e-01
D:
 0:  -1.1345e-01  -2.5707e-02   1.4922e-02
 3:   8.2600e-03  -1.0010e-01  -2.5707e-02
 6:   1.7966e-02   8.2600e-03  -1.1345e-01
 9:  -1.2361e-02   1.4922e-02   1.1304e-02
12:  -1.0010e-01  -1.2361e-02   1.7966e-02
15:   1.1304e-02  -6.7217e-02  -2.5908e-03
18:   2.5466e-02   1.3532e-02  -5.3870e-02
21:  -2.5908e-03   2.8510e-02   1.3532e-02
24:  -6.7217e-02   1.0756e-02   2.5466e-02
27:   1.6576e-02  -5.3870e-02   1.0756e-02
30:   2.8510e-02   1.6576e-02
H:
 0:   0.0000e+00   1.1558e-02   1.1558e-02
 3:   0.0000e+00   0.0000e+00   2.6361e-03
 6:   2.6361e-03   0.0000e+00   0.0000e+00
 9:   1.1558e-02   1.1558e-02   0.0000e+00
12:   0.0000e+00   2.6361e-03   2.6361e-03
15:   0.0000e+00   0.0000e+00   1.1558e-02
18:   1.1558e-02   0.0000e+00   0.0000e+00
21:   2.6361e-03   2.6361e-03   0.0000e+00
24:   0.0000e+00   1.1558e-02   1.1558e-02
27:   0.0000e+00   0.0000e+00   2.6361e-03
30:   2.6361e-03   0.0000e+00   0.0000e+00
33:   1.1558e-02   1.1558e-02   0.0000e+00
36:   0.0000e+00   2.6361e-03   2.6361e-03
39:   0.0000e+00   0.0000e+00   1.1558e-02
42:   1.1558e-02   0.0000e+00   0.0000e+00
45:   2.6361e-03   2.6361e-03   0.0000e+00
48:   0.0000e+00   1.1558e-02   1.1558e-02
51:   0.0000e+00   0.0000e+00   2.6361e-03
54:   2.6361e-03   0.0000e+00   0.0000e+00
57:   1.1558e-02   1.1558e-02   0.0000e+00
60:   0.0000e+00   2.6361e-03   2.6361e-03
63:   0.0000e+00
rB:
 0:   4.2248e-01   9.8736e-02   3.9280e-01   1.0827e-01   2.9148e-01
 5:   1.1597e-01   2.7721e-01   1.2902e-01   1.8522e-01   1.8271e-01
10:   1.8223e-01   1.9833e-01   1.0760e-01   2.1211e-01   1.2002e-01
15:   2.3125e-01
rD:
 0:  -1.1345e-01  -2.5707e-02   1.4922e-02   8.2600e-03  -1.0010e-01
 5:  -2.5707e-02   1.7966e-02   8.2600e-03  -1.1345e-01  -1.2361e-02
10:   1.4922e-02   1.1304e-02  -1.0010e-01  -1.2361e-02   1.7966e-02
15:   1.1304e-02  -6.7217e-02  -2.5908e-03   2.5466e-02   1.3532e-02
20:  -5.3870e-02  -2.5908e-03   2.8510e-02   1.3532e-02  -6.7217e-02
25:   1.0756e-02   2.5466e-02   1.6576e-02  -5.3870e-02   1.0756e-02
30:   2.8510e-02   1.6576e-02
rH:
 0:   0.0000e+00   1.1558e-02   1.1558e-02   0.0000e+00   0.0000e+00
 5:   2.6361e-03   2.6361e-03   0.0000e+00   0.0000e+00   1.1558e-02
10:   1.1558e-02   0.0000e+00   0.0000e+00   2.6361e-03   2.6361e-03
15:   0.0000e+00   0.0000e+00   1.1558e-02   1.1558e-02   0.0000e+00
20:   0.0000e+00   2.6361e-03   2.6361e-03   0.0000e+00   0.0000e+00
25:   1.1558e-02   1.1558e-02   0.0000e+00   0.0000e+00   2.6361e-03
30:   2.6361e-03   0.0000e+00   0.0000e+00   1.1558e-02   1.1558e-02
35:   0.0000e+00   0.0000e+00   2.6361e-03   2.6361e-03   0.0000e+00
40:   0.0000e+00   1.1558e-02   1.1558e-02   0.0000e+00   0.0000e+00
45:   2.6361e-03   2.6361e-03   0.0000e+00   0.0000e+00   1.1558e-02
50:   1.1558e-02   0.0000e+00   0.0000e+00   2.6361e-03   2.6361e-03
55:   0.0000e+00   0.0000e+00   1.1558e-02   1.1558e-02   0.0000e+00
60:   0.0000e+00   2.6361e-03   2.6361e-03   0.0000e+00
IS Object: FV Test Cells 1 MPI processes
  type: general
Number of indices in set 2
0 0
1 8
B:
 0:   5.5955e-01   8.0111e-02   1.4877e-01
 3:   2.0610e-01
D:
 0:  -6.4066e-01  -2.5290e-01   9.8662e-02
 3:   2.7059e-02  -3.6326e-01   2.4494e-02
 6:   1.6193e-01   9.0325e-02
H:
 0:   0.0000e+00   1.0402e-01   1.0402e-01
 3:   0.0000e+00   0.0000e+00   2.3725e-02
 6:   2.3725e-02   0.0000e+00   0.0000e+00
 9:   1.0402e-01   1.0402e-01   0.0000e+00
12:   0.0000e+00   2.3725e-02   2.3725e-02
15:   0.0000e+00
rB:
 0:   5.5955e-01   8.0111e-02   1.4877e-01   2.0610e-01
rD:
 0:  -6.4066e-01  -2.5290e-01   9.8662e-02   2.7059e-02  -3.6326e-01
 5:   2.4494e-02   1.6193e-01   9.0325e-02
rH:
 0:   0.0000e+00   1.0402e-01   1.0402e-01   0.0000e+00   0.0000e+00
 5:   2.3725e-02   2.3725e-02   0.0000e+00   0.0000e+00   1.0402e-01
10:   1.0402e-01   0.0000e+00   0.0000e+00   2.3725e-02   2.3725e-02
15:   0.0000e+00
