DMField Object: field 1 MPI process
  type: ds
  2 components
  VERTEX continuity
  DM Object: mesh 1 MPI process
    type: plex
  mesh in 2 dimensions:
    Number of 0-cells per rank:   16  
    Number of 1-cells per rank:   33  
    Number of 2-cells per rank:   18  
  Labels:
    celltype: 3 strata with value/size (0 (16), 3 (18), 1 (33))
    depth: 3 strata with value/size (0 (16), 1 (33), 2 (18))
    marker: 1 strata with value/size (1 (24))
    Face Sets: 1 strata with value/size (1 (12))
  Field MyPetscFE:
    adjacency FEM
  PetscDS field 0
    PetscFE Object: MyPetscFE 1 MPI process
      type: basic
      Basic Finite Element in 2 dimensions with 2 components
      PetscSpace Object: MyPetscFE 1 MPI process
        type: sum
        Space in 2 variables with 2 components, size 12
        Sum space of 2 concatenated subspaces (all identical)
          PetscSpace Object: sum component (sumcomp_) 1 MPI process
            type: poly
            Space in 2 variables with 1 components, size 6
            Polynomial space of degree 2
      PetscDualSpace Object: MyPetscFE 1 MPI process
        type: lagrange
        Dual space with 2 components, size 12
        Continuous Lagrange dual space
        Quadrature of order 5 on 9 points (dim 2)
    Vec Object: 1 MPI process
      type: seq
    0.
    0.
    0.111111
    0.222222
    0.444444
    0.888889
    1.
    2.
    0.111111
    0.222222
    0.222222
    0.444444
    0.555556
    1.11111
    1.11111
    2.22222
    0.444444
    0.888889
    0.555556
    1.11111
    0.888889
    1.77778
    1.44444
    2.88889
    1.
    2.
    1.11111
    2.22222
    1.44444
    2.88889
    2.
    4.
    0.0277778
    0.0555556
    0.0277778
    0.0555556
    0.0555556
    0.111111
    0.138889
    0.277778
    0.138889
    0.277778
    0.25
    0.5
    0.277778
    0.555556
    0.361111
    0.722222
    0.277778
    0.555556
    0.694444
    1.38889
    0.472222
    0.944444
    0.722222
    1.44444
    0.805556
    1.61111
    1.02778
    2.05556
    0.694444
    1.38889
    0.944444
    1.88889
    0.25
    0.5
    0.361111
    0.722222
    0.5
    1.
    0.472222
    0.944444
    0.694444
    1.38889
    0.722222
    1.44444
    1.02778
    2.05556
    0.805556
    1.61111
    1.25
    2.5
    0.944444
    1.88889
    1.13889
    2.27778
    1.25
    2.5
    1.13889
    2.27778
    1.38889
    2.77778
    1.69444
    3.38889
    1.69444
    3.38889
    0.694444
    1.38889
Vec Object: Test Points 1 MPI process
  type: mpi
Process [0]
0.720032
0.061794
0.0100223
0.144639
B:
 0:   5.2226e-01   1.0445e+00   2.1021e-02
 3:   4.2042e-02
D:
 0:   1.4401e+00   1.2359e-01   2.8801e+00
 3:   2.4718e-01   2.0045e-02   2.8928e-01
 6:   4.0089e-02   5.7856e-01
H:
 0:   2.0000e+00   6.8834e-15   6.9944e-15
 3:   2.0000e+00   4.0000e+00   1.3767e-14
 6:   1.3989e-14   4.0000e+00   2.0000e+00
 9:   1.3323e-15   9.9920e-16   2.0000e+00
12:   4.0000e+00   2.6645e-15   1.9984e-15
15:   4.0000e+00
rB:
 0:   5.2226e-01   1.0445e+00   2.1021e-02   4.2042e-02
rD:
 0:   1.4401e+00   1.2359e-01   2.8801e+00   2.4718e-01   2.0045e-02
 5:   2.8928e-01   4.0089e-02   5.7856e-01
rH:
 0:   2.0000e+00   6.8834e-15   6.9944e-15   2.0000e+00   4.0000e+00
 5:   1.3767e-14   1.3989e-14   4.0000e+00   2.0000e+00   1.3323e-15
10:   9.9920e-16   2.0000e+00   4.0000e+00   2.6645e-15   1.9984e-15
15:   4.0000e+00
  Quadrature of order 1 on 1 points (dim 2)
IS Object: FE Test Cells 1 MPI process
  type: general
Number of indices in set 2
0 7
1 1
B:
 0:   3.2099e-01   6.4198e-01   9.8765e-02
 3:   1.9753e-01
D:
 0:  -1.8519e-01   3.7037e-02  -3.7037e-01
 3:   7.4074e-02   7.4074e-02   6.9389e-18
 6:   1.4815e-01   1.3878e-17
H:
 0:   5.5556e-02  -8.3248e-17  -8.3248e-17
 3:   5.5556e-02   1.1111e-01  -1.6650e-16
 6:  -1.6650e-16   1.1111e-01   5.5556e-02
 9:   5.5556e-02   5.5556e-02   1.1111e-01
12:   1.1111e-01   1.1111e-01   1.1111e-01
15:   2.2222e-01
rB:
 0:   3.2099e-01   6.4198e-01   9.8765e-02   1.9753e-01
rD:
 0:  -1.8519e-01   3.7037e-02  -3.7037e-01   7.4074e-02   7.4074e-02
 5:   6.9389e-18   1.4815e-01   1.3878e-17
rH:
 0:   5.5556e-02  -8.3248e-17  -8.3248e-17   5.5556e-02   1.1111e-01
 5:  -1.6650e-16  -1.6650e-16   1.1111e-01   5.5556e-02   5.5556e-02
10:   5.5556e-02   1.1111e-01   1.1111e-01   1.1111e-01   1.1111e-01
15:   2.2222e-01
IS Object: FV Test Cells 1 MPI process
  type: general
Number of indices in set 2
0 1
1 4
B:
 0:   1.1111e-01   2.2222e-01   6.2963e-01
 3:   1.2593e+00
D:
 0:   4.4444e-01   4.4444e-01   8.8889e-01
 3:   8.8889e-01   2.2222e-01   1.5556e+00
 6:   4.4444e-01   3.1111e+00
H:
 0:   2.0000e+00   3.7748e-15   3.7748e-15
 3:   2.0000e+00   4.0000e+00   7.5495e-15
 6:   7.5495e-15   4.0000e+00   2.0000e+00
 9:   1.6431e-14   1.6431e-14   2.0000e+00
12:   4.0000e+00   3.2863e-14   3.2863e-14
15:   4.0000e+00
rB:
 0:   1.1111e-01   2.2222e-01   6.2963e-01   1.2593e+00
rD:
 0:   4.4444e-01   4.4444e-01   8.8889e-01   8.8889e-01   2.2222e-01
 5:   1.5556e+00   4.4444e-01   3.1111e+00
rH:
 0:   2.0000e+00   3.7748e-15   3.7748e-15   2.0000e+00   4.0000e+00
 5:   7.5495e-15   7.5495e-15   4.0000e+00   2.0000e+00   1.6431e-14
10:   1.6431e-14   2.0000e+00   4.0000e+00   3.2863e-14   3.2863e-14
15:   4.0000e+00
