  Quadrature of order 3 on 4 points (dim 2)
IS Object: FE Test Cells 1 MPI process
  type: general
Number of indices in set 2
0 6
1 0
B:
 0:   7.2222e-01   7.2222e-01   7.2222e-01
 3:   7.2222e-01   5.5556e-02   5.5556e-02
 6:   5.5556e-02   5.5556e-02
D:
 0:   0.0000e+00   0.0000e+00   0.0000e+00
 3:   0.0000e+00   0.0000e+00   0.0000e+00
 6:   0.0000e+00   0.0000e+00   0.0000e+00
 9:   0.0000e+00   0.0000e+00   0.0000e+00
12:   0.0000e+00   0.0000e+00   0.0000e+00
15:   0.0000e+00
H:
 0:   0.0000e+00   0.0000e+00   0.0000e+00
 3:   0.0000e+00   0.0000e+00   0.0000e+00
 6:   0.0000e+00   0.0000e+00   0.0000e+00
 9:   0.0000e+00   0.0000e+00   0.0000e+00
12:   0.0000e+00   0.0000e+00   0.0000e+00
15:   0.0000e+00   0.0000e+00   0.0000e+00
18:   0.0000e+00   0.0000e+00   0.0000e+00
21:   0.0000e+00   0.0000e+00   0.0000e+00
24:   0.0000e+00   0.0000e+00   0.0000e+00
27:   0.0000e+00   0.0000e+00   0.0000e+00
30:   0.0000e+00   0.0000e+00
rB:
 0:   7.2222e-01   7.2222e-01   7.2222e-01   7.2222e-01   5.5556e-02
 5:   5.5556e-02   5.5556e-02   5.5556e-02
rD:
 0:   0.0000e+00   0.0000e+00   0.0000e+00   0.0000e+00   0.0000e+00
 5:   0.0000e+00   0.0000e+00   0.0000e+00   0.0000e+00   0.0000e+00
10:   0.0000e+00   0.0000e+00   0.0000e+00   0.0000e+00   0.0000e+00
15:   0.0000e+00
rH:
 0:   0.0000e+00   0.0000e+00   0.0000e+00   0.0000e+00   0.0000e+00
 5:   0.0000e+00   0.0000e+00   0.0000e+00   0.0000e+00   0.0000e+00
10:   0.0000e+00   0.0000e+00   0.0000e+00   0.0000e+00   0.0000e+00
15:   0.0000e+00   0.0000e+00   0.0000e+00   0.0000e+00   0.0000e+00
20:   0.0000e+00   0.0000e+00   0.0000e+00   0.0000e+00   0.0000e+00
25:   0.0000e+00   0.0000e+00   0.0000e+00   0.0000e+00   0.0000e+00
30:   0.0000e+00   0.0000e+00
