DMField Object: field 1 MPI processes
  type: shell
  2 components
  VERTEX continuity
  DM Object: mesh 1 MPI processes
    type: plex
  mesh in 2 dimensions:
    0-cells:   16  
    1-cells:   33  
    2-cells:   18  
  Labels:
    celltype: 3 strata with value/size (0 (16), 3 (18), 1 (33))
    depth: 3 strata with value/size (0 (16), 1 (33), 2 (18))
    marker: 1 strata with value/size (1 (24))
    Face Sets: 1 strata with value/size (1 (12))
Vec Object: Test Points 1 MPI processes
  type: mpi
Process [0]
0.720032
0.061794
0.0100223
0.144639
B:
 0:   5.2226e-01   1.0445e+00   2.1021e-02
 3:   4.2042e-02
D:
 0:   1.4401e+00   1.2359e-01   2.8801e+00
 3:   2.4718e-01   2.0045e-02   2.8928e-01
 6:   4.0089e-02   5.7856e-01
H:
 0:   2.0000e+00   0.0000e+00   0.0000e+00
 3:   2.0000e+00   4.0000e+00   0.0000e+00
 6:   0.0000e+00   4.0000e+00   2.0000e+00
 9:   0.0000e+00   0.0000e+00   2.0000e+00
12:   4.0000e+00   0.0000e+00   0.0000e+00
15:   4.0000e+00
rB:
 0:   5.2226e-01   1.0445e+00   2.1021e-02   4.2042e-02
rD:
 0:   1.4401e+00   1.2359e-01   2.8801e+00   2.4718e-01   2.0045e-02
 5:   2.8928e-01   4.0089e-02   5.7856e-01
rH:
 0:   2.0000e+00   0.0000e+00   0.0000e+00   2.0000e+00   4.0000e+00
 5:   0.0000e+00   0.0000e+00   4.0000e+00   2.0000e+00   0.0000e+00
10:   0.0000e+00   2.0000e+00   4.0000e+00   0.0000e+00   0.0000e+00
15:   4.0000e+00
  Quadrature of order 1 on 1 points (dim 2)
IS Object: FE Test Cells 1 MPI processes
  type: general
Number of indices in set 2
0 7
1 1
B:
 0:   3.2099e-01   6.4198e-01   9.8765e-02
 3:   1.9753e-01
D:
 0:  -1.8519e-01   3.7037e-02  -3.7037e-01
 3:   7.4074e-02   7.4074e-02   0.0000e+00
 6:   1.4815e-01   0.0000e+00
H:
 0:   5.5556e-02   0.0000e+00   0.0000e+00
 3:   5.5556e-02   1.1111e-01   0.0000e+00
 6:   0.0000e+00   1.1111e-01   5.5556e-02
 9:   5.5556e-02   5.5556e-02   1.1111e-01
12:   1.1111e-01   1.1111e-01   1.1111e-01
15:   2.2222e-01
rB:
 0:   3.2099e-01   6.4198e-01   9.8765e-02   1.9753e-01
rD:
 0:  -1.8519e-01   3.7037e-02  -3.7037e-01   7.4074e-02   7.4074e-02
 5:   0.0000e+00   1.4815e-01   0.0000e+00
rH:
 0:   5.5556e-02   0.0000e+00   0.0000e+00   5.5556e-02   1.1111e-01
 5:   0.0000e+00   0.0000e+00   1.1111e-01   5.5556e-02   5.5556e-02
10:   5.5556e-02   1.1111e-01   1.1111e-01   1.1111e-01   1.1111e-01
15:   2.2222e-01
IS Object: FV Test Cells 1 MPI processes
  type: general
Number of indices in set 2
0 1
1 4
B:
 0:   9.8765e-02   1.9753e-01   6.1728e-01
 3:   1.2346e+00
D:
 0:   4.4444e-01   4.4444e-01   8.8889e-01
 3:   8.8889e-01   2.2222e-01   1.5556e+00
 6:   4.4444e-01   3.1111e+00
H:
 0:   2.0000e+00   0.0000e+00   0.0000e+00
 3:   2.0000e+00   4.0000e+00   0.0000e+00
 6:   0.0000e+00   4.0000e+00   2.0000e+00
 9:   0.0000e+00   0.0000e+00   2.0000e+00
12:   4.0000e+00   0.0000e+00   0.0000e+00
15:   4.0000e+00
rB:
 0:   9.8765e-02   1.9753e-01   6.1728e-01   1.2346e+00
rD:
 0:   4.4444e-01   4.4444e-01   8.8889e-01   8.8889e-01   2.2222e-01
 5:   1.5556e+00   4.4444e-01   3.1111e+00
rH:
 0:   2.0000e+00   0.0000e+00   0.0000e+00   2.0000e+00   4.0000e+00
 5:   0.0000e+00   0.0000e+00   4.0000e+00   2.0000e+00   0.0000e+00
10:   0.0000e+00   2.0000e+00   4.0000e+00   0.0000e+00   0.0000e+00
15:   4.0000e+00
