  Quadrature of order 3 on 8 points (dim 3)
IS Object: FE Test Cells 1 MPI process
  type: general
Number of indices in set 2
0 26
1 19
B:
 0:   1.8337e-01   1.9410e-01   1.8464e-01
 3:   2.0201e-01   1.8288e-01   1.9720e-01
 6:   2.0475e-01   2.2342e-01   3.0338e-01
 9:   2.7116e-01   2.6898e-01   2.4737e-01
12:   2.3155e-01   2.1084e-01   2.1774e-01
15:   2.0536e-01
D:
 0:  -4.1863e-04   1.1005e-03   9.2936e-03
 3:   2.6842e-03   6.8528e-03   9.2936e-03
 6:   1.7418e-02   1.1005e-03   1.5046e-02
 9:   1.8538e-02   6.8528e-03   1.5046e-02
12:  -4.1863e-04   1.8937e-02   1.2396e-02
15:   2.6842e-03   2.2707e-02   1.2396e-02
18:   1.7418e-02   1.8937e-02   1.6166e-02
21:   1.8538e-02   2.2707e-02   1.6166e-02
24:  -6.2207e-02  -2.9794e-02  -2.7904e-02
27:  -5.2236e-02  -2.0607e-02  -2.7904e-02
30:  -4.4370e-02  -2.9794e-02  -1.8717e-02
33:  -3.6382e-02  -2.0607e-02  -1.8717e-02
36:  -6.2207e-02  -1.1957e-02  -1.7932e-02
39:  -5.2236e-02  -4.7532e-03  -1.7932e-02
42:  -4.4370e-02  -1.1957e-02  -1.0729e-02
45:  -3.6382e-02  -4.7532e-03  -1.0729e-02
H:
 0:   0.0000e+00   8.5854e-04   8.5854e-04
 3:   8.5854e-04   0.0000e+00   8.5854e-04
 6:   8.5854e-04   8.5854e-04   0.0000e+00
 9:   0.0000e+00  -8.5854e-04   8.5854e-04
12:  -8.5854e-04   0.0000e+00   8.5854e-04
15:   8.5854e-04   8.5854e-04   0.0000e+00
18:   0.0000e+00   8.5854e-04  -8.5854e-04
21:   8.5854e-04   0.0000e+00   8.5854e-04
24:  -8.5854e-04   8.5854e-04   0.0000e+00
27:   0.0000e+00  -8.5854e-04  -8.5854e-04
30:  -8.5854e-04   0.0000e+00   8.5854e-04
33:  -8.5854e-04   8.5854e-04   0.0000e+00
36:   0.0000e+00   8.5854e-04   8.5854e-04
39:   8.5854e-04   0.0000e+00  -8.5854e-04
42:   8.5854e-04  -8.5854e-04   0.0000e+00
45:   0.0000e+00  -8.5854e-04   8.5854e-04
48:  -8.5854e-04   0.0000e+00  -8.5854e-04
51:   8.5854e-04  -8.5854e-04   0.0000e+00
54:   0.0000e+00   8.5854e-04  -8.5854e-04
57:   8.5854e-04   0.0000e+00  -8.5854e-04
60:  -8.5854e-04  -8.5854e-04   0.0000e+00
63:   0.0000e+00  -8.5854e-04  -8.5854e-04
66:  -8.5854e-04   0.0000e+00  -8.5854e-04
69:  -8.5854e-04  -8.5854e-04   0.0000e+00
72:   0.0000e+00   8.5854e-04   8.5854e-04
75:   8.5854e-04   0.0000e+00   8.5854e-04
78:   8.5854e-04   8.5854e-04   0.0000e+00
81:   0.0000e+00  -8.5854e-04   8.5854e-04
84:  -8.5854e-04   0.0000e+00   8.5854e-04
87:   8.5854e-04   8.5854e-04   0.0000e+00
90:   0.0000e+00   8.5854e-04  -8.5854e-04
93:   8.5854e-04   0.0000e+00   8.5854e-04
96:  -8.5854e-04   8.5854e-04   0.0000e+00
99:   0.0000e+00  -8.5854e-04  -8.5854e-04
102:  -8.5854e-04   0.0000e+00   8.5854e-04
105:  -8.5854e-04   8.5854e-04   0.0000e+00
108:   0.0000e+00   8.5854e-04   8.5854e-04
111:   8.5854e-04   0.0000e+00  -8.5854e-04
114:   8.5854e-04  -8.5854e-04   0.0000e+00
117:   0.0000e+00  -8.5854e-04   8.5854e-04
120:  -8.5854e-04   0.0000e+00  -8.5854e-04
123:   8.5854e-04  -8.5854e-04   0.0000e+00
126:   0.0000e+00   8.5854e-04  -8.5854e-04
129:   8.5854e-04   0.0000e+00  -8.5854e-04
132:  -8.5854e-04  -8.5854e-04   0.0000e+00
135:   0.0000e+00  -8.5854e-04  -8.5854e-04
138:  -8.5854e-04   0.0000e+00  -8.5854e-04
141:  -8.5854e-04  -8.5854e-04   0.0000e+00
rB:
 0:   1.8337e-01   1.9410e-01   1.8464e-01   2.0201e-01   1.8288e-01
 5:   1.9720e-01   2.0475e-01   2.2342e-01   3.0338e-01   2.7116e-01
10:   2.6898e-01   2.4737e-01   2.3155e-01   2.1084e-01   2.1774e-01
15:   2.0536e-01
rD:
 0:  -4.1863e-04   1.1005e-03   9.2936e-03   2.6842e-03   6.8528e-03
 5:   9.2936e-03   1.7418e-02   1.1005e-03   1.5046e-02   1.8538e-02
10:   6.8528e-03   1.5046e-02  -4.1863e-04   1.8937e-02   1.2396e-02
15:   2.6842e-03   2.2707e-02   1.2396e-02   1.7418e-02   1.8937e-02
20:   1.6166e-02   1.8538e-02   2.2707e-02   1.6166e-02  -6.2207e-02
25:  -2.9794e-02  -2.7904e-02  -5.2236e-02  -2.0607e-02  -2.7904e-02
30:  -4.4370e-02  -2.9794e-02  -1.8717e-02  -3.6382e-02  -2.0607e-02
35:  -1.8717e-02  -6.2207e-02  -1.1957e-02  -1.7932e-02  -5.2236e-02
40:  -4.7532e-03  -1.7932e-02  -4.4370e-02  -1.1957e-02  -1.0729e-02
45:  -3.6382e-02  -4.7532e-03  -1.0729e-02
rH:
 0:   0.0000e+00   8.5854e-04   8.5854e-04   8.5854e-04   0.0000e+00
 5:   8.5854e-04   8.5854e-04   8.5854e-04   0.0000e+00   0.0000e+00
10:  -8.5854e-04   8.5854e-04  -8.5854e-04   0.0000e+00   8.5854e-04
15:   8.5854e-04   8.5854e-04   0.0000e+00   0.0000e+00   8.5854e-04
20:  -8.5854e-04   8.5854e-04   0.0000e+00   8.5854e-04  -8.5854e-04
25:   8.5854e-04   0.0000e+00   0.0000e+00  -8.5854e-04  -8.5854e-04
30:  -8.5854e-04   0.0000e+00   8.5854e-04  -8.5854e-04   8.5854e-04
35:   0.0000e+00   0.0000e+00   8.5854e-04   8.5854e-04   8.5854e-04
40:   0.0000e+00  -8.5854e-04   8.5854e-04  -8.5854e-04   0.0000e+00
45:   0.0000e+00  -8.5854e-04   8.5854e-04  -8.5854e-04   0.0000e+00
50:  -8.5854e-04   8.5854e-04  -8.5854e-04   0.0000e+00   0.0000e+00
55:   8.5854e-04  -8.5854e-04   8.5854e-04   0.0000e+00  -8.5854e-04
60:  -8.5854e-04  -8.5854e-04   0.0000e+00   0.0000e+00  -8.5854e-04
65:  -8.5854e-04  -8.5854e-04   0.0000e+00  -8.5854e-04  -8.5854e-04
70:  -8.5854e-04   0.0000e+00   0.0000e+00   8.5854e-04   8.5854e-04
75:   8.5854e-04   0.0000e+00   8.5854e-04   8.5854e-04   8.5854e-04
80:   0.0000e+00   0.0000e+00  -8.5854e-04   8.5854e-04  -8.5854e-04
85:   0.0000e+00   8.5854e-04   8.5854e-04   8.5854e-04   0.0000e+00
90:   0.0000e+00   8.5854e-04  -8.5854e-04   8.5854e-04   0.0000e+00
95:   8.5854e-04  -8.5854e-04   8.5854e-04   0.0000e+00   0.0000e+00
100:  -8.5854e-04  -8.5854e-04  -8.5854e-04   0.0000e+00   8.5854e-04
105:  -8.5854e-04   8.5854e-04   0.0000e+00   0.0000e+00   8.5854e-04
110:   8.5854e-04   8.5854e-04   0.0000e+00  -8.5854e-04   8.5854e-04
115:  -8.5854e-04   0.0000e+00   0.0000e+00  -8.5854e-04   8.5854e-04
120:  -8.5854e-04   0.0000e+00  -8.5854e-04   8.5854e-04  -8.5854e-04
125:   0.0000e+00   0.0000e+00   8.5854e-04  -8.5854e-04   8.5854e-04
130:   0.0000e+00  -8.5854e-04  -8.5854e-04  -8.5854e-04   0.0000e+00
135:   0.0000e+00  -8.5854e-04  -8.5854e-04  -8.5854e-04   0.0000e+00
140:  -8.5854e-04  -8.5854e-04  -8.5854e-04   0.0000e+00
