  Quadrature of order 3 on 4 points (dim 2)
IS Object: FE Test Cells 1 MPI processes
  type: general
Number of indices in set 2
0 3
1 0
B:
 0:   4.0953e-01   2.8364e-01   3.4446e-01
 3:   2.4794e-01   6.2758e-01   5.0169e-01
 6:   5.1165e-01   4.1513e-01
D:
 0:  -5.6351e-02  -1.0903e-01  -3.0920e-02
 3:  -1.0903e-01  -5.6351e-02  -8.3596e-02
 6:  -3.0920e-02  -8.3596e-02  -1.0040e-01
 9:  -1.0903e-01  -7.4967e-02  -1.0903e-01
12:  -1.0040e-01  -8.3596e-02  -7.4967e-02
15:  -8.3596e-02
H:
 0:   0.0000e+00   2.2024e-02   2.2024e-02
 3:   0.0000e+00   0.0000e+00   2.2024e-02
 6:   2.2024e-02   0.0000e+00   0.0000e+00
 9:   2.2024e-02   2.2024e-02   0.0000e+00
12:   0.0000e+00   2.2024e-02   2.2024e-02
15:   0.0000e+00   0.0000e+00   2.2024e-02
18:   2.2024e-02   0.0000e+00   0.0000e+00
21:   2.2024e-02   2.2024e-02   0.0000e+00
24:   0.0000e+00   2.2024e-02   2.2024e-02
27:   0.0000e+00   0.0000e+00   2.2024e-02
30:   2.2024e-02   0.0000e+00
rB:
 0:   4.0953e-01   2.8364e-01   3.4446e-01   2.4794e-01   6.2758e-01
 5:   5.0169e-01   5.1165e-01   4.1513e-01
rD:
 0:  -5.6351e-02  -1.0903e-01  -3.0920e-02  -1.0903e-01  -5.6351e-02
 5:  -8.3596e-02  -3.0920e-02  -8.3596e-02  -1.0040e-01  -1.0903e-01
10:  -7.4967e-02  -1.0903e-01  -1.0040e-01  -8.3596e-02  -7.4967e-02
15:  -8.3596e-02
rH:
 0:   0.0000e+00   2.2024e-02   2.2024e-02   0.0000e+00   0.0000e+00
 5:   2.2024e-02   2.2024e-02   0.0000e+00   0.0000e+00   2.2024e-02
10:   2.2024e-02   0.0000e+00   0.0000e+00   2.2024e-02   2.2024e-02
15:   0.0000e+00   0.0000e+00   2.2024e-02   2.2024e-02   0.0000e+00
20:   0.0000e+00   2.2024e-02   2.2024e-02   0.0000e+00   0.0000e+00
25:   2.2024e-02   2.2024e-02   0.0000e+00   0.0000e+00   2.2024e-02
30:   2.2024e-02   0.0000e+00
