  Quadrature of order 3 on 8 points (dim 3)
IS Object: FE Test Cells 1 MPI process
  type: general
Number of indices in set 2
0 19
1 1
B:
 0:   9.7222e-01   9.7222e-01   9.7222e-01
 3:   9.7222e-01   9.7222e-01   9.7222e-01
 6:   9.7222e-01   9.7222e-01   3.0556e-01
 9:   3.0556e-01   3.0556e-01   3.0556e-01
12:   3.0556e-01   3.0556e-01   3.0556e-01
15:   3.0556e-01
D:
 0:   0.0000e+00   0.0000e+00   0.0000e+00
 3:   0.0000e+00   0.0000e+00   0.0000e+00
 6:   0.0000e+00   0.0000e+00   0.0000e+00
 9:   0.0000e+00   0.0000e+00   0.0000e+00
12:   0.0000e+00   0.0000e+00   0.0000e+00
15:   0.0000e+00   0.0000e+00   0.0000e+00
18:   0.0000e+00   0.0000e+00   0.0000e+00
21:   0.0000e+00   0.0000e+00   0.0000e+00
24:   0.0000e+00   0.0000e+00   0.0000e+00
27:   0.0000e+00   0.0000e+00   0.0000e+00
30:   0.0000e+00   0.0000e+00   0.0000e+00
33:   0.0000e+00   0.0000e+00   0.0000e+00
36:   0.0000e+00   0.0000e+00   0.0000e+00
39:   0.0000e+00   0.0000e+00   0.0000e+00
42:   0.0000e+00   0.0000e+00   0.0000e+00
45:   0.0000e+00   0.0000e+00   0.0000e+00
H:
 0:   0.0000e+00   0.0000e+00   0.0000e+00
 3:   0.0000e+00   0.0000e+00   0.0000e+00
 6:   0.0000e+00   0.0000e+00   0.0000e+00
 9:   0.0000e+00   0.0000e+00   0.0000e+00
12:   0.0000e+00   0.0000e+00   0.0000e+00
15:   0.0000e+00   0.0000e+00   0.0000e+00
18:   0.0000e+00   0.0000e+00   0.0000e+00
21:   0.0000e+00   0.0000e+00   0.0000e+00
24:   0.0000e+00   0.0000e+00   0.0000e+00
27:   0.0000e+00   0.0000e+00   0.0000e+00
30:   0.0000e+00   0.0000e+00   0.0000e+00
33:   0.0000e+00   0.0000e+00   0.0000e+00
36:   0.0000e+00   0.0000e+00   0.0000e+00
39:   0.0000e+00   0.0000e+00   0.0000e+00
42:   0.0000e+00   0.0000e+00   0.0000e+00
45:   0.0000e+00   0.0000e+00   0.0000e+00
48:   0.0000e+00   0.0000e+00   0.0000e+00
51:   0.0000e+00   0.0000e+00   0.0000e+00
54:   0.0000e+00   0.0000e+00   0.0000e+00
57:   0.0000e+00   0.0000e+00   0.0000e+00
60:   0.0000e+00   0.0000e+00   0.0000e+00
63:   0.0000e+00   0.0000e+00   0.0000e+00
66:   0.0000e+00   0.0000e+00   0.0000e+00
69:   0.0000e+00   0.0000e+00   0.0000e+00
72:   0.0000e+00   0.0000e+00   0.0000e+00
75:   0.0000e+00   0.0000e+00   0.0000e+00
78:   0.0000e+00   0.0000e+00   0.0000e+00
81:   0.0000e+00   0.0000e+00   0.0000e+00
84:   0.0000e+00   0.0000e+00   0.0000e+00
87:   0.0000e+00   0.0000e+00   0.0000e+00
90:   0.0000e+00   0.0000e+00   0.0000e+00
93:   0.0000e+00   0.0000e+00   0.0000e+00
96:   0.0000e+00   0.0000e+00   0.0000e+00
99:   0.0000e+00   0.0000e+00   0.0000e+00
102:   0.0000e+00   0.0000e+00   0.0000e+00
105:   0.0000e+00   0.0000e+00   0.0000e+00
108:   0.0000e+00   0.0000e+00   0.0000e+00
111:   0.0000e+00   0.0000e+00   0.0000e+00
114:   0.0000e+00   0.0000e+00   0.0000e+00
117:   0.0000e+00   0.0000e+00   0.0000e+00
120:   0.0000e+00   0.0000e+00   0.0000e+00
123:   0.0000e+00   0.0000e+00   0.0000e+00
126:   0.0000e+00   0.0000e+00   0.0000e+00
129:   0.0000e+00   0.0000e+00   0.0000e+00
132:   0.0000e+00   0.0000e+00   0.0000e+00
135:   0.0000e+00   0.0000e+00   0.0000e+00
138:   0.0000e+00   0.0000e+00   0.0000e+00
141:   0.0000e+00   0.0000e+00   0.0000e+00
rB:
 0:   9.7222e-01   9.7222e-01   9.7222e-01   9.7222e-01   9.7222e-01
 5:   9.7222e-01   9.7222e-01   9.7222e-01   3.0556e-01   3.0556e-01
10:   3.0556e-01   3.0556e-01   3.0556e-01   3.0556e-01   3.0556e-01
15:   3.0556e-01
rD:
 0:   0.0000e+00   0.0000e+00   0.0000e+00   0.0000e+00   0.0000e+00
 5:   0.0000e+00   0.0000e+00   0.0000e+00   0.0000e+00   0.0000e+00
10:   0.0000e+00   0.0000e+00   0.0000e+00   0.0000e+00   0.0000e+00
15:   0.0000e+00   0.0000e+00   0.0000e+00   0.0000e+00   0.0000e+00
20:   0.0000e+00   0.0000e+00   0.0000e+00   0.0000e+00   0.0000e+00
25:   0.0000e+00   0.0000e+00   0.0000e+00   0.0000e+00   0.0000e+00
30:   0.0000e+00   0.0000e+00   0.0000e+00   0.0000e+00   0.0000e+00
35:   0.0000e+00   0.0000e+00   0.0000e+00   0.0000e+00   0.0000e+00
40:   0.0000e+00   0.0000e+00   0.0000e+00   0.0000e+00   0.0000e+00
45:   0.0000e+00   0.0000e+00   0.0000e+00
rH:
 0:   0.0000e+00   0.0000e+00   0.0000e+00   0.0000e+00   0.0000e+00
 5:   0.0000e+00   0.0000e+00   0.0000e+00   0.0000e+00   0.0000e+00
10:   0.0000e+00   0.0000e+00   0.0000e+00   0.0000e+00   0.0000e+00
15:   0.0000e+00   0.0000e+00   0.0000e+00   0.0000e+00   0.0000e+00
20:   0.0000e+00   0.0000e+00   0.0000e+00   0.0000e+00   0.0000e+00
25:   0.0000e+00   0.0000e+00   0.0000e+00   0.0000e+00   0.0000e+00
30:   0.0000e+00   0.0000e+00   0.0000e+00   0.0000e+00   0.0000e+00
35:   0.0000e+00   0.0000e+00   0.0000e+00   0.0000e+00   0.0000e+00
40:   0.0000e+00   0.0000e+00   0.0000e+00   0.0000e+00   0.0000e+00
45:   0.0000e+00   0.0000e+00   0.0000e+00   0.0000e+00   0.0000e+00
50:   0.0000e+00   0.0000e+00   0.0000e+00   0.0000e+00   0.0000e+00
55:   0.0000e+00   0.0000e+00   0.0000e+00   0.0000e+00   0.0000e+00
60:   0.0000e+00   0.0000e+00   0.0000e+00   0.0000e+00   0.0000e+00
65:   0.0000e+00   0.0000e+00   0.0000e+00   0.0000e+00   0.0000e+00
70:   0.0000e+00   0.0000e+00   0.0000e+00   0.0000e+00   0.0000e+00
75:   0.0000e+00   0.0000e+00   0.0000e+00   0.0000e+00   0.0000e+00
80:   0.0000e+00   0.0000e+00   0.0000e+00   0.0000e+00   0.0000e+00
85:   0.0000e+00   0.0000e+00   0.0000e+00   0.0000e+00   0.0000e+00
90:   0.0000e+00   0.0000e+00   0.0000e+00   0.0000e+00   0.0000e+00
95:   0.0000e+00   0.0000e+00   0.0000e+00   0.0000e+00   0.0000e+00
100:   0.0000e+00   0.0000e+00   0.0000e+00   0.0000e+00   0.0000e+00
105:   0.0000e+00   0.0000e+00   0.0000e+00   0.0000e+00   0.0000e+00
110:   0.0000e+00   0.0000e+00   0.0000e+00   0.0000e+00   0.0000e+00
115:   0.0000e+00   0.0000e+00   0.0000e+00   0.0000e+00   0.0000e+00
120:   0.0000e+00   0.0000e+00   0.0000e+00   0.0000e+00   0.0000e+00
125:   0.0000e+00   0.0000e+00   0.0000e+00   0.0000e+00   0.0000e+00
130:   0.0000e+00   0.0000e+00   0.0000e+00   0.0000e+00   0.0000e+00
135:   0.0000e+00   0.0000e+00   0.0000e+00   0.0000e+00   0.0000e+00
140:   0.0000e+00   0.0000e+00   0.0000e+00   0.0000e+00
