  Quadrature of order 3 on 8 points (dim 3)
IS Object: FE Test Cells 1 MPI process
  type: general
Number of indices in set 2
0 19
1 1
B:
 0:   7.6688e-01   1.0876e+00   8.3103e-01
 3:   1.1518e+00   9.5933e-01   1.2801e+00
 6:   1.0235e+00   1.3442e+00   2.2851e-01
 9:   2.9266e-01   2.9266e-01   3.5681e-01
12:   4.2096e-01   4.8511e-01   4.8511e-01
15:   5.4926e-01
D:
 0:   1.6667e-01   5.5556e-02   2.7778e-01
 3:   1.6667e-01   5.5556e-02   2.7778e-01
 6:   1.6667e-01   5.5556e-02   2.7778e-01
 9:   1.6667e-01   5.5556e-02   2.7778e-01
12:   1.6667e-01   5.5556e-02   2.7778e-01
15:   1.6667e-01   5.5556e-02   2.7778e-01
18:   1.6667e-01   5.5556e-02   2.7778e-01
21:   1.6667e-01   5.5556e-02   2.7778e-01
24:   1.6667e-01   5.5556e-02   5.5556e-02
27:   1.6667e-01   5.5556e-02   5.5556e-02
30:   1.6667e-01   5.5556e-02   5.5556e-02
33:   1.6667e-01   5.5556e-02   5.5556e-02
36:   1.6667e-01   5.5556e-02   5.5556e-02
39:   1.6667e-01   5.5556e-02   5.5556e-02
42:   1.6667e-01   5.5556e-02   5.5556e-02
45:   1.6667e-01   5.5556e-02   5.5556e-02
H:
 0:   0.0000e+00   1.3878e-17  -5.5511e-17
 3:   1.3878e-17   0.0000e+00   0.0000e+00
 6:  -5.5511e-17   0.0000e+00   0.0000e+00
 9:   0.0000e+00   2.7756e-17  -5.5511e-17
12:   2.7756e-17   0.0000e+00   0.0000e+00
15:  -5.5511e-17   0.0000e+00   0.0000e+00
18:   0.0000e+00   1.3878e-17   0.0000e+00
21:   1.3878e-17   0.0000e+00   0.0000e+00
24:   0.0000e+00   0.0000e+00   0.0000e+00
27:   0.0000e+00   2.7756e-17   0.0000e+00
30:   2.7756e-17   0.0000e+00   0.0000e+00
33:   0.0000e+00   0.0000e+00   0.0000e+00
36:   0.0000e+00   1.3878e-17  -5.5511e-17
39:   1.3878e-17   0.0000e+00   4.1633e-17
42:  -5.5511e-17   4.1633e-17   0.0000e+00
45:   0.0000e+00   2.7756e-17  -5.5511e-17
48:   2.7756e-17   0.0000e+00   4.1633e-17
51:  -5.5511e-17   4.1633e-17   0.0000e+00
54:   0.0000e+00   1.3878e-17   0.0000e+00
57:   1.3878e-17   0.0000e+00   4.1633e-17
60:   0.0000e+00   4.1633e-17   0.0000e+00
63:   0.0000e+00   2.7756e-17   0.0000e+00
66:   2.7756e-17   0.0000e+00   4.1633e-17
69:   0.0000e+00   4.1633e-17   0.0000e+00
72:   0.0000e+00   1.7347e-17   6.9389e-18
75:   1.7347e-17   0.0000e+00   0.0000e+00
78:   6.9389e-18   0.0000e+00   0.0000e+00
81:   0.0000e+00   2.7756e-17   6.9389e-18
84:   2.7756e-17   0.0000e+00   0.0000e+00
87:   6.9389e-18   0.0000e+00   0.0000e+00
90:   0.0000e+00   1.7347e-17   2.7756e-17
93:   1.7347e-17   0.0000e+00   0.0000e+00
96:   2.7756e-17   0.0000e+00   0.0000e+00
99:   0.0000e+00   2.7756e-17   2.7756e-17
102:   2.7756e-17   0.0000e+00   0.0000e+00
105:   2.7756e-17   0.0000e+00   0.0000e+00
108:   0.0000e+00   1.7347e-17   6.9389e-18
111:   1.7347e-17   0.0000e+00   1.3878e-17
114:   6.9389e-18   1.3878e-17   0.0000e+00
117:   0.0000e+00   2.7756e-17   6.9389e-18
120:   2.7756e-17   0.0000e+00   1.3878e-17
123:   6.9389e-18   1.3878e-17   0.0000e+00
126:   0.0000e+00   1.7347e-17   2.7756e-17
129:   1.7347e-17   0.0000e+00   1.3878e-17
132:   2.7756e-17   1.3878e-17   0.0000e+00
135:   0.0000e+00   2.7756e-17   2.7756e-17
138:   2.7756e-17   0.0000e+00   1.3878e-17
141:   2.7756e-17   1.3878e-17   0.0000e+00
rB:
 0:   7.6688e-01   1.0876e+00   8.3103e-01   1.1518e+00   9.5933e-01
 5:   1.2801e+00   1.0235e+00   1.3442e+00   2.2851e-01   2.9266e-01
10:   2.9266e-01   3.5681e-01   4.2096e-01   4.8511e-01   4.8511e-01
15:   5.4926e-01
rD:
 0:   1.6667e-01   5.5556e-02   2.7778e-01   1.6667e-01   5.5556e-02
 5:   2.7778e-01   1.6667e-01   5.5556e-02   2.7778e-01   1.6667e-01
10:   5.5556e-02   2.7778e-01   1.6667e-01   5.5556e-02   2.7778e-01
15:   1.6667e-01   5.5556e-02   2.7778e-01   1.6667e-01   5.5556e-02
20:   2.7778e-01   1.6667e-01   5.5556e-02   2.7778e-01   1.6667e-01
25:   5.5556e-02   5.5556e-02   1.6667e-01   5.5556e-02   5.5556e-02
30:   1.6667e-01   5.5556e-02   5.5556e-02   1.6667e-01   5.5556e-02
35:   5.5556e-02   1.6667e-01   5.5556e-02   5.5556e-02   1.6667e-01
40:   5.5556e-02   5.5556e-02   1.6667e-01   5.5556e-02   5.5556e-02
45:   1.6667e-01   5.5556e-02   5.5556e-02
rH:
 0:   0.0000e+00   1.3878e-17  -5.5511e-17   1.3878e-17   0.0000e+00
 5:   0.0000e+00  -5.5511e-17   0.0000e+00   0.0000e+00   0.0000e+00
10:   2.7756e-17  -5.5511e-17   2.7756e-17   0.0000e+00   0.0000e+00
15:  -5.5511e-17   0.0000e+00   0.0000e+00   0.0000e+00   1.3878e-17
20:   0.0000e+00   1.3878e-17   0.0000e+00   0.0000e+00   0.0000e+00
25:   0.0000e+00   0.0000e+00   0.0000e+00   2.7756e-17   0.0000e+00
30:   2.7756e-17   0.0000e+00   0.0000e+00   0.0000e+00   0.0000e+00
35:   0.0000e+00   0.0000e+00   1.3878e-17  -5.5511e-17   1.3878e-17
40:   0.0000e+00   4.1633e-17  -5.5511e-17   4.1633e-17   0.0000e+00
45:   0.0000e+00   2.7756e-17  -5.5511e-17   2.7756e-17   0.0000e+00
50:   4.1633e-17  -5.5511e-17   4.1633e-17   0.0000e+00   0.0000e+00
55:   1.3878e-17   0.0000e+00   1.3878e-17   0.0000e+00   4.1633e-17
60:   0.0000e+00   4.1633e-17   0.0000e+00   0.0000e+00   2.7756e-17
65:   0.0000e+00   2.7756e-17   0.0000e+00   4.1633e-17   0.0000e+00
70:   4.1633e-17   0.0000e+00   0.0000e+00   1.7347e-17   6.9389e-18
75:   1.7347e-17   0.0000e+00   0.0000e+00   6.9389e-18   0.0000e+00
80:   0.0000e+00   0.0000e+00   2.7756e-17   6.9389e-18   2.7756e-17
85:   0.0000e+00   0.0000e+00   6.9389e-18   0.0000e+00   0.0000e+00
90:   0.0000e+00   1.7347e-17   2.7756e-17   1.7347e-17   0.0000e+00
95:   0.0000e+00   2.7756e-17   0.0000e+00   0.0000e+00   0.0000e+00
100:   2.7756e-17   2.7756e-17   2.7756e-17   0.0000e+00   0.0000e+00
105:   2.7756e-17   0.0000e+00   0.0000e+00   0.0000e+00   1.7347e-17
110:   6.9389e-18   1.7347e-17   0.0000e+00   1.3878e-17   6.9389e-18
115:   1.3878e-17   0.0000e+00   0.0000e+00   2.7756e-17   6.9389e-18
120:   2.7756e-17   0.0000e+00   1.3878e-17   6.9389e-18   1.3878e-17
125:   0.0000e+00   0.0000e+00   1.7347e-17   2.7756e-17   1.7347e-17
130:   0.0000e+00   1.3878e-17   2.7756e-17   1.3878e-17   0.0000e+00
135:   0.0000e+00   2.7756e-17   2.7756e-17   2.7756e-17   0.0000e+00
140:   1.3878e-17   2.7756e-17   1.3878e-17   0.0000e+00
