  Quadrature of order 3 on 4 points (dim 2)
IS Object: FE Test Cells 1 MPI processes
  type: general
Number of indices in set 2
0 12
1 1
B:
 0:   7.5332e-01   1.1227e+00   1.0327e+00
 3:   1.2513e+00   9.1693e-02   7.1604e-02
 6:   1.5430e-01   1.0907e-01
D:
 0:   2.5929e-01   3.8763e-01   3.0222e-01
 3:   4.8499e-01   3.1349e-01   4.4183e-01
 6:   3.2500e-01   5.0777e-01   3.7068e-02
 9:  -5.6815e-02   7.9998e-02   4.0548e-02
12:   9.1271e-02  -2.6120e-03   1.0277e-01
15:   6.3324e-02
H:
 0:   5.5556e-02   5.5556e-02   5.5556e-02
 3:   1.1111e-01   5.5556e-02   5.5556e-02
 6:   5.5556e-02   1.1111e-01   5.5556e-02
 9:   5.5556e-02   5.5556e-02   1.1111e-01
12:   5.5556e-02   5.5556e-02   5.5556e-02
15:   1.1111e-01   5.5556e-02   5.5556e-02
18:   5.5556e-02   1.1111e-01   5.5556e-02
21:   5.5556e-02   5.5556e-02   1.1111e-01
24:   5.5556e-02   5.5556e-02   5.5556e-02
27:   1.1111e-01   5.5556e-02   5.5556e-02
30:   5.5556e-02   1.1111e-01
rB:
 0:   7.5332e-01   1.1227e+00   1.0327e+00   1.2513e+00   9.1693e-02
 5:   7.1604e-02   1.5430e-01   1.0907e-01
rD:
 0:   2.5929e-01   3.8763e-01   3.0222e-01   4.8499e-01   3.1349e-01
 5:   4.4183e-01   3.2500e-01   5.0777e-01   3.7068e-02  -5.6815e-02
10:   7.9998e-02   4.0548e-02   9.1271e-02  -2.6120e-03   1.0277e-01
15:   6.3324e-02
rH:
 0:   5.5556e-02   5.5556e-02   5.5556e-02   1.1111e-01   5.5556e-02
 5:   5.5556e-02   5.5556e-02   1.1111e-01   5.5556e-02   5.5556e-02
10:   5.5556e-02   1.1111e-01   5.5556e-02   5.5556e-02   5.5556e-02
15:   1.1111e-01   5.5556e-02   5.5556e-02   5.5556e-02   1.1111e-01
20:   5.5556e-02   5.5556e-02   5.5556e-02   1.1111e-01   5.5556e-02
25:   5.5556e-02   5.5556e-02   1.1111e-01   5.5556e-02   5.5556e-02
30:   5.5556e-02   1.1111e-01
