  Quadrature of order 3 on 4 points (dim 2)
IS Object: FE Test Cells 1 MPI processes
  type: general
Number of indices in set 2
0 6
1 0
B:
 0:   5.8533e-01   9.0608e-01   6.4948e-01
 3:   9.7023e-01   4.6961e-02   1.1111e-01
 6:   1.1111e-01   1.7526e-01
D:
 0:   5.5556e-02   2.7778e-01   5.5556e-02
 3:   2.7778e-01   5.5556e-02   2.7778e-01
 6:   5.5556e-02   2.7778e-01   5.5556e-02
 9:   5.5556e-02   5.5556e-02   5.5556e-02
12:   5.5556e-02   5.5556e-02   5.5556e-02
15:   5.5556e-02
H:
 0:   0.0000e+00   0.0000e+00   0.0000e+00
 3:   0.0000e+00   0.0000e+00   0.0000e+00
 6:   0.0000e+00   0.0000e+00   0.0000e+00
 9:   0.0000e+00   0.0000e+00   0.0000e+00
12:   0.0000e+00   0.0000e+00   0.0000e+00
15:   0.0000e+00   0.0000e+00   0.0000e+00
18:   0.0000e+00   0.0000e+00   0.0000e+00
21:   0.0000e+00   0.0000e+00   0.0000e+00
24:   0.0000e+00   0.0000e+00   0.0000e+00
27:   0.0000e+00   0.0000e+00   0.0000e+00
30:   0.0000e+00   0.0000e+00
rB:
 0:   5.8533e-01   9.0608e-01   6.4948e-01   9.7023e-01   4.6961e-02
 5:   1.1111e-01   1.1111e-01   1.7526e-01
rD:
 0:   5.5556e-02   2.7778e-01   5.5556e-02   2.7778e-01   5.5556e-02
 5:   2.7778e-01   5.5556e-02   2.7778e-01   5.5556e-02   5.5556e-02
10:   5.5556e-02   5.5556e-02   5.5556e-02   5.5556e-02   5.5556e-02
15:   5.5556e-02
rH:
 0:   0.0000e+00   0.0000e+00   0.0000e+00   0.0000e+00   0.0000e+00
 5:   0.0000e+00   0.0000e+00   0.0000e+00   0.0000e+00   0.0000e+00
10:   0.0000e+00   0.0000e+00   0.0000e+00   0.0000e+00   0.0000e+00
15:   0.0000e+00   0.0000e+00   0.0000e+00   0.0000e+00   0.0000e+00
20:   0.0000e+00   0.0000e+00   0.0000e+00   0.0000e+00   0.0000e+00
25:   0.0000e+00   0.0000e+00   0.0000e+00   0.0000e+00   0.0000e+00
30:   0.0000e+00   0.0000e+00
