  Quadrature of order 3 on 4 points (dim 2)
IS Object: FE Test Cells 1 MPI processes
  type: general
Number of indices in set 2
0 12
1 1
B:
 0:   7.9258e-01   1.1705e+00   1.0636e+00
 3:   1.2844e+00   1.3095e-01   1.1945e-01
 6:   1.8515e-01   1.4222e-01
D:
 0:   2.7778e-01   4.4444e-01   2.7778e-01
 3:   4.4444e-01   2.7778e-01   4.4444e-01
 6:   2.7778e-01   4.4444e-01   5.5556e-02
 9:   1.3878e-17   5.5556e-02   1.3878e-17
12:   5.5556e-02   1.3878e-17   5.5556e-02
15:   1.3878e-17
H:
 0:   0.0000e+00   0.0000e+00   0.0000e+00
 3:   0.0000e+00   0.0000e+00   0.0000e+00
 6:   0.0000e+00   0.0000e+00   0.0000e+00
 9:   0.0000e+00   0.0000e+00   0.0000e+00
12:   0.0000e+00   0.0000e+00   0.0000e+00
15:   0.0000e+00   0.0000e+00   0.0000e+00
18:   0.0000e+00   0.0000e+00   0.0000e+00
21:   0.0000e+00   0.0000e+00   0.0000e+00
24:   0.0000e+00   0.0000e+00   0.0000e+00
27:   0.0000e+00   0.0000e+00   0.0000e+00
30:   0.0000e+00   0.0000e+00
rB:
 0:   7.9258e-01   1.1705e+00   1.0636e+00   1.2844e+00   1.3095e-01
 5:   1.1945e-01   1.8515e-01   1.4222e-01
rD:
 0:   2.7778e-01   4.4444e-01   2.7778e-01   4.4444e-01   2.7778e-01
 5:   4.4444e-01   2.7778e-01   4.4444e-01   5.5556e-02   1.3878e-17
10:   5.5556e-02   1.3878e-17   5.5556e-02   1.3878e-17   5.5556e-02
15:   1.3878e-17
rH:
 0:   0.0000e+00   0.0000e+00   0.0000e+00   0.0000e+00   0.0000e+00
 5:   0.0000e+00   0.0000e+00   0.0000e+00   0.0000e+00   0.0000e+00
10:   0.0000e+00   0.0000e+00   0.0000e+00   0.0000e+00   0.0000e+00
15:   0.0000e+00   0.0000e+00   0.0000e+00   0.0000e+00   0.0000e+00
20:   0.0000e+00   0.0000e+00   0.0000e+00   0.0000e+00   0.0000e+00
25:   0.0000e+00   0.0000e+00   0.0000e+00   0.0000e+00   0.0000e+00
30:   0.0000e+00   0.0000e+00
