TS Object: 1 MPI processes
  type: rosw
    Rosenbrock-W ra34pw2
    Abscissa of A       =  0.000000  0.871733  0.731580  1.000000 
    Abscissa of A+Gamma =  0.435867  0.871733  0.731580  1.000000 
  maximum time=100000.
  total number of nonlinear solver iterations=2100
  total number of linear solver iterations=2100
  total number of linear solve failures=0
  total number of rejected steps=85
  using relative error tolerance of 0.0001,   using absolute error tolerance of 0.0001
TSAdapt Object: 1 MPI processes
  type: basic
  safety factor 0.9
  extra safety factor after step rejection 0.5
  clip fastest increase 10.
  clip fastest decrease 0.1
  maximum allowed timestep 1e+20
  minimum allowed timestep 1e-20
  maximum solution absolute value to be ignored -1.
SNES Object: 1 MPI processes
  type: ksponly
  maximum iterations=50, maximum function evaluations=10000
  tolerances: relative=1e-08, absolute=1e-50, solution=1e-08
  total number of linear solver iterations=1
  total number of function evaluations=1
  norm schedule ALWAYS
  KSP Object: 1 MPI processes
    type: gmres
      restart=30, using Classical (unmodified) Gram-Schmidt Orthogonalization with no iterative refinement
      happy breakdown tolerance 1e-30
    maximum iterations=10000, initial guess is zero
    tolerances:  relative=1e-05, absolute=1e-50, divergence=10000.
    left preconditioning
    using PRECONDITIONED norm type for convergence test
  PC Object: 1 MPI processes
    type: ilu
      out-of-place factorization
      0 levels of fill
      tolerance for zero pivot 2.22045e-14
      matrix ordering: natural
      factor fill ratio given 1., needed 1.
        Factored matrix follows:
          Mat Object: 1 MPI processes
            type: seqaij
            rows=4, cols=4
            package used to perform factorization: petsc
            total: nonzeros=16, allocated nonzeros=16
              using I-node routines: found 1 nodes, limit used is 5
    linear system matrix = precond matrix:
    Mat Object: 1 MPI processes
      type: seqaij
      rows=4, cols=4
      total: nonzeros=16, allocated nonzeros=20
      total number of mallocs used during MatSetValues calls=0
        using I-node routines: found 1 nodes, limit used is 5
