  DMSWARM_PIC: Using method CellDM->LocatePoints
  DMSWARM_PIC: Using method CellDM->GetNeigbors
DM Object: 1 MPI processes
  type: plex
DM_0x84000000_1 in 2 dimensions:
  0-cells: 4
  2-cells: 2
Labels:
  Face Sets: 0 strata with value/size ()
  marker: 1 strata with value/size (1 (4))
  depth: 2 strata with value/size (0 (4), 1 (2))
DM Object: DM_0x84000000_0 1 MPI processes
  type: swarm
DataBucketView: 
  L                  = 32 
  buffer             = 0 
  allocated          = 32 
  nfields registered = 6 
    [  0]     DMSwarm_pid : Mem. usage       = 2.56e-04 (MB) [rank0]
                            blocksize        = 1 
                            atomic size      = 8 
    [  1]    DMSwarm_rank : Mem. usage       = 1.28e-04 (MB) [rank0]
                            blocksize        = 1 
                            atomic size      = 4 
    [  2] DMSwarmPIC_coor : Mem. usage       = 5.12e-04 (MB) [rank0]
                            blocksize        = 2 
                            atomic size      = 16 [full block, bs=2]
                            atomic size/item = 8 
    [  3]  DMSwarm_cellid : Mem. usage       = 1.28e-04 (MB) [rank0]
                            blocksize        = 1 
                            atomic size      = 4 
    [  4]       viscosity : Mem. usage       = 2.56e-04 (MB) [rank0]
                            blocksize        = 1 
                            atomic size      = 8 
    [  5]         density : Mem. usage       = 2.56e-04 (MB) [rank0]
                            blocksize        = 1 
                            atomic size      = 8 
  Total mem. usage                           = 1.54e-03 (MB) (collective)
