i 0 e[3*i] 0 1 6
i 1 e[3*i] 7 6 1
i 2 e[3*i] 1 2 7
i 3 e[3*i] 8 7 2
i 4 e[3*i] 2 3 8
i 5 e[3*i] 9 8 3
i 6 e[3*i] 3 4 9
i 7 e[3*i] 10 9 4
i 8 e[3*i] 6 7 12
i 9 e[3*i] 13 12 7
i 10 e[3*i] 7 8 13
i 11 e[3*i] 14 13 8
i 12 e[3*i] 8 9 14
i 13 e[3*i] 15 14 9
i 14 e[3*i] 9 10 15
i 15 e[3*i] 16 15 10
i 16 e[3*i] 12 13 18
i 17 e[3*i] 19 18 13
i 18 e[3*i] 13 14 19
i 19 e[3*i] 20 19 14
i 20 e[3*i] 14 15 20
i 21 e[3*i] 21 20 15
i 22 e[3*i] 15 16 21
i 23 e[3*i] 22 21 16
i 24 e[3*i] 18 19 24
i 25 e[3*i] 25 24 19
i 26 e[3*i] 19 20 25
i 27 e[3*i] 26 25 20
i 28 e[3*i] 20 21 26
i 29 e[3*i] 27 26 21
i 30 e[3*i] 21 22 27
i 31 e[3*i] 28 27 22
i 32 e[3*i] 24 25 30
i 33 e[3*i] 31 30 25
i 34 e[3*i] 25 26 31
i 35 e[3*i] 32 31 26
i 36 e[3*i] 26 27 32
i 37 e[3*i] 33 32 27
i 38 e[3*i] 27 28 33
i 39 e[3*i] 34 33 28
i 40 e[3*i] 30 31 36
i 41 e[3*i] 37 36 31
i 42 e[3*i] 31 32 37
i 43 e[3*i] 38 37 32
i 44 e[3*i] 32 33 38
i 45 e[3*i] 39 38 33
i 46 e[3*i] 33 34 39
i 47 e[3*i] 40 39 34
i 48 e[3*i] 36 37 42
i 49 e[3*i] 43 42 37
i 50 e[3*i] 37 38 43
i 51 e[3*i] 44 43 38
i 52 e[3*i] 38 39 44
i 53 e[3*i] 45 44 39
i 54 e[3*i] 39 40 45
i 55 e[3*i] 46 45 40
i 0 e[3*i] 0 1 6
i 1 e[3*i] 7 6 1
i 2 e[3*i] 1 2 7
i 3 e[3*i] 8 7 2
i 4 e[3*i] 2 3 8
i 5 e[3*i] 9 8 3
i 6 e[3*i] 3 4 9
i 7 e[3*i] 10 9 4
i 8 e[3*i] 4 5 10
i 9 e[3*i] 11 10 5
i 10 e[3*i] 6 7 12
i 11 e[3*i] 13 12 7
i 12 e[3*i] 7 8 13
i 13 e[3*i] 14 13 8
i 14 e[3*i] 8 9 14
i 15 e[3*i] 15 14 9
i 16 e[3*i] 9 10 15
i 17 e[3*i] 16 15 10
i 18 e[3*i] 10 11 16
i 19 e[3*i] 17 16 11
i 20 e[3*i] 12 13 18
i 21 e[3*i] 19 18 13
i 22 e[3*i] 13 14 19
i 23 e[3*i] 20 19 14
i 24 e[3*i] 14 15 20
i 25 e[3*i] 21 20 15
i 26 e[3*i] 15 16 21
i 27 e[3*i] 22 21 16
i 28 e[3*i] 16 17 22
i 29 e[3*i] 23 22 17
i 30 e[3*i] 18 19 24
i 31 e[3*i] 25 24 19
i 32 e[3*i] 19 20 25
i 33 e[3*i] 26 25 20
i 34 e[3*i] 20 21 26
i 35 e[3*i] 27 26 21
i 36 e[3*i] 21 22 27
i 37 e[3*i] 28 27 22
i 38 e[3*i] 22 23 28
i 39 e[3*i] 29 28 23
i 40 e[3*i] 24 25 30
i 41 e[3*i] 31 30 25
i 42 e[3*i] 25 26 31
i 43 e[3*i] 32 31 26
i 44 e[3*i] 26 27 32
i 45 e[3*i] 33 32 27
i 46 e[3*i] 27 28 33
i 47 e[3*i] 34 33 28
i 48 e[3*i] 28 29 34
i 49 e[3*i] 35 34 29
i 50 e[3*i] 30 31 36
i 51 e[3*i] 37 36 31
i 52 e[3*i] 31 32 37
i 53 e[3*i] 38 37 32
i 54 e[3*i] 32 33 38
i 55 e[3*i] 39 38 33
i 56 e[3*i] 33 34 39
i 57 e[3*i] 40 39 34
i 58 e[3*i] 34 35 40
i 59 e[3*i] 41 40 35
i 60 e[3*i] 36 37 42
i 61 e[3*i] 43 42 37
i 62 e[3*i] 37 38 43
i 63 e[3*i] 44 43 38
i 64 e[3*i] 38 39 44
i 65 e[3*i] 45 44 39
i 66 e[3*i] 39 40 45
i 67 e[3*i] 46 45 40
i 68 e[3*i] 40 41 46
i 69 e[3*i] 47 46 41
