IS Object: 3 MPI processes
  type: general
[0] Number of indices in set 34
[0] 0 0
[0] 1 0
[0] 2 0
[0] 3 0
[0] 4 0
[0] 5 0
[0] 6 0
[0] 7 0
[0] 8 0
[0] 9 0
[0] 10 0
[0] 11 0
[0] 12 0
[0] 13 0
[0] 14 0
[0] 15 0
[0] 16 0
[0] 17 0
[0] 18 0
[0] 19 2
[0] 20 2
[0] 21 2
[0] 22 2
[0] 23 2
[0] 24 2
[0] 25 2
[0] 26 2
[0] 27 2
[0] 28 2
[0] 29 2
[0] 30 2
[0] 31 2
[0] 32 2
[0] 33 2
[1] Number of indices in set 33
[1] 0 2
[1] 1 2
[1] 2 2
[1] 3 3
[1] 4 3
[1] 5 3
[1] 6 3
[1] 7 3
[1] 8 3
[1] 9 3
[1] 10 3
[1] 11 3
[1] 12 3
[1] 13 1
[1] 14 1
[1] 15 1
[1] 16 1
[1] 17 1
[1] 18 1
[1] 19 1
[1] 20 1
[1] 21 1
[1] 22 1
[1] 23 5
[1] 24 5
[1] 25 5
[1] 26 5
[1] 27 5
[1] 28 5
[1] 29 5
[1] 30 5
[1] 31 5
[1] 32 5
[2] Number of indices in set 33
[2] 0 6
[2] 1 6
[2] 2 6
[2] 3 6
[2] 4 6
[2] 5 6
[2] 6 4
[2] 7 4
[2] 8 4
[2] 9 4
[2] 10 4
[2] 11 4
[2] 12 4
[2] 13 7
[2] 14 7
[2] 15 7
[2] 16 7
[2] 17 7
[2] 18 7
[2] 19 7
[2] 20 8
[2] 21 8
[2] 22 8
[2] 23 8
[2] 24 8
[2] 25 8
[2] 26 9
[2] 27 9
[2] 28 9
[2] 29 9
[2] 30 9
[2] 31 9
[2] 32 9
