IS Object: 2 MPI processes
  type: general
[0] Number of indices in set 50
[0] 0 0
[0] 1 0
[0] 2 0
[0] 3 0
[0] 4 0
[0] 5 0
[0] 6 0
[0] 7 0
[0] 8 0
[0] 9 0
[0] 10 1
[0] 11 1
[0] 12 1
[0] 13 1
[0] 14 1
[0] 15 1
[0] 16 1
[0] 17 1
[0] 18 1
[0] 19 1
[0] 20 2
[0] 21 2
[0] 22 2
[0] 23 2
[0] 24 2
[0] 25 2
[0] 26 2
[0] 27 2
[0] 28 2
[0] 29 2
[0] 30 3
[0] 31 3
[0] 32 3
[0] 33 3
[0] 34 3
[0] 35 3
[0] 36 3
[0] 37 3
[0] 38 3
[0] 39 3
[0] 40 4
[0] 41 4
[0] 42 4
[0] 43 4
[0] 44 4
[0] 45 4
[0] 46 4
[0] 47 4
[0] 48 4
[0] 49 4
[1] Number of indices in set 50
[1] 0 5
[1] 1 5
[1] 2 5
[1] 3 5
[1] 4 5
[1] 5 5
[1] 6 5
[1] 7 5
[1] 8 5
[1] 9 5
[1] 10 8
[1] 11 8
[1] 12 8
[1] 13 8
[1] 14 8
[1] 15 8
[1] 16 8
[1] 17 8
[1] 18 8
[1] 19 8
[1] 20 9
[1] 21 9
[1] 22 9
[1] 23 9
[1] 24 9
[1] 25 9
[1] 26 9
[1] 27 9
[1] 28 9
[1] 29 9
[1] 30 6
[1] 31 6
[1] 32 6
[1] 33 6
[1] 34 6
[1] 35 6
[1] 36 6
[1] 37 6
[1] 38 6
[1] 39 6
[1] 40 7
[1] 41 7
[1] 42 7
[1] 43 7
[1] 44 7
[1] 45 7
[1] 46 7
[1] 47 7
[1] 48 7
[1] 49 7
