Mat Object: 8 MPI processes
  type: mpiaij
row 0: (0, 1.)  (1, 1.)  (16, 1.) 
row 1: (0, 1.)  (1, 1.)  (2, 1.) 
row 2: (1, 1.)  (2, 1.)  (3, 1.) 
row 3: (2, 1.)  (3, 1.)  (4, 1.) 
row 4: (3, 1.)  (4, 1.)  (5, 1.) 
row 5: (4, 1.)  (5, 1.)  (6, 1.) 
row 6: (5, 1.)  (6, 1.)  (7, 1.) 
row 7: (6, 1.)  (7, 1.)  (8, 1.) 
row 8: (7, 1.)  (8, 1.)  (9, 1.) 
row 9: (8, 1.)  (9, 1.)  (10, 1.) 
row 10: (9, 1.)  (10, 1.)  (11, 1.) 
row 11: (10, 1.)  (11, 1.)  (12, 1.) 
row 12: (11, 1.)  (12, 1.)  (13, 1.) 
row 13: (12, 1.)  (13, 1.)  (14, 1.) 
row 14: (13, 1.)  (14, 1.)  (15, 1.) 
row 15: (14, 1.)  (15, 1.)  (16, 1.) 
row 16: (0, 1.)  (15, 1.)  (16, 1.) 
IS Object: 8 MPI processes
  type: general
[0] Number of indices in set 0
[1] Number of indices in set 5
[1] 0 0
[1] 1 0
[1] 2 0
[1] 3 1
[1] 4 1
[2] Number of indices in set 0
[3] Number of indices in set 5
[3] 0 2
[3] 1 2
[3] 2 3
[3] 3 3
[3] 4 4
[4] Number of indices in set 0
[5] Number of indices in set 1
[5] 0 4
[6] Number of indices in set 1
[6] 0 5
[7] Number of indices in set 5
[7] 0 5
[7] 1 6
[7] 2 6
[7] 3 7
[7] 4 7
