DM Object: box 1 MPI processes
  type: plex
box in 2 dimensions:
  0-cells: 861
  1-cells: 1660
  2-cells: 800
Labels:
  marker: 1 strata with value/size (1 (240))
  Face Sets: 4 strata with value/size (4 (20), 2 (20), 1 (40), 3 (40))
  depth: 3 strata with value/size (0 (861), 1 (1660), 2 (800))
  celltype: 3 strata with value/size (4 (800), 0 (861), 1 (1660))
DM Object: 1 MPI processes
  type: swarm
DMSwarmDataBucketView:
  L                  = 100
  buffer             = 0
  allocated          = 100
  nfields registered = 5
    [  0]     DMSwarm_pid : Mem. usage       = 8.00e-04 (MB) [rank0]
                            blocksize        = 1
                            atomic size      = 8
    [  1]    DMSwarm_rank : Mem. usage       = 4.00e-04 (MB) [rank0]
                            blocksize        = 1
                            atomic size      = 4
    [  2] DMSwarmPIC_coor : Mem. usage       = 1.60e-03 (MB) [rank0]
                            blocksize        = 2
                            atomic size      = 16 [full block, bs=2]
                            atomic size/item = 8
    [  3]  DMSwarm_cellid : Mem. usage       = 4.00e-04 (MB) [rank0]
                            blocksize        = 1
                            atomic size      = 4
    [  4]             w_q : Mem. usage       = 8.00e-04 (MB) [rank0]
                            blocksize        = 1
                            atomic size      = 8
  Total mem. usage                           = 4.00e-03 (MB) (collective)
 Total number density =    99.999645863852592
