Vector Object:
  type: mpi
Process [0]
0
1
2
3
4
Vector Object:
  type: mpi
Process [0]
0
1
2
3
4
1
2
3
4
5
2
3
4
5
6
3
4
5
6
7
4
5
6
7
8
5
6
7
8
9
Vector Object:
  type: mpi
Process [0]
0
1
2
3
4
1
2
3
4
5
2
3
4
5
6
3
4
5
6
7
4
5
6
7
8
5
6
7
8
9
1
2
3
4
5
2
3
4
5
6
3
4
5
6
7
4
5
6
7
8
5
6
7
8
9
6
7
8
9
10
2
3
4
5
6
3
4
5
6
7
4
5
6
7
8
5
6
7
8
9
6
7
8
9
10
7
8
9
10
11
3
4
5
6
7
4
5
6
7
8
5
6
7
8
9
6
7
8
9
10
7
8
9
10
11
8
9
10
11
12
Vector Object:
  type: mpi
Process [0]
0
0
1
-1
2
-2
3
-3
4
-4
Vector Object:
  type: mpi
Process [0]
0
0
1
-1
2
-2
3
-3
4
-4
1
-1
2
-2
3
-3
4
-4
5
-5
2
-2
3
-3
4
-4
5
-5
6
-6
3
-3
4
-4
5
-5
6
-6
7
-7
4
-4
5
-5
6
-6
7
-7
8
-8
5
-5
6
-6
7
-7
8
-8
9
-9
Vector Object:
  type: mpi
Process [0]
0
0
0
1
-1
1
2
-2
2
3
-3
3
4
-4
4
1
-1
1
2
-2
2
3
-3
3
4
-4
4
5
-5
5
2
-2
2
3
-3
3
4
-4
4
5
-5
5
6
-6
6
3
-3
3
4
-4
4
5
-5
5
6
-6
6
7
-7
7
4
-4
4
5
-5
5
6
-6
6
7
-7
7
8
-8
8
5
-5
5
6
-6
6
7
-7
7
8
-8
8
9
-9
9
1
-1
1
2
-2
2
3
-3
3
4
-4
4
5
-5
5
2
-2
2
3
-3
3
4
-4
4
5
-5
5
6
-6
6
3
-3
3
4
-4
4
5
-5
5
6
-6
6
7
-7
7
4
-4
4
5
-5
5
6
-6
6
7
-7
7
8
-8
8
5
-5
5
6
-6
6
7
-7
7
8
-8
8
9
-9
9
6
-6
6
7
-7
7
8
-8
8
9
-9
9
10
-10
10
2
-2
2
3
-3
3
4
-4
4
5
-5
5
6
-6
6
3
-3
3
4
-4
4
5
-5
5
6
-6
6
7
-7
7
4
-4
4
5
-5
5
6
-6
6
7
-7
7
8
-8
8
5
-5
5
6
-6
6
7
-7
7
8
-8
8
9
-9
9
6
-6
6
7
-7
7
8
-8
8
9
-9
9
10
-10
10
7
-7
7
8
-8
8
9
-9
9
10
-10
10
11
-11
11
3
-3
3
4
-4
4
5
-5
5
6
-6
6
7
-7
7
4
-4
4
5
-5
5
6
-6
6
7
-7
7
8
-8
8
5
-5
5
6
-6
6
7
-7
7
8
-8
8
9
-9
9
6
-6
6
7
-7
7
8
-8
8
9
-9
9
10
-10
10
7
-7
7
8
-8
8
9
-9
9
10
-10
10
11
-11
11
8
-8
8
9
-9
9
10
-10
10
11
-11
11
12
-12
12
