row 0: (0, 1) 
row 1: (0, 0.9)  (1, 0.1) 
row 2: (1, 1) 
row 3: (0, 0.7)  (2, 0.3) 
row 4: (0, 0.63)  (1, 0.07)  (2, 0.27)  (3, 0.03) 
row 5: (1, 0.7)  (3, 0.3) 
row 6: (2, 1) 
row 7: (2, 0.9)  (3, 0.1) 
row 8: (3, 1) 
row 9: (2, 0.7)  (4, 0.3) 
row 10: (2, 0.63)  (3, 0.07)  (4, 0.27)  (5, 0.03) 
row 11: (3, 0.7)  (5, 0.3) 
row 12: (4, 1) 
row 13: (4, 0.9)  (5, 0.1) 
row 14: (5, 1) 
row 15: (4, 0.7)  (6, 0.3) 
row 16: (4, 0.63)  (5, 0.07)  (6, 0.27)  (7, 0.03) 
row 17: (5, 0.7)  (7, 0.3) 
row 18: (6, 1) 
row 19: (6, 0.9)  (7, 0.1) 
row 20: (7, 1) 
row 21: (0, 0.6)  (8, 0.4) 
row 22: (0, 0.54)  (1, 0.06)  (8, 0.36)  (9, 0.04) 
row 23: (1, 0.6)  (9, 0.4) 
row 24: (0, 0.42)  (2, 0.18)  (8, 0.28)  (10, 0.12) 
row 25: (0, 0.378)  (1, 0.042)  (2, 0.162)  (3, 0.018)  (8, 0.252)  (9, 0.028)  (10, 0.108)  (11, 0.012) 
row 26: (1, 0.42)  (3, 0.18)  (9, 0.28)  (11, 0.12) 
row 27: (2, 0.6)  (10, 0.4) 
row 28: (2, 0.54)  (3, 0.06)  (10, 0.36)  (11, 0.04) 
row 29: (3, 0.6)  (11, 0.4) 
row 30: (2, 0.42)  (4, 0.18)  (10, 0.28)  (12, 0.12) 
row 31: (2, 0.378)  (3, 0.042)  (4, 0.162)  (5, 0.018)  (10, 0.252)  (11, 0.028)  (12, 0.108)  (13, 0.012) 
row 32: (3, 0.42)  (5, 0.18)  (11, 0.28)  (13, 0.12) 
row 33: (4, 0.6)  (12, 0.4) 
row 34: (4, 0.54)  (5, 0.06)  (12, 0.36)  (13, 0.04) 
row 35: (5, 0.6)  (13, 0.4) 
row 36: (4, 0.42)  (6, 0.18)  (12, 0.28)  (14, 0.12) 
row 37: (4, 0.378)  (5, 0.042)  (6, 0.162)  (7, 0.018)  (12, 0.252)  (13, 0.028)  (14, 0.108)  (15, 0.012) 
row 38: (5, 0.42)  (7, 0.18)  (13, 0.28)  (15, 0.12) 
row 39: (6, 0.6)  (14, 0.4) 
row 40: (6, 0.54)  (7, 0.06)  (14, 0.36)  (15, 0.04) 
row 41: (7, 0.6)  (15, 0.4) 
row 42: (8, 1) 
row 43: (8, 0.9)  (9, 0.1) 
row 44: (9, 1) 
row 45: (8, 0.7)  (10, 0.3) 
row 46: (8, 0.63)  (9, 0.07)  (10, 0.27)  (11, 0.03) 
row 47: (9, 0.7)  (11, 0.3) 
row 48: (10, 1) 
row 49: (10, 0.9)  (11, 0.1) 
row 50: (11, 1) 
row 51: (10, 0.7)  (12, 0.3) 
row 52: (10, 0.63)  (11, 0.07)  (12, 0.27)  (13, 0.03) 
row 53: (11, 0.7)  (13, 0.3) 
row 54: (12, 1) 
row 55: (12, 0.9)  (13, 0.1) 
row 56: (13, 1) 
row 57: (12, 0.7)  (14, 0.3) 
row 58: (12, 0.63)  (13, 0.07)  (14, 0.27)  (15, 0.03) 
row 59: (13, 0.7)  (15, 0.3) 
row 60: (14, 1) 
row 61: (14, 0.9)  (15, 0.1) 
row 62: (15, 1) 
row 63: (8, 0.6)  (16, 0.4) 
row 64: (8, 0.54)  (9, 0.06)  (16, 0.36)  (17, 0.04) 
row 65: (9, 0.6)  (17, 0.4) 
row 66: (8, 0.42)  (10, 0.18)  (16, 0.28)  (18, 0.12) 
row 67: (8, 0.378)  (9, 0.042)  (10, 0.162)  (11, 0.018)  (16, 0.252)  (17, 0.028)  (18, 0.108)  (19, 0.012) 
row 68: (9, 0.42)  (11, 0.18)  (17, 0.28)  (19, 0.12) 
row 69: (10, 0.6)  (18, 0.4) 
row 70: (10, 0.54)  (11, 0.06)  (18, 0.36)  (19, 0.04) 
row 71: (11, 0.6)  (19, 0.4) 
row 72: (10, 0.42)  (12, 0.18)  (18, 0.28)  (20, 0.12) 
row 73: (10, 0.378)  (11, 0.042)  (12, 0.162)  (13, 0.018)  (18, 0.252)  (19, 0.028)  (20, 0.108)  (21, 0.012) 
row 74: (11, 0.42)  (13, 0.18)  (19, 0.28)  (21, 0.12) 
row 75: (12, 0.6)  (20, 0.4) 
row 76: (12, 0.54)  (13, 0.06)  (20, 0.36)  (21, 0.04) 
row 77: (13, 0.6)  (21, 0.4) 
row 78: (12, 0.42)  (14, 0.18)  (20, 0.28)  (22, 0.12) 
row 79: (12, 0.378)  (13, 0.042)  (14, 0.162)  (15, 0.018)  (20, 0.252)  (21, 0.028)  (22, 0.108)  (23, 0.012) 
row 80: (13, 0.42)  (15, 0.18)  (21, 0.28)  (23, 0.12) 
row 81: (14, 0.6)  (22, 0.4) 
row 82: (14, 0.54)  (15, 0.06)  (22, 0.36)  (23, 0.04) 
row 83: (15, 0.6)  (23, 0.4) 
row 84: (16, 1) 
row 85: (16, 0.9)  (17, 0.1) 
row 86: (17, 1) 
row 87: (16, 0.7)  (18, 0.3) 
row 88: (16, 0.63)  (17, 0.07)  (18, 0.27)  (19, 0.03) 
row 89: (17, 0.7)  (19, 0.3) 
row 90: (18, 1) 
row 91: (18, 0.9)  (19, 0.1) 
row 92: (19, 1) 
row 93: (18, 0.7)  (20, 0.3) 
row 94: (18, 0.63)  (19, 0.07)  (20, 0.27)  (21, 0.03) 
row 95: (19, 0.7)  (21, 0.3) 
row 96: (20, 1) 
row 97: (20, 0.9)  (21, 0.1) 
row 98: (21, 1) 
row 99: (20, 0.7)  (22, 0.3) 
row 100: (20, 0.63)  (21, 0.07)  (22, 0.27)  (23, 0.03) 
row 101: (21, 0.7)  (23, 0.3) 
row 102: (22, 1) 
row 103: (22, 0.9)  (23, 0.1) 
row 104: (23, 1) 
row 105: (1, 0.9)  (24, 0.1) 
row 106: (24, 1) 
row 107: (24, 0.9)  (25, 0.1) 
row 108: (1, 0.63)  (3, 0.27)  (24, 0.07)  (26, 0.03) 
row 109: (24, 0.7)  (26, 0.3) 
row 110: (24, 0.63)  (25, 0.07)  (26, 0.27)  (27, 0.03) 
row 111: (3, 0.9)  (26, 0.1) 
row 112: (26, 1) 
row 113: (26, 0.9)  (27, 0.1) 
row 114: (3, 0.63)  (5, 0.27)  (26, 0.07)  (28, 0.03) 
row 115: (26, 0.7)  (28, 0.3) 
row 116: (26, 0.63)  (27, 0.07)  (28, 0.27)  (29, 0.03) 
row 117: (5, 0.9)  (28, 0.1) 
row 118: (28, 1) 
row 119: (28, 0.9)  (29, 0.1) 
row 120: (5, 0.63)  (7, 0.27)  (28, 0.07)  (30, 0.03) 
row 121: (28, 0.7)  (30, 0.3) 
row 122: (28, 0.63)  (29, 0.07)  (30, 0.27)  (31, 0.03) 
row 123: (7, 0.9)  (30, 0.1) 
row 124: (30, 1) 
row 125: (30, 0.9)  (31, 0.1) 
row 126: (1, 0.54)  (9, 0.36)  (24, 0.06)  (32, 0.04) 
row 127: (24, 0.6)  (32, 0.4) 
row 128: (24, 0.54)  (25, 0.06)  (32, 0.36)  (33, 0.04) 
row 129: (1, 0.378)  (3, 0.162)  (9, 0.252)  (11, 0.108)  (24, 0.042)  (26, 0.018)  (32, 0.028)  (34, 0.012) 
row 130: (24, 0.42)  (26, 0.18)  (32, 0.28)  (34, 0.12) 
row 131: (24, 0.378)  (25, 0.042)  (26, 0.162)  (27, 0.018)  (32, 0.252)  (33, 0.028)  (34, 0.108)  (35, 0.012) 
row 132: (3, 0.54)  (11, 0.36)  (26, 0.06)  (34, 0.04) 
row 133: (26, 0.6)  (34, 0.4) 
row 134: (26, 0.54)  (27, 0.06)  (34, 0.36)  (35, 0.04) 
row 135: (3, 0.378)  (5, 0.162)  (11, 0.252)  (13, 0.108)  (26, 0.042)  (28, 0.018)  (34, 0.028)  (36, 0.012) 
row 136: (26, 0.42)  (28, 0.18)  (34, 0.28)  (36, 0.12) 
row 137: (26, 0.378)  (27, 0.042)  (28, 0.162)  (29, 0.018)  (34, 0.252)  (35, 0.028)  (36, 0.108)  (37, 0.012) 
row 138: (5, 0.54)  (13, 0.36)  (28, 0.06)  (36, 0.04) 
row 139: (28, 0.6)  (36, 0.4) 
row 140: (28, 0.54)  (29, 0.06)  (36, 0.36)  (37, 0.04) 
row 141: (5, 0.378)  (7, 0.162)  (13, 0.252)  (15, 0.108)  (28, 0.042)  (30, 0.018)  (36, 0.028)  (38, 0.012) 
row 142: (28, 0.42)  (30, 0.18)  (36, 0.28)  (38, 0.12) 
row 143: (28, 0.378)  (29, 0.042)  (30, 0.162)  (31, 0.018)  (36, 0.252)  (37, 0.028)  (38, 0.108)  (39, 0.012) 
row 144: (7, 0.54)  (15, 0.36)  (30, 0.06)  (38, 0.04) 
row 145: (30, 0.6)  (38, 0.4) 
row 146: (30, 0.54)  (31, 0.06)  (38, 0.36)  (39, 0.04) 
row 147: (9, 0.9)  (32, 0.1) 
row 148: (32, 1) 
row 149: (32, 0.9)  (33, 0.1) 
row 150: (9, 0.63)  (11, 0.27)  (32, 0.07)  (34, 0.03) 
row 151: (32, 0.7)  (34, 0.3) 
row 152: (32, 0.63)  (33, 0.07)  (34, 0.27)  (35, 0.03) 
row 153: (11, 0.9)  (34, 0.1) 
row 154: (34, 1) 
row 155: (34, 0.9)  (35, 0.1) 
row 156: (11, 0.63)  (13, 0.27)  (34, 0.07)  (36, 0.03) 
row 157: (34, 0.7)  (36, 0.3) 
row 158: (34, 0.63)  (35, 0.07)  (36, 0.27)  (37, 0.03) 
row 159: (13, 0.9)  (36, 0.1) 
row 160: (36, 1) 
row 161: (36, 0.9)  (37, 0.1) 
row 162: (13, 0.63)  (15, 0.27)  (36, 0.07)  (38, 0.03) 
row 163: (36, 0.7)  (38, 0.3) 
row 164: (36, 0.63)  (37, 0.07)  (38, 0.27)  (39, 0.03) 
row 165: (15, 0.9)  (38, 0.1) 
row 166: (38, 1) 
row 167: (38, 0.9)  (39, 0.1) 
row 168: (9, 0.54)  (17, 0.36)  (32, 0.06)  (40, 0.04) 
row 169: (32, 0.6)  (40, 0.4) 
row 170: (32, 0.54)  (33, 0.06)  (40, 0.36)  (41, 0.04) 
row 171: (9, 0.378)  (11, 0.162)  (17, 0.252)  (19, 0.108)  (32, 0.042)  (34, 0.018)  (40, 0.028)  (42, 0.012) 
row 172: (32, 0.42)  (34, 0.18)  (40, 0.28)  (42, 0.12) 
row 173: (32, 0.378)  (33, 0.042)  (34, 0.162)  (35, 0.018)  (40, 0.252)  (41, 0.028)  (42, 0.108)  (43, 0.012) 
row 174: (11, 0.54)  (19, 0.36)  (34, 0.06)  (42, 0.04) 
row 175: (34, 0.6)  (42, 0.4) 
row 176: (34, 0.54)  (35, 0.06)  (42, 0.36)  (43, 0.04) 
row 177: (11, 0.378)  (13, 0.162)  (19, 0.252)  (21, 0.108)  (34, 0.042)  (36, 0.018)  (42, 0.028)  (44, 0.012) 
row 178: (34, 0.42)  (36, 0.18)  (42, 0.28)  (44, 0.12) 
row 179: (34, 0.378)  (35, 0.042)  (36, 0.162)  (37, 0.018)  (42, 0.252)  (43, 0.028)  (44, 0.108)  (45, 0.012) 
row 180: (13, 0.54)  (21, 0.36)  (36, 0.06)  (44, 0.04) 
row 181: (36, 0.6)  (44, 0.4) 
row 182: (36, 0.54)  (37, 0.06)  (44, 0.36)  (45, 0.04) 
row 183: (13, 0.378)  (15, 0.162)  (21, 0.252)  (23, 0.108)  (36, 0.042)  (38, 0.018)  (44, 0.028)  (46, 0.012) 
row 184: (36, 0.42)  (38, 0.18)  (44, 0.28)  (46, 0.12) 
row 185: (36, 0.378)  (37, 0.042)  (38, 0.162)  (39, 0.018)  (44, 0.252)  (45, 0.028)  (46, 0.108)  (47, 0.012) 
row 186: (15, 0.54)  (23, 0.36)  (38, 0.06)  (46, 0.04) 
row 187: (38, 0.6)  (46, 0.4) 
row 188: (38, 0.54)  (39, 0.06)  (46, 0.36)  (47, 0.04) 
row 189: (17, 0.9)  (40, 0.1) 
row 190: (40, 1) 
row 191: (40, 0.9)  (41, 0.1) 
row 192: (17, 0.63)  (19, 0.27)  (40, 0.07)  (42, 0.03) 
row 193: (40, 0.7)  (42, 0.3) 
row 194: (40, 0.63)  (41, 0.07)  (42, 0.27)  (43, 0.03) 
row 195: (19, 0.9)  (42, 0.1) 
row 196: (42, 1) 
row 197: (42, 0.9)  (43, 0.1) 
row 198: (19, 0.63)  (21, 0.27)  (42, 0.07)  (44, 0.03) 
row 199: (42, 0.7)  (44, 0.3) 
row 200: (42, 0.63)  (43, 0.07)  (44, 0.27)  (45, 0.03) 
row 201: (21, 0.9)  (44, 0.1) 
row 202: (44, 1) 
row 203: (44, 0.9)  (45, 0.1) 
row 204: (21, 0.63)  (23, 0.27)  (44, 0.07)  (46, 0.03) 
row 205: (44, 0.7)  (46, 0.3) 
row 206: (44, 0.63)  (45, 0.07)  (46, 0.27)  (47, 0.03) 
row 207: (23, 0.9)  (46, 0.1) 
row 208: (46, 1) 
row 209: (46, 0.9)  (47, 0.1) 
row 210: (25, 1) 
row 211: (25, 0.9)  (48, 0.1) 
row 212: (48, 1) 
row 213: (25, 0.7)  (27, 0.3) 
row 214: (25, 0.63)  (27, 0.27)  (48, 0.07)  (49, 0.03) 
row 215: (48, 0.7)  (49, 0.3) 
row 216: (27, 1) 
row 217: (27, 0.9)  (49, 0.1) 
row 218: (49, 1) 
row 219: (27, 0.7)  (29, 0.3) 
row 220: (27, 0.63)  (29, 0.27)  (49, 0.07)  (50, 0.03) 
row 221: (49, 0.7)  (50, 0.3) 
row 222: (29, 1) 
row 223: (29, 0.9)  (50, 0.1) 
row 224: (50, 1) 
row 225: (29, 0.7)  (31, 0.3) 
row 226: (29, 0.63)  (31, 0.27)  (50, 0.07)  (51, 0.03) 
row 227: (50, 0.7)  (51, 0.3) 
row 228: (31, 1) 
row 229: (31, 0.9)  (51, 0.1) 
row 230: (51, 1) 
row 231: (25, 0.6)  (33, 0.4) 
row 232: (25, 0.54)  (33, 0.36)  (48, 0.06)  (52, 0.04) 
row 233: (48, 0.6)  (52, 0.4) 
row 234: (25, 0.42)  (27, 0.18)  (33, 0.28)  (35, 0.12) 
row 235: (25, 0.378)  (27, 0.162)  (33, 0.252)  (35, 0.108)  (48, 0.042)  (49, 0.018)  (52, 0.028)  (53, 0.012) 
row 236: (48, 0.42)  (49, 0.18)  (52, 0.28)  (53, 0.12) 
row 237: (27, 0.6)  (35, 0.4) 
row 238: (27, 0.54)  (35, 0.36)  (49, 0.06)  (53, 0.04) 
row 239: (49, 0.6)  (53, 0.4) 
row 240: (27, 0.42)  (29, 0.18)  (35, 0.28)  (37, 0.12) 
row 241: (27, 0.378)  (29, 0.162)  (35, 0.252)  (37, 0.108)  (49, 0.042)  (50, 0.018)  (53, 0.028)  (54, 0.012) 
row 242: (49, 0.42)  (50, 0.18)  (53, 0.28)  (54, 0.12) 
row 243: (29, 0.6)  (37, 0.4) 
row 244: (29, 0.54)  (37, 0.36)  (50, 0.06)  (54, 0.04) 
row 245: (50, 0.6)  (54, 0.4) 
row 246: (29, 0.42)  (31, 0.18)  (37, 0.28)  (39, 0.12) 
row 247: (29, 0.378)  (31, 0.162)  (37, 0.252)  (39, 0.108)  (50, 0.042)  (51, 0.018)  (54, 0.028)  (55, 0.012) 
row 248: (50, 0.42)  (51, 0.18)  (54, 0.28)  (55, 0.12) 
row 249: (31, 0.6)  (39, 0.4) 
row 250: (31, 0.54)  (39, 0.36)  (51, 0.06)  (55, 0.04) 
row 251: (51, 0.6)  (55, 0.4) 
row 252: (33, 1) 
row 253: (33, 0.9)  (52, 0.1) 
row 254: (52, 1) 
row 255: (33, 0.7)  (35, 0.3) 
row 256: (33, 0.63)  (35, 0.27)  (52, 0.07)  (53, 0.03) 
row 257: (52, 0.7)  (53, 0.3) 
row 258: (35, 1) 
row 259: (35, 0.9)  (53, 0.1) 
row 260: (53, 1) 
row 261: (35, 0.7)  (37, 0.3) 
row 262: (35, 0.63)  (37, 0.27)  (53, 0.07)  (54, 0.03) 
row 263: (53, 0.7)  (54, 0.3) 
row 264: (37, 1) 
row 265: (37, 0.9)  (54, 0.1) 
row 266: (54, 1) 
row 267: (37, 0.7)  (39, 0.3) 
row 268: (37, 0.63)  (39, 0.27)  (54, 0.07)  (55, 0.03) 
row 269: (54, 0.7)  (55, 0.3) 
row 270: (39, 1) 
row 271: (39, 0.9)  (55, 0.1) 
row 272: (55, 1) 
row 273: (33, 0.6)  (41, 0.4) 
row 274: (33, 0.54)  (41, 0.36)  (52, 0.06)  (56, 0.04) 
row 275: (52, 0.6)  (56, 0.4) 
row 276: (33, 0.42)  (35, 0.18)  (41, 0.28)  (43, 0.12) 
row 277: (33, 0.378)  (35, 0.162)  (41, 0.252)  (43, 0.108)  (52, 0.042)  (53, 0.018)  (56, 0.028)  (57, 0.012) 
row 278: (52, 0.42)  (53, 0.18)  (56, 0.28)  (57, 0.12) 
row 279: (35, 0.6)  (43, 0.4) 
row 280: (35, 0.54)  (43, 0.36)  (53, 0.06)  (57, 0.04) 
row 281: (53, 0.6)  (57, 0.4) 
row 282: (35, 0.42)  (37, 0.18)  (43, 0.28)  (45, 0.12) 
row 283: (35, 0.378)  (37, 0.162)  (43, 0.252)  (45, 0.108)  (53, 0.042)  (54, 0.018)  (57, 0.028)  (58, 0.012) 
row 284: (53, 0.42)  (54, 0.18)  (57, 0.28)  (58, 0.12) 
row 285: (37, 0.6)  (45, 0.4) 
row 286: (37, 0.54)  (45, 0.36)  (54, 0.06)  (58, 0.04) 
row 287: (54, 0.6)  (58, 0.4) 
row 288: (37, 0.42)  (39, 0.18)  (45, 0.28)  (47, 0.12) 
row 289: (37, 0.378)  (39, 0.162)  (45, 0.252)  (47, 0.108)  (54, 0.042)  (55, 0.018)  (58, 0.028)  (59, 0.012) 
row 290: (54, 0.42)  (55, 0.18)  (58, 0.28)  (59, 0.12) 
row 291: (39, 0.6)  (47, 0.4) 
row 292: (39, 0.54)  (47, 0.36)  (55, 0.06)  (59, 0.04) 
row 293: (55, 0.6)  (59, 0.4) 
row 294: (41, 1) 
row 295: (41, 0.9)  (56, 0.1) 
row 296: (56, 1) 
row 297: (41, 0.7)  (43, 0.3) 
row 298: (41, 0.63)  (43, 0.27)  (56, 0.07)  (57, 0.03) 
row 299: (56, 0.7)  (57, 0.3) 
row 300: (43, 1) 
row 301: (43, 0.9)  (57, 0.1) 
row 302: (57, 1) 
row 303: (43, 0.7)  (45, 0.3) 
row 304: (43, 0.63)  (45, 0.27)  (57, 0.07)  (58, 0.03) 
row 305: (57, 0.7)  (58, 0.3) 
row 306: (45, 1) 
row 307: (45, 0.9)  (58, 0.1) 
row 308: (58, 1) 
row 309: (45, 0.7)  (47, 0.3) 
row 310: (45, 0.63)  (47, 0.27)  (58, 0.07)  (59, 0.03) 
row 311: (58, 0.7)  (59, 0.3) 
row 312: (47, 1) 
row 313: (47, 0.9)  (59, 0.1) 
row 314: (59, 1) 
