[0] value[0] = 7.2003197397953400e-01
[0] value[1] = 6.1793966542126100e-02
[0] value[2] = 1.0022337819588500e-02
[0] value[3] = 1.4463931936456476e-01
[0] value[4] = 3.9777780919128602e-01
[0] value[5] = 7.3036588248200474e-02
[0] value[6] = 1.0386628927366459e-01
[0] value[7] = 2.5078039364333193e-01
[0] value[8] = 9.8405227390177075e-01
[0] value[9] = 7.3851607000756303e-01
[0] value[10] = 4.0114727059134836e-01
[0] value[11] = 5.2764865382548720e-01
[0] value[12] = 1.4405427480322786e-01
[0] value[13] = 9.9650445216117589e-01
[0] value[14] = 1.0677308875937896e-01
[0] value[15] = 9.8905332488367748e-01
[0] value[16] = 7.3131275919223881e-01
[0] value[17] = 3.0846024921541471e-01
[0] value[18] = 1.8055644102282642e-01
[0] value[19] = 9.8604536855510361e-01
[0] value[20] = 9.1979058000460512e-01
[0] value[21] = 5.7781947665039013e-01
[0] value[22] = 1.1081210783563833e-01
[0] value[23] = 9.1586330251825387e-01
[0] value[24] = 1.0407558402241435e-01
[0] value[25] = 2.3083813191470881e-01
[0] value[26] = 6.0915389969168743e-01
[0] value[27] = 3.9175442643094271e-01
[0] value[28] = 5.1566579161572079e-01
[0] value[29] = 8.7414396079869050e-01
[0] value[30] = 1.6479554370362948e-01
[0] value[31] = 4.3679158155389786e-01
[0] value[32] = 6.3600400439884552e-01
[0] value[33] = 7.4413522929407350e-01
[0] value[34] = 9.0482696264258422e-01
[0] value[35] = 5.4370953186577964e-01
[0] value[36] = 7.5268332098012891e-01
[0] value[37] = 4.4242077012050629e-01
[0] value[38] = 4.7371062302860523e-01
[0] value[39] = 1.2848833216340694e-01
[0] value[40] = 9.5588667306404673e-01
[0] value[41] = 8.5073034482763887e-01
[0] value[42] = 1.0519212227010755e-01
[0] value[43] = 8.6607770513510474e-01
[0] value[44] = 6.3752342702592912e-01
[0] value[45] = 2.9536391926639283e-01
[0] value[46] = 8.5064026028987527e-01
[0] value[47] = 1.4107554729547900e-01
[0] value[48] = 9.3692142222099761e-02
[0] value[49] = 9.0814435476400490e-01
[0] value[50] = 1.4034481104597418e-01
[0] value[51] = 7.7375928547656514e-01
[0] value[52] = 1.7816354922208077e-01
[0] value[53] = 1.4646683203470445e-01
[0] value[54] = 7.8245038635784780e-01
[0] value[55] = 8.3265997378318701e-01
[0] value[56] = 4.7479952135458703e-01
[0] value[57] = 7.9350161221140070e-01
[0] value[58] = 8.9506248098107832e-01
[0] value[59] = 6.4952981803950394e-01
[0] value[60] = 9.2585073945361529e-02
[0] value[61] = 6.8063106189352141e-01
[0] value[62] = 5.7082231643874692e-01
[0] value[63] = 6.8237330327911394e-01
[0] value[64] = 7.0875904989248184e-01
[0] value[65] = 3.4313878927216024e-01
[0] value[66] = 6.9323077421303125e-01
[0] value[67] = 8.9104342262722014e-02
[0] value[68] = 7.4201795027359552e-01
[0] value[69] = 8.3799481871595560e-01
[0] value[70] = 8.6665383902763082e-01
[0] value[71] = 3.8089592184527277e-01
[0] value[72] = 7.0569415700962068e-01
[0] value[73] = 7.8589753417963948e-01
[0] value[74] = 9.4683287260981430e-01
[0] value[75] = 3.1356866175858755e-01
[0] value[76] = 6.2505738372077602e-01
[0] value[77] = 1.3076720993196034e-01
[0] value[78] = 9.2854802001033576e-01
[0] value[79] = 8.8120957952593670e-01
[0] value[80] = 4.8646439330338254e-01
[0] value[81] = 1.8648888289069987e-01
[0] value[82] = 6.7766242678017008e-01
[0] value[83] = 4.2303623828161818e-01
[0] value[84] = 6.8011964892970767e-01
[0] value[85] = 8.2635066679976887e-01
[0] value[86] = 1.0505402855497081e-01
[0] value[87] = 1.0736340373150455e-01
[0] value[88] = 2.9196643162820024e-01
[0] value[89] = 4.9441892708688329e-01
[0] value[90] = 2.4199077738135699e-01
[0] value[91] = 4.7105341485966079e-01
[0] value[92] = 4.6108687483779320e-01
[0] value[93] = 4.2476058900008695e-01
[0] value[94] = 3.6551960393358840e-01
[0] value[95] = 9.6532674276152619e-01
[0] value[96] = 2.4245814684752887e-01
[0] value[97] = 6.5431680303740336e-01
[0] value[98] = 8.6673949411489204e-01
[0] value[99] = 1.7618973566579399e-01
[0] value[100] = 9.7462346833158975e-01
[0] value[101] = 2.3432780325616420e-01
[0] value[102] = 1.8586009491465560e-01
[0] value[103] = 2.7754138829501329e-01
[0] value[104] = 8.4954859676989614e-01
[0] value[105] = 3.7510762827707822e-01
[0] value[106] = 5.4027957030090690e-01
[0] value[107] = 4.5541419270907824e-01
[0] value[108] = 5.9752965490575960e-01
[0] value[109] = 6.8959941828694582e-03
[0] value[110] = 7.3324431586695127e-01
[0] value[111] = 2.7157478817616010e-01
[0] value[112] = 1.4150453903465987e-01
[0] value[113] = 5.7832457555232963e-01
[0] value[114] = 3.9179892342174227e-01
[0] value[115] = 8.6327229192227861e-01
[0] value[116] = 2.8630427342040576e-02
[0] value[117] = 5.3220282806789498e-01
[0] value[118] = 8.7642776215513862e-02
[0] value[119] = 2.9331492332359943e-01
[0] value[120] = 2.6781931213097465e-02
[0] value[121] = 2.4995583598837356e-01
[0] value[122] = 9.4025016452540555e-01
[0] value[123] = 4.5154289372468526e-01
[0] value[124] = 6.7208100592386089e-01
[0] value[125] = 8.1086005278821460e-01
[0] value[126] = 1.8837915239026515e-01
[0] value[127] = 4.8643658509131882e-01
[0] value[128] = 7.9119867389045240e-01
[0] value[129] = 4.0557378593072713e-01
[0] value[130] = 4.9721091187951671e-01
[0] value[131] = 5.2596784563815646e-01
[0] value[132] = 1.9760272620222352e-01
[0] value[133] = 9.2632441956492073e-01
[0] value[134] = 3.0027118390793461e-01
[0] value[135] = 2.8240785190936180e-01
[0] value[136] = 3.0092266899456277e-01
[0] value[137] = 1.4509523441415695e-01
[0] value[138] = 5.6755923676636755e-01
[0] value[139] = 2.6981148703450941e-01
[0] value[140] = 2.7804608282848520e-01
[0] value[141] = 1.8477834759565326e-02
[0] value[142] = 5.6642487727909696e-02
[0] value[143] = 6.7909462653243935e-01
[0] value[144] = 5.6645707813669688e-01
[0] value[145] = 3.2137319071219395e-01
[0] value[146] = 3.0768714180971912e-01
[0] value[147] = 2.2842116859238359e-01
[0] value[148] = 6.6581047046965480e-01
[0] value[149] = 8.2491171241512973e-01
[0] value[150] = 5.5543209752263678e-01
[0] value[151] = 4.5106015772457653e-01
[0] value[152] = 8.1206247823022082e-01
[0] value[153] = 1.7592215392033950e-01
[0] value[154] = 9.7304528472396257e-01
[0] value[155] = 2.0462399154170186e-01
[0] value[156] = 8.3703297532183640e-01
[0] value[157] = 1.0073706074474842e-01
[0] value[158] = 5.5982384700319798e-01
[0] value[159] = 6.3094553270791920e-01
[0] value[160] = 9.0563424152723115e-02
[0] value[161] = 4.0543048902608803e-01
[0] value[162] = 8.1513247287626811e-01
[0] value[163] = 2.0170903427385412e-01
[0] value[164] = 4.0609138323744176e-01
[0] value[165] = 8.5371839827131168e-01
[0] value[166] = 5.8626302894068871e-01
[0] value[167] = 8.2885618920382598e-01
[0] value[168] = 7.8524474071722139e-01
[0] value[169] = 5.1431501641889099e-01
[0] value[170] = 7.2613766552347414e-02
[0] value[171] = 6.6890839639572874e-01
[0] value[172] = 3.9284938298179739e-01
[0] value[173] = 7.3875615782107218e-01
[0] value[174] = 5.5042307402402102e-01
[0] value[175] = 2.1546855839437029e-01
[0] value[176] = 4.8550678718076057e-02
[0] value[177] = 9.8142450429318728e-01
[0] value[178] = 5.4207134131645418e-01
[0] value[179] = 4.5370445280571658e-01
[0] value[180] = 2.1120475563477115e-01
[0] value[181] = 1.4421879907438040e-01
[0] value[182] = 6.8563030619477772e-01
[0] value[183] = 2.8461001263237762e-01
[0] value[184] = 3.4155788231723605e-01
[0] value[185] = 7.2310031589762502e-01
[0] value[186] = 7.1096257235624805e-01
[0] value[187] = 5.4595477286981264e-01
[0] value[188] = 9.3988415365304334e-01
[0] value[189] = 4.7235241287667407e-01
[0] value[190] = 6.4845014359974229e-01
[0] value[191] = 8.3235435422812287e-01
[0] value[192] = 7.5870092753644158e-01
[0] value[193] = 5.7015402608359977e-01
[0] value[194] = 5.8868011620314675e-01
[0] value[195] = 9.1074022227594043e-01
[0] value[196] = 3.5060885608647396e-02
[0] value[197] = 8.6697216301284641e-01
[0] value[198] = 8.2583426801729587e-02
[0] value[199] = 9.4221414414081295e-01
[0] value[200] = 7.4898700412100894e-01
[0] value[201] = 9.9292338410623415e-01
[0] value[202] = 1.8117907771879160e-01
[0] value[203] = 4.5000582764462393e-01
[0] value[204] = 1.4925493511940502e-01
[0] value[205] = 1.7386647364811836e-01
[0] value[206] = 4.2491686838934228e-01
[0] value[207] = 1.4980023190297942e-01
[0] value[208] = 1.7794412554082228e-01
[0] value[209] = 1.0641956213092385e-01
[0] value[210] = 2.0456662738251197e-02
[0] value[211] = 4.0747804647413233e-01
[0] value[212] = 1.3210725498688092e-01
[0] value[213] = 2.3282143313853965e-01
[0] value[214] = 4.0651693062627814e-01
[0] value[215] = 3.7535791060590640e-01
[0] value[216] = 4.1380506439415754e-01
[0] value[217] = 6.6680191398575062e-02
[0] value[218] = 2.8224002926058844e-01
[0] value[219] = 3.3700614749822222e-01
[0] value[220] = 6.0600319005748204e-01
[0] value[221] = 6.9489944741424381e-01
[0] value[222] = 5.2655175028081302e-01
[0] value[223] = 6.5887818327421854e-01
[0] value[224] = 2.6693702297996325e-01
[0] value[225] = 3.2979425050265831e-01
[0] value[226] = 8.0355836257741586e-01
[0] value[227] = 9.1389469034602655e-02
[0] value[228] = 7.3315269482232637e-01
[0] value[229] = 4.3458273863858210e-01
[0] value[230] = 7.5857104227608474e-01
[0] value[231] = 2.1002168945775423e-01
[0] value[232] = 1.6328486130422348e-01
[0] value[233] = 8.8666643273120371e-01
[0] value[234] = 7.4644551223006417e-01
[0] value[235] = 1.5691638540224773e-01
[0] value[236] = 9.2061782427150618e-01
[0] value[237] = 2.8361884734626130e-01
[0] value[238] = 8.8626922630180260e-01
[0] value[239] = 7.9388190336884890e-01
[0] value[240] = 8.9060351728602782e-01
[0] value[241] = 5.0944018192686258e-01
[0] value[242] = 7.4483984118598912e-01
[0] value[243] = 5.8254873985681854e-02
[0] value[244] = 2.4591078901837093e-01
[0] value[245] = 2.5188185876361047e-01
[0] value[246] = 1.5980233302800784e-01
[0] value[247] = 1.3653277393153473e-02
[0] value[248] = 6.2051306642897330e-01
[0] value[249] = 2.4960014881816051e-01
[0] value[250] = 1.1881825012504166e-01
[0] value[251] = 4.8899863802436272e-01
[0] value[252] = 3.2816867820945461e-01
[0] value[253] = 6.2028963651410152e-01
[0] value[254] = 4.1392455906150971e-01
[0] value[255] = 6.2255906730211308e-01
[0] value[256] = 6.7991768072352343e-01
[0] value[257] = 9.1312638227506682e-01
[0] value[258] = 1.4362165222622636e-01
[0] value[259] = 2.8508680270528686e-01
[0] value[260] = 2.1854376623567262e-01
[0] value[261] = 2.9179390941224881e-01
[0] value[262] = 3.9565565228562249e-01
[0] value[263] = 5.9993263799523078e-01
[0] value[264] = 7.2208755904594923e-01
[0] value[265] = 4.6741324420054298e-03
[0] value[266] = 4.2049948634557310e-01
[0] value[267] = 3.5147926463694290e-01
[0] value[268] = 6.3833113176041323e-01
[0] value[269] = 5.6868661954901256e-01
[0] value[270] = 8.1188562172382817e-01
[0] value[271] = 3.6013511110024155e-01
[0] value[272] = 5.3071071381947732e-01
[0] value[273] = 6.8060470520143213e-01
[0] value[274] = 1.1222116897574708e-01
[0] value[275] = 1.7688383728273749e-01
[0] value[276] = 5.5448813008014852e-01
[0] value[277] = 8.7942502371831210e-02
[0] value[278] = 5.2626857856798992e-01
[0] value[279] = 1.2803127825932137e-01
[0] value[280] = 6.7947931120326999e-01
[0] value[281] = 5.7979436992110323e-01
[0] value[282] = 1.7817269787802203e-01
[0] value[283] = 6.2699539743201882e-01
[0] value[284] = 6.4958307233318990e-01
[0] value[285] = 9.9104443196240766e-01
[0] value[286] = 4.0995282751174145e-01
[0] value[287] = 2.1103476642945651e-01
[0] value[288] = 6.6528307457486235e-01
[0] value[289] = 1.1499884938160676e-02
[0] value[290] = 7.7227693277724185e-01
[0] value[291] = 2.9362130028682287e-01
[0] value[292] = 7.1684327757221311e-01
[0] value[293] = 5.3071462721537443e-01
[0] value[294] = 5.8213964002967700e-01
[0] value[295] = 6.2527250402509793e-01
[0] value[296] = 9.3484007357168153e-01
[0] value[297] = 8.7116076773315854e-01
[0] value[298] = 6.5154639101039535e-01
[0] value[299] = 7.9523139324246728e-01
[0] value[300] = 3.9085547621617778e-01
[0] value[301] = 2.2420137712096277e-01
[0] value[302] = 1.6415845374296723e-01
[0] value[303] = 2.9220759923122586e-01
[0] value[304] = 4.3260303345727280e-01
[0] value[305] = 8.2786999924715587e-01
[0] value[306] = 7.8389770851942941e-01
[0] value[307] = 7.3885020940117840e-02
[0] value[308] = 9.1060435589726652e-01
[0] value[309] = 3.5124750585480058e-01
[0] value[310] = 2.1469155451202582e-01
[0] value[311] = 8.1209880431494952e-01
[0] value[312] = 9.1203711207785787e-01
[0] value[313] = 7.8134641429500107e-01
[0] value[314] = 3.4092722907892536e-01
[0] value[315] = 9.1415147666945273e-01
[0] value[316] = 8.0391785321846854e-01
[0] value[317] = 6.4593360877964301e-02
[0] value[318] = 2.1397661039685190e-01
[0] value[319] = 6.4196380226376704e-01
[0] value[320] = 2.7287290417485011e-01
[0] value[321] = 3.2159359252793251e-01
[0] value[322] = 9.1466749714926365e-01
[0] value[323] = 6.2155441769954933e-01
[0] value[324] = 4.8102060743743280e-01
[0] value[325] = 6.3184366975040973e-01
[0] value[326] = 3.2126073912567321e-01
[0] value[327] = 3.5825261457861046e-01
[0] value[328] = 6.1369624531895184e-01
[0] value[329] = 9.4103162689862074e-01
[0] value[330] = 1.0691474224590181e-01
[0] value[331] = 4.1234824616118715e-02
[0] value[332] = 7.2977980459221570e-01
[0] value[333] = 3.5975417386090669e-01
[0] value[334] = 6.4247510321251511e-01
[0] value[335] = 5.6822649154980098e-01
[0] value[336] = 5.2224420023145868e-01
[0] value[337] = 4.6739709081776937e-02
[0] value[338] = 6.0553775521539066e-01
[0] value[339] = 8.7194114724321281e-01
[0] value[340] = 1.6360453084548254e-02
[0] value[341] = 5.6547050977660263e-01
[0] value[342] = 9.1404433936432028e-01
[0] value[343] = 9.4907670884403927e-01
[0] value[344] = 3.6503443275839587e-01
[0] value[345] = 3.9954903380345286e-01
[0] value[346] = 4.8424886930875388e-01
[0] value[347] = 5.3611934222752922e-01
[0] value[348] = 3.1238994423624789e-01
[0] value[349] = 5.5397837141534012e-01
[0] value[350] = 3.3394044131824430e-01
[0] value[351] = 8.4010675673055601e-01
[0] value[352] = 9.8346296726311166e-01
[0] value[353] = 4.6707708653215718e-01
[0] value[354] = 7.4063807144285576e-01
[0] value[355] = 7.0378956986343866e-01
[0] value[356] = 8.9336456383439966e-01
[0] value[357] = 9.3700054874385330e-01
[0] value[358] = 7.5253602774975192e-01
[0] value[359] = 7.9084047077454755e-01
[0] value[360] = 2.5526316370295277e-01
[0] value[361] = 3.1939594148491324e-01
[0] value[362] = 2.1841581540382293e-02
[0] value[363] = 9.3606038023686011e-01
[0] value[364] = 1.8291343318093212e-01
[0] value[365] = 7.8580300120496815e-01
[0] value[366] = 7.3507239392139212e-02
[0] value[367] = 4.7670771532602174e-01
[0] value[368] = 4.3822654115564674e-01
[0] value[369] = 1.1887875940138315e-01
[0] value[370] = 7.8036550339060540e-02
[0] value[371] = 8.1354528126610859e-01
[0] value[372] = 2.5366817066221259e-01
[0] value[373] = 4.8848686576931755e-02
[0] value[374] = 5.0898182200810638e-01
[0] value[375] = 4.3399829363217890e-01
[0] value[376] = 7.7343897061016520e-02
[0] value[377] = 9.5987023703918339e-01
[0] value[378] = 7.3102383856074127e-01
[0] value[379] = 3.4561064371784056e-01
[0] value[380] = 3.7869377354287082e-02
[0] value[381] = 3.8496442846799539e-01
[0] value[382] = 2.8332326435400645e-01
[0] value[383] = 1.3706382090145297e-01
[0] value[384] = 5.2703298194365189e-01
[0] value[385] = 7.9917832284351675e-01
[0] value[386] = 4.8481152830969876e-02
[0] value[387] = 4.1829796077622206e-01
[0] value[388] = 6.4947386267938967e-01
[0] value[389] = 6.3662668149376600e-02
[0] value[390] = 4.8638717277739474e-01
[0] value[391] = 4.3286359147337805e-02
[0] value[392] = 8.1687680188216305e-01
[0] value[393] = 4.8498607574424568e-01
[0] value[394] = 9.7403912623967059e-01
[0] value[395] = 5.3192754224344441e-01
[0] value[396] = 4.7440933862934642e-01
[0] value[397] = 8.6648650892972512e-01
[0] value[398] = 3.9781376588504003e-02
[0] value[399] = 3.6512167514012361e-01
[0] value[400] = 6.7230443349064117e-01
[0] value[401] = 4.3963410653353208e-01
[0] value[402] = 8.7915324393356897e-01
[0] value[403] = 1.0380478594971265e-01
[0] value[404] = 8.4675612357149888e-01
[0] value[405] = 9.8672302377421772e-01
[0] value[406] = 1.5860657084627050e-01
[0] value[407] = 4.9356404529466857e-01
[0] value[408] = 9.9090404867795101e-01
[0] value[409] = 3.8082560377716845e-01
[0] value[410] = 3.7481482663097765e-01
[0] value[411] = 1.6711423145083160e-01
[0] value[412] = 1.9601820915277202e-01
[0] value[413] = 7.6955635937140698e-01
[0] value[414] = 2.6634961569953575e-01
[0] value[415] = 1.9366859382233059e-01
[0] value[416] = 9.7056565895048053e-01
[0] value[417] = 5.7615750871272553e-01
[0] value[418] = 2.4946459744957039e-01
[0] value[419] = 3.8400066359151452e-01
[0] value[420] = 5.2427885631751181e-01
[0] value[421] = 7.6070873235094894e-01
[0] value[422] = 5.2046923924049082e-02
[0] value[423] = 9.2030621297518422e-01
[0] value[424] = 3.8740890152397256e-01
[0] value[425] = 5.1748296608764122e-01
[0] value[426] = 5.8404266993776943e-01
[0] value[427] = 9.0900059601253957e-01
[0] value[428] = 9.5191869895471726e-01
[0] value[429] = 9.3884397585533463e-01
[0] value[430] = 2.4653068079589602e-01
[0] value[431] = 8.6111517671064775e-01
[0] value[432] = 2.2945900201006353e-01
[0] value[433] = 5.7446174039037601e-01
[0] value[434] = 9.3592910770037108e-01
[0] value[435] = 7.8840152717987877e-01
[0] value[436] = 8.5670714619029198e-01
[0] value[437] = 1.9548485716875064e-01
[0] value[438] = 7.3851595294197736e-01
[0] value[439] = 6.0365262160464539e-01
[0] value[440] = 6.2918609431541483e-03
[0] value[441] = 1.4075684942775979e-01
[0] value[442] = 9.8059951850903460e-01
[0] value[443] = 2.6177042401392470e-01
[0] value[444] = 8.2346068683994034e-01
[0] value[445] = 9.5921949606193380e-02
[0] value[446] = 8.5148205530816412e-01
[0] value[447] = 6.4503813134142973e-01
[0] value[448] = 5.7537702391323720e-01
[0] value[449] = 2.1687229701655042e-02
[0] value[450] = 1.5314045828825940e-01
[0] value[451] = 5.4380695069693985e-01
[0] value[452] = 2.2009451203833308e-01
[0] value[453] = 7.0556840436596246e-01
[0] value[454] = 9.5874685788575320e-01
[0] value[455] = 3.1492072360818923e-01
[0] value[456] = 2.5260510757030730e-01
[0] value[457] = 3.2874781053806146e-01
[0] value[458] = 6.4133973286747548e-01
[0] value[459] = 4.0784102273685363e-01
[0] value[460] = 7.2077668456016752e-01
[0] value[461] = 7.9844153054865785e-01
[0] value[462] = 1.2682802633684886e-01
[0] value[463] = 6.6389600722565945e-02
[0] value[464] = 3.0749406626597775e-01
[0] value[465] = 9.4425993642178696e-01
[0] value[466] = 5.4788699788987216e-01
[0] value[467] = 1.6670832886553200e-01
[0] value[468] = 5.0802689584874727e-01
[0] value[469] = 7.7928654045805956e-02
[0] value[470] = 1.4613050315929499e-01
[0] value[471] = 5.0448808782120835e-01
[0] value[472] = 6.8282649659792938e-01
[0] value[473] = 6.9851663948981013e-01
[0] value[474] = 1.6129036976859012e-01
[0] value[475] = 4.5240152584964477e-01
[0] value[476] = 2.0298466426770645e-01
[0] value[477] = 1.3472128850123966e-01
[0] value[478] = 1.3319484853178309e-01
[0] value[479] = 9.6827924493748441e-01
[0] value[480] = 9.2397798962281641e-01
[0] value[481] = 7.6213882663645904e-01
[0] value[482] = 5.3435073080901674e-02
[0] value[483] = 5.3280887379225561e-01
[0] value[484] = 7.9670464059150348e-01
[0] value[485] = 7.4277821404835720e-01
[0] value[486] = 8.7018637247976116e-01
[0] value[487] = 9.5995070179647968e-01
[0] value[488] = 8.5495435300325440e-01
[0] value[489] = 3.9796000818353150e-01
[0] value[490] = 1.5628046229100434e-01
[0] value[491] = 7.7201614200325963e-01
[0] value[492] = 9.8521949925030938e-01
[0] value[493] = 7.5140462202638503e-01
[0] value[494] = 1.8500030250276822e-01
[0] value[495] = 2.2323532665540569e-01
[0] value[496] = 4.9616333785451516e-01
[0] value[497] = 1.3960875756848168e-01
[0] value[498] = 6.1012068192052737e-02
[0] value[499] = 2.4006167801679368e-01
[0] value[500] = 3.4724370634491564e-01
[0] value[501] = 2.7001104637876949e-01
[0] value[502] = 9.6930354330381974e-01
[0] value[503] = 8.1346340301754338e-01
[0] value[504] = 8.3204317556553775e-02
[0] value[505] = 6.6805965400379819e-01
[0] value[506] = 5.3003563195805370e-01
[0] value[507] = 4.0869859483374427e-01
[0] value[508] = 7.4577426794728652e-01
[0] value[509] = 6.1842364936822491e-02
[0] value[510] = 8.8202889776146876e-01
[0] value[511] = 7.2851050547846796e-02
[0] value[512] = 8.1646717829699256e-01
[0] value[513] = 1.4277502256069852e-01
[0] value[514] = 6.1552040219624971e-01
[0] value[515] = 3.3163209396747817e-01
[0] value[516] = 1.8347737470238101e-01
[0] value[517] = 6.3943716291746000e-02
[0] value[518] = 3.9228293078516785e-01
[0] value[519] = 2.7168689018331804e-02
[0] value[520] = 1.4808949361068713e-01
[0] value[521] = 5.1066134863026491e-01
[0] value[522] = 8.3776928289061559e-01
[0] value[523] = 7.0086400437092067e-01
[0] value[524] = 9.6632671246869251e-02
[0] value[525] = 7.3285674045816052e-01
[0] value[526] = 5.7832397019455684e-01
[0] value[527] = 3.5372240661137511e-01
[0] value[528] = 9.9582886768149947e-01
[0] value[529] = 3.6391580621514663e-01
[0] value[530] = 5.9251373262709350e-01
[0] value[531] = 6.9519067982310645e-01
[0] value[532] = 7.3353969146036846e-01
[0] value[533] = 4.7901611403226241e-01
[0] value[534] = 1.8212051263301277e-02
[0] value[535] = 7.3562015640904832e-01
[0] value[536] = 2.6266514467190305e-01
[0] value[537] = 2.4693990200495364e-01
[0] value[538] = 3.2830162799119122e-01
[0] value[539] = 5.9256445985332817e-01
[0] value[540] = 8.3067381306482346e-01
[0] value[541] = 7.9754291304773517e-01
[0] value[542] = 1.8292792406810676e-01
[0] value[543] = 1.1358376739661225e-01
[0] value[544] = 4.3645499384604491e-01
[0] value[545] = 9.2284879968846667e-01
[0] value[546] = 6.3466616528568665e-02
[0] value[547] = 7.0494296178100768e-01
[0] value[548] = 2.7351189758765670e-01
[0] value[549] = 8.2910789923253958e-01
[0] value[550] = 9.7420355528353397e-01
[0] value[551] = 7.4106818808296282e-02
[0] value[552] = 8.4571919275188989e-01
[0] value[553] = 1.7064514557887378e-03
[0] value[554] = 4.9673779715923772e-01
[0] value[555] = 3.1241453394941487e-01
[0] value[556] = 8.0883059420431280e-01
[0] value[557] = 9.9176438786970778e-01
[0] value[558] = 4.3700186856323953e-01
[0] value[559] = 3.7154748914348801e-01
[0] value[560] = 3.5565074322807178e-01
[0] value[561] = 5.0546822614356302e-01
[0] value[562] = 3.0636887843600036e-01
[0] value[563] = 9.2280226273135924e-01
[0] value[564] = 1.6141309847582264e-01
[0] value[565] = 1.3126917965266216e-02
[0] value[566] = 2.2052878014826760e-01
[0] value[567] = 3.7178455368145791e-01
[0] value[568] = 9.0268976750107655e-01
[0] value[569] = 3.9871428597638214e-01
[0] value[570] = 2.2973627753775006e-01
[0] value[571] = 3.6361298838497902e-01
[0] value[572] = 1.0048296949701196e-01
[0] value[573] = 1.6199850792641257e-01
[0] value[574] = 6.1855898843017343e-02
[0] value[575] = 2.6353766822744262e-02
[0] value[576] = 2.8651894413838264e-01
[0] value[577] = 8.4960852635751394e-01
[0] value[578] = 1.6867593538826142e-01
[0] value[579] = 9.2511184733775309e-01
[0] value[580] = 9.9816421470979577e-02
[0] value[581] = 7.2952584245307150e-01
[0] value[582] = 4.2267757199951106e-01
[0] value[583] = 8.3852092808532319e-01
[0] value[584] = 6.5091056123183222e-02
[0] value[585] = 2.1194556620685034e-03
[0] value[586] = 8.7539893579109318e-01
[0] value[587] = 1.6466920976860422e-02
[0] value[588] = 2.4036731822546997e-01
[0] value[589] = 8.4218829884595436e-01
[0] value[590] = 4.2242127165058818e-01
[0] value[591] = 1.6653699308368886e-01
[0] value[592] = 2.3130803581631554e-01
[0] value[593] = 3.3839095448573175e-01
[0] value[594] = 7.3964632897122939e-01
[0] value[595] = 5.7132263352401225e-01
[0] value[596] = 9.1537191168676557e-01
[0] value[597] = 5.0240328343424778e-01
[0] value[598] = 3.7987562743265002e-01
[0] value[599] = 1.2435965331896881e-01
[0] value[600] = 5.8922870407102224e-01
[0] value[601] = 2.8925241630219034e-01
[0] value[602] = 8.1981387241408399e-01
[0] value[603] = 7.4482460407288187e-01
[0] value[604] = 7.1528317782672346e-01
[0] value[605] = 3.4725691132605618e-01
[0] value[606] = 6.0069572543858030e-01
[0] value[607] = 2.8641487110819952e-01
[0] value[608] = 3.9319021326616976e-01
[0] value[609] = 6.1120933398237298e-01
[0] value[610] = 5.3909771439249354e-01
[0] value[611] = 2.8103272036725713e-01
[0] value[612] = 5.9351741609858166e-01
[0] value[613] = 9.9184562518472319e-01
[0] value[614] = 5.2959060464146646e-01
[0] value[615] = 3.8051091848088703e-01
[0] value[616] = 8.6498601652354878e-01
[0] value[617] = 1.8985695912863321e-01
[0] value[618] = 4.0228235807232338e-01
[0] value[619] = 2.9782326439804052e-01
[0] value[620] = 4.3878590877159951e-02
[0] value[621] = 9.8094091123415694e-01
[0] value[622] = 2.3693195029746761e-02
[0] value[623] = 1.6180653137097778e-01
[0] value[624] = 6.6225099787488162e-01
[0] value[625] = 3.5251122367699850e-01
[0] value[626] = 6.7961255658731190e-01
[0] value[627] = 1.3579498239722199e-01
[0] value[628] = 5.5665870591908018e-01
[0] value[629] = 3.1116583319628432e-01
[0] value[630] = 2.9755825409440817e-01
[0] value[631] = 7.0077385293236460e-01
[0] value[632] = 2.3546221064416173e-01
[0] value[633] = 4.7695267572061084e-01
[0] value[634] = 2.5126110197377827e-01
[0] value[635] = 3.4835805430694933e-01
[0] value[636] = 6.2795315358631143e-02
[0] value[637] = 2.0559866736375909e-01
[0] value[638] = 4.0429170808859993e-02
[0] value[639] = 3.8938590230605286e-01
[0] value[640] = 2.8147148381095022e-01
[0] value[641] = 6.6853074400748369e-01
[0] value[642] = 7.0922478335581829e-01
[0] value[643] = 8.7209898030182131e-01
[0] value[644] = 4.2410008725490300e-01
[0] value[645] = 3.2369548451104890e-01
[0] value[646] = 3.1285981874210833e-01
[0] value[647] = 7.2297367667111700e-02
[0] value[648] = 1.7824396862025438e-01
[0] value[649] = 5.4447720806570032e-01
[0] value[650] = 3.7305110227161364e-01
[0] value[651] = 9.0967846444252842e-01
[0] value[652] = 2.8245514820581619e-01
[0] value[653] = 8.7165008684702627e-01
[0] value[654] = 9.2472952445856293e-02
[0] value[655] = 8.4357658487953557e-01
[0] value[656] = 3.6848451020461326e-01
[0] value[657] = 7.1212931340917862e-01
[0] value[658] = 9.1618645531479359e-02
[0] value[659] = 8.1933438038966244e-02
[0] value[660] = 7.4200675004466987e-01
[0] value[661] = 1.4178627071218841e-01
[0] value[662] = 7.5758195375615500e-01
[0] value[663] = 2.1458562558714078e-01
[0] value[664] = 1.4909154148401527e-01
[0] value[665] = 3.5686453377712724e-01
[0] value[666] = 5.7526432849827458e-01
[0] value[667] = 9.6151842780094654e-01
[0] value[668] = 4.2576861213483497e-01
[0] value[669] = 8.5430394822363098e-01
[0] value[670] = 3.7259804715023037e-01
[0] value[671] = 5.5489448106862227e-01
[0] value[672] = 2.1888600910927281e-01
[0] value[673] = 4.6590054486031818e-01
[0] value[674] = 5.3087103418080162e-01
[0] value[675] = 1.8733553635463096e-01
[0] value[676] = 4.2168010527821664e-01
[0] value[677] = 3.0067722357090076e-01
[0] value[678] = 3.7059041579911067e-01
[0] value[679] = 9.3565439068489553e-01
[0] value[680] = 6.3882065371447894e-01
[0] value[681] = 6.0571553646730081e-01
[0] value[682] = 5.7099486030818269e-02
[0] value[683] = 9.7716636520281241e-01
[0] value[684] = 5.1304725575311139e-01
[0] value[685] = 6.9522908216585222e-01
[0] value[686] = 1.1606196245667988e-01
[0] value[687] = 7.6364442624684870e-01
[0] value[688] = 5.6688277924417108e-01
[0] value[689] = 8.4369555258368223e-01
[0] value[690] = 5.9776850483428845e-01
[0] value[691] = 5.3332727071691011e-03
[0] value[692] = 8.7442736049708358e-01
[0] value[693] = 3.2988391334963296e-01
[0] value[694] = 8.7494877182578179e-01
[0] value[695] = 8.8424450613162975e-01
[0] value[696] = 2.4416145862082672e-01
[0] value[697] = 3.5871711127759909e-01
[0] value[698] = 2.4845811258749606e-01
[0] value[699] = 2.9288142217061619e-01
[0] value[700] = 1.0640081695048664e-01
[0] value[701] = 9.6825649859923146e-02
[0] value[702] = 9.1904664354199994e-01
[0] value[703] = 1.5287707547559393e-01
[0] value[704] = 2.2905793551831621e-01
[0] value[705] = 5.2072491890450578e-01
[0] value[706] = 3.6473025874864717e-01
[0] value[707] = 9.6968713759788017e-01
[0] value[708] = 8.1306583576253644e-02
[0] value[709] = 6.9476586976155374e-01
[0] value[710] = 8.4851337741573829e-01
[0] value[711] = 8.2699875127203626e-01
[0] value[712] = 8.0337579450693752e-01
[0] value[713] = 7.3596605556440409e-01
[0] value[714] = 2.2993225675558548e-01
[0] value[715] = 5.1106214721242083e-01
[0] value[716] = 5.7690049957158251e-01
[0] value[717] = 3.6675276904362875e-01
[0] value[718] = 7.2879080507322769e-01
[0] value[719] = 5.1451229370183427e-01
[0] value[720] = 8.0703528433565808e-01
[0] value[721] = 1.5239357126463915e-01
[0] value[722] = 6.3683312002460468e-03
[0] value[723] = 3.2583735730782593e-01
[0] value[724] = 8.6028504787140747e-02
[0] value[725] = 3.3092847558627625e-01
[0] value[726] = 3.0723587463708313e-01
[0] value[727] = 8.2950832752512582e-01
[0] value[728] = 8.9741399161718860e-01
[0] value[729] = 3.9885399474138694e-01
[0] value[730] = 3.1569498855047229e-01
[0] value[731] = 3.7857386151180350e-01
[0] value[732] = 5.0778961336941464e-01
[0] value[733] = 1.6036873770015347e-01
[0] value[734] = 3.9994540758703678e-01
[0] value[735] = 3.5253529986214716e-01
[0] value[736] = 3.7482387468151401e-01
[0] value[737] = 8.9202481939295808e-01
[0] value[738] = 5.7271623680982131e-01
[0] value[739] = 8.6546295304089682e-01
[0] value[740] = 6.4929630714182807e-01
[0] value[741] = 2.4411558294183067e-01
[0] value[742] = 5.2070445944147181e-01
[0] value[743] = 9.7013522319135603e-01
[0] value[744] = 2.6739247986350634e-01
[0] value[745] = 8.8666959327804307e-01
[0] value[746] = 6.3132499200598247e-01
[0] value[747] = 8.3164097002404702e-01
[0] value[748] = 5.9702282724025579e-01
[0] value[749] = 1.1874010540817892e-01
[0] value[750] = 9.6168352840038196e-01
[0] value[751] = 1.7717181489296507e-01
[0] value[752] = 3.2662397499024465e-01
[0] value[753] = 3.6762980263202394e-01
[0] value[754] = 3.9215732189843422e-01
[0] value[755] = 1.7058866473128376e-02
[0] value[756] = 5.2864655018556306e-02
[0] value[757] = 8.9824910221288690e-01
[0] value[758] = 8.2945516859038193e-01
[0] value[759] = 4.6551670716601024e-01
[0] value[760] = 9.4917344733366704e-01
[0] value[761] = 8.6074300854477315e-02
[0] value[762] = 7.6859648979596429e-01
[0] value[763] = 1.4871046397858123e-01
[0] value[764] = 6.7241528573974918e-01
[0] value[765] = 2.4987584234823146e-01
[0] value[766] = 9.9009587705239355e-01
[0] value[767] = 4.9394846364707945e-01
[0] value[768] = 8.1087572579417966e-01
[0] value[769] = 5.2787859742099386e-01
[0] value[770] = 8.1108407387467807e-01
[0] value[771] = 3.5893740170826760e-01
[0] value[772] = 2.9159921106846198e-01
[0] value[773] = 3.6427181363522720e-01
[0] value[774] = 4.8358443611263269e-01
[0] value[775] = 3.3665820155882642e-01
[0] value[776] = 1.7582779958084771e-01
[0] value[777] = 3.6860788367243913e-01
[0] value[778] = 8.4926574988712034e-01
[0] value[779] = 4.0269286478767441e-01
[0] value[780] = 6.8268283888027170e-01
[0] value[781] = 1.5084285596527991e-01
[0] value[782] = 7.3040320527752201e-01
[0] value[783] = 7.4154468071639457e-01
[0] value[784] = 4.2633171815379356e-01
[0] value[785] = 1.7429234934780879e-02
[0] value[786] = 2.2731963765313523e-01
[0] value[787] = 8.7106023363958940e-01
[0] value[788] = 1.4181789140356571e-01
[0] value[789] = 4.5244965153646888e-01
[0] value[790] = 7.7219416929315443e-01
[0] value[791] = 9.9452078321987614e-01
[0] value[792] = 3.4876266969442682e-01
[0] value[793] = 1.8137999092260770e-01
[0] value[794] = 5.7988542422308953e-01
[0] value[795] = 6.5398685936137468e-01
[0] value[796] = 7.7765463520954725e-01
[0] value[797] = 4.1841910528758319e-01
[0] value[798] = 8.6351686150993245e-01
[0] value[799] = 6.8234237016093147e-01
[0] value[800] = 1.0593474786913148e-01
[0] value[801] = 9.9177087887946414e-01
[0] value[802] = 6.2433278910408418e-01
[0] value[803] = 4.9210723271796297e-01
[0] value[804] = 8.4419510906601047e-01
[0] value[805] = 3.0078971123303688e-01
[0] value[806] = 9.6320059419300819e-01
[0] value[807] = 3.7400956417169340e-01
[0] value[808] = 6.2829472915203510e-01
[0] value[809] = 1.2610400640812713e-01
[0] value[810] = 1.2967796943977916e-01
[0] value[811] = 5.7569387682870143e-01
[0] value[812] = 8.4093932817050998e-01
[0] value[813] = 8.4594056290178798e-01
[0] value[814] = 6.1478739919149206e-02
[0] value[815] = 9.9957956914408186e-01
[0] value[816] = 3.6428199547248497e-01
[0] value[817] = 5.3173741344394898e-01
[0] value[818] = 6.3277615534456544e-02
[0] value[819] = 7.9818835612616823e-01
[0] value[820] = 3.8951025577854992e-01
[0] value[821] = 1.4223022858338652e-01
[0] value[822] = 8.2303812070065518e-01
[0] value[823] = 4.9526920094765359e-01
[0] value[824] = 9.4445054945285634e-01
[0] value[825] = 8.1162943532439158e-01
[0] value[826] = 9.1349939961194693e-01
[0] value[827] = 4.5242885666508670e-01
[0] value[828] = 8.8326145742417594e-02
[0] value[829] = 2.5399827458427637e-01
[0] value[830] = 7.2631187397695030e-01
[0] value[831] = 1.0501436547411203e-01
[0] value[832] = 3.3445688200231771e-01
[0] value[833] = 6.7847691407877164e-02
[0] value[834] = 8.3988915320004409e-01
[0] value[835] = 8.6960485535946219e-01
[0] value[836] = 6.4552167197628663e-01
[0] value[837] = 2.2325878219747608e-01
[0] value[838] = 7.3578947711447640e-01
[0] value[839] = 5.8119278283660236e-01
[0] value[840] = 4.7877526453217811e-01
[0] value[841] = 1.5129076195080415e-02
[0] value[842] = 6.1192462103103296e-01
[0] value[843] = 7.4413345822606658e-01
[0] value[844] = 5.9520207336321462e-01
[0] value[845] = 5.2641766588763517e-02
[0] value[846] = 5.5681292455551201e-01
[0] value[847] = 4.1100531905191673e-01
[0] value[848] = 2.7000985055844140e-01
[0] value[849] = 4.7462869240578698e-01
[0] value[850] = 2.6326623184895581e-01
[0] value[851] = 6.6206605021239540e-01
[0] value[852] = 8.1324735511966040e-01
[0] value[853] = 9.6614968302489501e-02
[0] value[854] = 6.9127336425654207e-01
[0] value[855] = 1.1005034903373456e-01
[0] value[856] = 9.1793078395719263e-01
[0] value[857] = 9.3709722796444339e-01
[0] value[858] = 1.0485599014241842e-02
[0] value[859] = 6.5629796168722265e-01
[0] value[860] = 8.6626640013314571e-01
[0] value[861] = 8.8274505059014530e-01
[0] value[862] = 8.3781781255680343e-01
[0] value[863] = 5.7091463722502311e-01
[0] value[864] = 4.3786932363844144e-01
[0] value[865] = 7.4507784134752342e-01
[0] value[866] = 2.6357277629632492e-01
[0] value[867] = 4.4876791917187830e-01
[0] value[868] = 9.5093365628868654e-01
[0] value[869] = 7.6073379826480902e-01
[0] value[870] = 6.6162087911763123e-01
[0] value[871] = 4.3214328469772312e-01
[0] value[872] = 2.9864806904047470e-02
[0] value[873] = 5.8531518224583579e-01
[0] value[874] = 4.9009360674487468e-01
[0] value[875] = 4.0799811039037337e-01
[0] value[876] = 8.1082387829961888e-01
[0] value[877] = 9.3419147628459598e-01
[0] value[878] = 5.9647174607323095e-01
[0] value[879] = 4.4174035404784462e-01
[0] value[880] = 5.7796408625535278e-01
[0] value[881] = 4.0542073699489833e-01
[0] value[882] = 2.8568881503026589e-01
[0] value[883] = 1.4973975621649771e-01
[0] value[884] = 5.5399321505844412e-01
[0] value[885] = 3.6858606876823785e-01
[0] value[886] = 1.3587195803350127e-01
[0] value[887] = 8.2939084591409795e-01
[0] value[888] = 3.6333188691614637e-01
[0] value[889] = 5.7294025072650356e-01
[0] value[890] = 2.5067680614391108e-01
[0] value[891] = 1.3915314459601547e-01
[0] value[892] = 7.3693774602331885e-01
[0] value[893] = 7.8853368164591586e-01
[0] value[894] = 2.0034892079532796e-02
[0] value[895] = 7.7288376344818488e-01
[0] value[896] = 3.5533834483658566e-01
[0] value[897] = 8.0320540694600595e-02
[0] value[898] = 1.7584244584908149e-01
[0] value[899] = 6.1486514402208314e-01
[0] value[900] = 4.2919338265581430e-01
[0] value[901] = 4.7857195464847280e-01
[0] value[902] = 8.3212308939240742e-01
[0] value[903] = 1.4675506356487489e-01
[0] value[904] = 1.2154779744370003e-01
[0] value[905] = 8.6587457772861853e-01
[0] value[906] = 6.0006441077284123e-01
[0] value[907] = 6.4841127664201537e-01
[0] value[908] = 2.2772386342557027e-01
[0] value[909] = 8.8378489083812894e-01
[0] value[910] = 7.7975494265592360e-01
[0] value[911] = 8.7495835629999164e-01
[0] value[912] = 4.8054071190410141e-01
[0] value[913] = 8.6869527526735624e-01
[0] value[914] = 1.8254008529719812e-02
[0] value[915] = 1.7698349357352328e-01
[0] value[916] = 3.5137638339746857e-01
[0] value[917] = 7.0124074383826951e-02
[0] value[918] = 8.5675754587387232e-01
[0] value[919] = 3.7441027610443456e-01
[0] value[920] = 5.1075844816452687e-01
[0] value[921] = 2.6456998792656350e-01
[0] value[922] = 8.9014868076774789e-01
[0] value[923] = 4.0306885750855059e-01
[0] value[924] = 1.3067211916951038e-02
[0] value[925] = 9.4899780978433057e-01
[0] value[926] = 1.5533782574248889e-01
[0] value[927] = 7.7254651140236064e-01
[0] value[928] = 4.2406836653583824e-01
[0] value[929] = 4.4029928405333862e-01
[0] value[930] = 1.2882371452748131e-01
[0] value[931] = 4.1478400182832331e-02
[0] value[932] = 2.4099246440910704e-01
[0] value[933] = 7.9667627824220233e-01
[0] value[934] = 8.3028938621870552e-01
[0] value[935] = 8.0956354124165131e-01
[0] value[936] = 1.1450460208610380e-01
[0] value[937] = 6.5542511922046742e-01
[0] value[938] = 9.3235599980463846e-01
[0] value[939] = 5.1242948478930117e-01
[0] value[940] = 2.0004200680715556e-01
[0] value[941] = 6.2873693917850915e-03
[0] value[942] = 1.0454781042482963e-01
[0] value[943] = 5.9481019036478955e-01
[0] value[944] = 9.0064764060838698e-01
[0] value[945] = 1.3225100113828603e-02
[0] value[946] = 6.6289398370697583e-01
[0] value[947] = 3.2875906591346649e-01
[0] value[948] = 8.5072728362594674e-01
[0] value[949] = 1.9865440908431253e-01
[0] value[950] = 7.4935247653027304e-01
[0] value[951] = 6.7683217652827210e-01
[0] value[952] = 9.4363643428867050e-02
[0] value[953] = 3.1693109076599058e-01
[0] value[954] = 9.7445828409602697e-01
[0] value[955] = 6.0600930206889103e-01
[0] value[956] = 4.7531667319610804e-01
[0] value[957] = 7.8795356643327352e-01
[0] value[958] = 6.7246825675095678e-01
[0] value[959] = 2.0786188639868186e-01
[0] value[960] = 5.4913228082091692e-01
[0] value[961] = 6.2248197558912466e-01
[0] value[962] = 5.4411773810432962e-01
[0] value[963] = 8.3604103841089028e-01
[0] value[964] = 1.9950478607445987e-01
[0] value[965] = 8.4914528582315540e-01
[0] value[966] = 6.0436578110701689e-01
[0] value[967] = 3.3608467885354543e-01
[0] value[968] = 2.6794964629076290e-01
[0] value[969] = 8.1572195616035970e-01
[0] value[970] = 5.7075597341876616e-01
[0] value[971] = 8.0799473970657942e-01
[0] value[972] = 1.4282493514632577e-01
[0] value[973] = 6.6636065208469120e-01
[0] value[974] = 3.8495426007943578e-01
[0] value[975] = 3.4280207701510079e-01
[0] value[976] = 4.8380063650035154e-01
[0] value[977] = 3.3980732121270307e-01
[0] value[978] = 6.7146390272064238e-01
[0] value[979] = 8.3483251613939302e-01
[0] value[980] = 2.4214681843536212e-01
[0] value[981] = 6.5490015953973568e-01
[0] value[982] = 2.2406172806224589e-02
[0] value[983] = 4.5665127284510021e-01
[0] value[984] = 3.6495299409304849e-01
[0] value[985] = 2.7768619178465315e-01
[0] value[986] = 9.2766385417312947e-01
[0] value[987] = 2.4935894702620232e-01
[0] value[988] = 1.0998426813653239e-01
[0] value[989] = 4.4422891811889542e-01
[0] value[990] = 5.2080843995878112e-01
[0] value[991] = 7.2332943062877320e-01
[0] value[992] = 6.4283302318779434e-01
[0] value[993] = 3.5486730598162808e-01
[0] value[994] = 6.1139136334669431e-01
[0] value[995] = 4.7053247002515519e-01
[0] value[996] = 5.1297073188785092e-01
[0] value[997] = 7.8532889225503766e-01
[0] value[998] = 4.5482001293904872e-01
[0] value[999] = 7.8681033817607471e-01
[0] Average value 4.8748411856293389e-01
