Vec Object: Vec to Tag 1 MPI processes
  type: seq
0.720032
0.061794
0.0100223
0.144639
0.397778
0.0730366
0.103866
0.25078
0.984052
0.738516
0.401147
0.527649
VecTagger Object: 1 MPI processes
  type: absolute
  Block size: 1
   absolute box=[  0.1,1.5  ]
  Inverting ISs.
Num boxes: 1
  0:   [0.1,1.5]  
IS Object: Tagged IS (block global) 1 MPI processes
  type: block
Block size 1
Number of block indices in set 3
The first indices of each block are
Block 0 Index 1
Block 1 Index 2
Block 2 Index 5
IS Object: Untagged IS (global) 1 MPI processes
  type: general
Number of indices in set 9
0 0
1 3
2 4
3 6
4 7
5 8
6 9
7 10
8 11
Vec Object: Tagged selection 1 MPI processes
  type: seq
0.061794
0.0100223
0.0730366
Vec Object: Untagged selection 1 MPI processes
  type: seq
0.720032
0.144639
0.397778
0.103866
0.25078
0.984052
0.738516
0.401147
0.527649
