Vec Object: Vec to Tag 3 MPI processes
  type: mpi
Process [0]
0.720032 + 0.061794 i
0.0100223 + 0.144639 i
0.397778 + 0.0730366 i
0.103866 + 0.25078 i
Process [1]
0.541144 + 0.529699 i
0.848716 + 0.503472 i
0.110874 + 0.885142 i
0.151178 + 0.569963 i
Process [2]
0.362256 + 0.997603 i
0.68741 + 0.862305 i
0.823971 + 0.697248 i
0.198489 + 0.889145 i
VecTagger Object: 3 MPI processes
  type: absolute
  Block size: 1
   absolute box=[  0.1+0.1i,1.5+1.5i  ]
Num boxes: 1
  0:   [0.1+0.1i,1.5+1.5i]  
IS Object: Tagged IS (block global) 3 MPI processes
  type: block
Block size 1
Number of block indices in set 1
The first indices of each block are
Block 0 Index 3
Block size 1
Number of block indices in set 4
The first indices of each block are
Block 0 Index 4
Block 1 Index 5
Block 2 Index 6
Block 3 Index 7
Block size 1
Number of block indices in set 4
The first indices of each block are
Block 0 Index 8
Block 1 Index 9
Block 2 Index 10
Block 3 Index 11
IS Object: Untagged IS (global) 3 MPI processes
  type: general
[0] Number of indices in set 3
[0] 0 0
[0] 1 1
[0] 2 2
[1] Number of indices in set 0
[2] Number of indices in set 0
Vec Object: Tagged selection 3 MPI processes
  type: mpi
Process [0]
0.103866 + 0.25078 i
Process [1]
0.541144 + 0.529699 i
0.848716 + 0.503472 i
0.110874 + 0.885142 i
0.151178 + 0.569963 i
Process [2]
0.362256 + 0.997603 i
0.68741 + 0.862305 i
0.823971 + 0.697248 i
0.198489 + 0.889145 i
Vec Object: Untagged selection 3 MPI processes
  type: mpi
Process [0]
0.720032 + 0.061794 i
0.0100223 + 0.144639 i
0.397778 + 0.0730366 i
Process [1]
Process [2]
