Vec Object: Vec to Tag 1 MPI process
  type: seq
0.720032
0.061794
0.0100223
0.144639
0.397778
0.0730366
0.103866
0.25078
0.984052
0.738516
0.401147
0.527649
VecTagger Object: 1 MPI process
  type: absolute
  Block size: 2
   absolute box=[  0.1,1.5  ;   0.1,1.5  ]
Num boxes: 1
  0:   [0.1,1.5]   x   [0.1,1.5]  
IS Object: Tagged IS (block global) 1 MPI process
  type: block
Block size 2
Number of block indices in set 3
The first indices of each block are
Block 0 Index 3
Block 1 Index 4
Block 2 Index 5
IS Object: Untagged IS (global) 1 MPI process
  type: general
Number of indices in set 6
0 0
1 1
2 2
3 3
4 4
5 5
Vec Object: Tagged selection 1 MPI process
  type: seq
0.103866
0.25078
0.984052
0.738516
0.401147
0.527649
Vec Object: Untagged selection 1 MPI process
  type: seq
0.720032
0.061794
0.0100223
0.144639
0.397778
0.0730366
