Vec Object: Vec to Tag 3 MPI processes
  type: mpi
Process [0]
0.720032
0.061794
0.0100223
0.144639
Process [1]
0.541144
0.529699
0.848716
0.503472
Process [2]
0.362256
0.997603
0.68741
0.862305
VecTagger Object: 3 MPI processes
  type: and
  Block size: 1
   and of 2 subtags:
    VecTagger Object: (sub_0_) 3 MPI processes
      type: absolute
      Block size: 1
       absolute box=[      -inf.,0.5      ]
    VecTagger Object: (sub_1_) 3 MPI processes
      type: relative
      Block size: 1
       relative box=[      0.25,0.75      ]
Num boxes: 1
  0:   [0.256918,0.5]  
IS Object: Tagged IS (block global) 3 MPI processes
  type: block
Block size 1
Number of block indices in set 0
The first indices of each block are
Block size 1
Number of block indices in set 0
The first indices of each block are
Block size 1
Number of block indices in set 1
The first indices of each block are
Block 0 Index 8
IS Object: Untagged IS (global) 3 MPI processes
  type: general
[0] Number of indices in set 4
[0] 0 0
[0] 1 1
[0] 2 2
[0] 3 3
[1] Number of indices in set 4
[1] 0 4
[1] 1 5
[1] 2 6
[1] 3 7
[2] Number of indices in set 3
[2] 0 9
[2] 1 10
[2] 2 11
Vec Object: Tagged selection 3 MPI processes
  type: mpi
Process [0]
Process [1]
Process [2]
0.362256
Vec Object: Untagged selection 3 MPI processes
  type: mpi
Process [0]
0.720032
0.061794
0.0100223
0.144639
Process [1]
0.541144
0.529699
0.848716
0.503472
Process [2]
0.997603
0.68741
0.862305
