  Iteration information for tao_brgn_subsolver_ solve.
  0 TAO,  Function value: 0.65125,  Residual: 2.50483 
  1 TAO,  Function value: 4.5516e-09,  Residual: 3.56735e-14 
-------- result x, residual f=A*x-b, and Jacobian=A. -------- 
Vec Object: 1 MPI processes
  type: seq
0.132663
-0.213483
0.91032
-0.0180838
0.13467
Vec Object: 1 MPI processes
  type: seq
8.95155e-09
-8.3843e-09
-7.28988e-09
Mat Object: 1 MPI processes
  type: seqdense
8.1000000000000005e-01 9.1000000000000003e-01 2.8000000000000003e-01 9.5999999999999996e-01 9.5999999999999996e-01 
9.1000000000000003e-01 6.3000000000000000e-01 5.5000000000000004e-01 1.6000000000000000e-01 4.8999999999999999e-01 
1.3000000000000000e-01 1.0000000000000001e-01 9.5999999999999996e-01 9.6999999999999997e-01 8.0000000000000004e-01 
Mat Object: 1 MPI processes
  type: seqdense
-1.0000000000000000e+00 1.0000000000000000e+00 0.0000000000000000e+00 0.0000000000000000e+00 0.0000000000000000e+00 
0.0000000000000000e+00 -1.0000000000000000e+00 1.0000000000000000e+00 0.0000000000000000e+00 0.0000000000000000e+00 
0.0000000000000000e+00 0.0000000000000000e+00 -1.0000000000000000e+00 1.0000000000000000e+00 0.0000000000000000e+00 
0.0000000000000000e+00 0.0000000000000000e+00 0.0000000000000000e+00 -1.0000000000000000e+00 1.0000000000000000e+00 
