iter =   0, Function value 0.65125, Residual: 2.50483 
iter =   1, Function value 0.000605059, Residual: 0.0211242 
iter =   2, Function value 2.20601e-08, Residual: < 1.0e-6 
iter =   3, Function value 2.187e-08, Residual: < 1.0e-6 
iter =   4, Function value 2.161e-08, Residual: < 1.0e-6 
iter = 5, Function value 2.07286e-08, Residual: 1.51298e-05
iter = 6, Function value 2.0443e-08, Residual: 1.97559e-05
iter = 7, Function value 2.03993e-08, Residual: 1.94742e-05
iter = 8, Function value 2.00058e-08, Residual: < 1.0e-6
iter = 9, Function value 2.00038e-08, Residual: < 1.0e-6
iter = 10, Function value 2.00032e-08, Residual: < 1.0e-6
iter = 11, Function value 2.0001e-08, Residual: < 1.0e-6
iter = 12, Function value 2.00002e-08, Residual: 1.12113e-06
iter = 13, Function value 2.00001e-08, Residual: < 1.0e-6 
iter =  14, Function value 2e-08, Residual: < 1.0e-6 
iter =  15, Function value 2e-08, Residual: < 1.0e-6 
iter =  16, Function value 2e-08, Residual: < 1.0e-6 
iter = 17, Function value 2e-08, Residual: < 1.0e-6
-------- result x, residual f=A*x-b, and Jacobian=A. -------- 
Vec Object: 1 MPI processes
  type: seq
1.86829e-08
4.78454e-08
1.
1.2843e-07
-1.52865e-07
Vec Object: 1 MPI processes
  type: seq
2.76882e-08
-2.19954e-08
-1.63075e-08
Mat Object: 1 MPI processes
  type: seqdense
8.1000000000000005e-01 9.1000000000000003e-01 2.8000000000000003e-01 9.5999999999999996e-01 9.5999999999999996e-01 
9.1000000000000003e-01 6.3000000000000000e-01 5.5000000000000004e-01 1.6000000000000000e-01 4.8999999999999999e-01 
1.3000000000000000e-01 1.0000000000000001e-01 9.5999999999999996e-01 9.6999999999999997e-01 8.0000000000000004e-01 
Mat Object: 1 MPI processes
  type: seqdense
-1.0000000000000000e+00 1.0000000000000000e+00 0.0000000000000000e+00 0.0000000000000000e+00 0.0000000000000000e+00 
0.0000000000000000e+00 -1.0000000000000000e+00 1.0000000000000000e+00 0.0000000000000000e+00 0.0000000000000000e+00 
0.0000000000000000e+00 0.0000000000000000e+00 -1.0000000000000000e+00 1.0000000000000000e+00 0.0000000000000000e+00 
0.0000000000000000e+00 0.0000000000000000e+00 0.0000000000000000e+00 -1.0000000000000000e+00 1.0000000000000000e+00 
