PetscSection Object: Global edge dof section 2 MPI processes
  type not yet set
Process 0:
  (   0) dof 1 offset   0
  (   1) dof 1 offset   1
  (   2) dof 1 offset   2
  (   3) dof 1 offset   3
  (   4) dof 1 offset   4
  (   5) dof 1 offset   5
  (   6) dof 1 offset   6
  (   7) dof 1 offset   7
  (   8) dof 1 offset   8
  (   9) dof 1 offset   9
  (  10) dof 1 offset  10
  (  11) dof 1 offset  11
  (  12) dof 1 offset  12
  (  13) dof 1 offset  13
  (  14) dof 1 offset  14
  (  15) dof 1 offset  15
  (  16) dof 1 offset  16
  (  17) dof 1 offset  17
  (  18) dof 1 offset  18
  (  19) dof 1 offset  19
Process 1:
  (   0) dof 1 offset  20
  (   1) dof 1 offset  21
  (   2) dof 1 offset  22
  (   3) dof 1 offset  23
  (   4) dof 1 offset  24
  (   5) dof 1 offset  25
  (   6) dof 1 offset  26
  (   7) dof 1 offset  27
  (   8) dof 1 offset  28
  (   9) dof 1 offset  29
  (  10) dof 1 offset  30
  (  11) dof 1 offset  31
  (  12) dof 1 offset  32
  (  13) dof 1 offset  33
  (  14) dof 1 offset  34
  (  15) dof 1 offset  35
  (  16) dof 1 offset  36
  (  17) dof 1 offset  37
  (  18) dof 1 offset  38
  (  19) dof 1 offset  39
PetscSection Object: Global vertex dof section 2 MPI processes
  type not yet set
Process 0:
  (   0) dof-2 offset  -6
  (   1) dof 1 offset   0
  (   2) dof-2 offset  -7
  (   3) dof-2 offset  -8
  (   4) dof-2 offset  -9
  (   5) dof-2 offset -10
  (   6) dof-2 offset -11
  (   7) dof 1 offset   1
  (   8) dof 1 offset   2
  (   9) dof 1 offset   3
  (  10) dof-2 offset -12
  (  11) dof 1 offset   4
  (  12) dof-2 offset -14
  (  13) dof-2 offset -15
  (  14) dof-2 offset -16
  (  15) dof-2 offset -17
  (  16) dof-2 offset -18
  (  17) dof-2 offset -19
  (  18) dof-2 offset -20
Process 1:
  (   0) dof 1 offset   5
  (   1) dof 1 offset   6
  (   2) dof 1 offset   7
  (   3) dof 1 offset   8
  (   4) dof 1 offset   9
  (   5) dof 1 offset  10
  (   6) dof 1 offset  11
  (   7) dof 1 offset  12
  (   8) dof 1 offset  13
  (   9) dof 1 offset  14
  (  10) dof 1 offset  15
  (  11) dof 1 offset  16
  (  12) dof 1 offset  17
  (  13) dof 1 offset  18
  (  14) dof 1 offset  19
