PetscSection Object: Global edge dof section 1 MPI process
  type not yet set
Process 0:
  (   0) dof 1 offset   0
  (   1) dof 1 offset   1
  (   2) dof 1 offset   2
  (   3) dof 1 offset   3
  (   4) dof 1 offset   4
  (   5) dof 1 offset   5
  (   6) dof 1 offset   6
  (   7) dof 1 offset   7
  (   8) dof 1 offset   8
  (   9) dof 1 offset   9
  (  10) dof 1 offset  10
  (  11) dof 1 offset  11
  (  12) dof 1 offset  12
  (  13) dof 1 offset  13
  (  14) dof 1 offset  14
  (  15) dof 1 offset  15
  (  16) dof 1 offset  16
  (  17) dof 1 offset  17
  (  18) dof 1 offset  18
  (  19) dof 1 offset  19
  (  20) dof 1 offset  20
  (  21) dof 1 offset  21
  (  22) dof 1 offset  22
  (  23) dof 1 offset  23
  (  24) dof 1 offset  24
  (  25) dof 1 offset  25
  (  26) dof 1 offset  26
  (  27) dof 1 offset  27
  (  28) dof 1 offset  28
  (  29) dof 1 offset  29
  (  30) dof 1 offset  30
  (  31) dof 1 offset  31
  (  32) dof 1 offset  32
  (  33) dof 1 offset  33
  (  34) dof 1 offset  34
  (  35) dof 1 offset  35
  (  36) dof 1 offset  36
  (  37) dof 1 offset  37
  (  38) dof 1 offset  38
  (  39) dof 1 offset  39
PetscSection Object: Global vertex dof section 1 MPI process
  type not yet set
Process 0:
  (   0) dof 1 offset   0
  (   1) dof 1 offset   1
  (   2) dof 1 offset   2
  (   3) dof 1 offset   3
  (   4) dof 1 offset   4
  (   5) dof 1 offset   5
  (   6) dof 1 offset   6
  (   7) dof 1 offset   7
  (   8) dof 1 offset   8
  (   9) dof 1 offset   9
  (  10) dof 1 offset  10
  (  11) dof 1 offset  11
  (  12) dof 1 offset  12
  (  13) dof 1 offset  13
  (  14) dof 1 offset  14
  (  15) dof 1 offset  15
  (  16) dof 1 offset  16
  (  17) dof 1 offset  17
  (  18) dof 1 offset  18
  (  19) dof 1 offset  19
