DM Object: 2 MPI processes
  type: network
  NSubnets: 2; NEdges: 6; NVertices: 6; NSharedVertices: 2.
  [0] nEdges: 3; nVertices: 4; nSharedVertices: 2
     Subnet 0: nEdges 3, nVertices(include shared vertices) 4
       edge 0: 0 ----> 1
       edge 1: 1 ----> 2
       edge 2: 2 ----> 3
     SharedVertices:
  [1] nEdges: 3; nVertices: 4; nSharedVertices: 2
     Subnet 1: nEdges 3, nVertices(include shared vertices) 4
       edge 3: 0 ----> 1
       edge 4: 1 ----> 4
       edge 5: 4 ----> 5
     SharedVertices:
       svtx 0: global index 0, subnet[0].0 ---->
                                           ----> subnet[1].0
       svtx 1: global index 1, subnet[0].1 ---->
                                           ----> subnet[1].1
Vec Object: 2 MPI processes
  type: mpi
Process [0]
  Vertex 2:
    0.
    0.
  Vertex 3:
    0.
    0.
Process [1]
  Vertex 0:
    2.
    2.
    3.
  Vertex 1:
    2.
    2.
    3.
  Vertex 4:
    0.
  Vertex 5:
    0.
