Number of labels: 7
Label 0: name: BottomBoundary
IS of values
  IS Object: 1 MPI processes
    type: general
  Number of indices in set 1
  0 201

Label 1: name: TopBoundary
IS of values
  IS Object: 1 MPI processes
    type: general
  Number of indices in set 1
  0 200

Label 2: name: InnerBoundary
IS of values
  IS Object: 1 MPI processes
    type: general
  Number of indices in set 1
  0 101

Label 3: name: OuterBoundary
IS of values
  IS Object: 1 MPI processes
    type: general
  Number of indices in set 1
  0 100

Label 4: name: Face Sets
IS of values
  IS Object: 1 MPI processes
    type: general
  Number of indices in set 4
  0 100
  1 101
  2 200
  3 201

Label 5: name: Cell Sets
IS of values
  IS Object: 1 MPI processes
    type: general
  Number of indices in set 1
  0 10

Label 6: name: depth
IS of values
  IS Object: 1 MPI processes
    type: general
  Number of indices in set 4
  0 0
  1 1
  2 2
  3 3



Cell Set label IS
IS Object: 1 MPI processes
  type: general
Number of indices in set 1
0 10
