0 TS dt 0.1 time 0
    0 SNES Function norm 1.9995 
      0 KSP Residual norm 0.0567227 
      1 KSP Residual norm < 1.e-11
    1 SNES Function norm 1.71483 
      0 KSP Residual norm 0.343112 
      1 KSP Residual norm < 1.e-11
    2 SNES Function norm 0.369987 
      0 KSP Residual norm 0.68589 
      1 KSP Residual norm < 1.e-11
    3 SNES Function norm 0.241005 
      0 KSP Residual norm 0.290051 
      1 KSP Residual norm < 1.e-11
    4 SNES Function norm 0.0851484 
      0 KSP Residual norm 0.0552713 
      1 KSP Residual norm < 1.e-11
    5 SNES Function norm 0.00679069 
      0 KSP Residual norm 0.00531626 
      1 KSP Residual norm < 1.e-11
    6 SNES Function norm 5.14135e-05 
      0 KSP Residual norm 4.25069e-05 
      1 KSP Residual norm < 1.e-11
    7 SNES Function norm 3.22419e-09 
1 TS dt 0.1 time 0.1
    0 SNES Function norm 0.400077 
      0 KSP Residual norm 0.267274 
      1 KSP Residual norm < 1.e-11
    1 SNES Function norm 0.137113 
      0 KSP Residual norm 0.14611 
      1 KSP Residual norm < 1.e-11
    2 SNES Function norm 0.0388272 
      0 KSP Residual norm 0.0195977 
      1 KSP Residual norm < 1.e-11
    3 SNES Function norm 0.00114417 
      0 KSP Residual norm 0.000368284 
      1 KSP Residual norm < 1.e-11
    4 SNES Function norm 6.80542e-07 
      0 KSP Residual norm 4.17472e-07 
      1 KSP Residual norm < 1.e-11
    5 SNES Function norm < 1.e-11
2 TS dt 0.1 time 0.2
    0 SNES Function norm 0.281033 
      0 KSP Residual norm 0.224139 
      1 KSP Residual norm < 1.e-11
    1 SNES Function norm 0.121952 
      0 KSP Residual norm 0.0352202 
      1 KSP Residual norm < 1.e-11
    2 SNES Function norm 0.0109948 
      0 KSP Residual norm 0.00448401 
      1 KSP Residual norm < 1.e-11
    3 SNES Function norm 7.86861e-05 
      0 KSP Residual norm 2.57762e-05 
      1 KSP Residual norm < 1.e-11
    4 SNES Function norm 5.79331e-09 
      0 KSP Residual norm 1.70843e-09 
      1 KSP Residual norm < 1.e-11
    5 SNES Function norm < 1.e-11
3 TS dt 0.1 time 0.3
    0 SNES Function norm 0.263667 
      0 KSP Residual norm 0.216597 
      1 KSP Residual norm < 1.e-11
    1 SNES Function norm 0.0628929 
      0 KSP Residual norm 0.019616 
      1 KSP Residual norm < 1.e-11
    2 SNES Function norm 0.00572215 
      0 KSP Residual norm 0.00115214 
      1 KSP Residual norm < 1.e-11
    3 SNES Function norm 5.16156e-05 
      0 KSP Residual norm 7.16657e-06 
      1 KSP Residual norm < 1.e-11
    4 SNES Function norm 2.53185e-09 
4 TS dt 0.1 time 0.4
    0 SNES Function norm 0.272125 
      0 KSP Residual norm 0.213282 
      1 KSP Residual norm < 1.e-11
    1 SNES Function norm 0.085152 
      0 KSP Residual norm 0.0295185 
      1 KSP Residual norm < 1.e-11
    2 SNES Function norm 0.00760162 
      0 KSP Residual norm 0.00235831 
      1 KSP Residual norm < 1.e-11
    3 SNES Function norm 4.7375e-05 
      0 KSP Residual norm 1.41137e-05 
      1 KSP Residual norm < 1.e-11
    4 SNES Function norm 2.03436e-09 
5 TS dt 0.1 time 0.5
    0 SNES Function norm 0.259939 
      0 KSP Residual norm 0.2004 
      1 KSP Residual norm < 1.e-11
    1 SNES Function norm 0.0562189 
      0 KSP Residual norm 0.0182094 
      1 KSP Residual norm < 1.e-11
    2 SNES Function norm 0.00456765 
      0 KSP Residual norm 0.000946342 
      1 KSP Residual norm < 1.e-11
    3 SNES Function norm 3.23961e-05 
      0 KSP Residual norm 4.34324e-06 
      1 KSP Residual norm < 1.e-11
    4 SNES Function norm 9.253e-10 
6 TS dt 0.1 time 0.6
    0 SNES Function norm 0.259273 
      0 KSP Residual norm 0.201215 
      1 KSP Residual norm < 1.e-11
    1 SNES Function norm 0.0746452 
      0 KSP Residual norm 0.0245438 
      1 KSP Residual norm < 1.e-11
    2 SNES Function norm 0.00561007 
      0 KSP Residual norm 0.00169572 
      1 KSP Residual norm < 1.e-11
    3 SNES Function norm 2.34728e-05 
      0 KSP Residual norm 7.00898e-06 
      1 KSP Residual norm < 1.e-11
    4 SNES Function norm 4.333e-10 
7 TS dt 0.1 time 0.7
    0 SNES Function norm 0.248704 
      0 KSP Residual norm 0.188687 
      1 KSP Residual norm < 1.e-11
    1 SNES Function norm 0.0539673 
      0 KSP Residual norm 0.0182645 
      1 KSP Residual norm < 1.e-11
    2 SNES Function norm 0.00393044 
      0 KSP Residual norm 0.000944938 
      1 KSP Residual norm < 1.e-11
    3 SNES Function norm 2.07512e-05 
      0 KSP Residual norm 2.82023e-06 
      1 KSP Residual norm < 1.e-11
    4 SNES Function norm 2.701e-10 
8 TS dt 0.1 time 0.8
    0 SNES Function norm 0.246689 
      0 KSP Residual norm 0.191425 
      1 KSP Residual norm < 1.e-11
    1 SNES Function norm 0.0634375 
      0 KSP Residual norm 0.0192874 
      1 KSP Residual norm < 1.e-11
    2 SNES Function norm 0.00324118 
      0 KSP Residual norm 0.00101882 
      1 KSP Residual norm < 1.e-11
    3 SNES Function norm 4.21869e-06 
      0 KSP Residual norm 1.64985e-06 
      1 KSP Residual norm < 1.e-11
    4 SNES Function norm < 1.e-11
9 TS dt 0.1 time 0.9
    0 SNES Function norm 0.239108 
      0 KSP Residual norm 0.179064 
      1 KSP Residual norm < 1.e-11
    1 SNES Function norm 0.0562245 
      0 KSP Residual norm 0.0197746 
      1 KSP Residual norm < 1.e-11
    2 SNES Function norm 0.00378272 
      0 KSP Residual norm 0.00112395 
      1 KSP Residual norm < 1.e-11
    3 SNES Function norm 1.45266e-05 
      0 KSP Residual norm 3.2373e-06 
      1 KSP Residual norm < 1.e-11
    4 SNES Function norm 5.841e-11 
10 TS dt 0.1 time 1
    0 SNES Function norm 0.235424 
      0 KSP Residual norm 0.182978 
      1 KSP Residual norm < 1.e-11
    1 SNES Function norm 0.0507556 
      0 KSP Residual norm 0.0138762 
      1 KSP Residual norm < 1.e-11
    2 SNES Function norm 0.000856716 
      0 KSP Residual norm 0.000454359 
      1 KSP Residual norm < 1.e-11
    3 SNES Function norm 1.57858e-06 
      0 KSP Residual norm 3.17609e-07 
      1 KSP Residual norm < 1.e-11
    4 SNES Function norm < 1.e-11
11 TS dt 0.1 time 1.1
    0 SNES Function norm 0.231258 
      0 KSP Residual norm 0.171915 
      1 KSP Residual norm < 1.e-11
    1 SNES Function norm 0.0599342 
      0 KSP Residual norm 0.0213169 
      1 KSP Residual norm < 1.e-11
    2 SNES Function norm 0.00421128 
      0 KSP Residual norm 0.0013665 
      1 KSP Residual norm < 1.e-11
    3 SNES Function norm 1.68051e-05 
      0 KSP Residual norm 5.35012e-06 
      1 KSP Residual norm < 1.e-11
    4 SNES Function norm 2.430e-10 
12 TS dt 0.1 time 1.2
    0 SNES Function norm 0.22542 
      0 KSP Residual norm 0.174529 
      1 KSP Residual norm < 1.e-11
    1 SNES Function norm 0.0387393 
      0 KSP Residual norm 0.0100161 
      1 KSP Residual norm < 1.e-11
    2 SNES Function norm 0.0016152 
      0 KSP Residual norm 0.00033392 
      1 KSP Residual norm < 1.e-11
    3 SNES Function norm 5.98298e-06 
      0 KSP Residual norm 9.98108e-07 
      1 KSP Residual norm < 1.e-11
    4 SNES Function norm 4.554e-11 
13 TS dt 0.1 time 1.3
    0 SNES Function norm 0.224259 
      0 KSP Residual norm 0.167422 
      1 KSP Residual norm < 1.e-11
    1 SNES Function norm 0.0607252 
      0 KSP Residual norm 0.0207962 
      1 KSP Residual norm < 1.e-11
    2 SNES Function norm 0.00442627 
      0 KSP Residual norm 0.00138603 
      1 KSP Residual norm < 1.e-11
    3 SNES Function norm 1.89601e-05 
      0 KSP Residual norm 5.90361e-06 
      1 KSP Residual norm < 1.e-11
    4 SNES Function norm 3.450e-10 
14 TS dt 0.1 time 1.4
    0 SNES Function norm 0.217102 
      0 KSP Residual norm 0.165563 
      1 KSP Residual norm < 1.e-11
    1 SNES Function norm 0.0346005 
      0 KSP Residual norm 0.0104653 
      1 KSP Residual norm < 1.e-11
    2 SNES Function norm 0.00222779 
      0 KSP Residual norm 0.000376903 
      1 KSP Residual norm < 1.e-11
    3 SNES Function norm 8.90843e-06 
      0 KSP Residual norm 1.22296e-06 
      1 KSP Residual norm < 1.e-11
    4 SNES Function norm 7.932e-11 
15 TS dt 0.1 time 1.5
    0 SNES Function norm 0.217242 
      0 KSP Residual norm 0.164501 
      1 KSP Residual norm < 1.e-11
    1 SNES Function norm 0.0545107 
      0 KSP Residual norm 0.0167516 
      1 KSP Residual norm < 1.e-11
    2 SNES Function norm 0.00306763 
      0 KSP Residual norm 0.00091057 
      1 KSP Residual norm < 1.e-11
    3 SNES Function norm 6.89685e-06 
      0 KSP Residual norm 2.09489e-06 
      1 KSP Residual norm < 1.e-11
    4 SNES Function norm 3.169e-11 
16 TS dt 0.1 time 1.6
    0 SNES Function norm 0.211026 
      0 KSP Residual norm 0.157349 
      1 KSP Residual norm < 1.e-11
    1 SNES Function norm 0.0416755 
      0 KSP Residual norm 0.0143844 
      1 KSP Residual norm < 1.e-11
    2 SNES Function norm 0.00230984 
      0 KSP Residual norm 0.000639554 
      1 KSP Residual norm < 1.e-11
    3 SNES Function norm 6.01859e-06 
      0 KSP Residual norm 1.09257e-06 
      1 KSP Residual norm < 1.e-11
    4 SNES Function norm 1.363e-11 
17 TS dt 0.1 time 1.7
    0 SNES Function norm 0.209848 
      0 KSP Residual norm 0.160827 
      1 KSP Residual norm < 1.e-11
    1 SNES Function norm 0.0411819 
      0 KSP Residual norm 0.0107701 
      1 KSP Residual norm < 1.e-11
    2 SNES Function norm 0.000552045 
      0 KSP Residual norm 0.000301916 
      1 KSP Residual norm < 1.e-11
    3 SNES Function norm 7.36731e-07 
      0 KSP Residual norm 1.45747e-07 
      1 KSP Residual norm < 1.e-11
    4 SNES Function norm < 1.e-11
18 TS dt 0.1 time 1.8
    0 SNES Function norm 0.206556 
      0 KSP Residual norm 0.152337 
      1 KSP Residual norm < 1.e-11
    1 SNES Function norm 0.0501906 
      0 KSP Residual norm 0.0174367 
      1 KSP Residual norm < 1.e-11
    2 SNES Function norm 0.00309504 
      0 KSP Residual norm 0.00100003 
      1 KSP Residual norm < 1.e-11
    3 SNES Function norm 9.48118e-06 
      0 KSP Residual norm 3.0643e-06 
      1 KSP Residual norm < 1.e-11
    4 SNES Function norm 7.869e-11 
19 TS dt 0.1 time 1.9
    0 SNES Function norm 0.202567 
      0 KSP Residual norm 0.154506 
      1 KSP Residual norm < 1.e-11
    1 SNES Function norm 0.0295143 
      0 KSP Residual norm 0.0079617 
      1 KSP Residual norm < 1.e-11
    2 SNES Function norm 0.00151435 
      0 KSP Residual norm 0.000251543 
      1 KSP Residual norm < 1.e-11
    3 SNES Function norm 4.72899e-06 
      0 KSP Residual norm 7.07651e-07 
      1 KSP Residual norm < 1.e-11
    4 SNES Function norm 2.535e-11 
20 TS dt 0.1 time 2
    0 SNES Function norm 0.202017 
      0 KSP Residual norm 0.150799 
      1 KSP Residual norm < 1.e-11
    1 SNES Function norm 0.0498474 
      0 KSP Residual norm 0.0156429 
      1 KSP Residual norm < 1.e-11
    2 SNES Function norm 0.00285584 
      0 KSP Residual norm 0.000851794 
      1 KSP Residual norm < 1.e-11
    3 SNES Function norm 7.15871e-06 
      0 KSP Residual norm 2.14713e-06 
      1 KSP Residual norm < 1.e-11
    4 SNES Function norm 4.155e-11 
21 TS dt 0.1 time 2.1
    0 SNES Function norm 0.196954 
      0 KSP Residual norm 0.146699 
      1 KSP Residual norm < 1.e-11
    1 SNES Function norm 0.0340608 
      0 KSP Residual norm 0.0115408 
      1 KSP Residual norm < 1.e-11
    2 SNES Function norm 0.00171422 
      0 KSP Residual norm 0.000424416 
      1 KSP Residual norm < 1.e-11
    3 SNES Function norm 3.81997e-06 
      0 KSP Residual norm 5.36561e-07 
      1 KSP Residual norm < 1.e-11
    4 SNES Function norm 1.124e-11 
22 TS dt 0.1 time 2.2
    0 SNES Function norm 0.196536 
      0 KSP Residual norm 0.149261 
      1 KSP Residual norm < 1.e-11
    1 SNES Function norm 0.0378879 
      0 KSP Residual norm 0.00983054 
      1 KSP Residual norm < 1.e-11
    2 SNES Function norm 0.000581315 
      0 KSP Residual norm 0.000270015 
      1 KSP Residual norm < 1.e-11
    3 SNES Function norm 6.56042e-07 
      0 KSP Residual norm 1.34178e-07 
      1 KSP Residual norm < 1.e-11
    4 SNES Function norm < 1.e-11
23 TS dt 0.1 time 2.3
    0 SNES Function norm 0.193362 
      0 KSP Residual norm 0.141825 
      1 KSP Residual norm < 1.e-11
    1 SNES Function norm 0.0445014 
      0 KSP Residual norm 0.0152899 
      1 KSP Residual norm < 1.e-11
    2 SNES Function norm 0.00248427 
      0 KSP Residual norm 0.000801497 
      1 KSP Residual norm < 1.e-11
    3 SNES Function norm 6.21322e-06 
      0 KSP Residual norm 2.0135e-06 
      1 KSP Residual norm < 1.e-11
    4 SNES Function norm 3.170e-11 
24 TS dt 0.1 time 2.4
    0 SNES Function norm 0.19047 
      0 KSP Residual norm 0.14414 
      1 KSP Residual norm < 1.e-11
    1 SNES Function norm 0.0259306 
      0 KSP Residual norm 0.00711231 
      1 KSP Residual norm < 1.e-11
    2 SNES Function norm 0.00126653 
      0 KSP Residual norm 0.000203622 
      1 KSP Residual norm < 1.e-11
    3 SNES Function norm 3.25486e-06 
      0 KSP Residual norm 4.70406e-07 
      1 KSP Residual norm < 1.e-11
    4 SNES Function norm 1.188e-11 
25 TS dt 0.1 time 2.5
    0 SNES Function norm 0.189809 
      0 KSP Residual norm 0.141222 
      1 KSP Residual norm < 1.e-11
    1 SNES Function norm 0.0439792 
      0 KSP Residual norm 0.0131964 
      1 KSP Residual norm < 1.e-11
    2 SNES Function norm 0.00212389 
      0 KSP Residual norm 0.000624907 
      1 KSP Residual norm < 1.e-11
    3 SNES Function norm 3.57767e-06 
      0 KSP Residual norm 1.08508e-06 
      1 KSP Residual norm < 1.e-11
    4 SNES Function norm < 1.e-11
26 TS dt 0.1 time 2.6
    0 SNES Function norm 0.185812 
      0 KSP Residual norm 0.136988 
      1 KSP Residual norm < 1.e-11
    1 SNES Function norm 0.0330709 
      0 KSP Residual norm 0.0113751 
      1 KSP Residual norm < 1.e-11
    2 SNES Function norm 0.00149683 
      0 KSP Residual norm 0.000426142 
      1 KSP Residual norm < 1.e-11
    3 SNES Function norm 2.45829e-06 
      0 KSP Residual norm 5.01317e-07 
      1 KSP Residual norm < 1.e-11
    4 SNES Function norm < 1.e-11
27 TS dt 0.1 time 2.7
    0 SNES Function norm 0.185173 
      0 KSP Residual norm 0.140027 
      1 KSP Residual norm < 1.e-11
    1 SNES Function norm 0.0304907 
      0 KSP Residual norm 0.00747693 
      1 KSP Residual norm < 1.e-11
    2 SNES Function norm 0.0003914 
      0 KSP Residual norm 0.00016951 
      1 KSP Residual norm < 1.e-11
    3 SNES Function norm 2.57e-07 
      0 KSP Residual norm 4.82863e-08 
      1 KSP Residual norm < 1.e-11
    4 SNES Function norm < 1.e-11
28 TS dt 0.1 time 2.8
    0 SNES Function norm 0.182902 
      0 KSP Residual norm 0.13381 
      1 KSP Residual norm < 1.e-11
    1 SNES Function norm 0.0421692 
      0 KSP Residual norm 0.0139011 
      1 KSP Residual norm < 1.e-11
    2 SNES Function norm 0.00225524 
      0 KSP Residual norm 0.000705877 
      1 KSP Residual norm < 1.e-11
    3 SNES Function norm 5.16654e-06 
      0 KSP Residual norm 1.62898e-06 
      1 KSP Residual norm < 1.e-11
    4 SNES Function norm 2.267e-11 
29 TS dt 0.1 time 2.9
    0 SNES Function norm 0.180026 
      0 KSP Residual norm 0.134331 
      1 KSP Residual norm < 1.e-11
    1 SNES Function norm 0.0242894 
      0 KSP Residual norm 0.00762299 
      1 KSP Residual norm < 1.e-11
    2 SNES Function norm 0.00115241 
      0 KSP Residual norm 0.00020055 
      1 KSP Residual norm < 1.e-11
    3 SNES Function norm 2.31273e-06 
      0 KSP Residual norm 2.90426e-07 
      1 KSP Residual norm < 1.e-11
    4 SNES Function norm < 1.e-11
30 TS dt 0.1 time 3
Steps 30  final time 3
