Label 'split faces':
[0]: 1498 (1)
[0]: 1502 (1)
[0]: 1505 (1)
[0]: 1508 (1)
[0]: 1511 (1)
[0]: 1514 (1)
[0]: 1517 (1)
[0]: 1520 (1)
[0]: 1523 (1)
[0]: 1526 (1)
[0]: 1529 (1)
[0]: 1532 (1)
[0]: 1535 (1)
[0]: 1538 (1)
[0]: 1541 (1)
[0]: 1544 (1)
[0]: 1547 (1)
[0]: 1550 (1)
[0]: 1553 (1)
[0]: 1556 (1)
[0]: 1559 (1)
[0]: 1562 (1)
[0]: 1565 (1)
[0]: 1568 (1)
[0]: 1571 (1)
[0]: 1574 (1)
[0]: 1577 (1)
[0]: 1580 (1)
[0]: 1583 (1)
[0]: 1586 (1)
[0]: 1589 (1)
[0]: 1592 (1)
[0]: 1595 (1)
[0]: 1598 (1)
[0]: 1601 (1)
[0]: 1604 (1)
[0]: 1607 (1)
[0]: 1610 (1)
[0]: 1613 (1)
[0]: 1616 (1)
[0]: 1619 (1)
[0]: 1622 (1)
  0  time        0  |x|    15.41  
  1  time   0.3477  |x|    14.36  
  2  time   0.6953  |x|    13.32  
  3  time    1.043  |x|    12.28  
  4  time    1.391  |x|    11.24  
  5  time    1.738  |x|    10.19  
  6  time    2.086  |x|    9.109  
CONVERGED_TIME at time 2.08604 after 6 steps
