0  time        0  |x|    8.926  
  1  time  0.03911  |x|    8.808  
  2  time  0.07822  |x|    8.691  
  3  time   0.1173  |x|    8.573  
  4  time   0.1564  |x|    8.455  
  5  time   0.1955  |x|    8.337  
  6  time   0.2346  |x|     8.22  
  7  time   0.2738  |x|    8.102  
  8  time   0.3129  |x|    7.984  
  9  time    0.352  |x|    7.866  
 10  time   0.3911  |x|    7.748  
 11  time   0.4302  |x|     7.63  
 12  time   0.4693  |x|    7.512  
 13  time   0.5084  |x|    7.394  
 14  time   0.5475  |x|    7.276  
 15  time   0.5866  |x|    7.158  
 16  time   0.6257  |x|     7.04  
 17  time   0.6648  |x|    6.922  
 18  time   0.7039  |x|    6.804  
 19  time   0.7431  |x|    6.687  
 20  time   0.7822  |x|    6.569  
 21  time   0.8213  |x|    6.452  
 22  time   0.8604  |x|    6.334  
 23  time   0.8995  |x|    6.217  
 24  time   0.9386  |x|      6.1  
 25  time   0.9777  |x|    5.982  
 26  time    1.017  |x|    5.865  
 27  time    1.056  |x|    5.747  
 28  time    1.095  |x|    5.628  
 29  time    1.134  |x|    5.507  
 30  time    1.173  |x|    5.383  
 31  time    1.212  |x|    5.253  
 32  time    1.251  |x|    5.116  
 33  time    1.291  |x|    4.967  
 34  time     1.33  |x|    4.803  
 35  time    1.369  |x|     4.62  
 36  time    1.408  |x|    4.413  
 37  time    1.447  |x|    4.179  
 38  time    1.486  |x|    3.915  
 39  time    1.525  |x|    3.623  
 40  time    1.564  |x|    3.329  
 41  time    1.603  |x|    3.072  
 42  time    1.643  |x|    2.842  
 43  time    1.682  |x|    2.591  
 44  time    1.721  |x|    2.321  
 45  time     1.76  |x|    2.035  
 46  time    1.799  |x|        2  
 47  time    1.838  |x|        2  
 48  time    1.877  |x|        2  
 49  time    1.916  |x|        2  
 50  time    1.955  |x|        2  
 51  time    1.995  |x|        2  
 52  time    2.034  |x|        2  
CONVERGED_TIME at time 2.03363 after 52 steps