Vector Object:solution 1 MPI processes
  type: seq
0.286523
0.710007
1.1347
1.56077
1.98978
2.42147
2.85394
2.99185
3.12884
3.26942
3.41819
3.57631
3.75138
4.07212
4.50647
4.97029
5.42501
5.87108
6.31391
6.75238
7.18487
7.60111
7.88545
8.05279
8.17845
8.30076
8.43003
8.56562
8.70448
3.71245
3.48665
3.26112
3.03474
2.80791
2.58166
2.36056
2.17207
2.01539
1.86698
1.72085
1.56891
1.41091
1.25026
1.08865
0.924116
0.754782
0.590575
0.436206
8.2557
7.80441
7.34982
6.89368
6.4384
5.98321
5.52803
5.07289
4.61886
4.1653
2.549
2.67011
2.80712
2.96956
3.15291
3.37516
3.69515
4.15987
4.70331
5.17815
5.6246
6.059
6.48762
6.9057
7.2847
7.58212
7.74834
7.81243
7.8911
7.9969
8.12173
3.94591
3.7259
3.50404
3.2797
3.05614
2.8449
2.65984
2.50372
2.36924
2.23727
2.08801
1.92055
1.74511
1.56692
1.38085
1.18019
0.995658
0.848885
1.25613
1.67326
2.103
7.66952
7.20664
6.73763
6.26634
5.79801
5.33194
4.86791
4.4058
7.43563
7.42715
7.46374
7.54919
4.19194
3.9737
3.74887
3.52387
3.31231
3.12857
2.98322
2.87233
2.76362
2.61654
2.42654
2.23101
2.03808
1.83984
1.58627
1.36682
2.18974
2.31417
2.50677
2.70319
2.92379
3.19392
4.49826
4.96561
5.39715
5.81628
6.24489
6.68044
7.09391
3.94352
3.34839
1.76108
7.08245
6.59072
6.0943
5.60712
5.13114
4.65981
4.44362
4.21516
3.98212
3.76572
3.58385
3.45804
3.38445
3.89652
4.36818
4.78592
5.16776
5.5566
5.9919
6.48879
7.00087
7.00005
6.45927
5.91031
5.39155
4.91488
4.67444
4.42572
4.19462
4.01028
3.90704
4.29539
4.62158
4.90581
5.23545
5.61879
5.1332
4.8467
4.36617
4.58144
  0  time        0  |x|    8.704  
  1  time   0.1656  |x|    8.199  
  2  time   0.3312  |x|    7.691  
  3  time   0.4968  |x|    7.185  
  4  time   0.6624  |x|    6.678  
  5  time    0.828  |x|    6.142  
  6  time   0.9936  |x|    5.522  
  7  time    1.159  |x|    4.769  
  8  time    1.325  |x|    3.877  
  9  time     1.49  |x|    2.905  
 10  time    1.656  |x|    2.061  
 11  time    1.822  |x|        2  
 12  time    1.987  |x|        2  
 13  time    2.153  |x|        2  
CONVERGED_TIME at time 2.15278 after 13 steps
