  0  time        0  |x|    3.938  
  1  time  0.05625  |x|    3.769  
  2  time   0.1125  |x|      3.6  
  3  time   0.1688  |x|    3.431  
  4  time    0.225  |x|    3.263  
  5  time   0.2812  |x|    3.094  
  6  time   0.3375  |x|    2.925  
  7  time   0.3938  |x|    2.756  
  8  time     0.45  |x|    2.587  
  9  time   0.5063  |x|    2.419  
 10  time   0.5625  |x|    2.248  
 11  time   0.6188  |x|    2.069  
 12  time    0.675  |x|        2  
 13  time   0.7313  |x|        2  
 14  time   0.7875  |x|        2  
 15  time   0.8438  |x|        2  
 16  time      0.9  |x|        2  
 17  time   0.9563  |x|        2  
 18  time    1.013  |x|        2  
 19  time    1.069  |x|        2  
 20  time    1.125  |x|        2  
 21  time    1.181  |x|        2  
 22  time    1.237  |x|        2  
 23  time    1.294  |x|        2  
 24  time     1.35  |x|        2  
 25  time    1.406  |x|        2  
 26  time    1.462  |x|        2  
 27  time    1.519  |x|        2  
 28  time    1.575  |x|        2  
 29  time    1.631  |x|        2  
 30  time    1.687  |x|        2  
 31  time    1.744  |x|        2  
 32  time      1.8  |x|        2  
 33  time    1.856  |x|        2  
 34  time    1.912  |x|        2  
 35  time    1.969  |x|        2  
 36  time    2.025  |x|        2  
CONVERGED_TIME at time 2.025 after 36 steps
