timestep 0 time 0 norm 2.75974
0 TS dt 0.1 time 0
    0 SNES Function norm 1056.41 
    0 SNES Function norm 1056.41 
      0 KSP Residual norm 105.641 
      1 KSP Residual norm < 1.e-11
    1 SNES Function norm 105.641 
    1 SNES Function norm 105.641 
      0 KSP Residual norm 10.5641 
      1 KSP Residual norm < 1.e-11
    2 SNES Function norm 105.638 
    2 SNES Function norm 105.638 
      0 KSP Residual norm 10.5638 
      1 KSP Residual norm < 1.e-11
timestep 1 time 0.1 norm 105.678
1 TS dt 0.1 time 0.1
    0 SNES Function norm 1062.8 
    0 SNES Function norm 1062.8 
      0 KSP Residual norm 106.28 
      1 KSP Residual norm < 1.e-11
timestep 2 time 0.2 norm 105.678
2 TS dt 0.1 time 0.2
    0 SNES Function norm 1062.8 
    0 SNES Function norm 1062.8 
      0 KSP Residual norm 106.28 
      1 KSP Residual norm < 1.e-11
timestep 3 time 0.3 norm 105.678
3 TS dt 0.1 time 0.3
    0 SNES Function norm 1062.8 
    0 SNES Function norm 1062.8 
      0 KSP Residual norm 106.28 
      1 KSP Residual norm < 1.e-11
timestep 4 time 0.4 norm 105.678
4 TS dt 0.1 time 0.4
    0 SNES Function norm 1062.8 
    0 SNES Function norm 1062.8 
      0 KSP Residual norm 106.28 
      1 KSP Residual norm < 1.e-11
timestep 5 time 0.5 norm 105.678
5 TS dt 0.1 time 0.5
    0 SNES Function norm 1062.8 
    0 SNES Function norm 1062.8 
      0 KSP Residual norm 106.28 
      1 KSP Residual norm < 1.e-11
timestep 6 time 0.6 norm 105.678
6 TS dt 0.1 time 0.6
    0 SNES Function norm 1062.8 
    0 SNES Function norm 1062.8 
      0 KSP Residual norm 106.28 
      1 KSP Residual norm < 1.e-11
timestep 7 time 0.7 norm 105.678
7 TS dt 0.1 time 0.7
    0 SNES Function norm 1062.8 
    0 SNES Function norm 1062.8 
      0 KSP Residual norm 106.28 
      1 KSP Residual norm < 1.e-11
timestep 8 time 0.8 norm 105.678
8 TS dt 0.1 time 0.8
    0 SNES Function norm 1062.8 
    0 SNES Function norm 1062.8 
      0 KSP Residual norm 106.28 
      1 KSP Residual norm < 1.e-11
timestep 9 time 0.9 norm 105.678
9 TS dt 0.1 time 0.9
    0 SNES Function norm 1062.8 
    0 SNES Function norm 1062.8 
      0 KSP Residual norm 106.28 
      1 KSP Residual norm < 1.e-11
timestep 10 time 1 norm 105.678
10 TS dt 0.1 time 1
    0 SNES Function norm 1062.8 
    0 SNES Function norm 1062.8 
      0 KSP Residual norm 106.28 
      1 KSP Residual norm < 1.e-11
timestep 11 time 1.1 norm 105.678
11 TS dt 0.1 time 1.1
    0 SNES Function norm 1062.8 
    0 SNES Function norm 1062.8 
      0 KSP Residual norm 106.28 
      1 KSP Residual norm < 1.e-11
timestep 12 time 1.2 norm 105.678
12 TS dt 0.1 time 1.2
    0 SNES Function norm 1062.8 
    0 SNES Function norm 1062.8 
      0 KSP Residual norm 106.28 
      1 KSP Residual norm < 1.e-11
timestep 13 time 1.3 norm 105.678
13 TS dt 0.1 time 1.3
    0 SNES Function norm 1062.8 
    0 SNES Function norm 1062.8 
      0 KSP Residual norm 106.28 
      1 KSP Residual norm < 1.e-11
timestep 14 time 1.4 norm 105.678
14 TS dt 0.1 time 1.4
    0 SNES Function norm 1062.8 
    0 SNES Function norm 1062.8 
      0 KSP Residual norm 106.28 
      1 KSP Residual norm < 1.e-11
timestep 15 time 1.5 norm 105.678
15 TS dt 0.1 time 1.5
    0 SNES Function norm 1062.8 
    0 SNES Function norm 1062.8 
      0 KSP Residual norm 106.28 
      1 KSP Residual norm < 1.e-11
timestep 16 time 1.6 norm 105.678
16 TS dt 0.1 time 1.6
    0 SNES Function norm 1062.8 
    0 SNES Function norm 1062.8 
      0 KSP Residual norm 106.28 
      1 KSP Residual norm < 1.e-11
timestep 17 time 1.7 norm 105.678
17 TS dt 0.1 time 1.7
    0 SNES Function norm 1062.8 
    0 SNES Function norm 1062.8 
      0 KSP Residual norm 106.28 
      1 KSP Residual norm < 1.e-11
timestep 18 time 1.8 norm 105.678
18 TS dt 0.1 time 1.8
    0 SNES Function norm 1062.8 
    0 SNES Function norm 1062.8 
      0 KSP Residual norm 106.28 
      1 KSP Residual norm < 1.e-11
timestep 19 time 1.9 norm 105.678
19 TS dt 0.1 time 1.9
    0 SNES Function norm 1062.8 
    0 SNES Function norm 1062.8 
      0 KSP Residual norm 106.28 
      1 KSP Residual norm < 1.e-11
timestep 20 time 2 norm 105.678
20 TS dt 0.1 time 2
    0 SNES Function norm 1062.8 
    0 SNES Function norm 1062.8 
      0 KSP Residual norm 106.28 
      1 KSP Residual norm < 1.e-11
timestep 21 time 2.1 norm 105.678
21 TS dt 0.1 time 2.1
    0 SNES Function norm 1062.8 
    0 SNES Function norm 1062.8 
      0 KSP Residual norm 106.28 
      1 KSP Residual norm < 1.e-11
timestep 22 time 2.2 norm 105.678
22 TS dt 0.1 time 2.2
    0 SNES Function norm 1062.8 
    0 SNES Function norm 1062.8 
      0 KSP Residual norm 106.28 
      1 KSP Residual norm < 1.e-11
timestep 23 time 2.3 norm 105.678
23 TS dt 0.1 time 2.3
    0 SNES Function norm 1062.8 
    0 SNES Function norm 1062.8 
      0 KSP Residual norm 106.28 
      1 KSP Residual norm < 1.e-11
timestep 24 time 2.4 norm 105.678
24 TS dt 0.1 time 2.4
    0 SNES Function norm 1062.8 
    0 SNES Function norm 1062.8 
      0 KSP Residual norm 106.28 
      1 KSP Residual norm < 1.e-11
timestep 25 time 2.5 norm 105.678
25 TS dt 0.1 time 2.5
    0 SNES Function norm 1062.8 
    0 SNES Function norm 1062.8 
      0 KSP Residual norm 106.28 
      1 KSP Residual norm < 1.e-11
timestep 26 time 2.6 norm 105.678
26 TS dt 0.1 time 2.6
    0 SNES Function norm 1062.8 
    0 SNES Function norm 1062.8 
      0 KSP Residual norm 106.28 
      1 KSP Residual norm < 1.e-11
timestep 27 time 2.7 norm 105.678
27 TS dt 0.1 time 2.7
    0 SNES Function norm 1062.8 
    0 SNES Function norm 1062.8 
      0 KSP Residual norm 106.28 
      1 KSP Residual norm < 1.e-11
timestep 28 time 2.8 norm 105.678
28 TS dt 0.1 time 2.8
    0 SNES Function norm 1062.8 
    0 SNES Function norm 1062.8 
      0 KSP Residual norm 106.28 
      1 KSP Residual norm < 1.e-11
timestep 29 time 2.9 norm 105.678
29 TS dt 0.1 time 2.9
    0 SNES Function norm 1062.8 
    0 SNES Function norm 1062.8 
      0 KSP Residual norm 106.28 
      1 KSP Residual norm < 1.e-11
timestep 30 time 3 norm 105.678
30 TS dt 0.1 time 3
