MFEM mesh v1.1

dimension
2

elements
133
1 3 0 1 21 20
1 3 1 2 22 21
1 3 2 3 23 22
1 3 3 4 24 23
1 3 4 5 25 24
1 3 5 6 26 25
1 3 6 7 27 26
1 3 7 8 28 27
1 3 8 9 29 28
1 3 9 10 30 29
1 3 10 11 31 30
1 3 11 12 32 31
1 3 12 13 33 32
1 3 13 14 34 33
1 3 14 15 35 34
1 3 15 16 36 35
1 3 16 17 37 36
1 3 17 18 38 37
1 3 18 19 39 38
1 3 20 21 41 40
1 3 21 22 42 41
1 3 22 23 43 42
1 3 23 24 44 43
1 3 24 25 45 44
1 3 25 26 46 45
1 3 26 27 47 46
1 3 27 28 48 47
1 3 28 29 49 48
1 3 29 30 50 49
1 3 30 31 51 50
1 3 31 32 52 51
1 3 32 33 53 52
1 3 33 34 54 53
1 3 34 35 55 54
1 3 35 36 56 55
1 3 36 37 57 56
1 3 37 38 58 57
1 3 38 39 59 58
1 3 40 41 61 60
1 3 41 42 62 61
1 3 42 43 63 62
1 3 43 44 64 63
1 3 44 45 65 64
1 3 45 46 66 65
1 3 46 47 67 66
1 3 47 48 68 67
1 3 48 49 69 68
1 3 49 50 70 69
1 3 50 51 71 70
1 3 51 52 72 71
1 3 52 53 73 72
1 3 53 54 74 73
1 3 54 55 75 74
1 3 55 56 76 75
1 3 56 57 77 76
1 3 57 58 78 77
1 3 58 59 79 78
1 3 60 61 81 80
1 3 61 62 82 81
1 3 62 63 83 82
1 3 63 64 84 83
1 3 64 65 85 84
1 3 65 66 86 85
1 3 66 67 87 86
1 3 67 68 88 87
1 3 68 69 89 88
1 3 69 70 90 89
1 3 70 71 91 90
1 3 71 72 92 91
1 3 72 73 93 92
1 3 73 74 94 93
1 3 74 75 95 94
1 3 75 76 96 95
1 3 76 77 97 96
1 3 77 78 98 97
1 3 78 79 99 98
1 3 80 81 101 100
1 3 81 82 102 101
1 3 82 83 103 102
1 3 83 84 104 103
1 3 84 85 105 104
1 3 85 86 106 105
1 3 86 87 107 106
1 3 87 88 108 107
1 3 88 89 109 108
1 3 89 90 110 109
1 3 90 91 111 110
1 3 91 92 112 111
1 3 92 93 113 112
1 3 93 94 114 113
1 3 94 95 115 114
1 3 95 96 116 115
1 3 96 97 117 116
1 3 97 98 118 117
1 3 98 99 119 118
1 3 100 101 121 120
1 3 101 102 122 121
1 3 102 103 123 122
1 3 103 104 124 123
1 3 104 105 125 124
1 3 105 106 126 125
1 3 106 107 127 126
1 3 107 108 128 127
1 3 108 109 129 128
1 3 109 110 130 129
1 3 110 111 131 130
1 3 111 112 132 131
1 3 112 113 133 132
1 3 113 114 134 133
1 3 114 115 135 134
1 3 115 116 136 135
1 3 116 117 137 136
1 3 117 118 138 137
1 3 118 119 139 138
1 3 120 121 141 140
1 3 121 122 142 141
1 3 122 123 143 142
1 3 123 124 144 143
1 3 124 125 145 144
1 3 125 126 146 145
1 3 126 127 147 146
1 3 127 128 148 147
1 3 128 129 149 148
1 3 129 130 150 149
1 3 130 131 151 150
1 3 131 132 152 151
1 3 132 133 153 152
1 3 133 134 154 153
1 3 134 135 155 154
1 3 135 136 156 155
1 3 136 137 157 156
1 3 137 138 158 157
1 3 138 139 159 158

boundary
0

vertices
160
2
 0. 0.
 0.0526316 0.
 0.105263 0.
 0.157895 0.
 0.210526 0.
 0.263158 0.
 0.315789 0.
 0.368421 0.
 0.421053 0.
 0.473684 0.
 0.526316 0.
 0.578947 0.
 0.631579 0.
 0.684211 0.
 0.736842 0.
 0.789474 0.
 0.842105 0.
 0.894737 0.
 0.947368 0.
 1. 0.
 0. 0.142857
 0.0526316 0.142857
 0.105263 0.142857
 0.157895 0.142857
 0.210526 0.142857
 0.263158 0.142857
 0.315789 0.142857
 0.368421 0.142857
 0.421053 0.142857
 0.473684 0.142857
 0.526316 0.142857
 0.578947 0.142857
 0.631579 0.142857
 0.684211 0.142857
 0.736842 0.142857
 0.789474 0.142857
 0.842105 0.142857
 0.894737 0.142857
 0.947368 0.142857
 1. 0.142857
 0. 0.285714
 0.0526316 0.285714
 0.105263 0.285714
 0.157895 0.285714
 0.210526 0.285714
 0.263158 0.285714
 0.315789 0.285714
 0.368421 0.285714
 0.421053 0.285714
 0.473684 0.285714
 0.526316 0.285714
 0.578947 0.285714
 0.631579 0.285714
 0.684211 0.285714
 0.736842 0.285714
 0.789474 0.285714
 0.842105 0.285714
 0.894737 0.285714
 0.947368 0.285714
 1. 0.285714
 0. 0.428571
 0.0526316 0.428571
 0.105263 0.428571
 0.157895 0.428571
 0.210526 0.428571
 0.263158 0.428571
 0.315789 0.428571
 0.368421 0.428571
 0.421053 0.428571
 0.473684 0.428571
 0.526316 0.428571
 0.578947 0.428571
 0.631579 0.428571
 0.684211 0.428571
 0.736842 0.428571
 0.789474 0.428571
 0.842105 0.428571
 0.894737 0.428571
 0.947368 0.428571
 1. 0.428571
 0. 0.571429
 0.0526316 0.571429
 0.105263 0.571429
 0.157895 0.571429
 0.210526 0.571429
 0.263158 0.571429
 0.315789 0.571429
 0.368421 0.571429
 0.421053 0.571429
 0.473684 0.571429
 0.526316 0.571429
 0.578947 0.571429
 0.631579 0.571429
 0.684211 0.571429
 0.736842 0.571429
 0.789474 0.571429
 0.842105 0.571429
 0.894737 0.571429
 0.947368 0.571429
 1. 0.571429
 0. 0.714286
 0.0526316 0.714286
 0.105263 0.714286
 0.157895 0.714286
 0.210526 0.714286
 0.263158 0.714286
 0.315789 0.714286
 0.368421 0.714286
 0.421053 0.714286
 0.473684 0.714286
 0.526316 0.714286
 0.578947 0.714286
 0.631579 0.714286
 0.684211 0.714286
 0.736842 0.714286
 0.789474 0.714286
 0.842105 0.714286
 0.894737 0.714286
 0.947368 0.714286
 1. 0.714286
 0. 0.857143
 0.0526316 0.857143
 0.105263 0.857143
 0.157895 0.857143
 0.210526 0.857143
 0.263158 0.857143
 0.315789 0.857143
 0.368421 0.857143
 0.421053 0.857143
 0.473684 0.857143
 0.526316 0.857143
 0.578947 0.857143
 0.631579 0.857143
 0.684211 0.857143
 0.736842 0.857143
 0.789474 0.857143
 0.842105 0.857143
 0.894737 0.857143
 0.947368 0.857143
 1. 0.857143
 0. 1.
 0.0526316 1.
 0.105263 1.
 0.157895 1.
 0.210526 1.
 0.263158 1.
 0.315789 1.
 0.368421 1.
 0.421053 1.
 0.473684 1.
 0.526316 1.
 0.578947 1.
 0.631579 1.
 0.684211 1.
 0.736842 1.
 0.789474 1.
 0.842105 1.
 0.894737 1.
 0.947368 1.
 1. 1.
FiniteElementSpace
FiniteElementCollection: H1_2D_P1
VDim: 2
Ordering: 1

 0.
 0.
 0.
 0.
 0.
 0.
 0.
 0.
 0.
 0.
 0.
 0.
 0.
 0.
 0.
 0.
 0.
 0.
 0.
 0.
 0.
 0.
 0.
 0.
 0.
 0.
 0.
 0.
 0.
 0.
 0.
 0.
 0.
 0.
 0.
 0.
 0.
 0.
 0.
 0.
 0.
 0.
 0.00206449
 0.0552599
 0.00686526
 0.172487
 0.0188676
 0.423485
 0.0435574
 0.807879
 0.0797544
 1.08272
 0.112425
 0.997859
 0.133471
 0.848081
 0.145294
 0.509426
 0.140774
 0.310447
 0.140774
 0.310447
 0.145294
 0.509426
 0.133471
 0.848081
 0.112425
 0.997859
 0.0797544
 1.08272
 0.0435574
 0.807879
 0.0188676
 0.423485
 0.00686526
 0.172487
 0.00206449
 0.0552599
 0.
 0.
 0.
 0.
 0.0124388
 0.306576
 0.0410457
 0.898018
 0.106413
 1.84176
 0.210126
 2.21238
 0.27974
 0.409139
 0.24067
 -1.55324
 0.195627
 -1.91821
 0.093993
 -4.04794
 0.0400744
 -1.86337
 0.0400744
 -1.86337
 0.093993
 -4.04794
 0.195627
 -1.91821
 0.24067
 -1.55324
 0.27974
 0.409139
 0.210126
 2.21238
 0.106413
 1.84176
 0.0410457
 0.898018
 0.0124388
 0.306576
 0.
 0.
 0.
 0.
 0.0416199
 0.894049
 0.129115
 2.18395
 0.281757
 2.54866
 0.362331
 -1.91185
 0.101549
 -7.64172
 -0.178938
 -1.54746
 -0.188588
 -4.37295
 -0.536572
 1.38148
 -0.159835
 3.48729
 -0.159835
 3.48729
 -0.536572
 1.38148
 -0.188588
 -4.37295
 -0.178938
 -1.54746
 0.101549
 -7.64172
 0.362331
 -1.91185
 0.281757
 2.54866
 0.129115
 2.18395
 0.0416199
 0.894049
 0.
 0.
 0.
 0.
 0.0416199
 0.894049
 0.129115
 2.18395
 0.281757
 2.54866
 0.362331
 -1.91185
 0.101549
 -7.64172
 -0.178938
 -1.54746
 -0.188588
 -4.37295
 -0.536572
 1.38148
 -0.159835
 3.48729
 -0.159835
 3.48729
 -0.536572
 1.38148
 -0.188588
 -4.37295
 -0.178938
 -1.54746
 0.101549
 -7.64172
 0.362331
 -1.91185
 0.281757
 2.54866
 0.129115
 2.18395
 0.0416199
 0.894049
 0.
 0.
 0.
 0.
 0.0124388
 0.306576
 0.0410457
 0.898018
 0.106413
 1.84176
 0.210126
 2.21238
 0.27974
 0.409139
 0.24067
 -1.55324
 0.195627
 -1.91821
 0.093993
 -4.04794
 0.0400744
 -1.86337
 0.0400744
 -1.86337
 0.093993
 -4.04794
 0.195627
 -1.91821
 0.24067
 -1.55324
 0.27974
 0.409139
 0.210126
 2.21238
 0.106413
 1.84176
 0.0410457
 0.898018
 0.0124388
 0.306576
 0.
 0.
 0.
 0.
 0.00206449
 0.0552599
 0.00686526
 0.172487
 0.0188676
 0.423485
 0.0435574
 0.807879
 0.0797544
 1.08272
 0.112425
 0.997859
 0.133471
 0.848081
 0.145294
 0.509426
 0.140774
 0.310447
 0.140774
 0.310447
 0.145294
 0.509426
 0.133471
 0.848081
 0.112425
 0.997859
 0.0797544
 1.08272
 0.0435574
 0.807879
 0.0188676
 0.423485
 0.00686526
 0.172487
 0.00206449
 0.0552599
 0.
 0.
 0.
 0.
 0.
 0.
 0.
 0.
 0.
 0.
 0.
 0.
 0.
 0.
 0.
 0.
 0.
 0.
 0.
 0.
 0.
 0.
 0.
 0.
 0.
 0.
 0.
 0.
 0.
 0.
 0.
 0.
 0.
 0.
 0.
 0.
 0.
 0.
 0.
 0.
 0.
 0.
MFEM mesh v1.1

dimension
2

elements
133
1 3 0 1 21 20
1 3 1 2 22 21
1 3 2 3 23 22
1 3 3 4 24 23
1 3 4 5 25 24
1 3 5 6 26 25
1 3 6 7 27 26
1 3 7 8 28 27
1 3 8 9 29 28
1 3 9 10 30 29
1 3 10 11 31 30
1 3 11 12 32 31
1 3 12 13 33 32
1 3 13 14 34 33
1 3 14 15 35 34
1 3 15 16 36 35
1 3 16 17 37 36
1 3 17 18 38 37
1 3 18 19 39 38
1 3 20 21 41 40
1 3 21 22 42 41
1 3 22 23 43 42
1 3 23 24 44 43
1 3 24 25 45 44
1 3 25 26 46 45
1 3 26 27 47 46
1 3 27 28 48 47
1 3 28 29 49 48
1 3 29 30 50 49
1 3 30 31 51 50
1 3 31 32 52 51
1 3 32 33 53 52
1 3 33 34 54 53
1 3 34 35 55 54
1 3 35 36 56 55
1 3 36 37 57 56
1 3 37 38 58 57
1 3 38 39 59 58
1 3 40 41 61 60
1 3 41 42 62 61
1 3 42 43 63 62
1 3 43 44 64 63
1 3 44 45 65 64
1 3 45 46 66 65
1 3 46 47 67 66
1 3 47 48 68 67
1 3 48 49 69 68
1 3 49 50 70 69
1 3 50 51 71 70
1 3 51 52 72 71
1 3 52 53 73 72
1 3 53 54 74 73
1 3 54 55 75 74
1 3 55 56 76 75
1 3 56 57 77 76
1 3 57 58 78 77
1 3 58 59 79 78
1 3 60 61 81 80
1 3 61 62 82 81
1 3 62 63 83 82
1 3 63 64 84 83
1 3 64 65 85 84
1 3 65 66 86 85
1 3 66 67 87 86
1 3 67 68 88 87
1 3 68 69 89 88
1 3 69 70 90 89
1 3 70 71 91 90
1 3 71 72 92 91
1 3 72 73 93 92
1 3 73 74 94 93
1 3 74 75 95 94
1 3 75 76 96 95
1 3 76 77 97 96
1 3 77 78 98 97
1 3 78 79 99 98
1 3 80 81 101 100
1 3 81 82 102 101
1 3 82 83 103 102
1 3 83 84 104 103
1 3 84 85 105 104
1 3 85 86 106 105
1 3 86 87 107 106
1 3 87 88 108 107
1 3 88 89 109 108
1 3 89 90 110 109
1 3 90 91 111 110
1 3 91 92 112 111
1 3 92 93 113 112
1 3 93 94 114 113
1 3 94 95 115 114
1 3 95 96 116 115
1 3 96 97 117 116
1 3 97 98 118 117
1 3 98 99 119 118
1 3 100 101 121 120
1 3 101 102 122 121
1 3 102 103 123 122
1 3 103 104 124 123
1 3 104 105 125 124
1 3 105 106 126 125
1 3 106 107 127 126
1 3 107 108 128 127
1 3 108 109 129 128
1 3 109 110 130 129
1 3 110 111 131 130
1 3 111 112 132 131
1 3 112 113 133 132
1 3 113 114 134 133
1 3 114 115 135 134
1 3 115 116 136 135
1 3 116 117 137 136
1 3 117 118 138 137
1 3 118 119 139 138
1 3 120 121 141 140
1 3 121 122 142 141
1 3 122 123 143 142
1 3 123 124 144 143
1 3 124 125 145 144
1 3 125 126 146 145
1 3 126 127 147 146
1 3 127 128 148 147
1 3 128 129 149 148
1 3 129 130 150 149
1 3 130 131 151 150
1 3 131 132 152 151
1 3 132 133 153 152
1 3 133 134 154 153
1 3 134 135 155 154
1 3 135 136 156 155
1 3 136 137 157 156
1 3 137 138 158 157
1 3 138 139 159 158

boundary
0

vertices
160
2
 0. 0.
 0.0526316 0.
 0.105263 0.
 0.157895 0.
 0.210526 0.
 0.263158 0.
 0.315789 0.
 0.368421 0.
 0.421053 0.
 0.473684 0.
 0.526316 0.
 0.578947 0.
 0.631579 0.
 0.684211 0.
 0.736842 0.
 0.789474 0.
 0.842105 0.
 0.894737 0.
 0.947368 0.
 1. 0.
 0. 0.142857
 0.0526316 0.142857
 0.105263 0.142857
 0.157895 0.142857
 0.210526 0.142857
 0.263158 0.142857
 0.315789 0.142857
 0.368421 0.142857
 0.421053 0.142857
 0.473684 0.142857
 0.526316 0.142857
 0.578947 0.142857
 0.631579 0.142857
 0.684211 0.142857
 0.736842 0.142857
 0.789474 0.142857
 0.842105 0.142857
 0.894737 0.142857
 0.947368 0.142857
 1. 0.142857
 0. 0.285714
 0.0526316 0.285714
 0.105263 0.285714
 0.157895 0.285714
 0.210526 0.285714
 0.263158 0.285714
 0.315789 0.285714
 0.368421 0.285714
 0.421053 0.285714
 0.473684 0.285714
 0.526316 0.285714
 0.578947 0.285714
 0.631579 0.285714
 0.684211 0.285714
 0.736842 0.285714
 0.789474 0.285714
 0.842105 0.285714
 0.894737 0.285714
 0.947368 0.285714
 1. 0.285714
 0. 0.428571
 0.0526316 0.428571
 0.105263 0.428571
 0.157895 0.428571
 0.210526 0.428571
 0.263158 0.428571
 0.315789 0.428571
 0.368421 0.428571
 0.421053 0.428571
 0.473684 0.428571
 0.526316 0.428571
 0.578947 0.428571
 0.631579 0.428571
 0.684211 0.428571
 0.736842 0.428571
 0.789474 0.428571
 0.842105 0.428571
 0.894737 0.428571
 0.947368 0.428571
 1. 0.428571
 0. 0.571429
 0.0526316 0.571429
 0.105263 0.571429
 0.157895 0.571429
 0.210526 0.571429
 0.263158 0.571429
 0.315789 0.571429
 0.368421 0.571429
 0.421053 0.571429
 0.473684 0.571429
 0.526316 0.571429
 0.578947 0.571429
 0.631579 0.571429
 0.684211 0.571429
 0.736842 0.571429
 0.789474 0.571429
 0.842105 0.571429
 0.894737 0.571429
 0.947368 0.571429
 1. 0.571429
 0. 0.714286
 0.0526316 0.714286
 0.105263 0.714286
 0.157895 0.714286
 0.210526 0.714286
 0.263158 0.714286
 0.315789 0.714286
 0.368421 0.714286
 0.421053 0.714286
 0.473684 0.714286
 0.526316 0.714286
 0.578947 0.714286
 0.631579 0.714286
 0.684211 0.714286
 0.736842 0.714286
 0.789474 0.714286
 0.842105 0.714286
 0.894737 0.714286
 0.947368 0.714286
 1. 0.714286
 0. 0.857143
 0.0526316 0.857143
 0.105263 0.857143
 0.157895 0.857143
 0.210526 0.857143
 0.263158 0.857143
 0.315789 0.857143
 0.368421 0.857143
 0.421053 0.857143
 0.473684 0.857143
 0.526316 0.857143
 0.578947 0.857143
 0.631579 0.857143
 0.684211 0.857143
 0.736842 0.857143
 0.789474 0.857143
 0.842105 0.857143
 0.894737 0.857143
 0.947368 0.857143
 1. 0.857143
 0. 1.
 0.0526316 1.
 0.105263 1.
 0.157895 1.
 0.210526 1.
 0.263158 1.
 0.315789 1.
 0.368421 1.
 0.421053 1.
 0.473684 1.
 0.526316 1.
 0.578947 1.
 0.631579 1.
 0.684211 1.
 0.736842 1.
 0.789474 1.
 0.842105 1.
 0.894737 1.
 0.947368 1.
 1. 1.
FiniteElementSpace
FiniteElementCollection: H1_2D_P1
VDim: 0
Ordering: 1

