DM Object: 1 MPI processes
  type: plex
DM_0x84000000_0 in 2 dimensions:
  0-cells: 12
  1-cells: 21
  2-cells: 15 (6)
Labels:
  ghost: 0 strata of sizes ()
  vtk: 1 strata of sizes (9)
  Face Sets: 2 strata of sizes (3, 3)
  marker: 1 strata of sizes (12)
  depth: 3 strata of sizes (12, 21, 15)
  0  time        0  |x| (       0,    3.333)  
  1  time      0.1  |x| (       0,    2.756)  
  2  time      0.2  |x| (       0,    2.426)  
  3  time      0.3  |x| (       0,    2.179)  
  4  time      0.4  |x| (       0,    1.964)  
  5  time      0.5  |x| (       0,    1.781)  
  6  time      0.6  |x| (       0,    1.629)  
  7  time      0.7  |x| (       0,    1.503)  
  8  time      0.8  |x| (       0,      1.4)  
  9  time      0.9  |x| (       0,    1.369)  
 10  time        1  |x| (       0,    1.355)  
 11  time      1.1  |x| (       0,    1.346)  
 12  time      1.2  |x| (       0,    1.341)  
 13  time      1.3  |x| (       0,    1.338)  
 14  time      1.4  |x| (       0,    1.336)  
 15  time      1.5  |x| (       0,    1.335)  
 16  time      1.6  |x| (       0,    1.334)  
 17  time      1.7  |x| (       0,    1.334)  
 18  time      1.8  |x| (       0,    1.334)  
 19  time      1.9  |x| (       0,    1.334)  
 20  time        2  |x| (       0,    1.333)  
TS Object: 1 MPI processes
  type: ssp
  maximum steps=1000
  maximum time=2
  total number of nonlinear solver iterations=0
  total number of nonlinear solve failures=0
  total number of linear solver iterations=0
  total number of rejected steps=0
CONVERGED_TIME at time 2 after 20 steps
WARNING! There are options you set that were not used!
WARNING! could be spelling mistake, etc!
Option left: name:-ksp_max_it value: 100
Option left: name:-mat_coloring_type value: greedy
Option left: name:-snes_converged_reason (no value)
Option left: name:-snes_fd_color (no value)
Option left: name:-snes_fd_color_use_mat (no value)