  0 t=0.0000e+00  dt=1.0000e-03  f=1.3005e+05  df=7.5724e+04  it=( 0,  0)
  1 t=1.1000e-03  dt=1.1000e-03  f=2.5171e+04  df=2.2682e+04  it=( 1,  1)
  2 t=5.1395e-03  dt=4.0395e-03  f=5.1544e+03  df=6.4931e+03  it=( 1,  1)
  3 t=2.0662e-02  dt=1.5522e-02  f=1.4503e+03  df=1.9136e+03  it=( 1,  1)
  4 t=7.8599e-02  dt=5.7937e-02  f=3.9870e+02  df=8.6647e+02  it=( 1,  1)
  5 t=2.1935e-01  dt=1.4075e-01  f=1.0684e+02  df=3.5575e+02  it=( 1,  1)
  6 t=5.9643e-01  dt=3.7708e-01  f=2.1623e+01  df=1.2033e+02  it=( 1,  1)
  7 t=1.8228e+00  dt=1.2263e+00  f=3.3371e+00  df=2.8792e+01  it=( 1,  1)
  8 t=7.4605e+00  dt=5.6377e+00  f=1.5590e+00  df=3.9215e+00  it=( 1,  1)
  9 t=5.2992e+01  dt=4.5531e+01  f=3.5940e+00  df=5.1817e+01  it=( 1,  1)
 10 t=5.6782e+01  dt=3.7904e+00  f=5.9083e-01  df=4.9688e+00  it=( 1,  1)
 11 t=1.0026e+02  dt=4.3481e+01  f=3.6244e-01  df=4.6712e+00  it=( 1,  1)
 12 t=1.5114e+02  dt=5.0877e+01  f=2.0337e-01  df=3.1246e+00  it=( 1,  1)
 13 t=2.3480e+02  dt=8.3664e+01  f=1.0774e-01  df=4.0511e+00  it=( 1,  1)
 14 t=3.0579e+02  dt=7.0983e+01  f=4.6297e-02  df=1.7021e+00  it=( 1,  1)
 15 t=4.9162e+02  dt=1.8584e+02  f=1.8110e-02  df=2.9863e+00  it=( 1,  1)
 16 t=6.0814e+02  dt=1.1652e+02  f=3.9057e-03  df=4.6277e-01  it=( 1,  1)
 17 t=1.4352e+03  dt=8.2707e+02  f=5.2391e-04  df=7.5133e-01  it=( 1,  1)
 18 t=1.9956e+03  dt=5.6036e+02  f=9.2844e-06  df=2.2749e-02  it=( 1,  1)
 19 t=2.2353e+04  dt=2.0358e+04  f=6.2236e-09  df=2.8016e-03  it=( 1,  1)
 20 t=2.0419e+05  dt=1.8184e+05  f=1.7610e-15  df=3.2604e-07  it=( 1,  1)
 21 t=1.7189e+09  dt=1.7187e+09  f=2.3421e-28  df=5.4169e-13  it=( 1,  1)
Time integrator took (21,21,21) iterations to reach final time 1.71893e+09
