13x13 grid, lid velocity = 100, prandtl # = 1, grashof # = 1000
0 TS dt 0.0384615 time 0
    0 SNES Function norm 1.865784091741e+03 
    1 SNES Function norm 5.906760441477e+00 
    2 SNES Function norm 7.049628655953e-04 
    3 SNES Function norm 9.559051394380e-10 
1 TS dt 0.0384615 time 0.0384615
    0 SNES Function norm 5.963780772811e+01 
    1 SNES Function norm 9.752226170886e-03 
    2 SNES Function norm 7.846960370217e-08 
2 TS dt 0.0384615 time 0.0769231
    0 SNES Function norm 5.510029533250e+01 
    1 SNES Function norm 6.871660256505e-03 
    2 SNES Function norm 4.252786396242e-08 
3 TS dt 0.0384615 time 0.115385
    0 SNES Function norm 5.109519019194e+01 
    1 SNES Function norm 6.936799135200e-04 
    2 SNES Function norm 1.967166947259e-09 
4 TS dt 0.0384615 time 0.153846
    0 SNES Function norm 4.752462011066e+01 
    1 SNES Function norm 6.001006589723e-04 
    2 SNES Function norm 1.977520125280e-09 
5 TS dt 0.0384615 time 0.192308
    0 SNES Function norm 4.431730706373e+01 
    1 SNES Function norm 1.805577368954e-03 
    2 SNES Function norm 1.147909493613e-08 
6 TS dt 0.0384615 time 0.230769
    0 SNES Function norm 4.141898647333e+01 
    1 SNES Function norm 4.961387713099e-04 
    2 SNES Function norm 2.891492969211e-09 
7 TS dt 0.0384615 time 0.269231
    0 SNES Function norm 3.881520491165e+01 
    1 SNES Function norm 5.678236543926e-04 
    2 SNES Function norm 5.485742218241e-09 
8 TS dt 0.0384615 time 0.307692
    0 SNES Function norm 3.644263293057e+01 
    1 SNES Function norm 2.492702886092e-04 
    2 SNES Function norm 1.937926315072e-09 
9 TS dt 0.0384615 time 0.346154
    0 SNES Function norm 3.427215165485e+01 
    1 SNES Function norm 1.272918160009e-03 
    2 SNES Function norm 7.899698318141e-09 
10 TS dt 0.0384615 time 0.384615
-1 TS dt 0.0384615 time 0.384615
CONVERGED_ITS at time 0.384615 after 10 steps
