13x13 grid, lid velocity = 100, prandtl # = 1, grashof # = 1000
0 TS dt 0.0384615 time 0
    0 SNES Function norm 3.403457981901e+02 
    1 SNES Function norm 6.759331414429e+01 
    2 SNES Function norm 3.375682391989e+00 
    3 SNES Function norm 2.584011378981e-01 
    4 SNES Function norm 5.063306218220e-03 
    5 SNES Function norm 1.115290345668e-04 
    6 SNES Function norm 1.461302564557e-06 
1 TS dt 0.0384615 time 0.0384615
    0 SNES Function norm 1.566722985786e+03 
    1 SNES Function norm 1.647603096167e+00 
    2 SNES Function norm 7.147989773732e-02 
    3 SNES Function norm 5.552304214332e-03 
    4 SNES Function norm 1.636464698303e-04 
    5 SNES Function norm 3.827886199244e-06 
2 TS dt 0.0384615 time 0.0769231
    0 SNES Function norm 1.438581841333e+03 
    1 SNES Function norm 1.530781745074e+00 
    2 SNES Function norm 6.682999171426e-02 
    3 SNES Function norm 5.182596372850e-03 
    4 SNES Function norm 1.501050911197e-04 
    5 SNES Function norm 3.704218620559e-06 
3 TS dt 0.0384615 time 0.115385
    0 SNES Function norm 1.328267345092e+03 
    1 SNES Function norm 1.414628167646e+00 
    2 SNES Function norm 6.220723008694e-02 
    3 SNES Function norm 4.835824639573e-03 
    4 SNES Function norm 1.344131740511e-04 
    5 SNES Function norm 3.566703316678e-06 
4 TS dt 0.0384615 time 0.153846
    0 SNES Function norm 1.231743365006e+03 
    1 SNES Function norm 1.306145814324e+00 
    2 SNES Function norm 5.778027701991e-02 
    3 SNES Function norm 4.506494362444e-03 
    4 SNES Function norm 1.203781023109e-04 
    5 SNES Function norm 3.436670255439e-06 
5 TS dt 0.0384615 time 0.192308
    0 SNES Function norm 1.146374141781e+03 
    1 SNES Function norm 1.205363114592e+00 
    2 SNES Function norm 5.356861934549e-02 
    3 SNES Function norm 4.196038702620e-03 
    4 SNES Function norm 1.081564150906e-04 
    5 SNES Function norm 3.302328756509e-06 
6 TS dt 0.0384615 time 0.230769
    0 SNES Function norm 1.070232351264e+03 
    1 SNES Function norm 1.111928571853e+00 
    2 SNES Function norm 4.957869045806e-02 
    3 SNES Function norm 3.904023811868e-03 
    4 SNES Function norm 9.778479956472e-05 
    5 SNES Function norm 3.153838073848e-06 
7 TS dt 0.0384615 time 0.269231
    0 SNES Function norm 1.001836286989e+03 
    1 SNES Function norm 1.027628037377e+00 
    2 SNES Function norm 4.592972333617e-02 
    3 SNES Function norm 3.634835640495e-03 
    4 SNES Function norm 8.994556999764e-05 
    5 SNES Function norm 2.995037421638e-06 
8 TS dt 0.0384615 time 0.307692
    0 SNES Function norm 9.407142262729e+02 
    1 SNES Function norm 9.498677932726e-01 
    2 SNES Function norm 4.251669612549e-02 
    3 SNES Function norm 3.383517505107e-03 
    4 SNES Function norm 8.364210893792e-05 
    5 SNES Function norm 2.824223575173e-06 
9 TS dt 0.0384615 time 0.346154
    0 SNES Function norm 8.852259165976e+02 
    1 SNES Function norm 8.781752188766e-01 
    2 SNES Function norm 3.933932100301e-02 
    3 SNES Function norm 3.149651285609e-03 
    4 SNES Function norm 7.859902339510e-05 
    5 SNES Function norm 2.649010319891e-06 
10 TS dt 0.0384615 time 0.384615
CONVERGED_ITS at time 0.384615 after 10 steps
