20x20 grid, lid velocity = 100, prandtl # = 1, grashof # = 1000
0 TS dt 0.025 time 0
1 TS dt 0.0148985 time 0.025
2 TS dt 0.0212863 time 0.0398985
3 TS dt 0.0411675 time 0.0611848
4 TS dt 0.0805966 time 0.102352
5 TS dt 0.133104 time 0.182949
6 TS dt 0.147064 time 0.316053
7 TS dt 0.169354 time 0.463117
8 TS dt 0.181991 time 0.63247
9 TS dt 0.201846 time 0.814461
10 TS dt 0.258865 time 1.01631
11 TS dt 0.302542 time 1.27517
12 TS dt 0.333252 time 1.57771
13 TS dt 0.390927 time 1.91097
14 TS dt 0.479726 time 2.30189
15 TS dt 0.558618 time 2.78162
16 TS dt 0.759764 time 3.34024
17 TS dt 0.826915 time 4.1
18 TS dt 1.04653 time 4.92692
19 TS dt 1.45779 time 5.97345
20 TS dt 1.74392 time 7.43123
21 TS dt 2.32937 time 9.17516
22 TS dt 3.94288 time 11.5045
23 TS dt 8.5092 time 15.4474
24 TS dt 14.8354 time 23.9566
25 TS dt 17.3003 time 38.792
26 TS dt 28.6827 time 56.0923
27 TS dt 58.6361 time 84.775
28 TS dt 166.604 time 143.411
29 TS dt 1390.14 time 310.015
30 TS dt 13901.4 time 1700.15
31 TS dt 139014 time 15601.5
32 TS dt 1.39014e+06 time 154615
33 TS dt 1.39014e+07 time 1.54475e+06
34 TS dt 1.39014e+08 time 1.54461e+07
35 TS dt 1.39014e+09 time 1.5446e+08
36 TS dt 1.39014e+10 time 1.5446e+09
37 TS dt 1.39014e+11 time 1.5446e+10
38 TS dt 1.39014e+12 time 1.5446e+11
39 TS dt 1.39014e+13 time 1.5446e+12
CONVERGED_TIME at time 1.5446e+12 after 39 steps
