DM Object: Mesh 1 MPI processes
  type: plex
Mesh 'Mesh':
orientation is missing
cap --> base:
[0] Max sizes cone: 3 support: 6
[0]: 8 ----> 17
[0]: 8 ----> 19
[0]: 9 ----> 17
[0]: 9 ----> 18
[0]: 9 ----> 23
[0]: 9 ----> 27
[0]: 10 ----> 24
[0]: 10 ----> 25
[0]: 10 ----> 27
[0]: 11 ----> 18
[0]: 11 ----> 19
[0]: 11 ----> 21
[0]: 11 ----> 22
[0]: 12 ----> 20
[0]: 12 ----> 22
[0]: 12 ----> 23
[0]: 12 ----> 24
[0]: 12 ----> 26
[0]: 12 ----> 31
[0]: 13 ----> 25
[0]: 13 ----> 26
[0]: 13 ----> 28
[0]: 13 ----> 29
[0]: 14 ----> 20
[0]: 14 ----> 21
[0]: 14 ----> 32
[0]: 15 ----> 28
[0]: 15 ----> 30
[0]: 15 ----> 31
[0]: 15 ----> 32
[0]: 16 ----> 29
[0]: 16 ----> 30
[0]: 17 ----> 0
[0]: 18 ----> 0
[0]: 18 ----> 2
[0]: 19 ----> 0
[0]: 20 ----> 1
[0]: 20 ----> 7
[0]: 21 ----> 1
[0]: 22 ----> 1
[0]: 22 ----> 2
[0]: 23 ----> 2
[0]: 23 ----> 4
[0]: 24 ----> 3
[0]: 24 ----> 4
[0]: 25 ----> 3
[0]: 26 ----> 3
[0]: 26 ----> 6
[0]: 27 ----> 4
[0]: 28 ----> 5
[0]: 28 ----> 6
[0]: 29 ----> 5
[0]: 30 ----> 5
[0]: 31 ----> 6
[0]: 31 ----> 7
[0]: 32 ----> 7
base <-- cap:
[0]: 0 <---- 17 (0)
[0]: 0 <---- 18 (0)
[0]: 0 <---- 19 (0)
[0]: 1 <---- 20 (0)
[0]: 1 <---- 21 (0)
[0]: 1 <---- 22 (0)
[0]: 2 <---- 18 (-2)
[0]: 2 <---- 23 (0)
[0]: 2 <---- 22 (-2)
[0]: 3 <---- 24 (0)
[0]: 3 <---- 25 (0)
[0]: 3 <---- 26 (0)
[0]: 4 <---- 24 (-2)
[0]: 4 <---- 23 (-2)
[0]: 4 <---- 27 (0)
[0]: 5 <---- 28 (0)
[0]: 5 <---- 29 (0)
[0]: 5 <---- 30 (0)
[0]: 6 <---- 28 (-2)
[0]: 6 <---- 31 (0)
[0]: 6 <---- 26 (-2)
[0]: 7 <---- 31 (-2)
[0]: 7 <---- 32 (0)
[0]: 7 <---- 20 (-2)
[0]: 17 <---- 8 (0)
[0]: 17 <---- 9 (0)
[0]: 18 <---- 9 (0)
[0]: 18 <---- 11 (0)
[0]: 19 <---- 11 (0)
[0]: 19 <---- 8 (0)
[0]: 20 <---- 12 (0)
[0]: 20 <---- 14 (0)
[0]: 21 <---- 14 (0)
[0]: 21 <---- 11 (0)
[0]: 22 <---- 11 (0)
[0]: 22 <---- 12 (0)
[0]: 23 <---- 9 (0)
[0]: 23 <---- 12 (0)
[0]: 24 <---- 12 (0)
[0]: 24 <---- 10 (0)
[0]: 25 <---- 10 (0)
[0]: 25 <---- 13 (0)
[0]: 26 <---- 13 (0)
[0]: 26 <---- 12 (0)
[0]: 27 <---- 9 (0)
[0]: 27 <---- 10 (0)
[0]: 28 <---- 15 (0)
[0]: 28 <---- 13 (0)
[0]: 29 <---- 13 (0)
[0]: 29 <---- 16 (0)
[0]: 30 <---- 16 (0)
[0]: 30 <---- 15 (0)
[0]: 31 <---- 15 (0)
[0]: 31 <---- 12 (0)
[0]: 32 <---- 15 (0)
[0]: 32 <---- 14 (0)
coordinates with 1 fields
  field 0 with 2 components
Process 0:
  (   8) dim  2 offset   0 0. 0.
  (   9) dim  2 offset   2 0.5 0.
  (  10) dim  2 offset   4 1. 0.
  (  11) dim  2 offset   6 0. 0.5
  (  12) dim  2 offset   8 0.5 0.5
  (  13) dim  2 offset  10 1. 0.5
  (  14) dim  2 offset  12 0. 1.
  (  15) dim  2 offset  14 0.5 1.
  (  16) dim  2 offset  16 1. 1.
Label 'marker':
[0]: 8 (1)
[0]: 9 (1)
[0]: 10 (1)
[0]: 11 (1)
[0]: 13 (1)
[0]: 14 (1)
[0]: 15 (1)
[0]: 16 (1)
[0]: 17 (1)
[0]: 19 (1)
[0]: 21 (1)
[0]: 25 (1)
[0]: 27 (1)
[0]: 29 (1)
[0]: 30 (1)
[0]: 32 (1)
Jacobian:
Mat Object: (M_) 1 MPI processes
  type: seqaij
row 0: (0, 0.0138889)  (1, 0.0138889)  (3, 0.0138889) 
row 1: (0, 0.0138889)  (1, 0.0416667)  (2, 0.0138889)  (3, 0.0277778)  (4, 0.0277778) 
row 2: (1, 0.0138889)  (2, 0.0277778)  (4, 0.0277778)  (5, 0.0138889) 
row 3: (0, 0.0138889)  (1, 0.0277778)  (3, 0.0416667)  (4, 0.0277778)  (6, 0.0138889) 
row 4: (1, 0.0277778)  (2, 0.0277778)  (3, 0.0277778)  (4, 0.0833333)  (5, 0.0277778)  (6, 0.0277778)  (7, 0.0277778) 
row 5: (2, 0.0138889)  (4, 0.0277778)  (5, 0.0416667)  (7, 0.0277778)  (8, 0.0138889) 
row 6: (3, 0.0138889)  (4, 0.0277778)  (6, 0.0277778)  (7, 0.0138889) 
row 7: (4, 0.0277778)  (5, 0.0277778)  (6, 0.0138889)  (7, 0.0416667)  (8, 0.0138889) 
row 8: (5, 0.0138889)  (7, 0.0138889)  (8, 0.0138889) 
Z:
Vec Object: 1 MPI processes
  type: seq
0.0416667
0.125
0.0833333
0.125
0.25
0.125
0.0833333
0.125
0.0416667
Residual:
Vec Object: 1 MPI processes
  type: seq
0.0833333
0.25
-0.333333
0.25
0.5
-0.75
-0.333333
-0.75
-0.916667
Residual:
Vec Object: 1 MPI processes
  type: seq
0.0833334
0.25
-0.333333
0.25
0.5
-0.75
-0.333333
-0.75
-0.916667
Residual:
Vec Object: 1 MPI processes
  type: seq
0.0833333
0.25
-0.333333
0.25
0.5
-0.75
-0.333333
-0.75
-0.916667
Residual:
Vec Object: 1 MPI processes
  type: seq
0.0833333
0.25
-0.333333
0.25
0.5
-0.75
-0.333333
-0.75
-0.916667
Residual:
Vec Object: 1 MPI processes
  type: seq
0.0833333
0.25
-0.333333
0.25
0.5
-0.75
-0.333333
-0.75
-0.916667
Residual:
Vec Object: 1 MPI processes
  type: seq
0.0833333
0.25
-0.333333
0.25
0.5
-0.75
-0.333333
-0.75
-0.916667
Residual:
Vec Object: 1 MPI processes
  type: seq
0.0833333
0.25
-0.333333
0.25
0.5
-0.75
-0.333333
-0.75
-0.916667
Residual:
Vec Object: 1 MPI processes
  type: seq
0.0833333
0.25
-0.333333
0.25
0.5
-0.75
-0.333333
-0.75
-0.916667
Residual:
Vec Object: 1 MPI processes
  type: seq
0.0833333
0.25
-0.333333
0.25
0.5
-0.75
-0.333333
-0.75
-0.916667
Residual:
Vec Object: 1 MPI processes
  type: seq
-7.17267e-08
-2.14806e-07
1.41595e-06
-5.25915e-06
-4.3084e-07
6.61259e-06
-2.43305e-06
6.46045e-07
7.89437e-07
Residual:
Vec Object: 1 MPI processes
  type: seq
-2.88682e-08
-1.98859e-07
1.41595e-06
-5.2432e-06
-4.3084e-07
6.62854e-06
-2.43305e-06
6.61993e-07
8.32296e-07
Residual:
Vec Object: 1 MPI processes
  type: seq
-7.17267e-08
-1.82911e-07
1.46579e-06
-5.22725e-06
-2.0957e-07
6.64449e-06
-2.38321e-06
6.7794e-07
7.89437e-07
Residual:
Vec Object: 1 MPI processes
  type: seq
-7.17267e-08
-2.14806e-07
1.41595e-06
-5.25915e-06
-3.98945e-07
6.66243e-06
-2.4171e-06
7.5668e-07
8.05384e-07
Residual:
Vec Object: 1 MPI processes
  type: seq
-5.57794e-08
-1.64971e-07
1.41595e-06
-5.14851e-06
-3.98945e-07
6.61259e-06
-2.4171e-06
6.46045e-07
7.89437e-07
Residual:
Vec Object: 1 MPI processes
  type: seq
-7.17267e-08
-2.14806e-07
1.41595e-06
-5.2432e-06
-3.81004e-07
6.61259e-06
-2.36527e-06
6.61993e-07
7.89437e-07
Residual:
Vec Object: 1 MPI processes
  type: seq
-7.17267e-08
-2.14806e-07
1.4319e-06
-5.25915e-06
-3.98945e-07
6.72323e-06
-2.43305e-06
6.95881e-07
8.05384e-07
Residual:
Vec Object: 1 MPI processes
  type: seq
-5.57794e-08
-1.04171e-07
1.4319e-06
-5.20931e-06
-3.98945e-07
6.61259e-06
-2.43305e-06
6.46045e-07
7.89437e-07
Residual:
Vec Object: 1 MPI processes
  type: seq
-7.17267e-08
-1.98859e-07
1.48373e-06
-5.25915e-06
-3.81004e-07
6.62854e-06
-2.43305e-06
6.46045e-07
7.89437e-07
Residual:
Vec Object: 1 MPI processes
  type: seq
0.
0.
0.
0.
0.
0.
0.
0.
0.
L_2 Error: 0.727173