nb_cells: 50
alpha:    10
beta:      1
rho_a:     1
mu_a:      2
D_a:       0
rho_h:     2
mu_h:      3
D_h:      30
 ** Domain Error at time     0
 ** Domain Error at time     0
 ** Domain Error at time     0
 ** Domain Error at time     0
 ** Domain Error at time     0
 ** Domain Error at time     0
 ** Domain Error at time     0
 ** Domain Error at time     0
 ** Domain Error at time     0
 ** Domain Error at time     0
 ** Domain Error at time     0
 ** Domain Error at time 0.1558
 ** Domain Error at time 1.1442
 ** Domain Error at time 1.1442
Number of time steps = 11, final time: 2.07e+16
Result:

Activator,Inhibitor
5.811661e-01,1.980634e+01
5.724835e-01,2.160772e+01
5.592481e-01,2.539397e+01
5.457542e-01,3.154869e+01
7.804239e+00,4.069233e+01
5.426282e-01,3.353649e+01
5.493629e-01,2.956948e+01
5.517959e-01,2.839215e+01
5.487479e-01,2.988588e+01
5.416767e-01,3.420116e+01
8.021176e+00,4.177208e+01
5.449929e-01,3.200712e+01
5.595826e-01,2.527720e+01
5.756395e-01,2.090395e+01
5.893018e-01,1.844398e+01
5.949020e-01,1.764599e+01
5.894076e-01,1.842796e+01
3.798253e+00,2.087025e+01
5.774633e-01,2.052400e+01
5.706247e-01,2.205232e+01
4.763498e+00,2.561068e+01
5.631828e-01,2.409979e+01
5.609104e-01,2.482650e+01
5.219895e+00,2.786431e+01
5.617878e-01,2.453945e+01
5.652038e-01,2.349668e+01
5.615070e-01,2.463041e+01
5.525370e-01,2.805543e+01
5.417940e-01,3.411755e+01
8.353551e+00,4.342692e+01
5.423153e-01,3.375171e+01
5.543115e-01,2.728696e+01
5.656037e-01,2.338183e+01
5.723385e-01,2.164157e+01
5.712935e-01,2.188961e+01
5.630165e-01,2.415116e+01
5.512309e-01,2.865549e+01
5.394820e-01,3.585742e+01
8.966756e+00,4.648142e+01
5.407401e-01,3.488598e+01
5.559655e-01,2.661501e+01
5.759600e-01,2.083583e+01
6.003093e-01,1.696300e+01
6.253386e-01,1.459968e+01
6.422374e-01,1.349931e+01
6.414427e-01,1.354471e+01
6.234764e-01,1.474077e+01
5.982438e-01,1.721467e+01
5.741698e-01,2.122406e+01
5.081292e+00,2.717931e+01
