0 TS dt 0.1 time 0.
    0 SNES Function norm 1.70916 
      0 KSP Residual norm 3.01428 
      1 KSP Residual norm < 1.e-11
    Linear solve converged due to CONVERGED_RTOL iterations 1
    1 SNES Function norm < 1.e-11
  Nonlinear solve converged due to CONVERGED_FNORM_RELATIVE iterations 1
1 TS dt 0.1 time 0.1
    0 SNES Function norm 1.69904 
      0 KSP Residual norm 3.00349 
      1 KSP Residual norm < 1.e-11
    Linear solve converged due to CONVERGED_RTOL iterations 1
    1 SNES Function norm < 1.e-11
  Nonlinear solve converged due to CONVERGED_FNORM_RELATIVE iterations 1
2 TS dt 0.1 time 0.2
    0 SNES Function norm 1.69879 
      0 KSP Residual norm 3.00109 
      1 KSP Residual norm < 1.e-11
    Linear solve converged due to CONVERGED_RTOL iterations 1
    1 SNES Function norm < 1.e-11
  Nonlinear solve converged due to CONVERGED_FNORM_RELATIVE iterations 1
3 TS dt 0.1 time 0.3
    0 SNES Function norm 1.69876 
      0 KSP Residual norm 3.00036 
      1 KSP Residual norm < 1.e-11
    Linear solve converged due to CONVERGED_RTOL iterations 1
    1 SNES Function norm < 1.e-11
  Nonlinear solve converged due to CONVERGED_FNORM_RELATIVE iterations 1
4 TS dt 0.1 time 0.4
    0 SNES Function norm 1.69876 
      0 KSP Residual norm 3.00012 
      1 KSP Residual norm < 1.e-11
    Linear solve converged due to CONVERGED_RTOL iterations 1
    1 SNES Function norm < 1.e-11
  Nonlinear solve converged due to CONVERGED_FNORM_RELATIVE iterations 1
5 TS dt 0.1 time 0.5
    0 SNES Function norm 1.69876 
      0 KSP Residual norm 3.00004 
      1 KSP Residual norm < 1.e-11
    Linear solve converged due to CONVERGED_RTOL iterations 1
    1 SNES Function norm < 1.e-11
  Nonlinear solve converged due to CONVERGED_FNORM_RELATIVE iterations 1
6 TS dt 0.1 time 0.6
    0 SNES Function norm 1.69875 
      0 KSP Residual norm 3.00001 
      1 KSP Residual norm < 1.e-11
    Linear solve converged due to CONVERGED_RTOL iterations 1
    1 SNES Function norm < 1.e-11
  Nonlinear solve converged due to CONVERGED_FNORM_RELATIVE iterations 1
7 TS dt 0.1 time 0.7
    0 SNES Function norm 1.69875 
      0 KSP Residual norm 3. 
      1 KSP Residual norm < 1.e-11
    Linear solve converged due to CONVERGED_RTOL iterations 1
    1 SNES Function norm < 1.e-11
  Nonlinear solve converged due to CONVERGED_FNORM_RELATIVE iterations 1
8 TS dt 0.1 time 0.8
    0 SNES Function norm 1.69875 
      0 KSP Residual norm 3. 
      1 KSP Residual norm < 1.e-11
    Linear solve converged due to CONVERGED_RTOL iterations 1
    1 SNES Function norm < 1.e-11
  Nonlinear solve converged due to CONVERGED_FNORM_RELATIVE iterations 1
9 TS dt 0.1 time 0.9
    0 SNES Function norm 1.69875 
      0 KSP Residual norm 3. 
      1 KSP Residual norm < 1.e-11
    Linear solve converged due to CONVERGED_RTOL iterations 1
    1 SNES Function norm < 1.e-11
  Nonlinear solve converged due to CONVERGED_FNORM_RELATIVE iterations 1
10 TS dt 0.1 time 1.
L_2 Error: 0.00247031
