0 TS dt 0.1 time 0.
    0 SNES Function norm 1.70572 
      0 KSP Residual norm 1.57994 
      1 KSP Residual norm < 1.e-11
    Linear solve converged due to CONVERGED_RTOL iterations 1
    1 SNES Function norm < 1.e-11
  Nonlinear solve converged due to CONVERGED_FNORM_RELATIVE iterations 1
1 TS dt 0.1 time 0.1
    0 SNES Function norm 1.63623 
      0 KSP Residual norm 1.56538 
      1 KSP Residual norm < 1.e-11
    Linear solve converged due to CONVERGED_RTOL iterations 1
    1 SNES Function norm < 1.e-11
  Nonlinear solve converged due to CONVERGED_FNORM_RELATIVE iterations 1
2 TS dt 0.1 time 0.2
    0 SNES Function norm 1.62961 
      0 KSP Residual norm 1.56057 
      1 KSP Residual norm < 1.e-11
    Linear solve converged due to CONVERGED_RTOL iterations 1
    1 SNES Function norm < 1.e-11
  Nonlinear solve converged due to CONVERGED_FNORM_RELATIVE iterations 1
3 TS dt 0.1 time 0.3
    0 SNES Function norm 1.62859 
      0 KSP Residual norm 1.55928 
      1 KSP Residual norm < 1.e-11
    Linear solve converged due to CONVERGED_RTOL iterations 1
    1 SNES Function norm < 1.e-11
  Nonlinear solve converged due to CONVERGED_FNORM_RELATIVE iterations 1
4 TS dt 0.1 time 0.4
    0 SNES Function norm 1.62837 
      0 KSP Residual norm 1.55896 
      1 KSP Residual norm < 1.e-11
    Linear solve converged due to CONVERGED_RTOL iterations 1
    1 SNES Function norm < 1.e-11
  Nonlinear solve converged due to CONVERGED_FNORM_RELATIVE iterations 1
5 TS dt 0.1 time 0.5
    0 SNES Function norm 1.62831 
      0 KSP Residual norm 1.55887 
      1 KSP Residual norm < 1.e-11
    Linear solve converged due to CONVERGED_RTOL iterations 1
    1 SNES Function norm < 1.e-11
  Nonlinear solve converged due to CONVERGED_FNORM_RELATIVE iterations 1
6 TS dt 0.1 time 0.6
    0 SNES Function norm 1.6283 
      0 KSP Residual norm 1.55885 
      1 KSP Residual norm < 1.e-11
    Linear solve converged due to CONVERGED_RTOL iterations 1
    1 SNES Function norm < 1.e-11
  Nonlinear solve converged due to CONVERGED_FNORM_RELATIVE iterations 1
7 TS dt 0.1 time 0.7
    0 SNES Function norm 1.6283 
      0 KSP Residual norm 1.55885 
      1 KSP Residual norm < 1.e-11
    Linear solve converged due to CONVERGED_RTOL iterations 1
    1 SNES Function norm < 1.e-11
  Nonlinear solve converged due to CONVERGED_FNORM_RELATIVE iterations 1
8 TS dt 0.1 time 0.8
    0 SNES Function norm 1.6283 
      0 KSP Residual norm 1.55885 
      1 KSP Residual norm < 1.e-11
    Linear solve converged due to CONVERGED_RTOL iterations 1
    1 SNES Function norm < 1.e-11
  Nonlinear solve converged due to CONVERGED_FNORM_RELATIVE iterations 1
9 TS dt 0.1 time 0.9
    0 SNES Function norm 1.6283 
      0 KSP Residual norm 1.55885 
      1 KSP Residual norm < 1.e-11
    Linear solve converged due to CONVERGED_RTOL iterations 1
    1 SNES Function norm < 1.e-11
  Nonlinear solve converged due to CONVERGED_FNORM_RELATIVE iterations 1
10 TS dt 0.1 time 1.
L_2 Error: 0.00655116
