0 TS dt 0.1 time 0.
    0 SNES Function norm 1.275 
      0 KSP Residual norm 1.42653 
      1 KSP Residual norm < 1.e-11
    Linear solve converged due to CONVERGED_RTOL iterations 1
    1 SNES Function norm < 1.e-11
  Nonlinear solve converged due to CONVERGED_FNORM_RELATIVE iterations 1
1 TS dt 0.1 time 0.1
    0 SNES Function norm 1.24804 
      0 KSP Residual norm 1.40715 
      1 KSP Residual norm < 1.e-11
    Linear solve converged due to CONVERGED_RTOL iterations 1
    1 SNES Function norm < 1.e-11
  Nonlinear solve converged due to CONVERGED_FNORM_RELATIVE iterations 1
2 TS dt 0.1 time 0.2
    0 SNES Function norm 1.24578 
      0 KSP Residual norm 1.40227 
      1 KSP Residual norm < 1.e-11
    Linear solve converged due to CONVERGED_RTOL iterations 1
    1 SNES Function norm < 1.e-11
  Nonlinear solve converged due to CONVERGED_FNORM_RELATIVE iterations 1
3 TS dt 0.1 time 0.3
    0 SNES Function norm 1.24537 
      0 KSP Residual norm 1.40075 
      1 KSP Residual norm < 1.e-11
    Linear solve converged due to CONVERGED_RTOL iterations 1
    1 SNES Function norm < 1.e-11
  Nonlinear solve converged due to CONVERGED_FNORM_RELATIVE iterations 1
4 TS dt 0.1 time 0.4
    0 SNES Function norm 1.24525 
      0 KSP Residual norm 1.40025 
      1 KSP Residual norm < 1.e-11
    Linear solve converged due to CONVERGED_RTOL iterations 1
    1 SNES Function norm < 1.e-11
  Nonlinear solve converged due to CONVERGED_FNORM_RELATIVE iterations 1
5 TS dt 0.1 time 0.5
    0 SNES Function norm 1.24521 
      0 KSP Residual norm 1.40008 
      1 KSP Residual norm < 1.e-11
    Linear solve converged due to CONVERGED_RTOL iterations 1
    1 SNES Function norm < 1.e-11
  Nonlinear solve converged due to CONVERGED_FNORM_RELATIVE iterations 1
6 TS dt 0.1 time 0.6
    0 SNES Function norm 1.2452 
      0 KSP Residual norm 1.40003 
      1 KSP Residual norm < 1.e-11
    Linear solve converged due to CONVERGED_RTOL iterations 1
    1 SNES Function norm < 1.e-11
  Nonlinear solve converged due to CONVERGED_FNORM_RELATIVE iterations 1
7 TS dt 0.1 time 0.7
    0 SNES Function norm 1.2452 
      0 KSP Residual norm 1.40001 
      1 KSP Residual norm < 1.e-11
    Linear solve converged due to CONVERGED_RTOL iterations 1
    1 SNES Function norm < 1.e-11
  Nonlinear solve converged due to CONVERGED_FNORM_RELATIVE iterations 1
8 TS dt 0.1 time 0.8
    0 SNES Function norm 1.2452 
      0 KSP Residual norm 1.4 
      1 KSP Residual norm < 1.e-11
    Linear solve converged due to CONVERGED_RTOL iterations 1
    1 SNES Function norm < 1.e-11
  Nonlinear solve converged due to CONVERGED_FNORM_RELATIVE iterations 1
9 TS dt 0.1 time 0.9
    0 SNES Function norm 1.24519 
      0 KSP Residual norm 1.4 
      1 KSP Residual norm < 1.e-11
    Linear solve converged due to CONVERGED_RTOL iterations 1
    1 SNES Function norm < 1.e-11
  Nonlinear solve converged due to CONVERGED_FNORM_RELATIVE iterations 1
10 TS dt 0.1 time 1.
L_2 Error: 0.00942152