Solving a linear TS problem, number of processors = 4
Timestep 0: time = 0. 2-norm error = 0. max norm error = 0.
Timestep 1: time = 2.87274e-06 2-norm error = 6.47796e-06 max norm error = 9.32456e-06
Timestep 2: time = 5.74548e-06 2-norm error = 1.29428e-05 max norm error = 1.86305e-05
Timestep 3: time = 8.61821e-06 2-norm error = 1.93945e-05 max norm error = 2.79178e-05
Timestep 4: time = 1.881e-05 2-norm error = 4.24085e-05 max norm error = 6.1049e-05
Timestep 5: time = 2.90018e-05 2-norm error = 6.42511e-05 max norm error = 9.24974e-05
Timestep 6: time = 3.91936e-05 2-norm error = 8.56005e-05 max norm error = 0.000123239
Timestep 7: time = 5.49062e-05 2-norm error = 0.000118072 max norm error = 0.000170003
Timestep 8: time = 8.19889e-05 2-norm error = 0.000173 max norm error = 0.00024913
Timestep 9: time = 0.000152834 2-norm error = 0.000309775 max norm error = 0.000446319
Timestep 10: time = 0.000223679 2-norm error = 0.000438697 max norm error = 0.00063237
Timestep 11: time = 0.000294524 2-norm error = 0.000560726 max norm error = 0.000808643
Timestep 12: time = 0.000365369 2-norm error = 0.000676343 max norm error = 0.000975824
Timestep 13: time = 0.000438897 2-norm error = 0.000791605 max norm error = 0.00114262
Timestep 14: time = 0.000512424 2-norm error = 0.000901701 max norm error = 0.00130209
Timestep 15: time = 0.000585952 2-norm error = 0.00100608 max norm error = 0.00145345
Timestep 16: time = 0.00080073 2-norm error = 0.00128169 max norm error = 0.00185399
Timestep 17: time = 0.000933187 2-norm error = 0.00142769 max norm error = 0.00206699
Timestep 18: time = 0.00106564 2-norm error = 0.00155705 max norm error = 0.00225635
Timestep 19: time = 0.0011981 2-norm error = 0.00167139 max norm error = 0.00242438
Timestep 20: time = 0.00133056 2-norm error = 0.00177203 max norm error = 0.00257293
Timestep 21: time = 0.00146301 2-norm error = 0.00186004 max norm error = 0.00270352
Timestep 22: time = 0.00180486 2-norm error = 0.00204061 max norm error = 0.00297423
Timestep 23: time = 0.00200998 2-norm error = 0.00211559 max norm error = 0.00308915
Timestep 24: time = 0.00221511 2-norm error = 0.00216823 max norm error = 0.00317222
Timestep 25: time = 0.00242023 2-norm error = 0.00220266 max norm error = 0.00322923
Timestep 26: time = 0.00262535 2-norm error = 0.00222211 max norm error = 0.00326476
Timestep 27: time = 0.00283047 2-norm error = 0.00222863 max norm error = 0.00328174
Timestep 28: time = 0.00303559 2-norm error = 0.00222371 max norm error = 0.00328225
Timestep 29: time = 0.00350766 2-norm error = 0.002176 max norm error = 0.00323078
Timestep 30: time = 0.00397973 2-norm error = 0.00208917 max norm error = 0.00312217
Timestep 31: time = 0.00430387 2-norm error = 0.0020169 max norm error = 0.00302858
Timestep 32: time = 0.004628 2-norm error = 0.00193794 max norm error = 0.00292458
Timestep 33: time = 0.00495214 2-norm error = 0.00185409 max norm error = 0.00281266
Timestep 34: time = 0.00527627 2-norm error = 0.0017672 max norm error = 0.00269533
Timestep 35: time = 0.00560041 2-norm error = 0.00167915 max norm error = 0.00257517
Timestep 36: time = 0.00592455 2-norm error = 0.00159157 max norm error = 0.00245444
Timestep 37: time = 0.00624868 2-norm error = 0.00150574 max norm error = 0.00233486
Timestep 38: time = 0.00657282 2-norm error = 0.00142257 max norm error = 0.00221754
Timestep 39: time = 0.00689695 2-norm error = 0.00134279 max norm error = 0.00210352
Timestep 40: time = 0.00722109 2-norm error = 0.00126699 max norm error = 0.00199349
Timestep 41: time = 0.00754522 2-norm error = 0.0011956 max norm error = 0.00188976
Timestep 42: time = 0.00786936 2-norm error = 0.00112893 max norm error = 0.00179181
Timestep 43: time = 0.00819349 2-norm error = 0.00106719 max norm error = 0.00169889
Timestep 44: time = 0.00851763 2-norm error = 0.00101053 max norm error = 0.00161111
Timestep 45: time = 0.00884176 2-norm error = 0.000959 max norm error = 0.00152858
Timestep 46: time = 0.00935508 2-norm error = 0.000887566 max norm error = 0.00140791
Timestep 47: time = 0.0098684 2-norm error = 0.000828254 max norm error = 0.00129923
Timestep 48: time = 0.0103817 2-norm error = 0.000780741 max norm error = 0.00120323
Timestep 49: time = 0.010895 2-norm error = 0.000744114 max norm error = 0.00112363
Timestep 50: time = 0.0114084 2-norm error = 0.000716826 max norm error = 0.00105393
Timestep 51: time = 0.0119217 2-norm error = 0.000697269 max norm error = 0.000992988
Timestep 52: time = 0.012435 2-norm error = 0.000684041 max norm error = 0.000944687
Timestep 53: time = 0.0129483 2-norm error = 0.000675971 max norm error = 0.0009028
Timestep 54: time = 0.013761 2-norm error = 0.000671218 max norm error = 0.00085639
Timestep 55: time = 0.0145737 2-norm error = 0.000673065 max norm error = 0.000830431
Timestep 56: time = 0.0153863 2-norm error = 0.000678566 max norm error = 0.00082135
Timestep 57: time = 0.016199 2-norm error = 0.000685803 max norm error = 0.000828265
Timestep 58: time = 0.0170117 2-norm error = 0.000693679 max norm error = 0.000850974
Timestep 59: time = 0.0178244 2-norm error = 0.000701541 max norm error = 0.000887741
Timestep 60: time = 0.018637 2-norm error = 0.000708957 max norm error = 0.000921391
Timestep 61: time = 0.0194497 2-norm error = 0.000715658 max norm error = 0.000948745
Timestep 62: time = 0.0202624 2-norm error = 0.000721502 max norm error = 0.000970958
Timestep 63: time = 0.0210751 2-norm error = 0.000726431 max norm error = 0.000988944
Timestep 64: time = 0.0218877 2-norm error = 0.000730436 max norm error = 0.00100319
Timestep 65: time = 0.0227004 2-norm error = 0.000733528 max norm error = 0.00101428
Timestep 66: time = 0.0239414 2-norm error = 0.000736563 max norm error = 0.00102562
Timestep 67: time = 0.0251823 2-norm error = 0.000737678 max norm error = 0.00103145
Timestep 68: time = 0.0264233 2-norm error = 0.00073702 max norm error = 0.00103345
Timestep 69: time = 0.0276643 2-norm error = 0.000734744 max norm error = 0.00103271
Timestep 70: time = 0.0289052 2-norm error = 0.000731005 max norm error = 0.00102951
Timestep 71: time = 0.0301462 2-norm error = 0.000725945 max norm error = 0.00102364
Timestep 72: time = 0.0321567 2-norm error = 0.00071529 max norm error = 0.00100927
Timestep 73: time = 0.0341673 2-norm error = 0.00070204 max norm error = 0.000990412
Timestep 74: time = 0.0361778 2-norm error = 0.000686641 max norm error = 0.000968861
Timestep 75: time = 0.0381884 2-norm error = 0.000669481 max norm error = 0.000945325
Timestep 76: time = 0.0401989 2-norm error = 0.000650932 max norm error = 0.000919745
Timestep 77: time = 0.0422094 2-norm error = 0.000631329 max norm error = 0.000892247
Timestep 78: time = 0.04422 2-norm error = 0.000610947 max norm error = 0.000863416
Timestep 79: time = 0.0462305 2-norm error = 0.000590001 max norm error = 0.000833887
Timestep 80: time = 0.0482411 2-norm error = 0.00056863 max norm error = 0.000803792
Timestep 81: time = 0.0502516 2-norm error = 0.000547049 max norm error = 0.000773329
Timestep 82: time = 0.0522622 2-norm error = 0.000525542 max norm error = 0.000742967
Timestep 83: time = 0.0554114 2-norm error = 0.000492344 max norm error = 0.000696099
Timestep 84: time = 0.0585607 2-norm error = 0.000459808 max norm error = 0.000649972
Timestep 85: time = 0.06171 2-norm error = 0.000428052 max norm error = 0.000604968
Timestep 86: time = 0.0648592 2-norm error = 0.000397218 max norm error = 0.000561486
Timestep 87: time = 0.0680085 2-norm error = 0.000367665 max norm error = 0.00051985
Timestep 88: time = 0.0711578 2-norm error = 0.000339639 max norm error = 0.000480061
Timestep 89: time = 0.0743071 2-norm error = 0.000312919 max norm error = 0.000442132
Timestep 90: time = 0.0774563 2-norm error = 0.000287753 max norm error = 0.000406638
Timestep 91: time = 0.0806056 2-norm error = 0.000264794 max norm error = 0.00037444
Timestep 92: time = 0.0837549 2-norm error = 0.000243919 max norm error = 0.000344905
Timestep 93: time = 0.0869041 2-norm error = 0.000224154 max norm error = 0.000316808
Timestep 94: time = 0.0876915 2-norm error = 0.000219185 max norm error = 0.00030985
Timestep 95: time = 0.0884788 2-norm error = 0.000214237 max norm error = 0.000302957
Timestep 96: time = 0.089809 2-norm error = 0.000206154 max norm error = 0.000291566
Timestep 97: time = 0.0911392 2-norm error = 0.000198496 max norm error = 0.000280737
Timestep 98: time = 0.0924694 2-norm error = 0.000191102 max norm error = 0.000270325
Timestep 99: time = 0.0946384 2-norm error = 0.000179614 max norm error = 0.000254057
Timestep 100: time = 0.0968075 2-norm error = 0.000168475 max norm error = 0.000238273
Timestep 101: time = 0.0989765 2-norm error = 0.000157872 max norm error = 0.000223186
Timestep 102: time = 0.101146 2-norm error = 0.000148016 max norm error = 0.00020924
Timestep 103: time = 0.103315 2-norm error = 0.000138843 max norm error = 0.000196278
Timestep 104: time = 0.105484 2-norm error = 0.000130191 max norm error = 0.000184044
Timestep 105: time = 0.108873 2-norm error = 0.00011754 max norm error = 0.000166077
Timestep 106: time = 0.112263 2-norm error = 0.00010609 max norm error = 0.000149937
Timestep 107: time = 0.115653 2-norm error = 9.55973e-05 max norm error = 0.000135103
Timestep 108: time = 0.119042 2-norm error = 8.61248e-05 max norm error = 0.000121732
Timestep 109: time = 0.122432 2-norm error = 7.74814e-05 max norm error = 0.000109564
Timestep 110: time = 0.125822 2-norm error = 6.97198e-05 max norm error = 9.86063e-05
Timestep 111: time = 0.126669 2-norm error = 6.79847e-05 max norm error = 9.61164e-05
Timestep 112: time = 0.127517 2-norm error = 6.62924e-05 max norm error = 9.37188e-05
Timestep 113: time = 0.12924 2-norm error = 6.28878e-05 max norm error = 8.892e-05
Timestep 114: time = 0.130963 2-norm error = 5.95548e-05 max norm error = 8.42035e-05
Timestep 115: time = 0.132686 2-norm error = 5.63193e-05 max norm error = 7.96126e-05
Timestep 116: time = 0.134409 2-norm error = 5.32246e-05 max norm error = 7.52338e-05
Timestep 117: time = 0.137631 2-norm error = 4.79772e-05 max norm error = 6.78082e-05
Timestep 118: time = 0.140852 2-norm error = 4.34845e-05 max norm error = 6.14532e-05
Timestep 119: time = 0.144074 2-norm error = 3.95484e-05 max norm error = 5.59415e-05
Timestep 120: time = 0.147295 2-norm error = 3.58958e-05 max norm error = 5.07659e-05
Timestep 121: time = 0.150517 2-norm error = 3.2403e-05 max norm error = 4.58033e-05
Timestep 122: time = 0.153738 2-norm error = 2.92044e-05 max norm error = 4.12731e-05
Timestep 123: time = 0.156959 2-norm error = 2.6321e-05 max norm error = 3.71661e-05
Timestep 124: time = 0.160181 2-norm error = 2.37515e-05 max norm error = 3.35682e-05
Timestep 125: time = 0.165268 2-norm error = 2.04778e-05 max norm error = 2.89613e-05
Timestep 126: time = 0.16654 2-norm error = 1.9748e-05 max norm error = 2.7933e-05
Timestep 127: time = 0.167812 2-norm error = 1.89167e-05 max norm error = 2.6757e-05
Timestep 128: time = 0.169743 2-norm error = 1.76578e-05 max norm error = 2.49757e-05
Timestep 129: time = 0.171674 2-norm error = 1.64969e-05 max norm error = 2.33299e-05
Timestep 130: time = 0.173606 2-norm error = 1.54843e-05 max norm error = 2.18902e-05
Timestep 131: time = 0.177926 2-norm error = 1.35854e-05 max norm error = 1.92025e-05
Timestep 132: time = 0.179006 2-norm error = 1.30845e-05 max norm error = 1.85071e-05
Timestep 133: time = 0.180086 2-norm error = 1.25836e-05 max norm error = 1.78008e-05
Timestep 134: time = 0.182382 2-norm error = 1.16025e-05 max norm error = 1.64023e-05
Timestep 135: time = 0.186714 2-norm error = 1.01552e-05 max norm error = 1.43491e-05
Timestep 136: time = 0.191046 2-norm error = 8.94201e-06 max norm error = 1.25231e-05
Timestep 137: time = 0.192129 2-norm error = 8.58524e-06 max norm error = 1.20096e-05
Timestep 138: time = 0.193212 2-norm error = 8.23073e-06 max norm error = 1.15627e-05
Timestep 139: time = 0.195914 2-norm error = 7.4353e-06 max norm error = 1.0518e-05
Timestep 140: time = 0.198617 2-norm error = 6.79035e-06 max norm error = 9.6288e-06
Timestep 141: time = 0.202964 2-norm error = 5.89371e-06 max norm error = 8.3201e-06
Timestep 142: time = 0.204619 2-norm error = 5.55088e-06 max norm error = 7.8354e-06
Timestep 143: time = 0.206273 2-norm error = 5.23529e-06 max norm error = 7.42236e-06
Timestep 144: time = 0.210717 2-norm error = 4.50323e-06 max norm error = 6.43975e-06
Timestep 145: time = 0.217592 2-norm error = 3.09e-06 max norm error = 4.53079e-06
Timestep 146: time = 0.219311 2-norm error = 2.73718e-06 max norm error = 3.98956e-06
Timestep 147: time = 0.22103 2-norm error = 2.55141e-06 max norm error = 3.68198e-06
Timestep 148: time = 0.222749 2-norm error = 2.44198e-06 max norm error = 3.50017e-06
Timestep 149: time = 0.225916 2-norm error = 2.22454e-06 max norm error = 3.17447e-06
Timestep 150: time = 0.227152 2-norm error = 2.09213e-06 max norm error = 2.99982e-06
Timestep 151: time = 0.228388 2-norm error = 1.96926e-06 max norm error = 2.81943e-06
Timestep 152: time = 0.231491 2-norm error = 1.74062e-06 max norm error = 2.48818e-06
Timestep 153: time = 0.234593 2-norm error = 1.68632e-06 max norm error = 2.39483e-06
Timestep 154: time = 0.237695 2-norm error = 1.69943e-06 max norm error = 2.39159e-06
Timestep 155: time = 0.24248 2-norm error = 1.54054e-06 max norm error = 2.16861e-06
Timestep 156: time = 0.244312 2-norm error = 1.4026e-06 max norm error = 1.97574e-06
Timestep 157: time = 0.246144 2-norm error = 1.29557e-06 max norm error = 1.82205e-06
Timestep 158: time = 0.250374 2-norm error = 1.24265e-06 max norm error = 1.73956e-06
Timestep 159: time = 0.256729 2-norm error = 1.79787e-06 max norm error = 2.50256e-06
Timestep 160: time = 0.258317 2-norm error = 1.85801e-06 max norm error = 2.5901e-06
Timestep 161: time = 0.259906 2-norm error = 1.78099e-06 max norm error = 2.49614e-06
Timestep 162: time = 0.261495 2-norm error = 1.65316e-06 max norm error = 2.32478e-06
Timestep 163: time = 0.265005 2-norm error = 1.42239e-06 max norm error = 1.98047e-06
Timestep 164: time = 0.267132 2-norm error = 1.31054e-06 max norm error = 1.83883e-06
Timestep 165: time = 0.269259 2-norm error = 1.21265e-06 max norm error = 1.70819e-06
Timestep 166: time = 0.274923 2-norm error = 1.03307e-06 max norm error = 1.46791e-06
Timestep 167: time = 0.27634 2-norm error = 1.00095e-06 max norm error = 1.41693e-06
Timestep 168: time = 0.277756 2-norm error = 9.51662e-07 max norm error = 1.35091e-06
Timestep 169: time = 0.28209 2-norm error = 7.71538e-07 max norm error = 1.09619e-06
Timestep 170: time = 0.293704 2-norm error = 8.66743e-07 max norm error = 1.23869e-06
Timestep 171: time = 0.296607 2-norm error = 8.63497e-07 max norm error = 1.22698e-06
Timestep 172: time = 0.29951 2-norm error = 7.89228e-07 max norm error = 1.1189e-06
Timestep 173: time = 0.305099 2-norm error = 5.73619e-07 max norm error = 8.05987e-07
Timestep 174: time = 0.318337 2-norm error = 3.00335e-07 max norm error = 4.15125e-07
Timestep 175: time = 0.325482 2-norm error = 2.31241e-07 max norm error = 3.32958e-07
Timestep 176: time = 0.332627 2-norm error = 2.40977e-07 max norm error = 3.6264e-07
Timestep 177: time = 0.349664 2-norm error = 8.23778e-07 max norm error = 1.1746e-06
Timestep 178: time = 0.353923 2-norm error = 8.43744e-07 max norm error = 1.22058e-06
Timestep 179: time = 0.358182 2-norm error = 6.8519e-07 max norm error = 9.70081e-07
Timestep 180: time = 0.366881 2-norm error = 4.6464e-08 max norm error = 8.11205e-08
Timestep 181: time = 0.369056 2-norm error = 2.49648e-08 max norm error = 3.79422e-08
Timestep 182: time = 0.371231 2-norm error = 2.81666e-08 max norm error = 4.25254e-08
Timestep 183: time = 0.375962 2-norm error = 7.81396e-08 max norm error = 1.19149e-07
Timestep 184: time = 0.377992 2-norm error = 1.04958e-07 max norm error = 1.54105e-07
Timestep 185: time = 0.380023 2-norm error = 9.75705e-08 max norm error = 1.43263e-07
Timestep 186: time = 0.386212 2-norm error = 5.35281e-08 max norm error = 7.98585e-08
Timestep 187: time = 0.397803 2-norm error = 7.1242e-07 max norm error = 1.01566e-06
Timestep 188: time = 0.400701 2-norm error = 7.37689e-07 max norm error = 1.04545e-06
Timestep 189: time = 0.403599 2-norm error = 6.86249e-07 max norm error = 9.75755e-07
Timestep 190: time = 0.408928 2-norm error = 4.69798e-07 max norm error = 6.75663e-07
Timestep 191: time = 0.411485 2-norm error = 3.93781e-07 max norm error = 5.63768e-07
Timestep 192: time = 0.414043 2-norm error = 3.59799e-07 max norm error = 5.13417e-07
Timestep 193: time = 0.422475 2-norm error = 4.52726e-07 max norm error = 6.53314e-07
Timestep 194: time = 0.437875 2-norm error = 1.15797e-06 max norm error = 1.68353e-06
Timestep 195: time = 0.441724 2-norm error = 1.16857e-06 max norm error = 1.66316e-06
Timestep 196: time = 0.445574 2-norm error = 1.01303e-06 max norm error = 1.43447e-06
Timestep 197: time = 0.452899 2-norm error = 4.42272e-07 max norm error = 6.44862e-07
Timestep 198: time = 0.460224 2-norm error = 1.98069e-07 max norm error = 2.82317e-07
Timestep 199: time = 0.46755 2-norm error = 2.24044e-07 max norm error = 3.23581e-07
Timestep 200: time = 0.48396 2-norm error = 9.81423e-07 max norm error = 1.41533e-06
Timestep 201: time = 0.488062 2-norm error = 1.01743e-06 max norm error = 1.45534e-06
Timestep 202: time = 0.492164 2-norm error = 8.94056e-07 max norm error = 1.26568e-06
Timestep 203: time = 0.499717 2-norm error = 4.04993e-07 max norm error = 5.83109e-07
Timestep 204: time = 0.502619 2-norm error = 3.00947e-07 max norm error = 4.29305e-07
Timestep 205: time = 0.505521 2-norm error = 2.72345e-07 max norm error = 3.89063e-07
Timestep 206: time = 0.512258 2-norm error = 3.88774e-07 max norm error = 5.59983e-07
Timestep 207: time = 0.515211 2-norm error = 3.94771e-07 max norm error = 5.62365e-07
Timestep 208: time = 0.518163 2-norm error = 3.48264e-07 max norm error = 4.92585e-07
Timestep 209: time = 0.526059 2-norm error = 5.91896e-08 max norm error = 9.17761e-08
Timestep 210: time = 0.529625 2-norm error = 2.58142e-09 max norm error = 5.45053e-09
Timestep 211: time = 0.53319 2-norm error = 1.11998e-08 max norm error = 1.88062e-08
Timestep 212: time = 0.542367 2-norm error = 2.24075e-07 max norm error = 3.19682e-07
Timestep 213: time = 0.546226 2-norm error = 2.48944e-07 max norm error = 3.56089e-07
Timestep 214: time = 0.550084 2-norm error = 1.97786e-07 max norm error = 2.81912e-07
Timestep 215: time = 0.560483 2-norm error = 1.97801e-07 max norm error = 2.88345e-07
Timestep 216: time = 0.564836 2-norm error = 2.48275e-07 max norm error = 3.5718e-07
Timestep 217: time = 0.569189 2-norm error = 1.8241e-07 max norm error = 2.62213e-07
Timestep 218: time = 0.57937 2-norm error = 1.1899e-07 max norm error = 1.77396e-07
Timestep 219: time = 0.58955 2-norm error = 4.16981e-07 max norm error = 6.09671e-07
Timestep 220: time = 0.599731 2-norm error = 6.42195e-07 max norm error = 9.10184e-07
Timestep 221: time = 0.619914 2-norm error = 9.46529e-07 max norm error = 1.34004e-06
Timestep 222: time = 0.655026 2-norm error = 1.27788e-06 max norm error = 1.81259e-06
Timestep 223: time = 0.690139 2-norm error = 1.43386e-06 max norm error = 2.02807e-06
Timestep 224: time = 0.725251 2-norm error = 1.43457e-06 max norm error = 2.03436e-06
Timestep 225: time = 0.789319 2-norm error = 1.35059e-06 max norm error = 1.91192e-06
Timestep 226: time = 0.915763 2-norm error = 8.94885e-07 max norm error = 1.27841e-06
Timestep 227: time = 1.13154 2-norm error = 6.88228e-07 max norm error = 9.74964e-07
Total timesteps 227, Final time 1.13154
Avg. error (2 norm) = 0.000392147 Avg. error (max norm) = 0.000571583
