Solving a linear TS problem, number of processors = 1
Timestep 0: time = 0 2-norm error = 1.05424e-15 max norm error = 3.10862e-15
Timestep 1: time = 0.000143637 2-norm error = 0.000599907 max norm error = 0.000863771
Timestep 2: time = 0.000287274 2-norm error = 0.00113969 max norm error = 0.00164231
Timestep 3: time = 0.000430911 2-norm error = 0.00162387 max norm error = 0.00234201
Timestep 4: time = 0.000574548 2-norm error = 0.00205669 max norm error = 0.00296886
Timestep 5: time = 0.000718184 2-norm error = 0.00244208 max norm error = 0.00352842
Timestep 6: time = 0.000861821 2-norm error = 0.00278372 max norm error = 0.00402589
Timestep 7: time = 0.00100546 2-norm error = 0.00308505 max norm error = 0.00446612
Timestep 8: time = 0.0011491 2-norm error = 0.00334925 max norm error = 0.00485363
Timestep 9: time = 0.00129273 2-norm error = 0.0035793 max norm error = 0.00519261
Timestep 10: time = 0.00143637 2-norm error = 0.00377799 max norm error = 0.00548699
Timestep 11: time = 0.00158001 2-norm error = 0.00394787 max norm error = 0.00574041
Timestep 12: time = 0.00172364 2-norm error = 0.00409136 max norm error = 0.00595625
Timestep 13: time = 0.00186728 2-norm error = 0.0042107 max norm error = 0.00613768
Timestep 14: time = 0.00201092 2-norm error = 0.00430794 max norm error = 0.00628763
Timestep 15: time = 0.00215455 2-norm error = 0.00438504 max norm error = 0.00640881
Timestep 16: time = 0.00229819 2-norm error = 0.00444377 max norm error = 0.00650375
Timestep 17: time = 0.00244183 2-norm error = 0.0044858 max norm error = 0.00657482
Timestep 18: time = 0.00258546 2-norm error = 0.00451267 max norm error = 0.00662417
Timestep 19: time = 0.0027291 2-norm error = 0.00452583 max norm error = 0.00665383
Timestep 20: time = 0.00287274 2-norm error = 0.00452659 max norm error = 0.00666568
Timestep 21: time = 0.00301637 2-norm error = 0.00451618 max norm error = 0.00666144
Timestep 22: time = 0.00316001 2-norm error = 0.00449574 max norm error = 0.00664271
Timestep 23: time = 0.00330365 2-norm error = 0.00446634 max norm error = 0.00661099
Timestep 24: time = 0.00344729 2-norm error = 0.00442893 max norm error = 0.00656763
Timestep 25: time = 0.00359092 2-norm error = 0.00438442 max norm error = 0.00651391
Timestep 26: time = 0.00373456 2-norm error = 0.00433364 max norm error = 0.00645099
Timestep 27: time = 0.0038782 2-norm error = 0.00427737 max norm error = 0.00637995
Timestep 28: time = 0.00402183 2-norm error = 0.0042163 max norm error = 0.00630177
Timestep 29: time = 0.00416547 2-norm error = 0.00415108 max norm error = 0.00621737
Timestep 30: time = 0.00430911 2-norm error = 0.00408232 max norm error = 0.00612758
Timestep 31: time = 0.00445274 2-norm error = 0.00401057 max norm error = 0.00603318
Timestep 32: time = 0.00459638 2-norm error = 0.00393634 max norm error = 0.00593487
Timestep 33: time = 0.00474002 2-norm error = 0.00386008 max norm error = 0.0058333
Timestep 34: time = 0.00488365 2-norm error = 0.00378224 max norm error = 0.00572905
Timestep 35: time = 0.00502729 2-norm error = 0.00370318 max norm error = 0.00562267
Timestep 36: time = 0.00517093 2-norm error = 0.00362328 max norm error = 0.00551464
Timestep 37: time = 0.00531456 2-norm error = 0.00354286 max norm error = 0.00540542
Timestep 38: time = 0.0054582 2-norm error = 0.00346221 max norm error = 0.00529541
Timestep 39: time = 0.00560184 2-norm error = 0.00338161 max norm error = 0.00518498
Timestep 40: time = 0.00574548 2-norm error = 0.00330131 max norm error = 0.00507446
Timestep 41: time = 0.00588911 2-norm error = 0.00322152 max norm error = 0.00496416
Timestep 42: time = 0.00603275 2-norm error = 0.00314245 max norm error = 0.00485434
Timestep 43: time = 0.00617639 2-norm error = 0.00306429 max norm error = 0.00474524
Timestep 44: time = 0.00632002 2-norm error = 0.00298719 max norm error = 0.00463709
Timestep 45: time = 0.00646366 2-norm error = 0.0029113 max norm error = 0.00453007
Timestep 46: time = 0.0066073 2-norm error = 0.00283677 max norm error = 0.00442436
Timestep 47: time = 0.00675093 2-norm error = 0.0027637 max norm error = 0.0043201
Timestep 48: time = 0.00689457 2-norm error = 0.0026922 max norm error = 0.00421744
Timestep 49: time = 0.00703821 2-norm error = 0.00262237 max norm error = 0.00411648
Timestep 50: time = 0.00718184 2-norm error = 0.00255428 max norm error = 0.00401732
Timestep 51: time = 0.00732548 2-norm error = 0.00248802 max norm error = 0.00392006
Timestep 52: time = 0.00746912 2-norm error = 0.00242363 max norm error = 0.00382696
Timestep 53: time = 0.00761275 2-norm error = 0.00236118 max norm error = 0.00373615
Timestep 54: time = 0.00775639 2-norm error = 0.00230071 max norm error = 0.00364737
Timestep 55: time = 0.00790003 2-norm error = 0.00224225 max norm error = 0.00356065
Timestep 56: time = 0.00804367 2-norm error = 0.00218583 max norm error = 0.00347601
Timestep 57: time = 0.0081873 2-norm error = 0.00213147 max norm error = 0.00339348
Timestep 58: time = 0.00833094 2-norm error = 0.0020792 max norm error = 0.00331307
Timestep 59: time = 0.00847458 2-norm error = 0.00202901 max norm error = 0.00323479
Timestep 60: time = 0.00861821 2-norm error = 0.00198092 max norm error = 0.00315863
Timestep 61: time = 0.00876185 2-norm error = 0.00193492 max norm error = 0.00308458
Timestep 62: time = 0.00890549 2-norm error = 0.00189099 max norm error = 0.00301265
Timestep 63: time = 0.00904912 2-norm error = 0.00184914 max norm error = 0.00294282
Timestep 64: time = 0.00919276 2-norm error = 0.00180933 max norm error = 0.00287505
Timestep 65: time = 0.0093364 2-norm error = 0.00177155 max norm error = 0.00280934
Timestep 66: time = 0.00948003 2-norm error = 0.00173577 max norm error = 0.00274566
Timestep 67: time = 0.00962367 2-norm error = 0.00170196 max norm error = 0.00268397
Timestep 68: time = 0.00976731 2-norm error = 0.00167007 max norm error = 0.00262425
Timestep 69: time = 0.00991095 2-norm error = 0.00164008 max norm error = 0.00256646
Timestep 70: time = 0.0100546 2-norm error = 0.00161194 max norm error = 0.00251058
Timestep 71: time = 0.0101982 2-norm error = 0.00158559 max norm error = 0.00245655
Timestep 72: time = 0.0103419 2-norm error = 0.001561 max norm error = 0.0024053
Timestep 73: time = 0.0104855 2-norm error = 0.0015381 max norm error = 0.00235789
Timestep 74: time = 0.0106291 2-norm error = 0.00151684 max norm error = 0.00231213
Timestep 75: time = 0.0107728 2-norm error = 0.00149716 max norm error = 0.00226799
Timestep 76: time = 0.0109164 2-norm error = 0.00147901 max norm error = 0.00222543
Timestep 77: time = 0.01106 2-norm error = 0.00146232 max norm error = 0.00218441
Timestep 78: time = 0.0112037 2-norm error = 0.00144702 max norm error = 0.0021449
Timestep 79: time = 0.0113473 2-norm error = 0.00143306 max norm error = 0.00210684
Timestep 80: time = 0.011491 2-norm error = 0.00142037 max norm error = 0.00207021
Timestep 81: time = 0.0116346 2-norm error = 0.00140889 max norm error = 0.00203496
Timestep 82: time = 0.0117782 2-norm error = 0.00139855 max norm error = 0.00200105
Timestep 83: time = 0.0119219 2-norm error = 0.0013893 max norm error = 0.00197033
Timestep 84: time = 0.0120655 2-norm error = 0.00138106 max norm error = 0.00194207
Timestep 85: time = 0.0122091 2-norm error = 0.00137378 max norm error = 0.00191494
Timestep 86: time = 0.0123528 2-norm error = 0.0013674 max norm error = 0.0018889
Timestep 87: time = 0.0124964 2-norm error = 0.00136186 max norm error = 0.00186392
Timestep 88: time = 0.01264 2-norm error = 0.00135711 max norm error = 0.00183996
Timestep 89: time = 0.0127837 2-norm error = 0.00135309 max norm error = 0.001817
Timestep 90: time = 0.0129273 2-norm error = 0.00134975 max norm error = 0.00179585
Timestep 91: time = 0.013071 2-norm error = 0.00134703 max norm error = 0.00177788
Timestep 92: time = 0.0132146 2-norm error = 0.0013449 max norm error = 0.00176068
Timestep 93: time = 0.0133582 2-norm error = 0.00134331 max norm error = 0.00174425
Timestep 94: time = 0.0135019 2-norm error = 0.00134221 max norm error = 0.00172854
Timestep 95: time = 0.0136455 2-norm error = 0.00134157 max norm error = 0.00171355
Timestep 96: time = 0.0137891 2-norm error = 0.00134134 max norm error = 0.00170149
Timestep 97: time = 0.0139328 2-norm error = 0.00134149 max norm error = 0.00169081
Timestep 98: time = 0.0140764 2-norm error = 0.00134199 max norm error = 0.00168066
Timestep 99: time = 0.0142201 2-norm error = 0.0013428 max norm error = 0.00167101
Timestep 100: time = 0.0143637 2-norm error = 0.00134389 max norm error = 0.00166276
TS Object: 1 MPI processes
  type: euler
  maximum steps=100
  maximum time=1
  total number of nonlinear solver iterations=0
  total number of nonlinear solve failures=0
  total number of linear solver iterations=0
  total number of rejected steps=0
Total timesteps 100, Final time 0.0143637
Avg. error (2 norm) = 0.00258577 Avg. error (max norm) = 0.00385707
