Setup pipesCase 0
CONVERGED_ITS at time 0.1 after 1 steps
Xq:
Vec Object: 2 MPI processes
  type: mpi
Process [0]
0.477432
0.477432
0.477432
0.477432
0.477432
0.472208
0.472208
0.477432
0.477432
0.477432
0.477432
0.472208
Process [1]
0.472208
0.477432
0.477432
0.477432
0.477432
-3.7605e-17
Xh:
Vec Object: 2 MPI processes
  type: mpi
Process [0]
150.
148.698
147.395
146.093
144.791
146.744
146.744
148.698
147.395
146.093
144.791
146.744
Process [1]
146.744
148.698
147.395
146.093
144.791
441.046
Xpipes:
Vec Object: 2 MPI processes
  type: mpi
Process [0]
0.477432
150.
0.477432
148.698
0.477432
147.395
0.477432
146.093
0.477432
144.791
0.472208
146.744
0.472208
146.744
0.477432
148.698
0.477432
147.395
0.477432
146.093
0.477432
144.791
0.472208
146.744
Process [1]
0.472208
146.744
0.477432
148.698
0.477432
147.395
0.477432
146.093
0.477432
144.791
-3.7605e-17
441.046
