Setup pipesCase 2
0 TS dt 0.1 time 0.
1 TS dt 0.1 time 0.1
2 TS dt 0.1 time 0.2
3 TS dt 0.1 time 0.3
4 TS dt 0.1 time 0.4
5 TS dt 0.1 time 0.5
6 TS dt 0.1 time 0.6
7 TS dt 0.1 time 0.7
8 TS dt 0.1 time 0.8
9 TS dt 0.1 time 0.9
10 TS dt 0.1 time 1.
CONVERGED_ITS at time 1. after 10 steps
Vec Object: 3 MPI processes
  type: mpi
Process [0]
  Edge 0:
    0.156317
    150.
    -0.15693
    345.679
    -0.157412
    345.84
    -0.15804
    345.37
    -0.15856
    345.377
    0.000596313
    445.571
  Vertex 0:
    0.156317
    150.
Process [1]
  Edge 1:
    0.00119263
    445.571
    -0.150081
    539.515
    -0.152168
    539.888
    -0.15353
    539.278
    -0.155891
    539.922
    8.07316e-29
    637.91
  Vertex 1:
    0.
    637.91
Process [2]
  Edge 2:
    0.156317
    150.
    -0.15693
    345.679
    -0.157412
    345.84
    -0.15804
    345.37
    -0.15856
    345.377
    0.000596313
    445.571
  Vertex 2:
    0.156317
    150.
  Vertex 3:
    0.00119263
    445.571
