
---- Elastic-Plastic Torsion Problem -----
mx: 16     my: 16   

iter =   0, Function value -0.33218, Residual: 0.623913 
iter =   1, Function value -0.378168, Residual: 0.374058 
iter =   2, Function value -0.398443, Residual: 0.236362 
iter =   3, Function value -0.4174, Residual: 0.172754 
iter =   4, Function value -0.424385, Residual: 0.144407 
iter =   5, Function value -0.429973, Residual: 0.0937129 
iter =   6, Function value -0.432046, Residual: 0.0650088 
iter =   7, Function value -0.433213, Residual: 0.0424042 
iter =   8, Function value -0.433677, Residual: 0.0511211 
iter =   9, Function value -0.433887, Residual: 0.0643051 
iter =  10, Function value -0.434305, Residual: 0.0263622 
iter =  11, Function value -0.434372, Residual: 0.0089796 
iter =  12, Function value -0.434393, Residual: 0.00769775 
iter =  13, Function value -0.434401, Residual: 0.00282389 
iter =  14, Function value -0.434403, Residual: 0.00175796 
iter =  15, Function value -0.434404, Residual: 0.00153561 
iter =  16, Function value -0.434404, Residual: 0.00115254 
iter =  17, Function value -0.434405, Residual: 0.00101264 
iter =  18, Function value -0.434405, Residual: 0.00120759 
iter =  19, Function value -0.434406, Residual: 0.00141545 
iter =  20, Function value -0.434406, Residual: 0.00420977 
iter =  21, Function value -0.434408, Residual: 0.0010916 
iter =  22, Function value -0.434409, Residual: 0.00162464 
iter =  23, Function value -0.434409, Residual: 0.000823361 
iter =  24, Function value -0.434409, Residual: 0.000517303 
iter =  25, Function value -0.434409, Residual: 0.000235876 
iter =  26, Function value -0.434409, Residual: 0.000172166 
iter =  27, Function value -0.434409, Residual: 0.000122695 
iter =  28, Function value -0.434409, Residual: 6.6753e-05 
