iter =   0, Function value 1., Residual: 2. 
iter =   1, Function value 0.773446, Residual: 6.07754 
iter =   2, Function value 0.647671, Residual: 3.22761 
iter =   3, Function value 0.561039, Residual: 5.46607 
iter =   4, Function value 0.376749, Residual: 2.98834 
iter =   5, Function value 0.279414, Residual: 2.66764 
iter =   6, Function value 0.179893, Residual: 3.02009 
iter =   7, Function value 0.131417, Residual: 0.826295 
iter =   8, Function value 0.113226, Residual: 5.12331 
iter =   9, Function value 0.0932156, Residual: 2.86469 
iter =  10, Function value 0.0494962, Residual: 1.82908 
iter =  11, Function value 0.0295022, Residual: 3.12622 
iter =  12, Function value 0.0101655, Residual: 0.421332 
iter =  13, Function value 0.00564755, Residual: 1.28168 
iter =  14, Function value 0.00281792, Residual: 1.43364 
iter =  15, Function value 0.000469658, Residual: 0.0469467 
iter =  16, Function value 8.32732e-05, Residual: 0.366187 
iter =  17, Function value 3.78355e-06, Residual: 0.0279966 
iter =  18, Function value 1.08028e-08, Residual: 0.00382904 
iter =  19, Function value 2.31405e-11, Residual: 0.000155616 
iter =  20, Function value 1.95557e-14, Residual: 3.35506e-06 
