iter =   0, Function value 1., Residual: 2. 
iter =   1, Function value 0.773446, Residual: 6.07754 
iter =   2, Function value 0.678306, Residual: 11.6118 
iter =   3, Function value 0.527317, Residual: 10.2616 
iter =   4, Function value 0.287583, Residual: 1.97192 
iter =   5, Function value 0.258378, Residual: 4.94254 
iter =   6, Function value 0.196009, Residual: 3.94655 
iter =   7, Function value 0.123213, Residual: 0.57675 
iter =   8, Function value 0.101095, Residual: 3.08876 
iter =   9, Function value 0.069892, Residual: 4.94348 
iter =  10, Function value 0.0355368, Residual: 0.452803 
iter =  11, Function value 0.0219544, Residual: 4.05909 
iter =  12, Function value 0.0117654, Residual: 0.683148 
iter =  13, Function value 0.00439487, Residual: 0.639207 
iter =  14, Function value 0.0015596, Residual: 1.35058 
iter =  15, Function value 0.000228576, Residual: 0.0896459 
iter =  16, Function value 1.45573e-05, Residual: 0.126299 
iter =  17, Function value 5.77095e-07, Residual: 0.0245611 
iter =  18, Function value 8.65111e-10, Residual: 0.000475555 
iter =  19, Function value 4.05749e-12, Residual: 6.82953e-05 
