iter =   0, Function value 1., Residual: 2.
iter =   0, Function value 0.771065, Residual: 4.79162
  iter =   0,   Function value 0.771065,   Residual: 4.79162
  iter =   1,   Function value 0.711445,   Residual: 1.71092
  iter =   2,   Function value 0.544103,   Residual: 2.82684
  iter =   3,   Function value 0.430694,   Residual: 2.7076
iter =   1, Function value 0.313526, Residual: 8.37407
  iter =   0,   Function value 0.313526,   Residual: 8.37407
  iter =   1,   Function value 0.200958,   Residual: 10.0005
  iter =   2,   Function value 0.112319,   Residual: 0.402439
  iter =   3,   Function value 0.0647504,   Residual: 1.98787
iter =   2, Function value 0.0320602, Residual: 4.204
  iter =   0,   Function value 0.0320602,   Residual: 4.204
  iter =   1,   Function value 0.00613352,   Residual: 3.50227
  iter =   2,   Function value 0.000186497,   Residual: 0.594068
  iter =   3,   Function value 1.25206e-05,   Residual: 0.0807556
iter =   3, Function value 2.29468e-08, Residual: 0.00398487
  iter =   0,   Function value 2.29468e-08,   Residual: 0.00398487
  iter =   1,   Function value 1.4933e-08,   Residual: 0.000114344
  iter =   2,   Function value 1.48532e-08,   Residual: 0.000354264
  iter =   3,   Function value 3.52998e-11,   Residual: 0.000264534
iter =   4, Function value 0., Residual: < 1.0e-11
