iter =   0, Function value 1., Residual: 2. 
iter =   0, Function value 0.771065, Residual: 4.79162 
  iter =   0,   Function value 0.771065,   Residual: 4.79162 
  iter =   1,   Function value 0.711445,   Residual: 1.71092 
  iter =   2,   Function value 0.544098,   Residual: 2.82682 
  iter =   3,   Function value 0.430684,   Residual: 2.70756 
iter =   1, Function value 0.31352, Residual: 8.37419 
  iter =   0,   Function value 0.31352,   Residual: 8.37419 
  iter =   1,   Function value 0.200956,   Residual: 10.0008 
  iter =   2,   Function value 0.112313,   Residual: 0.402426 
  iter =   3,   Function value 0.0647554,   Residual: 1.9882 
iter =   2, Function value 0.0320611, Residual: 4.20333 
  iter =   0,   Function value 0.0320611,   Residual: 4.20333 
  iter =   1,   Function value 0.00612147,   Residual: 3.49879 
  iter =   2,   Function value 0.000185752,   Residual: 0.593037 
  iter =   3,   Function value 1.23638e-05,   Residual: 0.0804979 
iter =   3, Function value 2.24086e-08, Residual: 0.00394132 
  iter =   0,   Function value 2.24086e-08,   Residual: 0.00394132 
  iter =   1,   Function value 1.45685e-08,   Residual: 0.000107921 
  iter =   2,   Function value 5.24951e-09,   Residual: 6.50729e-05 
