iter =   0, Function value 1., Residual: 2. 
iter =   1, Function value 0.773446, Residual: 6.07754 
iter =   2, Function value 0.520003, Residual: 2.7095 
iter =   3, Function value 0.399519, Residual: 9.37099 
iter =   4, Function value 0.207877, Residual: 0.782443 
iter =   5, Function value 0.143719, Residual: 2.90222 
iter =   6, Function value 0.135419, Residual: 0.462754 
iter =   7, Function value 0.129458, Residual: 2.06138 
iter =   8, Function value 0.12529, Residual: 0.442297 
iter =   9, Function value 0.123091, Residual: 0.714619 
iter =  10, Function value 0.121, Residual: 0.432104 
iter =  11, Function value 0.0975662, Residual: 0.396924 
iter =  12, Function value 0.0813672, Residual: 0.665507 
iter =  13, Function value 0.0584942, Residual: 2.55137 
iter =  14, Function value 0.0256251, Residual: 2.80488 
iter =  15, Function value 0.00815715, Residual: 1.12127 
iter =  16, Function value 0.00180615, Residual: 1.14651 
iter =  17, Function value 0.000149617, Residual: 0.168288 
iter =  18, Function value 2.04332e-06, Residual: 0.0477348 
iter =  19, Function value 4.43013e-10, Residual: 0.000309747 
iter =  20, Function value 3.03666e-17, Residual: < 1.0e-6 
