Solve cycle: 1
  0 TAO,  Function value: 1.,  Residual: 2. 
  1 TAO,  Function value: 0.791905,  Residual: 3.15898 
  2 TAO,  Function value: 0.592607,  Residual: 5.4106 
  3 TAO,  Function value: 0.370061,  Residual: 2.60635 
  4 TAO,  Function value: 0.29895,  Residual: 2.13344 
  5 TAO,  Function value: 0.269762,  Residual: 4.27058 
Tao Object: 1 MPI processes
  type: lmvm
    Gradient steps: 1
    Recycle: on
    Total recycled iterations: 5
  TaoLineSearch Object: 1 MPI processes
    type: more-thuente
    maximum function evaluations=30
    tolerances: ftol=0.0001, rtol=1e-10, gtol=0.9
    total number of function evaluations=0
    total number of gradient evaluations=0
    total number of function/gradient evaluations=2
    Termination reason: 1
  convergence tolerances: gatol=0.001,   steptol=0.,   gttol=0.
  Residual in Function/Gradient:=4.27058
  Objective value=0.269762
  total number of iterations=5,                          (max: 5)
  total number of function/gradient evaluations=14,      (max: 4000)
  Solver terminated: -2   Maximum Iterations
Solve cycle: 2
  0 TAO,  Function value: 0.269762,  Residual: 4.27058 
  1 TAO,  Function value: 0.248046,  Residual: 1.35517 
  2 TAO,  Function value: 0.15472,  Residual: 3.40375 
  3 TAO,  Function value: 0.131381,  Residual: 6.59167 
  4 TAO,  Function value: 0.0701549,  Residual: 0.7694 
  5 TAO,  Function value: 0.043256,  Residual: 3.75505 
Tao Object: 1 MPI processes
  type: lmvm
    Gradient steps: 2
    Recycle: on
    Total recycled iterations: 10
  TaoLineSearch Object: 1 MPI processes
    type: more-thuente
    maximum function evaluations=30
    tolerances: ftol=0.0001, rtol=1e-10, gtol=0.9
    total number of function evaluations=0
    total number of gradient evaluations=0
    total number of function/gradient evaluations=1
    Termination reason: 1
  convergence tolerances: gatol=0.001,   steptol=0.,   gttol=0.
  Residual in Function/Gradient:=3.75505
  Objective value=0.043256
  total number of iterations=5,                          (max: 5)
  total number of function/gradient evaluations=10,      (max: 4000)
  Solver terminated: -2   Maximum Iterations
Solve cycle: 3
  0 TAO,  Function value: 0.043256,  Residual: 3.75505 
  1 TAO,  Function value: 0.00428874,  Residual: 0.850606 
  2 TAO,  Function value: 0.00297183,  Residual: 0.615265 
  3 TAO,  Function value: 0.000506667,  Residual: 0.381335 
  4 TAO,  Function value: 0.000152406,  Residual: 0.48358 
  5 TAO,  Function value: 5.20744e-06,  Residual: 0.00771226 
Tao Object: 1 MPI processes
  type: lmvm
    Gradient steps: 2
    Recycle: on
    Total recycled iterations: 15
  TaoLineSearch Object: 1 MPI processes
    type: more-thuente
    maximum function evaluations=30
    tolerances: ftol=0.0001, rtol=1e-10, gtol=0.9
    total number of function evaluations=0
    total number of gradient evaluations=0
    total number of function/gradient evaluations=1
    Termination reason: 1
  convergence tolerances: gatol=0.001,   steptol=0.,   gttol=0.
  Residual in Function/Gradient:=0.00771226
  Objective value=5.20744e-06
  total number of iterations=5,                          (max: 5)
  total number of function/gradient evaluations=8,      (max: 4000)
  Solver terminated: -2   Maximum Iterations
Solve cycle: 4
  0 TAO,  Function value: 5.20744e-06,  Residual: 0.00771226 
  1 TAO,  Function value: 5.46841e-08,  Residual: 0.00483228 
  2 TAO,  Function value: 2.15671e-11,  Residual: 0.00014313 
Tao Object: 1 MPI processes
  type: lmvm
    Gradient steps: 2
    Recycle: on
    Total recycled iterations: 17
  TaoLineSearch Object: 1 MPI processes
    type: more-thuente
    maximum function evaluations=30
    tolerances: ftol=0.0001, rtol=1e-10, gtol=0.9
    total number of function evaluations=0
    total number of gradient evaluations=0
    total number of function/gradient evaluations=1
    Termination reason: 1
  convergence tolerances: gatol=0.001,   steptol=0.,   gttol=0.
  Residual in Function/Gradient:=0.00014313
  Objective value=2.15671e-11
  total number of iterations=2,                          (max: 5)
  total number of function/gradient evaluations=3,      (max: 4000)
  Solution converged:    ||g(X)|| <= gatol
