iter =   0, Function value 1., Residual: 2. 
iter =   0, Function value 0.771065, Residual: 4.79162 
iter =   1, Function value 0.532904, Residual: 4.3685 
iter =   2, Function value 0.350686, Residual: 4.05813 
iter =   3, Function value 0.217573, Residual: 3.95913 
iter =   4, Function value 0.123952, Residual: 3.40934 
iter =   5, Function value 0.123952, Residual: 3.40934 
iter =   5, Function value 0.123952, Residual: 3.40934 
iter =   5, Function value 0.123952, Residual: 3.40934 
iter =   5, Function value 0.113832, Residual: 0.824065 
iter =   6, Function value 0.113832, Residual: 0.824065 
iter =   6, Function value 0.113832, Residual: 0.824065 
iter =   6, Function value 0.113139, Residual: 0.426519 
iter =   7, Function value 0.111738, Residual: 0.821193 
iter =   8, Function value 0.111738, Residual: 0.821193 
iter =   8, Function value 0.111738, Residual: 0.821193 
iter =   8, Function value 0.11105, Residual: 0.420749 
iter =   9, Function value 0.109118, Residual: 0.412232 
iter =  10, Function value 0.101613, Residual: 0.381373 
iter =  11, Function value 0.0755949, Residual: 0.928816 
iter =  12, Function value 0.0716522, Residual: 9.52747 
iter =  13, Function value 0.00934828, Residual: 0.0936052 
iter =  14, Function value 0.00637888, Residual: 3.50628 
iter =  15, Function value 1.94238e-05, Residual: 0.00595867 
iter =  16, Function value 3.71455e-08, Residual: 0.00855864 
iter =  17, Function value 6.64766e-16, Residual: < 1.0e-6 
