iter =   0, Function value 1., Residual: 2. 
iter =   1, Function value 0.791905, Residual: 3.15898 
iter =   2, Function value 0.592607, Residual: 5.4106 
iter =   3, Function value 0.370322, Residual: 2.58241 
iter =   4, Function value 0.299535, Residual: 2.13981 
iter =   5, Function value 0.270172, Residual: 4.27842 
iter =   6, Function value 0.218497, Residual: 4.97344 
iter =   7, Function value 0.135331, Residual: 2.04591 
iter =   8, Function value 0.0999946, Residual: 5.55282 
iter =   9, Function value 0.0467952, Residual: 0.277087 
iter =  10, Function value 0.0314939, Residual: 2.57633 
iter =  11, Function value 0.0200422, Residual: 2.94717 
iter =  12, Function value 0.0069213, Residual: 0.307266 
iter =  13, Function value 0.0042892, Residual: 2.5896 
iter =  14, Function value 0.001641, Residual: 0.190459 
iter =  15, Function value 0.000664491, Residual: 0.152194 
iter =  16, Function value 7.48733e-05, Residual: 0.354895 
iter =  17, Function value 3.77456e-06, Residual: 0.00555879 
iter =  18, Function value 1.5422e-08, Residual: 0.00239995 
iter =  19, Function value 5.06675e-12, Residual: 7.76053e-05 
