PetscSection Object: 1 MPI processes
  type not yet set
3 fields
  field 0 with 1 components
Process 0:
  (   0) dim  0 offset   0
  (   1) dim  0 offset   3
  (   2) dim  0 offset   6
  (   3) dim  0 offset   9
  (   4) dim  0 offset  12
  (   5) dim  0 offset  15
  (   6) dim  1 offset  18 constrained 0
  (   7) dim  1 offset  19 constrained 0
  (   8) dim  1 offset  20 constrained 0
  (   9) dim  1 offset  21 constrained 0
  (  10) dim  1 offset  22 constrained 0
  (  11) dim  1 offset  23 constrained 0
  (  12) dim  1 offset  24 constrained 0
  (  13) dim  1 offset  25 constrained 0
  (  14) dim  0 offset  26
  (  15) dim  0 offset  28
  (  16) dim  0 offset  30
  (  17) dim  0 offset  32
  (  18) dim  0 offset  34
  (  19) dim  0 offset  36
  (  20) dim  0 offset  38
  (  21) dim  0 offset  40
  (  22) dim  0 offset  42
  (  23) dim  0 offset  44
  (  24) dim  0 offset  46
  (  25) dim  0 offset  48
  (  26) dim  0 offset  50
  (  27) dim  0 offset  52
  (  28) dim  0 offset  54
  (  29) dim  0 offset  56
  (  30) dim  0 offset  58
  (  31) dim  0 offset  60
  (  32) dim  0 offset  62
  (  33) dim  0 offset  62
  (  34) dim  0 offset  62
  (  35) dim  0 offset  62
  (  36) dim  0 offset  62
  (  37) dim  0 offset  62
  (  38) dim  0 offset  62
  (  39) dim  0 offset  62
  (  40) dim  0 offset  62
  (  41) dim  0 offset  62
  (  42) dim  0 offset  62
  (  43) dim  0 offset  62
  (  44) dim  0 offset  62
  (  45) dim  0 offset  62
  (  46) dim  0 offset  62
  (  47) dim  0 offset  62
  (  48) dim  0 offset  62
  (  49) dim  0 offset  62
  (  50) dim  0 offset  62
  field 1 with 3 components
Process 0:
  (   0) dim  3 offset   0
  (   1) dim  3 offset   3
  (   2) dim  3 offset   6
  (   3) dim  3 offset   9
  (   4) dim  3 offset  12
  (   5) dim  3 offset  15
  (   6) dim  0 offset  19
  (   7) dim  0 offset  20
  (   8) dim  0 offset  21
  (   9) dim  0 offset  22
  (  10) dim  0 offset  23
  (  11) dim  0 offset  24
  (  12) dim  0 offset  25
  (  13) dim  0 offset  26
  (  14) dim  0 offset  26
  (  15) dim  0 offset  28
  (  16) dim  0 offset  30
  (  17) dim  0 offset  32
  (  18) dim  0 offset  34
  (  19) dim  0 offset  36
  (  20) dim  0 offset  38
  (  21) dim  0 offset  40
  (  22) dim  0 offset  42
  (  23) dim  0 offset  44
  (  24) dim  0 offset  46
  (  25) dim  0 offset  48
  (  26) dim  0 offset  50
  (  27) dim  0 offset  52
  (  28) dim  0 offset  54
  (  29) dim  0 offset  56
  (  30) dim  0 offset  58
  (  31) dim  0 offset  60
  (  32) dim  0 offset  62
  (  33) dim  0 offset  62
  (  34) dim  0 offset  62
  (  35) dim  0 offset  62
  (  36) dim  0 offset  62
  (  37) dim  0 offset  62
  (  38) dim  0 offset  62
  (  39) dim  0 offset  62
  (  40) dim  0 offset  62
  (  41) dim  0 offset  62
  (  42) dim  0 offset  62
  (  43) dim  0 offset  62
  (  44) dim  0 offset  62
  (  45) dim  0 offset  62
  (  46) dim  0 offset  62
  (  47) dim  0 offset  62
  (  48) dim  0 offset  62
  (  49) dim  0 offset  62
  (  50) dim  0 offset  62
  field 2 with 2 components
Process 0:
  (   0) dim  0 offset   3
  (   1) dim  0 offset   6
  (   2) dim  0 offset   9
  (   3) dim  0 offset  12
  (   4) dim  0 offset  15
  (   5) dim  0 offset  18
  (   6) dim  0 offset  19
  (   7) dim  0 offset  20
  (   8) dim  0 offset  21
  (   9) dim  0 offset  22
  (  10) dim  0 offset  23
  (  11) dim  0 offset  24
  (  12) dim  0 offset  25
  (  13) dim  0 offset  26
  (  14) dim  2 offset  26
  (  15) dim  2 offset  28
  (  16) dim  2 offset  30
  (  17) dim  2 offset  32
  (  18) dim  2 offset  34
  (  19) dim  2 offset  36
  (  20) dim  2 offset  38
  (  21) dim  2 offset  40
  (  22) dim  2 offset  42
  (  23) dim  2 offset  44
  (  24) dim  2 offset  46
  (  25) dim  2 offset  48
  (  26) dim  2 offset  50
  (  27) dim  2 offset  52
  (  28) dim  2 offset  54
  (  29) dim  2 offset  56
  (  30) dim  2 offset  58
  (  31) dim  2 offset  60
  (  32) dim  0 offset  62
  (  33) dim  0 offset  62
  (  34) dim  0 offset  62
  (  35) dim  0 offset  62
  (  36) dim  0 offset  62
  (  37) dim  0 offset  62
  (  38) dim  0 offset  62
  (  39) dim  0 offset  62
  (  40) dim  0 offset  62
  (  41) dim  0 offset  62
  (  42) dim  0 offset  62
  (  43) dim  0 offset  62
  (  44) dim  0 offset  62
  (  45) dim  0 offset  62
  (  46) dim  0 offset  62
  (  47) dim  0 offset  62
  (  48) dim  0 offset  62
  (  49) dim  0 offset  62
  (  50) dim  0 offset  62
