DM Object: 8 MPI processes
  type: plex
DM_0x84000004_0 in 3 dimensions:
Supports:
[0] Max support size: 6
[0]: 7 ----> 3
[0]: 7 ----> 4
[0]: 7 ----> 5
[0]: 7 ----> 6
[0]: 8 ----> 4
[0]: 8 ----> 6
[0]: 9 ----> 5
[0]: 9 ----> 6
[0]: 10 ----> 6
[0]: 11 ----> 0
[0]: 12 ----> 0
[0]: 13 ----> 0
[0]: 13 ----> 1
[0]: 13 ----> 2
[0]: 13 ----> 3
[0]: 13 ----> 4
[0]: 14 ----> 0
[0]: 14 ----> 1
[0]: 14 ----> 4
[0]: 15 ----> 3
[0]: 15 ----> 4
[0]: 16 ----> 4
[0]: 17 ----> 0
[0]: 18 ----> 0
[0]: 19 ----> 0
[0]: 19 ----> 1
[0]: 19 ----> 2
[0]: 20 ----> 0
[0]: 20 ----> 1
[0]: 21 ----> 1
[0]: 21 ----> 2
[0]: 22 ----> 1
[0]: 23 ----> 1
[0]: 23 ----> 2
[0]: 23 ----> 3
[0]: 23 ----> 4
[0]: 23 ----> 5
[0]: 23 ----> 6
[0]: 24 ----> 1
[0]: 24 ----> 4
[0]: 24 ----> 6
[0]: 25 ----> 5
[0]: 25 ----> 6
[0]: 26 ----> 6
[0]: 27 ----> 2
[0]: 27 ----> 3
[0]: 28 ----> 3
[0]: 29 ----> 2
[0]: 30 ----> 2
[0]: 31 ----> 2
[0]: 31 ----> 3
[0]: 31 ----> 5
[0]: 32 ----> 3
[0]: 32 ----> 5
[0]: 33 ----> 5
[0]: 34 ----> 5
[1] Max support size: 7
[1]: 7 ----> 0
[1]: 7 ----> 1
[1]: 7 ----> 2
[1]: 7 ----> 3
[1]: 7 ----> 4
[1]: 7 ----> 5
[1]: 7 ----> 6
[1]: 8 ----> 0
[1]: 8 ----> 3
[1]: 8 ----> 6
[1]: 9 ----> 0
[1]: 9 ----> 1
[1]: 9 ----> 2
[1]: 9 ----> 3
[1]: 10 ----> 0
[1]: 10 ----> 3
[1]: 11 ----> 2
[1]: 11 ----> 3
[1]: 11 ----> 5
[1]: 11 ----> 6
[1]: 12 ----> 2
[1]: 12 ----> 3
[1]: 13 ----> 3
[1]: 13 ----> 6
[1]: 14 ----> 3
[1]: 15 ----> 4
[1]: 15 ----> 5
[1]: 15 ----> 6
[1]: 16 ----> 6
[1]: 17 ----> 5
[1]: 17 ----> 6
[1]: 18 ----> 6
[1]: 19 ----> 0
[1]: 19 ----> 1
[1]: 19 ----> 4
[1]: 20 ----> 0
[1]: 21 ----> 0
[1]: 21 ----> 1
[1]: 22 ----> 0
[1]: 23 ----> 4
[1]: 24 ----> 1
[1]: 24 ----> 4
[1]: 25 ----> 1
[1]: 25 ----> 2
[1]: 25 ----> 4
[1]: 25 ----> 5
[1]: 26 ----> 1
[1]: 27 ----> 1
[1]: 27 ----> 2
[1]: 28 ----> 2
[1]: 28 ----> 5
[1]: 29 ----> 2
[1]: 30 ----> 4
[1]: 30 ----> 5
[1]: 31 ----> 5
[1]: 32 ----> 4
[2] Max support size: 6
[2]: 7 ----> 0
[2]: 7 ----> 1
[2]: 7 ----> 2
[2]: 7 ----> 3
[2]: 7 ----> 4
[2]: 7 ----> 5
[2]: 8 ----> 0
[2]: 8 ----> 3
[2]: 9 ----> 0
[2]: 9 ----> 3
[2]: 10 ----> 0
[2]: 10 ----> 1
[2]: 10 ----> 3
[2]: 10 ----> 4
[2]: 11 ----> 0
[2]: 11 ----> 1
[2]: 11 ----> 2
[2]: 12 ----> 0
[2]: 13 ----> 0
[2]: 14 ----> 0
[2]: 14 ----> 1
[2]: 15 ----> 1
[2]: 15 ----> 4
[2]: 16 ----> 1
[2]: 16 ----> 2
[2]: 16 ----> 4
[2]: 16 ----> 5
[2]: 17 ----> 1
[2]: 18 ----> 1
[2]: 18 ----> 2
[2]: 19 ----> 3
[2]: 19 ----> 4
[2]: 19 ----> 5
[2]: 19 ----> 6
[2]: 20 ----> 3
[2]: 21 ----> 3
[2]: 22 ----> 3
[2]: 22 ----> 4
[2]: 23 ----> 4
[2]: 24 ----> 4
[2]: 24 ----> 5
[2]: 24 ----> 6
[2]: 25 ----> 6
[2]: 26 ----> 6
[2]: 27 ----> 2
[2]: 28 ----> 2
[2]: 29 ----> 2
[2]: 29 ----> 5
[2]: 30 ----> 2
[2]: 30 ----> 5
[2]: 31 ----> 5
[2]: 31 ----> 6
[2]: 32 ----> 5
[2]: 32 ----> 6
[2]: 33 ----> 6
[2]: 34 ----> 6
[3] Max support size: 5
[3]: 7 ----> 0
[3]: 7 ----> 1
[3]: 8 ----> 0
[3]: 9 ----> 0
[3]: 10 ----> 0
[3]: 10 ----> 1
[3]: 11 ----> 1
[3]: 12 ----> 1
[3]: 13 ----> 0
[3]: 13 ----> 1
[3]: 13 ----> 2
[3]: 13 ----> 5
[3]: 13 ----> 6
[3]: 14 ----> 0
[3]: 14 ----> 2
[3]: 14 ----> 3
[3]: 14 ----> 4
[3]: 15 ----> 0
[3]: 15 ----> 2
[3]: 15 ----> 3
[3]: 16 ----> 0
[3]: 16 ----> 1
[3]: 16 ----> 2
[3]: 16 ----> 5
[3]: 17 ----> 3
[3]: 17 ----> 4
[3]: 18 ----> 3
[3]: 19 ----> 1
[3]: 19 ----> 5
[3]: 20 ----> 1
[3]: 20 ----> 5
[3]: 20 ----> 6
[3]: 21 ----> 2
[3]: 21 ----> 5
[3]: 21 ----> 6
[3]: 22 ----> 2
[3]: 22 ----> 3
[3]: 22 ----> 4
[3]: 23 ----> 2
[3]: 23 ----> 3
[3]: 24 ----> 2
[3]: 24 ----> 5
[3]: 25 ----> 3
[3]: 25 ----> 4
[3]: 26 ----> 3
[3]: 27 ----> 5
[3]: 28 ----> 5
[3]: 28 ----> 6
[3]: 29 ----> 4
[3]: 30 ----> 4
[3]: 31 ----> 4
[3]: 32 ----> 4
[3]: 33 ----> 6
[3]: 34 ----> 6
[3]: 35 ----> 6
[3]: 36 ----> 6
[4] Max support size: 6
[4]: 7 ----> 0
[4]: 7 ----> 1
[4]: 7 ----> 3
[4]: 7 ----> 4
[4]: 8 ----> 0
[4]: 8 ----> 3
[4]: 9 ----> 0
[4]: 9 ----> 1
[4]: 10 ----> 0
[4]: 11 ----> 0
[4]: 11 ----> 1
[4]: 11 ----> 2
[4]: 11 ----> 3
[4]: 11 ----> 4
[4]: 11 ----> 5
[4]: 12 ----> 0
[4]: 12 ----> 3
[4]: 13 ----> 0
[4]: 13 ----> 1
[4]: 13 ----> 2
[4]: 14 ----> 0
[4]: 15 ----> 2
[4]: 15 ----> 5
[4]: 16 ----> 2
[4]: 17 ----> 3
[4]: 17 ----> 6
[4]: 18 ----> 3
[4]: 18 ----> 6
[4]: 19 ----> 3
[4]: 19 ----> 4
[4]: 19 ----> 6
[4]: 20 ----> 3
[4]: 20 ----> 4
[4]: 20 ----> 5
[4]: 20 ----> 6
[4]: 21 ----> 5
[4]: 22 ----> 6
[4]: 23 ----> 6
[4]: 24 ----> 6
[4]: 25 ----> 6
[4]: 26 ----> 1
[4]: 26 ----> 4
[4]: 27 ----> 1
[4]: 27 ----> 2
[4]: 27 ----> 4
[4]: 27 ----> 5
[4]: 28 ----> 1
[4]: 29 ----> 1
[4]: 29 ----> 2
[4]: 30 ----> 2
[4]: 30 ----> 5
[4]: 31 ----> 2
[4]: 32 ----> 4
[4]: 32 ----> 5
[4]: 33 ----> 5
[4]: 34 ----> 4
[5] Max support size: 6
[5]: 7 ----> 0
[5]: 8 ----> 0
[5]: 8 ----> 1
[5]: 9 ----> 1
[5]: 10 ----> 0
[5]: 10 ----> 3
[5]: 10 ----> 4
[5]: 11 ----> 3
[5]: 12 ----> 0
[5]: 12 ----> 1
[5]: 12 ----> 3
[5]: 12 ----> 4
[5]: 12 ----> 5
[5]: 13 ----> 3
[5]: 14 ----> 0
[5]: 14 ----> 1
[5]: 14 ----> 2
[5]: 14 ----> 4
[5]: 14 ----> 5
[5]: 14 ----> 6
[5]: 15 ----> 1
[5]: 15 ----> 2
[5]: 15 ----> 5
[5]: 15 ----> 6
[5]: 16 ----> 1
[5]: 16 ----> 5
[5]: 17 ----> 3
[5]: 17 ----> 4
[5]: 18 ----> 3
[5]: 19 ----> 3
[5]: 19 ----> 4
[5]: 19 ----> 5
[5]: 20 ----> 3
[5]: 21 ----> 4
[5]: 21 ----> 5
[5]: 21 ----> 6
[5]: 22 ----> 5
[5]: 22 ----> 6
[5]: 23 ----> 5
[5]: 24 ----> 0
[5]: 24 ----> 1
[5]: 24 ----> 2
[5]: 25 ----> 1
[5]: 25 ----> 2
[5]: 26 ----> 0
[5]: 26 ----> 2
[5]: 27 ----> 2
[5]: 28 ----> 0
[5]: 28 ----> 2
[5]: 28 ----> 4
[5]: 28 ----> 6
[5]: 29 ----> 2
[5]: 29 ----> 6
[5]: 30 ----> 4
[5]: 30 ----> 6
[5]: 31 ----> 6
[6] Max support size: 5
[6]: 7 ----> 0
[6]: 7 ----> 3
[6]: 7 ----> 4
[6]: 7 ----> 6
[6]: 8 ----> 0
[6]: 8 ----> 4
[6]: 9 ----> 0
[6]: 9 ----> 3
[6]: 10 ----> 0
[6]: 11 ----> 0
[6]: 11 ----> 4
[6]: 12 ----> 0
[6]: 13 ----> 0
[6]: 13 ----> 3
[6]: 13 ----> 4
[6]: 13 ----> 6
[6]: 14 ----> 0
[6]: 14 ----> 3
[6]: 15 ----> 2
[6]: 16 ----> 2
[6]: 17 ----> 1
[6]: 17 ----> 5
[6]: 18 ----> 1
[6]: 18 ----> 3
[6]: 18 ----> 5
[6]: 18 ----> 6
[6]: 19 ----> 1
[6]: 19 ----> 2
[6]: 20 ----> 1
[6]: 21 ----> 1
[6]: 21 ----> 3
[6]: 22 ----> 1
[6]: 22 ----> 2
[6]: 22 ----> 3
[6]: 23 ----> 4
[6]: 24 ----> 4
[6]: 25 ----> 2
[6]: 26 ----> 2
[6]: 27 ----> 1
[6]: 27 ----> 2
[6]: 27 ----> 5
[6]: 28 ----> 1
[6]: 28 ----> 2
[6]: 28 ----> 3
[6]: 28 ----> 5
[6]: 28 ----> 6
[6]: 29 ----> 4
[6]: 29 ----> 6
[6]: 30 ----> 4
[6]: 30 ----> 6
[6]: 31 ----> 5
[6]: 32 ----> 5
[6]: 33 ----> 5
[6]: 33 ----> 6
[6]: 34 ----> 5
[6]: 34 ----> 6
[7] Max support size: 6
[7]: 7 ----> 0
[7]: 8 ----> 0
[7]: 9 ----> 0
[7]: 10 ----> 0
[7]: 11 ----> 3
[7]: 12 ----> 3
[7]: 13 ----> 0
[7]: 13 ----> 2
[7]: 14 ----> 0
[7]: 14 ----> 2
[7]: 15 ----> 0
[7]: 15 ----> 1
[7]: 15 ----> 2
[7]: 16 ----> 1
[7]: 17 ----> 1
[7]: 17 ----> 3
[7]: 18 ----> 0
[7]: 18 ----> 1
[7]: 18 ----> 2
[7]: 18 ----> 3
[7]: 19 ----> 3
[7]: 19 ----> 6
[7]: 20 ----> 3
[7]: 20 ----> 6
[7]: 21 ----> 2
[7]: 21 ----> 5
[7]: 22 ----> 2
[7]: 22 ----> 5
[7]: 23 ----> 1
[7]: 23 ----> 2
[7]: 23 ----> 4
[7]: 23 ----> 5
[7]: 24 ----> 1
[7]: 24 ----> 4
[7]: 25 ----> 1
[7]: 25 ----> 3
[7]: 25 ----> 4
[7]: 25 ----> 6
[7]: 26 ----> 1
[7]: 26 ----> 2
[7]: 26 ----> 3
[7]: 26 ----> 4
[7]: 26 ----> 5
[7]: 26 ----> 6
[7]: 27 ----> 6
[7]: 28 ----> 6
[7]: 29 ----> 5
[7]: 30 ----> 5
[7]: 31 ----> 4
[7]: 31 ----> 5
[7]: 32 ----> 4
[7]: 33 ----> 4
[7]: 33 ----> 6
[7]: 34 ----> 4
[7]: 34 ----> 5
[7]: 34 ----> 6
Cones:
[0] Max cone size: 8
[0]: 0 <---- 20 (0)
[0]: 0 <---- 14 (0)
[0]: 0 <---- 13 (0)
[0]: 0 <---- 19 (0)
[0]: 0 <---- 18 (0)
[0]: 0 <---- 17 (0)
[0]: 0 <---- 11 (0)
[0]: 0 <---- 12 (0)
[0]: 1 <---- 22 (0)
[0]: 1 <---- 24 (0)
[0]: 1 <---- 23 (0)
[0]: 1 <---- 21 (0)
[0]: 1 <---- 20 (0)
[0]: 1 <---- 19 (0)
[0]: 1 <---- 13 (0)
[0]: 1 <---- 14 (0)
[0]: 2 <---- 21 (0)
[0]: 2 <---- 23 (0)
[0]: 2 <---- 31 (0)
[0]: 2 <---- 30 (0)
[0]: 2 <---- 19 (0)
[0]: 2 <---- 29 (0)
[0]: 2 <---- 27 (0)
[0]: 2 <---- 13 (0)
[0]: 3 <---- 23 (0)
[0]: 3 <---- 7 (0)
[0]: 3 <---- 32 (0)
[0]: 3 <---- 31 (0)
[0]: 3 <---- 13 (0)
[0]: 3 <---- 27 (0)
[0]: 3 <---- 28 (0)
[0]: 3 <---- 15 (0)
[0]: 4 <---- 7 (0)
[0]: 4 <---- 23 (0)
[0]: 4 <---- 24 (0)
[0]: 4 <---- 8 (0)
[0]: 4 <---- 15 (0)
[0]: 4 <---- 16 (0)
[0]: 4 <---- 14 (0)
[0]: 4 <---- 13 (0)
[0]: 5 <---- 25 (0)
[0]: 5 <---- 9 (0)
[0]: 5 <---- 34 (0)
[0]: 5 <---- 33 (0)
[0]: 5 <---- 23 (0)
[0]: 5 <---- 31 (0)
[0]: 5 <---- 32 (0)
[0]: 5 <---- 7 (0)
[0]: 6 <---- 9 (0)
[0]: 6 <---- 25 (0)
[0]: 6 <---- 26 (0)
[0]: 6 <---- 10 (0)
[0]: 6 <---- 7 (0)
[0]: 6 <---- 8 (0)
[0]: 6 <---- 24 (0)
[0]: 6 <---- 23 (0)
[1] Max cone size: 8
[1]: 0 <---- 20 (0)
[1]: 0 <---- 8 (0)
[1]: 0 <---- 7 (0)
[1]: 0 <---- 19 (0)
[1]: 0 <---- 22 (0)
[1]: 0 <---- 21 (0)
[1]: 0 <---- 9 (0)
[1]: 0 <---- 10 (0)
[1]: 1 <---- 19 (0)
[1]: 1 <---- 7 (0)
[1]: 1 <---- 25 (0)
[1]: 1 <---- 24 (0)
[1]: 1 <---- 21 (0)
[1]: 1 <---- 26 (0)
[1]: 1 <---- 27 (0)
[1]: 1 <---- 9 (0)
[1]: 2 <---- 7 (0)
[1]: 2 <---- 11 (0)
[1]: 2 <---- 28 (0)
[1]: 2 <---- 25 (0)
[1]: 2 <---- 9 (0)
[1]: 2 <---- 27 (0)
[1]: 2 <---- 29 (0)
[1]: 2 <---- 12 (0)
[1]: 3 <---- 11 (0)
[1]: 3 <---- 7 (0)
[1]: 3 <---- 8 (0)
[1]: 3 <---- 13 (0)
[1]: 3 <---- 12 (0)
[1]: 3 <---- 14 (0)
[1]: 3 <---- 10 (0)
[1]: 3 <---- 9 (0)
[1]: 4 <---- 23 (0)
[1]: 4 <---- 15 (0)
[1]: 4 <---- 30 (0)
[1]: 4 <---- 32 (0)
[1]: 4 <---- 19 (0)
[1]: 4 <---- 24 (0)
[1]: 4 <---- 25 (0)
[1]: 4 <---- 7 (0)
[1]: 5 <---- 15 (0)
[1]: 5 <---- 17 (0)
[1]: 5 <---- 31 (0)
[1]: 5 <---- 30 (0)
[1]: 5 <---- 7 (0)
[1]: 5 <---- 25 (0)
[1]: 5 <---- 28 (0)
[1]: 5 <---- 11 (0)
[1]: 6 <---- 17 (0)
[1]: 6 <---- 15 (0)
[1]: 6 <---- 16 (0)
[1]: 6 <---- 18 (0)
[1]: 6 <---- 11 (0)
[1]: 6 <---- 13 (0)
[1]: 6 <---- 8 (0)
[1]: 6 <---- 7 (0)
[2] Max cone size: 8
[2]: 0 <---- 7 (0)
[2]: 0 <---- 10 (0)
[2]: 0 <---- 9 (0)
[2]: 0 <---- 8 (0)
[2]: 0 <---- 11 (0)
[2]: 0 <---- 12 (0)
[2]: 0 <---- 13 (0)
[2]: 0 <---- 14 (0)
[2]: 1 <---- 10 (0)
[2]: 1 <---- 7 (0)
[2]: 1 <---- 16 (0)
[2]: 1 <---- 15 (0)
[2]: 1 <---- 14 (0)
[2]: 1 <---- 17 (0)
[2]: 1 <---- 18 (0)
[2]: 1 <---- 11 (0)
[2]: 2 <---- 16 (0)
[2]: 2 <---- 7 (0)
[2]: 2 <---- 30 (0)
[2]: 2 <---- 29 (0)
[2]: 2 <---- 18 (0)
[2]: 2 <---- 27 (0)
[2]: 2 <---- 28 (0)
[2]: 2 <---- 11 (0)
[2]: 3 <---- 19 (0)
[2]: 3 <---- 22 (0)
[2]: 3 <---- 21 (0)
[2]: 3 <---- 20 (0)
[2]: 3 <---- 7 (0)
[2]: 3 <---- 8 (0)
[2]: 3 <---- 9 (0)
[2]: 3 <---- 10 (0)
[2]: 4 <---- 22 (0)
[2]: 4 <---- 19 (0)
[2]: 4 <---- 24 (0)
[2]: 4 <---- 23 (0)
[2]: 4 <---- 10 (0)
[2]: 4 <---- 15 (0)
[2]: 4 <---- 16 (0)
[2]: 4 <---- 7 (0)
[2]: 5 <---- 24 (0)
[2]: 5 <---- 19 (0)
[2]: 5 <---- 32 (0)
[2]: 5 <---- 31 (0)
[2]: 5 <---- 16 (0)
[2]: 5 <---- 29 (0)
[2]: 5 <---- 30 (0)
[2]: 5 <---- 7 (0)
[2]: 6 <---- 26 (0)
[2]: 6 <---- 25 (0)
[2]: 6 <---- 34 (0)
[2]: 6 <---- 33 (0)
[2]: 6 <---- 24 (0)
[2]: 6 <---- 31 (0)
[2]: 6 <---- 32 (0)
[2]: 6 <---- 19 (0)
[3] Max cone size: 8
[3]: 0 <---- 13 (0)
[3]: 0 <---- 16 (0)
[3]: 0 <---- 15 (0)
[3]: 0 <---- 14 (0)
[3]: 0 <---- 7 (0)
[3]: 0 <---- 8 (0)
[3]: 0 <---- 9 (0)
[3]: 0 <---- 10 (0)
[3]: 1 <---- 16 (0)
[3]: 1 <---- 13 (0)
[3]: 1 <---- 20 (0)
[3]: 1 <---- 19 (0)
[3]: 1 <---- 10 (0)
[3]: 1 <---- 11 (0)
[3]: 1 <---- 12 (0)
[3]: 1 <---- 7 (0)
[3]: 2 <---- 21 (0)
[3]: 2 <---- 24 (0)
[3]: 2 <---- 23 (0)
[3]: 2 <---- 22 (0)
[3]: 2 <---- 13 (0)
[3]: 2 <---- 14 (0)
[3]: 2 <---- 15 (0)
[3]: 2 <---- 16 (0)
[3]: 3 <---- 23 (0)
[3]: 3 <---- 26 (0)
[3]: 3 <---- 25 (0)
[3]: 3 <---- 22 (0)
[3]: 3 <---- 15 (0)
[3]: 3 <---- 14 (0)
[3]: 3 <---- 17 (0)
[3]: 3 <---- 18 (0)
[3]: 4 <---- 22 (0)
[3]: 4 <---- 25 (0)
[3]: 4 <---- 32 (0)
[3]: 4 <---- 31 (0)
[3]: 4 <---- 14 (0)
[3]: 4 <---- 29 (0)
[3]: 4 <---- 30 (0)
[3]: 4 <---- 17 (0)
[3]: 5 <---- 24 (0)
[3]: 5 <---- 21 (0)
[3]: 5 <---- 28 (0)
[3]: 5 <---- 27 (0)
[3]: 5 <---- 16 (0)
[3]: 5 <---- 19 (0)
[3]: 5 <---- 20 (0)
[3]: 5 <---- 13 (0)
[3]: 6 <---- 28 (0)
[3]: 6 <---- 21 (0)
[3]: 6 <---- 36 (0)
[3]: 6 <---- 35 (0)
[3]: 6 <---- 20 (0)
[3]: 6 <---- 33 (0)
[3]: 6 <---- 34 (0)
[3]: 6 <---- 13 (0)
[4] Max cone size: 8
[4]: 0 <---- 7 (0)
[4]: 0 <---- 8 (0)
[4]: 0 <---- 12 (0)
[4]: 0 <---- 11 (0)
[4]: 0 <---- 9 (0)
[4]: 0 <---- 13 (0)
[4]: 0 <---- 14 (0)
[4]: 0 <---- 10 (0)
[4]: 1 <---- 7 (0)
[4]: 1 <---- 11 (0)
[4]: 1 <---- 27 (0)
[4]: 1 <---- 26 (0)
[4]: 1 <---- 9 (0)
[4]: 1 <---- 28 (0)
[4]: 1 <---- 29 (0)
[4]: 1 <---- 13 (0)
[4]: 2 <---- 11 (0)
[4]: 2 <---- 15 (0)
[4]: 2 <---- 30 (0)
[4]: 2 <---- 27 (0)
[4]: 2 <---- 13 (0)
[4]: 2 <---- 29 (0)
[4]: 2 <---- 31 (0)
[4]: 2 <---- 16 (0)
[4]: 3 <---- 19 (0)
[4]: 3 <---- 17 (0)
[4]: 3 <---- 18 (0)
[4]: 3 <---- 20 (0)
[4]: 3 <---- 7 (0)
[4]: 3 <---- 11 (0)
[4]: 3 <---- 12 (0)
[4]: 3 <---- 8 (0)
[4]: 4 <---- 19 (0)
[4]: 4 <---- 20 (0)
[4]: 4 <---- 32 (0)
[4]: 4 <---- 34 (0)
[4]: 4 <---- 7 (0)
[4]: 4 <---- 26 (0)
[4]: 4 <---- 27 (0)
[4]: 4 <---- 11 (0)
[4]: 5 <---- 20 (0)
[4]: 5 <---- 21 (0)
[4]: 5 <---- 33 (0)
[4]: 5 <---- 32 (0)
[4]: 5 <---- 11 (0)
[4]: 5 <---- 27 (0)
[4]: 5 <---- 30 (0)
[4]: 5 <---- 15 (0)
[4]: 6 <---- 22 (0)
[4]: 6 <---- 23 (0)
[4]: 6 <---- 25 (0)
[4]: 6 <---- 24 (0)
[4]: 6 <---- 19 (0)
[4]: 6 <---- 20 (0)
[4]: 6 <---- 18 (0)
[4]: 6 <---- 17 (0)
[5] Max cone size: 8
[5]: 0 <---- 10 (0)
[5]: 0 <---- 12 (0)
[5]: 0 <---- 14 (0)
[5]: 0 <---- 28 (0)
[5]: 0 <---- 7 (0)
[5]: 0 <---- 26 (0)
[5]: 0 <---- 24 (0)
[5]: 0 <---- 8 (0)
[5]: 1 <---- 12 (0)
[5]: 1 <---- 16 (0)
[5]: 1 <---- 15 (0)
[5]: 1 <---- 14 (0)
[5]: 1 <---- 8 (0)
[5]: 1 <---- 24 (0)
[5]: 1 <---- 25 (0)
[5]: 1 <---- 9 (0)
[5]: 2 <---- 14 (0)
[5]: 2 <---- 15 (0)
[5]: 2 <---- 29 (0)
[5]: 2 <---- 28 (0)
[5]: 2 <---- 24 (0)
[5]: 2 <---- 26 (0)
[5]: 2 <---- 27 (0)
[5]: 2 <---- 25 (0)
[5]: 3 <---- 17 (0)
[5]: 3 <---- 18 (0)
[5]: 3 <---- 20 (0)
[5]: 3 <---- 19 (0)
[5]: 3 <---- 10 (0)
[5]: 3 <---- 12 (0)
[5]: 3 <---- 13 (0)
[5]: 3 <---- 11 (0)
[5]: 4 <---- 17 (0)
[5]: 4 <---- 19 (0)
[5]: 4 <---- 21 (0)
[5]: 4 <---- 30 (0)
[5]: 4 <---- 10 (0)
[5]: 4 <---- 28 (0)
[5]: 4 <---- 14 (0)
[5]: 4 <---- 12 (0)
[5]: 5 <---- 19 (0)
[5]: 5 <---- 23 (0)
[5]: 5 <---- 22 (0)
[5]: 5 <---- 21 (0)
[5]: 5 <---- 12 (0)
[5]: 5 <---- 14 (0)
[5]: 5 <---- 15 (0)
[5]: 5 <---- 16 (0)
[5]: 6 <---- 21 (0)
[5]: 6 <---- 22 (0)
[5]: 6 <---- 31 (0)
[5]: 6 <---- 30 (0)
[5]: 6 <---- 14 (0)
[5]: 6 <---- 28 (0)
[5]: 6 <---- 29 (0)
[5]: 6 <---- 15 (0)
[6] Max cone size: 8
[6]: 0 <---- 8 (0)
[6]: 0 <---- 11 (0)
[6]: 0 <---- 13 (0)
[6]: 0 <---- 7 (0)
[6]: 0 <---- 10 (0)
[6]: 0 <---- 9 (0)
[6]: 0 <---- 14 (0)
[6]: 0 <---- 12 (0)
[6]: 1 <---- 27 (0)
[6]: 1 <---- 28 (0)
[6]: 1 <---- 18 (0)
[6]: 1 <---- 17 (0)
[6]: 1 <---- 19 (0)
[6]: 1 <---- 20 (0)
[6]: 1 <---- 21 (0)
[6]: 1 <---- 22 (0)
[6]: 2 <---- 28 (0)
[6]: 2 <---- 27 (0)
[6]: 2 <---- 25 (0)
[6]: 2 <---- 26 (0)
[6]: 2 <---- 22 (0)
[6]: 2 <---- 16 (0)
[6]: 2 <---- 15 (0)
[6]: 2 <---- 19 (0)
[6]: 3 <---- 28 (0)
[6]: 3 <---- 7 (0)
[6]: 3 <---- 13 (0)
[6]: 3 <---- 18 (0)
[6]: 3 <---- 22 (0)
[6]: 3 <---- 21 (0)
[6]: 3 <---- 14 (0)
[6]: 3 <---- 9 (0)
[6]: 4 <---- 23 (0)
[6]: 4 <---- 24 (0)
[6]: 4 <---- 30 (0)
[6]: 4 <---- 29 (0)
[6]: 4 <---- 8 (0)
[6]: 4 <---- 7 (0)
[6]: 4 <---- 13 (0)
[6]: 4 <---- 11 (0)
[6]: 5 <---- 31 (0)
[6]: 5 <---- 34 (0)
[6]: 5 <---- 33 (0)
[6]: 5 <---- 32 (0)
[6]: 5 <---- 27 (0)
[6]: 5 <---- 17 (0)
[6]: 5 <---- 18 (0)
[6]: 5 <---- 28 (0)
[6]: 6 <---- 34 (0)
[6]: 6 <---- 29 (0)
[6]: 6 <---- 30 (0)
[6]: 6 <---- 33 (0)
[6]: 6 <---- 28 (0)
[6]: 6 <---- 18 (0)
[6]: 6 <---- 13 (0)
[6]: 6 <---- 7 (0)
[7] Max cone size: 8
[7]: 0 <---- 18 (0)
[7]: 0 <---- 15 (0)
[7]: 0 <---- 13 (0)
[7]: 0 <---- 14 (0)
[7]: 0 <---- 10 (0)
[7]: 0 <---- 8 (0)
[7]: 0 <---- 7 (0)
[7]: 0 <---- 9 (0)
[7]: 1 <---- 23 (0)
[7]: 1 <---- 26 (0)
[7]: 1 <---- 25 (0)
[7]: 1 <---- 24 (0)
[7]: 1 <---- 15 (0)
[7]: 1 <---- 16 (0)
[7]: 1 <---- 17 (0)
[7]: 1 <---- 18 (0)
[7]: 2 <---- 26 (0)
[7]: 2 <---- 23 (0)
[7]: 2 <---- 21 (0)
[7]: 2 <---- 22 (0)
[7]: 2 <---- 18 (0)
[7]: 2 <---- 14 (0)
[7]: 2 <---- 13 (0)
[7]: 2 <---- 15 (0)
[7]: 3 <---- 26 (0)
[7]: 3 <---- 19 (0)
[7]: 3 <---- 20 (0)
[7]: 3 <---- 25 (0)
[7]: 3 <---- 18 (0)
[7]: 3 <---- 17 (0)
[7]: 3 <---- 12 (0)
[7]: 3 <---- 11 (0)
[7]: 4 <---- 31 (0)
[7]: 4 <---- 34 (0)
[7]: 4 <---- 33 (0)
[7]: 4 <---- 32 (0)
[7]: 4 <---- 23 (0)
[7]: 4 <---- 24 (0)
[7]: 4 <---- 25 (0)
[7]: 4 <---- 26 (0)
[7]: 5 <---- 34 (0)
[7]: 5 <---- 31 (0)
[7]: 5 <---- 29 (0)
[7]: 5 <---- 30 (0)
[7]: 5 <---- 26 (0)
[7]: 5 <---- 22 (0)
[7]: 5 <---- 21 (0)
[7]: 5 <---- 23 (0)
[7]: 6 <---- 34 (0)
[7]: 6 <---- 27 (0)
[7]: 6 <---- 28 (0)
[7]: 6 <---- 33 (0)
[7]: 6 <---- 26 (0)
[7]: 6 <---- 25 (0)
[7]: 6 <---- 20 (0)
[7]: 6 <---- 19 (0)
coordinates with 1 fields
  field 0 with 3 components
Process 0:
  (   7) dim  3 offset   0 1. 0.5 -0.5
  (   8) dim  3 offset   3 1. 1. -0.5
  (   9) dim  3 offset   6 1. 0.5 -1.
  (  10) dim  3 offset   9 1. 1. -1.
  (  11) dim  3 offset  12 0.625878 0.519886 0.5
  (  12) dim  3 offset  15 0.5 1. 0.5
  (  13) dim  3 offset  18 0.625878 0.519886 2.71653e-18
  (  14) dim  3 offset  21 0.5 1. 0.
  (  15) dim  3 offset  24 1. 0.5 0.
  (  16) dim  3 offset  27 1. 1. 0.
  (  17) dim  3 offset  30 0.25 0.433013 0.5
  (  18) dim  3 offset  33 0. 1. 0.5
  (  19) dim  3 offset  36 0.25 0.433013 1.38778e-17
  (  20) dim  3 offset  39 0. 1. 0.
  (  21) dim  3 offset  42 0.25 0.433013 -0.5
  (  22) dim  3 offset  45 0. 1. -0.5
  (  23) dim  3 offset  48 0.625878 0.519886 -0.5
  (  24) dim  3 offset  51 0.5 1. -0.5
  (  25) dim  3 offset  54 0.625701 0.51915 -1.
  (  26) dim  3 offset  57 0.5 1. -1.
  (  27) dim  3 offset  60 0.708626 0.173295 2.00929e-18
  (  28) dim  3 offset  63 1. 0. 0.
  (  29) dim  3 offset  66 0.5 0. 0.
  (  30) dim  3 offset  69 0.5 0. -0.5
  (  31) dim  3 offset  72 0.708626 0.173295 -0.5
  (  32) dim  3 offset  75 1. 0. -0.5
  (  33) dim  3 offset  78 0.708567 0.17305 -1.
  (  34) dim  3 offset  81 1. 0. -1.
Process 1:
  (   7) dim  3 offset   0 0.625878 0.519886 0.5
  (   8) dim  3 offset   3 0.5 1. 0.5
  (   9) dim  3 offset   6 0.625878 0.519886 1.
  (  10) dim  3 offset   9 0.5 1. 1.
  (  11) dim  3 offset  12 1. 0.5 0.5
  (  12) dim  3 offset  15 1. 0.5 1.
  (  13) dim  3 offset  18 1. 1. 0.5
  (  14) dim  3 offset  21 1. 1. 1.
  (  15) dim  3 offset  24 0.625878 0.519886 2.71653e-18
  (  16) dim  3 offset  27 0.5 1. 0.
  (  17) dim  3 offset  30 1. 0.5 0.
  (  18) dim  3 offset  33 1. 1. 0.
  (  19) dim  3 offset  36 0.25 0.433013 0.5
  (  20) dim  3 offset  39 0. 1. 0.5
  (  21) dim  3 offset  42 0.25 0.433013 1.
  (  22) dim  3 offset  45 0. 1. 1.
  (  23) dim  3 offset  48 0.25 0.433013 1.38778e-17
  (  24) dim  3 offset  51 0.5 0. 0.5
  (  25) dim  3 offset  54 0.708626 0.173295 0.5
  (  26) dim  3 offset  57 0.5 0. 1.
  (  27) dim  3 offset  60 0.708626 0.173295 1.
  (  28) dim  3 offset  63 1. 0. 0.5
  (  29) dim  3 offset  66 1. 0. 1.
  (  30) dim  3 offset  69 0.708626 0.173295 2.00929e-18
  (  31) dim  3 offset  72 1. 0. 0.
  (  32) dim  3 offset  75 0.5 0. 0.
Process 2:
  (   7) dim  3 offset   0 -0.25 0.433013 0.5
  (   8) dim  3 offset   3 0.25 0.433013 0.5
  (   9) dim  3 offset   6 0. 1. 0.5
  (  10) dim  3 offset   9 -0.5 1. 0.5
  (  11) dim  3 offset  12 -0.25 0.433013 1.
  (  12) dim  3 offset  15 0.25 0.433013 1.
  (  13) dim  3 offset  18 0. 1. 1.
  (  14) dim  3 offset  21 -0.5 1. 1.
  (  15) dim  3 offset  24 -1. 1. 0.5
  (  16) dim  3 offset  27 -1. 0.5 0.5
  (  17) dim  3 offset  30 -1. 1. 1.
  (  18) dim  3 offset  33 -1. 0.5 1.
  (  19) dim  3 offset  36 -0.25 0.433013 0.
  (  20) dim  3 offset  39 0.25 0.433013 1.38778e-17
  (  21) dim  3 offset  42 0. 1. 0.
  (  22) dim  3 offset  45 -0.5 1. 0.
  (  23) dim  3 offset  48 -1. 1. 0.
  (  24) dim  3 offset  51 -1. 0.5 0.
  (  25) dim  3 offset  54 -0.25 0.433013 -0.5
  (  26) dim  3 offset  57 -1. 0.5 -0.5
  (  27) dim  3 offset  60 -1. 0. 1.
  (  28) dim  3 offset  63 -0.5 -6.12323e-17 1.
  (  29) dim  3 offset  66 -1. 0. 0.5
  (  30) dim  3 offset  69 -0.5 -3.06162e-17 0.5
  (  31) dim  3 offset  72 -1. 0. 0.
  (  32) dim  3 offset  75 -0.5 0. 0.
  (  33) dim  3 offset  78 -1. 0. -0.5
  (  34) dim  3 offset  81 -0.5 3.06162e-17 -0.5
Process 3:
  (   7) dim  3 offset   0 -0.25 0.433013 0.
  (   8) dim  3 offset   3 0.25 0.433013 1.38778e-17
  (   9) dim  3 offset   6 0. 1. 0.
  (  10) dim  3 offset   9 -0.5 1. 0.
  (  11) dim  3 offset  12 -1. 1. 0.
  (  12) dim  3 offset  15 -1. 0.5 0.
  (  13) dim  3 offset  18 -0.25 0.433013 -0.5
  (  14) dim  3 offset  21 0.25 0.433013 -0.5
  (  15) dim  3 offset  24 0. 1. -0.5
  (  16) dim  3 offset  27 -0.5 1. -0.5
  (  17) dim  3 offset  30 0.625878 0.519886 -0.5
  (  18) dim  3 offset  33 0.5 1. -0.5
  (  19) dim  3 offset  36 -1. 1. -0.5
  (  20) dim  3 offset  39 -1. 0.5 -0.5
  (  21) dim  3 offset  42 -0.25 0.433013 -1.
  (  22) dim  3 offset  45 0.25 0.433013 -1.
  (  23) dim  3 offset  48 0. 1. -1.
  (  24) dim  3 offset  51 -0.5 1. -1.
  (  25) dim  3 offset  54 0.625701 0.51915 -1.
  (  26) dim  3 offset  57 0.5 1. -1.
  (  27) dim  3 offset  60 -1. 1. -1.
  (  28) dim  3 offset  63 -1. 0.5 -1.
  (  29) dim  3 offset  66 0.5 0. -0.5
  (  30) dim  3 offset  69 0.708626 0.173295 -0.5
  (  31) dim  3 offset  72 0.5 0. -1.
  (  32) dim  3 offset  75 0.708567 0.17305 -1.
  (  33) dim  3 offset  78 -1. 0. -0.5
  (  34) dim  3 offset  81 -0.5 3.06162e-17 -0.5
  (  35) dim  3 offset  84 -1. 0. -1.
  (  36) dim  3 offset  87 -0.5 6.12323e-17 -1.
Process 4:
  (   7) dim  3 offset   0 0.5 0. 0.5
  (   8) dim  3 offset   3 0.708626 0.173295 0.5
  (   9) dim  3 offset   6 0.5 0. 1.
  (  10) dim  3 offset   9 0.708626 0.173295 1.
  (  11) dim  3 offset  12 1. -0.5 0.5
  (  12) dim  3 offset  15 1. 0. 0.5
  (  13) dim  3 offset  18 1. -0.5 1.
  (  14) dim  3 offset  21 1. 0. 1.
  (  15) dim  3 offset  24 1. -1. 0.5
  (  16) dim  3 offset  27 1. -1. 1.
  (  17) dim  3 offset  30 0.708626 0.173295 2.00929e-18
  (  18) dim  3 offset  33 1. 0. 0.
  (  19) dim  3 offset  36 0.5 0. 0.
  (  20) dim  3 offset  39 1. -0.5 0.
  (  21) dim  3 offset  42 1. -1. 0.
  (  22) dim  3 offset  45 0.5 0. -0.5
  (  23) dim  3 offset  48 0.708626 0.173295 -0.5
  (  24) dim  3 offset  51 1. -0.5 -0.5
  (  25) dim  3 offset  54 1. 0. -0.5
  (  26) dim  3 offset  57 0.25 -0.433013 0.5
  (  27) dim  3 offset  60 0.583333 -0.644338 0.5
  (  28) dim  3 offset  63 0.25 -0.433013 1.
  (  29) dim  3 offset  66 0.583333 -0.644338 1.
  (  30) dim  3 offset  69 0.5 -1. 0.5
  (  31) dim  3 offset  72 0.5 -1. 1.
  (  32) dim  3 offset  75 0.583333 -0.644338 -9.71055e-20
  (  33) dim  3 offset  78 0.5 -1. 0.
  (  34) dim  3 offset  81 0.25 -0.433013 0.
Process 5:
  (   7) dim  3 offset   0 0.5 0. 0.
  (   8) dim  3 offset   3 1. -0.5 0.
  (   9) dim  3 offset   6 1. -1. 0.
  (  10) dim  3 offset   9 0.5 0. -0.5
  (  11) dim  3 offset  12 0.708626 0.173295 -0.5
  (  12) dim  3 offset  15 1. -0.5 -0.5
  (  13) dim  3 offset  18 1. 0. -0.5
  (  14) dim  3 offset  21 0.583333 -0.644338 -0.5
  (  15) dim  3 offset  24 0.5 -1. -0.5
  (  16) dim  3 offset  27 1. -1. -0.5
  (  17) dim  3 offset  30 0.5 0. -1.
  (  18) dim  3 offset  33 0.708567 0.17305 -1.
  (  19) dim  3 offset  36 1. -0.5 -1.
  (  20) dim  3 offset  39 1. 0. -1.
  (  21) dim  3 offset  42 0.583333 -0.644338 -1.
  (  22) dim  3 offset  45 0.5 -1. -1.
  (  23) dim  3 offset  48 1. -1. -1.
  (  24) dim  3 offset  51 0.583333 -0.644338 -9.71055e-20
  (  25) dim  3 offset  54 0.5 -1. 0.
  (  26) dim  3 offset  57 0.25 -0.433013 0.
  (  27) dim  3 offset  60 0. -1. 0.
  (  28) dim  3 offset  63 0.25 -0.433013 -0.5
  (  29) dim  3 offset  66 0. -1. -0.5
  (  30) dim  3 offset  69 0.25 -0.433013 -1.
  (  31) dim  3 offset  72 0. -1. -1.
Process 6:
  (   7) dim  3 offset   0 0.25 -0.433013 0.5
  (   8) dim  3 offset   3 0.583333 -0.644338 0.5
  (   9) dim  3 offset   6 0.25 -0.433013 1.
  (  10) dim  3 offset   9 0.583333 -0.644338 1.
  (  11) dim  3 offset  12 0.5 -1. 0.5
  (  12) dim  3 offset  15 0.5 -1. 1.
  (  13) dim  3 offset  18 0. -1. 0.5
  (  14) dim  3 offset  21 0. -1. 1.
  (  15) dim  3 offset  24 -1. 0. 1.
  (  16) dim  3 offset  27 -0.5 -6.12323e-17 1.
  (  17) dim  3 offset  30 -1. -1. 0.5
  (  18) dim  3 offset  33 -0.5 -1. 0.5
  (  19) dim  3 offset  36 -1. -0.5 1.
  (  20) dim  3 offset  39 -1. -1. 1.
  (  21) dim  3 offset  42 -0.5 -1. 1.
  (  22) dim  3 offset  45 -0.25 -0.433013 1.
  (  23) dim  3 offset  48 0.583333 -0.644338 -9.71055e-20
  (  24) dim  3 offset  51 0.5 -1. 0.
  (  25) dim  3 offset  54 -1. 0. 0.5
  (  26) dim  3 offset  57 -0.5 -3.06162e-17 0.5
  (  27) dim  3 offset  60 -1. -0.5 0.5
  (  28) dim  3 offset  63 -0.25 -0.433013 0.5
  (  29) dim  3 offset  66 0.25 -0.433013 0.
  (  30) dim  3 offset  69 0. -1. 0.
  (  31) dim  3 offset  72 -1. -0.5 0.
  (  32) dim  3 offset  75 -1. -1. 0.
  (  33) dim  3 offset  78 -0.5 -1. 0.
  (  34) dim  3 offset  81 -0.25 -0.433013 0.
Process 7:
  (   7) dim  3 offset   0 -1. 0. 0.5
  (   8) dim  3 offset   3 -0.5 -3.06162e-17 0.5
  (   9) dim  3 offset   6 -1. -0.5 0.5
  (  10) dim  3 offset   9 -0.25 -0.433013 0.5
  (  11) dim  3 offset  12 0.25 -0.433013 0.
  (  12) dim  3 offset  15 0. -1. 0.
  (  13) dim  3 offset  18 -1. 0. 0.
  (  14) dim  3 offset  21 -0.5 0. 0.
  (  15) dim  3 offset  24 -1. -0.5 0.
  (  16) dim  3 offset  27 -1. -1. 0.
  (  17) dim  3 offset  30 -0.5 -1. 0.
  (  18) dim  3 offset  33 -0.25 -0.433013 0.
  (  19) dim  3 offset  36 0.25 -0.433013 -0.5
  (  20) dim  3 offset  39 0. -1. -0.5
  (  21) dim  3 offset  42 -1. 0. -0.5
  (  22) dim  3 offset  45 -0.5 3.06162e-17 -0.5
  (  23) dim  3 offset  48 -1. -0.5 -0.5
  (  24) dim  3 offset  51 -1. -1. -0.5
  (  25) dim  3 offset  54 -0.5 -1. -0.5
  (  26) dim  3 offset  57 -0.25 -0.433013 -0.5
  (  27) dim  3 offset  60 0.25 -0.433013 -1.
  (  28) dim  3 offset  63 0. -1. -1.
  (  29) dim  3 offset  66 -1. 0. -1.
  (  30) dim  3 offset  69 -0.5 6.12323e-17 -1.
  (  31) dim  3 offset  72 -1. -0.5 -1.
  (  32) dim  3 offset  75 -1. -1. -1.
  (  33) dim  3 offset  78 -0.5 -1. -1.
  (  34) dim  3 offset  81 -0.25 -0.433013 -1.
PetscSF Object: point SF 8 MPI processes
  type: basic
    sort=rank-order
  [0] Number of roots=35, leaves=24, remote ranks=5
  [0] 11 <- (1,7)
  [0] 12 <- (1,8)
  [0] 13 <- (1,15)
  [0] 14 <- (1,16)
  [0] 15 <- (1,17)
  [0] 16 <- (1,18)
  [0] 17 <- (2,8)
  [0] 18 <- (2,9)
  [0] 19 <- (3,8)
  [0] 20 <- (3,9)
  [0] 21 <- (3,14)
  [0] 22 <- (3,15)
  [0] 23 <- (3,17)
  [0] 24 <- (3,18)
  [0] 25 <- (3,25)
  [0] 26 <- (3,26)
  [0] 27 <- (4,17)
  [0] 28 <- (4,18)
  [0] 29 <- (5,7)
  [0] 30 <- (5,10)
  [0] 31 <- (5,11)
  [0] 32 <- (5,13)
  [0] 33 <- (5,18)
  [0] 34 <- (5,20)
  [1] Number of roots=33, leaves=14, remote ranks=4
  [1] 19 <- (2,8)
  [1] 20 <- (2,9)
  [1] 21 <- (2,12)
  [1] 22 <- (2,13)
  [1] 23 <- (3,8)
  [1] 24 <- (4,7)
  [1] 25 <- (4,8)
  [1] 26 <- (4,9)
  [1] 27 <- (4,10)
  [1] 28 <- (4,12)
  [1] 29 <- (4,14)
  [1] 30 <- (4,17)
  [1] 31 <- (4,18)
  [1] 32 <- (5,7)
  [2] Number of roots=35, leaves=16, remote ranks=3
  [2] 19 <- (3,7)
  [2] 20 <- (3,8)
  [2] 21 <- (3,9)
  [2] 22 <- (3,10)
  [2] 23 <- (3,11)
  [2] 24 <- (3,12)
  [2] 25 <- (3,13)
  [2] 26 <- (3,20)
  [2] 27 <- (6,15)
  [2] 28 <- (6,16)
  [2] 29 <- (7,7)
  [2] 30 <- (7,8)
  [2] 31 <- (7,13)
  [2] 32 <- (7,14)
  [2] 33 <- (7,21)
  [2] 34 <- (7,22)
  [3] Number of roots=37, leaves=8, remote ranks=2
  [3] 29 <- (5,10)
  [3] 30 <- (5,11)
  [3] 31 <- (5,17)
  [3] 32 <- (5,18)
  [3] 33 <- (7,21)
  [3] 34 <- (7,22)
  [3] 35 <- (7,29)
  [3] 36 <- (7,30)
  [4] Number of roots=35, leaves=16, remote ranks=3
  [4] 19 <- (5,7)
  [4] 20 <- (5,8)
  [4] 21 <- (5,9)
  [4] 22 <- (5,10)
  [4] 23 <- (5,11)
  [4] 24 <- (5,12)
  [4] 25 <- (5,13)
  [4] 26 <- (6,7)
  [4] 27 <- (6,8)
  [4] 28 <- (6,9)
  [4] 29 <- (6,10)
  [4] 30 <- (6,11)
  [4] 31 <- (6,12)
  [4] 32 <- (6,23)
  [4] 33 <- (6,24)
  [4] 34 <- (7,11)
  [5] Number of roots=32, leaves=8, remote ranks=2
  [5] 24 <- (6,23)
  [5] 25 <- (6,24)
  [5] 26 <- (7,11)
  [5] 27 <- (7,12)
  [5] 28 <- (7,19)
  [5] 29 <- (7,20)
  [5] 30 <- (7,27)
  [5] 31 <- (7,28)
  [6] Number of roots=35, leaves=10, remote ranks=1
  [6] 25 <- (7,7)
  [6] 26 <- (7,8)
  [6] 27 <- (7,9)
  [6] 28 <- (7,10)
  [6] 29 <- (7,11)
  [6] 30 <- (7,12)
  [6] 31 <- (7,15)
  [6] 32 <- (7,16)
  [6] 33 <- (7,17)
  [6] 34 <- (7,18)
  [7] Number of roots=35, leaves=0, remote ranks=0
  [0] Roots referenced by my leaves, by rank
  [0] 1: 6 edges
  [0]    11 <- 7
  [0]    12 <- 8
  [0]    13 <- 15
  [0]    14 <- 16
  [0]    15 <- 17
  [0]    16 <- 18
  [0] 2: 2 edges
  [0]    17 <- 8
  [0]    18 <- 9
  [0] 3: 8 edges
  [0]    19 <- 8
  [0]    20 <- 9
  [0]    21 <- 14
  [0]    22 <- 15
  [0]    23 <- 17
  [0]    24 <- 18
  [0]    25 <- 25
  [0]    26 <- 26
  [0] 4: 2 edges
  [0]    27 <- 17
  [0]    28 <- 18
  [0] 5: 6 edges
  [0]    29 <- 7
  [0]    30 <- 10
  [0]    31 <- 11
  [0]    32 <- 13
  [0]    33 <- 18
  [0]    34 <- 20
  [1] Roots referenced by my leaves, by rank
  [1] 2: 4 edges
  [1]    19 <- 8
  [1]    20 <- 9
  [1]    21 <- 12
  [1]    22 <- 13
  [1] 3: 1 edges
  [1]    23 <- 8
  [1] 4: 8 edges
  [1]    24 <- 7
  [1]    25 <- 8
  [1]    26 <- 9
  [1]    27 <- 10
  [1]    28 <- 12
  [1]    29 <- 14
  [1]    30 <- 17
  [1]    31 <- 18
  [1] 5: 1 edges
  [1]    32 <- 7
  [2] Roots referenced by my leaves, by rank
  [2] 3: 8 edges
  [2]    19 <- 7
  [2]    20 <- 8
  [2]    21 <- 9
  [2]    22 <- 10
  [2]    23 <- 11
  [2]    24 <- 12
  [2]    25 <- 13
  [2]    26 <- 20
  [2] 6: 2 edges
  [2]    27 <- 15
  [2]    28 <- 16
  [2] 7: 6 edges
  [2]    29 <- 7
  [2]    30 <- 8
  [2]    31 <- 13
  [2]    32 <- 14
  [2]    33 <- 21
  [2]    34 <- 22
  [3] Roots referenced by my leaves, by rank
  [3] 5: 4 edges
  [3]    29 <- 10
  [3]    30 <- 11
  [3]    31 <- 17
  [3]    32 <- 18
  [3] 7: 4 edges
  [3]    33 <- 21
  [3]    34 <- 22
  [3]    35 <- 29
  [3]    36 <- 30
  [4] Roots referenced by my leaves, by rank
  [4] 5: 7 edges
  [4]    19 <- 7
  [4]    20 <- 8
  [4]    21 <- 9
  [4]    22 <- 10
  [4]    23 <- 11
  [4]    24 <- 12
  [4]    25 <- 13
  [4] 6: 8 edges
  [4]    26 <- 7
  [4]    27 <- 8
  [4]    28 <- 9
  [4]    29 <- 10
  [4]    30 <- 11
  [4]    31 <- 12
  [4]    32 <- 23
  [4]    33 <- 24
  [4] 7: 1 edges
  [4]    34 <- 11
  [5] Roots referenced by my leaves, by rank
  [5] 6: 2 edges
  [5]    24 <- 23
  [5]    25 <- 24
  [5] 7: 6 edges
  [5]    26 <- 11
  [5]    27 <- 12
  [5]    28 <- 19
  [5]    29 <- 20
  [5]    30 <- 27
  [5]    31 <- 28
  [6] Roots referenced by my leaves, by rank
  [6] 7: 10 edges
  [6]    25 <- 7
  [6]    26 <- 8
  [6]    27 <- 9
  [6]    28 <- 10
  [6]    29 <- 11
  [6]    30 <- 12
  [6]    31 <- 15
  [6]    32 <- 16
  [6]    33 <- 17
  [6]    34 <- 18
  [7] Roots referenced by my leaves, by rank
