DM Object: 8 MPI processes
  type: plex
DM_0x84000004_0 in 3 dimensions:
Supports:
[0] Max support size: 8
[0]: 56 ----> 0
[0]: 56 ----> 1
[0]: 56 ----> 2
[0]: 57 ----> 0
[0]: 57 ----> 1
[0]: 58 ----> 2
[0]: 58 ----> 3
[0]: 58 ----> 4
[0]: 59 ----> 3
[0]: 59 ----> 4
[0]: 59 ----> 5
[0]: 60 ----> 4
[0]: 60 ----> 5
[0]: 60 ----> 6
[0]: 61 ----> 5
[0]: 61 ----> 6
[0]: 62 ----> 5
[0]: 63 ----> 0
[0]: 63 ----> 7
[0]: 63 ----> 8
[0]: 64 ----> 0
[0]: 64 ----> 7
[0]: 65 ----> 1
[0]: 65 ----> 2
[0]: 65 ----> 11
[0]: 65 ----> 12
[0]: 66 ----> 1
[0]: 66 ----> 12
[0]: 67 ----> 2
[0]: 67 ----> 3
[0]: 67 ----> 11
[0]: 68 ----> 3
[0]: 68 ----> 11
[0]: 69 ----> 4
[0]: 69 ----> 6
[0]: 69 ----> 13
[0]: 70 ----> 6
[0]: 70 ----> 13
[0]: 71 ----> 7
[0]: 72 ----> 7
[0]: 72 ----> 8
[0]: 73 ----> 8
[0]: 73 ----> 10
[0]: 74 ----> 8
[0]: 74 ----> 10
[0]: 75 ----> 9
[0]: 75 ----> 10
[0]: 76 ----> 9
[0]: 77 ----> 9
[0]: 77 ----> 13
[0]: 78 ----> 9
[0]: 78 ----> 10
[0]: 78 ----> 13
[0]: 79 ----> 11
[0]: 79 ----> 12
[0]: 80 ----> 12
[0]: 81 ----> 0
[0]: 81 ----> 1
[0]: 81 ----> 2
[0]: 81 ----> 14
[0]: 81 ----> 15
[0]: 81 ----> 16
[0]: 82 ----> 0
[0]: 82 ----> 1
[0]: 82 ----> 14
[0]: 82 ----> 15
[0]: 83 ----> 2
[0]: 83 ----> 3
[0]: 83 ----> 4
[0]: 83 ----> 16
[0]: 83 ----> 17
[0]: 83 ----> 18
[0]: 84 ----> 3
[0]: 84 ----> 4
[0]: 84 ----> 5
[0]: 84 ----> 17
[0]: 84 ----> 18
[0]: 84 ----> 19
[0]: 85 ----> 4
[0]: 85 ----> 5
[0]: 85 ----> 6
[0]: 85 ----> 18
[0]: 85 ----> 19
[0]: 85 ----> 20
[0]: 86 ----> 5
[0]: 86 ----> 6
[0]: 86 ----> 19
[0]: 86 ----> 20
[0]: 87 ----> 5
[0]: 87 ----> 19
[0]: 88 ----> 0
[0]: 88 ----> 7
[0]: 88 ----> 8
[0]: 88 ----> 14
[0]: 88 ----> 21
[0]: 88 ----> 22
[0]: 89 ----> 0
[0]: 89 ----> 7
[0]: 89 ----> 14
[0]: 89 ----> 21
[0]: 90 ----> 1
[0]: 90 ----> 2
[0]: 90 ----> 11
[0]: 90 ----> 12
[0]: 90 ----> 15
[0]: 90 ----> 16
[0]: 90 ----> 25
[0]: 90 ----> 26
[0]: 91 ----> 1
[0]: 91 ----> 12
[0]: 91 ----> 15
[0]: 91 ----> 26
[0]: 92 ----> 2
[0]: 92 ----> 3
[0]: 92 ----> 11
[0]: 92 ----> 16
[0]: 92 ----> 17
[0]: 92 ----> 25
[0]: 93 ----> 3
[0]: 93 ----> 11
[0]: 93 ----> 17
[0]: 93 ----> 25
[0]: 94 ----> 4
[0]: 94 ----> 6
[0]: 94 ----> 13
[0]: 94 ----> 18
[0]: 94 ----> 20
[0]: 94 ----> 27
[0]: 95 ----> 6
[0]: 95 ----> 13
[0]: 95 ----> 20
[0]: 95 ----> 27
[0]: 96 ----> 7
[0]: 96 ----> 21
[0]: 97 ----> 7
[0]: 97 ----> 8
[0]: 97 ----> 21
[0]: 97 ----> 22
[0]: 98 ----> 8
[0]: 98 ----> 10
[0]: 98 ----> 22
[0]: 98 ----> 24
[0]: 99 ----> 8
[0]: 99 ----> 10
[0]: 99 ----> 22
[0]: 99 ----> 24
[0]: 100 ----> 9
[0]: 100 ----> 10
[0]: 100 ----> 23
[0]: 100 ----> 24
[0]: 101 ----> 9
[0]: 101 ----> 23
[0]: 102 ----> 9
[0]: 102 ----> 13
[0]: 102 ----> 23
[0]: 102 ----> 27
[0]: 103 ----> 9
[0]: 103 ----> 10
[0]: 103 ----> 13
[0]: 103 ----> 23
[0]: 103 ----> 24
[0]: 103 ----> 27
[0]: 104 ----> 11
[0]: 104 ----> 12
[0]: 104 ----> 25
[0]: 104 ----> 26
[0]: 105 ----> 12
[0]: 105 ----> 26
[0]: 106 ----> 14
[0]: 106 ----> 15
[0]: 106 ----> 16
[0]: 106 ----> 28
[0]: 106 ----> 29
[0]: 106 ----> 30
[0]: 107 ----> 14
[0]: 107 ----> 15
[0]: 107 ----> 28
[0]: 107 ----> 29
[0]: 108 ----> 16
[0]: 108 ----> 17
[0]: 108 ----> 18
[0]: 108 ----> 30
[0]: 108 ----> 31
[0]: 108 ----> 32
[0]: 109 ----> 17
[0]: 109 ----> 18
[0]: 109 ----> 19
[0]: 109 ----> 31
[0]: 109 ----> 32
[0]: 109 ----> 33
[0]: 110 ----> 18
[0]: 110 ----> 19
[0]: 110 ----> 20
[0]: 110 ----> 32
[0]: 110 ----> 33
[0]: 110 ----> 34
[0]: 111 ----> 19
[0]: 111 ----> 20
[0]: 111 ----> 33
[0]: 111 ----> 34
[0]: 112 ----> 19
[0]: 112 ----> 33
[0]: 113 ----> 14
[0]: 113 ----> 21
[0]: 113 ----> 22
[0]: 113 ----> 28
[0]: 113 ----> 35
[0]: 113 ----> 36
[0]: 114 ----> 14
[0]: 114 ----> 21
[0]: 114 ----> 28
[0]: 114 ----> 35
[0]: 115 ----> 15
[0]: 115 ----> 16
[0]: 115 ----> 25
[0]: 115 ----> 26
[0]: 115 ----> 29
[0]: 115 ----> 30
[0]: 115 ----> 39
[0]: 115 ----> 40
[0]: 116 ----> 15
[0]: 116 ----> 26
[0]: 116 ----> 29
[0]: 116 ----> 40
[0]: 117 ----> 16
[0]: 117 ----> 17
[0]: 117 ----> 25
[0]: 117 ----> 30
[0]: 117 ----> 31
[0]: 117 ----> 39
[0]: 118 ----> 17
[0]: 118 ----> 25
[0]: 118 ----> 31
[0]: 118 ----> 39
[0]: 119 ----> 18
[0]: 119 ----> 20
[0]: 119 ----> 27
[0]: 119 ----> 32
[0]: 119 ----> 34
[0]: 119 ----> 41
[0]: 120 ----> 20
[0]: 120 ----> 27
[0]: 120 ----> 34
[0]: 120 ----> 41
[0]: 121 ----> 21
[0]: 121 ----> 35
[0]: 122 ----> 21
[0]: 122 ----> 22
[0]: 122 ----> 35
[0]: 122 ----> 36
[0]: 123 ----> 22
[0]: 123 ----> 24
[0]: 123 ----> 36
[0]: 123 ----> 38
[0]: 124 ----> 22
[0]: 124 ----> 24
[0]: 124 ----> 36
[0]: 124 ----> 38
[0]: 125 ----> 23
[0]: 125 ----> 24
[0]: 125 ----> 37
[0]: 125 ----> 38
[0]: 126 ----> 23
[0]: 126 ----> 37
[0]: 127 ----> 23
[0]: 127 ----> 27
[0]: 127 ----> 37
[0]: 127 ----> 41
[0]: 128 ----> 23
[0]: 128 ----> 24
[0]: 128 ----> 27
[0]: 128 ----> 37
[0]: 128 ----> 38
[0]: 128 ----> 41
[0]: 129 ----> 25
[0]: 129 ----> 26
[0]: 129 ----> 39
[0]: 129 ----> 40
[0]: 130 ----> 26
[0]: 130 ----> 40
[0]: 131 ----> 28
[0]: 131 ----> 29
[0]: 131 ----> 30
[0]: 131 ----> 42
[0]: 131 ----> 43
[0]: 131 ----> 44
[0]: 132 ----> 28
[0]: 132 ----> 29
[0]: 132 ----> 42
[0]: 132 ----> 43
[0]: 133 ----> 30
[0]: 133 ----> 31
[0]: 133 ----> 32
[0]: 133 ----> 44
[0]: 133 ----> 45
[0]: 133 ----> 46
[0]: 134 ----> 31
[0]: 134 ----> 32
[0]: 134 ----> 33
[0]: 134 ----> 45
[0]: 134 ----> 46
[0]: 134 ----> 47
[0]: 135 ----> 32
[0]: 135 ----> 33
[0]: 135 ----> 34
[0]: 135 ----> 46
[0]: 135 ----> 47
[0]: 135 ----> 48
[0]: 136 ----> 33
[0]: 136 ----> 34
[0]: 136 ----> 47
[0]: 136 ----> 48
[0]: 137 ----> 33
[0]: 137 ----> 47
[0]: 138 ----> 42
[0]: 138 ----> 43
[0]: 138 ----> 44
[0]: 139 ----> 42
[0]: 139 ----> 43
[0]: 140 ----> 44
[0]: 140 ----> 45
[0]: 140 ----> 46
[0]: 141 ----> 45
[0]: 141 ----> 46
[0]: 141 ----> 47
[0]: 142 ----> 46
[0]: 142 ----> 47
[0]: 142 ----> 48
[0]: 143 ----> 47
[0]: 143 ----> 48
[0]: 144 ----> 47
[0]: 145 ----> 28
[0]: 145 ----> 35
[0]: 145 ----> 36
[0]: 145 ----> 42
[0]: 145 ----> 49
[0]: 145 ----> 50
[0]: 146 ----> 28
[0]: 146 ----> 35
[0]: 146 ----> 42
[0]: 146 ----> 49
[0]: 147 ----> 29
[0]: 147 ----> 30
[0]: 147 ----> 39
[0]: 147 ----> 40
[0]: 147 ----> 43
[0]: 147 ----> 44
[0]: 147 ----> 53
[0]: 147 ----> 54
[0]: 148 ----> 29
[0]: 148 ----> 40
[0]: 148 ----> 43
[0]: 148 ----> 54
[0]: 149 ----> 30
[0]: 149 ----> 31
[0]: 149 ----> 39
[0]: 149 ----> 44
[0]: 149 ----> 45
[0]: 149 ----> 53
[0]: 150 ----> 31
[0]: 150 ----> 39
[0]: 150 ----> 45
[0]: 150 ----> 53
[0]: 151 ----> 32
[0]: 151 ----> 34
[0]: 151 ----> 41
[0]: 151 ----> 46
[0]: 151 ----> 48
[0]: 151 ----> 55
[0]: 152 ----> 34
[0]: 152 ----> 41
[0]: 152 ----> 48
[0]: 152 ----> 55
[0]: 153 ----> 35
[0]: 153 ----> 49
[0]: 154 ----> 35
[0]: 154 ----> 36
[0]: 154 ----> 49
[0]: 154 ----> 50
[0]: 155 ----> 36
[0]: 155 ----> 38
[0]: 155 ----> 50
[0]: 155 ----> 52
[0]: 156 ----> 36
[0]: 156 ----> 38
[0]: 156 ----> 50
[0]: 156 ----> 52
[0]: 157 ----> 37
[0]: 157 ----> 38
[0]: 157 ----> 51
[0]: 157 ----> 52
[0]: 158 ----> 37
[0]: 158 ----> 51
[0]: 159 ----> 37
[0]: 159 ----> 41
[0]: 159 ----> 51
[0]: 159 ----> 55
[0]: 160 ----> 37
[0]: 160 ----> 38
[0]: 160 ----> 41
[0]: 160 ----> 51
[0]: 160 ----> 52
[0]: 160 ----> 55
[0]: 161 ----> 39
[0]: 161 ----> 40
[0]: 161 ----> 53
[0]: 161 ----> 54
[0]: 162 ----> 40
[0]: 162 ----> 54
[0]: 163 ----> 42
[0]: 163 ----> 49
[0]: 163 ----> 50
[0]: 164 ----> 42
[0]: 164 ----> 49
[0]: 165 ----> 43
[0]: 165 ----> 44
[0]: 165 ----> 53
[0]: 165 ----> 54
[0]: 166 ----> 43
[0]: 166 ----> 54
[0]: 167 ----> 44
[0]: 167 ----> 45
[0]: 167 ----> 53
[0]: 168 ----> 45
[0]: 168 ----> 53
[0]: 169 ----> 46
[0]: 169 ----> 48
[0]: 169 ----> 55
[0]: 170 ----> 48
[0]: 170 ----> 55
[0]: 171 ----> 49
[0]: 172 ----> 49
[0]: 172 ----> 50
[0]: 173 ----> 50
[0]: 173 ----> 52
[0]: 174 ----> 50
[0]: 174 ----> 52
[0]: 175 ----> 51
[0]: 175 ----> 52
[0]: 176 ----> 51
[0]: 177 ----> 51
[0]: 177 ----> 55
[0]: 178 ----> 51
[0]: 178 ----> 52
[0]: 178 ----> 55
[0]: 179 ----> 53
[0]: 179 ----> 54
[0]: 180 ----> 54
[1] Max support size: 0
[2] Max support size: 0
[3] Max support size: 0
[4] Max support size: 0
[5] Max support size: 0
[6] Max support size: 0
[7] Max support size: 0
Cones:
[0] Max cone size: 8
[0]: 0 <---- 88 (0)
[0]: 0 <---- 89 (0)
[0]: 0 <---- 82 (0)
[0]: 0 <---- 81 (0)
[0]: 0 <---- 63 (0)
[0]: 0 <---- 56 (0)
[0]: 0 <---- 57 (0)
[0]: 0 <---- 64 (0)
[0]: 1 <---- 82 (0)
[0]: 1 <---- 91 (0)
[0]: 1 <---- 90 (0)
[0]: 1 <---- 81 (0)
[0]: 1 <---- 57 (0)
[0]: 1 <---- 56 (0)
[0]: 1 <---- 65 (0)
[0]: 1 <---- 66 (0)
[0]: 2 <---- 81 (0)
[0]: 2 <---- 90 (0)
[0]: 2 <---- 92 (0)
[0]: 2 <---- 83 (0)
[0]: 2 <---- 56 (0)
[0]: 2 <---- 58 (0)
[0]: 2 <---- 67 (0)
[0]: 2 <---- 65 (0)
[0]: 3 <---- 83 (0)
[0]: 3 <---- 92 (0)
[0]: 3 <---- 93 (0)
[0]: 3 <---- 84 (0)
[0]: 3 <---- 58 (0)
[0]: 3 <---- 59 (0)
[0]: 3 <---- 68 (0)
[0]: 3 <---- 67 (0)
[0]: 4 <---- 83 (0)
[0]: 4 <---- 84 (0)
[0]: 4 <---- 85 (0)
[0]: 4 <---- 94 (0)
[0]: 4 <---- 58 (0)
[0]: 4 <---- 69 (0)
[0]: 4 <---- 60 (0)
[0]: 4 <---- 59 (0)
[0]: 5 <---- 84 (0)
[0]: 5 <---- 87 (0)
[0]: 5 <---- 86 (0)
[0]: 5 <---- 85 (0)
[0]: 5 <---- 59 (0)
[0]: 5 <---- 60 (0)
[0]: 5 <---- 61 (0)
[0]: 5 <---- 62 (0)
[0]: 6 <---- 85 (0)
[0]: 6 <---- 86 (0)
[0]: 6 <---- 95 (0)
[0]: 6 <---- 94 (0)
[0]: 6 <---- 60 (0)
[0]: 6 <---- 69 (0)
[0]: 6 <---- 70 (0)
[0]: 6 <---- 61 (0)
[0]: 7 <---- 89 (0)
[0]: 7 <---- 88 (0)
[0]: 7 <---- 97 (0)
[0]: 7 <---- 96 (0)
[0]: 7 <---- 64 (0)
[0]: 7 <---- 71 (0)
[0]: 7 <---- 72 (0)
[0]: 7 <---- 63 (0)
[0]: 8 <---- 97 (0)
[0]: 8 <---- 88 (0)
[0]: 8 <---- 99 (0)
[0]: 8 <---- 98 (0)
[0]: 8 <---- 72 (0)
[0]: 8 <---- 73 (0)
[0]: 8 <---- 74 (0)
[0]: 8 <---- 63 (0)
[0]: 9 <---- 100 (0)
[0]: 9 <---- 103 (0)
[0]: 9 <---- 102 (0)
[0]: 9 <---- 101 (0)
[0]: 9 <---- 75 (0)
[0]: 9 <---- 76 (0)
[0]: 9 <---- 77 (0)
[0]: 9 <---- 78 (0)
[0]: 10 <---- 103 (0)
[0]: 10 <---- 100 (0)
[0]: 10 <---- 98 (0)
[0]: 10 <---- 99 (0)
[0]: 10 <---- 78 (0)
[0]: 10 <---- 74 (0)
[0]: 10 <---- 73 (0)
[0]: 10 <---- 75 (0)
[0]: 11 <---- 90 (0)
[0]: 11 <---- 104 (0)
[0]: 11 <---- 93 (0)
[0]: 11 <---- 92 (0)
[0]: 11 <---- 65 (0)
[0]: 11 <---- 67 (0)
[0]: 11 <---- 68 (0)
[0]: 11 <---- 79 (0)
[0]: 12 <---- 104 (0)
[0]: 12 <---- 90 (0)
[0]: 12 <---- 91 (0)
[0]: 12 <---- 105 (0)
[0]: 12 <---- 79 (0)
[0]: 12 <---- 80 (0)
[0]: 12 <---- 66 (0)
[0]: 12 <---- 65 (0)
[0]: 13 <---- 103 (0)
[0]: 13 <---- 94 (0)
[0]: 13 <---- 95 (0)
[0]: 13 <---- 102 (0)
[0]: 13 <---- 78 (0)
[0]: 13 <---- 77 (0)
[0]: 13 <---- 70 (0)
[0]: 13 <---- 69 (0)
[0]: 14 <---- 113 (0)
[0]: 14 <---- 114 (0)
[0]: 14 <---- 107 (0)
[0]: 14 <---- 106 (0)
[0]: 14 <---- 88 (0)
[0]: 14 <---- 81 (0)
[0]: 14 <---- 82 (0)
[0]: 14 <---- 89 (0)
[0]: 15 <---- 107 (0)
[0]: 15 <---- 116 (0)
[0]: 15 <---- 115 (0)
[0]: 15 <---- 106 (0)
[0]: 15 <---- 82 (0)
[0]: 15 <---- 81 (0)
[0]: 15 <---- 90 (0)
[0]: 15 <---- 91 (0)
[0]: 16 <---- 106 (0)
[0]: 16 <---- 115 (0)
[0]: 16 <---- 117 (0)
[0]: 16 <---- 108 (0)
[0]: 16 <---- 81 (0)
[0]: 16 <---- 83 (0)
[0]: 16 <---- 92 (0)
[0]: 16 <---- 90 (0)
[0]: 17 <---- 108 (0)
[0]: 17 <---- 117 (0)
[0]: 17 <---- 118 (0)
[0]: 17 <---- 109 (0)
[0]: 17 <---- 83 (0)
[0]: 17 <---- 84 (0)
[0]: 17 <---- 93 (0)
[0]: 17 <---- 92 (0)
[0]: 18 <---- 108 (0)
[0]: 18 <---- 109 (0)
[0]: 18 <---- 110 (0)
[0]: 18 <---- 119 (0)
[0]: 18 <---- 83 (0)
[0]: 18 <---- 94 (0)
[0]: 18 <---- 85 (0)
[0]: 18 <---- 84 (0)
[0]: 19 <---- 109 (0)
[0]: 19 <---- 112 (0)
[0]: 19 <---- 111 (0)
[0]: 19 <---- 110 (0)
[0]: 19 <---- 84 (0)
[0]: 19 <---- 85 (0)
[0]: 19 <---- 86 (0)
[0]: 19 <---- 87 (0)
[0]: 20 <---- 110 (0)
[0]: 20 <---- 111 (0)
[0]: 20 <---- 120 (0)
[0]: 20 <---- 119 (0)
[0]: 20 <---- 85 (0)
[0]: 20 <---- 94 (0)
[0]: 20 <---- 95 (0)
[0]: 20 <---- 86 (0)
[0]: 21 <---- 114 (0)
[0]: 21 <---- 113 (0)
[0]: 21 <---- 122 (0)
[0]: 21 <---- 121 (0)
[0]: 21 <---- 89 (0)
[0]: 21 <---- 96 (0)
[0]: 21 <---- 97 (0)
[0]: 21 <---- 88 (0)
[0]: 22 <---- 122 (0)
[0]: 22 <---- 113 (0)
[0]: 22 <---- 124 (0)
[0]: 22 <---- 123 (0)
[0]: 22 <---- 97 (0)
[0]: 22 <---- 98 (0)
[0]: 22 <---- 99 (0)
[0]: 22 <---- 88 (0)
[0]: 23 <---- 125 (0)
[0]: 23 <---- 128 (0)
[0]: 23 <---- 127 (0)
[0]: 23 <---- 126 (0)
[0]: 23 <---- 100 (0)
[0]: 23 <---- 101 (0)
[0]: 23 <---- 102 (0)
[0]: 23 <---- 103 (0)
[0]: 24 <---- 128 (0)
[0]: 24 <---- 125 (0)
[0]: 24 <---- 123 (0)
[0]: 24 <---- 124 (0)
[0]: 24 <---- 103 (0)
[0]: 24 <---- 99 (0)
[0]: 24 <---- 98 (0)
[0]: 24 <---- 100 (0)
[0]: 25 <---- 115 (0)
[0]: 25 <---- 129 (0)
[0]: 25 <---- 118 (0)
[0]: 25 <---- 117 (0)
[0]: 25 <---- 90 (0)
[0]: 25 <---- 92 (0)
[0]: 25 <---- 93 (0)
[0]: 25 <---- 104 (0)
[0]: 26 <---- 129 (0)
[0]: 26 <---- 115 (0)
[0]: 26 <---- 116 (0)
[0]: 26 <---- 130 (0)
[0]: 26 <---- 104 (0)
[0]: 26 <---- 105 (0)
[0]: 26 <---- 91 (0)
[0]: 26 <---- 90 (0)
[0]: 27 <---- 128 (0)
[0]: 27 <---- 119 (0)
[0]: 27 <---- 120 (0)
[0]: 27 <---- 127 (0)
[0]: 27 <---- 103 (0)
[0]: 27 <---- 102 (0)
[0]: 27 <---- 95 (0)
[0]: 27 <---- 94 (0)
[0]: 28 <---- 145 (0)
[0]: 28 <---- 146 (0)
[0]: 28 <---- 132 (0)
[0]: 28 <---- 131 (0)
[0]: 28 <---- 113 (0)
[0]: 28 <---- 106 (0)
[0]: 28 <---- 107 (0)
[0]: 28 <---- 114 (0)
[0]: 29 <---- 132 (0)
[0]: 29 <---- 148 (0)
[0]: 29 <---- 147 (0)
[0]: 29 <---- 131 (0)
[0]: 29 <---- 107 (0)
[0]: 29 <---- 106 (0)
[0]: 29 <---- 115 (0)
[0]: 29 <---- 116 (0)
[0]: 30 <---- 131 (0)
[0]: 30 <---- 147 (0)
[0]: 30 <---- 149 (0)
[0]: 30 <---- 133 (0)
[0]: 30 <---- 106 (0)
[0]: 30 <---- 108 (0)
[0]: 30 <---- 117 (0)
[0]: 30 <---- 115 (0)
[0]: 31 <---- 133 (0)
[0]: 31 <---- 149 (0)
[0]: 31 <---- 150 (0)
[0]: 31 <---- 134 (0)
[0]: 31 <---- 108 (0)
[0]: 31 <---- 109 (0)
[0]: 31 <---- 118 (0)
[0]: 31 <---- 117 (0)
[0]: 32 <---- 133 (0)
[0]: 32 <---- 134 (0)
[0]: 32 <---- 135 (0)
[0]: 32 <---- 151 (0)
[0]: 32 <---- 108 (0)
[0]: 32 <---- 119 (0)
[0]: 32 <---- 110 (0)
[0]: 32 <---- 109 (0)
[0]: 33 <---- 134 (0)
[0]: 33 <---- 137 (0)
[0]: 33 <---- 136 (0)
[0]: 33 <---- 135 (0)
[0]: 33 <---- 109 (0)
[0]: 33 <---- 110 (0)
[0]: 33 <---- 111 (0)
[0]: 33 <---- 112 (0)
[0]: 34 <---- 135 (0)
[0]: 34 <---- 136 (0)
[0]: 34 <---- 152 (0)
[0]: 34 <---- 151 (0)
[0]: 34 <---- 110 (0)
[0]: 34 <---- 119 (0)
[0]: 34 <---- 120 (0)
[0]: 34 <---- 111 (0)
[0]: 35 <---- 146 (0)
[0]: 35 <---- 145 (0)
[0]: 35 <---- 154 (0)
[0]: 35 <---- 153 (0)
[0]: 35 <---- 114 (0)
[0]: 35 <---- 121 (0)
[0]: 35 <---- 122 (0)
[0]: 35 <---- 113 (0)
[0]: 36 <---- 154 (0)
[0]: 36 <---- 145 (0)
[0]: 36 <---- 156 (0)
[0]: 36 <---- 155 (0)
[0]: 36 <---- 122 (0)
[0]: 36 <---- 123 (0)
[0]: 36 <---- 124 (0)
[0]: 36 <---- 113 (0)
[0]: 37 <---- 157 (0)
[0]: 37 <---- 160 (0)
[0]: 37 <---- 159 (0)
[0]: 37 <---- 158 (0)
[0]: 37 <---- 125 (0)
[0]: 37 <---- 126 (0)
[0]: 37 <---- 127 (0)
[0]: 37 <---- 128 (0)
[0]: 38 <---- 160 (0)
[0]: 38 <---- 157 (0)
[0]: 38 <---- 155 (0)
[0]: 38 <---- 156 (0)
[0]: 38 <---- 128 (0)
[0]: 38 <---- 124 (0)
[0]: 38 <---- 123 (0)
[0]: 38 <---- 125 (0)
[0]: 39 <---- 147 (0)
[0]: 39 <---- 161 (0)
[0]: 39 <---- 150 (0)
[0]: 39 <---- 149 (0)
[0]: 39 <---- 115 (0)
[0]: 39 <---- 117 (0)
[0]: 39 <---- 118 (0)
[0]: 39 <---- 129 (0)
[0]: 40 <---- 161 (0)
[0]: 40 <---- 147 (0)
[0]: 40 <---- 148 (0)
[0]: 40 <---- 162 (0)
[0]: 40 <---- 129 (0)
[0]: 40 <---- 130 (0)
[0]: 40 <---- 116 (0)
[0]: 40 <---- 115 (0)
[0]: 41 <---- 160 (0)
[0]: 41 <---- 151 (0)
[0]: 41 <---- 152 (0)
[0]: 41 <---- 159 (0)
[0]: 41 <---- 128 (0)
[0]: 41 <---- 127 (0)
[0]: 41 <---- 120 (0)
[0]: 41 <---- 119 (0)
[0]: 42 <---- 163 (0)
[0]: 42 <---- 164 (0)
[0]: 42 <---- 139 (0)
[0]: 42 <---- 138 (0)
[0]: 42 <---- 145 (0)
[0]: 42 <---- 131 (0)
[0]: 42 <---- 132 (0)
[0]: 42 <---- 146 (0)
[0]: 43 <---- 139 (0)
[0]: 43 <---- 166 (0)
[0]: 43 <---- 165 (0)
[0]: 43 <---- 138 (0)
[0]: 43 <---- 132 (0)
[0]: 43 <---- 131 (0)
[0]: 43 <---- 147 (0)
[0]: 43 <---- 148 (0)
[0]: 44 <---- 138 (0)
[0]: 44 <---- 165 (0)
[0]: 44 <---- 167 (0)
[0]: 44 <---- 140 (0)
[0]: 44 <---- 131 (0)
[0]: 44 <---- 133 (0)
[0]: 44 <---- 149 (0)
[0]: 44 <---- 147 (0)
[0]: 45 <---- 140 (0)
[0]: 45 <---- 167 (0)
[0]: 45 <---- 168 (0)
[0]: 45 <---- 141 (0)
[0]: 45 <---- 133 (0)
[0]: 45 <---- 134 (0)
[0]: 45 <---- 150 (0)
[0]: 45 <---- 149 (0)
[0]: 46 <---- 140 (0)
[0]: 46 <---- 141 (0)
[0]: 46 <---- 142 (0)
[0]: 46 <---- 169 (0)
[0]: 46 <---- 133 (0)
[0]: 46 <---- 151 (0)
[0]: 46 <---- 135 (0)
[0]: 46 <---- 134 (0)
[0]: 47 <---- 141 (0)
[0]: 47 <---- 144 (0)
[0]: 47 <---- 143 (0)
[0]: 47 <---- 142 (0)
[0]: 47 <---- 134 (0)
[0]: 47 <---- 135 (0)
[0]: 47 <---- 136 (0)
[0]: 47 <---- 137 (0)
[0]: 48 <---- 142 (0)
[0]: 48 <---- 143 (0)
[0]: 48 <---- 170 (0)
[0]: 48 <---- 169 (0)
[0]: 48 <---- 135 (0)
[0]: 48 <---- 151 (0)
[0]: 48 <---- 152 (0)
[0]: 48 <---- 136 (0)
[0]: 49 <---- 164 (0)
[0]: 49 <---- 163 (0)
[0]: 49 <---- 172 (0)
[0]: 49 <---- 171 (0)
[0]: 49 <---- 146 (0)
[0]: 49 <---- 153 (0)
[0]: 49 <---- 154 (0)
[0]: 49 <---- 145 (0)
[0]: 50 <---- 172 (0)
[0]: 50 <---- 163 (0)
[0]: 50 <---- 174 (0)
[0]: 50 <---- 173 (0)
[0]: 50 <---- 154 (0)
[0]: 50 <---- 155 (0)
[0]: 50 <---- 156 (0)
[0]: 50 <---- 145 (0)
[0]: 51 <---- 175 (0)
[0]: 51 <---- 178 (0)
[0]: 51 <---- 177 (0)
[0]: 51 <---- 176 (0)
[0]: 51 <---- 157 (0)
[0]: 51 <---- 158 (0)
[0]: 51 <---- 159 (0)
[0]: 51 <---- 160 (0)
[0]: 52 <---- 178 (0)
[0]: 52 <---- 175 (0)
[0]: 52 <---- 173 (0)
[0]: 52 <---- 174 (0)
[0]: 52 <---- 160 (0)
[0]: 52 <---- 156 (0)
[0]: 52 <---- 155 (0)
[0]: 52 <---- 157 (0)
[0]: 53 <---- 165 (0)
[0]: 53 <---- 179 (0)
[0]: 53 <---- 168 (0)
[0]: 53 <---- 167 (0)
[0]: 53 <---- 147 (0)
[0]: 53 <---- 149 (0)
[0]: 53 <---- 150 (0)
[0]: 53 <---- 161 (0)
[0]: 54 <---- 179 (0)
[0]: 54 <---- 165 (0)
[0]: 54 <---- 166 (0)
[0]: 54 <---- 180 (0)
[0]: 54 <---- 161 (0)
[0]: 54 <---- 162 (0)
[0]: 54 <---- 148 (0)
[0]: 54 <---- 147 (0)
[0]: 55 <---- 178 (0)
[0]: 55 <---- 169 (0)
[0]: 55 <---- 170 (0)
[0]: 55 <---- 177 (0)
[0]: 55 <---- 160 (0)
[0]: 55 <---- 159 (0)
[0]: 55 <---- 152 (0)
[0]: 55 <---- 151 (0)
[1] Max cone size: 0
[2] Max cone size: 0
[3] Max cone size: 0
[4] Max cone size: 0
[5] Max cone size: 0
[6] Max cone size: 0
[7] Max cone size: 0
coordinates with 1 fields
  field 0 with 3 components
Process 0:
  (  56) dim  3 offset   0 0.25 0.433013 1.
  (  57) dim  3 offset   3 0. 1. 1.
  (  58) dim  3 offset   6 0.5 0. 1.
  (  59) dim  3 offset   9 1. -0.5 1.
  (  60) dim  3 offset  12 0.583333 -0.644338 1.
  (  61) dim  3 offset  15 0.5 -1. 1.
  (  62) dim  3 offset  18 1. -1. 1.
  (  63) dim  3 offset  21 -0.25 0.433013 1.
  (  64) dim  3 offset  24 -0.5 1. 1.
  (  65) dim  3 offset  27 0.625878 0.519886 1.
  (  66) dim  3 offset  30 0.5 1. 1.
  (  67) dim  3 offset  33 0.708626 0.173295 1.
  (  68) dim  3 offset  36 1. 0. 1.
  (  69) dim  3 offset  39 0.25 -0.433013 1.
  (  70) dim  3 offset  42 0. -1. 1.
  (  71) dim  3 offset  45 -1. 1. 1.
  (  72) dim  3 offset  48 -1. 0.5 1.
  (  73) dim  3 offset  51 -1. 0. 1.
  (  74) dim  3 offset  54 -0.5 -6.12323e-17 1.
  (  75) dim  3 offset  57 -1. -0.5 1.
  (  76) dim  3 offset  60 -1. -1. 1.
  (  77) dim  3 offset  63 -0.5 -1. 1.
  (  78) dim  3 offset  66 -0.25 -0.433013 1.
  (  79) dim  3 offset  69 1. 0.5 1.
  (  80) dim  3 offset  72 1. 1. 1.
  (  81) dim  3 offset  75 0.25 0.433013 0.5
  (  82) dim  3 offset  78 0. 1. 0.5
  (  83) dim  3 offset  81 0.5 0. 0.5
  (  84) dim  3 offset  84 1. -0.5 0.5
  (  85) dim  3 offset  87 0.583333 -0.644338 0.5
  (  86) dim  3 offset  90 0.5 -1. 0.5
  (  87) dim  3 offset  93 1. -1. 0.5
  (  88) dim  3 offset  96 -0.25 0.433013 0.5
  (  89) dim  3 offset  99 -0.5 1. 0.5
  (  90) dim  3 offset 102 0.625878 0.519886 0.5
  (  91) dim  3 offset 105 0.5 1. 0.5
  (  92) dim  3 offset 108 0.708626 0.173295 0.5
  (  93) dim  3 offset 111 1. 0. 0.5
  (  94) dim  3 offset 114 0.25 -0.433013 0.5
  (  95) dim  3 offset 117 0. -1. 0.5
  (  96) dim  3 offset 120 -1. 1. 0.5
  (  97) dim  3 offset 123 -1. 0.5 0.5
  (  98) dim  3 offset 126 -1. 0. 0.5
  (  99) dim  3 offset 129 -0.5 -3.06162e-17 0.5
  ( 100) dim  3 offset 132 -1. -0.5 0.5
  ( 101) dim  3 offset 135 -1. -1. 0.5
  ( 102) dim  3 offset 138 -0.5 -1. 0.5
  ( 103) dim  3 offset 141 -0.25 -0.433013 0.5
  ( 104) dim  3 offset 144 1. 0.5 0.5
  ( 105) dim  3 offset 147 1. 1. 0.5
  ( 106) dim  3 offset 150 0.25 0.433013 1.38778e-17
  ( 107) dim  3 offset 153 0. 1. 0.
  ( 108) dim  3 offset 156 0.5 0. 0.
  ( 109) dim  3 offset 159 1. -0.5 0.
  ( 110) dim  3 offset 162 0.583333 -0.644338 -9.71055e-20
  ( 111) dim  3 offset 165 0.5 -1. 0.
  ( 112) dim  3 offset 168 1. -1. 0.
  ( 113) dim  3 offset 171 -0.25 0.433013 0.
  ( 114) dim  3 offset 174 -0.5 1. 0.
  ( 115) dim  3 offset 177 0.625878 0.519886 2.71653e-18
  ( 116) dim  3 offset 180 0.5 1. 0.
  ( 117) dim  3 offset 183 0.708626 0.173295 2.00929e-18
  ( 118) dim  3 offset 186 1. 0. 0.
  ( 119) dim  3 offset 189 0.25 -0.433013 0.
  ( 120) dim  3 offset 192 0. -1. 0.
  ( 121) dim  3 offset 195 -1. 1. 0.
  ( 122) dim  3 offset 198 -1. 0.5 0.
  ( 123) dim  3 offset 201 -1. 0. 0.
  ( 124) dim  3 offset 204 -0.5 0. 0.
  ( 125) dim  3 offset 207 -1. -0.5 0.
  ( 126) dim  3 offset 210 -1. -1. 0.
  ( 127) dim  3 offset 213 -0.5 -1. 0.
  ( 128) dim  3 offset 216 -0.25 -0.433013 0.
  ( 129) dim  3 offset 219 1. 0.5 0.
  ( 130) dim  3 offset 222 1. 1. 0.
  ( 131) dim  3 offset 225 0.25 0.433013 -0.5
  ( 132) dim  3 offset 228 0. 1. -0.5
  ( 133) dim  3 offset 231 0.5 0. -0.5
  ( 134) dim  3 offset 234 1. -0.5 -0.5
  ( 135) dim  3 offset 237 0.583333 -0.644338 -0.5
  ( 136) dim  3 offset 240 0.5 -1. -0.5
  ( 137) dim  3 offset 243 1. -1. -0.5
  ( 138) dim  3 offset 246 0.25 0.433013 -1.
  ( 139) dim  3 offset 249 0. 1. -1.
  ( 140) dim  3 offset 252 0.5 0. -1.
  ( 141) dim  3 offset 255 1. -0.5 -1.
  ( 142) dim  3 offset 258 0.583333 -0.644338 -1.
  ( 143) dim  3 offset 261 0.5 -1. -1.
  ( 144) dim  3 offset 264 1. -1. -1.
  ( 145) dim  3 offset 267 -0.25 0.433013 -0.5
  ( 146) dim  3 offset 270 -0.5 1. -0.5
  ( 147) dim  3 offset 273 0.625878 0.519886 -0.5
  ( 148) dim  3 offset 276 0.5 1. -0.5
  ( 149) dim  3 offset 279 0.708626 0.173295 -0.5
  ( 150) dim  3 offset 282 1. 0. -0.5
  ( 151) dim  3 offset 285 0.25 -0.433013 -0.5
  ( 152) dim  3 offset 288 0. -1. -0.5
  ( 153) dim  3 offset 291 -1. 1. -0.5
  ( 154) dim  3 offset 294 -1. 0.5 -0.5
  ( 155) dim  3 offset 297 -1. 0. -0.5
  ( 156) dim  3 offset 300 -0.5 3.06162e-17 -0.5
  ( 157) dim  3 offset 303 -1. -0.5 -0.5
  ( 158) dim  3 offset 306 -1. -1. -0.5
  ( 159) dim  3 offset 309 -0.5 -1. -0.5
  ( 160) dim  3 offset 312 -0.25 -0.433013 -0.5
  ( 161) dim  3 offset 315 1. 0.5 -0.5
  ( 162) dim  3 offset 318 1. 1. -0.5
  ( 163) dim  3 offset 321 -0.25 0.433013 -1.
  ( 164) dim  3 offset 324 -0.5 1. -1.
  ( 165) dim  3 offset 327 0.625701 0.51915 -1.
  ( 166) dim  3 offset 330 0.5 1. -1.
  ( 167) dim  3 offset 333 0.708567 0.17305 -1.
  ( 168) dim  3 offset 336 1. 0. -1.
  ( 169) dim  3 offset 339 0.25 -0.433013 -1.
  ( 170) dim  3 offset 342 0. -1. -1.
  ( 171) dim  3 offset 345 -1. 1. -1.
  ( 172) dim  3 offset 348 -1. 0.5 -1.
  ( 173) dim  3 offset 351 -1. 0. -1.
  ( 174) dim  3 offset 354 -0.5 6.12323e-17 -1.
  ( 175) dim  3 offset 357 -1. -0.5 -1.
  ( 176) dim  3 offset 360 -1. -1. -1.
  ( 177) dim  3 offset 363 -0.5 -1. -1.
  ( 178) dim  3 offset 366 -0.25 -0.433013 -1.
  ( 179) dim  3 offset 369 1. 0.5 -1.
  ( 180) dim  3 offset 372 1. 1. -1.
Process 1:
Process 2:
Process 3:
Process 4:
Process 5:
Process 6:
Process 7:
PetscSF Object: 8 MPI processes
  type not yet set
  PetscSFSetGraph() has not been called yet
