DM Object: 2 MPI processes
  type: plex
DM_0x84000004_0 in 3 dimensions:
Supports:
[0] Max support size: 6
[0]: 56 ----> 407
[0]: 56 ----> 410
[0]: 56 ----> 416
[0]: 56 ----> 464
[0]: 56 ----> 472
[0]: 56 ----> 511
[0]: 57 ----> 409
[0]: 57 ----> 410
[0]: 57 ----> 415
[0]: 57 ----> 421
[0]: 57 ----> 429
[0]: 57 ----> 510
[0]: 58 ----> 408
[0]: 58 ----> 409
[0]: 58 ----> 418
[0]: 58 ----> 419
[0]: 58 ----> 513
[0]: 59 ----> 407
[0]: 59 ----> 408
[0]: 59 ----> 417
[0]: 59 ----> 466
[0]: 59 ----> 512
[0]: 60 ----> 411
[0]: 60 ----> 414
[0]: 60 ----> 416
[0]: 60 ----> 469
[0]: 60 ----> 477
[0]: 61 ----> 411
[0]: 61 ----> 412
[0]: 61 ----> 415
[0]: 61 ----> 422
[0]: 61 ----> 430
[0]: 62 ----> 412
[0]: 62 ----> 413
[0]: 62 ----> 418
[0]: 62 ----> 424
[0]: 63 ----> 413
[0]: 63 ----> 414
[0]: 63 ----> 417
[0]: 63 ----> 467
[0]: 64 ----> 420
[0]: 64 ----> 421
[0]: 64 ----> 426
[0]: 64 ----> 427
[0]: 64 ----> 496
[0]: 64 ----> 515
[0]: 65 ----> 419
[0]: 65 ----> 420
[0]: 65 ----> 425
[0]: 65 ----> 501
[0]: 65 ----> 514
[0]: 66 ----> 422
[0]: 66 ----> 423
[0]: 66 ----> 426
[0]: 66 ----> 432
[0]: 66 ----> 499
[0]: 67 ----> 423
[0]: 67 ----> 424
[0]: 67 ----> 425
[0]: 67 ----> 504
[0]: 68 ----> 428
[0]: 68 ----> 429
[0]: 68 ----> 433
[0]: 68 ----> 437
[0]: 68 ----> 445
[0]: 68 ----> 516
[0]: 69 ----> 427
[0]: 69 ----> 428
[0]: 69 ----> 434
[0]: 69 ----> 435
[0]: 69 ----> 517
[0]: 70 ----> 430
[0]: 70 ----> 431
[0]: 70 ----> 433
[0]: 70 ----> 438
[0]: 70 ----> 446
[0]: 71 ----> 431
[0]: 71 ----> 432
[0]: 71 ----> 434
[0]: 71 ----> 440
[0]: 72 ----> 436
[0]: 72 ----> 437
[0]: 72 ----> 441
[0]: 72 ----> 443
[0]: 72 ----> 451
[0]: 72 ----> 518
[0]: 73 ----> 435
[0]: 73 ----> 436
[0]: 73 ----> 442
[0]: 73 ----> 497
[0]: 73 ----> 519
[0]: 74 ----> 438
[0]: 74 ----> 439
[0]: 74 ----> 441
[0]: 74 ----> 448
[0]: 74 ----> 456
[0]: 75 ----> 439
[0]: 75 ----> 440
[0]: 75 ----> 442
[0]: 75 ----> 498
[0]: 76 ----> 444
[0]: 76 ----> 445
[0]: 76 ----> 449
[0]: 76 ----> 460
[0]: 76 ----> 506
[0]: 76 ----> 520
[0]: 77 ----> 443
[0]: 77 ----> 444
[0]: 77 ----> 450
[0]: 77 ----> 453
[0]: 77 ----> 521
[0]: 78 ----> 446
[0]: 78 ----> 447
[0]: 78 ----> 449
[0]: 78 ----> 461
[0]: 78 ----> 509
[0]: 79 ----> 447
[0]: 79 ----> 448
[0]: 79 ----> 450
[0]: 79 ----> 454
[0]: 80 ----> 452
[0]: 80 ----> 453
[0]: 80 ----> 458
[0]: 80 ----> 459
[0]: 80 ----> 523
[0]: 81 ----> 451
[0]: 81 ----> 452
[0]: 81 ----> 457
[0]: 81 ----> 522
[0]: 82 ----> 454
[0]: 82 ----> 455
[0]: 82 ----> 458
[0]: 82 ----> 462
[0]: 83 ----> 455
[0]: 83 ----> 456
[0]: 83 ----> 457
[0]: 84 ----> 459
[0]: 84 ----> 460
[0]: 84 ----> 463
[0]: 84 ----> 507
[0]: 84 ----> 524
[0]: 85 ----> 461
[0]: 85 ----> 462
[0]: 85 ----> 463
[0]: 85 ----> 508
[0]: 86 ----> 465
[0]: 86 ----> 466
[0]: 86 ----> 470
[0]: 86 ----> 525
[0]: 87 ----> 464
[0]: 87 ----> 465
[0]: 87 ----> 471
[0]: 87 ----> 474
[0]: 87 ----> 526
[0]: 88 ----> 467
[0]: 88 ----> 468
[0]: 88 ----> 470
[0]: 89 ----> 468
[0]: 89 ----> 469
[0]: 89 ----> 471
[0]: 89 ----> 475
[0]: 90 ----> 473
[0]: 90 ----> 474
[0]: 90 ----> 478
[0]: 90 ----> 492
[0]: 90 ----> 527
[0]: 91 ----> 472
[0]: 91 ----> 473
[0]: 91 ----> 479
[0]: 91 ----> 493
[0]: 91 ----> 528
[0]: 92 ----> 475
[0]: 92 ----> 476
[0]: 92 ----> 478
[0]: 92 ----> 495
[0]: 93 ----> 476
[0]: 93 ----> 477
[0]: 93 ----> 479
[0]: 93 ----> 494
[0]: 94 ----> 480
[0]: 94 ----> 483
[0]: 94 ----> 489
[0]: 94 ----> 492
[0]: 94 ----> 530
[0]: 95 ----> 482
[0]: 95 ----> 483
[0]: 95 ----> 488
[0]: 95 ----> 529
[0]: 96 ----> 481
[0]: 96 ----> 482
[0]: 96 ----> 491
[0]: 96 ----> 507
[0]: 96 ----> 532
[0]: 97 ----> 480
[0]: 97 ----> 481
[0]: 97 ----> 490
[0]: 97 ----> 493
[0]: 97 ----> 506
[0]: 97 ----> 531
[0]: 98 ----> 484
[0]: 98 ----> 487
[0]: 98 ----> 489
[0]: 98 ----> 495
[0]: 99 ----> 484
[0]: 99 ----> 485
[0]: 99 ----> 488
[0]: 100 ----> 485
[0]: 100 ----> 486
[0]: 100 ----> 491
[0]: 100 ----> 508
[0]: 101 ----> 486
[0]: 101 ----> 487
[0]: 101 ----> 490
[0]: 101 ----> 494
[0]: 101 ----> 509
[0]: 102 ----> 496
[0]: 102 ----> 497
[0]: 102 ----> 500
[0]: 102 ----> 502
[0]: 102 ----> 533
[0]: 103 ----> 498
[0]: 103 ----> 499
[0]: 103 ----> 500
[0]: 103 ----> 503
[0]: 104 ----> 501
[0]: 104 ----> 502
[0]: 104 ----> 505
[0]: 104 ----> 534
[0]: 105 ----> 503
[0]: 105 ----> 504
[0]: 105 ----> 505
[0]: 106 ----> 511
[0]: 106 ----> 535
[0]: 106 ----> 538
[0]: 106 ----> 556
[0]: 106 ----> 559
[0]: 106 ----> 579
[0]: 107 ----> 510
[0]: 107 ----> 537
[0]: 107 ----> 538
[0]: 107 ----> 541
[0]: 107 ----> 544
[0]: 107 ----> 578
[0]: 108 ----> 513
[0]: 108 ----> 536
[0]: 108 ----> 537
[0]: 108 ----> 539
[0]: 108 ----> 581
[0]: 109 ----> 512
[0]: 109 ----> 535
[0]: 109 ----> 536
[0]: 109 ----> 558
[0]: 109 ----> 580
[0]: 110 ----> 515
[0]: 110 ----> 540
[0]: 110 ----> 541
[0]: 110 ----> 542
[0]: 110 ----> 568
[0]: 110 ----> 586
[0]: 111 ----> 514
[0]: 111 ----> 539
[0]: 111 ----> 540
[0]: 111 ----> 570
[0]: 111 ----> 585
[0]: 112 ----> 516
[0]: 112 ----> 543
[0]: 112 ----> 544
[0]: 112 ----> 547
[0]: 112 ----> 550
[0]: 112 ----> 590
[0]: 113 ----> 517
[0]: 113 ----> 542
[0]: 113 ----> 543
[0]: 113 ----> 545
[0]: 113 ----> 591
[0]: 114 ----> 518
[0]: 114 ----> 546
[0]: 114 ----> 547
[0]: 114 ----> 548
[0]: 114 ----> 551
[0]: 114 ----> 595
[0]: 115 ----> 519
[0]: 115 ----> 545
[0]: 115 ----> 546
[0]: 115 ----> 569
[0]: 115 ----> 596
[0]: 116 ----> 520
[0]: 116 ----> 549
[0]: 116 ----> 550
[0]: 116 ----> 555
[0]: 116 ----> 572
[0]: 116 ----> 600
[0]: 117 ----> 521
[0]: 117 ----> 548
[0]: 117 ----> 549
[0]: 117 ----> 553
[0]: 117 ----> 601
[0]: 118 ----> 523
[0]: 118 ----> 552
[0]: 118 ----> 553
[0]: 118 ----> 554
[0]: 118 ----> 606
[0]: 119 ----> 522
[0]: 119 ----> 551
[0]: 119 ----> 552
[0]: 119 ----> 605
[0]: 120 ----> 524
[0]: 120 ----> 554
[0]: 120 ----> 555
[0]: 120 ----> 573
[0]: 120 ----> 609
[0]: 121 ----> 525
[0]: 121 ----> 557
[0]: 121 ----> 558
[0]: 121 ----> 613
[0]: 122 ----> 526
[0]: 122 ----> 556
[0]: 122 ----> 557
[0]: 122 ----> 561
[0]: 122 ----> 614
[0]: 123 ----> 527
[0]: 123 ----> 560
[0]: 123 ----> 561
[0]: 123 ----> 566
[0]: 123 ----> 618
[0]: 124 ----> 528
[0]: 124 ----> 559
[0]: 124 ----> 560
[0]: 124 ----> 567
[0]: 124 ----> 619
[0]: 125 ----> 530
[0]: 125 ----> 562
[0]: 125 ----> 565
[0]: 125 ----> 566
[0]: 125 ----> 625
[0]: 126 ----> 529
[0]: 126 ----> 564
[0]: 126 ----> 565
[0]: 126 ----> 624
[0]: 127 ----> 532
[0]: 127 ----> 563
[0]: 127 ----> 564
[0]: 127 ----> 573
[0]: 127 ----> 627
[0]: 128 ----> 531
[0]: 128 ----> 562
[0]: 128 ----> 563
[0]: 128 ----> 567
[0]: 128 ----> 572
[0]: 128 ----> 626
[0]: 129 ----> 533
[0]: 129 ----> 568
[0]: 129 ----> 569
[0]: 129 ----> 571
[0]: 129 ----> 632
[0]: 130 ----> 534
[0]: 130 ----> 570
[0]: 130 ----> 571
[0]: 130 ----> 635
[0]: 131 ----> 574
[0]: 131 ----> 577
[0]: 131 ----> 579
[0]: 131 ----> 610
[0]: 131 ----> 615
[0]: 131 ----> 643
[0]: 132 ----> 576
[0]: 132 ----> 577
[0]: 132 ----> 578
[0]: 132 ----> 584
[0]: 132 ----> 589
[0]: 132 ----> 642
[0]: 133 ----> 575
[0]: 133 ----> 576
[0]: 133 ----> 581
[0]: 133 ----> 582
[0]: 133 ----> 645
[0]: 134 ----> 574
[0]: 134 ----> 575
[0]: 134 ----> 580
[0]: 134 ----> 612
[0]: 134 ----> 644
[0]: 135 ----> 583
[0]: 135 ----> 584
[0]: 135 ----> 586
[0]: 135 ----> 587
[0]: 135 ----> 630
[0]: 135 ----> 650
[0]: 136 ----> 582
[0]: 136 ----> 583
[0]: 136 ----> 585
[0]: 136 ----> 633
[0]: 136 ----> 649
[0]: 137 ----> 588
[0]: 137 ----> 589
[0]: 137 ----> 590
[0]: 137 ----> 594
[0]: 137 ----> 599
[0]: 137 ----> 654
[0]: 138 ----> 587
[0]: 138 ----> 588
[0]: 138 ----> 591
[0]: 138 ----> 592
[0]: 138 ----> 655
[0]: 139 ----> 593
[0]: 139 ----> 594
[0]: 139 ----> 595
[0]: 139 ----> 597
[0]: 139 ----> 602
[0]: 139 ----> 659
[0]: 140 ----> 592
[0]: 140 ----> 593
[0]: 140 ----> 596
[0]: 140 ----> 631
[0]: 140 ----> 660
[0]: 141 ----> 598
[0]: 141 ----> 599
[0]: 141 ----> 600
[0]: 141 ----> 608
[0]: 141 ----> 636
[0]: 141 ----> 664
[0]: 142 ----> 597
[0]: 142 ----> 598
[0]: 142 ----> 601
[0]: 142 ----> 604
[0]: 142 ----> 665
[0]: 143 ----> 603
[0]: 143 ----> 604
[0]: 143 ----> 606
[0]: 143 ----> 607
[0]: 143 ----> 670
[0]: 144 ----> 602
[0]: 144 ----> 603
[0]: 144 ----> 605
[0]: 144 ----> 669
[0]: 145 ----> 607
[0]: 145 ----> 608
[0]: 145 ----> 609
[0]: 145 ----> 637
[0]: 145 ----> 673
[0]: 146 ----> 611
[0]: 146 ----> 612
[0]: 146 ----> 613
[0]: 146 ----> 677
[0]: 147 ----> 610
[0]: 147 ----> 611
[0]: 147 ----> 614
[0]: 147 ----> 617
[0]: 147 ----> 678
[0]: 148 ----> 616
[0]: 148 ----> 617
[0]: 148 ----> 618
[0]: 148 ----> 628
[0]: 148 ----> 682
[0]: 149 ----> 615
[0]: 149 ----> 616
[0]: 149 ----> 619
[0]: 149 ----> 629
[0]: 149 ----> 683
[0]: 150 ----> 620
[0]: 150 ----> 623
[0]: 150 ----> 625
[0]: 150 ----> 628
[0]: 150 ----> 689
[0]: 151 ----> 622
[0]: 151 ----> 623
[0]: 151 ----> 624
[0]: 151 ----> 688
[0]: 152 ----> 621
[0]: 152 ----> 622
[0]: 152 ----> 627
[0]: 152 ----> 637
[0]: 152 ----> 691
[0]: 153 ----> 620
[0]: 153 ----> 621
[0]: 153 ----> 626
[0]: 153 ----> 629
[0]: 153 ----> 636
[0]: 153 ----> 690
[0]: 154 ----> 630
[0]: 154 ----> 631
[0]: 154 ----> 632
[0]: 154 ----> 634
[0]: 154 ----> 696
[0]: 155 ----> 633
[0]: 155 ----> 634
[0]: 155 ----> 635
[0]: 155 ----> 699
[0]: 156 ----> 638
[0]: 156 ----> 641
[0]: 156 ----> 643
[0]: 156 ----> 674
[0]: 156 ----> 679
[0]: 157 ----> 640
[0]: 157 ----> 641
[0]: 157 ----> 642
[0]: 157 ----> 648
[0]: 157 ----> 653
[0]: 158 ----> 639
[0]: 158 ----> 640
[0]: 158 ----> 645
[0]: 158 ----> 646
[0]: 159 ----> 638
[0]: 159 ----> 639
[0]: 159 ----> 644
[0]: 159 ----> 676
[0]: 160 ----> 647
[0]: 160 ----> 648
[0]: 160 ----> 650
[0]: 160 ----> 651
[0]: 160 ----> 694
[0]: 161 ----> 646
[0]: 161 ----> 647
[0]: 161 ----> 649
[0]: 161 ----> 697
[0]: 162 ----> 652
[0]: 162 ----> 653
[0]: 162 ----> 654
[0]: 162 ----> 658
[0]: 162 ----> 663
[0]: 163 ----> 651
[0]: 163 ----> 652
[0]: 163 ----> 655
[0]: 163 ----> 656
[0]: 164 ----> 657
[0]: 164 ----> 658
[0]: 164 ----> 659
[0]: 164 ----> 661
[0]: 164 ----> 666
[0]: 165 ----> 656
[0]: 165 ----> 657
[0]: 165 ----> 660
[0]: 165 ----> 695
[0]: 166 ----> 662
[0]: 166 ----> 663
[0]: 166 ----> 664
[0]: 166 ----> 672
[0]: 166 ----> 700
[0]: 167 ----> 661
[0]: 167 ----> 662
[0]: 167 ----> 665
[0]: 167 ----> 668
[0]: 168 ----> 667
[0]: 168 ----> 668
[0]: 168 ----> 670
[0]: 168 ----> 671
[0]: 169 ----> 666
[0]: 169 ----> 667
[0]: 169 ----> 669
[0]: 170 ----> 671
[0]: 170 ----> 672
[0]: 170 ----> 673
[0]: 170 ----> 701
[0]: 171 ----> 675
[0]: 171 ----> 676
[0]: 171 ----> 677
[0]: 172 ----> 674
[0]: 172 ----> 675
[0]: 172 ----> 678
[0]: 172 ----> 681
[0]: 173 ----> 680
[0]: 173 ----> 681
[0]: 173 ----> 682
[0]: 173 ----> 692
[0]: 174 ----> 679
[0]: 174 ----> 680
[0]: 174 ----> 683
[0]: 174 ----> 693
[0]: 175 ----> 684
[0]: 175 ----> 687
[0]: 175 ----> 689
[0]: 175 ----> 692
[0]: 176 ----> 686
[0]: 176 ----> 687
[0]: 176 ----> 688
[0]: 177 ----> 685
[0]: 177 ----> 686
[0]: 177 ----> 691
[0]: 177 ----> 701
[0]: 178 ----> 684
[0]: 178 ----> 685
[0]: 178 ----> 690
[0]: 178 ----> 693
[0]: 178 ----> 700
[0]: 179 ----> 694
[0]: 179 ----> 695
[0]: 179 ----> 696
[0]: 179 ----> 698
[0]: 180 ----> 697
[0]: 180 ----> 698
[0]: 180 ----> 699
[0]: 181 ----> 0
[0]: 181 ----> 14
[0]: 182 ----> 0
[0]: 183 ----> 0
[0]: 184 ----> 0
[0]: 185 ----> 0
[0]: 185 ----> 1
[0]: 186 ----> 0
[0]: 186 ----> 7
[0]: 187 ----> 1
[0]: 187 ----> 15
[0]: 188 ----> 1
[0]: 189 ----> 1
[0]: 189 ----> 12
[0]: 190 ----> 1
[0]: 190 ----> 2
[0]: 191 ----> 1
[0]: 192 ----> 2
[0]: 192 ----> 16
[0]: 193 ----> 2
[0]: 194 ----> 2
[0]: 195 ----> 2
[0]: 195 ----> 11
[0]: 196 ----> 2
[0]: 196 ----> 3
[0]: 197 ----> 3
[0]: 197 ----> 17
[0]: 198 ----> 3
[0]: 199 ----> 3
[0]: 199 ----> 4
[0]: 200 ----> 3
[0]: 200 ----> 11
[0]: 201 ----> 3
[0]: 202 ----> 4
[0]: 202 ----> 18
[0]: 203 ----> 4
[0]: 204 ----> 4
[0]: 205 ----> 4
[0]: 205 ----> 5
[0]: 206 ----> 4
[0]: 206 ----> 6
[0]: 207 ----> 5
[0]: 207 ----> 19
[0]: 208 ----> 5
[0]: 209 ----> 5
[0]: 210 ----> 5
[0]: 210 ----> 6
[0]: 211 ----> 5
[0]: 212 ----> 6
[0]: 212 ----> 20
[0]: 213 ----> 6
[0]: 214 ----> 6
[0]: 215 ----> 6
[0]: 215 ----> 13
[0]: 216 ----> 7
[0]: 216 ----> 21
[0]: 217 ----> 7
[0]: 218 ----> 7
[0]: 219 ----> 7
[0]: 219 ----> 8
[0]: 220 ----> 7
[0]: 221 ----> 8
[0]: 221 ----> 22
[0]: 222 ----> 8
[0]: 223 ----> 8
[0]: 224 ----> 8
[0]: 225 ----> 8
[0]: 225 ----> 10
[0]: 226 ----> 9
[0]: 226 ----> 23
[0]: 227 ----> 9
[0]: 228 ----> 9
[0]: 229 ----> 9
[0]: 229 ----> 13
[0]: 230 ----> 9
[0]: 231 ----> 9
[0]: 231 ----> 10
[0]: 232 ----> 10
[0]: 232 ----> 24
[0]: 233 ----> 10
[0]: 234 ----> 10
[0]: 235 ----> 10
[0]: 236 ----> 11
[0]: 236 ----> 25
[0]: 237 ----> 11
[0]: 238 ----> 11
[0]: 239 ----> 11
[0]: 239 ----> 12
[0]: 240 ----> 12
[0]: 240 ----> 26
[0]: 241 ----> 12
[0]: 242 ----> 12
[0]: 243 ----> 12
[0]: 244 ----> 13
[0]: 244 ----> 27
[0]: 245 ----> 13
[0]: 246 ----> 13
[0]: 247 ----> 13
[0]: 248 ----> 14
[0]: 249 ----> 14
[0]: 250 ----> 14
[0]: 250 ----> 15
[0]: 251 ----> 14
[0]: 251 ----> 21
[0]: 252 ----> 15
[0]: 252 ----> 26
[0]: 253 ----> 15
[0]: 253 ----> 16
[0]: 254 ----> 15
[0]: 255 ----> 16
[0]: 256 ----> 16
[0]: 256 ----> 25
[0]: 257 ----> 16
[0]: 257 ----> 17
[0]: 258 ----> 17
[0]: 258 ----> 18
[0]: 259 ----> 17
[0]: 259 ----> 25
[0]: 260 ----> 17
[0]: 261 ----> 18
[0]: 262 ----> 18
[0]: 262 ----> 19
[0]: 263 ----> 18
[0]: 263 ----> 20
[0]: 264 ----> 19
[0]: 265 ----> 19
[0]: 265 ----> 20
[0]: 266 ----> 19
[0]: 267 ----> 20
[0]: 268 ----> 20
[0]: 268 ----> 27
[0]: 269 ----> 21
[0]: 270 ----> 21
[0]: 270 ----> 22
[0]: 271 ----> 21
[0]: 272 ----> 22
[0]: 273 ----> 22
[0]: 274 ----> 22
[0]: 274 ----> 24
[0]: 275 ----> 23
[0]: 276 ----> 23
[0]: 276 ----> 27
[0]: 277 ----> 23
[0]: 278 ----> 23
[0]: 278 ----> 24
[0]: 279 ----> 24
[0]: 280 ----> 24
[0]: 281 ----> 25
[0]: 282 ----> 25
[0]: 282 ----> 26
[0]: 283 ----> 26
[0]: 284 ----> 26
[0]: 285 ----> 27
[0]: 286 ----> 27
[0]: 287 ----> 14
[0]: 287 ----> 28
[0]: 288 ----> 15
[0]: 288 ----> 29
[0]: 289 ----> 16
[0]: 289 ----> 30
[0]: 290 ----> 17
[0]: 290 ----> 31
[0]: 291 ----> 18
[0]: 291 ----> 32
[0]: 292 ----> 19
[0]: 292 ----> 33
[0]: 293 ----> 20
[0]: 293 ----> 34
[0]: 294 ----> 21
[0]: 294 ----> 35
[0]: 295 ----> 22
[0]: 295 ----> 36
[0]: 296 ----> 23
[0]: 296 ----> 37
[0]: 297 ----> 24
[0]: 297 ----> 38
[0]: 298 ----> 25
[0]: 298 ----> 39
[0]: 299 ----> 26
[0]: 299 ----> 40
[0]: 300 ----> 27
[0]: 300 ----> 41
[0]: 301 ----> 28
[0]: 301 ----> 42
[0]: 302 ----> 28
[0]: 303 ----> 28
[0]: 304 ----> 28
[0]: 304 ----> 29
[0]: 305 ----> 28
[0]: 305 ----> 35
[0]: 306 ----> 29
[0]: 306 ----> 43
[0]: 307 ----> 29
[0]: 307 ----> 40
[0]: 308 ----> 29
[0]: 308 ----> 30
[0]: 309 ----> 29
[0]: 310 ----> 30
[0]: 310 ----> 44
[0]: 311 ----> 30
[0]: 312 ----> 30
[0]: 312 ----> 39
[0]: 313 ----> 30
[0]: 313 ----> 31
[0]: 314 ----> 31
[0]: 314 ----> 45
[0]: 315 ----> 31
[0]: 315 ----> 32
[0]: 316 ----> 31
[0]: 316 ----> 39
[0]: 317 ----> 31
[0]: 318 ----> 32
[0]: 318 ----> 46
[0]: 319 ----> 32
[0]: 320 ----> 32
[0]: 320 ----> 33
[0]: 321 ----> 32
[0]: 321 ----> 34
[0]: 322 ----> 33
[0]: 322 ----> 47
[0]: 323 ----> 33
[0]: 324 ----> 33
[0]: 324 ----> 34
[0]: 325 ----> 33
[0]: 326 ----> 34
[0]: 326 ----> 48
[0]: 327 ----> 34
[0]: 328 ----> 34
[0]: 328 ----> 41
[0]: 329 ----> 35
[0]: 329 ----> 49
[0]: 330 ----> 35
[0]: 331 ----> 35
[0]: 331 ----> 36
[0]: 332 ----> 35
[0]: 333 ----> 36
[0]: 333 ----> 50
[0]: 334 ----> 36
[0]: 335 ----> 36
[0]: 336 ----> 36
[0]: 336 ----> 38
[0]: 337 ----> 37
[0]: 337 ----> 51
[0]: 338 ----> 37
[0]: 339 ----> 37
[0]: 339 ----> 41
[0]: 340 ----> 37
[0]: 341 ----> 37
[0]: 341 ----> 38
[0]: 342 ----> 38
[0]: 342 ----> 52
[0]: 343 ----> 38
[0]: 344 ----> 38
[0]: 345 ----> 39
[0]: 345 ----> 53
[0]: 346 ----> 39
[0]: 347 ----> 39
[0]: 347 ----> 40
[0]: 348 ----> 40
[0]: 348 ----> 54
[0]: 349 ----> 40
[0]: 350 ----> 40
[0]: 351 ----> 41
[0]: 351 ----> 55
[0]: 352 ----> 41
[0]: 353 ----> 41
[0]: 354 ----> 42
[0]: 355 ----> 42
[0]: 356 ----> 42
[0]: 357 ----> 42
[0]: 357 ----> 43
[0]: 358 ----> 42
[0]: 358 ----> 49
[0]: 359 ----> 43
[0]: 360 ----> 43
[0]: 360 ----> 54
[0]: 361 ----> 43
[0]: 361 ----> 44
[0]: 362 ----> 43
[0]: 363 ----> 44
[0]: 364 ----> 44
[0]: 365 ----> 44
[0]: 365 ----> 53
[0]: 366 ----> 44
[0]: 366 ----> 45
[0]: 367 ----> 45
[0]: 368 ----> 45
[0]: 368 ----> 46
[0]: 369 ----> 45
[0]: 369 ----> 53
[0]: 370 ----> 45
[0]: 371 ----> 46
[0]: 372 ----> 46
[0]: 373 ----> 46
[0]: 373 ----> 47
[0]: 374 ----> 46
[0]: 374 ----> 48
[0]: 375 ----> 47
[0]: 376 ----> 47
[0]: 377 ----> 47
[0]: 377 ----> 48
[0]: 378 ----> 47
[0]: 379 ----> 48
[0]: 380 ----> 48
[0]: 381 ----> 48
[0]: 381 ----> 55
[0]: 382 ----> 49
[0]: 383 ----> 49
[0]: 384 ----> 49
[0]: 384 ----> 50
[0]: 385 ----> 49
[0]: 386 ----> 50
[0]: 387 ----> 50
[0]: 388 ----> 50
[0]: 389 ----> 50
[0]: 389 ----> 52
[0]: 390 ----> 51
[0]: 391 ----> 51
[0]: 392 ----> 51
[0]: 392 ----> 55
[0]: 393 ----> 51
[0]: 394 ----> 51
[0]: 394 ----> 52
[0]: 395 ----> 52
[0]: 396 ----> 52
[0]: 397 ----> 52
[0]: 398 ----> 53
[0]: 399 ----> 53
[0]: 400 ----> 53
[0]: 400 ----> 54
[0]: 401 ----> 54
[0]: 402 ----> 54
[0]: 403 ----> 54
[0]: 404 ----> 55
[0]: 405 ----> 55
[0]: 406 ----> 55
[0]: 407 ----> 181
[0]: 407 ----> 186
[0]: 407 ----> 216
[0]: 407 ----> 251
[0]: 408 ----> 181
[0]: 408 ----> 184
[0]: 408 ----> 249
[0]: 409 ----> 181
[0]: 409 ----> 185
[0]: 409 ----> 187
[0]: 409 ----> 250
[0]: 410 ----> 181
[0]: 410 ----> 183
[0]: 410 ----> 248
[0]: 411 ----> 182
[0]: 411 ----> 183
[0]: 412 ----> 182
[0]: 412 ----> 185
[0]: 412 ----> 188
[0]: 413 ----> 182
[0]: 413 ----> 184
[0]: 414 ----> 182
[0]: 414 ----> 186
[0]: 414 ----> 217
[0]: 415 ----> 183
[0]: 415 ----> 185
[0]: 415 ----> 190
[0]: 415 ----> 194
[0]: 416 ----> 183
[0]: 416 ----> 186
[0]: 416 ----> 219
[0]: 416 ----> 224
[0]: 417 ----> 184
[0]: 417 ----> 186
[0]: 417 ----> 218
[0]: 418 ----> 184
[0]: 418 ----> 185
[0]: 418 ----> 191
[0]: 419 ----> 187
[0]: 419 ----> 191
[0]: 419 ----> 254
[0]: 420 ----> 187
[0]: 420 ----> 189
[0]: 420 ----> 240
[0]: 420 ----> 252
[0]: 421 ----> 187
[0]: 421 ----> 190
[0]: 421 ----> 192
[0]: 421 ----> 253
[0]: 422 ----> 188
[0]: 422 ----> 190
[0]: 422 ----> 193
[0]: 423 ----> 188
[0]: 423 ----> 189
[0]: 423 ----> 241
[0]: 424 ----> 188
[0]: 424 ----> 191
[0]: 425 ----> 189
[0]: 425 ----> 191
[0]: 425 ----> 243
[0]: 426 ----> 189
[0]: 426 ----> 190
[0]: 426 ----> 195
[0]: 426 ----> 239
[0]: 427 ----> 192
[0]: 427 ----> 195
[0]: 427 ----> 236
[0]: 427 ----> 256
[0]: 428 ----> 192
[0]: 428 ----> 196
[0]: 428 ----> 197
[0]: 428 ----> 257
[0]: 429 ----> 192
[0]: 429 ----> 194
[0]: 429 ----> 255
[0]: 430 ----> 193
[0]: 430 ----> 194
[0]: 431 ----> 193
[0]: 431 ----> 196
[0]: 431 ----> 198
[0]: 432 ----> 193
[0]: 432 ----> 195
[0]: 432 ----> 237
[0]: 433 ----> 194
[0]: 433 ----> 196
[0]: 433 ----> 199
[0]: 433 ----> 204
[0]: 434 ----> 195
[0]: 434 ----> 196
[0]: 434 ----> 200
[0]: 435 ----> 197
[0]: 435 ----> 200
[0]: 435 ----> 236
[0]: 435 ----> 259
[0]: 436 ----> 197
[0]: 436 ----> 201
[0]: 436 ----> 260
[0]: 437 ----> 197
[0]: 437 ----> 199
[0]: 437 ----> 202
[0]: 437 ----> 258
[0]: 438 ----> 198
[0]: 438 ----> 199
[0]: 438 ----> 203
[0]: 439 ----> 198
[0]: 439 ----> 201
[0]: 440 ----> 198
[0]: 440 ----> 200
[0]: 440 ----> 237
[0]: 441 ----> 199
[0]: 441 ----> 201
[0]: 441 ----> 205
[0]: 441 ----> 211
[0]: 442 ----> 200
[0]: 442 ----> 201
[0]: 442 ----> 238
[0]: 443 ----> 202
[0]: 443 ----> 205
[0]: 443 ----> 207
[0]: 443 ----> 262
[0]: 444 ----> 202
[0]: 444 ----> 206
[0]: 444 ----> 212
[0]: 444 ----> 263
[0]: 445 ----> 202
[0]: 445 ----> 204
[0]: 445 ----> 261
[0]: 446 ----> 203
[0]: 446 ----> 204
[0]: 447 ----> 203
[0]: 447 ----> 206
[0]: 447 ----> 213
[0]: 448 ----> 203
[0]: 448 ----> 205
[0]: 448 ----> 208
[0]: 449 ----> 204
[0]: 449 ----> 206
[0]: 449 ----> 215
[0]: 449 ----> 247
[0]: 450 ----> 205
[0]: 450 ----> 206
[0]: 450 ----> 210
[0]: 451 ----> 207
[0]: 451 ----> 211
[0]: 451 ----> 266
[0]: 452 ----> 207
[0]: 452 ----> 209
[0]: 452 ----> 264
[0]: 453 ----> 207
[0]: 453 ----> 210
[0]: 453 ----> 212
[0]: 453 ----> 265
[0]: 454 ----> 208
[0]: 454 ----> 210
[0]: 454 ----> 213
[0]: 455 ----> 208
[0]: 455 ----> 209
[0]: 456 ----> 208
[0]: 456 ----> 211
[0]: 457 ----> 209
[0]: 457 ----> 211
[0]: 458 ----> 209
[0]: 458 ----> 210
[0]: 458 ----> 214
[0]: 459 ----> 212
[0]: 459 ----> 214
[0]: 459 ----> 267
[0]: 460 ----> 212
[0]: 460 ----> 215
[0]: 460 ----> 244
[0]: 460 ----> 268
[0]: 461 ----> 213
[0]: 461 ----> 215
[0]: 461 ----> 245
[0]: 462 ----> 213
[0]: 462 ----> 214
[0]: 463 ----> 214
[0]: 463 ----> 215
[0]: 463 ----> 246
[0]: 464 ----> 216
[0]: 464 ----> 219
[0]: 464 ----> 221
[0]: 464 ----> 270
[0]: 465 ----> 216
[0]: 465 ----> 220
[0]: 465 ----> 271
[0]: 466 ----> 216
[0]: 466 ----> 218
[0]: 466 ----> 269
[0]: 467 ----> 217
[0]: 467 ----> 218
[0]: 468 ----> 217
[0]: 468 ----> 220
[0]: 469 ----> 217
[0]: 469 ----> 219
[0]: 469 ----> 222
[0]: 470 ----> 218
[0]: 470 ----> 220
[0]: 471 ----> 219
[0]: 471 ----> 220
[0]: 471 ----> 223
[0]: 472 ----> 221
[0]: 472 ----> 224
[0]: 472 ----> 273
[0]: 473 ----> 221
[0]: 473 ----> 225
[0]: 473 ----> 232
[0]: 473 ----> 274
[0]: 474 ----> 221
[0]: 474 ----> 223
[0]: 474 ----> 272
[0]: 475 ----> 222
[0]: 475 ----> 223
[0]: 476 ----> 222
[0]: 476 ----> 225
[0]: 476 ----> 233
[0]: 477 ----> 222
[0]: 477 ----> 224
[0]: 478 ----> 223
[0]: 478 ----> 225
[0]: 478 ----> 235
[0]: 479 ----> 224
[0]: 479 ----> 225
[0]: 479 ----> 234
[0]: 480 ----> 226
[0]: 480 ----> 231
[0]: 480 ----> 232
[0]: 480 ----> 278
[0]: 481 ----> 226
[0]: 481 ----> 229
[0]: 481 ----> 244
[0]: 481 ----> 276
[0]: 482 ----> 226
[0]: 482 ----> 230
[0]: 482 ----> 277
[0]: 483 ----> 226
[0]: 483 ----> 228
[0]: 483 ----> 275
[0]: 484 ----> 227
[0]: 484 ----> 228
[0]: 485 ----> 227
[0]: 485 ----> 230
[0]: 486 ----> 227
[0]: 486 ----> 229
[0]: 486 ----> 245
[0]: 487 ----> 227
[0]: 487 ----> 231
[0]: 487 ----> 233
[0]: 488 ----> 228
[0]: 488 ----> 230
[0]: 489 ----> 228
[0]: 489 ----> 231
[0]: 489 ----> 235
[0]: 490 ----> 229
[0]: 490 ----> 231
[0]: 490 ----> 234
[0]: 490 ----> 247
[0]: 491 ----> 229
[0]: 491 ----> 230
[0]: 491 ----> 246
[0]: 492 ----> 232
[0]: 492 ----> 235
[0]: 492 ----> 280
[0]: 493 ----> 232
[0]: 493 ----> 234
[0]: 493 ----> 279
[0]: 494 ----> 233
[0]: 494 ----> 234
[0]: 495 ----> 233
[0]: 495 ----> 235
[0]: 496 ----> 236
[0]: 496 ----> 239
[0]: 496 ----> 240
[0]: 496 ----> 282
[0]: 497 ----> 236
[0]: 497 ----> 238
[0]: 497 ----> 281
[0]: 498 ----> 237
[0]: 498 ----> 238
[0]: 499 ----> 237
[0]: 499 ----> 239
[0]: 499 ----> 241
[0]: 500 ----> 238
[0]: 500 ----> 239
[0]: 500 ----> 242
[0]: 501 ----> 240
[0]: 501 ----> 243
[0]: 501 ----> 284
[0]: 502 ----> 240
[0]: 502 ----> 242
[0]: 502 ----> 283
[0]: 503 ----> 241
[0]: 503 ----> 242
[0]: 504 ----> 241
[0]: 504 ----> 243
[0]: 505 ----> 242
[0]: 505 ----> 243
[0]: 506 ----> 244
[0]: 506 ----> 247
[0]: 506 ----> 286
[0]: 507 ----> 244
[0]: 507 ----> 246
[0]: 507 ----> 285
[0]: 508 ----> 245
[0]: 508 ----> 246
[0]: 509 ----> 245
[0]: 509 ----> 247
[0]: 510 ----> 248
[0]: 510 ----> 250
[0]: 510 ----> 253
[0]: 510 ----> 255
[0]: 511 ----> 248
[0]: 511 ----> 251
[0]: 511 ----> 270
[0]: 511 ----> 273
[0]: 512 ----> 249
[0]: 512 ----> 251
[0]: 512 ----> 269
[0]: 513 ----> 249
[0]: 513 ----> 250
[0]: 513 ----> 254
[0]: 514 ----> 252
[0]: 514 ----> 254
[0]: 514 ----> 284
[0]: 515 ----> 252
[0]: 515 ----> 253
[0]: 515 ----> 256
[0]: 515 ----> 282
[0]: 516 ----> 255
[0]: 516 ----> 257
[0]: 516 ----> 258
[0]: 516 ----> 261
[0]: 517 ----> 256
[0]: 517 ----> 257
[0]: 517 ----> 259
[0]: 518 ----> 258
[0]: 518 ----> 260
[0]: 518 ----> 262
[0]: 518 ----> 266
[0]: 519 ----> 259
[0]: 519 ----> 260
[0]: 519 ----> 281
[0]: 520 ----> 261
[0]: 520 ----> 263
[0]: 520 ----> 268
[0]: 520 ----> 286
[0]: 521 ----> 262
[0]: 521 ----> 263
[0]: 521 ----> 265
[0]: 522 ----> 264
[0]: 522 ----> 266
[0]: 523 ----> 264
[0]: 523 ----> 265
[0]: 523 ----> 267
[0]: 524 ----> 267
[0]: 524 ----> 268
[0]: 524 ----> 285
[0]: 525 ----> 269
[0]: 525 ----> 271
[0]: 526 ----> 270
[0]: 526 ----> 271
[0]: 526 ----> 272
[0]: 527 ----> 272
[0]: 527 ----> 274
[0]: 527 ----> 280
[0]: 528 ----> 273
[0]: 528 ----> 274
[0]: 528 ----> 279
[0]: 529 ----> 275
[0]: 529 ----> 277
[0]: 530 ----> 275
[0]: 530 ----> 278
[0]: 530 ----> 280
[0]: 531 ----> 276
[0]: 531 ----> 278
[0]: 531 ----> 279
[0]: 531 ----> 286
[0]: 532 ----> 276
[0]: 532 ----> 277
[0]: 532 ----> 285
[0]: 533 ----> 281
[0]: 533 ----> 282
[0]: 533 ----> 283
[0]: 534 ----> 283
[0]: 534 ----> 284
[0]: 535 ----> 251
[0]: 535 ----> 287
[0]: 535 ----> 294
[0]: 535 ----> 305
[0]: 536 ----> 249
[0]: 536 ----> 287
[0]: 536 ----> 303
[0]: 537 ----> 250
[0]: 537 ----> 287
[0]: 537 ----> 288
[0]: 537 ----> 304
[0]: 538 ----> 248
[0]: 538 ----> 287
[0]: 538 ----> 302
[0]: 539 ----> 254
[0]: 539 ----> 288
[0]: 539 ----> 309
[0]: 540 ----> 252
[0]: 540 ----> 288
[0]: 540 ----> 299
[0]: 540 ----> 307
[0]: 541 ----> 253
[0]: 541 ----> 288
[0]: 541 ----> 289
[0]: 541 ----> 308
[0]: 542 ----> 256
[0]: 542 ----> 289
[0]: 542 ----> 298
[0]: 542 ----> 312
[0]: 543 ----> 257
[0]: 543 ----> 289
[0]: 543 ----> 290
[0]: 543 ----> 313
[0]: 544 ----> 255
[0]: 544 ----> 289
[0]: 544 ----> 311
[0]: 545 ----> 259
[0]: 545 ----> 290
[0]: 545 ----> 298
[0]: 545 ----> 316
[0]: 546 ----> 260
[0]: 546 ----> 290
[0]: 546 ----> 317
[0]: 547 ----> 258
[0]: 547 ----> 290
[0]: 547 ----> 291
[0]: 547 ----> 315
[0]: 548 ----> 262
[0]: 548 ----> 291
[0]: 548 ----> 292
[0]: 548 ----> 320
[0]: 549 ----> 263
[0]: 549 ----> 291
[0]: 549 ----> 293
[0]: 549 ----> 321
[0]: 550 ----> 261
[0]: 550 ----> 291
[0]: 550 ----> 319
[0]: 551 ----> 266
[0]: 551 ----> 292
[0]: 551 ----> 325
[0]: 552 ----> 264
[0]: 552 ----> 292
[0]: 552 ----> 323
[0]: 553 ----> 265
[0]: 553 ----> 292
[0]: 553 ----> 293
[0]: 553 ----> 324
[0]: 554 ----> 267
[0]: 554 ----> 293
[0]: 554 ----> 327
[0]: 555 ----> 268
[0]: 555 ----> 293
[0]: 555 ----> 300
[0]: 555 ----> 328
[0]: 556 ----> 270
[0]: 556 ----> 294
[0]: 556 ----> 295
[0]: 556 ----> 331
[0]: 557 ----> 271
[0]: 557 ----> 294
[0]: 557 ----> 332
[0]: 558 ----> 269
[0]: 558 ----> 294
[0]: 558 ----> 330
[0]: 559 ----> 273
[0]: 559 ----> 295
[0]: 559 ----> 335
[0]: 560 ----> 274
[0]: 560 ----> 295
[0]: 560 ----> 297
[0]: 560 ----> 336
[0]: 561 ----> 272
[0]: 561 ----> 295
[0]: 561 ----> 334
[0]: 562 ----> 278
[0]: 562 ----> 296
[0]: 562 ----> 297
[0]: 562 ----> 341
[0]: 563 ----> 276
[0]: 563 ----> 296
[0]: 563 ----> 300
[0]: 563 ----> 339
[0]: 564 ----> 277
[0]: 564 ----> 296
[0]: 564 ----> 340
[0]: 565 ----> 275
[0]: 565 ----> 296
[0]: 565 ----> 338
[0]: 566 ----> 280
[0]: 566 ----> 297
[0]: 566 ----> 344
[0]: 567 ----> 279
[0]: 567 ----> 297
[0]: 567 ----> 343
[0]: 568 ----> 282
[0]: 568 ----> 298
[0]: 568 ----> 299
[0]: 568 ----> 347
[0]: 569 ----> 281
[0]: 569 ----> 298
[0]: 569 ----> 346
[0]: 570 ----> 284
[0]: 570 ----> 299
[0]: 570 ----> 350
[0]: 571 ----> 283
[0]: 571 ----> 299
[0]: 571 ----> 349
[0]: 572 ----> 286
[0]: 572 ----> 300
[0]: 572 ----> 353
[0]: 573 ----> 285
[0]: 573 ----> 300
[0]: 573 ----> 352
[0]: 574 ----> 301
[0]: 574 ----> 305
[0]: 574 ----> 329
[0]: 574 ----> 358
[0]: 575 ----> 301
[0]: 575 ----> 303
[0]: 575 ----> 356
[0]: 576 ----> 301
[0]: 576 ----> 304
[0]: 576 ----> 306
[0]: 576 ----> 357
[0]: 577 ----> 301
[0]: 577 ----> 302
[0]: 577 ----> 355
[0]: 578 ----> 302
[0]: 578 ----> 304
[0]: 578 ----> 308
[0]: 578 ----> 311
[0]: 579 ----> 302
[0]: 579 ----> 305
[0]: 579 ----> 331
[0]: 579 ----> 335
[0]: 580 ----> 303
[0]: 580 ----> 305
[0]: 580 ----> 330
[0]: 581 ----> 303
[0]: 581 ----> 304
[0]: 581 ----> 309
[0]: 582 ----> 306
[0]: 582 ----> 309
[0]: 582 ----> 362
[0]: 583 ----> 306
[0]: 583 ----> 307
[0]: 583 ----> 348
[0]: 583 ----> 360
[0]: 584 ----> 306
[0]: 584 ----> 308
[0]: 584 ----> 310
[0]: 584 ----> 361
[0]: 585 ----> 307
[0]: 585 ----> 309
[0]: 585 ----> 350
[0]: 586 ----> 307
[0]: 586 ----> 308
[0]: 586 ----> 312
[0]: 586 ----> 347
[0]: 587 ----> 310
[0]: 587 ----> 312
[0]: 587 ----> 345
[0]: 587 ----> 365
[0]: 588 ----> 310
[0]: 588 ----> 313
[0]: 588 ----> 314
[0]: 588 ----> 366
[0]: 589 ----> 310
[0]: 589 ----> 311
[0]: 589 ----> 364
[0]: 590 ----> 311
[0]: 590 ----> 313
[0]: 590 ----> 315
[0]: 590 ----> 319
[0]: 591 ----> 312
[0]: 591 ----> 313
[0]: 591 ----> 316
[0]: 592 ----> 314
[0]: 592 ----> 316
[0]: 592 ----> 345
[0]: 592 ----> 369
[0]: 593 ----> 314
[0]: 593 ----> 317
[0]: 593 ----> 370
[0]: 594 ----> 314
[0]: 594 ----> 315
[0]: 594 ----> 318
[0]: 594 ----> 368
[0]: 595 ----> 315
[0]: 595 ----> 317
[0]: 595 ----> 320
[0]: 595 ----> 325
[0]: 596 ----> 316
[0]: 596 ----> 317
[0]: 596 ----> 346
[0]: 597 ----> 318
[0]: 597 ----> 320
[0]: 597 ----> 322
[0]: 597 ----> 373
[0]: 598 ----> 318
[0]: 598 ----> 321
[0]: 598 ----> 326
[0]: 598 ----> 374
[0]: 599 ----> 318
[0]: 599 ----> 319
[0]: 599 ----> 372
[0]: 600 ----> 319
[0]: 600 ----> 321
[0]: 600 ----> 328
[0]: 600 ----> 353
[0]: 601 ----> 320
[0]: 601 ----> 321
[0]: 601 ----> 324
[0]: 602 ----> 322
[0]: 602 ----> 325
[0]: 602 ----> 378
[0]: 603 ----> 322
[0]: 603 ----> 323
[0]: 603 ----> 376
[0]: 604 ----> 322
[0]: 604 ----> 324
[0]: 604 ----> 326
[0]: 604 ----> 377
[0]: 605 ----> 323
[0]: 605 ----> 325
[0]: 606 ----> 323
[0]: 606 ----> 324
[0]: 606 ----> 327
[0]: 607 ----> 326
[0]: 607 ----> 327
[0]: 607 ----> 380
[0]: 608 ----> 326
[0]: 608 ----> 328
[0]: 608 ----> 351
[0]: 608 ----> 381
[0]: 609 ----> 327
[0]: 609 ----> 328
[0]: 609 ----> 352
[0]: 610 ----> 329
[0]: 610 ----> 331
[0]: 610 ----> 333
[0]: 610 ----> 384
[0]: 611 ----> 329
[0]: 611 ----> 332
[0]: 611 ----> 385
[0]: 612 ----> 329
[0]: 612 ----> 330
[0]: 612 ----> 383
[0]: 613 ----> 330
[0]: 613 ----> 332
[0]: 614 ----> 331
[0]: 614 ----> 332
[0]: 614 ----> 334
[0]: 615 ----> 333
[0]: 615 ----> 335
[0]: 615 ----> 388
[0]: 616 ----> 333
[0]: 616 ----> 336
[0]: 616 ----> 342
[0]: 616 ----> 389
[0]: 617 ----> 333
[0]: 617 ----> 334
[0]: 617 ----> 387
[0]: 618 ----> 334
[0]: 618 ----> 336
[0]: 618 ----> 344
[0]: 619 ----> 335
[0]: 619 ----> 336
[0]: 619 ----> 343
[0]: 620 ----> 337
[0]: 620 ----> 341
[0]: 620 ----> 342
[0]: 620 ----> 394
[0]: 621 ----> 337
[0]: 621 ----> 339
[0]: 621 ----> 351
[0]: 621 ----> 392
[0]: 622 ----> 337
[0]: 622 ----> 340
[0]: 622 ----> 393
[0]: 623 ----> 337
[0]: 623 ----> 338
[0]: 623 ----> 391
[0]: 624 ----> 338
[0]: 624 ----> 340
[0]: 625 ----> 338
[0]: 625 ----> 341
[0]: 625 ----> 344
[0]: 626 ----> 339
[0]: 626 ----> 341
[0]: 626 ----> 343
[0]: 626 ----> 353
[0]: 627 ----> 339
[0]: 627 ----> 340
[0]: 627 ----> 352
[0]: 628 ----> 342
[0]: 628 ----> 344
[0]: 628 ----> 397
[0]: 629 ----> 342
[0]: 629 ----> 343
[0]: 629 ----> 396
[0]: 630 ----> 345
[0]: 630 ----> 347
[0]: 630 ----> 348
[0]: 630 ----> 400
[0]: 631 ----> 345
[0]: 631 ----> 346
[0]: 631 ----> 399
[0]: 632 ----> 346
[0]: 632 ----> 347
[0]: 632 ----> 349
[0]: 633 ----> 348
[0]: 633 ----> 350
[0]: 633 ----> 403
[0]: 634 ----> 348
[0]: 634 ----> 349
[0]: 634 ----> 402
[0]: 635 ----> 349
[0]: 635 ----> 350
[0]: 636 ----> 351
[0]: 636 ----> 353
[0]: 636 ----> 406
[0]: 637 ----> 351
[0]: 637 ----> 352
[0]: 637 ----> 405
[0]: 638 ----> 354
[0]: 638 ----> 358
[0]: 638 ----> 382
[0]: 639 ----> 354
[0]: 639 ----> 356
[0]: 640 ----> 354
[0]: 640 ----> 357
[0]: 640 ----> 359
[0]: 641 ----> 354
[0]: 641 ----> 355
[0]: 642 ----> 355
[0]: 642 ----> 357
[0]: 642 ----> 361
[0]: 642 ----> 364
[0]: 643 ----> 355
[0]: 643 ----> 358
[0]: 643 ----> 384
[0]: 643 ----> 388
[0]: 644 ----> 356
[0]: 644 ----> 358
[0]: 644 ----> 383
[0]: 645 ----> 356
[0]: 645 ----> 357
[0]: 645 ----> 362
[0]: 646 ----> 359
[0]: 646 ----> 362
[0]: 647 ----> 359
[0]: 647 ----> 360
[0]: 647 ----> 401
[0]: 648 ----> 359
[0]: 648 ----> 361
[0]: 648 ----> 363
[0]: 649 ----> 360
[0]: 649 ----> 362
[0]: 649 ----> 403
[0]: 650 ----> 360
[0]: 650 ----> 361
[0]: 650 ----> 365
[0]: 650 ----> 400
[0]: 651 ----> 363
[0]: 651 ----> 365
[0]: 651 ----> 398
[0]: 652 ----> 363
[0]: 652 ----> 366
[0]: 652 ----> 367
[0]: 653 ----> 363
[0]: 653 ----> 364
[0]: 654 ----> 364
[0]: 654 ----> 366
[0]: 654 ----> 368
[0]: 654 ----> 372
[0]: 655 ----> 365
[0]: 655 ----> 366
[0]: 655 ----> 369
[0]: 656 ----> 367
[0]: 656 ----> 369
[0]: 656 ----> 398
[0]: 657 ----> 367
[0]: 657 ----> 370
[0]: 658 ----> 367
[0]: 658 ----> 368
[0]: 658 ----> 371
[0]: 659 ----> 368
[0]: 659 ----> 370
[0]: 659 ----> 373
[0]: 659 ----> 378
[0]: 660 ----> 369
[0]: 660 ----> 370
[0]: 660 ----> 399
[0]: 661 ----> 371
[0]: 661 ----> 373
[0]: 661 ----> 375
[0]: 662 ----> 371
[0]: 662 ----> 374
[0]: 662 ----> 379
[0]: 663 ----> 371
[0]: 663 ----> 372
[0]: 664 ----> 372
[0]: 664 ----> 374
[0]: 664 ----> 381
[0]: 664 ----> 406
[0]: 665 ----> 373
[0]: 665 ----> 374
[0]: 665 ----> 377
[0]: 666 ----> 375
[0]: 666 ----> 378
[0]: 667 ----> 375
[0]: 667 ----> 376
[0]: 668 ----> 375
[0]: 668 ----> 377
[0]: 668 ----> 379
[0]: 669 ----> 376
[0]: 669 ----> 378
[0]: 670 ----> 376
[0]: 670 ----> 377
[0]: 670 ----> 380
[0]: 671 ----> 379
[0]: 671 ----> 380
[0]: 672 ----> 379
[0]: 672 ----> 381
[0]: 672 ----> 404
[0]: 673 ----> 380
[0]: 673 ----> 381
[0]: 673 ----> 405
[0]: 674 ----> 382
[0]: 674 ----> 384
[0]: 674 ----> 386
[0]: 675 ----> 382
[0]: 675 ----> 385
[0]: 676 ----> 382
[0]: 676 ----> 383
[0]: 677 ----> 383
[0]: 677 ----> 385
[0]: 678 ----> 384
[0]: 678 ----> 385
[0]: 678 ----> 387
[0]: 679 ----> 386
[0]: 679 ----> 388
[0]: 680 ----> 386
[0]: 680 ----> 389
[0]: 680 ----> 395
[0]: 681 ----> 386
[0]: 681 ----> 387
[0]: 682 ----> 387
[0]: 682 ----> 389
[0]: 682 ----> 397
[0]: 683 ----> 388
[0]: 683 ----> 389
[0]: 683 ----> 396
[0]: 684 ----> 390
[0]: 684 ----> 394
[0]: 684 ----> 395
[0]: 685 ----> 390
[0]: 685 ----> 392
[0]: 685 ----> 404
[0]: 686 ----> 390
[0]: 686 ----> 393
[0]: 687 ----> 390
[0]: 687 ----> 391
[0]: 688 ----> 391
[0]: 688 ----> 393
[0]: 689 ----> 391
[0]: 689 ----> 394
[0]: 689 ----> 397
[0]: 690 ----> 392
[0]: 690 ----> 394
[0]: 690 ----> 396
[0]: 690 ----> 406
[0]: 691 ----> 392
[0]: 691 ----> 393
[0]: 691 ----> 405
[0]: 692 ----> 395
[0]: 692 ----> 397
[0]: 693 ----> 395
[0]: 693 ----> 396
[0]: 694 ----> 398
[0]: 694 ----> 400
[0]: 694 ----> 401
[0]: 695 ----> 398
[0]: 695 ----> 399
[0]: 696 ----> 399
[0]: 696 ----> 400
[0]: 696 ----> 402
[0]: 697 ----> 401
[0]: 697 ----> 403
[0]: 698 ----> 401
[0]: 698 ----> 402
[0]: 699 ----> 402
[0]: 699 ----> 403
[0]: 700 ----> 404
[0]: 700 ----> 406
[0]: 701 ----> 404
[0]: 701 ----> 405
[1] Max support size: 0
Cones:
[0] Max cone size: 6
[0]: 0 <---- 181 (0)
[0]: 0 <---- 182 (0)
[0]: 0 <---- 183 (0)
[0]: 0 <---- 184 (0)
[0]: 0 <---- 185 (0)
[0]: 0 <---- 186 (0)
[0]: 1 <---- 187 (0)
[0]: 1 <---- 188 (0)
[0]: 1 <---- 185 (-1)
[0]: 1 <---- 189 (0)
[0]: 1 <---- 190 (0)
[0]: 1 <---- 191 (0)
[0]: 2 <---- 192 (0)
[0]: 2 <---- 193 (0)
[0]: 2 <---- 194 (0)
[0]: 2 <---- 195 (0)
[0]: 2 <---- 196 (0)
[0]: 2 <---- 190 (-4)
[0]: 3 <---- 197 (0)
[0]: 3 <---- 198 (0)
[0]: 3 <---- 199 (0)
[0]: 3 <---- 200 (0)
[0]: 3 <---- 201 (0)
[0]: 3 <---- 196 (-4)
[0]: 4 <---- 202 (0)
[0]: 4 <---- 203 (0)
[0]: 4 <---- 204 (0)
[0]: 4 <---- 205 (0)
[0]: 4 <---- 206 (0)
[0]: 4 <---- 199 (-4)
[0]: 5 <---- 207 (0)
[0]: 5 <---- 208 (0)
[0]: 5 <---- 205 (-1)
[0]: 5 <---- 209 (0)
[0]: 5 <---- 210 (0)
[0]: 5 <---- 211 (0)
[0]: 6 <---- 212 (0)
[0]: 6 <---- 213 (0)
[0]: 6 <---- 206 (-1)
[0]: 6 <---- 214 (0)
[0]: 6 <---- 215 (0)
[0]: 6 <---- 210 (-4)
[0]: 7 <---- 216 (0)
[0]: 7 <---- 217 (0)
[0]: 7 <---- 218 (0)
[0]: 7 <---- 219 (0)
[0]: 7 <---- 220 (0)
[0]: 7 <---- 186 (-3)
[0]: 8 <---- 221 (0)
[0]: 8 <---- 222 (0)
[0]: 8 <---- 223 (0)
[0]: 8 <---- 224 (0)
[0]: 8 <---- 225 (0)
[0]: 8 <---- 219 (-4)
[0]: 9 <---- 226 (0)
[0]: 9 <---- 227 (0)
[0]: 9 <---- 228 (0)
[0]: 9 <---- 229 (0)
[0]: 9 <---- 230 (0)
[0]: 9 <---- 231 (0)
[0]: 10 <---- 232 (0)
[0]: 10 <---- 233 (0)
[0]: 10 <---- 234 (0)
[0]: 10 <---- 235 (0)
[0]: 10 <---- 225 (-1)
[0]: 10 <---- 231 (-3)
[0]: 11 <---- 236 (0)
[0]: 11 <---- 237 (0)
[0]: 11 <---- 195 (-1)
[0]: 11 <---- 238 (0)
[0]: 11 <---- 200 (-1)
[0]: 11 <---- 239 (0)
[0]: 12 <---- 240 (0)
[0]: 12 <---- 241 (0)
[0]: 12 <---- 242 (0)
[0]: 12 <---- 189 (-1)
[0]: 12 <---- 243 (0)
[0]: 12 <---- 239 (-3)
[0]: 13 <---- 244 (0)
[0]: 13 <---- 245 (0)
[0]: 13 <---- 229 (-1)
[0]: 13 <---- 215 (-1)
[0]: 13 <---- 246 (0)
[0]: 13 <---- 247 (0)
[0]: 14 <---- 287 (0)
[0]: 14 <---- 181 (-4)
[0]: 14 <---- 248 (0)
[0]: 14 <---- 249 (0)
[0]: 14 <---- 250 (0)
[0]: 14 <---- 251 (0)
[0]: 15 <---- 288 (0)
[0]: 15 <---- 187 (-4)
[0]: 15 <---- 250 (-1)
[0]: 15 <---- 252 (0)
[0]: 15 <---- 253 (0)
[0]: 15 <---- 254 (0)
[0]: 16 <---- 289 (0)
[0]: 16 <---- 192 (-4)
[0]: 16 <---- 255 (0)
[0]: 16 <---- 256 (0)
[0]: 16 <---- 257 (0)
[0]: 16 <---- 253 (-4)
[0]: 17 <---- 290 (0)
[0]: 17 <---- 197 (-4)
[0]: 17 <---- 258 (0)
[0]: 17 <---- 259 (0)
[0]: 17 <---- 260 (0)
[0]: 17 <---- 257 (-4)
[0]: 18 <---- 291 (0)
[0]: 18 <---- 202 (-4)
[0]: 18 <---- 261 (0)
[0]: 18 <---- 262 (0)
[0]: 18 <---- 263 (0)
[0]: 18 <---- 258 (-4)
[0]: 19 <---- 292 (0)
[0]: 19 <---- 207 (-4)
[0]: 19 <---- 262 (-1)
[0]: 19 <---- 264 (0)
[0]: 19 <---- 265 (0)
[0]: 19 <---- 266 (0)
[0]: 20 <---- 293 (0)
[0]: 20 <---- 212 (-4)
[0]: 20 <---- 263 (-1)
[0]: 20 <---- 267 (0)
[0]: 20 <---- 268 (0)
[0]: 20 <---- 265 (-4)
[0]: 21 <---- 294 (0)
[0]: 21 <---- 216 (-4)
[0]: 21 <---- 269 (0)
[0]: 21 <---- 270 (0)
[0]: 21 <---- 271 (0)
[0]: 21 <---- 251 (-3)
[0]: 22 <---- 295 (0)
[0]: 22 <---- 221 (-4)
[0]: 22 <---- 272 (0)
[0]: 22 <---- 273 (0)
[0]: 22 <---- 274 (0)
[0]: 22 <---- 270 (-4)
[0]: 23 <---- 296 (0)
[0]: 23 <---- 226 (-4)
[0]: 23 <---- 275 (0)
[0]: 23 <---- 276 (0)
[0]: 23 <---- 277 (0)
[0]: 23 <---- 278 (0)
[0]: 24 <---- 297 (0)
[0]: 24 <---- 232 (-4)
[0]: 24 <---- 279 (0)
[0]: 24 <---- 280 (0)
[0]: 24 <---- 274 (-1)
[0]: 24 <---- 278 (-3)
[0]: 25 <---- 298 (0)
[0]: 25 <---- 236 (-4)
[0]: 25 <---- 256 (-1)
[0]: 25 <---- 281 (0)
[0]: 25 <---- 259 (-1)
[0]: 25 <---- 282 (0)
[0]: 26 <---- 299 (0)
[0]: 26 <---- 240 (-4)
[0]: 26 <---- 283 (0)
[0]: 26 <---- 252 (-1)
[0]: 26 <---- 284 (0)
[0]: 26 <---- 282 (-3)
[0]: 27 <---- 300 (0)
[0]: 27 <---- 244 (-4)
[0]: 27 <---- 276 (-1)
[0]: 27 <---- 268 (-1)
[0]: 27 <---- 285 (0)
[0]: 27 <---- 286 (0)
[0]: 28 <---- 301 (0)
[0]: 28 <---- 287 (-4)
[0]: 28 <---- 302 (0)
[0]: 28 <---- 303 (0)
[0]: 28 <---- 304 (0)
[0]: 28 <---- 305 (0)
[0]: 29 <---- 306 (0)
[0]: 29 <---- 288 (-4)
[0]: 29 <---- 304 (-1)
[0]: 29 <---- 307 (0)
[0]: 29 <---- 308 (0)
[0]: 29 <---- 309 (0)
[0]: 30 <---- 310 (0)
[0]: 30 <---- 289 (-4)
[0]: 30 <---- 311 (0)
[0]: 30 <---- 312 (0)
[0]: 30 <---- 313 (0)
[0]: 30 <---- 308 (-4)
[0]: 31 <---- 314 (0)
[0]: 31 <---- 290 (-4)
[0]: 31 <---- 315 (0)
[0]: 31 <---- 316 (0)
[0]: 31 <---- 317 (0)
[0]: 31 <---- 313 (-4)
[0]: 32 <---- 318 (0)
[0]: 32 <---- 291 (-4)
[0]: 32 <---- 319 (0)
[0]: 32 <---- 320 (0)
[0]: 32 <---- 321 (0)
[0]: 32 <---- 315 (-4)
[0]: 33 <---- 322 (0)
[0]: 33 <---- 292 (-4)
[0]: 33 <---- 320 (-1)
[0]: 33 <---- 323 (0)
[0]: 33 <---- 324 (0)
[0]: 33 <---- 325 (0)
[0]: 34 <---- 326 (0)
[0]: 34 <---- 293 (-4)
[0]: 34 <---- 321 (-1)
[0]: 34 <---- 327 (0)
[0]: 34 <---- 328 (0)
[0]: 34 <---- 324 (-4)
[0]: 35 <---- 329 (0)
[0]: 35 <---- 294 (-4)
[0]: 35 <---- 330 (0)
[0]: 35 <---- 331 (0)
[0]: 35 <---- 332 (0)
[0]: 35 <---- 305 (-3)
[0]: 36 <---- 333 (0)
[0]: 36 <---- 295 (-4)
[0]: 36 <---- 334 (0)
[0]: 36 <---- 335 (0)
[0]: 36 <---- 336 (0)
[0]: 36 <---- 331 (-4)
[0]: 37 <---- 337 (0)
[0]: 37 <---- 296 (-4)
[0]: 37 <---- 338 (0)
[0]: 37 <---- 339 (0)
[0]: 37 <---- 340 (0)
[0]: 37 <---- 341 (0)
[0]: 38 <---- 342 (0)
[0]: 38 <---- 297 (-4)
[0]: 38 <---- 343 (0)
[0]: 38 <---- 344 (0)
[0]: 38 <---- 336 (-1)
[0]: 38 <---- 341 (-3)
[0]: 39 <---- 345 (0)
[0]: 39 <---- 298 (-4)
[0]: 39 <---- 312 (-1)
[0]: 39 <---- 346 (0)
[0]: 39 <---- 316 (-1)
[0]: 39 <---- 347 (0)
[0]: 40 <---- 348 (0)
[0]: 40 <---- 299 (-4)
[0]: 40 <---- 349 (0)
[0]: 40 <---- 307 (-1)
[0]: 40 <---- 350 (0)
[0]: 40 <---- 347 (-3)
[0]: 41 <---- 351 (0)
[0]: 41 <---- 300 (-4)
[0]: 41 <---- 339 (-1)
[0]: 41 <---- 328 (-1)
[0]: 41 <---- 352 (0)
[0]: 41 <---- 353 (0)
[0]: 42 <---- 354 (0)
[0]: 42 <---- 301 (-4)
[0]: 42 <---- 355 (0)
[0]: 42 <---- 356 (0)
[0]: 42 <---- 357 (0)
[0]: 42 <---- 358 (0)
[0]: 43 <---- 359 (0)
[0]: 43 <---- 306 (-4)
[0]: 43 <---- 357 (-1)
[0]: 43 <---- 360 (0)
[0]: 43 <---- 361 (0)
[0]: 43 <---- 362 (0)
[0]: 44 <---- 363 (0)
[0]: 44 <---- 310 (-4)
[0]: 44 <---- 364 (0)
[0]: 44 <---- 365 (0)
[0]: 44 <---- 366 (0)
[0]: 44 <---- 361 (-4)
[0]: 45 <---- 367 (0)
[0]: 45 <---- 314 (-4)
[0]: 45 <---- 368 (0)
[0]: 45 <---- 369 (0)
[0]: 45 <---- 370 (0)
[0]: 45 <---- 366 (-4)
[0]: 46 <---- 371 (0)
[0]: 46 <---- 318 (-4)
[0]: 46 <---- 372 (0)
[0]: 46 <---- 373 (0)
[0]: 46 <---- 374 (0)
[0]: 46 <---- 368 (-4)
[0]: 47 <---- 375 (0)
[0]: 47 <---- 322 (-4)
[0]: 47 <---- 373 (-1)
[0]: 47 <---- 376 (0)
[0]: 47 <---- 377 (0)
[0]: 47 <---- 378 (0)
[0]: 48 <---- 379 (0)
[0]: 48 <---- 326 (-4)
[0]: 48 <---- 374 (-1)
[0]: 48 <---- 380 (0)
[0]: 48 <---- 381 (0)
[0]: 48 <---- 377 (-4)
[0]: 49 <---- 382 (0)
[0]: 49 <---- 329 (-4)
[0]: 49 <---- 383 (0)
[0]: 49 <---- 384 (0)
[0]: 49 <---- 385 (0)
[0]: 49 <---- 358 (-3)
[0]: 50 <---- 386 (0)
[0]: 50 <---- 333 (-4)
[0]: 50 <---- 387 (0)
[0]: 50 <---- 388 (0)
[0]: 50 <---- 389 (0)
[0]: 50 <---- 384 (-4)
[0]: 51 <---- 390 (0)
[0]: 51 <---- 337 (-4)
[0]: 51 <---- 391 (0)
[0]: 51 <---- 392 (0)
[0]: 51 <---- 393 (0)
[0]: 51 <---- 394 (0)
[0]: 52 <---- 395 (0)
[0]: 52 <---- 342 (-4)
[0]: 52 <---- 396 (0)
[0]: 52 <---- 397 (0)
[0]: 52 <---- 389 (-1)
[0]: 52 <---- 394 (-3)
[0]: 53 <---- 398 (0)
[0]: 53 <---- 345 (-4)
[0]: 53 <---- 365 (-1)
[0]: 53 <---- 399 (0)
[0]: 53 <---- 369 (-1)
[0]: 53 <---- 400 (0)
[0]: 54 <---- 401 (0)
[0]: 54 <---- 348 (-4)
[0]: 54 <---- 402 (0)
[0]: 54 <---- 360 (-1)
[0]: 54 <---- 403 (0)
[0]: 54 <---- 400 (-3)
[0]: 55 <---- 404 (0)
[0]: 55 <---- 351 (-4)
[0]: 55 <---- 392 (-1)
[0]: 55 <---- 381 (-1)
[0]: 55 <---- 405 (0)
[0]: 55 <---- 406 (0)
[0]: 181 <---- 407 (0)
[0]: 181 <---- 408 (0)
[0]: 181 <---- 409 (0)
[0]: 181 <---- 410 (0)
[0]: 182 <---- 411 (0)
[0]: 182 <---- 412 (0)
[0]: 182 <---- 413 (0)
[0]: 182 <---- 414 (0)
[0]: 183 <---- 410 (-2)
[0]: 183 <---- 415 (0)
[0]: 183 <---- 411 (-2)
[0]: 183 <---- 416 (0)
[0]: 184 <---- 408 (-2)
[0]: 184 <---- 417 (0)
[0]: 184 <---- 413 (-2)
[0]: 184 <---- 418 (0)
[0]: 185 <---- 409 (-2)
[0]: 185 <---- 418 (-2)
[0]: 185 <---- 412 (-2)
[0]: 185 <---- 415 (-2)
[0]: 186 <---- 416 (-2)
[0]: 186 <---- 414 (-2)
[0]: 186 <---- 417 (-2)
[0]: 186 <---- 407 (-2)
[0]: 187 <---- 419 (0)
[0]: 187 <---- 420 (0)
[0]: 187 <---- 421 (0)
[0]: 187 <---- 409 (-2)
[0]: 188 <---- 412 (-2)
[0]: 188 <---- 422 (0)
[0]: 188 <---- 423 (0)
[0]: 188 <---- 424 (0)
[0]: 189 <---- 420 (-2)
[0]: 189 <---- 425 (0)
[0]: 189 <---- 423 (-2)
[0]: 189 <---- 426 (0)
[0]: 190 <---- 421 (-2)
[0]: 190 <---- 426 (-2)
[0]: 190 <---- 422 (-2)
[0]: 190 <---- 415 (-2)
[0]: 191 <---- 418 (-2)
[0]: 191 <---- 424 (-2)
[0]: 191 <---- 425 (-2)
[0]: 191 <---- 419 (-2)
[0]: 192 <---- 421 (-2)
[0]: 192 <---- 427 (0)
[0]: 192 <---- 428 (0)
[0]: 192 <---- 429 (0)
[0]: 193 <---- 430 (0)
[0]: 193 <---- 431 (0)
[0]: 193 <---- 432 (0)
[0]: 193 <---- 422 (-2)
[0]: 194 <---- 429 (-2)
[0]: 194 <---- 433 (0)
[0]: 194 <---- 430 (-2)
[0]: 194 <---- 415 (-2)
[0]: 195 <---- 427 (-2)
[0]: 195 <---- 426 (-2)
[0]: 195 <---- 432 (-2)
[0]: 195 <---- 434 (0)
[0]: 196 <---- 428 (-2)
[0]: 196 <---- 434 (-2)
[0]: 196 <---- 431 (-2)
[0]: 196 <---- 433 (-2)
[0]: 197 <---- 428 (-2)
[0]: 197 <---- 435 (0)
[0]: 197 <---- 436 (0)
[0]: 197 <---- 437 (0)
[0]: 198 <---- 438 (0)
[0]: 198 <---- 439 (0)
[0]: 198 <---- 440 (0)
[0]: 198 <---- 431 (-2)
[0]: 199 <---- 437 (-2)
[0]: 199 <---- 441 (0)
[0]: 199 <---- 438 (-2)
[0]: 199 <---- 433 (-2)
[0]: 200 <---- 435 (-2)
[0]: 200 <---- 434 (-2)
[0]: 200 <---- 440 (-2)
[0]: 200 <---- 442 (0)
[0]: 201 <---- 436 (-2)
[0]: 201 <---- 442 (-2)
[0]: 201 <---- 439 (-2)
[0]: 201 <---- 441 (-2)
[0]: 202 <---- 437 (-2)
[0]: 202 <---- 443 (0)
[0]: 202 <---- 444 (0)
[0]: 202 <---- 445 (0)
[0]: 203 <---- 446 (0)
[0]: 203 <---- 447 (0)
[0]: 203 <---- 448 (0)
[0]: 203 <---- 438 (-2)
[0]: 204 <---- 445 (-2)
[0]: 204 <---- 449 (0)
[0]: 204 <---- 446 (-2)
[0]: 204 <---- 433 (-2)
[0]: 205 <---- 443 (-2)
[0]: 205 <---- 441 (0)
[0]: 205 <---- 448 (-2)
[0]: 205 <---- 450 (0)
[0]: 206 <---- 444 (-2)
[0]: 206 <---- 450 (-2)
[0]: 206 <---- 447 (-2)
[0]: 206 <---- 449 (-2)
[0]: 207 <---- 451 (0)
[0]: 207 <---- 452 (0)
[0]: 207 <---- 453 (0)
[0]: 207 <---- 443 (-2)
[0]: 208 <---- 448 (-2)
[0]: 208 <---- 454 (0)
[0]: 208 <---- 455 (0)
[0]: 208 <---- 456 (0)
[0]: 209 <---- 452 (-2)
[0]: 209 <---- 457 (0)
[0]: 209 <---- 455 (-2)
[0]: 209 <---- 458 (0)
[0]: 210 <---- 453 (-2)
[0]: 210 <---- 458 (-2)
[0]: 210 <---- 454 (-2)
[0]: 210 <---- 450 (0)
[0]: 211 <---- 441 (0)
[0]: 211 <---- 456 (-2)
[0]: 211 <---- 457 (-2)
[0]: 211 <---- 451 (-2)
[0]: 212 <---- 453 (-2)
[0]: 212 <---- 459 (0)
[0]: 212 <---- 460 (0)
[0]: 212 <---- 444 (-2)
[0]: 213 <---- 447 (-2)
[0]: 213 <---- 461 (0)
[0]: 213 <---- 462 (0)
[0]: 213 <---- 454 (-2)
[0]: 214 <---- 459 (-2)
[0]: 214 <---- 458 (-2)
[0]: 214 <---- 462 (-2)
[0]: 214 <---- 463 (0)
[0]: 215 <---- 460 (-2)
[0]: 215 <---- 463 (-2)
[0]: 215 <---- 461 (-2)
[0]: 215 <---- 449 (-2)
[0]: 216 <---- 407 (-2)
[0]: 216 <---- 464 (0)
[0]: 216 <---- 465 (0)
[0]: 216 <---- 466 (0)
[0]: 217 <---- 467 (0)
[0]: 217 <---- 468 (0)
[0]: 217 <---- 469 (0)
[0]: 217 <---- 414 (-2)
[0]: 218 <---- 466 (-2)
[0]: 218 <---- 470 (0)
[0]: 218 <---- 467 (-2)
[0]: 218 <---- 417 (-2)
[0]: 219 <---- 464 (-2)
[0]: 219 <---- 416 (-2)
[0]: 219 <---- 469 (-2)
[0]: 219 <---- 471 (0)
[0]: 220 <---- 465 (-2)
[0]: 220 <---- 471 (-2)
[0]: 220 <---- 468 (-2)
[0]: 220 <---- 470 (-2)
[0]: 221 <---- 464 (-2)
[0]: 221 <---- 472 (0)
[0]: 221 <---- 473 (0)
[0]: 221 <---- 474 (0)
[0]: 222 <---- 475 (0)
[0]: 222 <---- 476 (0)
[0]: 222 <---- 477 (0)
[0]: 222 <---- 469 (-2)
[0]: 223 <---- 474 (-2)
[0]: 223 <---- 478 (0)
[0]: 223 <---- 475 (-2)
[0]: 223 <---- 471 (0)
[0]: 224 <---- 472 (-2)
[0]: 224 <---- 416 (-2)
[0]: 224 <---- 477 (-2)
[0]: 224 <---- 479 (0)
[0]: 225 <---- 473 (-2)
[0]: 225 <---- 479 (-2)
[0]: 225 <---- 476 (-2)
[0]: 225 <---- 478 (-2)
[0]: 226 <---- 480 (0)
[0]: 226 <---- 481 (0)
[0]: 226 <---- 482 (0)
[0]: 226 <---- 483 (0)
[0]: 227 <---- 484 (0)
[0]: 227 <---- 485 (0)
[0]: 227 <---- 486 (0)
[0]: 227 <---- 487 (0)
[0]: 228 <---- 483 (-2)
[0]: 228 <---- 488 (0)
[0]: 228 <---- 484 (-2)
[0]: 228 <---- 489 (0)
[0]: 229 <---- 481 (-2)
[0]: 229 <---- 490 (0)
[0]: 229 <---- 486 (-2)
[0]: 229 <---- 491 (0)
[0]: 230 <---- 482 (-2)
[0]: 230 <---- 491 (-2)
[0]: 230 <---- 485 (-2)
[0]: 230 <---- 488 (-2)
[0]: 231 <---- 489 (-2)
[0]: 231 <---- 487 (-2)
[0]: 231 <---- 490 (-2)
[0]: 231 <---- 480 (-2)
[0]: 232 <---- 480 (-2)
[0]: 232 <---- 492 (0)
[0]: 232 <---- 473 (-2)
[0]: 232 <---- 493 (0)
[0]: 233 <---- 494 (0)
[0]: 233 <---- 476 (-2)
[0]: 233 <---- 495 (0)
[0]: 233 <---- 487 (-2)
[0]: 234 <---- 493 (-2)
[0]: 234 <---- 479 (-2)
[0]: 234 <---- 494 (-2)
[0]: 234 <---- 490 (-2)
[0]: 235 <---- 492 (-2)
[0]: 235 <---- 489 (-2)
[0]: 235 <---- 495 (-2)
[0]: 235 <---- 478 (-2)
[0]: 236 <---- 496 (0)
[0]: 236 <---- 497 (0)
[0]: 236 <---- 435 (-2)
[0]: 236 <---- 427 (-2)
[0]: 237 <---- 432 (-2)
[0]: 237 <---- 440 (-2)
[0]: 237 <---- 498 (0)
[0]: 237 <---- 499 (0)
[0]: 238 <---- 497 (-2)
[0]: 238 <---- 500 (0)
[0]: 238 <---- 498 (-2)
[0]: 238 <---- 442 (0)
[0]: 239 <---- 426 (-2)
[0]: 239 <---- 499 (-2)
[0]: 239 <---- 500 (-2)
[0]: 239 <---- 496 (-2)
[0]: 240 <---- 496 (-2)
[0]: 240 <---- 420 (-2)
[0]: 240 <---- 501 (0)
[0]: 240 <---- 502 (0)
[0]: 241 <---- 503 (0)
[0]: 241 <---- 504 (0)
[0]: 241 <---- 423 (-2)
[0]: 241 <---- 499 (-2)
[0]: 242 <---- 502 (-2)
[0]: 242 <---- 505 (0)
[0]: 242 <---- 503 (-2)
[0]: 242 <---- 500 (-2)
[0]: 243 <---- 501 (-2)
[0]: 243 <---- 425 (0)
[0]: 243 <---- 504 (-2)
[0]: 243 <---- 505 (-2)
[0]: 244 <---- 506 (0)
[0]: 244 <---- 460 (-2)
[0]: 244 <---- 507 (0)
[0]: 244 <---- 481 (-2)
[0]: 245 <---- 486 (-2)
[0]: 245 <---- 508 (0)
[0]: 245 <---- 461 (-2)
[0]: 245 <---- 509 (0)
[0]: 246 <---- 507 (-2)
[0]: 246 <---- 463 (-2)
[0]: 246 <---- 508 (-2)
[0]: 246 <---- 491 (0)
[0]: 247 <---- 490 (0)
[0]: 247 <---- 509 (-2)
[0]: 247 <---- 449 (-2)
[0]: 247 <---- 506 (-2)
[0]: 248 <---- 538 (-2)
[0]: 248 <---- 510 (0)
[0]: 248 <---- 410 (0)
[0]: 248 <---- 511 (0)
[0]: 249 <---- 536 (-2)
[0]: 249 <---- 512 (0)
[0]: 249 <---- 408 (0)
[0]: 249 <---- 513 (0)
[0]: 250 <---- 537 (-2)
[0]: 250 <---- 513 (-2)
[0]: 250 <---- 409 (0)
[0]: 250 <---- 510 (-2)
[0]: 251 <---- 511 (-2)
[0]: 251 <---- 407 (0)
[0]: 251 <---- 512 (-2)
[0]: 251 <---- 535 (-2)
[0]: 252 <---- 540 (-2)
[0]: 252 <---- 514 (0)
[0]: 252 <---- 420 (0)
[0]: 252 <---- 515 (0)
[0]: 253 <---- 541 (-2)
[0]: 253 <---- 515 (-2)
[0]: 253 <---- 421 (0)
[0]: 253 <---- 510 (-2)
[0]: 254 <---- 513 (-2)
[0]: 254 <---- 419 (0)
[0]: 254 <---- 514 (-2)
[0]: 254 <---- 539 (-2)
[0]: 255 <---- 544 (-2)
[0]: 255 <---- 516 (0)
[0]: 255 <---- 429 (0)
[0]: 255 <---- 510 (-2)
[0]: 256 <---- 542 (-2)
[0]: 256 <---- 515 (-2)
[0]: 256 <---- 427 (0)
[0]: 256 <---- 517 (0)
[0]: 257 <---- 543 (-2)
[0]: 257 <---- 517 (-2)
[0]: 257 <---- 428 (0)
[0]: 257 <---- 516 (-2)
[0]: 258 <---- 547 (-2)
[0]: 258 <---- 518 (0)
[0]: 258 <---- 437 (0)
[0]: 258 <---- 516 (-2)
[0]: 259 <---- 545 (-2)
[0]: 259 <---- 517 (-2)
[0]: 259 <---- 435 (0)
[0]: 259 <---- 519 (0)
[0]: 260 <---- 546 (-2)
[0]: 260 <---- 519 (-2)
[0]: 260 <---- 436 (0)
[0]: 260 <---- 518 (-2)
[0]: 261 <---- 550 (-2)
[0]: 261 <---- 520 (0)
[0]: 261 <---- 445 (0)
[0]: 261 <---- 516 (-2)
[0]: 262 <---- 548 (-2)
[0]: 262 <---- 518 (0)
[0]: 262 <---- 443 (0)
[0]: 262 <---- 521 (0)
[0]: 263 <---- 549 (-2)
[0]: 263 <---- 521 (-2)
[0]: 263 <---- 444 (0)
[0]: 263 <---- 520 (-2)
[0]: 264 <---- 552 (-2)
[0]: 264 <---- 522 (0)
[0]: 264 <---- 452 (0)
[0]: 264 <---- 523 (0)
[0]: 265 <---- 553 (-2)
[0]: 265 <---- 523 (-2)
[0]: 265 <---- 453 (0)
[0]: 265 <---- 521 (0)
[0]: 266 <---- 518 (0)
[0]: 266 <---- 451 (0)
[0]: 266 <---- 522 (-2)
[0]: 266 <---- 551 (-2)
[0]: 267 <---- 554 (-2)
[0]: 267 <---- 523 (-2)
[0]: 267 <---- 459 (0)
[0]: 267 <---- 524 (0)
[0]: 268 <---- 555 (-2)
[0]: 268 <---- 524 (-2)
[0]: 268 <---- 460 (0)
[0]: 268 <---- 520 (-2)
[0]: 269 <---- 558 (-2)
[0]: 269 <---- 525 (0)
[0]: 269 <---- 466 (0)
[0]: 269 <---- 512 (-2)
[0]: 270 <---- 556 (-2)
[0]: 270 <---- 511 (-2)
[0]: 270 <---- 464 (0)
[0]: 270 <---- 526 (0)
[0]: 271 <---- 557 (-2)
[0]: 271 <---- 526 (-2)
[0]: 271 <---- 465 (0)
[0]: 271 <---- 525 (-2)
[0]: 272 <---- 561 (-2)
[0]: 272 <---- 527 (0)
[0]: 272 <---- 474 (0)
[0]: 272 <---- 526 (0)
[0]: 273 <---- 559 (-2)
[0]: 273 <---- 511 (-2)
[0]: 273 <---- 472 (0)
[0]: 273 <---- 528 (0)
[0]: 274 <---- 560 (-2)
[0]: 274 <---- 528 (-2)
[0]: 274 <---- 473 (0)
[0]: 274 <---- 527 (-2)
[0]: 275 <---- 565 (-2)
[0]: 275 <---- 529 (0)
[0]: 275 <---- 483 (0)
[0]: 275 <---- 530 (0)
[0]: 276 <---- 563 (-2)
[0]: 276 <---- 531 (0)
[0]: 276 <---- 481 (0)
[0]: 276 <---- 532 (0)
[0]: 277 <---- 564 (-2)
[0]: 277 <---- 532 (-2)
[0]: 277 <---- 482 (0)
[0]: 277 <---- 529 (-2)
[0]: 278 <---- 530 (-2)
[0]: 278 <---- 480 (0)
[0]: 278 <---- 531 (-2)
[0]: 278 <---- 562 (-2)
[0]: 279 <---- 567 (-2)
[0]: 279 <---- 528 (-2)
[0]: 279 <---- 493 (0)
[0]: 279 <---- 531 (-2)
[0]: 280 <---- 566 (-2)
[0]: 280 <---- 530 (-2)
[0]: 280 <---- 492 (0)
[0]: 280 <---- 527 (-2)
[0]: 281 <---- 569 (-2)
[0]: 281 <---- 533 (0)
[0]: 281 <---- 497 (0)
[0]: 281 <---- 519 (0)
[0]: 282 <---- 515 (-2)
[0]: 282 <---- 496 (0)
[0]: 282 <---- 533 (-2)
[0]: 282 <---- 568 (-2)
[0]: 283 <---- 571 (-2)
[0]: 283 <---- 534 (0)
[0]: 283 <---- 502 (0)
[0]: 283 <---- 533 (-2)
[0]: 284 <---- 570 (-2)
[0]: 284 <---- 514 (0)
[0]: 284 <---- 501 (0)
[0]: 284 <---- 534 (-2)
[0]: 285 <---- 573 (-2)
[0]: 285 <---- 524 (-2)
[0]: 285 <---- 507 (0)
[0]: 285 <---- 532 (0)
[0]: 286 <---- 531 (0)
[0]: 286 <---- 506 (0)
[0]: 286 <---- 520 (-2)
[0]: 286 <---- 572 (-2)
[0]: 287 <---- 535 (0)
[0]: 287 <---- 536 (0)
[0]: 287 <---- 537 (0)
[0]: 287 <---- 538 (0)
[0]: 288 <---- 539 (0)
[0]: 288 <---- 540 (0)
[0]: 288 <---- 541 (0)
[0]: 288 <---- 537 (-2)
[0]: 289 <---- 541 (-2)
[0]: 289 <---- 542 (0)
[0]: 289 <---- 543 (0)
[0]: 289 <---- 544 (0)
[0]: 290 <---- 543 (-2)
[0]: 290 <---- 545 (0)
[0]: 290 <---- 546 (0)
[0]: 290 <---- 547 (0)
[0]: 291 <---- 547 (-2)
[0]: 291 <---- 548 (0)
[0]: 291 <---- 549 (0)
[0]: 291 <---- 550 (0)
[0]: 292 <---- 551 (0)
[0]: 292 <---- 552 (0)
[0]: 292 <---- 553 (0)
[0]: 292 <---- 548 (-2)
[0]: 293 <---- 553 (-2)
[0]: 293 <---- 554 (0)
[0]: 293 <---- 555 (0)
[0]: 293 <---- 549 (-2)
[0]: 294 <---- 535 (-2)
[0]: 294 <---- 556 (0)
[0]: 294 <---- 557 (0)
[0]: 294 <---- 558 (0)
[0]: 295 <---- 556 (-2)
[0]: 295 <---- 559 (0)
[0]: 295 <---- 560 (0)
[0]: 295 <---- 561 (0)
[0]: 296 <---- 562 (0)
[0]: 296 <---- 563 (0)
[0]: 296 <---- 564 (0)
[0]: 296 <---- 565 (0)
[0]: 297 <---- 562 (-2)
[0]: 297 <---- 566 (0)
[0]: 297 <---- 560 (-2)
[0]: 297 <---- 567 (0)
[0]: 298 <---- 568 (0)
[0]: 298 <---- 569 (0)
[0]: 298 <---- 545 (-2)
[0]: 298 <---- 542 (-2)
[0]: 299 <---- 568 (-2)
[0]: 299 <---- 540 (-2)
[0]: 299 <---- 570 (0)
[0]: 299 <---- 571 (0)
[0]: 300 <---- 572 (0)
[0]: 300 <---- 555 (-2)
[0]: 300 <---- 573 (0)
[0]: 300 <---- 563 (-2)
[0]: 301 <---- 574 (0)
[0]: 301 <---- 575 (0)
[0]: 301 <---- 576 (0)
[0]: 301 <---- 577 (0)
[0]: 302 <---- 577 (-2)
[0]: 302 <---- 578 (0)
[0]: 302 <---- 538 (0)
[0]: 302 <---- 579 (0)
[0]: 303 <---- 575 (-2)
[0]: 303 <---- 580 (0)
[0]: 303 <---- 536 (0)
[0]: 303 <---- 581 (0)
[0]: 304 <---- 576 (-2)
[0]: 304 <---- 581 (-2)
[0]: 304 <---- 537 (0)
[0]: 304 <---- 578 (-2)
[0]: 305 <---- 579 (-2)
[0]: 305 <---- 535 (0)
[0]: 305 <---- 580 (-2)
[0]: 305 <---- 574 (-2)
[0]: 306 <---- 582 (0)
[0]: 306 <---- 583 (0)
[0]: 306 <---- 584 (0)
[0]: 306 <---- 576 (-2)
[0]: 307 <---- 583 (-2)
[0]: 307 <---- 585 (0)
[0]: 307 <---- 540 (0)
[0]: 307 <---- 586 (0)
[0]: 308 <---- 584 (-2)
[0]: 308 <---- 586 (-2)
[0]: 308 <---- 541 (0)
[0]: 308 <---- 578 (-2)
[0]: 309 <---- 581 (-2)
[0]: 309 <---- 539 (0)
[0]: 309 <---- 585 (-2)
[0]: 309 <---- 582 (-2)
[0]: 310 <---- 584 (-2)
[0]: 310 <---- 587 (0)
[0]: 310 <---- 588 (0)
[0]: 310 <---- 589 (0)
[0]: 311 <---- 589 (-2)
[0]: 311 <---- 590 (0)
[0]: 311 <---- 544 (0)
[0]: 311 <---- 578 (-2)
[0]: 312 <---- 587 (-2)
[0]: 312 <---- 586 (-2)
[0]: 312 <---- 542 (0)
[0]: 312 <---- 591 (0)
[0]: 313 <---- 588 (-2)
[0]: 313 <---- 591 (-2)
[0]: 313 <---- 543 (0)
[0]: 313 <---- 590 (-2)
[0]: 314 <---- 588 (-2)
[0]: 314 <---- 592 (0)
[0]: 314 <---- 593 (0)
[0]: 314 <---- 594 (0)
[0]: 315 <---- 594 (-2)
[0]: 315 <---- 595 (0)
[0]: 315 <---- 547 (0)
[0]: 315 <---- 590 (-2)
[0]: 316 <---- 592 (-2)
[0]: 316 <---- 591 (-2)
[0]: 316 <---- 545 (0)
[0]: 316 <---- 596 (0)
[0]: 317 <---- 593 (-2)
[0]: 317 <---- 596 (-2)
[0]: 317 <---- 546 (0)
[0]: 317 <---- 595 (-2)
[0]: 318 <---- 594 (-2)
[0]: 318 <---- 597 (0)
[0]: 318 <---- 598 (0)
[0]: 318 <---- 599 (0)
[0]: 319 <---- 599 (-2)
[0]: 319 <---- 600 (0)
[0]: 319 <---- 550 (0)
[0]: 319 <---- 590 (-2)
[0]: 320 <---- 597 (-2)
[0]: 320 <---- 595 (0)
[0]: 320 <---- 548 (0)
[0]: 320 <---- 601 (0)
[0]: 321 <---- 598 (-2)
[0]: 321 <---- 601 (-2)
[0]: 321 <---- 549 (0)
[0]: 321 <---- 600 (-2)
[0]: 322 <---- 602 (0)
[0]: 322 <---- 603 (0)
[0]: 322 <---- 604 (0)
[0]: 322 <---- 597 (-2)
[0]: 323 <---- 603 (-2)
[0]: 323 <---- 605 (0)
[0]: 323 <---- 552 (0)
[0]: 323 <---- 606 (0)
[0]: 324 <---- 604 (-2)
[0]: 324 <---- 606 (-2)
[0]: 324 <---- 553 (0)
[0]: 324 <---- 601 (0)
[0]: 325 <---- 595 (0)
[0]: 325 <---- 551 (0)
[0]: 325 <---- 605 (-2)
[0]: 325 <---- 602 (-2)
[0]: 326 <---- 604 (-2)
[0]: 326 <---- 607 (0)
[0]: 326 <---- 608 (0)
[0]: 326 <---- 598 (-2)
[0]: 327 <---- 607 (-2)
[0]: 327 <---- 606 (-2)
[0]: 327 <---- 554 (0)
[0]: 327 <---- 609 (0)
[0]: 328 <---- 608 (-2)
[0]: 328 <---- 609 (-2)
[0]: 328 <---- 555 (0)
[0]: 328 <---- 600 (-2)
[0]: 329 <---- 574 (-2)
[0]: 329 <---- 610 (0)
[0]: 329 <---- 611 (0)
[0]: 329 <---- 612 (0)
[0]: 330 <---- 612 (-2)
[0]: 330 <---- 613 (0)
[0]: 330 <---- 558 (0)
[0]: 330 <---- 580 (-2)
[0]: 331 <---- 610 (-2)
[0]: 331 <---- 579 (-2)
[0]: 331 <---- 556 (0)
[0]: 331 <---- 614 (0)
[0]: 332 <---- 611 (-2)
[0]: 332 <---- 614 (-2)
[0]: 332 <---- 557 (0)
[0]: 332 <---- 613 (-2)
[0]: 333 <---- 610 (-2)
[0]: 333 <---- 615 (0)
[0]: 333 <---- 616 (0)
[0]: 333 <---- 617 (0)
[0]: 334 <---- 617 (-2)
[0]: 334 <---- 618 (0)
[0]: 334 <---- 561 (0)
[0]: 334 <---- 614 (0)
[0]: 335 <---- 615 (-2)
[0]: 335 <---- 579 (-2)
[0]: 335 <---- 559 (0)
[0]: 335 <---- 619 (0)
[0]: 336 <---- 616 (-2)
[0]: 336 <---- 619 (-2)
[0]: 336 <---- 560 (0)
[0]: 336 <---- 618 (-2)
[0]: 337 <---- 620 (0)
[0]: 337 <---- 621 (0)
[0]: 337 <---- 622 (0)
[0]: 337 <---- 623 (0)
[0]: 338 <---- 623 (-2)
[0]: 338 <---- 624 (0)
[0]: 338 <---- 565 (0)
[0]: 338 <---- 625 (0)
[0]: 339 <---- 621 (-2)
[0]: 339 <---- 626 (0)
[0]: 339 <---- 563 (0)
[0]: 339 <---- 627 (0)
[0]: 340 <---- 622 (-2)
[0]: 340 <---- 627 (-2)
[0]: 340 <---- 564 (0)
[0]: 340 <---- 624 (-2)
[0]: 341 <---- 625 (-2)
[0]: 341 <---- 562 (0)
[0]: 341 <---- 626 (-2)
[0]: 341 <---- 620 (-2)
[0]: 342 <---- 620 (-2)
[0]: 342 <---- 628 (0)
[0]: 342 <---- 616 (-2)
[0]: 342 <---- 629 (0)
[0]: 343 <---- 629 (-2)
[0]: 343 <---- 619 (-2)
[0]: 343 <---- 567 (0)
[0]: 343 <---- 626 (-2)
[0]: 344 <---- 628 (-2)
[0]: 344 <---- 625 (-2)
[0]: 344 <---- 566 (0)
[0]: 344 <---- 618 (-2)
[0]: 345 <---- 630 (0)
[0]: 345 <---- 631 (0)
[0]: 345 <---- 592 (-2)
[0]: 345 <---- 587 (-2)
[0]: 346 <---- 631 (-2)
[0]: 346 <---- 632 (0)
[0]: 346 <---- 569 (0)
[0]: 346 <---- 596 (0)
[0]: 347 <---- 586 (-2)
[0]: 347 <---- 568 (0)
[0]: 347 <---- 632 (-2)
[0]: 347 <---- 630 (-2)
[0]: 348 <---- 630 (-2)
[0]: 348 <---- 583 (-2)
[0]: 348 <---- 633 (0)
[0]: 348 <---- 634 (0)
[0]: 349 <---- 634 (-2)
[0]: 349 <---- 635 (0)
[0]: 349 <---- 571 (0)
[0]: 349 <---- 632 (-2)
[0]: 350 <---- 633 (-2)
[0]: 350 <---- 585 (0)
[0]: 350 <---- 570 (0)
[0]: 350 <---- 635 (-2)
[0]: 351 <---- 636 (0)
[0]: 351 <---- 608 (-2)
[0]: 351 <---- 637 (0)
[0]: 351 <---- 621 (-2)
[0]: 352 <---- 637 (-2)
[0]: 352 <---- 609 (-2)
[0]: 352 <---- 573 (0)
[0]: 352 <---- 627 (0)
[0]: 353 <---- 626 (0)
[0]: 353 <---- 572 (0)
[0]: 353 <---- 600 (-2)
[0]: 353 <---- 636 (-2)
[0]: 354 <---- 638 (0)
[0]: 354 <---- 639 (0)
[0]: 354 <---- 640 (0)
[0]: 354 <---- 641 (0)
[0]: 355 <---- 641 (-2)
[0]: 355 <---- 642 (0)
[0]: 355 <---- 577 (0)
[0]: 355 <---- 643 (0)
[0]: 356 <---- 639 (-2)
[0]: 356 <---- 644 (0)
[0]: 356 <---- 575 (0)
[0]: 356 <---- 645 (0)
[0]: 357 <---- 640 (-2)
[0]: 357 <---- 645 (-2)
[0]: 357 <---- 576 (0)
[0]: 357 <---- 642 (-2)
[0]: 358 <---- 643 (-2)
[0]: 358 <---- 574 (0)
[0]: 358 <---- 644 (-2)
[0]: 358 <---- 638 (-2)
[0]: 359 <---- 646 (0)
[0]: 359 <---- 647 (0)
[0]: 359 <---- 648 (0)
[0]: 359 <---- 640 (-2)
[0]: 360 <---- 647 (-2)
[0]: 360 <---- 649 (0)
[0]: 360 <---- 583 (0)
[0]: 360 <---- 650 (0)
[0]: 361 <---- 648 (-2)
[0]: 361 <---- 650 (-2)
[0]: 361 <---- 584 (0)
[0]: 361 <---- 642 (-2)
[0]: 362 <---- 645 (-2)
[0]: 362 <---- 582 (0)
[0]: 362 <---- 649 (-2)
[0]: 362 <---- 646 (-2)
[0]: 363 <---- 648 (-2)
[0]: 363 <---- 651 (0)
[0]: 363 <---- 652 (0)
[0]: 363 <---- 653 (0)
[0]: 364 <---- 653 (-2)
[0]: 364 <---- 654 (0)
[0]: 364 <---- 589 (0)
[0]: 364 <---- 642 (-2)
[0]: 365 <---- 651 (-2)
[0]: 365 <---- 650 (-2)
[0]: 365 <---- 587 (0)
[0]: 365 <---- 655 (0)
[0]: 366 <---- 652 (-2)
[0]: 366 <---- 655 (-2)
[0]: 366 <---- 588 (0)
[0]: 366 <---- 654 (-2)
[0]: 367 <---- 652 (-2)
[0]: 367 <---- 656 (0)
[0]: 367 <---- 657 (0)
[0]: 367 <---- 658 (0)
[0]: 368 <---- 658 (-2)
[0]: 368 <---- 659 (0)
[0]: 368 <---- 594 (0)
[0]: 368 <---- 654 (-2)
[0]: 369 <---- 656 (-2)
[0]: 369 <---- 655 (-2)
[0]: 369 <---- 592 (0)
[0]: 369 <---- 660 (0)
[0]: 370 <---- 657 (-2)
[0]: 370 <---- 660 (-2)
[0]: 370 <---- 593 (0)
[0]: 370 <---- 659 (-2)
[0]: 371 <---- 658 (-2)
[0]: 371 <---- 661 (0)
[0]: 371 <---- 662 (0)
[0]: 371 <---- 663 (0)
[0]: 372 <---- 663 (-2)
[0]: 372 <---- 664 (0)
[0]: 372 <---- 599 (0)
[0]: 372 <---- 654 (-2)
[0]: 373 <---- 661 (-2)
[0]: 373 <---- 659 (0)
[0]: 373 <---- 597 (0)
[0]: 373 <---- 665 (0)
[0]: 374 <---- 662 (-2)
[0]: 374 <---- 665 (-2)
[0]: 374 <---- 598 (0)
[0]: 374 <---- 664 (-2)
[0]: 375 <---- 666 (0)
[0]: 375 <---- 667 (0)
[0]: 375 <---- 668 (0)
[0]: 375 <---- 661 (-2)
[0]: 376 <---- 667 (-2)
[0]: 376 <---- 669 (0)
[0]: 376 <---- 603 (0)
[0]: 376 <---- 670 (0)
[0]: 377 <---- 668 (-2)
[0]: 377 <---- 670 (-2)
[0]: 377 <---- 604 (0)
[0]: 377 <---- 665 (0)
[0]: 378 <---- 659 (0)
[0]: 378 <---- 602 (0)
[0]: 378 <---- 669 (-2)
[0]: 378 <---- 666 (-2)
[0]: 379 <---- 668 (-2)
[0]: 379 <---- 671 (0)
[0]: 379 <---- 672 (0)
[0]: 379 <---- 662 (-2)
[0]: 380 <---- 671 (-2)
[0]: 380 <---- 670 (-2)
[0]: 380 <---- 607 (0)
[0]: 380 <---- 673 (0)
[0]: 381 <---- 672 (-2)
[0]: 381 <---- 673 (-2)
[0]: 381 <---- 608 (0)
[0]: 381 <---- 664 (-2)
[0]: 382 <---- 638 (-2)
[0]: 382 <---- 674 (0)
[0]: 382 <---- 675 (0)
[0]: 382 <---- 676 (0)
[0]: 383 <---- 676 (-2)
[0]: 383 <---- 677 (0)
[0]: 383 <---- 612 (0)
[0]: 383 <---- 644 (-2)
[0]: 384 <---- 674 (-2)
[0]: 384 <---- 643 (-2)
[0]: 384 <---- 610 (0)
[0]: 384 <---- 678 (0)
[0]: 385 <---- 675 (-2)
[0]: 385 <---- 678 (-2)
[0]: 385 <---- 611 (0)
[0]: 385 <---- 677 (-2)
[0]: 386 <---- 674 (-2)
[0]: 386 <---- 679 (0)
[0]: 386 <---- 680 (0)
[0]: 386 <---- 681 (0)
[0]: 387 <---- 681 (-2)
[0]: 387 <---- 682 (0)
[0]: 387 <---- 617 (0)
[0]: 387 <---- 678 (0)
[0]: 388 <---- 679 (-2)
[0]: 388 <---- 643 (-2)
[0]: 388 <---- 615 (0)
[0]: 388 <---- 683 (0)
[0]: 389 <---- 680 (-2)
[0]: 389 <---- 683 (-2)
[0]: 389 <---- 616 (0)
[0]: 389 <---- 682 (-2)
[0]: 390 <---- 684 (0)
[0]: 390 <---- 685 (0)
[0]: 390 <---- 686 (0)
[0]: 390 <---- 687 (0)
[0]: 391 <---- 687 (-2)
[0]: 391 <---- 688 (0)
[0]: 391 <---- 623 (0)
[0]: 391 <---- 689 (0)
[0]: 392 <---- 685 (-2)
[0]: 392 <---- 690 (0)
[0]: 392 <---- 621 (0)
[0]: 392 <---- 691 (0)
[0]: 393 <---- 686 (-2)
[0]: 393 <---- 691 (-2)
[0]: 393 <---- 622 (0)
[0]: 393 <---- 688 (-2)
[0]: 394 <---- 689 (-2)
[0]: 394 <---- 620 (0)
[0]: 394 <---- 690 (-2)
[0]: 394 <---- 684 (-2)
[0]: 395 <---- 684 (-2)
[0]: 395 <---- 692 (0)
[0]: 395 <---- 680 (-2)
[0]: 395 <---- 693 (0)
[0]: 396 <---- 693 (-2)
[0]: 396 <---- 683 (-2)
[0]: 396 <---- 629 (0)
[0]: 396 <---- 690 (-2)
[0]: 397 <---- 692 (-2)
[0]: 397 <---- 689 (-2)
[0]: 397 <---- 628 (0)
[0]: 397 <---- 682 (-2)
[0]: 398 <---- 694 (0)
[0]: 398 <---- 695 (0)
[0]: 398 <---- 656 (-2)
[0]: 398 <---- 651 (-2)
[0]: 399 <---- 695 (-2)
[0]: 399 <---- 696 (0)
[0]: 399 <---- 631 (0)
[0]: 399 <---- 660 (0)
[0]: 400 <---- 650 (-2)
[0]: 400 <---- 630 (0)
[0]: 400 <---- 696 (-2)
[0]: 400 <---- 694 (-2)
[0]: 401 <---- 694 (-2)
[0]: 401 <---- 647 (-2)
[0]: 401 <---- 697 (0)
[0]: 401 <---- 698 (0)
[0]: 402 <---- 698 (-2)
[0]: 402 <---- 699 (0)
[0]: 402 <---- 634 (0)
[0]: 402 <---- 696 (-2)
[0]: 403 <---- 697 (-2)
[0]: 403 <---- 649 (0)
[0]: 403 <---- 633 (0)
[0]: 403 <---- 699 (-2)
[0]: 404 <---- 700 (0)
[0]: 404 <---- 672 (-2)
[0]: 404 <---- 701 (0)
[0]: 404 <---- 685 (-2)
[0]: 405 <---- 701 (-2)
[0]: 405 <---- 673 (-2)
[0]: 405 <---- 637 (0)
[0]: 405 <---- 691 (0)
[0]: 406 <---- 690 (0)
[0]: 406 <---- 636 (0)
[0]: 406 <---- 664 (-2)
[0]: 406 <---- 700 (-2)
[0]: 407 <---- 56 (0)
[0]: 407 <---- 59 (0)
[0]: 408 <---- 59 (0)
[0]: 408 <---- 58 (0)
[0]: 409 <---- 58 (0)
[0]: 409 <---- 57 (0)
[0]: 410 <---- 57 (0)
[0]: 410 <---- 56 (0)
[0]: 411 <---- 60 (0)
[0]: 411 <---- 61 (0)
[0]: 412 <---- 61 (0)
[0]: 412 <---- 62 (0)
[0]: 413 <---- 62 (0)
[0]: 413 <---- 63 (0)
[0]: 414 <---- 63 (0)
[0]: 414 <---- 60 (0)
[0]: 415 <---- 57 (0)
[0]: 415 <---- 61 (0)
[0]: 416 <---- 60 (0)
[0]: 416 <---- 56 (0)
[0]: 417 <---- 59 (0)
[0]: 417 <---- 63 (0)
[0]: 418 <---- 62 (0)
[0]: 418 <---- 58 (0)
[0]: 419 <---- 58 (0)
[0]: 419 <---- 65 (0)
[0]: 420 <---- 65 (0)
[0]: 420 <---- 64 (0)
[0]: 421 <---- 64 (0)
[0]: 421 <---- 57 (0)
[0]: 422 <---- 61 (0)
[0]: 422 <---- 66 (0)
[0]: 423 <---- 66 (0)
[0]: 423 <---- 67 (0)
[0]: 424 <---- 67 (0)
[0]: 424 <---- 62 (0)
[0]: 425 <---- 65 (0)
[0]: 425 <---- 67 (0)
[0]: 426 <---- 66 (0)
[0]: 426 <---- 64 (0)
[0]: 427 <---- 64 (0)
[0]: 427 <---- 69 (0)
[0]: 428 <---- 69 (0)
[0]: 428 <---- 68 (0)
[0]: 429 <---- 68 (0)
[0]: 429 <---- 57 (0)
[0]: 430 <---- 61 (0)
[0]: 430 <---- 70 (0)
[0]: 431 <---- 70 (0)
[0]: 431 <---- 71 (0)
[0]: 432 <---- 71 (0)
[0]: 432 <---- 66 (0)
[0]: 433 <---- 68 (0)
[0]: 433 <---- 70 (0)
[0]: 434 <---- 71 (0)
[0]: 434 <---- 69 (0)
[0]: 435 <---- 69 (0)
[0]: 435 <---- 73 (0)
[0]: 436 <---- 73 (0)
[0]: 436 <---- 72 (0)
[0]: 437 <---- 72 (0)
[0]: 437 <---- 68 (0)
[0]: 438 <---- 70 (0)
[0]: 438 <---- 74 (0)
[0]: 439 <---- 74 (0)
[0]: 439 <---- 75 (0)
[0]: 440 <---- 75 (0)
[0]: 440 <---- 71 (0)
[0]: 441 <---- 72 (0)
[0]: 441 <---- 74 (0)
[0]: 442 <---- 75 (0)
[0]: 442 <---- 73 (0)
[0]: 443 <---- 72 (0)
[0]: 443 <---- 77 (0)
[0]: 444 <---- 77 (0)
[0]: 444 <---- 76 (0)
[0]: 445 <---- 76 (0)
[0]: 445 <---- 68 (0)
[0]: 446 <---- 70 (0)
[0]: 446 <---- 78 (0)
[0]: 447 <---- 78 (0)
[0]: 447 <---- 79 (0)
[0]: 448 <---- 79 (0)
[0]: 448 <---- 74 (0)
[0]: 449 <---- 76 (0)
[0]: 449 <---- 78 (0)
[0]: 450 <---- 79 (0)
[0]: 450 <---- 77 (0)
[0]: 451 <---- 72 (0)
[0]: 451 <---- 81 (0)
[0]: 452 <---- 81 (0)
[0]: 452 <---- 80 (0)
[0]: 453 <---- 80 (0)
[0]: 453 <---- 77 (0)
[0]: 454 <---- 79 (0)
[0]: 454 <---- 82 (0)
[0]: 455 <---- 82 (0)
[0]: 455 <---- 83 (0)
[0]: 456 <---- 83 (0)
[0]: 456 <---- 74 (0)
[0]: 457 <---- 81 (0)
[0]: 457 <---- 83 (0)
[0]: 458 <---- 82 (0)
[0]: 458 <---- 80 (0)
[0]: 459 <---- 80 (0)
[0]: 459 <---- 84 (0)
[0]: 460 <---- 84 (0)
[0]: 460 <---- 76 (0)
[0]: 461 <---- 78 (0)
[0]: 461 <---- 85 (0)
[0]: 462 <---- 85 (0)
[0]: 462 <---- 82 (0)
[0]: 463 <---- 85 (0)
[0]: 463 <---- 84 (0)
[0]: 464 <---- 56 (0)
[0]: 464 <---- 87 (0)
[0]: 465 <---- 87 (0)
[0]: 465 <---- 86 (0)
[0]: 466 <---- 86 (0)
[0]: 466 <---- 59 (0)
[0]: 467 <---- 63 (0)
[0]: 467 <---- 88 (0)
[0]: 468 <---- 88 (0)
[0]: 468 <---- 89 (0)
[0]: 469 <---- 89 (0)
[0]: 469 <---- 60 (0)
[0]: 470 <---- 86 (0)
[0]: 470 <---- 88 (0)
[0]: 471 <---- 89 (0)
[0]: 471 <---- 87 (0)
[0]: 472 <---- 56 (0)
[0]: 472 <---- 91 (0)
[0]: 473 <---- 91 (0)
[0]: 473 <---- 90 (0)
[0]: 474 <---- 90 (0)
[0]: 474 <---- 87 (0)
[0]: 475 <---- 89 (0)
[0]: 475 <---- 92 (0)
[0]: 476 <---- 92 (0)
[0]: 476 <---- 93 (0)
[0]: 477 <---- 93 (0)
[0]: 477 <---- 60 (0)
[0]: 478 <---- 90 (0)
[0]: 478 <---- 92 (0)
[0]: 479 <---- 93 (0)
[0]: 479 <---- 91 (0)
[0]: 480 <---- 94 (0)
[0]: 480 <---- 97 (0)
[0]: 481 <---- 97 (0)
[0]: 481 <---- 96 (0)
[0]: 482 <---- 96 (0)
[0]: 482 <---- 95 (0)
[0]: 483 <---- 95 (0)
[0]: 483 <---- 94 (0)
[0]: 484 <---- 98 (0)
[0]: 484 <---- 99 (0)
[0]: 485 <---- 99 (0)
[0]: 485 <---- 100 (0)
[0]: 486 <---- 100 (0)
[0]: 486 <---- 101 (0)
[0]: 487 <---- 101 (0)
[0]: 487 <---- 98 (0)
[0]: 488 <---- 95 (0)
[0]: 488 <---- 99 (0)
[0]: 489 <---- 98 (0)
[0]: 489 <---- 94 (0)
[0]: 490 <---- 97 (0)
[0]: 490 <---- 101 (0)
[0]: 491 <---- 100 (0)
[0]: 491 <---- 96 (0)
[0]: 492 <---- 94 (0)
[0]: 492 <---- 90 (0)
[0]: 493 <---- 91 (0)
[0]: 493 <---- 97 (0)
[0]: 494 <---- 101 (0)
[0]: 494 <---- 93 (0)
[0]: 495 <---- 92 (0)
[0]: 495 <---- 98 (0)
[0]: 496 <---- 64 (0)
[0]: 496 <---- 102 (0)
[0]: 497 <---- 102 (0)
[0]: 497 <---- 73 (0)
[0]: 498 <---- 75 (0)
[0]: 498 <---- 103 (0)
[0]: 499 <---- 103 (0)
[0]: 499 <---- 66 (0)
[0]: 500 <---- 102 (0)
[0]: 500 <---- 103 (0)
[0]: 501 <---- 65 (0)
[0]: 501 <---- 104 (0)
[0]: 502 <---- 104 (0)
[0]: 502 <---- 102 (0)
[0]: 503 <---- 103 (0)
[0]: 503 <---- 105 (0)
[0]: 504 <---- 105 (0)
[0]: 504 <---- 67 (0)
[0]: 505 <---- 104 (0)
[0]: 505 <---- 105 (0)
[0]: 506 <---- 97 (0)
[0]: 506 <---- 76 (0)
[0]: 507 <---- 84 (0)
[0]: 507 <---- 96 (0)
[0]: 508 <---- 100 (0)
[0]: 508 <---- 85 (0)
[0]: 509 <---- 78 (0)
[0]: 509 <---- 101 (0)
[0]: 510 <---- 107 (0)
[0]: 510 <---- 57 (0)
[0]: 511 <---- 56 (0)
[0]: 511 <---- 106 (0)
[0]: 512 <---- 109 (0)
[0]: 512 <---- 59 (0)
[0]: 513 <---- 58 (0)
[0]: 513 <---- 108 (0)
[0]: 514 <---- 111 (0)
[0]: 514 <---- 65 (0)
[0]: 515 <---- 64 (0)
[0]: 515 <---- 110 (0)
[0]: 516 <---- 112 (0)
[0]: 516 <---- 68 (0)
[0]: 517 <---- 69 (0)
[0]: 517 <---- 113 (0)
[0]: 518 <---- 114 (0)
[0]: 518 <---- 72 (0)
[0]: 519 <---- 73 (0)
[0]: 519 <---- 115 (0)
[0]: 520 <---- 116 (0)
[0]: 520 <---- 76 (0)
[0]: 521 <---- 77 (0)
[0]: 521 <---- 117 (0)
[0]: 522 <---- 119 (0)
[0]: 522 <---- 81 (0)
[0]: 523 <---- 80 (0)
[0]: 523 <---- 118 (0)
[0]: 524 <---- 84 (0)
[0]: 524 <---- 120 (0)
[0]: 525 <---- 121 (0)
[0]: 525 <---- 86 (0)
[0]: 526 <---- 87 (0)
[0]: 526 <---- 122 (0)
[0]: 527 <---- 123 (0)
[0]: 527 <---- 90 (0)
[0]: 528 <---- 91 (0)
[0]: 528 <---- 124 (0)
[0]: 529 <---- 126 (0)
[0]: 529 <---- 95 (0)
[0]: 530 <---- 94 (0)
[0]: 530 <---- 125 (0)
[0]: 531 <---- 128 (0)
[0]: 531 <---- 97 (0)
[0]: 532 <---- 96 (0)
[0]: 532 <---- 127 (0)
[0]: 533 <---- 129 (0)
[0]: 533 <---- 102 (0)
[0]: 534 <---- 130 (0)
[0]: 534 <---- 104 (0)
[0]: 535 <---- 106 (0)
[0]: 535 <---- 109 (0)
[0]: 536 <---- 109 (0)
[0]: 536 <---- 108 (0)
[0]: 537 <---- 108 (0)
[0]: 537 <---- 107 (0)
[0]: 538 <---- 107 (0)
[0]: 538 <---- 106 (0)
[0]: 539 <---- 108 (0)
[0]: 539 <---- 111 (0)
[0]: 540 <---- 111 (0)
[0]: 540 <---- 110 (0)
[0]: 541 <---- 110 (0)
[0]: 541 <---- 107 (0)
[0]: 542 <---- 110 (0)
[0]: 542 <---- 113 (0)
[0]: 543 <---- 113 (0)
[0]: 543 <---- 112 (0)
[0]: 544 <---- 112 (0)
[0]: 544 <---- 107 (0)
[0]: 545 <---- 113 (0)
[0]: 545 <---- 115 (0)
[0]: 546 <---- 115 (0)
[0]: 546 <---- 114 (0)
[0]: 547 <---- 114 (0)
[0]: 547 <---- 112 (0)
[0]: 548 <---- 114 (0)
[0]: 548 <---- 117 (0)
[0]: 549 <---- 117 (0)
[0]: 549 <---- 116 (0)
[0]: 550 <---- 116 (0)
[0]: 550 <---- 112 (0)
[0]: 551 <---- 114 (0)
[0]: 551 <---- 119 (0)
[0]: 552 <---- 119 (0)
[0]: 552 <---- 118 (0)
[0]: 553 <---- 118 (0)
[0]: 553 <---- 117 (0)
[0]: 554 <---- 118 (0)
[0]: 554 <---- 120 (0)
[0]: 555 <---- 120 (0)
[0]: 555 <---- 116 (0)
[0]: 556 <---- 106 (0)
[0]: 556 <---- 122 (0)
[0]: 557 <---- 122 (0)
[0]: 557 <---- 121 (0)
[0]: 558 <---- 121 (0)
[0]: 558 <---- 109 (0)
[0]: 559 <---- 106 (0)
[0]: 559 <---- 124 (0)
[0]: 560 <---- 124 (0)
[0]: 560 <---- 123 (0)
[0]: 561 <---- 123 (0)
[0]: 561 <---- 122 (0)
[0]: 562 <---- 125 (0)
[0]: 562 <---- 128 (0)
[0]: 563 <---- 128 (0)
[0]: 563 <---- 127 (0)
[0]: 564 <---- 127 (0)
[0]: 564 <---- 126 (0)
[0]: 565 <---- 126 (0)
[0]: 565 <---- 125 (0)
[0]: 566 <---- 125 (0)
[0]: 566 <---- 123 (0)
[0]: 567 <---- 124 (0)
[0]: 567 <---- 128 (0)
[0]: 568 <---- 110 (0)
[0]: 568 <---- 129 (0)
[0]: 569 <---- 129 (0)
[0]: 569 <---- 115 (0)
[0]: 570 <---- 111 (0)
[0]: 570 <---- 130 (0)
[0]: 571 <---- 130 (0)
[0]: 571 <---- 129 (0)
[0]: 572 <---- 128 (0)
[0]: 572 <---- 116 (0)
[0]: 573 <---- 120 (0)
[0]: 573 <---- 127 (0)
[0]: 574 <---- 131 (0)
[0]: 574 <---- 134 (0)
[0]: 575 <---- 134 (0)
[0]: 575 <---- 133 (0)
[0]: 576 <---- 133 (0)
[0]: 576 <---- 132 (0)
[0]: 577 <---- 132 (0)
[0]: 577 <---- 131 (0)
[0]: 578 <---- 132 (0)
[0]: 578 <---- 107 (0)
[0]: 579 <---- 106 (0)
[0]: 579 <---- 131 (0)
[0]: 580 <---- 134 (0)
[0]: 580 <---- 109 (0)
[0]: 581 <---- 108 (0)
[0]: 581 <---- 133 (0)
[0]: 582 <---- 133 (0)
[0]: 582 <---- 136 (0)
[0]: 583 <---- 136 (0)
[0]: 583 <---- 135 (0)
[0]: 584 <---- 135 (0)
[0]: 584 <---- 132 (0)
[0]: 585 <---- 136 (0)
[0]: 585 <---- 111 (0)
[0]: 586 <---- 110 (0)
[0]: 586 <---- 135 (0)
[0]: 587 <---- 135 (0)
[0]: 587 <---- 138 (0)
[0]: 588 <---- 138 (0)
[0]: 588 <---- 137 (0)
[0]: 589 <---- 137 (0)
[0]: 589 <---- 132 (0)
[0]: 590 <---- 137 (0)
[0]: 590 <---- 112 (0)
[0]: 591 <---- 113 (0)
[0]: 591 <---- 138 (0)
[0]: 592 <---- 138 (0)
[0]: 592 <---- 140 (0)
[0]: 593 <---- 140 (0)
[0]: 593 <---- 139 (0)
[0]: 594 <---- 139 (0)
[0]: 594 <---- 137 (0)
[0]: 595 <---- 139 (0)
[0]: 595 <---- 114 (0)
[0]: 596 <---- 115 (0)
[0]: 596 <---- 140 (0)
[0]: 597 <---- 139 (0)
[0]: 597 <---- 142 (0)
[0]: 598 <---- 142 (0)
[0]: 598 <---- 141 (0)
[0]: 599 <---- 141 (0)
[0]: 599 <---- 137 (0)
[0]: 600 <---- 141 (0)
[0]: 600 <---- 116 (0)
[0]: 601 <---- 117 (0)
[0]: 601 <---- 142 (0)
[0]: 602 <---- 139 (0)
[0]: 602 <---- 144 (0)
[0]: 603 <---- 144 (0)
[0]: 603 <---- 143 (0)
[0]: 604 <---- 143 (0)
[0]: 604 <---- 142 (0)
[0]: 605 <---- 144 (0)
[0]: 605 <---- 119 (0)
[0]: 606 <---- 118 (0)
[0]: 606 <---- 143 (0)
[0]: 607 <---- 143 (0)
[0]: 607 <---- 145 (0)
[0]: 608 <---- 145 (0)
[0]: 608 <---- 141 (0)
[0]: 609 <---- 120 (0)
[0]: 609 <---- 145 (0)
[0]: 610 <---- 131 (0)
[0]: 610 <---- 147 (0)
[0]: 611 <---- 147 (0)
[0]: 611 <---- 146 (0)
[0]: 612 <---- 146 (0)
[0]: 612 <---- 134 (0)
[0]: 613 <---- 146 (0)
[0]: 613 <---- 121 (0)
[0]: 614 <---- 122 (0)
[0]: 614 <---- 147 (0)
[0]: 615 <---- 131 (0)
[0]: 615 <---- 149 (0)
[0]: 616 <---- 149 (0)
[0]: 616 <---- 148 (0)
[0]: 617 <---- 148 (0)
[0]: 617 <---- 147 (0)
[0]: 618 <---- 148 (0)
[0]: 618 <---- 123 (0)
[0]: 619 <---- 124 (0)
[0]: 619 <---- 149 (0)
[0]: 620 <---- 150 (0)
[0]: 620 <---- 153 (0)
[0]: 621 <---- 153 (0)
[0]: 621 <---- 152 (0)
[0]: 622 <---- 152 (0)
[0]: 622 <---- 151 (0)
[0]: 623 <---- 151 (0)
[0]: 623 <---- 150 (0)
[0]: 624 <---- 151 (0)
[0]: 624 <---- 126 (0)
[0]: 625 <---- 125 (0)
[0]: 625 <---- 150 (0)
[0]: 626 <---- 153 (0)
[0]: 626 <---- 128 (0)
[0]: 627 <---- 127 (0)
[0]: 627 <---- 152 (0)
[0]: 628 <---- 150 (0)
[0]: 628 <---- 148 (0)
[0]: 629 <---- 149 (0)
[0]: 629 <---- 153 (0)
[0]: 630 <---- 135 (0)
[0]: 630 <---- 154 (0)
[0]: 631 <---- 154 (0)
[0]: 631 <---- 140 (0)
[0]: 632 <---- 154 (0)
[0]: 632 <---- 129 (0)
[0]: 633 <---- 136 (0)
[0]: 633 <---- 155 (0)
[0]: 634 <---- 155 (0)
[0]: 634 <---- 154 (0)
[0]: 635 <---- 155 (0)
[0]: 635 <---- 130 (0)
[0]: 636 <---- 153 (0)
[0]: 636 <---- 141 (0)
[0]: 637 <---- 145 (0)
[0]: 637 <---- 152 (0)
[0]: 638 <---- 156 (0)
[0]: 638 <---- 159 (0)
[0]: 639 <---- 159 (0)
[0]: 639 <---- 158 (0)
[0]: 640 <---- 158 (0)
[0]: 640 <---- 157 (0)
[0]: 641 <---- 157 (0)
[0]: 641 <---- 156 (0)
[0]: 642 <---- 157 (0)
[0]: 642 <---- 132 (0)
[0]: 643 <---- 131 (0)
[0]: 643 <---- 156 (0)
[0]: 644 <---- 159 (0)
[0]: 644 <---- 134 (0)
[0]: 645 <---- 133 (0)
[0]: 645 <---- 158 (0)
[0]: 646 <---- 158 (0)
[0]: 646 <---- 161 (0)
[0]: 647 <---- 161 (0)
[0]: 647 <---- 160 (0)
[0]: 648 <---- 160 (0)
[0]: 648 <---- 157 (0)
[0]: 649 <---- 161 (0)
[0]: 649 <---- 136 (0)
[0]: 650 <---- 135 (0)
[0]: 650 <---- 160 (0)
[0]: 651 <---- 160 (0)
[0]: 651 <---- 163 (0)
[0]: 652 <---- 163 (0)
[0]: 652 <---- 162 (0)
[0]: 653 <---- 162 (0)
[0]: 653 <---- 157 (0)
[0]: 654 <---- 162 (0)
[0]: 654 <---- 137 (0)
[0]: 655 <---- 138 (0)
[0]: 655 <---- 163 (0)
[0]: 656 <---- 163 (0)
[0]: 656 <---- 165 (0)
[0]: 657 <---- 165 (0)
[0]: 657 <---- 164 (0)
[0]: 658 <---- 164 (0)
[0]: 658 <---- 162 (0)
[0]: 659 <---- 164 (0)
[0]: 659 <---- 139 (0)
[0]: 660 <---- 140 (0)
[0]: 660 <---- 165 (0)
[0]: 661 <---- 164 (0)
[0]: 661 <---- 167 (0)
[0]: 662 <---- 167 (0)
[0]: 662 <---- 166 (0)
[0]: 663 <---- 166 (0)
[0]: 663 <---- 162 (0)
[0]: 664 <---- 166 (0)
[0]: 664 <---- 141 (0)
[0]: 665 <---- 142 (0)
[0]: 665 <---- 167 (0)
[0]: 666 <---- 164 (0)
[0]: 666 <---- 169 (0)
[0]: 667 <---- 169 (0)
[0]: 667 <---- 168 (0)
[0]: 668 <---- 168 (0)
[0]: 668 <---- 167 (0)
[0]: 669 <---- 169 (0)
[0]: 669 <---- 144 (0)
[0]: 670 <---- 143 (0)
[0]: 670 <---- 168 (0)
[0]: 671 <---- 168 (0)
[0]: 671 <---- 170 (0)
[0]: 672 <---- 170 (0)
[0]: 672 <---- 166 (0)
[0]: 673 <---- 145 (0)
[0]: 673 <---- 170 (0)
[0]: 674 <---- 156 (0)
[0]: 674 <---- 172 (0)
[0]: 675 <---- 172 (0)
[0]: 675 <---- 171 (0)
[0]: 676 <---- 171 (0)
[0]: 676 <---- 159 (0)
[0]: 677 <---- 171 (0)
[0]: 677 <---- 146 (0)
[0]: 678 <---- 147 (0)
[0]: 678 <---- 172 (0)
[0]: 679 <---- 156 (0)
[0]: 679 <---- 174 (0)
[0]: 680 <---- 174 (0)
[0]: 680 <---- 173 (0)
[0]: 681 <---- 173 (0)
[0]: 681 <---- 172 (0)
[0]: 682 <---- 173 (0)
[0]: 682 <---- 148 (0)
[0]: 683 <---- 149 (0)
[0]: 683 <---- 174 (0)
[0]: 684 <---- 175 (0)
[0]: 684 <---- 178 (0)
[0]: 685 <---- 178 (0)
[0]: 685 <---- 177 (0)
[0]: 686 <---- 177 (0)
[0]: 686 <---- 176 (0)
[0]: 687 <---- 176 (0)
[0]: 687 <---- 175 (0)
[0]: 688 <---- 176 (0)
[0]: 688 <---- 151 (0)
[0]: 689 <---- 150 (0)
[0]: 689 <---- 175 (0)
[0]: 690 <---- 178 (0)
[0]: 690 <---- 153 (0)
[0]: 691 <---- 152 (0)
[0]: 691 <---- 177 (0)
[0]: 692 <---- 175 (0)
[0]: 692 <---- 173 (0)
[0]: 693 <---- 174 (0)
[0]: 693 <---- 178 (0)
[0]: 694 <---- 160 (0)
[0]: 694 <---- 179 (0)
[0]: 695 <---- 179 (0)
[0]: 695 <---- 165 (0)
[0]: 696 <---- 179 (0)
[0]: 696 <---- 154 (0)
[0]: 697 <---- 161 (0)
[0]: 697 <---- 180 (0)
[0]: 698 <---- 180 (0)
[0]: 698 <---- 179 (0)
[0]: 699 <---- 180 (0)
[0]: 699 <---- 155 (0)
[0]: 700 <---- 178 (0)
[0]: 700 <---- 166 (0)
[0]: 701 <---- 170 (0)
[0]: 701 <---- 177 (0)
[1] Max cone size: 0
coordinates with 1 fields
  field 0 with 3 components
Process 0:
  (  56) dim  3 offset   0 -0.25 0.433013 0.5
  (  57) dim  3 offset   3 0.25 0.433013 0.5
  (  58) dim  3 offset   6 0. 1. 0.5
  (  59) dim  3 offset   9 -0.5 1. 0.5
  (  60) dim  3 offset  12 -0.25 0.433013 1.
  (  61) dim  3 offset  15 0.25 0.433013 1.
  (  62) dim  3 offset  18 0. 1. 1.
  (  63) dim  3 offset  21 -0.5 1. 1.
  (  64) dim  3 offset  24 0.625878 0.519886 0.5
  (  65) dim  3 offset  27 0.5 1. 0.5
  (  66) dim  3 offset  30 0.625878 0.519886 1.
  (  67) dim  3 offset  33 0.5 1. 1.
  (  68) dim  3 offset  36 0.5 0. 0.5
  (  69) dim  3 offset  39 0.708626 0.173295 0.5
  (  70) dim  3 offset  42 0.5 0. 1.
  (  71) dim  3 offset  45 0.708626 0.173295 1.
  (  72) dim  3 offset  48 1. -0.5 0.5
  (  73) dim  3 offset  51 1. 0. 0.5
  (  74) dim  3 offset  54 1. -0.5 1.
  (  75) dim  3 offset  57 1. 0. 1.
  (  76) dim  3 offset  60 0.25 -0.433013 0.5
  (  77) dim  3 offset  63 0.583333 -0.644338 0.5
  (  78) dim  3 offset  66 0.25 -0.433013 1.
  (  79) dim  3 offset  69 0.583333 -0.644338 1.
  (  80) dim  3 offset  72 0.5 -1. 0.5
  (  81) dim  3 offset  75 1. -1. 0.5
  (  82) dim  3 offset  78 0.5 -1. 1.
  (  83) dim  3 offset  81 1. -1. 1.
  (  84) dim  3 offset  84 0. -1. 0.5
  (  85) dim  3 offset  87 0. -1. 1.
  (  86) dim  3 offset  90 -1. 1. 0.5
  (  87) dim  3 offset  93 -1. 0.5 0.5
  (  88) dim  3 offset  96 -1. 1. 1.
  (  89) dim  3 offset  99 -1. 0.5 1.
  (  90) dim  3 offset 102 -1. 0. 0.5
  (  91) dim  3 offset 105 -0.5 -3.06162e-17 0.5
  (  92) dim  3 offset 108 -1. 0. 1.
  (  93) dim  3 offset 111 -0.5 -6.12323e-17 1.
  (  94) dim  3 offset 114 -1. -0.5 0.5
  (  95) dim  3 offset 117 -1. -1. 0.5
  (  96) dim  3 offset 120 -0.5 -1. 0.5
  (  97) dim  3 offset 123 -0.25 -0.433013 0.5
  (  98) dim  3 offset 126 -1. -0.5 1.
  (  99) dim  3 offset 129 -1. -1. 1.
  ( 100) dim  3 offset 132 -0.5 -1. 1.
  ( 101) dim  3 offset 135 -0.25 -0.433013 1.
  ( 102) dim  3 offset 138 1. 0.5 0.5
  ( 103) dim  3 offset 141 1. 0.5 1.
  ( 104) dim  3 offset 144 1. 1. 0.5
  ( 105) dim  3 offset 147 1. 1. 1.
  ( 106) dim  3 offset 150 -0.25 0.433013 0.
  ( 107) dim  3 offset 153 0.25 0.433013 1.38778e-17
  ( 108) dim  3 offset 156 0. 1. 0.
  ( 109) dim  3 offset 159 -0.5 1. 0.
  ( 110) dim  3 offset 162 0.625878 0.519886 2.71653e-18
  ( 111) dim  3 offset 165 0.5 1. 0.
  ( 112) dim  3 offset 168 0.5 0. 0.
  ( 113) dim  3 offset 171 0.708626 0.173295 2.00929e-18
  ( 114) dim  3 offset 174 1. -0.5 0.
  ( 115) dim  3 offset 177 1. 0. 0.
  ( 116) dim  3 offset 180 0.25 -0.433013 0.
  ( 117) dim  3 offset 183 0.583333 -0.644338 -9.71055e-20
  ( 118) dim  3 offset 186 0.5 -1. 0.
  ( 119) dim  3 offset 189 1. -1. 0.
  ( 120) dim  3 offset 192 0. -1. 0.
  ( 121) dim  3 offset 195 -1. 1. 0.
  ( 122) dim  3 offset 198 -1. 0.5 0.
  ( 123) dim  3 offset 201 -1. 0. 0.
  ( 124) dim  3 offset 204 -0.5 0. 0.
  ( 125) dim  3 offset 207 -1. -0.5 0.
  ( 126) dim  3 offset 210 -1. -1. 0.
  ( 127) dim  3 offset 213 -0.5 -1. 0.
  ( 128) dim  3 offset 216 -0.25 -0.433013 0.
  ( 129) dim  3 offset 219 1. 0.5 0.
  ( 130) dim  3 offset 222 1. 1. 0.
  ( 131) dim  3 offset 225 -0.25 0.433013 -0.5
  ( 132) dim  3 offset 228 0.25 0.433013 -0.5
  ( 133) dim  3 offset 231 0. 1. -0.5
  ( 134) dim  3 offset 234 -0.5 1. -0.5
  ( 135) dim  3 offset 237 0.625878 0.519886 -0.5
  ( 136) dim  3 offset 240 0.5 1. -0.5
  ( 137) dim  3 offset 243 0.5 0. -0.5
  ( 138) dim  3 offset 246 0.708626 0.173295 -0.5
  ( 139) dim  3 offset 249 1. -0.5 -0.5
  ( 140) dim  3 offset 252 1. 0. -0.5
  ( 141) dim  3 offset 255 0.25 -0.433013 -0.5
  ( 142) dim  3 offset 258 0.583333 -0.644338 -0.5
  ( 143) dim  3 offset 261 0.5 -1. -0.5
  ( 144) dim  3 offset 264 1. -1. -0.5
  ( 145) dim  3 offset 267 0. -1. -0.5
  ( 146) dim  3 offset 270 -1. 1. -0.5
  ( 147) dim  3 offset 273 -1. 0.5 -0.5
  ( 148) dim  3 offset 276 -1. 0. -0.5
  ( 149) dim  3 offset 279 -0.5 3.06162e-17 -0.5
  ( 150) dim  3 offset 282 -1. -0.5 -0.5
  ( 151) dim  3 offset 285 -1. -1. -0.5
  ( 152) dim  3 offset 288 -0.5 -1. -0.5
  ( 153) dim  3 offset 291 -0.25 -0.433013 -0.5
  ( 154) dim  3 offset 294 1. 0.5 -0.5
  ( 155) dim  3 offset 297 1. 1. -0.5
  ( 156) dim  3 offset 300 -0.25 0.433013 -1.
  ( 157) dim  3 offset 303 0.25 0.433013 -1.
  ( 158) dim  3 offset 306 0. 1. -1.
  ( 159) dim  3 offset 309 -0.5 1. -1.
  ( 160) dim  3 offset 312 0.625701 0.51915 -1.
  ( 161) dim  3 offset 315 0.5 1. -1.
  ( 162) dim  3 offset 318 0.5 0. -1.
  ( 163) dim  3 offset 321 0.708567 0.17305 -1.
  ( 164) dim  3 offset 324 1. -0.5 -1.
  ( 165) dim  3 offset 327 1. 0. -1.
  ( 166) dim  3 offset 330 0.25 -0.433013 -1.
  ( 167) dim  3 offset 333 0.583333 -0.644338 -1.
  ( 168) dim  3 offset 336 0.5 -1. -1.
  ( 169) dim  3 offset 339 1. -1. -1.
  ( 170) dim  3 offset 342 0. -1. -1.
  ( 171) dim  3 offset 345 -1. 1. -1.
  ( 172) dim  3 offset 348 -1. 0.5 -1.
  ( 173) dim  3 offset 351 -1. 0. -1.
  ( 174) dim  3 offset 354 -0.5 6.12323e-17 -1.
  ( 175) dim  3 offset 357 -1. -0.5 -1.
  ( 176) dim  3 offset 360 -1. -1. -1.
  ( 177) dim  3 offset 363 -0.5 -1. -1.
  ( 178) dim  3 offset 366 -0.25 -0.433013 -1.
  ( 179) dim  3 offset 369 1. 0.5 -1.
  ( 180) dim  3 offset 372 1. 1. -1.
Process 1:
PetscSF Object: 2 MPI processes
  type not yet set
  PetscSFSetGraph() has not been called yet
