DM Object: 8 MPI processes
  type: plex
DM_0x84000004_0 in 3 dimensions:
Supports:
[0] Max support size: 6
[0]: 56 ----> 415
[0]: 56 ----> 416
[0]: 56 ----> 417
[0]: 56 ----> 424
[0]: 57 ----> 414
[0]: 57 ----> 415
[0]: 57 ----> 418
[0]: 57 ----> 420
[0]: 57 ----> 425
[0]: 58 ----> 422
[0]: 58 ----> 423
[0]: 58 ----> 424
[0]: 59 ----> 421
[0]: 59 ----> 422
[0]: 59 ----> 425
[0]: 59 ----> 427
[0]: 60 ----> 429
[0]: 60 ----> 430
[0]: 60 ----> 432
[0]: 60 ----> 433
[0]: 60 ----> 444
[0]: 61 ----> 428
[0]: 61 ----> 429
[0]: 61 ----> 431
[0]: 61 ----> 443
[0]: 62 ----> 411
[0]: 62 ----> 413
[0]: 62 ----> 433
[0]: 62 ----> 434
[0]: 62 ----> 447
[0]: 63 ----> 419
[0]: 63 ----> 436
[0]: 63 ----> 437
[0]: 63 ----> 438
[0]: 63 ----> 446
[0]: 63 ----> 451
[0]: 64 ----> 435
[0]: 64 ----> 436
[0]: 64 ----> 439
[0]: 64 ----> 442
[0]: 64 ----> 452
[0]: 65 ----> 441
[0]: 65 ----> 442
[0]: 65 ----> 444
[0]: 65 ----> 445
[0]: 65 ----> 457
[0]: 66 ----> 440
[0]: 66 ----> 441
[0]: 66 ----> 443
[0]: 66 ----> 456
[0]: 67 ----> 420
[0]: 67 ----> 445
[0]: 67 ----> 446
[0]: 67 ----> 447
[0]: 67 ----> 460
[0]: 68 ----> 426
[0]: 68 ----> 449
[0]: 68 ----> 450
[0]: 68 ----> 451
[0]: 68 ----> 459
[0]: 69 ----> 448
[0]: 69 ----> 449
[0]: 69 ----> 452
[0]: 69 ----> 455
[0]: 70 ----> 454
[0]: 70 ----> 455
[0]: 70 ----> 457
[0]: 70 ----> 458
[0]: 71 ----> 453
[0]: 71 ----> 454
[0]: 71 ----> 456
[0]: 72 ----> 427
[0]: 72 ----> 458
[0]: 72 ----> 459
[0]: 72 ----> 460
[0]: 73 ----> 461
[0]: 73 ----> 462
[0]: 73 ----> 463
[0]: 73 ----> 467
[0]: 74 ----> 465
[0]: 74 ----> 466
[0]: 74 ----> 467
[0]: 74 ----> 482
[0]: 75 ----> 464
[0]: 75 ----> 465
[0]: 75 ----> 468
[0]: 75 ----> 471
[0]: 75 ----> 483
[0]: 76 ----> 470
[0]: 76 ----> 471
[0]: 76 ----> 472
[0]: 76 ----> 477
[0]: 76 ----> 487
[0]: 77 ----> 469
[0]: 77 ----> 470
[0]: 77 ----> 473
[0]: 77 ----> 478
[0]: 77 ----> 488
[0]: 78 ----> 416
[0]: 78 ----> 474
[0]: 78 ----> 475
[0]: 78 ----> 477
[0]: 78 ----> 490
[0]: 79 ----> 414
[0]: 79 ----> 419
[0]: 79 ----> 474
[0]: 79 ----> 476
[0]: 79 ----> 478
[0]: 79 ----> 491
[0]: 80 ----> 480
[0]: 80 ----> 481
[0]: 80 ----> 482
[0]: 81 ----> 479
[0]: 81 ----> 480
[0]: 81 ----> 483
[0]: 81 ----> 486
[0]: 82 ----> 485
[0]: 82 ----> 486
[0]: 82 ----> 487
[0]: 82 ----> 492
[0]: 83 ----> 484
[0]: 83 ----> 485
[0]: 83 ----> 488
[0]: 83 ----> 493
[0]: 84 ----> 423
[0]: 84 ----> 489
[0]: 84 ----> 490
[0]: 84 ----> 492
[0]: 85 ----> 421
[0]: 85 ----> 426
[0]: 85 ----> 489
[0]: 85 ----> 491
[0]: 85 ----> 493
[0]: 86 ----> 463
[0]: 86 ----> 495
[0]: 86 ----> 496
[0]: 86 ----> 500
[0]: 87 ----> 494
[0]: 87 ----> 495
[0]: 87 ----> 501
[0]: 87 ----> 504
[0]: 87 ----> 527
[0]: 88 ----> 497
[0]: 88 ----> 498
[0]: 88 ----> 500
[0]: 89 ----> 498
[0]: 89 ----> 499
[0]: 89 ----> 501
[0]: 89 ----> 505
[0]: 90 ----> 503
[0]: 90 ----> 504
[0]: 90 ----> 508
[0]: 90 ----> 522
[0]: 90 ----> 531
[0]: 91 ----> 502
[0]: 91 ----> 503
[0]: 91 ----> 509
[0]: 91 ----> 523
[0]: 91 ----> 532
[0]: 92 ----> 505
[0]: 92 ----> 506
[0]: 92 ----> 508
[0]: 92 ----> 525
[0]: 93 ----> 506
[0]: 93 ----> 507
[0]: 93 ----> 509
[0]: 93 ----> 524
[0]: 94 ----> 510
[0]: 94 ----> 513
[0]: 94 ----> 519
[0]: 94 ----> 522
[0]: 94 ----> 538
[0]: 95 ----> 512
[0]: 95 ----> 513
[0]: 95 ----> 518
[0]: 95 ----> 537
[0]: 96 ----> 408
[0]: 96 ----> 511
[0]: 96 ----> 512
[0]: 96 ----> 521
[0]: 96 ----> 540
[0]: 97 ----> 407
[0]: 97 ----> 510
[0]: 97 ----> 511
[0]: 97 ----> 520
[0]: 97 ----> 523
[0]: 97 ----> 539
[0]: 98 ----> 514
[0]: 98 ----> 517
[0]: 98 ----> 519
[0]: 98 ----> 525
[0]: 99 ----> 514
[0]: 99 ----> 515
[0]: 99 ----> 518
[0]: 100 ----> 409
[0]: 100 ----> 515
[0]: 100 ----> 516
[0]: 100 ----> 521
[0]: 101 ----> 410
[0]: 101 ----> 516
[0]: 101 ----> 517
[0]: 101 ----> 520
[0]: 101 ----> 524
[0]: 102 ----> 461
[0]: 102 ----> 468
[0]: 102 ----> 526
[0]: 102 ----> 527
[0]: 102 ----> 530
[0]: 103 ----> 472
[0]: 103 ----> 529
[0]: 103 ----> 530
[0]: 103 ----> 531
[0]: 103 ----> 541
[0]: 104 ----> 473
[0]: 104 ----> 528
[0]: 104 ----> 529
[0]: 104 ----> 532
[0]: 104 ----> 542
[0]: 105 ----> 475
[0]: 105 ----> 533
[0]: 105 ----> 536
[0]: 105 ----> 538
[0]: 105 ----> 541
[0]: 106 ----> 417
[0]: 106 ----> 535
[0]: 106 ----> 536
[0]: 106 ----> 537
[0]: 107 ----> 413
[0]: 107 ----> 418
[0]: 107 ----> 534
[0]: 107 ----> 535
[0]: 107 ----> 540
[0]: 108 ----> 412
[0]: 108 ----> 476
[0]: 108 ----> 533
[0]: 108 ----> 534
[0]: 108 ----> 539
[0]: 108 ----> 542
[0]: 109 ----> 543
[0]: 109 ----> 544
[0]: 109 ----> 547
[0]: 109 ----> 548
[0]: 109 ----> 556
[0]: 109 ----> 569
[0]: 110 ----> 545
[0]: 110 ----> 546
[0]: 110 ----> 547
[0]: 110 ----> 553
[0]: 110 ----> 561
[0]: 111 ----> 407
[0]: 111 ----> 549
[0]: 111 ----> 550
[0]: 111 ----> 554
[0]: 111 ----> 565
[0]: 111 ----> 574
[0]: 112 ----> 548
[0]: 112 ----> 549
[0]: 112 ----> 555
[0]: 112 ----> 558
[0]: 112 ----> 575
[0]: 113 ----> 410
[0]: 113 ----> 551
[0]: 113 ----> 552
[0]: 113 ----> 554
[0]: 113 ----> 566
[0]: 114 ----> 552
[0]: 114 ----> 553
[0]: 114 ----> 555
[0]: 114 ----> 559
[0]: 115 ----> 432
[0]: 115 ----> 557
[0]: 115 ----> 558
[0]: 115 ----> 563
[0]: 115 ----> 564
[0]: 116 ----> 431
[0]: 116 ----> 556
[0]: 116 ----> 557
[0]: 116 ----> 562
[0]: 117 ----> 559
[0]: 117 ----> 560
[0]: 117 ----> 563
[0]: 117 ----> 567
[0]: 118 ----> 560
[0]: 118 ----> 561
[0]: 118 ----> 562
[0]: 119 ----> 408
[0]: 119 ----> 411
[0]: 119 ----> 564
[0]: 119 ----> 565
[0]: 119 ----> 568
[0]: 120 ----> 409
[0]: 120 ----> 566
[0]: 120 ----> 567
[0]: 120 ----> 568
[0]: 121 ----> 412
[0]: 121 ----> 434
[0]: 121 ----> 438
[0]: 121 ----> 572
[0]: 121 ----> 573
[0]: 121 ----> 574
[0]: 122 ----> 430
[0]: 122 ----> 439
[0]: 122 ----> 571
[0]: 122 ----> 572
[0]: 122 ----> 575
[0]: 123 ----> 577
[0]: 123 ----> 578
[0]: 123 ----> 583
[0]: 123 ----> 584
[0]: 123 ----> 595
[0]: 123 ----> 606
[0]: 124 ----> 576
[0]: 124 ----> 577
[0]: 124 ----> 582
[0]: 124 ----> 600
[0]: 124 ----> 605
[0]: 125 ----> 579
[0]: 125 ----> 580
[0]: 125 ----> 583
[0]: 125 ----> 589
[0]: 125 ----> 598
[0]: 126 ----> 580
[0]: 126 ----> 581
[0]: 126 ----> 582
[0]: 126 ----> 603
[0]: 127 ----> 544
[0]: 127 ----> 550
[0]: 127 ----> 585
[0]: 127 ----> 586
[0]: 127 ----> 590
[0]: 127 ----> 607
[0]: 128 ----> 584
[0]: 128 ----> 585
[0]: 128 ----> 591
[0]: 128 ----> 592
[0]: 128 ----> 608
[0]: 129 ----> 545
[0]: 129 ----> 551
[0]: 129 ----> 587
[0]: 129 ----> 588
[0]: 129 ----> 590
[0]: 130 ----> 588
[0]: 130 ----> 589
[0]: 130 ----> 591
[0]: 130 ----> 593
[0]: 131 ----> 543
[0]: 131 ----> 570
[0]: 131 ----> 592
[0]: 131 ----> 594
[0]: 131 ----> 596
[0]: 132 ----> 546
[0]: 132 ----> 593
[0]: 132 ----> 594
[0]: 132 ----> 597
[0]: 133 ----> 595
[0]: 133 ----> 596
[0]: 133 ----> 599
[0]: 133 ----> 601
[0]: 133 ----> 609
[0]: 134 ----> 597
[0]: 134 ----> 598
[0]: 134 ----> 599
[0]: 134 ----> 602
[0]: 135 ----> 600
[0]: 135 ----> 601
[0]: 135 ----> 604
[0]: 135 ----> 610
[0]: 136 ----> 602
[0]: 136 ----> 603
[0]: 136 ----> 604
[0]: 137 ----> 494
[0]: 137 ----> 502
[0]: 137 ----> 611
[0]: 137 ----> 614
[0]: 137 ----> 620
[0]: 137 ----> 628
[0]: 138 ----> 578
[0]: 138 ----> 586
[0]: 138 ----> 613
[0]: 138 ----> 614
[0]: 138 ----> 619
[0]: 138 ----> 627
[0]: 139 ----> 576
[0]: 139 ----> 612
[0]: 139 ----> 613
[0]: 139 ----> 622
[0]: 139 ----> 630
[0]: 140 ----> 496
[0]: 140 ----> 611
[0]: 140 ----> 612
[0]: 140 ----> 621
[0]: 140 ----> 629
[0]: 141 ----> 499
[0]: 141 ----> 507
[0]: 141 ----> 615
[0]: 141 ----> 618
[0]: 141 ----> 620
[0]: 142 ----> 579
[0]: 142 ----> 587
[0]: 142 ----> 615
[0]: 142 ----> 616
[0]: 142 ----> 619
[0]: 143 ----> 581
[0]: 143 ----> 616
[0]: 143 ----> 617
[0]: 143 ----> 622
[0]: 144 ----> 497
[0]: 144 ----> 617
[0]: 144 ----> 618
[0]: 144 ----> 621
[0]: 145 ----> 526
[0]: 145 ----> 528
[0]: 145 ----> 623
[0]: 145 ----> 626
[0]: 145 ----> 628
[0]: 145 ----> 639
[0]: 146 ----> 624
[0]: 146 ----> 625
[0]: 146 ----> 630
[0]: 146 ----> 631
[0]: 146 ----> 641
[0]: 147 ----> 462
[0]: 147 ----> 623
[0]: 147 ----> 624
[0]: 147 ----> 629
[0]: 147 ----> 640
[0]: 148 ----> 605
[0]: 148 ----> 631
[0]: 148 ----> 632
[0]: 148 ----> 633
[0]: 148 ----> 643
[0]: 149 ----> 610
[0]: 149 ----> 633
[0]: 149 ----> 634
[0]: 149 ----> 644
[0]: 150 ----> 464
[0]: 150 ----> 469
[0]: 150 ----> 635
[0]: 150 ----> 638
[0]: 150 ----> 639
[0]: 150 ----> 649
[0]: 151 ----> 636
[0]: 151 ----> 637
[0]: 151 ----> 641
[0]: 151 ----> 642
[0]: 151 ----> 651
[0]: 152 ----> 466
[0]: 152 ----> 635
[0]: 152 ----> 636
[0]: 152 ----> 640
[0]: 152 ----> 650
[0]: 153 ----> 479
[0]: 153 ----> 484
[0]: 153 ----> 645
[0]: 153 ----> 648
[0]: 153 ----> 649
[0]: 154 ----> 646
[0]: 154 ----> 647
[0]: 154 ----> 651
[0]: 154 ----> 652
[0]: 155 ----> 481
[0]: 155 ----> 645
[0]: 155 ----> 646
[0]: 155 ----> 650
[0]: 156 ----> 625
[0]: 156 ----> 626
[0]: 156 ----> 627
[0]: 156 ----> 653
[0]: 156 ----> 656
[0]: 156 ----> 662
[0]: 157 ----> 606
[0]: 157 ----> 632
[0]: 157 ----> 653
[0]: 157 ----> 654
[0]: 157 ----> 660
[0]: 157 ----> 665
[0]: 158 ----> 573
[0]: 158 ----> 607
[0]: 158 ----> 655
[0]: 158 ----> 656
[0]: 158 ----> 659
[0]: 158 ----> 669
[0]: 159 ----> 608
[0]: 159 ----> 654
[0]: 159 ----> 655
[0]: 159 ----> 657
[0]: 159 ----> 670
[0]: 160 ----> 428
[0]: 160 ----> 569
[0]: 160 ----> 571
[0]: 160 ----> 658
[0]: 160 ----> 659
[0]: 160 ----> 674
[0]: 161 ----> 570
[0]: 161 ----> 657
[0]: 161 ----> 658
[0]: 161 ----> 661
[0]: 161 ----> 675
[0]: 162 ----> 609
[0]: 162 ----> 634
[0]: 162 ----> 660
[0]: 162 ----> 661
[0]: 162 ----> 678
[0]: 163 ----> 637
[0]: 163 ----> 638
[0]: 163 ----> 662
[0]: 163 ----> 664
[0]: 163 ----> 668
[0]: 163 ----> 681
[0]: 164 ----> 663
[0]: 164 ----> 664
[0]: 164 ----> 665
[0]: 164 ----> 666
[0]: 164 ----> 676
[0]: 164 ----> 685
[0]: 165 ----> 642
[0]: 165 ----> 643
[0]: 165 ----> 663
[0]: 165 ----> 679
[0]: 165 ----> 684
[0]: 166 ----> 437
[0]: 166 ----> 667
[0]: 166 ----> 668
[0]: 166 ----> 669
[0]: 166 ----> 673
[0]: 166 ----> 689
[0]: 167 ----> 666
[0]: 167 ----> 667
[0]: 167 ----> 670
[0]: 167 ----> 671
[0]: 167 ----> 690
[0]: 168 ----> 435
[0]: 168 ----> 440
[0]: 168 ----> 672
[0]: 168 ----> 673
[0]: 168 ----> 674
[0]: 168 ----> 694
[0]: 169 ----> 671
[0]: 169 ----> 672
[0]: 169 ----> 675
[0]: 169 ----> 677
[0]: 169 ----> 695
[0]: 170 ----> 676
[0]: 170 ----> 677
[0]: 170 ----> 678
[0]: 170 ----> 680
[0]: 170 ----> 698
[0]: 171 ----> 644
[0]: 171 ----> 679
[0]: 171 ----> 680
[0]: 171 ----> 701
[0]: 172 ----> 647
[0]: 172 ----> 648
[0]: 172 ----> 681
[0]: 172 ----> 683
[0]: 172 ----> 688
[0]: 173 ----> 682
[0]: 173 ----> 683
[0]: 173 ----> 685
[0]: 173 ----> 686
[0]: 173 ----> 696
[0]: 174 ----> 652
[0]: 174 ----> 682
[0]: 174 ----> 684
[0]: 174 ----> 699
[0]: 175 ----> 450
[0]: 175 ----> 687
[0]: 175 ----> 688
[0]: 175 ----> 689
[0]: 175 ----> 693
[0]: 176 ----> 686
[0]: 176 ----> 687
[0]: 176 ----> 690
[0]: 176 ----> 691
[0]: 177 ----> 448
[0]: 177 ----> 453
[0]: 177 ----> 692
[0]: 177 ----> 693
[0]: 177 ----> 694
[0]: 178 ----> 691
[0]: 178 ----> 692
[0]: 178 ----> 695
[0]: 178 ----> 697
[0]: 179 ----> 696
[0]: 179 ----> 697
[0]: 179 ----> 698
[0]: 179 ----> 700
[0]: 180 ----> 699
[0]: 180 ----> 700
[0]: 180 ----> 701
[0]: 181 ----> 0
[0]: 181 ----> 2
[0]: 182 ----> 0
[0]: 183 ----> 0
[0]: 184 ----> 0
[0]: 185 ----> 1
[0]: 186 ----> 1
[0]: 186 ----> 2
[0]: 187 ----> 2
[0]: 187 ----> 4
[0]: 188 ----> 2
[0]: 189 ----> 2
[0]: 190 ----> 3
[0]: 190 ----> 5
[0]: 191 ----> 3
[0]: 192 ----> 3
[0]: 192 ----> 4
[0]: 193 ----> 3
[0]: 194 ----> 4
[0]: 194 ----> 6
[0]: 195 ----> 4
[0]: 196 ----> 4
[0]: 197 ----> 5
[0]: 198 ----> 5
[0]: 199 ----> 5
[0]: 199 ----> 6
[0]: 200 ----> 5
[0]: 201 ----> 6
[0]: 202 ----> 6
[0]: 203 ----> 6
[0]: 204 ----> 7
[0]: 204 ----> 9
[0]: 205 ----> 7
[0]: 206 ----> 1
[0]: 206 ----> 7
[0]: 207 ----> 7
[0]: 208 ----> 1
[0]: 208 ----> 10
[0]: 209 ----> 8
[0]: 209 ----> 11
[0]: 210 ----> 8
[0]: 211 ----> 8
[0]: 211 ----> 9
[0]: 212 ----> 8
[0]: 212 ----> 10
[0]: 213 ----> 9
[0]: 213 ----> 12
[0]: 214 ----> 9
[0]: 215 ----> 9
[0]: 215 ----> 10
[0]: 216 ----> 9
[0]: 217 ----> 10
[0]: 217 ----> 13
[0]: 218 ----> 10
[0]: 219 ----> 4
[0]: 219 ----> 10
[0]: 220 ----> 11
[0]: 221 ----> 11
[0]: 222 ----> 11
[0]: 222 ----> 12
[0]: 223 ----> 11
[0]: 223 ----> 13
[0]: 224 ----> 12
[0]: 225 ----> 12
[0]: 226 ----> 12
[0]: 226 ----> 13
[0]: 227 ----> 12
[0]: 228 ----> 13
[0]: 229 ----> 13
[0]: 230 ----> 6
[0]: 230 ----> 13
[0]: 231 ----> 14
[0]: 231 ----> 15
[0]: 232 ----> 14
[0]: 233 ----> 14
[0]: 234 ----> 15
[0]: 234 ----> 18
[0]: 235 ----> 15
[0]: 236 ----> 15
[0]: 236 ----> 16
[0]: 237 ----> 15
[0]: 238 ----> 16
[0]: 238 ----> 19
[0]: 239 ----> 16
[0]: 240 ----> 16
[0]: 241 ----> 16
[0]: 241 ----> 17
[0]: 242 ----> 3
[0]: 242 ----> 17
[0]: 243 ----> 17
[0]: 243 ----> 20
[0]: 244 ----> 17
[0]: 245 ----> 17
[0]: 246 ----> 18
[0]: 247 ----> 18
[0]: 248 ----> 18
[0]: 248 ----> 19
[0]: 249 ----> 18
[0]: 250 ----> 19
[0]: 251 ----> 19
[0]: 252 ----> 19
[0]: 253 ----> 19
[0]: 253 ----> 20
[0]: 254 ----> 5
[0]: 254 ----> 20
[0]: 255 ----> 20
[0]: 256 ----> 20
[0]: 257 ----> 20
[0]: 258 ----> 14
[0]: 258 ----> 21
[0]: 259 ----> 21
[0]: 260 ----> 21
[0]: 261 ----> 21
[0]: 261 ----> 22
[0]: 262 ----> 21
[0]: 263 ----> 22
[0]: 263 ----> 25
[0]: 264 ----> 22
[0]: 265 ----> 22
[0]: 266 ----> 22
[0]: 267 ----> 22
[0]: 267 ----> 24
[0]: 268 ----> 23
[0]: 268 ----> 26
[0]: 269 ----> 23
[0]: 270 ----> 23
[0]: 271 ----> 0
[0]: 271 ----> 23
[0]: 272 ----> 23
[0]: 273 ----> 23
[0]: 273 ----> 24
[0]: 274 ----> 24
[0]: 274 ----> 27
[0]: 275 ----> 24
[0]: 276 ----> 24
[0]: 277 ----> 24
[0]: 278 ----> 14
[0]: 278 ----> 25
[0]: 279 ----> 16
[0]: 279 ----> 25
[0]: 280 ----> 25
[0]: 281 ----> 25
[0]: 282 ----> 25
[0]: 282 ----> 27
[0]: 283 ----> 3
[0]: 283 ----> 26
[0]: 284 ----> 26
[0]: 285 ----> 2
[0]: 285 ----> 26
[0]: 286 ----> 26
[0]: 287 ----> 26
[0]: 287 ----> 27
[0]: 288 ----> 17
[0]: 288 ----> 27
[0]: 289 ----> 27
[0]: 290 ----> 27
[0]: 291 ----> 28
[0]: 291 ----> 32
[0]: 292 ----> 28
[0]: 293 ----> 28
[0]: 293 ----> 29
[0]: 294 ----> 28
[0]: 295 ----> 29
[0]: 295 ----> 33
[0]: 296 ----> 29
[0]: 297 ----> 29
[0]: 298 ----> 29
[0]: 298 ----> 30
[0]: 299 ----> 29
[0]: 299 ----> 31
[0]: 300 ----> 7
[0]: 300 ----> 30
[0]: 301 ----> 30
[0]: 302 ----> 30
[0]: 303 ----> 30
[0]: 303 ----> 31
[0]: 304 ----> 30
[0]: 305 ----> 1
[0]: 305 ----> 31
[0]: 306 ----> 31
[0]: 307 ----> 31
[0]: 308 ----> 0
[0]: 308 ----> 31
[0]: 309 ----> 32
[0]: 309 ----> 33
[0]: 310 ----> 32
[0]: 310 ----> 34
[0]: 311 ----> 32
[0]: 312 ----> 8
[0]: 312 ----> 33
[0]: 313 ----> 33
[0]: 314 ----> 7
[0]: 314 ----> 33
[0]: 315 ----> 1
[0]: 315 ----> 33
[0]: 316 ----> 34
[0]: 317 ----> 35
[0]: 317 ----> 39
[0]: 318 ----> 35
[0]: 319 ----> 35
[0]: 319 ----> 38
[0]: 320 ----> 35
[0]: 320 ----> 36
[0]: 321 ----> 35
[0]: 322 ----> 36
[0]: 322 ----> 40
[0]: 323 ----> 36
[0]: 324 ----> 36
[0]: 325 ----> 36
[0]: 325 ----> 37
[0]: 326 ----> 28
[0]: 326 ----> 36
[0]: 327 ----> 28
[0]: 327 ----> 37
[0]: 328 ----> 34
[0]: 328 ----> 37
[0]: 329 ----> 37
[0]: 330 ----> 37
[0]: 331 ----> 37
[0]: 331 ----> 38
[0]: 332 ----> 38
[0]: 332 ----> 41
[0]: 333 ----> 38
[0]: 334 ----> 38
[0]: 335 ----> 38
[0]: 336 ----> 39
[0]: 336 ----> 41
[0]: 337 ----> 39
[0]: 337 ----> 40
[0]: 338 ----> 39
[0]: 339 ----> 40
[0]: 340 ----> 34
[0]: 340 ----> 40
[0]: 341 ----> 32
[0]: 341 ----> 40
[0]: 342 ----> 34
[0]: 342 ----> 41
[0]: 343 ----> 41
[0]: 344 ----> 41
[0]: 345 ----> 42
[0]: 345 ----> 43
[0]: 346 ----> 42
[0]: 347 ----> 42
[0]: 348 ----> 42
[0]: 349 ----> 35
[0]: 349 ----> 42
[0]: 350 ----> 21
[0]: 350 ----> 42
[0]: 351 ----> 43
[0]: 351 ----> 44
[0]: 352 ----> 43
[0]: 353 ----> 43
[0]: 354 ----> 39
[0]: 354 ----> 43
[0]: 355 ----> 14
[0]: 355 ----> 43
[0]: 356 ----> 39
[0]: 356 ----> 45
[0]: 357 ----> 41
[0]: 357 ----> 46
[0]: 358 ----> 44
[0]: 358 ----> 47
[0]: 359 ----> 44
[0]: 360 ----> 44
[0]: 361 ----> 44
[0]: 361 ----> 45
[0]: 362 ----> 15
[0]: 362 ----> 44
[0]: 363 ----> 45
[0]: 363 ----> 48
[0]: 364 ----> 45
[0]: 364 ----> 46
[0]: 365 ----> 45
[0]: 366 ----> 46
[0]: 367 ----> 46
[0]: 368 ----> 47
[0]: 369 ----> 47
[0]: 370 ----> 47
[0]: 371 ----> 47
[0]: 371 ----> 48
[0]: 372 ----> 18
[0]: 372 ----> 47
[0]: 373 ----> 48
[0]: 374 ----> 48
[0]: 375 ----> 40
[0]: 375 ----> 49
[0]: 376 ----> 32
[0]: 376 ----> 50
[0]: 377 ----> 34
[0]: 377 ----> 51
[0]: 378 ----> 45
[0]: 378 ----> 49
[0]: 379 ----> 49
[0]: 379 ----> 52
[0]: 380 ----> 49
[0]: 381 ----> 49
[0]: 381 ----> 51
[0]: 382 ----> 49
[0]: 382 ----> 50
[0]: 383 ----> 50
[0]: 383 ----> 53
[0]: 384 ----> 8
[0]: 384 ----> 50
[0]: 385 ----> 50
[0]: 385 ----> 51
[0]: 386 ----> 50
[0]: 387 ----> 51
[0]: 387 ----> 54
[0]: 388 ----> 51
[0]: 389 ----> 46
[0]: 389 ----> 51
[0]: 390 ----> 46
[0]: 390 ----> 55
[0]: 391 ----> 48
[0]: 391 ----> 55
[0]: 392 ----> 48
[0]: 392 ----> 52
[0]: 393 ----> 52
[0]: 394 ----> 52
[0]: 395 ----> 52
[0]: 395 ----> 54
[0]: 396 ----> 52
[0]: 396 ----> 53
[0]: 397 ----> 53
[0]: 398 ----> 11
[0]: 398 ----> 53
[0]: 399 ----> 53
[0]: 399 ----> 54
[0]: 400 ----> 53
[0]: 401 ----> 54
[0]: 402 ----> 54
[0]: 403 ----> 54
[0]: 403 ----> 55
[0]: 404 ----> 55
[0]: 405 ----> 55
[0]: 406 ----> 55
[0]: 407 ----> 181
[0]: 407 ----> 184
[0]: 407 ----> 189
[0]: 408 ----> 181
[0]: 408 ----> 183
[0]: 408 ----> 188
[0]: 409 ----> 182
[0]: 409 ----> 183
[0]: 410 ----> 182
[0]: 410 ----> 184
[0]: 411 ----> 185
[0]: 411 ----> 186
[0]: 411 ----> 188
[0]: 412 ----> 187
[0]: 412 ----> 189
[0]: 412 ----> 196
[0]: 413 ----> 187
[0]: 413 ----> 188
[0]: 413 ----> 195
[0]: 414 ----> 190
[0]: 414 ----> 192
[0]: 414 ----> 194
[0]: 414 ----> 199
[0]: 415 ----> 190
[0]: 415 ----> 193
[0]: 415 ----> 200
[0]: 416 ----> 190
[0]: 416 ----> 191
[0]: 416 ----> 198
[0]: 417 ----> 191
[0]: 417 ----> 193
[0]: 418 ----> 192
[0]: 418 ----> 193
[0]: 418 ----> 195
[0]: 419 ----> 194
[0]: 419 ----> 196
[0]: 419 ----> 203
[0]: 420 ----> 194
[0]: 420 ----> 195
[0]: 420 ----> 202
[0]: 421 ----> 197
[0]: 421 ----> 199
[0]: 421 ----> 201
[0]: 422 ----> 197
[0]: 422 ----> 200
[0]: 423 ----> 197
[0]: 423 ----> 198
[0]: 424 ----> 198
[0]: 424 ----> 200
[0]: 425 ----> 199
[0]: 425 ----> 200
[0]: 425 ----> 202
[0]: 426 ----> 201
[0]: 426 ----> 203
[0]: 427 ----> 201
[0]: 427 ----> 202
[0]: 428 ----> 204
[0]: 428 ----> 207
[0]: 428 ----> 216
[0]: 429 ----> 204
[0]: 429 ----> 205
[0]: 429 ----> 214
[0]: 430 ----> 204
[0]: 430 ----> 206
[0]: 430 ----> 208
[0]: 430 ----> 215
[0]: 431 ----> 205
[0]: 431 ----> 207
[0]: 432 ----> 185
[0]: 432 ----> 205
[0]: 432 ----> 206
[0]: 433 ----> 185
[0]: 433 ----> 208
[0]: 433 ----> 218
[0]: 434 ----> 186
[0]: 434 ----> 187
[0]: 434 ----> 208
[0]: 434 ----> 219
[0]: 435 ----> 209
[0]: 435 ----> 211
[0]: 435 ----> 213
[0]: 435 ----> 222
[0]: 436 ----> 209
[0]: 436 ----> 212
[0]: 436 ----> 217
[0]: 436 ----> 223
[0]: 437 ----> 209
[0]: 437 ----> 210
[0]: 437 ----> 221
[0]: 438 ----> 196
[0]: 438 ----> 210
[0]: 438 ----> 212
[0]: 438 ----> 219
[0]: 439 ----> 211
[0]: 439 ----> 212
[0]: 439 ----> 215
[0]: 440 ----> 213
[0]: 440 ----> 216
[0]: 440 ----> 227
[0]: 441 ----> 213
[0]: 441 ----> 214
[0]: 441 ----> 225
[0]: 442 ----> 213
[0]: 442 ----> 215
[0]: 442 ----> 217
[0]: 442 ----> 226
[0]: 443 ----> 214
[0]: 443 ----> 216
[0]: 444 ----> 214
[0]: 444 ----> 215
[0]: 444 ----> 218
[0]: 445 ----> 217
[0]: 445 ----> 218
[0]: 445 ----> 229
[0]: 446 ----> 194
[0]: 446 ----> 217
[0]: 446 ----> 219
[0]: 446 ----> 230
[0]: 447 ----> 195
[0]: 447 ----> 218
[0]: 447 ----> 219
[0]: 448 ----> 220
[0]: 448 ----> 222
[0]: 448 ----> 224
[0]: 449 ----> 220
[0]: 449 ----> 223
[0]: 449 ----> 228
[0]: 450 ----> 220
[0]: 450 ----> 221
[0]: 451 ----> 203
[0]: 451 ----> 221
[0]: 451 ----> 223
[0]: 451 ----> 230
[0]: 452 ----> 222
[0]: 452 ----> 223
[0]: 452 ----> 226
[0]: 453 ----> 224
[0]: 453 ----> 227
[0]: 454 ----> 224
[0]: 454 ----> 225
[0]: 455 ----> 224
[0]: 455 ----> 226
[0]: 455 ----> 228
[0]: 456 ----> 225
[0]: 456 ----> 227
[0]: 457 ----> 225
[0]: 457 ----> 226
[0]: 457 ----> 229
[0]: 458 ----> 228
[0]: 458 ----> 229
[0]: 459 ----> 201
[0]: 459 ----> 228
[0]: 459 ----> 230
[0]: 460 ----> 202
[0]: 460 ----> 229
[0]: 460 ----> 230
[0]: 461 ----> 231
[0]: 461 ----> 233
[0]: 461 ----> 237
[0]: 462 ----> 231
[0]: 462 ----> 232
[0]: 462 ----> 235
[0]: 463 ----> 232
[0]: 463 ----> 233
[0]: 464 ----> 234
[0]: 464 ----> 236
[0]: 464 ----> 238
[0]: 464 ----> 248
[0]: 465 ----> 234
[0]: 465 ----> 237
[0]: 465 ----> 249
[0]: 466 ----> 234
[0]: 466 ----> 235
[0]: 466 ----> 247
[0]: 467 ----> 235
[0]: 467 ----> 237
[0]: 468 ----> 236
[0]: 468 ----> 237
[0]: 468 ----> 239
[0]: 469 ----> 238
[0]: 469 ----> 240
[0]: 469 ----> 252
[0]: 470 ----> 238
[0]: 470 ----> 241
[0]: 470 ----> 243
[0]: 470 ----> 253
[0]: 471 ----> 238
[0]: 471 ----> 239
[0]: 471 ----> 251
[0]: 472 ----> 239
[0]: 472 ----> 241
[0]: 472 ----> 245
[0]: 473 ----> 240
[0]: 473 ----> 241
[0]: 473 ----> 244
[0]: 474 ----> 190
[0]: 474 ----> 242
[0]: 474 ----> 243
[0]: 474 ----> 254
[0]: 475 ----> 191
[0]: 475 ----> 242
[0]: 475 ----> 245
[0]: 476 ----> 192
[0]: 476 ----> 196
[0]: 476 ----> 242
[0]: 476 ----> 244
[0]: 477 ----> 243
[0]: 477 ----> 245
[0]: 477 ----> 257
[0]: 478 ----> 243
[0]: 478 ----> 244
[0]: 478 ----> 256
[0]: 479 ----> 246
[0]: 479 ----> 248
[0]: 479 ----> 250
[0]: 480 ----> 246
[0]: 480 ----> 249
[0]: 481 ----> 246
[0]: 481 ----> 247
[0]: 482 ----> 247
[0]: 482 ----> 249
[0]: 483 ----> 248
[0]: 483 ----> 249
[0]: 483 ----> 251
[0]: 484 ----> 250
[0]: 484 ----> 252
[0]: 485 ----> 250
[0]: 485 ----> 253
[0]: 485 ----> 255
[0]: 486 ----> 250
[0]: 486 ----> 251
[0]: 487 ----> 251
[0]: 487 ----> 253
[0]: 487 ----> 257
[0]: 488 ----> 252
[0]: 488 ----> 253
[0]: 488 ----> 256
[0]: 489 ----> 197
[0]: 489 ----> 254
[0]: 489 ----> 255
[0]: 490 ----> 198
[0]: 490 ----> 254
[0]: 490 ----> 257
[0]: 491 ----> 199
[0]: 491 ----> 203
[0]: 491 ----> 254
[0]: 491 ----> 256
[0]: 492 ----> 255
[0]: 492 ----> 257
[0]: 493 ----> 255
[0]: 493 ----> 256
[0]: 494 ----> 258
[0]: 494 ----> 261
[0]: 494 ----> 263
[0]: 494 ----> 278
[0]: 495 ----> 233
[0]: 495 ----> 258
[0]: 495 ----> 262
[0]: 496 ----> 232
[0]: 496 ----> 258
[0]: 496 ----> 260
[0]: 497 ----> 259
[0]: 497 ----> 260
[0]: 498 ----> 259
[0]: 498 ----> 262
[0]: 499 ----> 259
[0]: 499 ----> 261
[0]: 499 ----> 264
[0]: 500 ----> 260
[0]: 500 ----> 262
[0]: 501 ----> 261
[0]: 501 ----> 262
[0]: 501 ----> 265
[0]: 502 ----> 263
[0]: 502 ----> 266
[0]: 502 ----> 281
[0]: 503 ----> 263
[0]: 503 ----> 267
[0]: 503 ----> 274
[0]: 503 ----> 282
[0]: 504 ----> 263
[0]: 504 ----> 265
[0]: 504 ----> 280
[0]: 505 ----> 264
[0]: 505 ----> 265
[0]: 506 ----> 264
[0]: 506 ----> 267
[0]: 506 ----> 275
[0]: 507 ----> 264
[0]: 507 ----> 266
[0]: 508 ----> 265
[0]: 508 ----> 267
[0]: 508 ----> 277
[0]: 509 ----> 266
[0]: 509 ----> 267
[0]: 509 ----> 276
[0]: 510 ----> 268
[0]: 510 ----> 273
[0]: 510 ----> 274
[0]: 510 ----> 287
[0]: 511 ----> 181
[0]: 511 ----> 268
[0]: 511 ----> 271
[0]: 511 ----> 285
[0]: 512 ----> 268
[0]: 512 ----> 272
[0]: 512 ----> 286
[0]: 513 ----> 268
[0]: 513 ----> 270
[0]: 513 ----> 284
[0]: 514 ----> 269
[0]: 514 ----> 270
[0]: 515 ----> 269
[0]: 515 ----> 272
[0]: 516 ----> 182
[0]: 516 ----> 269
[0]: 516 ----> 271
[0]: 517 ----> 269
[0]: 517 ----> 273
[0]: 517 ----> 275
[0]: 518 ----> 270
[0]: 518 ----> 272
[0]: 519 ----> 270
[0]: 519 ----> 273
[0]: 519 ----> 277
[0]: 520 ----> 184
[0]: 520 ----> 271
[0]: 520 ----> 273
[0]: 520 ----> 276
[0]: 521 ----> 183
[0]: 521 ----> 271
[0]: 521 ----> 272
[0]: 522 ----> 274
[0]: 522 ----> 277
[0]: 522 ----> 290
[0]: 523 ----> 274
[0]: 523 ----> 276
[0]: 523 ----> 289
[0]: 524 ----> 275
[0]: 524 ----> 276
[0]: 525 ----> 275
[0]: 525 ----> 277
[0]: 526 ----> 231
[0]: 526 ----> 236
[0]: 526 ----> 278
[0]: 526 ----> 279
[0]: 527 ----> 233
[0]: 527 ----> 278
[0]: 527 ----> 280
[0]: 528 ----> 240
[0]: 528 ----> 279
[0]: 528 ----> 281
[0]: 529 ----> 241
[0]: 529 ----> 279
[0]: 529 ----> 282
[0]: 529 ----> 288
[0]: 530 ----> 239
[0]: 530 ----> 279
[0]: 530 ----> 280
[0]: 531 ----> 280
[0]: 531 ----> 282
[0]: 531 ----> 290
[0]: 532 ----> 281
[0]: 532 ----> 282
[0]: 532 ----> 289
[0]: 533 ----> 242
[0]: 533 ----> 283
[0]: 533 ----> 287
[0]: 533 ----> 288
[0]: 534 ----> 187
[0]: 534 ----> 192
[0]: 534 ----> 283
[0]: 534 ----> 285
[0]: 535 ----> 193
[0]: 535 ----> 283
[0]: 535 ----> 286
[0]: 536 ----> 191
[0]: 536 ----> 283
[0]: 536 ----> 284
[0]: 537 ----> 284
[0]: 537 ----> 286
[0]: 538 ----> 284
[0]: 538 ----> 287
[0]: 538 ----> 290
[0]: 539 ----> 189
[0]: 539 ----> 285
[0]: 539 ----> 287
[0]: 539 ----> 289
[0]: 540 ----> 188
[0]: 540 ----> 285
[0]: 540 ----> 286
[0]: 541 ----> 245
[0]: 541 ----> 288
[0]: 541 ----> 290
[0]: 542 ----> 244
[0]: 542 ----> 288
[0]: 542 ----> 289
[0]: 543 ----> 291
[0]: 543 ----> 294
[0]: 543 ----> 311
[0]: 544 ----> 291
[0]: 544 ----> 293
[0]: 544 ----> 295
[0]: 544 ----> 309
[0]: 545 ----> 292
[0]: 545 ----> 293
[0]: 545 ----> 296
[0]: 546 ----> 292
[0]: 546 ----> 294
[0]: 547 ----> 293
[0]: 547 ----> 294
[0]: 547 ----> 298
[0]: 547 ----> 304
[0]: 548 ----> 295
[0]: 548 ----> 298
[0]: 548 ----> 300
[0]: 548 ----> 314
[0]: 549 ----> 295
[0]: 549 ----> 299
[0]: 549 ----> 305
[0]: 549 ----> 315
[0]: 550 ----> 295
[0]: 550 ----> 297
[0]: 550 ----> 313
[0]: 551 ----> 296
[0]: 551 ----> 297
[0]: 552 ----> 296
[0]: 552 ----> 299
[0]: 552 ----> 306
[0]: 553 ----> 296
[0]: 553 ----> 298
[0]: 553 ----> 301
[0]: 554 ----> 184
[0]: 554 ----> 297
[0]: 554 ----> 299
[0]: 554 ----> 308
[0]: 555 ----> 298
[0]: 555 ----> 299
[0]: 555 ----> 303
[0]: 556 ----> 207
[0]: 556 ----> 300
[0]: 556 ----> 304
[0]: 557 ----> 205
[0]: 557 ----> 300
[0]: 557 ----> 302
[0]: 558 ----> 206
[0]: 558 ----> 300
[0]: 558 ----> 303
[0]: 558 ----> 305
[0]: 559 ----> 301
[0]: 559 ----> 303
[0]: 559 ----> 306
[0]: 560 ----> 301
[0]: 560 ----> 302
[0]: 561 ----> 301
[0]: 561 ----> 304
[0]: 562 ----> 302
[0]: 562 ----> 304
[0]: 563 ----> 302
[0]: 563 ----> 303
[0]: 563 ----> 307
[0]: 564 ----> 185
[0]: 564 ----> 305
[0]: 564 ----> 307
[0]: 565 ----> 181
[0]: 565 ----> 186
[0]: 565 ----> 305
[0]: 565 ----> 308
[0]: 566 ----> 182
[0]: 566 ----> 306
[0]: 566 ----> 308
[0]: 567 ----> 306
[0]: 567 ----> 307
[0]: 568 ----> 183
[0]: 568 ----> 307
[0]: 568 ----> 308
[0]: 569 ----> 207
[0]: 569 ----> 309
[0]: 569 ----> 311
[0]: 569 ----> 314
[0]: 570 ----> 310
[0]: 570 ----> 311
[0]: 570 ----> 316
[0]: 571 ----> 204
[0]: 571 ----> 211
[0]: 571 ----> 312
[0]: 571 ----> 314
[0]: 572 ----> 208
[0]: 572 ----> 212
[0]: 572 ----> 312
[0]: 572 ----> 315
[0]: 573 ----> 210
[0]: 573 ----> 312
[0]: 573 ----> 313
[0]: 574 ----> 186
[0]: 574 ----> 189
[0]: 574 ----> 313
[0]: 574 ----> 315
[0]: 575 ----> 206
[0]: 575 ----> 314
[0]: 575 ----> 315
[0]: 576 ----> 317
[0]: 576 ----> 321
[0]: 576 ----> 338
[0]: 577 ----> 317
[0]: 577 ----> 319
[0]: 577 ----> 332
[0]: 577 ----> 336
[0]: 578 ----> 317
[0]: 578 ----> 320
[0]: 578 ----> 322
[0]: 578 ----> 337
[0]: 579 ----> 318
[0]: 579 ----> 320
[0]: 579 ----> 323
[0]: 580 ----> 318
[0]: 580 ----> 319
[0]: 580 ----> 333
[0]: 581 ----> 318
[0]: 581 ----> 321
[0]: 582 ----> 319
[0]: 582 ----> 321
[0]: 582 ----> 335
[0]: 583 ----> 319
[0]: 583 ----> 320
[0]: 583 ----> 325
[0]: 583 ----> 331
[0]: 584 ----> 322
[0]: 584 ----> 325
[0]: 584 ----> 328
[0]: 584 ----> 340
[0]: 585 ----> 291
[0]: 585 ----> 322
[0]: 585 ----> 326
[0]: 585 ----> 341
[0]: 586 ----> 322
[0]: 586 ----> 324
[0]: 586 ----> 339
[0]: 587 ----> 323
[0]: 587 ----> 324
[0]: 588 ----> 292
[0]: 588 ----> 323
[0]: 588 ----> 326
[0]: 589 ----> 323
[0]: 589 ----> 325
[0]: 589 ----> 329
[0]: 590 ----> 293
[0]: 590 ----> 297
[0]: 590 ----> 324
[0]: 590 ----> 326
[0]: 591 ----> 325
[0]: 591 ----> 326
[0]: 591 ----> 327
[0]: 592 ----> 291
[0]: 592 ----> 310
[0]: 592 ----> 327
[0]: 592 ----> 328
[0]: 593 ----> 292
[0]: 593 ----> 327
[0]: 593 ----> 329
[0]: 594 ----> 294
[0]: 594 ----> 327
[0]: 594 ----> 330
[0]: 595 ----> 328
[0]: 595 ----> 331
[0]: 595 ----> 332
[0]: 595 ----> 342
[0]: 596 ----> 316
[0]: 596 ----> 328
[0]: 596 ----> 330
[0]: 597 ----> 329
[0]: 597 ----> 330
[0]: 598 ----> 329
[0]: 598 ----> 331
[0]: 598 ----> 333
[0]: 599 ----> 330
[0]: 599 ----> 331
[0]: 599 ----> 334
[0]: 600 ----> 332
[0]: 600 ----> 335
[0]: 600 ----> 344
[0]: 601 ----> 332
[0]: 601 ----> 334
[0]: 601 ----> 343
[0]: 602 ----> 333
[0]: 602 ----> 334
[0]: 603 ----> 333
[0]: 603 ----> 335
[0]: 604 ----> 334
[0]: 604 ----> 335
[0]: 605 ----> 336
[0]: 605 ----> 338
[0]: 605 ----> 344
[0]: 606 ----> 336
[0]: 606 ----> 337
[0]: 606 ----> 340
[0]: 606 ----> 342
[0]: 607 ----> 309
[0]: 607 ----> 313
[0]: 607 ----> 339
[0]: 607 ----> 341
[0]: 608 ----> 310
[0]: 608 ----> 340
[0]: 608 ----> 341
[0]: 609 ----> 316
[0]: 609 ----> 342
[0]: 609 ----> 343
[0]: 610 ----> 343
[0]: 610 ----> 344
[0]: 611 ----> 258
[0]: 611 ----> 345
[0]: 611 ----> 350
[0]: 611 ----> 355
[0]: 612 ----> 345
[0]: 612 ----> 348
[0]: 612 ----> 353
[0]: 613 ----> 317
[0]: 613 ----> 345
[0]: 613 ----> 349
[0]: 613 ----> 354
[0]: 614 ----> 345
[0]: 614 ----> 347
[0]: 614 ----> 352
[0]: 615 ----> 346
[0]: 615 ----> 347
[0]: 616 ----> 318
[0]: 616 ----> 346
[0]: 616 ----> 349
[0]: 617 ----> 346
[0]: 617 ----> 348
[0]: 618 ----> 259
[0]: 618 ----> 346
[0]: 618 ----> 350
[0]: 619 ----> 320
[0]: 619 ----> 324
[0]: 619 ----> 347
[0]: 619 ----> 349
[0]: 620 ----> 261
[0]: 620 ----> 266
[0]: 620 ----> 347
[0]: 620 ----> 350
[0]: 621 ----> 260
[0]: 621 ----> 348
[0]: 621 ----> 350
[0]: 622 ----> 321
[0]: 622 ----> 348
[0]: 622 ----> 349
[0]: 623 ----> 231
[0]: 623 ----> 351
[0]: 623 ----> 355
[0]: 623 ----> 362
[0]: 624 ----> 351
[0]: 624 ----> 353
[0]: 624 ----> 360
[0]: 625 ----> 351
[0]: 625 ----> 354
[0]: 625 ----> 356
[0]: 625 ----> 361
[0]: 626 ----> 351
[0]: 626 ----> 352
[0]: 626 ----> 359
[0]: 627 ----> 337
[0]: 627 ----> 339
[0]: 627 ----> 352
[0]: 627 ----> 354
[0]: 628 ----> 278
[0]: 628 ----> 281
[0]: 628 ----> 352
[0]: 628 ----> 355
[0]: 629 ----> 232
[0]: 629 ----> 353
[0]: 629 ----> 355
[0]: 630 ----> 338
[0]: 630 ----> 353
[0]: 630 ----> 354
[0]: 631 ----> 338
[0]: 631 ----> 356
[0]: 631 ----> 365
[0]: 632 ----> 336
[0]: 632 ----> 356
[0]: 632 ----> 357
[0]: 632 ----> 364
[0]: 633 ----> 344
[0]: 633 ----> 357
[0]: 633 ----> 367
[0]: 634 ----> 343
[0]: 634 ----> 357
[0]: 634 ----> 366
[0]: 635 ----> 234
[0]: 635 ----> 358
[0]: 635 ----> 362
[0]: 635 ----> 372
[0]: 636 ----> 358
[0]: 636 ----> 360
[0]: 636 ----> 370
[0]: 637 ----> 358
[0]: 637 ----> 361
[0]: 637 ----> 363
[0]: 637 ----> 371
[0]: 638 ----> 358
[0]: 638 ----> 359
[0]: 638 ----> 369
[0]: 639 ----> 236
[0]: 639 ----> 240
[0]: 639 ----> 359
[0]: 639 ----> 362
[0]: 640 ----> 235
[0]: 640 ----> 360
[0]: 640 ----> 362
[0]: 641 ----> 360
[0]: 641 ----> 361
[0]: 641 ----> 365
[0]: 642 ----> 363
[0]: 642 ----> 365
[0]: 642 ----> 374
[0]: 643 ----> 364
[0]: 643 ----> 365
[0]: 643 ----> 367
[0]: 644 ----> 366
[0]: 644 ----> 367
[0]: 645 ----> 246
[0]: 645 ----> 368
[0]: 645 ----> 372
[0]: 646 ----> 368
[0]: 646 ----> 370
[0]: 647 ----> 368
[0]: 647 ----> 371
[0]: 647 ----> 373
[0]: 648 ----> 368
[0]: 648 ----> 369
[0]: 649 ----> 248
[0]: 649 ----> 252
[0]: 649 ----> 369
[0]: 649 ----> 372
[0]: 650 ----> 247
[0]: 650 ----> 370
[0]: 650 ----> 372
[0]: 651 ----> 370
[0]: 651 ----> 371
[0]: 651 ----> 374
[0]: 652 ----> 373
[0]: 652 ----> 374
[0]: 653 ----> 337
[0]: 653 ----> 356
[0]: 653 ----> 375
[0]: 653 ----> 378
[0]: 654 ----> 340
[0]: 654 ----> 375
[0]: 654 ----> 377
[0]: 654 ----> 381
[0]: 655 ----> 341
[0]: 655 ----> 375
[0]: 655 ----> 376
[0]: 655 ----> 382
[0]: 656 ----> 339
[0]: 656 ----> 375
[0]: 656 ----> 380
[0]: 657 ----> 310
[0]: 657 ----> 376
[0]: 657 ----> 377
[0]: 657 ----> 385
[0]: 658 ----> 311
[0]: 658 ----> 376
[0]: 658 ----> 386
[0]: 659 ----> 309
[0]: 659 ----> 312
[0]: 659 ----> 376
[0]: 659 ----> 384
[0]: 660 ----> 342
[0]: 660 ----> 357
[0]: 660 ----> 377
[0]: 660 ----> 389
[0]: 661 ----> 316
[0]: 661 ----> 377
[0]: 661 ----> 388
[0]: 662 ----> 359
[0]: 662 ----> 361
[0]: 662 ----> 378
[0]: 662 ----> 380
[0]: 663 ----> 363
[0]: 663 ----> 364
[0]: 663 ----> 390
[0]: 663 ----> 391
[0]: 664 ----> 363
[0]: 664 ----> 378
[0]: 664 ----> 379
[0]: 664 ----> 392
[0]: 665 ----> 364
[0]: 665 ----> 378
[0]: 665 ----> 381
[0]: 665 ----> 389
[0]: 666 ----> 379
[0]: 666 ----> 381
[0]: 666 ----> 387
[0]: 666 ----> 395
[0]: 667 ----> 379
[0]: 667 ----> 382
[0]: 667 ----> 383
[0]: 667 ----> 396
[0]: 668 ----> 379
[0]: 668 ----> 380
[0]: 668 ----> 394
[0]: 669 ----> 210
[0]: 669 ----> 380
[0]: 669 ----> 382
[0]: 669 ----> 384
[0]: 670 ----> 381
[0]: 670 ----> 382
[0]: 670 ----> 385
[0]: 671 ----> 383
[0]: 671 ----> 385
[0]: 671 ----> 387
[0]: 671 ----> 399
[0]: 672 ----> 383
[0]: 672 ----> 386
[0]: 672 ----> 400
[0]: 673 ----> 209
[0]: 673 ----> 383
[0]: 673 ----> 384
[0]: 673 ----> 398
[0]: 674 ----> 211
[0]: 674 ----> 216
[0]: 674 ----> 384
[0]: 674 ----> 386
[0]: 675 ----> 385
[0]: 675 ----> 386
[0]: 675 ----> 388
[0]: 676 ----> 387
[0]: 676 ----> 389
[0]: 676 ----> 390
[0]: 676 ----> 403
[0]: 677 ----> 387
[0]: 677 ----> 388
[0]: 677 ----> 402
[0]: 678 ----> 366
[0]: 678 ----> 388
[0]: 678 ----> 389
[0]: 679 ----> 367
[0]: 679 ----> 390
[0]: 679 ----> 406
[0]: 680 ----> 366
[0]: 680 ----> 390
[0]: 680 ----> 405
[0]: 681 ----> 369
[0]: 681 ----> 371
[0]: 681 ----> 392
[0]: 681 ----> 394
[0]: 682 ----> 373
[0]: 682 ----> 391
[0]: 682 ----> 404
[0]: 683 ----> 373
[0]: 683 ----> 392
[0]: 683 ----> 393
[0]: 684 ----> 374
[0]: 684 ----> 391
[0]: 684 ----> 406
[0]: 685 ----> 391
[0]: 685 ----> 392
[0]: 685 ----> 395
[0]: 685 ----> 403
[0]: 686 ----> 393
[0]: 686 ----> 395
[0]: 686 ----> 401
[0]: 687 ----> 393
[0]: 687 ----> 396
[0]: 687 ----> 397
[0]: 688 ----> 393
[0]: 688 ----> 394
[0]: 689 ----> 221
[0]: 689 ----> 394
[0]: 689 ----> 396
[0]: 689 ----> 398
[0]: 690 ----> 395
[0]: 690 ----> 396
[0]: 690 ----> 399
[0]: 691 ----> 397
[0]: 691 ----> 399
[0]: 691 ----> 401
[0]: 692 ----> 397
[0]: 692 ----> 400
[0]: 693 ----> 220
[0]: 693 ----> 397
[0]: 693 ----> 398
[0]: 694 ----> 222
[0]: 694 ----> 227
[0]: 694 ----> 398
[0]: 694 ----> 400
[0]: 695 ----> 399
[0]: 695 ----> 400
[0]: 695 ----> 402
[0]: 696 ----> 401
[0]: 696 ----> 403
[0]: 696 ----> 404
[0]: 697 ----> 401
[0]: 697 ----> 402
[0]: 698 ----> 402
[0]: 698 ----> 403
[0]: 698 ----> 405
[0]: 699 ----> 404
[0]: 699 ----> 406
[0]: 700 ----> 404
[0]: 700 ----> 405
[0]: 701 ----> 405
[0]: 701 ----> 406
[1] Max support size: 0
[2] Max support size: 0
[3] Max support size: 0
[4] Max support size: 0
[5] Max support size: 0
[6] Max support size: 0
[7] Max support size: 0
Cones:
[0] Max cone size: 6
[0]: 0 <---- 181 (0)
[0]: 0 <---- 182 (0)
[0]: 0 <---- 271 (-1)
[0]: 0 <---- 308 (-1)
[0]: 0 <---- 183 (0)
[0]: 0 <---- 184 (0)
[0]: 1 <---- 208 (0)
[0]: 1 <---- 305 (-4)
[0]: 1 <---- 315 (-1)
[0]: 1 <---- 185 (0)
[0]: 1 <---- 186 (0)
[0]: 1 <---- 206 (-4)
[0]: 2 <---- 187 (0)
[0]: 2 <---- 181 (-4)
[0]: 2 <---- 285 (-1)
[0]: 2 <---- 186 (-1)
[0]: 2 <---- 188 (0)
[0]: 2 <---- 189 (0)
[0]: 3 <---- 190 (0)
[0]: 3 <---- 283 (-4)
[0]: 3 <---- 191 (0)
[0]: 3 <---- 192 (0)
[0]: 3 <---- 193 (0)
[0]: 3 <---- 242 (0)
[0]: 4 <---- 194 (0)
[0]: 4 <---- 187 (-4)
[0]: 4 <---- 192 (-1)
[0]: 4 <---- 219 (-1)
[0]: 4 <---- 195 (0)
[0]: 4 <---- 196 (0)
[0]: 5 <---- 197 (0)
[0]: 5 <---- 190 (-4)
[0]: 5 <---- 198 (0)
[0]: 5 <---- 199 (0)
[0]: 5 <---- 200 (0)
[0]: 5 <---- 254 (0)
[0]: 6 <---- 201 (0)
[0]: 6 <---- 194 (-4)
[0]: 6 <---- 199 (-1)
[0]: 6 <---- 230 (-1)
[0]: 6 <---- 202 (0)
[0]: 6 <---- 203 (0)
[0]: 7 <---- 204 (0)
[0]: 7 <---- 300 (-4)
[0]: 7 <---- 314 (-1)
[0]: 7 <---- 205 (0)
[0]: 7 <---- 206 (0)
[0]: 7 <---- 207 (0)
[0]: 8 <---- 209 (0)
[0]: 8 <---- 312 (-4)
[0]: 8 <---- 210 (0)
[0]: 8 <---- 211 (0)
[0]: 8 <---- 212 (0)
[0]: 8 <---- 384 (-4)
[0]: 9 <---- 213 (0)
[0]: 9 <---- 204 (-4)
[0]: 9 <---- 211 (-1)
[0]: 9 <---- 214 (0)
[0]: 9 <---- 215 (0)
[0]: 9 <---- 216 (0)
[0]: 10 <---- 217 (0)
[0]: 10 <---- 208 (-4)
[0]: 10 <---- 212 (-1)
[0]: 10 <---- 218 (0)
[0]: 10 <---- 219 (0)
[0]: 10 <---- 215 (-4)
[0]: 11 <---- 220 (0)
[0]: 11 <---- 209 (-4)
[0]: 11 <---- 221 (0)
[0]: 11 <---- 222 (0)
[0]: 11 <---- 223 (0)
[0]: 11 <---- 398 (-4)
[0]: 12 <---- 224 (0)
[0]: 12 <---- 213 (-4)
[0]: 12 <---- 222 (-1)
[0]: 12 <---- 225 (0)
[0]: 12 <---- 226 (0)
[0]: 12 <---- 227 (0)
[0]: 13 <---- 228 (0)
[0]: 13 <---- 217 (-4)
[0]: 13 <---- 223 (-1)
[0]: 13 <---- 229 (0)
[0]: 13 <---- 230 (0)
[0]: 13 <---- 226 (-4)
[0]: 14 <---- 231 (0)
[0]: 14 <---- 258 (-4)
[0]: 14 <---- 232 (0)
[0]: 14 <---- 278 (0)
[0]: 14 <---- 233 (0)
[0]: 14 <---- 355 (-3)
[0]: 15 <---- 234 (0)
[0]: 15 <---- 231 (-4)
[0]: 15 <---- 235 (0)
[0]: 15 <---- 236 (0)
[0]: 15 <---- 237 (0)
[0]: 15 <---- 362 (-3)
[0]: 16 <---- 238 (0)
[0]: 16 <---- 279 (-4)
[0]: 16 <---- 239 (0)
[0]: 16 <---- 240 (0)
[0]: 16 <---- 241 (0)
[0]: 16 <---- 236 (-4)
[0]: 17 <---- 243 (0)
[0]: 17 <---- 288 (-4)
[0]: 17 <---- 244 (0)
[0]: 17 <---- 245 (0)
[0]: 17 <---- 241 (-1)
[0]: 17 <---- 242 (-3)
[0]: 18 <---- 246 (0)
[0]: 18 <---- 234 (-4)
[0]: 18 <---- 247 (0)
[0]: 18 <---- 248 (0)
[0]: 18 <---- 249 (0)
[0]: 18 <---- 372 (-3)
[0]: 19 <---- 250 (0)
[0]: 19 <---- 238 (-4)
[0]: 19 <---- 251 (0)
[0]: 19 <---- 252 (0)
[0]: 19 <---- 253 (0)
[0]: 19 <---- 248 (-4)
[0]: 20 <---- 255 (0)
[0]: 20 <---- 243 (-4)
[0]: 20 <---- 256 (0)
[0]: 20 <---- 257 (0)
[0]: 20 <---- 253 (-1)
[0]: 20 <---- 254 (-3)
[0]: 21 <---- 258 (0)
[0]: 21 <---- 259 (0)
[0]: 21 <---- 260 (0)
[0]: 21 <---- 261 (0)
[0]: 21 <---- 262 (0)
[0]: 21 <---- 350 (-3)
[0]: 22 <---- 263 (0)
[0]: 22 <---- 264 (0)
[0]: 22 <---- 265 (0)
[0]: 22 <---- 266 (0)
[0]: 22 <---- 267 (0)
[0]: 22 <---- 261 (-4)
[0]: 23 <---- 268 (0)
[0]: 23 <---- 269 (0)
[0]: 23 <---- 270 (0)
[0]: 23 <---- 271 (0)
[0]: 23 <---- 272 (0)
[0]: 23 <---- 273 (0)
[0]: 24 <---- 274 (0)
[0]: 24 <---- 275 (0)
[0]: 24 <---- 276 (0)
[0]: 24 <---- 277 (0)
[0]: 24 <---- 267 (-1)
[0]: 24 <---- 273 (-3)
[0]: 25 <---- 279 (0)
[0]: 25 <---- 263 (-4)
[0]: 25 <---- 280 (0)
[0]: 25 <---- 281 (0)
[0]: 25 <---- 282 (0)
[0]: 25 <---- 278 (-4)
[0]: 26 <---- 283 (0)
[0]: 26 <---- 268 (-4)
[0]: 26 <---- 284 (0)
[0]: 26 <---- 285 (0)
[0]: 26 <---- 286 (0)
[0]: 26 <---- 287 (0)
[0]: 27 <---- 288 (0)
[0]: 27 <---- 274 (-4)
[0]: 27 <---- 289 (0)
[0]: 27 <---- 290 (0)
[0]: 27 <---- 282 (-1)
[0]: 27 <---- 287 (-3)
[0]: 28 <---- 291 (0)
[0]: 28 <---- 292 (0)
[0]: 28 <---- 293 (0)
[0]: 28 <---- 327 (0)
[0]: 28 <---- 294 (0)
[0]: 28 <---- 326 (-4)
[0]: 29 <---- 295 (0)
[0]: 29 <---- 296 (0)
[0]: 29 <---- 297 (0)
[0]: 29 <---- 298 (0)
[0]: 29 <---- 299 (0)
[0]: 29 <---- 293 (-4)
[0]: 30 <---- 300 (0)
[0]: 30 <---- 301 (0)
[0]: 30 <---- 298 (-1)
[0]: 30 <---- 302 (0)
[0]: 30 <---- 303 (0)
[0]: 30 <---- 304 (0)
[0]: 31 <---- 305 (0)
[0]: 31 <---- 306 (0)
[0]: 31 <---- 299 (-1)
[0]: 31 <---- 307 (0)
[0]: 31 <---- 308 (0)
[0]: 31 <---- 303 (-4)
[0]: 32 <---- 376 (0)
[0]: 32 <---- 291 (-4)
[0]: 32 <---- 309 (0)
[0]: 32 <---- 310 (0)
[0]: 32 <---- 311 (0)
[0]: 32 <---- 341 (-4)
[0]: 33 <---- 312 (0)
[0]: 33 <---- 295 (-4)
[0]: 33 <---- 313 (0)
[0]: 33 <---- 314 (0)
[0]: 33 <---- 315 (0)
[0]: 33 <---- 309 (-4)
[0]: 34 <---- 377 (0)
[0]: 34 <---- 328 (-4)
[0]: 34 <---- 340 (-1)
[0]: 34 <---- 316 (0)
[0]: 34 <---- 310 (-1)
[0]: 34 <---- 342 (0)
[0]: 35 <---- 317 (0)
[0]: 35 <---- 318 (0)
[0]: 35 <---- 349 (-1)
[0]: 35 <---- 319 (0)
[0]: 35 <---- 320 (0)
[0]: 35 <---- 321 (0)
[0]: 36 <---- 322 (0)
[0]: 36 <---- 323 (0)
[0]: 36 <---- 324 (0)
[0]: 36 <---- 325 (0)
[0]: 36 <---- 326 (0)
[0]: 36 <---- 320 (-4)
[0]: 37 <---- 328 (0)
[0]: 37 <---- 329 (0)
[0]: 37 <---- 325 (-1)
[0]: 37 <---- 330 (0)
[0]: 37 <---- 327 (-1)
[0]: 37 <---- 331 (0)
[0]: 38 <---- 332 (0)
[0]: 38 <---- 333 (0)
[0]: 38 <---- 334 (0)
[0]: 38 <---- 319 (-1)
[0]: 38 <---- 335 (0)
[0]: 38 <---- 331 (-3)
[0]: 39 <---- 356 (0)
[0]: 39 <---- 317 (-4)
[0]: 39 <---- 354 (-1)
[0]: 39 <---- 336 (0)
[0]: 39 <---- 337 (0)
[0]: 39 <---- 338 (0)
[0]: 40 <---- 375 (0)
[0]: 40 <---- 322 (-4)
[0]: 40 <---- 339 (0)
[0]: 40 <---- 340 (0)
[0]: 40 <---- 341 (0)
[0]: 40 <---- 337 (-4)
[0]: 41 <---- 357 (0)
[0]: 41 <---- 332 (-4)
[0]: 41 <---- 343 (0)
[0]: 41 <---- 336 (-1)
[0]: 41 <---- 344 (0)
[0]: 41 <---- 342 (-3)
[0]: 42 <---- 345 (0)
[0]: 42 <---- 346 (0)
[0]: 42 <---- 347 (0)
[0]: 42 <---- 348 (0)
[0]: 42 <---- 349 (0)
[0]: 42 <---- 350 (0)
[0]: 43 <---- 351 (0)
[0]: 43 <---- 345 (-4)
[0]: 43 <---- 352 (0)
[0]: 43 <---- 353 (0)
[0]: 43 <---- 354 (0)
[0]: 43 <---- 355 (0)
[0]: 44 <---- 358 (0)
[0]: 44 <---- 351 (-4)
[0]: 44 <---- 359 (0)
[0]: 44 <---- 360 (0)
[0]: 44 <---- 361 (0)
[0]: 44 <---- 362 (0)
[0]: 45 <---- 363 (0)
[0]: 45 <---- 356 (-4)
[0]: 45 <---- 361 (-1)
[0]: 45 <---- 364 (0)
[0]: 45 <---- 378 (0)
[0]: 45 <---- 365 (0)
[0]: 46 <---- 390 (0)
[0]: 46 <---- 357 (-4)
[0]: 46 <---- 366 (0)
[0]: 46 <---- 364 (-1)
[0]: 46 <---- 367 (0)
[0]: 46 <---- 389 (-3)
[0]: 47 <---- 368 (0)
[0]: 47 <---- 358 (-4)
[0]: 47 <---- 369 (0)
[0]: 47 <---- 370 (0)
[0]: 47 <---- 371 (0)
[0]: 47 <---- 372 (0)
[0]: 48 <---- 373 (0)
[0]: 48 <---- 363 (-4)
[0]: 48 <---- 371 (-1)
[0]: 48 <---- 391 (0)
[0]: 48 <---- 392 (0)
[0]: 48 <---- 374 (0)
[0]: 49 <---- 379 (0)
[0]: 49 <---- 375 (-4)
[0]: 49 <---- 380 (0)
[0]: 49 <---- 381 (0)
[0]: 49 <---- 382 (0)
[0]: 49 <---- 378 (-4)
[0]: 50 <---- 383 (0)
[0]: 50 <---- 376 (-4)
[0]: 50 <---- 384 (0)
[0]: 50 <---- 385 (0)
[0]: 50 <---- 386 (0)
[0]: 50 <---- 382 (-4)
[0]: 51 <---- 387 (0)
[0]: 51 <---- 377 (-4)
[0]: 51 <---- 381 (-1)
[0]: 51 <---- 388 (0)
[0]: 51 <---- 385 (-1)
[0]: 51 <---- 389 (0)
[0]: 52 <---- 393 (0)
[0]: 52 <---- 379 (-4)
[0]: 52 <---- 394 (0)
[0]: 52 <---- 395 (0)
[0]: 52 <---- 396 (0)
[0]: 52 <---- 392 (-4)
[0]: 53 <---- 397 (0)
[0]: 53 <---- 383 (-4)
[0]: 53 <---- 398 (0)
[0]: 53 <---- 399 (0)
[0]: 53 <---- 400 (0)
[0]: 53 <---- 396 (-4)
[0]: 54 <---- 401 (0)
[0]: 54 <---- 387 (-4)
[0]: 54 <---- 395 (-1)
[0]: 54 <---- 402 (0)
[0]: 54 <---- 399 (-1)
[0]: 54 <---- 403 (0)
[0]: 55 <---- 404 (0)
[0]: 55 <---- 390 (-4)
[0]: 55 <---- 405 (0)
[0]: 55 <---- 391 (-1)
[0]: 55 <---- 406 (0)
[0]: 55 <---- 403 (-3)
[0]: 181 <---- 407 (0)
[0]: 181 <---- 565 (-2)
[0]: 181 <---- 408 (0)
[0]: 181 <---- 511 (-2)
[0]: 182 <---- 516 (-2)
[0]: 182 <---- 409 (0)
[0]: 182 <---- 566 (-2)
[0]: 182 <---- 410 (0)
[0]: 183 <---- 408 (-2)
[0]: 183 <---- 568 (-2)
[0]: 183 <---- 409 (-2)
[0]: 183 <---- 521 (0)
[0]: 184 <---- 520 (0)
[0]: 184 <---- 410 (-2)
[0]: 184 <---- 554 (-2)
[0]: 184 <---- 407 (-2)
[0]: 185 <---- 433 (-2)
[0]: 185 <---- 432 (-2)
[0]: 185 <---- 564 (0)
[0]: 185 <---- 411 (0)
[0]: 186 <---- 434 (-2)
[0]: 186 <---- 411 (-2)
[0]: 186 <---- 565 (0)
[0]: 186 <---- 574 (-2)
[0]: 187 <---- 412 (0)
[0]: 187 <---- 434 (-2)
[0]: 187 <---- 413 (0)
[0]: 187 <---- 534 (-2)
[0]: 188 <---- 413 (-2)
[0]: 188 <---- 411 (-2)
[0]: 188 <---- 408 (0)
[0]: 188 <---- 540 (0)
[0]: 189 <---- 539 (0)
[0]: 189 <---- 407 (0)
[0]: 189 <---- 574 (-2)
[0]: 189 <---- 412 (-2)
[0]: 190 <---- 474 (0)
[0]: 190 <---- 414 (0)
[0]: 190 <---- 415 (0)
[0]: 190 <---- 416 (0)
[0]: 191 <---- 416 (-2)
[0]: 191 <---- 417 (0)
[0]: 191 <---- 536 (0)
[0]: 191 <---- 475 (0)
[0]: 192 <---- 414 (-2)
[0]: 192 <---- 476 (0)
[0]: 192 <---- 534 (0)
[0]: 192 <---- 418 (0)
[0]: 193 <---- 415 (-2)
[0]: 193 <---- 418 (-2)
[0]: 193 <---- 535 (0)
[0]: 193 <---- 417 (-2)
[0]: 194 <---- 419 (0)
[0]: 194 <---- 446 (-2)
[0]: 194 <---- 420 (0)
[0]: 194 <---- 414 (-2)
[0]: 195 <---- 420 (-2)
[0]: 195 <---- 447 (-2)
[0]: 195 <---- 413 (0)
[0]: 195 <---- 418 (0)
[0]: 196 <---- 476 (0)
[0]: 196 <---- 412 (0)
[0]: 196 <---- 438 (-2)
[0]: 196 <---- 419 (-2)
[0]: 197 <---- 489 (0)
[0]: 197 <---- 421 (0)
[0]: 197 <---- 422 (0)
[0]: 197 <---- 423 (0)
[0]: 198 <---- 423 (-2)
[0]: 198 <---- 424 (0)
[0]: 198 <---- 416 (0)
[0]: 198 <---- 490 (0)
[0]: 199 <---- 421 (-2)
[0]: 199 <---- 491 (0)
[0]: 199 <---- 414 (0)
[0]: 199 <---- 425 (0)
[0]: 200 <---- 422 (-2)
[0]: 200 <---- 425 (-2)
[0]: 200 <---- 415 (0)
[0]: 200 <---- 424 (-2)
[0]: 201 <---- 426 (0)
[0]: 201 <---- 459 (-2)
[0]: 201 <---- 427 (0)
[0]: 201 <---- 421 (-2)
[0]: 202 <---- 427 (-2)
[0]: 202 <---- 460 (-2)
[0]: 202 <---- 420 (0)
[0]: 202 <---- 425 (0)
[0]: 203 <---- 491 (0)
[0]: 203 <---- 419 (0)
[0]: 203 <---- 451 (-2)
[0]: 203 <---- 426 (-2)
[0]: 204 <---- 428 (0)
[0]: 204 <---- 429 (0)
[0]: 204 <---- 430 (0)
[0]: 204 <---- 571 (-2)
[0]: 205 <---- 429 (-2)
[0]: 205 <---- 431 (0)
[0]: 205 <---- 557 (0)
[0]: 205 <---- 432 (0)
[0]: 206 <---- 430 (-2)
[0]: 206 <---- 432 (-2)
[0]: 206 <---- 558 (0)
[0]: 206 <---- 575 (0)
[0]: 207 <---- 569 (0)
[0]: 207 <---- 556 (0)
[0]: 207 <---- 431 (-2)
[0]: 207 <---- 428 (-2)
[0]: 208 <---- 430 (-2)
[0]: 208 <---- 433 (0)
[0]: 208 <---- 434 (0)
[0]: 208 <---- 572 (-2)
[0]: 209 <---- 673 (-2)
[0]: 209 <---- 435 (0)
[0]: 209 <---- 436 (0)
[0]: 209 <---- 437 (0)
[0]: 210 <---- 437 (-2)
[0]: 210 <---- 438 (0)
[0]: 210 <---- 573 (0)
[0]: 210 <---- 669 (-2)
[0]: 211 <---- 435 (-2)
[0]: 211 <---- 674 (0)
[0]: 211 <---- 571 (0)
[0]: 211 <---- 439 (0)
[0]: 212 <---- 436 (-2)
[0]: 212 <---- 439 (-2)
[0]: 212 <---- 572 (0)
[0]: 212 <---- 438 (-2)
[0]: 213 <---- 440 (0)
[0]: 213 <---- 441 (0)
[0]: 213 <---- 442 (0)
[0]: 213 <---- 435 (-2)
[0]: 214 <---- 441 (-2)
[0]: 214 <---- 443 (0)
[0]: 214 <---- 429 (0)
[0]: 214 <---- 444 (0)
[0]: 215 <---- 442 (-2)
[0]: 215 <---- 444 (-2)
[0]: 215 <---- 430 (0)
[0]: 215 <---- 439 (0)
[0]: 216 <---- 674 (0)
[0]: 216 <---- 428 (0)
[0]: 216 <---- 443 (-2)
[0]: 216 <---- 440 (-2)
[0]: 217 <---- 442 (-2)
[0]: 217 <---- 445 (0)
[0]: 217 <---- 446 (0)
[0]: 217 <---- 436 (-2)
[0]: 218 <---- 445 (-2)
[0]: 218 <---- 444 (-2)
[0]: 218 <---- 433 (0)
[0]: 218 <---- 447 (0)
[0]: 219 <---- 446 (-2)
[0]: 219 <---- 447 (-2)
[0]: 219 <---- 434 (0)
[0]: 219 <---- 438 (-2)
[0]: 220 <---- 693 (-2)
[0]: 220 <---- 448 (0)
[0]: 220 <---- 449 (0)
[0]: 220 <---- 450 (0)
[0]: 221 <---- 450 (-2)
[0]: 221 <---- 451 (0)
[0]: 221 <---- 437 (0)
[0]: 221 <---- 689 (-2)
[0]: 222 <---- 448 (-2)
[0]: 222 <---- 694 (0)
[0]: 222 <---- 435 (0)
[0]: 222 <---- 452 (0)
[0]: 223 <---- 449 (-2)
[0]: 223 <---- 452 (-2)
[0]: 223 <---- 436 (0)
[0]: 223 <---- 451 (-2)
[0]: 224 <---- 453 (0)
[0]: 224 <---- 454 (0)
[0]: 224 <---- 455 (0)
[0]: 224 <---- 448 (-2)
[0]: 225 <---- 454 (-2)
[0]: 225 <---- 456 (0)
[0]: 225 <---- 441 (0)
[0]: 225 <---- 457 (0)
[0]: 226 <---- 455 (-2)
[0]: 226 <---- 457 (-2)
[0]: 226 <---- 442 (0)
[0]: 226 <---- 452 (0)
[0]: 227 <---- 694 (0)
[0]: 227 <---- 440 (0)
[0]: 227 <---- 456 (-2)
[0]: 227 <---- 453 (-2)
[0]: 228 <---- 455 (-2)
[0]: 228 <---- 458 (0)
[0]: 228 <---- 459 (0)
[0]: 228 <---- 449 (-2)
[0]: 229 <---- 458 (-2)
[0]: 229 <---- 457 (-2)
[0]: 229 <---- 445 (0)
[0]: 229 <---- 460 (0)
[0]: 230 <---- 459 (-2)
[0]: 230 <---- 460 (-2)
[0]: 230 <---- 446 (0)
[0]: 230 <---- 451 (-2)
[0]: 231 <---- 623 (-2)
[0]: 231 <---- 526 (0)
[0]: 231 <---- 461 (0)
[0]: 231 <---- 462 (0)
[0]: 232 <---- 462 (-2)
[0]: 232 <---- 463 (0)
[0]: 232 <---- 496 (0)
[0]: 232 <---- 629 (-2)
[0]: 233 <---- 461 (-2)
[0]: 233 <---- 527 (-2)
[0]: 233 <---- 495 (0)
[0]: 233 <---- 463 (-2)
[0]: 234 <---- 635 (-2)
[0]: 234 <---- 464 (0)
[0]: 234 <---- 465 (0)
[0]: 234 <---- 466 (0)
[0]: 235 <---- 466 (-2)
[0]: 235 <---- 467 (0)
[0]: 235 <---- 462 (0)
[0]: 235 <---- 640 (-2)
[0]: 236 <---- 464 (-2)
[0]: 236 <---- 639 (-2)
[0]: 236 <---- 526 (0)
[0]: 236 <---- 468 (0)
[0]: 237 <---- 465 (-2)
[0]: 237 <---- 468 (-2)
[0]: 237 <---- 461 (0)
[0]: 237 <---- 467 (-2)
[0]: 238 <---- 464 (-2)
[0]: 238 <---- 469 (0)
[0]: 238 <---- 470 (0)
[0]: 238 <---- 471 (0)
[0]: 239 <---- 471 (-2)
[0]: 239 <---- 472 (0)
[0]: 239 <---- 530 (0)
[0]: 239 <---- 468 (0)
[0]: 240 <---- 469 (-2)
[0]: 240 <---- 639 (-2)
[0]: 240 <---- 528 (0)
[0]: 240 <---- 473 (0)
[0]: 241 <---- 470 (-2)
[0]: 241 <---- 473 (-2)
[0]: 241 <---- 529 (0)
[0]: 241 <---- 472 (-2)
[0]: 242 <---- 475 (-2)
[0]: 242 <---- 533 (0)
[0]: 242 <---- 476 (-2)
[0]: 242 <---- 474 (-2)
[0]: 243 <---- 474 (-2)
[0]: 243 <---- 477 (0)
[0]: 243 <---- 470 (-2)
[0]: 243 <---- 478 (0)
[0]: 244 <---- 478 (-2)
[0]: 244 <---- 473 (-2)
[0]: 244 <---- 542 (0)
[0]: 244 <---- 476 (-2)
[0]: 245 <---- 477 (-2)
[0]: 245 <---- 475 (-2)
[0]: 245 <---- 541 (0)
[0]: 245 <---- 472 (-2)
[0]: 246 <---- 645 (-2)
[0]: 246 <---- 479 (0)
[0]: 246 <---- 480 (0)
[0]: 246 <---- 481 (0)
[0]: 247 <---- 481 (-2)
[0]: 247 <---- 482 (0)
[0]: 247 <---- 466 (0)
[0]: 247 <---- 650 (-2)
[0]: 248 <---- 479 (-2)
[0]: 248 <---- 649 (-2)
[0]: 248 <---- 464 (0)
[0]: 248 <---- 483 (0)
[0]: 249 <---- 480 (-2)
[0]: 249 <---- 483 (-2)
[0]: 249 <---- 465 (0)
[0]: 249 <---- 482 (-2)
[0]: 250 <---- 479 (-2)
[0]: 250 <---- 484 (0)
[0]: 250 <---- 485 (0)
[0]: 250 <---- 486 (0)
[0]: 251 <---- 486 (-2)
[0]: 251 <---- 487 (0)
[0]: 251 <---- 471 (0)
[0]: 251 <---- 483 (0)
[0]: 252 <---- 484 (-2)
[0]: 252 <---- 649 (-2)
[0]: 252 <---- 469 (0)
[0]: 252 <---- 488 (0)
[0]: 253 <---- 485 (-2)
[0]: 253 <---- 488 (-2)
[0]: 253 <---- 470 (0)
[0]: 253 <---- 487 (-2)
[0]: 254 <---- 490 (-2)
[0]: 254 <---- 474 (0)
[0]: 254 <---- 491 (-2)
[0]: 254 <---- 489 (-2)
[0]: 255 <---- 489 (-2)
[0]: 255 <---- 492 (0)
[0]: 255 <---- 485 (-2)
[0]: 255 <---- 493 (0)
[0]: 256 <---- 493 (-2)
[0]: 256 <---- 488 (-2)
[0]: 256 <---- 478 (0)
[0]: 256 <---- 491 (-2)
[0]: 257 <---- 492 (-2)
[0]: 257 <---- 490 (-2)
[0]: 257 <---- 477 (0)
[0]: 257 <---- 487 (-2)
[0]: 258 <---- 611 (-2)
[0]: 258 <---- 494 (0)
[0]: 258 <---- 495 (0)
[0]: 258 <---- 496 (0)
[0]: 259 <---- 497 (0)
[0]: 259 <---- 498 (0)
[0]: 259 <---- 499 (0)
[0]: 259 <---- 618 (-2)
[0]: 260 <---- 496 (-2)
[0]: 260 <---- 500 (0)
[0]: 260 <---- 497 (-2)
[0]: 260 <---- 621 (-2)
[0]: 261 <---- 494 (-2)
[0]: 261 <---- 620 (-2)
[0]: 261 <---- 499 (-2)
[0]: 261 <---- 501 (0)
[0]: 262 <---- 495 (-2)
[0]: 262 <---- 501 (-2)
[0]: 262 <---- 498 (-2)
[0]: 262 <---- 500 (-2)
[0]: 263 <---- 494 (-2)
[0]: 263 <---- 502 (0)
[0]: 263 <---- 503 (0)
[0]: 263 <---- 504 (0)
[0]: 264 <---- 505 (0)
[0]: 264 <---- 506 (0)
[0]: 264 <---- 507 (0)
[0]: 264 <---- 499 (-2)
[0]: 265 <---- 504 (-2)
[0]: 265 <---- 508 (0)
[0]: 265 <---- 505 (-2)
[0]: 265 <---- 501 (0)
[0]: 266 <---- 502 (-2)
[0]: 266 <---- 620 (-2)
[0]: 266 <---- 507 (-2)
[0]: 266 <---- 509 (0)
[0]: 267 <---- 503 (-2)
[0]: 267 <---- 509 (-2)
[0]: 267 <---- 506 (-2)
[0]: 267 <---- 508 (-2)
[0]: 268 <---- 510 (0)
[0]: 268 <---- 511 (0)
[0]: 268 <---- 512 (0)
[0]: 268 <---- 513 (0)
[0]: 269 <---- 514 (0)
[0]: 269 <---- 515 (0)
[0]: 269 <---- 516 (0)
[0]: 269 <---- 517 (0)
[0]: 270 <---- 513 (-2)
[0]: 270 <---- 518 (0)
[0]: 270 <---- 514 (-2)
[0]: 270 <---- 519 (0)
[0]: 271 <---- 511 (-2)
[0]: 271 <---- 520 (0)
[0]: 271 <---- 516 (-2)
[0]: 271 <---- 521 (0)
[0]: 272 <---- 512 (-2)
[0]: 272 <---- 521 (-2)
[0]: 272 <---- 515 (-2)
[0]: 272 <---- 518 (-2)
[0]: 273 <---- 519 (-2)
[0]: 273 <---- 517 (-2)
[0]: 273 <---- 520 (-2)
[0]: 273 <---- 510 (-2)
[0]: 274 <---- 510 (-2)
[0]: 274 <---- 522 (0)
[0]: 274 <---- 503 (-2)
[0]: 274 <---- 523 (0)
[0]: 275 <---- 524 (0)
[0]: 275 <---- 506 (-2)
[0]: 275 <---- 525 (0)
[0]: 275 <---- 517 (-2)
[0]: 276 <---- 523 (-2)
[0]: 276 <---- 509 (-2)
[0]: 276 <---- 524 (-2)
[0]: 276 <---- 520 (-2)
[0]: 277 <---- 522 (-2)
[0]: 277 <---- 519 (-2)
[0]: 277 <---- 525 (-2)
[0]: 277 <---- 508 (-2)
[0]: 278 <---- 526 (-2)
[0]: 278 <---- 628 (-2)
[0]: 278 <---- 494 (0)
[0]: 278 <---- 527 (0)
[0]: 279 <---- 526 (-2)
[0]: 279 <---- 528 (0)
[0]: 279 <---- 529 (0)
[0]: 279 <---- 530 (0)
[0]: 280 <---- 530 (-2)
[0]: 280 <---- 531 (0)
[0]: 280 <---- 504 (0)
[0]: 280 <---- 527 (0)
[0]: 281 <---- 528 (-2)
[0]: 281 <---- 628 (-2)
[0]: 281 <---- 502 (0)
[0]: 281 <---- 532 (0)
[0]: 282 <---- 529 (-2)
[0]: 282 <---- 532 (-2)
[0]: 282 <---- 503 (0)
[0]: 282 <---- 531 (-2)
[0]: 283 <---- 533 (0)
[0]: 283 <---- 534 (0)
[0]: 283 <---- 535 (0)
[0]: 283 <---- 536 (0)
[0]: 284 <---- 536 (-2)
[0]: 284 <---- 537 (0)
[0]: 284 <---- 513 (0)
[0]: 284 <---- 538 (0)
[0]: 285 <---- 534 (-2)
[0]: 285 <---- 539 (0)
[0]: 285 <---- 511 (0)
[0]: 285 <---- 540 (0)
[0]: 286 <---- 535 (-2)
[0]: 286 <---- 540 (-2)
[0]: 286 <---- 512 (0)
[0]: 286 <---- 537 (-2)
[0]: 287 <---- 538 (-2)
[0]: 287 <---- 510 (0)
[0]: 287 <---- 539 (-2)
[0]: 287 <---- 533 (-2)
[0]: 288 <---- 533 (-2)
[0]: 288 <---- 541 (0)
[0]: 288 <---- 529 (-2)
[0]: 288 <---- 542 (0)
[0]: 289 <---- 542 (-2)
[0]: 289 <---- 532 (-2)
[0]: 289 <---- 523 (0)
[0]: 289 <---- 539 (-2)
[0]: 290 <---- 541 (-2)
[0]: 290 <---- 538 (-2)
[0]: 290 <---- 522 (0)
[0]: 290 <---- 531 (-2)
[0]: 291 <---- 585 (-2)
[0]: 291 <---- 592 (0)
[0]: 291 <---- 543 (0)
[0]: 291 <---- 544 (0)
[0]: 292 <---- 545 (0)
[0]: 292 <---- 546 (0)
[0]: 292 <---- 593 (0)
[0]: 292 <---- 588 (-2)
[0]: 293 <---- 544 (-2)
[0]: 293 <---- 547 (0)
[0]: 293 <---- 545 (-2)
[0]: 293 <---- 590 (-2)
[0]: 294 <---- 543 (-2)
[0]: 294 <---- 594 (-2)
[0]: 294 <---- 546 (-2)
[0]: 294 <---- 547 (-2)
[0]: 295 <---- 544 (-2)
[0]: 295 <---- 548 (0)
[0]: 295 <---- 549 (0)
[0]: 295 <---- 550 (0)
[0]: 296 <---- 551 (0)
[0]: 296 <---- 552 (0)
[0]: 296 <---- 553 (0)
[0]: 296 <---- 545 (-2)
[0]: 297 <---- 550 (-2)
[0]: 297 <---- 554 (0)
[0]: 297 <---- 551 (-2)
[0]: 297 <---- 590 (-2)
[0]: 298 <---- 548 (-2)
[0]: 298 <---- 547 (0)
[0]: 298 <---- 553 (-2)
[0]: 298 <---- 555 (0)
[0]: 299 <---- 549 (-2)
[0]: 299 <---- 555 (-2)
[0]: 299 <---- 552 (-2)
[0]: 299 <---- 554 (-2)
[0]: 300 <---- 556 (0)
[0]: 300 <---- 557 (0)
[0]: 300 <---- 558 (0)
[0]: 300 <---- 548 (-2)
[0]: 301 <---- 553 (-2)
[0]: 301 <---- 559 (0)
[0]: 301 <---- 560 (0)
[0]: 301 <---- 561 (0)
[0]: 302 <---- 557 (-2)
[0]: 302 <---- 562 (0)
[0]: 302 <---- 560 (-2)
[0]: 302 <---- 563 (0)
[0]: 303 <---- 558 (-2)
[0]: 303 <---- 563 (-2)
[0]: 303 <---- 559 (-2)
[0]: 303 <---- 555 (0)
[0]: 304 <---- 547 (0)
[0]: 304 <---- 561 (-2)
[0]: 304 <---- 562 (-2)
[0]: 304 <---- 556 (-2)
[0]: 305 <---- 558 (-2)
[0]: 305 <---- 564 (0)
[0]: 305 <---- 565 (0)
[0]: 305 <---- 549 (-2)
[0]: 306 <---- 552 (-2)
[0]: 306 <---- 566 (0)
[0]: 306 <---- 567 (0)
[0]: 306 <---- 559 (-2)
[0]: 307 <---- 564 (-2)
[0]: 307 <---- 563 (-2)
[0]: 307 <---- 567 (-2)
[0]: 307 <---- 568 (0)
[0]: 308 <---- 565 (-2)
[0]: 308 <---- 568 (-2)
[0]: 308 <---- 566 (-2)
[0]: 308 <---- 554 (-2)
[0]: 309 <---- 659 (-2)
[0]: 309 <---- 569 (0)
[0]: 309 <---- 544 (0)
[0]: 309 <---- 607 (-2)
[0]: 310 <---- 657 (-2)
[0]: 310 <---- 608 (-2)
[0]: 310 <---- 592 (0)
[0]: 310 <---- 570 (0)
[0]: 311 <---- 658 (-2)
[0]: 311 <---- 570 (-2)
[0]: 311 <---- 543 (0)
[0]: 311 <---- 569 (-2)
[0]: 312 <---- 659 (-2)
[0]: 312 <---- 571 (0)
[0]: 312 <---- 572 (0)
[0]: 312 <---- 573 (0)
[0]: 313 <---- 573 (-2)
[0]: 313 <---- 574 (0)
[0]: 313 <---- 550 (0)
[0]: 313 <---- 607 (-2)
[0]: 314 <---- 571 (-2)
[0]: 314 <---- 569 (0)
[0]: 314 <---- 548 (0)
[0]: 314 <---- 575 (0)
[0]: 315 <---- 572 (-2)
[0]: 315 <---- 575 (-2)
[0]: 315 <---- 549 (0)
[0]: 315 <---- 574 (-2)
[0]: 316 <---- 661 (-2)
[0]: 316 <---- 609 (0)
[0]: 316 <---- 596 (0)
[0]: 316 <---- 570 (0)
[0]: 317 <---- 576 (0)
[0]: 317 <---- 577 (0)
[0]: 317 <---- 578 (0)
[0]: 317 <---- 613 (-2)
[0]: 318 <---- 616 (-2)
[0]: 318 <---- 579 (0)
[0]: 318 <---- 580 (0)
[0]: 318 <---- 581 (0)
[0]: 319 <---- 577 (-2)
[0]: 319 <---- 582 (0)
[0]: 319 <---- 580 (-2)
[0]: 319 <---- 583 (0)
[0]: 320 <---- 578 (-2)
[0]: 320 <---- 583 (-2)
[0]: 320 <---- 579 (-2)
[0]: 320 <---- 619 (-2)
[0]: 321 <---- 622 (-2)
[0]: 321 <---- 581 (-2)
[0]: 321 <---- 582 (-2)
[0]: 321 <---- 576 (-2)
[0]: 322 <---- 578 (-2)
[0]: 322 <---- 584 (0)
[0]: 322 <---- 585 (0)
[0]: 322 <---- 586 (0)
[0]: 323 <---- 587 (0)
[0]: 323 <---- 588 (0)
[0]: 323 <---- 589 (0)
[0]: 323 <---- 579 (-2)
[0]: 324 <---- 586 (-2)
[0]: 324 <---- 590 (0)
[0]: 324 <---- 587 (-2)
[0]: 324 <---- 619 (-2)
[0]: 325 <---- 584 (-2)
[0]: 325 <---- 583 (-2)
[0]: 325 <---- 589 (-2)
[0]: 325 <---- 591 (0)
[0]: 326 <---- 585 (-2)
[0]: 326 <---- 591 (-2)
[0]: 326 <---- 588 (-2)
[0]: 326 <---- 590 (-2)
[0]: 327 <---- 592 (-2)
[0]: 327 <---- 591 (-2)
[0]: 327 <---- 593 (-2)
[0]: 327 <---- 594 (0)
[0]: 328 <---- 595 (0)
[0]: 328 <---- 596 (0)
[0]: 328 <---- 592 (-2)
[0]: 328 <---- 584 (-2)
[0]: 329 <---- 589 (-2)
[0]: 329 <---- 593 (-2)
[0]: 329 <---- 597 (0)
[0]: 329 <---- 598 (0)
[0]: 330 <---- 596 (-2)
[0]: 330 <---- 599 (0)
[0]: 330 <---- 597 (-2)
[0]: 330 <---- 594 (0)
[0]: 331 <---- 583 (-2)
[0]: 331 <---- 598 (-2)
[0]: 331 <---- 599 (-2)
[0]: 331 <---- 595 (-2)
[0]: 332 <---- 595 (-2)
[0]: 332 <---- 577 (-2)
[0]: 332 <---- 600 (0)
[0]: 332 <---- 601 (0)
[0]: 333 <---- 602 (0)
[0]: 333 <---- 603 (0)
[0]: 333 <---- 580 (-2)
[0]: 333 <---- 598 (-2)
[0]: 334 <---- 601 (-2)
[0]: 334 <---- 604 (0)
[0]: 334 <---- 602 (-2)
[0]: 334 <---- 599 (-2)
[0]: 335 <---- 600 (-2)
[0]: 335 <---- 582 (0)
[0]: 335 <---- 603 (-2)
[0]: 335 <---- 604 (-2)
[0]: 336 <---- 632 (-2)
[0]: 336 <---- 605 (0)
[0]: 336 <---- 577 (0)
[0]: 336 <---- 606 (0)
[0]: 337 <---- 653 (-2)
[0]: 337 <---- 606 (-2)
[0]: 337 <---- 578 (0)
[0]: 337 <---- 627 (-2)
[0]: 338 <---- 630 (-2)
[0]: 338 <---- 576 (0)
[0]: 338 <---- 605 (-2)
[0]: 338 <---- 631 (-2)
[0]: 339 <---- 656 (-2)
[0]: 339 <---- 607 (0)
[0]: 339 <---- 586 (0)
[0]: 339 <---- 627 (-2)
[0]: 340 <---- 654 (-2)
[0]: 340 <---- 606 (-2)
[0]: 340 <---- 584 (0)
[0]: 340 <---- 608 (0)
[0]: 341 <---- 655 (-2)
[0]: 341 <---- 608 (-2)
[0]: 341 <---- 585 (0)
[0]: 341 <---- 607 (-2)
[0]: 342 <---- 606 (-2)
[0]: 342 <---- 595 (0)
[0]: 342 <---- 609 (-2)
[0]: 342 <---- 660 (-2)
[0]: 343 <---- 634 (-2)
[0]: 343 <---- 610 (0)
[0]: 343 <---- 601 (0)
[0]: 343 <---- 609 (-2)
[0]: 344 <---- 633 (-2)
[0]: 344 <---- 605 (0)
[0]: 344 <---- 600 (0)
[0]: 344 <---- 610 (-2)
[0]: 345 <---- 611 (0)
[0]: 345 <---- 612 (0)
[0]: 345 <---- 613 (0)
[0]: 345 <---- 614 (0)
[0]: 346 <---- 615 (0)
[0]: 346 <---- 616 (0)
[0]: 346 <---- 617 (0)
[0]: 346 <---- 618 (0)
[0]: 347 <---- 614 (-2)
[0]: 347 <---- 619 (0)
[0]: 347 <---- 615 (-2)
[0]: 347 <---- 620 (0)
[0]: 348 <---- 612 (-2)
[0]: 348 <---- 621 (0)
[0]: 348 <---- 617 (-2)
[0]: 348 <---- 622 (0)
[0]: 349 <---- 613 (-2)
[0]: 349 <---- 622 (-2)
[0]: 349 <---- 616 (-2)
[0]: 349 <---- 619 (-2)
[0]: 350 <---- 620 (-2)
[0]: 350 <---- 618 (-2)
[0]: 350 <---- 621 (-2)
[0]: 350 <---- 611 (-2)
[0]: 351 <---- 623 (0)
[0]: 351 <---- 624 (0)
[0]: 351 <---- 625 (0)
[0]: 351 <---- 626 (0)
[0]: 352 <---- 626 (-2)
[0]: 352 <---- 627 (0)
[0]: 352 <---- 614 (0)
[0]: 352 <---- 628 (0)
[0]: 353 <---- 624 (-2)
[0]: 353 <---- 629 (0)
[0]: 353 <---- 612 (0)
[0]: 353 <---- 630 (0)
[0]: 354 <---- 625 (-2)
[0]: 354 <---- 630 (-2)
[0]: 354 <---- 613 (0)
[0]: 354 <---- 627 (-2)
[0]: 355 <---- 628 (-2)
[0]: 355 <---- 611 (0)
[0]: 355 <---- 629 (-2)
[0]: 355 <---- 623 (-2)
[0]: 356 <---- 631 (0)
[0]: 356 <---- 632 (0)
[0]: 356 <---- 653 (0)
[0]: 356 <---- 625 (-2)
[0]: 357 <---- 660 (-2)
[0]: 357 <---- 632 (-2)
[0]: 357 <---- 633 (0)
[0]: 357 <---- 634 (0)
[0]: 358 <---- 635 (0)
[0]: 358 <---- 636 (0)
[0]: 358 <---- 637 (0)
[0]: 358 <---- 638 (0)
[0]: 359 <---- 638 (-2)
[0]: 359 <---- 662 (0)
[0]: 359 <---- 626 (0)
[0]: 359 <---- 639 (0)
[0]: 360 <---- 636 (-2)
[0]: 360 <---- 640 (0)
[0]: 360 <---- 624 (0)
[0]: 360 <---- 641 (0)
[0]: 361 <---- 637 (-2)
[0]: 361 <---- 641 (-2)
[0]: 361 <---- 625 (0)
[0]: 361 <---- 662 (-2)
[0]: 362 <---- 639 (-2)
[0]: 362 <---- 623 (0)
[0]: 362 <---- 640 (-2)
[0]: 362 <---- 635 (-2)
[0]: 363 <---- 642 (0)
[0]: 363 <---- 663 (0)
[0]: 363 <---- 664 (0)
[0]: 363 <---- 637 (-2)
[0]: 364 <---- 663 (-2)
[0]: 364 <---- 643 (0)
[0]: 364 <---- 632 (0)
[0]: 364 <---- 665 (0)
[0]: 365 <---- 641 (-2)
[0]: 365 <---- 631 (0)
[0]: 365 <---- 643 (-2)
[0]: 365 <---- 642 (-2)
[0]: 366 <---- 680 (-2)
[0]: 366 <---- 644 (0)
[0]: 366 <---- 634 (0)
[0]: 366 <---- 678 (-2)
[0]: 367 <---- 679 (-2)
[0]: 367 <---- 643 (0)
[0]: 367 <---- 633 (0)
[0]: 367 <---- 644 (-2)
[0]: 368 <---- 645 (0)
[0]: 368 <---- 646 (0)
[0]: 368 <---- 647 (0)
[0]: 368 <---- 648 (0)
[0]: 369 <---- 648 (-2)
[0]: 369 <---- 681 (0)
[0]: 369 <---- 638 (0)
[0]: 369 <---- 649 (0)
[0]: 370 <---- 646 (-2)
[0]: 370 <---- 650 (0)
[0]: 370 <---- 636 (0)
[0]: 370 <---- 651 (0)
[0]: 371 <---- 647 (-2)
[0]: 371 <---- 651 (-2)
[0]: 371 <---- 637 (0)
[0]: 371 <---- 681 (-2)
[0]: 372 <---- 649 (-2)
[0]: 372 <---- 635 (0)
[0]: 372 <---- 650 (-2)
[0]: 372 <---- 645 (-2)
[0]: 373 <---- 652 (0)
[0]: 373 <---- 682 (0)
[0]: 373 <---- 683 (0)
[0]: 373 <---- 647 (-2)
[0]: 374 <---- 651 (-2)
[0]: 374 <---- 642 (0)
[0]: 374 <---- 684 (-2)
[0]: 374 <---- 652 (-2)
[0]: 375 <---- 653 (-2)
[0]: 375 <---- 654 (0)
[0]: 375 <---- 655 (0)
[0]: 375 <---- 656 (0)
[0]: 376 <---- 655 (-2)
[0]: 376 <---- 657 (0)
[0]: 376 <---- 658 (0)
[0]: 376 <---- 659 (0)
[0]: 377 <---- 660 (0)
[0]: 377 <---- 661 (0)
[0]: 377 <---- 657 (-2)
[0]: 377 <---- 654 (-2)
[0]: 378 <---- 664 (-2)
[0]: 378 <---- 665 (-2)
[0]: 378 <---- 653 (0)
[0]: 378 <---- 662 (-2)
[0]: 379 <---- 664 (-2)
[0]: 379 <---- 666 (0)
[0]: 379 <---- 667 (0)
[0]: 379 <---- 668 (0)
[0]: 380 <---- 668 (-2)
[0]: 380 <---- 669 (0)
[0]: 380 <---- 656 (0)
[0]: 380 <---- 662 (-2)
[0]: 381 <---- 666 (-2)
[0]: 381 <---- 665 (-2)
[0]: 381 <---- 654 (0)
[0]: 381 <---- 670 (0)
[0]: 382 <---- 667 (-2)
[0]: 382 <---- 670 (-2)
[0]: 382 <---- 655 (0)
[0]: 382 <---- 669 (-2)
[0]: 383 <---- 667 (-2)
[0]: 383 <---- 671 (0)
[0]: 383 <---- 672 (0)
[0]: 383 <---- 673 (0)
[0]: 384 <---- 673 (-2)
[0]: 384 <---- 674 (0)
[0]: 384 <---- 659 (0)
[0]: 384 <---- 669 (-2)
[0]: 385 <---- 671 (-2)
[0]: 385 <---- 670 (-2)
[0]: 385 <---- 657 (0)
[0]: 385 <---- 675 (0)
[0]: 386 <---- 672 (-2)
[0]: 386 <---- 675 (-2)
[0]: 386 <---- 658 (0)
[0]: 386 <---- 674 (-2)
[0]: 387 <---- 676 (0)
[0]: 387 <---- 677 (0)
[0]: 387 <---- 671 (-2)
[0]: 387 <---- 666 (-2)
[0]: 388 <---- 677 (-2)
[0]: 388 <---- 678 (0)
[0]: 388 <---- 661 (0)
[0]: 388 <---- 675 (0)
[0]: 389 <---- 665 (-2)
[0]: 389 <---- 660 (0)
[0]: 389 <---- 678 (-2)
[0]: 389 <---- 676 (-2)
[0]: 390 <---- 676 (-2)
[0]: 390 <---- 663 (-2)
[0]: 390 <---- 679 (0)
[0]: 390 <---- 680 (0)
[0]: 391 <---- 682 (-2)
[0]: 391 <---- 684 (0)
[0]: 391 <---- 663 (0)
[0]: 391 <---- 685 (0)
[0]: 392 <---- 683 (-2)
[0]: 392 <---- 685 (-2)
[0]: 392 <---- 664 (0)
[0]: 392 <---- 681 (-2)
[0]: 393 <---- 683 (-2)
[0]: 393 <---- 686 (0)
[0]: 393 <---- 687 (0)
[0]: 393 <---- 688 (0)
[0]: 394 <---- 688 (-2)
[0]: 394 <---- 689 (0)
[0]: 394 <---- 668 (0)
[0]: 394 <---- 681 (-2)
[0]: 395 <---- 686 (-2)
[0]: 395 <---- 685 (-2)
[0]: 395 <---- 666 (0)
[0]: 395 <---- 690 (0)
[0]: 396 <---- 687 (-2)
[0]: 396 <---- 690 (-2)
[0]: 396 <---- 667 (0)
[0]: 396 <---- 689 (-2)
[0]: 397 <---- 687 (-2)
[0]: 397 <---- 691 (0)
[0]: 397 <---- 692 (0)
[0]: 397 <---- 693 (0)
[0]: 398 <---- 693 (-2)
[0]: 398 <---- 694 (0)
[0]: 398 <---- 673 (0)
[0]: 398 <---- 689 (-2)
[0]: 399 <---- 691 (-2)
[0]: 399 <---- 690 (-2)
[0]: 399 <---- 671 (0)
[0]: 399 <---- 695 (0)
[0]: 400 <---- 692 (-2)
[0]: 400 <---- 695 (-2)
[0]: 400 <---- 672 (0)
[0]: 400 <---- 694 (-2)
[0]: 401 <---- 696 (0)
[0]: 401 <---- 697 (0)
[0]: 401 <---- 691 (-2)
[0]: 401 <---- 686 (-2)
[0]: 402 <---- 697 (-2)
[0]: 402 <---- 698 (0)
[0]: 402 <---- 677 (0)
[0]: 402 <---- 695 (0)
[0]: 403 <---- 685 (-2)
[0]: 403 <---- 676 (0)
[0]: 403 <---- 698 (-2)
[0]: 403 <---- 696 (-2)
[0]: 404 <---- 696 (-2)
[0]: 404 <---- 682 (-2)
[0]: 404 <---- 699 (0)
[0]: 404 <---- 700 (0)
[0]: 405 <---- 700 (-2)
[0]: 405 <---- 701 (0)
[0]: 405 <---- 680 (0)
[0]: 405 <---- 698 (-2)
[0]: 406 <---- 699 (-2)
[0]: 406 <---- 684 (0)
[0]: 406 <---- 679 (0)
[0]: 406 <---- 701 (-2)
[0]: 407 <---- 97 (0)
[0]: 407 <---- 111 (0)
[0]: 408 <---- 119 (0)
[0]: 408 <---- 96 (0)
[0]: 409 <---- 100 (0)
[0]: 409 <---- 120 (0)
[0]: 410 <---- 113 (0)
[0]: 410 <---- 101 (0)
[0]: 411 <---- 119 (0)
[0]: 411 <---- 62 (0)
[0]: 412 <---- 108 (0)
[0]: 412 <---- 121 (0)
[0]: 413 <---- 62 (0)
[0]: 413 <---- 107 (0)
[0]: 414 <---- 79 (0)
[0]: 414 <---- 57 (0)
[0]: 415 <---- 57 (0)
[0]: 415 <---- 56 (0)
[0]: 416 <---- 56 (0)
[0]: 416 <---- 78 (0)
[0]: 417 <---- 56 (0)
[0]: 417 <---- 106 (0)
[0]: 418 <---- 107 (0)
[0]: 418 <---- 57 (0)
[0]: 419 <---- 79 (0)
[0]: 419 <---- 63 (0)
[0]: 420 <---- 67 (0)
[0]: 420 <---- 57 (0)
[0]: 421 <---- 85 (0)
[0]: 421 <---- 59 (0)
[0]: 422 <---- 59 (0)
[0]: 422 <---- 58 (0)
[0]: 423 <---- 58 (0)
[0]: 423 <---- 84 (0)
[0]: 424 <---- 58 (0)
[0]: 424 <---- 56 (0)
[0]: 425 <---- 57 (0)
[0]: 425 <---- 59 (0)
[0]: 426 <---- 85 (0)
[0]: 426 <---- 68 (0)
[0]: 427 <---- 72 (0)
[0]: 427 <---- 59 (0)
[0]: 428 <---- 160 (0)
[0]: 428 <---- 61 (0)
[0]: 429 <---- 61 (0)
[0]: 429 <---- 60 (0)
[0]: 430 <---- 60 (0)
[0]: 430 <---- 122 (0)
[0]: 431 <---- 61 (0)
[0]: 431 <---- 116 (0)
[0]: 432 <---- 115 (0)
[0]: 432 <---- 60 (0)
[0]: 433 <---- 60 (0)
[0]: 433 <---- 62 (0)
[0]: 434 <---- 62 (0)
[0]: 434 <---- 121 (0)
[0]: 435 <---- 168 (0)
[0]: 435 <---- 64 (0)
[0]: 436 <---- 64 (0)
[0]: 436 <---- 63 (0)
[0]: 437 <---- 63 (0)
[0]: 437 <---- 166 (0)
[0]: 438 <---- 63 (0)
[0]: 438 <---- 121 (0)
[0]: 439 <---- 122 (0)
[0]: 439 <---- 64 (0)
[0]: 440 <---- 168 (0)
[0]: 440 <---- 66 (0)
[0]: 441 <---- 66 (0)
[0]: 441 <---- 65 (0)
[0]: 442 <---- 65 (0)
[0]: 442 <---- 64 (0)
[0]: 443 <---- 66 (0)
[0]: 443 <---- 61 (0)
[0]: 444 <---- 60 (0)
[0]: 444 <---- 65 (0)
[0]: 445 <---- 65 (0)
[0]: 445 <---- 67 (0)
[0]: 446 <---- 67 (0)
[0]: 446 <---- 63 (0)
[0]: 447 <---- 62 (0)
[0]: 447 <---- 67 (0)
[0]: 448 <---- 177 (0)
[0]: 448 <---- 69 (0)
[0]: 449 <---- 69 (0)
[0]: 449 <---- 68 (0)
[0]: 450 <---- 68 (0)
[0]: 450 <---- 175 (0)
[0]: 451 <---- 68 (0)
[0]: 451 <---- 63 (0)
[0]: 452 <---- 64 (0)
[0]: 452 <---- 69 (0)
[0]: 453 <---- 177 (0)
[0]: 453 <---- 71 (0)
[0]: 454 <---- 71 (0)
[0]: 454 <---- 70 (0)
[0]: 455 <---- 70 (0)
[0]: 455 <---- 69 (0)
[0]: 456 <---- 71 (0)
[0]: 456 <---- 66 (0)
[0]: 457 <---- 65 (0)
[0]: 457 <---- 70 (0)
[0]: 458 <---- 70 (0)
[0]: 458 <---- 72 (0)
[0]: 459 <---- 72 (0)
[0]: 459 <---- 68 (0)
[0]: 460 <---- 67 (0)
[0]: 460 <---- 72 (0)
[0]: 461 <---- 102 (0)
[0]: 461 <---- 73 (0)
[0]: 462 <---- 73 (0)
[0]: 462 <---- 147 (0)
[0]: 463 <---- 73 (0)
[0]: 463 <---- 86 (0)
[0]: 464 <---- 150 (0)
[0]: 464 <---- 75 (0)
[0]: 465 <---- 75 (0)
[0]: 465 <---- 74 (0)
[0]: 466 <---- 74 (0)
[0]: 466 <---- 152 (0)
[0]: 467 <---- 74 (0)
[0]: 467 <---- 73 (0)
[0]: 468 <---- 102 (0)
[0]: 468 <---- 75 (0)
[0]: 469 <---- 150 (0)
[0]: 469 <---- 77 (0)
[0]: 470 <---- 77 (0)
[0]: 470 <---- 76 (0)
[0]: 471 <---- 76 (0)
[0]: 471 <---- 75 (0)
[0]: 472 <---- 76 (0)
[0]: 472 <---- 103 (0)
[0]: 473 <---- 104 (0)
[0]: 473 <---- 77 (0)
[0]: 474 <---- 78 (0)
[0]: 474 <---- 79 (0)
[0]: 475 <---- 105 (0)
[0]: 475 <---- 78 (0)
[0]: 476 <---- 79 (0)
[0]: 476 <---- 108 (0)
[0]: 477 <---- 78 (0)
[0]: 477 <---- 76 (0)
[0]: 478 <---- 77 (0)
[0]: 478 <---- 79 (0)
[0]: 479 <---- 153 (0)
[0]: 479 <---- 81 (0)
[0]: 480 <---- 81 (0)
[0]: 480 <---- 80 (0)
[0]: 481 <---- 80 (0)
[0]: 481 <---- 155 (0)
[0]: 482 <---- 80 (0)
[0]: 482 <---- 74 (0)
[0]: 483 <---- 75 (0)
[0]: 483 <---- 81 (0)
[0]: 484 <---- 153 (0)
[0]: 484 <---- 83 (0)
[0]: 485 <---- 83 (0)
[0]: 485 <---- 82 (0)
[0]: 486 <---- 82 (0)
[0]: 486 <---- 81 (0)
[0]: 487 <---- 82 (0)
[0]: 487 <---- 76 (0)
[0]: 488 <---- 77 (0)
[0]: 488 <---- 83 (0)
[0]: 489 <---- 84 (0)
[0]: 489 <---- 85 (0)
[0]: 490 <---- 78 (0)
[0]: 490 <---- 84 (0)
[0]: 491 <---- 85 (0)
[0]: 491 <---- 79 (0)
[0]: 492 <---- 84 (0)
[0]: 492 <---- 82 (0)
[0]: 493 <---- 83 (0)
[0]: 493 <---- 85 (0)
[0]: 494 <---- 137 (0)
[0]: 494 <---- 87 (0)
[0]: 495 <---- 87 (0)
[0]: 495 <---- 86 (0)
[0]: 496 <---- 86 (0)
[0]: 496 <---- 140 (0)
[0]: 497 <---- 144 (0)
[0]: 497 <---- 88 (0)
[0]: 498 <---- 88 (0)
[0]: 498 <---- 89 (0)
[0]: 499 <---- 89 (0)
[0]: 499 <---- 141 (0)
[0]: 500 <---- 86 (0)
[0]: 500 <---- 88 (0)
[0]: 501 <---- 89 (0)
[0]: 501 <---- 87 (0)
[0]: 502 <---- 137 (0)
[0]: 502 <---- 91 (0)
[0]: 503 <---- 91 (0)
[0]: 503 <---- 90 (0)
[0]: 504 <---- 90 (0)
[0]: 504 <---- 87 (0)
[0]: 505 <---- 89 (0)
[0]: 505 <---- 92 (0)
[0]: 506 <---- 92 (0)
[0]: 506 <---- 93 (0)
[0]: 507 <---- 93 (0)
[0]: 507 <---- 141 (0)
[0]: 508 <---- 90 (0)
[0]: 508 <---- 92 (0)
[0]: 509 <---- 93 (0)
[0]: 509 <---- 91 (0)
[0]: 510 <---- 94 (0)
[0]: 510 <---- 97 (0)
[0]: 511 <---- 97 (0)
[0]: 511 <---- 96 (0)
[0]: 512 <---- 96 (0)
[0]: 512 <---- 95 (0)
[0]: 513 <---- 95 (0)
[0]: 513 <---- 94 (0)
[0]: 514 <---- 98 (0)
[0]: 514 <---- 99 (0)
[0]: 515 <---- 99 (0)
[0]: 515 <---- 100 (0)
[0]: 516 <---- 100 (0)
[0]: 516 <---- 101 (0)
[0]: 517 <---- 101 (0)
[0]: 517 <---- 98 (0)
[0]: 518 <---- 95 (0)
[0]: 518 <---- 99 (0)
[0]: 519 <---- 98 (0)
[0]: 519 <---- 94 (0)
[0]: 520 <---- 97 (0)
[0]: 520 <---- 101 (0)
[0]: 521 <---- 100 (0)
[0]: 521 <---- 96 (0)
[0]: 522 <---- 94 (0)
[0]: 522 <---- 90 (0)
[0]: 523 <---- 91 (0)
[0]: 523 <---- 97 (0)
[0]: 524 <---- 101 (0)
[0]: 524 <---- 93 (0)
[0]: 525 <---- 92 (0)
[0]: 525 <---- 98 (0)
[0]: 526 <---- 145 (0)
[0]: 526 <---- 102 (0)
[0]: 527 <---- 87 (0)
[0]: 527 <---- 102 (0)
[0]: 528 <---- 145 (0)
[0]: 528 <---- 104 (0)
[0]: 529 <---- 104 (0)
[0]: 529 <---- 103 (0)
[0]: 530 <---- 103 (0)
[0]: 530 <---- 102 (0)
[0]: 531 <---- 103 (0)
[0]: 531 <---- 90 (0)
[0]: 532 <---- 91 (0)
[0]: 532 <---- 104 (0)
[0]: 533 <---- 105 (0)
[0]: 533 <---- 108 (0)
[0]: 534 <---- 108 (0)
[0]: 534 <---- 107 (0)
[0]: 535 <---- 107 (0)
[0]: 535 <---- 106 (0)
[0]: 536 <---- 106 (0)
[0]: 536 <---- 105 (0)
[0]: 537 <---- 106 (0)
[0]: 537 <---- 95 (0)
[0]: 538 <---- 94 (0)
[0]: 538 <---- 105 (0)
[0]: 539 <---- 108 (0)
[0]: 539 <---- 97 (0)
[0]: 540 <---- 96 (0)
[0]: 540 <---- 107 (0)
[0]: 541 <---- 105 (0)
[0]: 541 <---- 103 (0)
[0]: 542 <---- 104 (0)
[0]: 542 <---- 108 (0)
[0]: 543 <---- 131 (0)
[0]: 543 <---- 109 (0)
[0]: 544 <---- 109 (0)
[0]: 544 <---- 127 (0)
[0]: 545 <---- 129 (0)
[0]: 545 <---- 110 (0)
[0]: 546 <---- 110 (0)
[0]: 546 <---- 132 (0)
[0]: 547 <---- 109 (0)
[0]: 547 <---- 110 (0)
[0]: 548 <---- 109 (0)
[0]: 548 <---- 112 (0)
[0]: 549 <---- 112 (0)
[0]: 549 <---- 111 (0)
[0]: 550 <---- 111 (0)
[0]: 550 <---- 127 (0)
[0]: 551 <---- 129 (0)
[0]: 551 <---- 113 (0)
[0]: 552 <---- 113 (0)
[0]: 552 <---- 114 (0)
[0]: 553 <---- 114 (0)
[0]: 553 <---- 110 (0)
[0]: 554 <---- 111 (0)
[0]: 554 <---- 113 (0)
[0]: 555 <---- 114 (0)
[0]: 555 <---- 112 (0)
[0]: 556 <---- 109 (0)
[0]: 556 <---- 116 (0)
[0]: 557 <---- 116 (0)
[0]: 557 <---- 115 (0)
[0]: 558 <---- 115 (0)
[0]: 558 <---- 112 (0)
[0]: 559 <---- 114 (0)
[0]: 559 <---- 117 (0)
[0]: 560 <---- 117 (0)
[0]: 560 <---- 118 (0)
[0]: 561 <---- 118 (0)
[0]: 561 <---- 110 (0)
[0]: 562 <---- 116 (0)
[0]: 562 <---- 118 (0)
[0]: 563 <---- 117 (0)
[0]: 563 <---- 115 (0)
[0]: 564 <---- 115 (0)
[0]: 564 <---- 119 (0)
[0]: 565 <---- 119 (0)
[0]: 565 <---- 111 (0)
[0]: 566 <---- 113 (0)
[0]: 566 <---- 120 (0)
[0]: 567 <---- 120 (0)
[0]: 567 <---- 117 (0)
[0]: 568 <---- 120 (0)
[0]: 568 <---- 119 (0)
[0]: 569 <---- 160 (0)
[0]: 569 <---- 109 (0)
[0]: 570 <---- 131 (0)
[0]: 570 <---- 161 (0)
[0]: 571 <---- 160 (0)
[0]: 571 <---- 122 (0)
[0]: 572 <---- 122 (0)
[0]: 572 <---- 121 (0)
[0]: 573 <---- 121 (0)
[0]: 573 <---- 158 (0)
[0]: 574 <---- 121 (0)
[0]: 574 <---- 111 (0)
[0]: 575 <---- 112 (0)
[0]: 575 <---- 122 (0)
[0]: 576 <---- 139 (0)
[0]: 576 <---- 124 (0)
[0]: 577 <---- 124 (0)
[0]: 577 <---- 123 (0)
[0]: 578 <---- 123 (0)
[0]: 578 <---- 138 (0)
[0]: 579 <---- 142 (0)
[0]: 579 <---- 125 (0)
[0]: 580 <---- 125 (0)
[0]: 580 <---- 126 (0)
[0]: 581 <---- 126 (0)
[0]: 581 <---- 143 (0)
[0]: 582 <---- 124 (0)
[0]: 582 <---- 126 (0)
[0]: 583 <---- 125 (0)
[0]: 583 <---- 123 (0)
[0]: 584 <---- 123 (0)
[0]: 584 <---- 128 (0)
[0]: 585 <---- 128 (0)
[0]: 585 <---- 127 (0)
[0]: 586 <---- 127 (0)
[0]: 586 <---- 138 (0)
[0]: 587 <---- 142 (0)
[0]: 587 <---- 129 (0)
[0]: 588 <---- 129 (0)
[0]: 588 <---- 130 (0)
[0]: 589 <---- 130 (0)
[0]: 589 <---- 125 (0)
[0]: 590 <---- 127 (0)
[0]: 590 <---- 129 (0)
[0]: 591 <---- 130 (0)
[0]: 591 <---- 128 (0)
[0]: 592 <---- 128 (0)
[0]: 592 <---- 131 (0)
[0]: 593 <---- 132 (0)
[0]: 593 <---- 130 (0)
[0]: 594 <---- 132 (0)
[0]: 594 <---- 131 (0)
[0]: 595 <---- 123 (0)
[0]: 595 <---- 133 (0)
[0]: 596 <---- 133 (0)
[0]: 596 <---- 131 (0)
[0]: 597 <---- 132 (0)
[0]: 597 <---- 134 (0)
[0]: 598 <---- 134 (0)
[0]: 598 <---- 125 (0)
[0]: 599 <---- 133 (0)
[0]: 599 <---- 134 (0)
[0]: 600 <---- 124 (0)
[0]: 600 <---- 135 (0)
[0]: 601 <---- 135 (0)
[0]: 601 <---- 133 (0)
[0]: 602 <---- 134 (0)
[0]: 602 <---- 136 (0)
[0]: 603 <---- 136 (0)
[0]: 603 <---- 126 (0)
[0]: 604 <---- 135 (0)
[0]: 604 <---- 136 (0)
[0]: 605 <---- 148 (0)
[0]: 605 <---- 124 (0)
[0]: 606 <---- 123 (0)
[0]: 606 <---- 157 (0)
[0]: 607 <---- 158 (0)
[0]: 607 <---- 127 (0)
[0]: 608 <---- 128 (0)
[0]: 608 <---- 159 (0)
[0]: 609 <---- 162 (0)
[0]: 609 <---- 133 (0)
[0]: 610 <---- 149 (0)
[0]: 610 <---- 135 (0)
[0]: 611 <---- 137 (0)
[0]: 611 <---- 140 (0)
[0]: 612 <---- 140 (0)
[0]: 612 <---- 139 (0)
[0]: 613 <---- 139 (0)
[0]: 613 <---- 138 (0)
[0]: 614 <---- 138 (0)
[0]: 614 <---- 137 (0)
[0]: 615 <---- 141 (0)
[0]: 615 <---- 142 (0)
[0]: 616 <---- 142 (0)
[0]: 616 <---- 143 (0)
[0]: 617 <---- 143 (0)
[0]: 617 <---- 144 (0)
[0]: 618 <---- 144 (0)
[0]: 618 <---- 141 (0)
[0]: 619 <---- 138 (0)
[0]: 619 <---- 142 (0)
[0]: 620 <---- 141 (0)
[0]: 620 <---- 137 (0)
[0]: 621 <---- 140 (0)
[0]: 621 <---- 144 (0)
[0]: 622 <---- 143 (0)
[0]: 622 <---- 139 (0)
[0]: 623 <---- 145 (0)
[0]: 623 <---- 147 (0)
[0]: 624 <---- 147 (0)
[0]: 624 <---- 146 (0)
[0]: 625 <---- 146 (0)
[0]: 625 <---- 156 (0)
[0]: 626 <---- 156 (0)
[0]: 626 <---- 145 (0)
[0]: 627 <---- 156 (0)
[0]: 627 <---- 138 (0)
[0]: 628 <---- 137 (0)
[0]: 628 <---- 145 (0)
[0]: 629 <---- 147 (0)
[0]: 629 <---- 140 (0)
[0]: 630 <---- 139 (0)
[0]: 630 <---- 146 (0)
[0]: 631 <---- 146 (0)
[0]: 631 <---- 148 (0)
[0]: 632 <---- 148 (0)
[0]: 632 <---- 157 (0)
[0]: 633 <---- 148 (0)
[0]: 633 <---- 149 (0)
[0]: 634 <---- 149 (0)
[0]: 634 <---- 162 (0)
[0]: 635 <---- 150 (0)
[0]: 635 <---- 152 (0)
[0]: 636 <---- 152 (0)
[0]: 636 <---- 151 (0)
[0]: 637 <---- 151 (0)
[0]: 637 <---- 163 (0)
[0]: 638 <---- 163 (0)
[0]: 638 <---- 150 (0)
[0]: 639 <---- 145 (0)
[0]: 639 <---- 150 (0)
[0]: 640 <---- 152 (0)
[0]: 640 <---- 147 (0)
[0]: 641 <---- 146 (0)
[0]: 641 <---- 151 (0)
[0]: 642 <---- 151 (0)
[0]: 642 <---- 165 (0)
[0]: 643 <---- 165 (0)
[0]: 643 <---- 148 (0)
[0]: 644 <---- 171 (0)
[0]: 644 <---- 149 (0)
[0]: 645 <---- 153 (0)
[0]: 645 <---- 155 (0)
[0]: 646 <---- 155 (0)
[0]: 646 <---- 154 (0)
[0]: 647 <---- 154 (0)
[0]: 647 <---- 172 (0)
[0]: 648 <---- 172 (0)
[0]: 648 <---- 153 (0)
[0]: 649 <---- 150 (0)
[0]: 649 <---- 153 (0)
[0]: 650 <---- 155 (0)
[0]: 650 <---- 152 (0)
[0]: 651 <---- 151 (0)
[0]: 651 <---- 154 (0)
[0]: 652 <---- 154 (0)
[0]: 652 <---- 174 (0)
[0]: 653 <---- 157 (0)
[0]: 653 <---- 156 (0)
[0]: 654 <---- 157 (0)
[0]: 654 <---- 159 (0)
[0]: 655 <---- 159 (0)
[0]: 655 <---- 158 (0)
[0]: 656 <---- 158 (0)
[0]: 656 <---- 156 (0)
[0]: 657 <---- 159 (0)
[0]: 657 <---- 161 (0)
[0]: 658 <---- 161 (0)
[0]: 658 <---- 160 (0)
[0]: 659 <---- 160 (0)
[0]: 659 <---- 158 (0)
[0]: 660 <---- 157 (0)
[0]: 660 <---- 162 (0)
[0]: 661 <---- 162 (0)
[0]: 661 <---- 161 (0)
[0]: 662 <---- 163 (0)
[0]: 662 <---- 156 (0)
[0]: 663 <---- 165 (0)
[0]: 663 <---- 164 (0)
[0]: 664 <---- 164 (0)
[0]: 664 <---- 163 (0)
[0]: 665 <---- 157 (0)
[0]: 665 <---- 164 (0)
[0]: 666 <---- 164 (0)
[0]: 666 <---- 167 (0)
[0]: 667 <---- 167 (0)
[0]: 667 <---- 166 (0)
[0]: 668 <---- 166 (0)
[0]: 668 <---- 163 (0)
[0]: 669 <---- 166 (0)
[0]: 669 <---- 158 (0)
[0]: 670 <---- 159 (0)
[0]: 670 <---- 167 (0)
[0]: 671 <---- 167 (0)
[0]: 671 <---- 169 (0)
[0]: 672 <---- 169 (0)
[0]: 672 <---- 168 (0)
[0]: 673 <---- 168 (0)
[0]: 673 <---- 166 (0)
[0]: 674 <---- 168 (0)
[0]: 674 <---- 160 (0)
[0]: 675 <---- 161 (0)
[0]: 675 <---- 169 (0)
[0]: 676 <---- 164 (0)
[0]: 676 <---- 170 (0)
[0]: 677 <---- 170 (0)
[0]: 677 <---- 169 (0)
[0]: 678 <---- 170 (0)
[0]: 678 <---- 162 (0)
[0]: 679 <---- 165 (0)
[0]: 679 <---- 171 (0)
[0]: 680 <---- 171 (0)
[0]: 680 <---- 170 (0)
[0]: 681 <---- 172 (0)
[0]: 681 <---- 163 (0)
[0]: 682 <---- 174 (0)
[0]: 682 <---- 173 (0)
[0]: 683 <---- 173 (0)
[0]: 683 <---- 172 (0)
[0]: 684 <---- 174 (0)
[0]: 684 <---- 165 (0)
[0]: 685 <---- 164 (0)
[0]: 685 <---- 173 (0)
[0]: 686 <---- 173 (0)
[0]: 686 <---- 176 (0)
[0]: 687 <---- 176 (0)
[0]: 687 <---- 175 (0)
[0]: 688 <---- 175 (0)
[0]: 688 <---- 172 (0)
[0]: 689 <---- 175 (0)
[0]: 689 <---- 166 (0)
[0]: 690 <---- 167 (0)
[0]: 690 <---- 176 (0)
[0]: 691 <---- 176 (0)
[0]: 691 <---- 178 (0)
[0]: 692 <---- 178 (0)
[0]: 692 <---- 177 (0)
[0]: 693 <---- 177 (0)
[0]: 693 <---- 175 (0)
[0]: 694 <---- 177 (0)
[0]: 694 <---- 168 (0)
[0]: 695 <---- 169 (0)
[0]: 695 <---- 178 (0)
[0]: 696 <---- 173 (0)
[0]: 696 <---- 179 (0)
[0]: 697 <---- 179 (0)
[0]: 697 <---- 178 (0)
[0]: 698 <---- 179 (0)
[0]: 698 <---- 170 (0)
[0]: 699 <---- 174 (0)
[0]: 699 <---- 180 (0)
[0]: 700 <---- 180 (0)
[0]: 700 <---- 179 (0)
[0]: 701 <---- 180 (0)
[0]: 701 <---- 171 (0)
[1] Max cone size: 0
[2] Max cone size: 0
[3] Max cone size: 0
[4] Max cone size: 0
[5] Max cone size: 0
[6] Max cone size: 0
[7] Max cone size: 0
coordinates with 1 fields
  field 0 with 3 components
Process 0:
  (  56) dim  3 offset   0 -1. -1. -0.5
  (  57) dim  3 offset   3 -0.5 -1. -0.5
  (  58) dim  3 offset   6 -1. -1. -1.
  (  59) dim  3 offset   9 -0.5 -1. -1.
  (  60) dim  3 offset  12 0.5 -1. 0.
  (  61) dim  3 offset  15 1. -1. 0.
  (  62) dim  3 offset  18 0. -1. 0.
  (  63) dim  3 offset  21 0.25 -0.433013 -0.5
  (  64) dim  3 offset  24 0.583333 -0.644338 -0.5
  (  65) dim  3 offset  27 0.5 -1. -0.5
  (  66) dim  3 offset  30 1. -1. -0.5
  (  67) dim  3 offset  33 0. -1. -0.5
  (  68) dim  3 offset  36 0.25 -0.433013 -1.
  (  69) dim  3 offset  39 0.583333 -0.644338 -1.
  (  70) dim  3 offset  42 0.5 -1. -1.
  (  71) dim  3 offset  45 1. -1. -1.
  (  72) dim  3 offset  48 0. -1. -1.
  (  73) dim  3 offset  51 -1. 1. 0.
  (  74) dim  3 offset  54 -1. 1. -0.5
  (  75) dim  3 offset  57 -1. 0.5 -0.5
  (  76) dim  3 offset  60 -1. 0. -0.5
  (  77) dim  3 offset  63 -0.5 3.06162e-17 -0.5
  (  78) dim  3 offset  66 -1. -0.5 -0.5
  (  79) dim  3 offset  69 -0.25 -0.433013 -0.5
  (  80) dim  3 offset  72 -1. 1. -1.
  (  81) dim  3 offset  75 -1. 0.5 -1.
  (  82) dim  3 offset  78 -1. 0. -1.
  (  83) dim  3 offset  81 -0.5 6.12323e-17 -1.
  (  84) dim  3 offset  84 -1. -0.5 -1.
  (  85) dim  3 offset  87 -0.25 -0.433013 -1.
  (  86) dim  3 offset  90 -1. 1. 0.5
  (  87) dim  3 offset  93 -1. 0.5 0.5
  (  88) dim  3 offset  96 -1. 1. 1.
  (  89) dim  3 offset  99 -1. 0.5 1.
  (  90) dim  3 offset 102 -1. 0. 0.5
  (  91) dim  3 offset 105 -0.5 -3.06162e-17 0.5
  (  92) dim  3 offset 108 -1. 0. 1.
  (  93) dim  3 offset 111 -0.5 -6.12323e-17 1.
  (  94) dim  3 offset 114 -1. -0.5 0.5
  (  95) dim  3 offset 117 -1. -1. 0.5
  (  96) dim  3 offset 120 -0.5 -1. 0.5
  (  97) dim  3 offset 123 -0.25 -0.433013 0.5
  (  98) dim  3 offset 126 -1. -0.5 1.
  (  99) dim  3 offset 129 -1. -1. 1.
  ( 100) dim  3 offset 132 -0.5 -1. 1.
  ( 101) dim  3 offset 135 -0.25 -0.433013 1.
  ( 102) dim  3 offset 138 -1. 0.5 0.
  ( 103) dim  3 offset 141 -1. 0. 0.
  ( 104) dim  3 offset 144 -0.5 0. 0.
  ( 105) dim  3 offset 147 -1. -0.5 0.
  ( 106) dim  3 offset 150 -1. -1. 0.
  ( 107) dim  3 offset 153 -0.5 -1. 0.
  ( 108) dim  3 offset 156 -0.25 -0.433013 0.
  ( 109) dim  3 offset 159 1. -0.5 0.5
  ( 110) dim  3 offset 162 1. -0.5 1.
  ( 111) dim  3 offset 165 0.25 -0.433013 0.5
  ( 112) dim  3 offset 168 0.583333 -0.644338 0.5
  ( 113) dim  3 offset 171 0.25 -0.433013 1.
  ( 114) dim  3 offset 174 0.583333 -0.644338 1.
  ( 115) dim  3 offset 177 0.5 -1. 0.5
  ( 116) dim  3 offset 180 1. -1. 0.5
  ( 117) dim  3 offset 183 0.5 -1. 1.
  ( 118) dim  3 offset 186 1. -1. 1.
  ( 119) dim  3 offset 189 0. -1. 0.5
  ( 120) dim  3 offset 192 0. -1. 1.
  ( 121) dim  3 offset 195 0.25 -0.433013 0.
  ( 122) dim  3 offset 198 0.583333 -0.644338 -9.71055e-20
  ( 123) dim  3 offset 201 0.625878 0.519886 0.5
  ( 124) dim  3 offset 204 0.5 1. 0.5
  ( 125) dim  3 offset 207 0.625878 0.519886 1.
  ( 126) dim  3 offset 210 0.5 1. 1.
  ( 127) dim  3 offset 213 0.5 0. 0.5
  ( 128) dim  3 offset 216 0.708626 0.173295 0.5
  ( 129) dim  3 offset 219 0.5 0. 1.
  ( 130) dim  3 offset 222 0.708626 0.173295 1.
  ( 131) dim  3 offset 225 1. 0. 0.5
  ( 132) dim  3 offset 228 1. 0. 1.
  ( 133) dim  3 offset 231 1. 0.5 0.5
  ( 134) dim  3 offset 234 1. 0.5 1.
  ( 135) dim  3 offset 237 1. 1. 0.5
  ( 136) dim  3 offset 240 1. 1. 1.
  ( 137) dim  3 offset 243 -0.25 0.433013 0.5
  ( 138) dim  3 offset 246 0.25 0.433013 0.5
  ( 139) dim  3 offset 249 0. 1. 0.5
  ( 140) dim  3 offset 252 -0.5 1. 0.5
  ( 141) dim  3 offset 255 -0.25 0.433013 1.
  ( 142) dim  3 offset 258 0.25 0.433013 1.
  ( 143) dim  3 offset 261 0. 1. 1.
  ( 144) dim  3 offset 264 -0.5 1. 1.
  ( 145) dim  3 offset 267 -0.25 0.433013 0.
  ( 146) dim  3 offset 270 0. 1. 0.
  ( 147) dim  3 offset 273 -0.5 1. 0.
  ( 148) dim  3 offset 276 0.5 1. 0.
  ( 149) dim  3 offset 279 1. 1. 0.
  ( 150) dim  3 offset 282 -0.25 0.433013 -0.5
  ( 151) dim  3 offset 285 0. 1. -0.5
  ( 152) dim  3 offset 288 -0.5 1. -0.5
  ( 153) dim  3 offset 291 -0.25 0.433013 -1.
  ( 154) dim  3 offset 294 0. 1. -1.
  ( 155) dim  3 offset 297 -0.5 1. -1.
  ( 156) dim  3 offset 300 0.25 0.433013 1.38778e-17
  ( 157) dim  3 offset 303 0.625878 0.519886 2.71653e-18
  ( 158) dim  3 offset 306 0.5 0. 0.
  ( 159) dim  3 offset 309 0.708626 0.173295 2.00929e-18
  ( 160) dim  3 offset 312 1. -0.5 0.
  ( 161) dim  3 offset 315 1. 0. 0.
  ( 162) dim  3 offset 318 1. 0.5 0.
  ( 163) dim  3 offset 321 0.25 0.433013 -0.5
  ( 164) dim  3 offset 324 0.625878 0.519886 -0.5
  ( 165) dim  3 offset 327 0.5 1. -0.5
  ( 166) dim  3 offset 330 0.5 0. -0.5
  ( 167) dim  3 offset 333 0.708626 0.173295 -0.5
  ( 168) dim  3 offset 336 1. -0.5 -0.5
  ( 169) dim  3 offset 339 1. 0. -0.5
  ( 170) dim  3 offset 342 1. 0.5 -0.5
  ( 171) dim  3 offset 345 1. 1. -0.5
  ( 172) dim  3 offset 348 0.25 0.433013 -1.
  ( 173) dim  3 offset 351 0.625701 0.51915 -1.
  ( 174) dim  3 offset 354 0.5 1. -1.
  ( 175) dim  3 offset 357 0.5 0. -1.
  ( 176) dim  3 offset 360 0.708567 0.17305 -1.
  ( 177) dim  3 offset 363 1. -0.5 -1.
  ( 178) dim  3 offset 366 1. 0. -1.
  ( 179) dim  3 offset 369 1. 0.5 -1.
  ( 180) dim  3 offset 372 1. 1. -1.
Process 1:
Process 2:
Process 3:
Process 4:
Process 5:
Process 6:
Process 7:
PetscSF Object: 8 MPI processes
  type not yet set
  PetscSFSetGraph() has not been called yet
