DM Object: Parallel Mesh 2 MPI processes
  type: plex
Parallel Mesh in 3 dimensions:
Supports:
[0] Max support size: 8
[0]: 28 ----> 0
[0]: 28 ----> 7
[0]: 28 ----> 8
[0]: 28 ----> 14
[0]: 28 ----> 21
[0]: 28 ----> 22
[0]: 29 ----> 0
[0]: 29 ----> 1
[0]: 29 ----> 2
[0]: 29 ----> 14
[0]: 29 ----> 15
[0]: 29 ----> 16
[0]: 30 ----> 0
[0]: 30 ----> 1
[0]: 30 ----> 14
[0]: 30 ----> 15
[0]: 31 ----> 0
[0]: 31 ----> 7
[0]: 31 ----> 14
[0]: 31 ----> 21
[0]: 32 ----> 0
[0]: 32 ----> 7
[0]: 32 ----> 8
[0]: 33 ----> 0
[0]: 33 ----> 1
[0]: 33 ----> 2
[0]: 34 ----> 0
[0]: 34 ----> 1
[0]: 35 ----> 0
[0]: 35 ----> 7
[0]: 36 ----> 1
[0]: 36 ----> 2
[0]: 36 ----> 11
[0]: 36 ----> 12
[0]: 36 ----> 15
[0]: 36 ----> 16
[0]: 36 ----> 25
[0]: 36 ----> 26
[0]: 37 ----> 1
[0]: 37 ----> 12
[0]: 37 ----> 15
[0]: 37 ----> 26
[0]: 38 ----> 1
[0]: 38 ----> 2
[0]: 38 ----> 11
[0]: 38 ----> 12
[0]: 39 ----> 1
[0]: 39 ----> 12
[0]: 40 ----> 2
[0]: 40 ----> 3
[0]: 40 ----> 4
[0]: 40 ----> 16
[0]: 40 ----> 17
[0]: 40 ----> 18
[0]: 41 ----> 2
[0]: 41 ----> 3
[0]: 41 ----> 11
[0]: 41 ----> 16
[0]: 41 ----> 17
[0]: 41 ----> 25
[0]: 42 ----> 2
[0]: 42 ----> 3
[0]: 42 ----> 4
[0]: 43 ----> 2
[0]: 43 ----> 3
[0]: 43 ----> 11
[0]: 44 ----> 3
[0]: 44 ----> 4
[0]: 44 ----> 5
[0]: 44 ----> 17
[0]: 44 ----> 18
[0]: 44 ----> 19
[0]: 45 ----> 3
[0]: 45 ----> 11
[0]: 45 ----> 17
[0]: 45 ----> 25
[0]: 46 ----> 3
[0]: 46 ----> 4
[0]: 46 ----> 5
[0]: 47 ----> 3
[0]: 47 ----> 11
[0]: 48 ----> 4
[0]: 48 ----> 6
[0]: 48 ----> 13
[0]: 48 ----> 18
[0]: 48 ----> 20
[0]: 48 ----> 27
[0]: 49 ----> 4
[0]: 49 ----> 5
[0]: 49 ----> 6
[0]: 49 ----> 18
[0]: 49 ----> 19
[0]: 49 ----> 20
[0]: 50 ----> 4
[0]: 50 ----> 6
[0]: 50 ----> 13
[0]: 51 ----> 4
[0]: 51 ----> 5
[0]: 51 ----> 6
[0]: 52 ----> 5
[0]: 52 ----> 6
[0]: 52 ----> 19
[0]: 52 ----> 20
[0]: 53 ----> 5
[0]: 53 ----> 19
[0]: 54 ----> 5
[0]: 54 ----> 6
[0]: 55 ----> 5
[0]: 56 ----> 6
[0]: 56 ----> 13
[0]: 56 ----> 20
[0]: 56 ----> 27
[0]: 57 ----> 6
[0]: 57 ----> 13
[0]: 58 ----> 7
[0]: 58 ----> 21
[0]: 59 ----> 7
[0]: 59 ----> 8
[0]: 59 ----> 21
[0]: 59 ----> 22
[0]: 60 ----> 7
[0]: 61 ----> 7
[0]: 61 ----> 8
[0]: 62 ----> 8
[0]: 62 ----> 10
[0]: 62 ----> 22
[0]: 62 ----> 24
[0]: 63 ----> 8
[0]: 63 ----> 10
[0]: 63 ----> 22
[0]: 63 ----> 24
[0]: 64 ----> 8
[0]: 64 ----> 10
[0]: 65 ----> 8
[0]: 65 ----> 10
[0]: 66 ----> 9
[0]: 66 ----> 10
[0]: 66 ----> 23
[0]: 66 ----> 24
[0]: 67 ----> 9
[0]: 67 ----> 23
[0]: 68 ----> 9
[0]: 68 ----> 13
[0]: 68 ----> 23
[0]: 68 ----> 27
[0]: 69 ----> 9
[0]: 69 ----> 10
[0]: 69 ----> 13
[0]: 69 ----> 23
[0]: 69 ----> 24
[0]: 69 ----> 27
[0]: 70 ----> 9
[0]: 70 ----> 10
[0]: 71 ----> 9
[0]: 72 ----> 9
[0]: 72 ----> 13
[0]: 73 ----> 9
[0]: 73 ----> 10
[0]: 73 ----> 13
[0]: 74 ----> 11
[0]: 74 ----> 12
[0]: 74 ----> 25
[0]: 74 ----> 26
[0]: 75 ----> 11
[0]: 75 ----> 12
[0]: 76 ----> 12
[0]: 76 ----> 26
[0]: 77 ----> 12
[0]: 78 ----> 14
[0]: 78 ----> 21
[0]: 78 ----> 22
[0]: 79 ----> 14
[0]: 79 ----> 15
[0]: 79 ----> 16
[0]: 80 ----> 14
[0]: 80 ----> 15
[0]: 81 ----> 14
[0]: 81 ----> 21
[0]: 82 ----> 15
[0]: 82 ----> 16
[0]: 82 ----> 25
[0]: 82 ----> 26
[0]: 83 ----> 15
[0]: 83 ----> 26
[0]: 84 ----> 16
[0]: 84 ----> 17
[0]: 84 ----> 18
[0]: 85 ----> 16
[0]: 85 ----> 17
[0]: 85 ----> 25
[0]: 86 ----> 17
[0]: 86 ----> 18
[0]: 86 ----> 19
[0]: 87 ----> 17
[0]: 87 ----> 25
[0]: 88 ----> 18
[0]: 88 ----> 20
[0]: 88 ----> 27
[0]: 89 ----> 18
[0]: 89 ----> 19
[0]: 89 ----> 20
[0]: 90 ----> 19
[0]: 90 ----> 20
[0]: 91 ----> 19
[0]: 92 ----> 20
[0]: 92 ----> 27
[0]: 93 ----> 21
[0]: 94 ----> 21
[0]: 94 ----> 22
[0]: 95 ----> 22
[0]: 95 ----> 24
[0]: 96 ----> 22
[0]: 96 ----> 24
[0]: 97 ----> 23
[0]: 97 ----> 24
[0]: 98 ----> 23
[0]: 99 ----> 23
[0]: 99 ----> 27
[0]: 100 ----> 23
[0]: 100 ----> 24
[0]: 100 ----> 27
[0]: 101 ----> 25
[0]: 101 ----> 26
[0]: 102 ----> 26
[1] Max support size: 8
[1]: 28 ----> 0
[1]: 28 ----> 7
[1]: 28 ----> 8
[1]: 29 ----> 0
[1]: 29 ----> 1
[1]: 29 ----> 2
[1]: 30 ----> 0
[1]: 30 ----> 1
[1]: 31 ----> 0
[1]: 31 ----> 7
[1]: 32 ----> 1
[1]: 32 ----> 2
[1]: 32 ----> 11
[1]: 32 ----> 12
[1]: 33 ----> 1
[1]: 33 ----> 12
[1]: 34 ----> 2
[1]: 34 ----> 3
[1]: 34 ----> 4
[1]: 35 ----> 2
[1]: 35 ----> 3
[1]: 35 ----> 11
[1]: 36 ----> 3
[1]: 36 ----> 4
[1]: 36 ----> 5
[1]: 37 ----> 3
[1]: 37 ----> 11
[1]: 38 ----> 4
[1]: 38 ----> 6
[1]: 38 ----> 13
[1]: 39 ----> 4
[1]: 39 ----> 5
[1]: 39 ----> 6
[1]: 40 ----> 5
[1]: 40 ----> 6
[1]: 41 ----> 5
[1]: 42 ----> 6
[1]: 42 ----> 13
[1]: 43 ----> 7
[1]: 44 ----> 7
[1]: 44 ----> 8
[1]: 45 ----> 8
[1]: 45 ----> 10
[1]: 46 ----> 8
[1]: 46 ----> 10
[1]: 47 ----> 9
[1]: 47 ----> 10
[1]: 48 ----> 9
[1]: 49 ----> 9
[1]: 49 ----> 13
[1]: 50 ----> 9
[1]: 50 ----> 10
[1]: 50 ----> 13
[1]: 51 ----> 11
[1]: 51 ----> 12
[1]: 52 ----> 12
[1]: 53 ----> 0
[1]: 53 ----> 7
[1]: 53 ----> 8
[1]: 53 ----> 14
[1]: 53 ----> 21
[1]: 53 ----> 22
[1]: 54 ----> 0
[1]: 54 ----> 1
[1]: 54 ----> 2
[1]: 54 ----> 14
[1]: 54 ----> 15
[1]: 54 ----> 16
[1]: 55 ----> 0
[1]: 55 ----> 1
[1]: 55 ----> 14
[1]: 55 ----> 15
[1]: 56 ----> 0
[1]: 56 ----> 7
[1]: 56 ----> 14
[1]: 56 ----> 21
[1]: 57 ----> 1
[1]: 57 ----> 2
[1]: 57 ----> 11
[1]: 57 ----> 12
[1]: 57 ----> 15
[1]: 57 ----> 16
[1]: 57 ----> 25
[1]: 57 ----> 26
[1]: 58 ----> 1
[1]: 58 ----> 12
[1]: 58 ----> 15
[1]: 58 ----> 26
[1]: 59 ----> 2
[1]: 59 ----> 3
[1]: 59 ----> 4
[1]: 59 ----> 16
[1]: 59 ----> 17
[1]: 59 ----> 18
[1]: 60 ----> 2
[1]: 60 ----> 3
[1]: 60 ----> 11
[1]: 60 ----> 16
[1]: 60 ----> 17
[1]: 60 ----> 25
[1]: 61 ----> 3
[1]: 61 ----> 4
[1]: 61 ----> 5
[1]: 61 ----> 17
[1]: 61 ----> 18
[1]: 61 ----> 19
[1]: 62 ----> 3
[1]: 62 ----> 11
[1]: 62 ----> 17
[1]: 62 ----> 25
[1]: 63 ----> 4
[1]: 63 ----> 6
[1]: 63 ----> 13
[1]: 63 ----> 18
[1]: 63 ----> 20
[1]: 63 ----> 27
[1]: 64 ----> 4
[1]: 64 ----> 5
[1]: 64 ----> 6
[1]: 64 ----> 18
[1]: 64 ----> 19
[1]: 64 ----> 20
[1]: 65 ----> 5
[1]: 65 ----> 6
[1]: 65 ----> 19
[1]: 65 ----> 20
[1]: 66 ----> 5
[1]: 66 ----> 19
[1]: 67 ----> 6
[1]: 67 ----> 13
[1]: 67 ----> 20
[1]: 67 ----> 27
[1]: 68 ----> 7
[1]: 68 ----> 21
[1]: 69 ----> 7
[1]: 69 ----> 8
[1]: 69 ----> 21
[1]: 69 ----> 22
[1]: 70 ----> 8
[1]: 70 ----> 10
[1]: 70 ----> 22
[1]: 70 ----> 24
[1]: 71 ----> 8
[1]: 71 ----> 10
[1]: 71 ----> 22
[1]: 71 ----> 24
[1]: 72 ----> 9
[1]: 72 ----> 10
[1]: 72 ----> 23
[1]: 72 ----> 24
[1]: 73 ----> 9
[1]: 73 ----> 23
[1]: 74 ----> 9
[1]: 74 ----> 13
[1]: 74 ----> 23
[1]: 74 ----> 27
[1]: 75 ----> 9
[1]: 75 ----> 10
[1]: 75 ----> 13
[1]: 75 ----> 23
[1]: 75 ----> 24
[1]: 75 ----> 27
[1]: 76 ----> 11
[1]: 76 ----> 12
[1]: 76 ----> 25
[1]: 76 ----> 26
[1]: 77 ----> 12
[1]: 77 ----> 26
[1]: 78 ----> 14
[1]: 78 ----> 21
[1]: 78 ----> 22
[1]: 79 ----> 14
[1]: 79 ----> 15
[1]: 79 ----> 16
[1]: 80 ----> 14
[1]: 80 ----> 15
[1]: 81 ----> 14
[1]: 81 ----> 21
[1]: 82 ----> 15
[1]: 82 ----> 16
[1]: 82 ----> 25
[1]: 82 ----> 26
[1]: 83 ----> 15
[1]: 83 ----> 26
[1]: 84 ----> 16
[1]: 84 ----> 17
[1]: 84 ----> 18
[1]: 85 ----> 16
[1]: 85 ----> 17
[1]: 85 ----> 25
[1]: 86 ----> 17
[1]: 86 ----> 18
[1]: 86 ----> 19
[1]: 87 ----> 17
[1]: 87 ----> 25
[1]: 88 ----> 18
[1]: 88 ----> 20
[1]: 88 ----> 27
[1]: 89 ----> 18
[1]: 89 ----> 19
[1]: 89 ----> 20
[1]: 90 ----> 19
[1]: 90 ----> 20
[1]: 91 ----> 19
[1]: 92 ----> 20
[1]: 92 ----> 27
[1]: 93 ----> 21
[1]: 94 ----> 21
[1]: 94 ----> 22
[1]: 95 ----> 22
[1]: 95 ----> 24
[1]: 96 ----> 22
[1]: 96 ----> 24
[1]: 97 ----> 23
[1]: 97 ----> 24
[1]: 98 ----> 23
[1]: 99 ----> 23
[1]: 99 ----> 27
[1]: 100 ----> 23
[1]: 100 ----> 24
[1]: 100 ----> 27
[1]: 101 ----> 25
[1]: 101 ----> 26
[1]: 102 ----> 26
Cones:
[0] Max cone size: 8
[0]: 0 <---- 28 (0)
[0]: 0 <---- 31 (0)
[0]: 0 <---- 30 (0)
[0]: 0 <---- 29 (0)
[0]: 0 <---- 32 (0)
[0]: 0 <---- 33 (0)
[0]: 0 <---- 34 (0)
[0]: 0 <---- 35 (0)
[0]: 1 <---- 30 (0)
[0]: 1 <---- 37 (0)
[0]: 1 <---- 36 (0)
[0]: 1 <---- 29 (0)
[0]: 1 <---- 34 (0)
[0]: 1 <---- 33 (0)
[0]: 1 <---- 38 (0)
[0]: 1 <---- 39 (0)
[0]: 2 <---- 29 (0)
[0]: 2 <---- 36 (0)
[0]: 2 <---- 41 (0)
[0]: 2 <---- 40 (0)
[0]: 2 <---- 33 (0)
[0]: 2 <---- 42 (0)
[0]: 2 <---- 43 (0)
[0]: 2 <---- 38 (0)
[0]: 3 <---- 40 (0)
[0]: 3 <---- 41 (0)
[0]: 3 <---- 45 (0)
[0]: 3 <---- 44 (0)
[0]: 3 <---- 42 (0)
[0]: 3 <---- 46 (0)
[0]: 3 <---- 47 (0)
[0]: 3 <---- 43 (0)
[0]: 4 <---- 40 (0)
[0]: 4 <---- 44 (0)
[0]: 4 <---- 49 (0)
[0]: 4 <---- 48 (0)
[0]: 4 <---- 42 (0)
[0]: 4 <---- 50 (0)
[0]: 4 <---- 51 (0)
[0]: 4 <---- 46 (0)
[0]: 5 <---- 44 (0)
[0]: 5 <---- 53 (0)
[0]: 5 <---- 52 (0)
[0]: 5 <---- 49 (0)
[0]: 5 <---- 46 (0)
[0]: 5 <---- 51 (0)
[0]: 5 <---- 54 (0)
[0]: 5 <---- 55 (0)
[0]: 6 <---- 49 (0)
[0]: 6 <---- 52 (0)
[0]: 6 <---- 56 (0)
[0]: 6 <---- 48 (0)
[0]: 6 <---- 51 (0)
[0]: 6 <---- 50 (0)
[0]: 6 <---- 57 (0)
[0]: 6 <---- 54 (0)
[0]: 7 <---- 31 (0)
[0]: 7 <---- 28 (0)
[0]: 7 <---- 59 (0)
[0]: 7 <---- 58 (0)
[0]: 7 <---- 35 (0)
[0]: 7 <---- 60 (0)
[0]: 7 <---- 61 (0)
[0]: 7 <---- 32 (0)
[0]: 8 <---- 59 (0)
[0]: 8 <---- 28 (0)
[0]: 8 <---- 63 (0)
[0]: 8 <---- 62 (0)
[0]: 8 <---- 61 (0)
[0]: 8 <---- 64 (0)
[0]: 8 <---- 65 (0)
[0]: 8 <---- 32 (0)
[0]: 9 <---- 66 (0)
[0]: 9 <---- 69 (0)
[0]: 9 <---- 68 (0)
[0]: 9 <---- 67 (0)
[0]: 9 <---- 70 (0)
[0]: 9 <---- 71 (0)
[0]: 9 <---- 72 (0)
[0]: 9 <---- 73 (0)
[0]: 10 <---- 69 (0)
[0]: 10 <---- 66 (0)
[0]: 10 <---- 62 (0)
[0]: 10 <---- 63 (0)
[0]: 10 <---- 73 (0)
[0]: 10 <---- 65 (0)
[0]: 10 <---- 64 (0)
[0]: 10 <---- 70 (0)
[0]: 11 <---- 36 (0)
[0]: 11 <---- 74 (0)
[0]: 11 <---- 45 (0)
[0]: 11 <---- 41 (0)
[0]: 11 <---- 38 (0)
[0]: 11 <---- 43 (0)
[0]: 11 <---- 47 (0)
[0]: 11 <---- 75 (0)
[0]: 12 <---- 74 (0)
[0]: 12 <---- 36 (0)
[0]: 12 <---- 37 (0)
[0]: 12 <---- 76 (0)
[0]: 12 <---- 75 (0)
[0]: 12 <---- 77 (0)
[0]: 12 <---- 39 (0)
[0]: 12 <---- 38 (0)
[0]: 13 <---- 69 (0)
[0]: 13 <---- 48 (0)
[0]: 13 <---- 56 (0)
[0]: 13 <---- 68 (0)
[0]: 13 <---- 73 (0)
[0]: 13 <---- 72 (0)
[0]: 13 <---- 57 (0)
[0]: 13 <---- 50 (0)
[0]: 14 <---- 78 (0)
[0]: 14 <---- 81 (0)
[0]: 14 <---- 80 (0)
[0]: 14 <---- 79 (0)
[0]: 14 <---- 28 (0)
[0]: 14 <---- 29 (0)
[0]: 14 <---- 30 (0)
[0]: 14 <---- 31 (0)
[0]: 15 <---- 80 (0)
[0]: 15 <---- 83 (0)
[0]: 15 <---- 82 (0)
[0]: 15 <---- 79 (0)
[0]: 15 <---- 30 (0)
[0]: 15 <---- 29 (0)
[0]: 15 <---- 36 (0)
[0]: 15 <---- 37 (0)
[0]: 16 <---- 79 (0)
[0]: 16 <---- 82 (0)
[0]: 16 <---- 85 (0)
[0]: 16 <---- 84 (0)
[0]: 16 <---- 29 (0)
[0]: 16 <---- 40 (0)
[0]: 16 <---- 41 (0)
[0]: 16 <---- 36 (0)
[0]: 17 <---- 84 (0)
[0]: 17 <---- 85 (0)
[0]: 17 <---- 87 (0)
[0]: 17 <---- 86 (0)
[0]: 17 <---- 40 (0)
[0]: 17 <---- 44 (0)
[0]: 17 <---- 45 (0)
[0]: 17 <---- 41 (0)
[0]: 18 <---- 84 (0)
[0]: 18 <---- 86 (0)
[0]: 18 <---- 89 (0)
[0]: 18 <---- 88 (0)
[0]: 18 <---- 40 (0)
[0]: 18 <---- 48 (0)
[0]: 18 <---- 49 (0)
[0]: 18 <---- 44 (0)
[0]: 19 <---- 86 (0)
[0]: 19 <---- 91 (0)
[0]: 19 <---- 90 (0)
[0]: 19 <---- 89 (0)
[0]: 19 <---- 44 (0)
[0]: 19 <---- 49 (0)
[0]: 19 <---- 52 (0)
[0]: 19 <---- 53 (0)
[0]: 20 <---- 89 (0)
[0]: 20 <---- 90 (0)
[0]: 20 <---- 92 (0)
[0]: 20 <---- 88 (0)
[0]: 20 <---- 49 (0)
[0]: 20 <---- 48 (0)
[0]: 20 <---- 56 (0)
[0]: 20 <---- 52 (0)
[0]: 21 <---- 81 (0)
[0]: 21 <---- 78 (0)
[0]: 21 <---- 94 (0)
[0]: 21 <---- 93 (0)
[0]: 21 <---- 31 (0)
[0]: 21 <---- 58 (0)
[0]: 21 <---- 59 (0)
[0]: 21 <---- 28 (0)
[0]: 22 <---- 94 (0)
[0]: 22 <---- 78 (0)
[0]: 22 <---- 96 (0)
[0]: 22 <---- 95 (0)
[0]: 22 <---- 59 (0)
[0]: 22 <---- 62 (0)
[0]: 22 <---- 63 (0)
[0]: 22 <---- 28 (0)
[0]: 23 <---- 97 (0)
[0]: 23 <---- 100 (0)
[0]: 23 <---- 99 (0)
[0]: 23 <---- 98 (0)
[0]: 23 <---- 66 (0)
[0]: 23 <---- 67 (0)
[0]: 23 <---- 68 (0)
[0]: 23 <---- 69 (0)
[0]: 24 <---- 100 (0)
[0]: 24 <---- 97 (0)
[0]: 24 <---- 95 (0)
[0]: 24 <---- 96 (0)
[0]: 24 <---- 69 (0)
[0]: 24 <---- 63 (0)
[0]: 24 <---- 62 (0)
[0]: 24 <---- 66 (0)
[0]: 25 <---- 82 (0)
[0]: 25 <---- 101 (0)
[0]: 25 <---- 87 (0)
[0]: 25 <---- 85 (0)
[0]: 25 <---- 36 (0)
[0]: 25 <---- 41 (0)
[0]: 25 <---- 45 (0)
[0]: 25 <---- 74 (0)
[0]: 26 <---- 101 (0)
[0]: 26 <---- 82 (0)
[0]: 26 <---- 83 (0)
[0]: 26 <---- 102 (0)
[0]: 26 <---- 74 (0)
[0]: 26 <---- 76 (0)
[0]: 26 <---- 37 (0)
[0]: 26 <---- 36 (0)
[0]: 27 <---- 100 (0)
[0]: 27 <---- 88 (0)
[0]: 27 <---- 92 (0)
[0]: 27 <---- 99 (0)
[0]: 27 <---- 69 (0)
[0]: 27 <---- 68 (0)
[0]: 27 <---- 56 (0)
[0]: 27 <---- 48 (0)
[1] Max cone size: 8
[1]: 0 <---- 53 (0)
[1]: 0 <---- 56 (0)
[1]: 0 <---- 55 (0)
[1]: 0 <---- 54 (0)
[1]: 0 <---- 28 (0)
[1]: 0 <---- 29 (0)
[1]: 0 <---- 30 (0)
[1]: 0 <---- 31 (0)
[1]: 1 <---- 55 (0)
[1]: 1 <---- 58 (0)
[1]: 1 <---- 57 (0)
[1]: 1 <---- 54 (0)
[1]: 1 <---- 30 (0)
[1]: 1 <---- 29 (0)
[1]: 1 <---- 32 (0)
[1]: 1 <---- 33 (0)
[1]: 2 <---- 54 (0)
[1]: 2 <---- 57 (0)
[1]: 2 <---- 60 (0)
[1]: 2 <---- 59 (0)
[1]: 2 <---- 29 (0)
[1]: 2 <---- 34 (0)
[1]: 2 <---- 35 (0)
[1]: 2 <---- 32 (0)
[1]: 3 <---- 59 (0)
[1]: 3 <---- 60 (0)
[1]: 3 <---- 62 (0)
[1]: 3 <---- 61 (0)
[1]: 3 <---- 34 (0)
[1]: 3 <---- 36 (0)
[1]: 3 <---- 37 (0)
[1]: 3 <---- 35 (0)
[1]: 4 <---- 59 (0)
[1]: 4 <---- 61 (0)
[1]: 4 <---- 64 (0)
[1]: 4 <---- 63 (0)
[1]: 4 <---- 34 (0)
[1]: 4 <---- 38 (0)
[1]: 4 <---- 39 (0)
[1]: 4 <---- 36 (0)
[1]: 5 <---- 61 (0)
[1]: 5 <---- 66 (0)
[1]: 5 <---- 65 (0)
[1]: 5 <---- 64 (0)
[1]: 5 <---- 36 (0)
[1]: 5 <---- 39 (0)
[1]: 5 <---- 40 (0)
[1]: 5 <---- 41 (0)
[1]: 6 <---- 64 (0)
[1]: 6 <---- 65 (0)
[1]: 6 <---- 67 (0)
[1]: 6 <---- 63 (0)
[1]: 6 <---- 39 (0)
[1]: 6 <---- 38 (0)
[1]: 6 <---- 42 (0)
[1]: 6 <---- 40 (0)
[1]: 7 <---- 56 (0)
[1]: 7 <---- 53 (0)
[1]: 7 <---- 69 (0)
[1]: 7 <---- 68 (0)
[1]: 7 <---- 31 (0)
[1]: 7 <---- 43 (0)
[1]: 7 <---- 44 (0)
[1]: 7 <---- 28 (0)
[1]: 8 <---- 69 (0)
[1]: 8 <---- 53 (0)
[1]: 8 <---- 71 (0)
[1]: 8 <---- 70 (0)
[1]: 8 <---- 44 (0)
[1]: 8 <---- 45 (0)
[1]: 8 <---- 46 (0)
[1]: 8 <---- 28 (0)
[1]: 9 <---- 72 (0)
[1]: 9 <---- 75 (0)
[1]: 9 <---- 74 (0)
[1]: 9 <---- 73 (0)
[1]: 9 <---- 47 (0)
[1]: 9 <---- 48 (0)
[1]: 9 <---- 49 (0)
[1]: 9 <---- 50 (0)
[1]: 10 <---- 75 (0)
[1]: 10 <---- 72 (0)
[1]: 10 <---- 70 (0)
[1]: 10 <---- 71 (0)
[1]: 10 <---- 50 (0)
[1]: 10 <---- 46 (0)
[1]: 10 <---- 45 (0)
[1]: 10 <---- 47 (0)
[1]: 11 <---- 57 (0)
[1]: 11 <---- 76 (0)
[1]: 11 <---- 62 (0)
[1]: 11 <---- 60 (0)
[1]: 11 <---- 32 (0)
[1]: 11 <---- 35 (0)
[1]: 11 <---- 37 (0)
[1]: 11 <---- 51 (0)
[1]: 12 <---- 76 (0)
[1]: 12 <---- 57 (0)
[1]: 12 <---- 58 (0)
[1]: 12 <---- 77 (0)
[1]: 12 <---- 51 (0)
[1]: 12 <---- 52 (0)
[1]: 12 <---- 33 (0)
[1]: 12 <---- 32 (0)
[1]: 13 <---- 75 (0)
[1]: 13 <---- 63 (0)
[1]: 13 <---- 67 (0)
[1]: 13 <---- 74 (0)
[1]: 13 <---- 50 (0)
[1]: 13 <---- 49 (0)
[1]: 13 <---- 42 (0)
[1]: 13 <---- 38 (0)
[1]: 14 <---- 78 (0)
[1]: 14 <---- 81 (0)
[1]: 14 <---- 80 (0)
[1]: 14 <---- 79 (0)
[1]: 14 <---- 53 (0)
[1]: 14 <---- 54 (0)
[1]: 14 <---- 55 (0)
[1]: 14 <---- 56 (0)
[1]: 15 <---- 80 (0)
[1]: 15 <---- 83 (0)
[1]: 15 <---- 82 (0)
[1]: 15 <---- 79 (0)
[1]: 15 <---- 55 (0)
[1]: 15 <---- 54 (0)
[1]: 15 <---- 57 (0)
[1]: 15 <---- 58 (0)
[1]: 16 <---- 79 (0)
[1]: 16 <---- 82 (0)
[1]: 16 <---- 85 (0)
[1]: 16 <---- 84 (0)
[1]: 16 <---- 54 (0)
[1]: 16 <---- 59 (0)
[1]: 16 <---- 60 (0)
[1]: 16 <---- 57 (0)
[1]: 17 <---- 84 (0)
[1]: 17 <---- 85 (0)
[1]: 17 <---- 87 (0)
[1]: 17 <---- 86 (0)
[1]: 17 <---- 59 (0)
[1]: 17 <---- 61 (0)
[1]: 17 <---- 62 (0)
[1]: 17 <---- 60 (0)
[1]: 18 <---- 84 (0)
[1]: 18 <---- 86 (0)
[1]: 18 <---- 89 (0)
[1]: 18 <---- 88 (0)
[1]: 18 <---- 59 (0)
[1]: 18 <---- 63 (0)
[1]: 18 <---- 64 (0)
[1]: 18 <---- 61 (0)
[1]: 19 <---- 86 (0)
[1]: 19 <---- 91 (0)
[1]: 19 <---- 90 (0)
[1]: 19 <---- 89 (0)
[1]: 19 <---- 61 (0)
[1]: 19 <---- 64 (0)
[1]: 19 <---- 65 (0)
[1]: 19 <---- 66 (0)
[1]: 20 <---- 89 (0)
[1]: 20 <---- 90 (0)
[1]: 20 <---- 92 (0)
[1]: 20 <---- 88 (0)
[1]: 20 <---- 64 (0)
[1]: 20 <---- 63 (0)
[1]: 20 <---- 67 (0)
[1]: 20 <---- 65 (0)
[1]: 21 <---- 81 (0)
[1]: 21 <---- 78 (0)
[1]: 21 <---- 94 (0)
[1]: 21 <---- 93 (0)
[1]: 21 <---- 56 (0)
[1]: 21 <---- 68 (0)
[1]: 21 <---- 69 (0)
[1]: 21 <---- 53 (0)
[1]: 22 <---- 94 (0)
[1]: 22 <---- 78 (0)
[1]: 22 <---- 96 (0)
[1]: 22 <---- 95 (0)
[1]: 22 <---- 69 (0)
[1]: 22 <---- 70 (0)
[1]: 22 <---- 71 (0)
[1]: 22 <---- 53 (0)
[1]: 23 <---- 97 (0)
[1]: 23 <---- 100 (0)
[1]: 23 <---- 99 (0)
[1]: 23 <---- 98 (0)
[1]: 23 <---- 72 (0)
[1]: 23 <---- 73 (0)
[1]: 23 <---- 74 (0)
[1]: 23 <---- 75 (0)
[1]: 24 <---- 100 (0)
[1]: 24 <---- 97 (0)
[1]: 24 <---- 95 (0)
[1]: 24 <---- 96 (0)
[1]: 24 <---- 75 (0)
[1]: 24 <---- 71 (0)
[1]: 24 <---- 70 (0)
[1]: 24 <---- 72 (0)
[1]: 25 <---- 82 (0)
[1]: 25 <---- 101 (0)
[1]: 25 <---- 87 (0)
[1]: 25 <---- 85 (0)
[1]: 25 <---- 57 (0)
[1]: 25 <---- 60 (0)
[1]: 25 <---- 62 (0)
[1]: 25 <---- 76 (0)
[1]: 26 <---- 101 (0)
[1]: 26 <---- 82 (0)
[1]: 26 <---- 83 (0)
[1]: 26 <---- 102 (0)
[1]: 26 <---- 76 (0)
[1]: 26 <---- 77 (0)
[1]: 26 <---- 58 (0)
[1]: 26 <---- 57 (0)
[1]: 27 <---- 100 (0)
[1]: 27 <---- 88 (0)
[1]: 27 <---- 92 (0)
[1]: 27 <---- 99 (0)
[1]: 27 <---- 75 (0)
[1]: 27 <---- 74 (0)
[1]: 27 <---- 67 (0)
[1]: 27 <---- 63 (0)
coordinates with 1 fields
  field 0 with 3 components
Process 0:
  (  28) dim  3 offset   0 -0.25 0.433013 0.5
  (  29) dim  3 offset   3 0.25 0.433013 0.5
  (  30) dim  3 offset   6 0. 1. 0.5
  (  31) dim  3 offset   9 -0.5 1. 0.5
  (  32) dim  3 offset  12 -0.25 0.433013 1.
  (  33) dim  3 offset  15 0.25 0.433013 1.
  (  34) dim  3 offset  18 0. 1. 1.
  (  35) dim  3 offset  21 -0.5 1. 1.
  (  36) dim  3 offset  24 0.625878 0.519886 0.5
  (  37) dim  3 offset  27 0.5 1. 0.5
  (  38) dim  3 offset  30 0.625878 0.519886 1.
  (  39) dim  3 offset  33 0.5 1. 1.
  (  40) dim  3 offset  36 0.5 0. 0.5
  (  41) dim  3 offset  39 0.708626 0.173295 0.5
  (  42) dim  3 offset  42 0.5 0. 1.
  (  43) dim  3 offset  45 0.708626 0.173295 1.
  (  44) dim  3 offset  48 1. -0.5 0.5
  (  45) dim  3 offset  51 1. 0. 0.5
  (  46) dim  3 offset  54 1. -0.5 1.
  (  47) dim  3 offset  57 1. 0. 1.
  (  48) dim  3 offset  60 0.25 -0.433013 0.5
  (  49) dim  3 offset  63 0.583333 -0.644338 0.5
  (  50) dim  3 offset  66 0.25 -0.433013 1.
  (  51) dim  3 offset  69 0.583333 -0.644338 1.
  (  52) dim  3 offset  72 0.5 -1. 0.5
  (  53) dim  3 offset  75 1. -1. 0.5
  (  54) dim  3 offset  78 0.5 -1. 1.
  (  55) dim  3 offset  81 1. -1. 1.
  (  56) dim  3 offset  84 0. -1. 0.5
  (  57) dim  3 offset  87 0. -1. 1.
  (  58) dim  3 offset  90 -1. 1. 0.5
  (  59) dim  3 offset  93 -1. 0.5 0.5
  (  60) dim  3 offset  96 -1. 1. 1.
  (  61) dim  3 offset  99 -1. 0.5 1.
  (  62) dim  3 offset 102 -1. 0. 0.5
  (  63) dim  3 offset 105 -0.5 -3.06162e-17 0.5
  (  64) dim  3 offset 108 -1. 0. 1.
  (  65) dim  3 offset 111 -0.5 -6.12323e-17 1.
  (  66) dim  3 offset 114 -1. -0.5 0.5
  (  67) dim  3 offset 117 -1. -1. 0.5
  (  68) dim  3 offset 120 -0.5 -1. 0.5
  (  69) dim  3 offset 123 -0.25 -0.433013 0.5
  (  70) dim  3 offset 126 -1. -0.5 1.
  (  71) dim  3 offset 129 -1. -1. 1.
  (  72) dim  3 offset 132 -0.5 -1. 1.
  (  73) dim  3 offset 135 -0.25 -0.433013 1.
  (  74) dim  3 offset 138 1. 0.5 0.5
  (  75) dim  3 offset 141 1. 0.5 1.
  (  76) dim  3 offset 144 1. 1. 0.5
  (  77) dim  3 offset 147 1. 1. 1.
  (  78) dim  3 offset 150 -0.25 0.433013 0.
  (  79) dim  3 offset 153 0.25 0.433013 1.38778e-17
  (  80) dim  3 offset 156 0. 1. 0.
  (  81) dim  3 offset 159 -0.5 1. 0.
  (  82) dim  3 offset 162 0.625878 0.519886 2.71653e-18
  (  83) dim  3 offset 165 0.5 1. 0.
  (  84) dim  3 offset 168 0.5 0. 0.
  (  85) dim  3 offset 171 0.708626 0.173295 2.00929e-18
  (  86) dim  3 offset 174 1. -0.5 0.
  (  87) dim  3 offset 177 1. 0. 0.
  (  88) dim  3 offset 180 0.25 -0.433013 0.
  (  89) dim  3 offset 183 0.583333 -0.644338 -9.71055e-20
  (  90) dim  3 offset 186 0.5 -1. 0.
  (  91) dim  3 offset 189 1. -1. 0.
  (  92) dim  3 offset 192 0. -1. 0.
  (  93) dim  3 offset 195 -1. 1. 0.
  (  94) dim  3 offset 198 -1. 0.5 0.
  (  95) dim  3 offset 201 -1. 0. 0.
  (  96) dim  3 offset 204 -0.5 0. 0.
  (  97) dim  3 offset 207 -1. -0.5 0.
  (  98) dim  3 offset 210 -1. -1. 0.
  (  99) dim  3 offset 213 -0.5 -1. 0.
  ( 100) dim  3 offset 216 -0.25 -0.433013 0.
  ( 101) dim  3 offset 219 1. 0.5 0.
  ( 102) dim  3 offset 222 1. 1. 0.
Process 1:
  (  28) dim  3 offset   0 -0.25 0.433013 0.
  (  29) dim  3 offset   3 0.25 0.433013 1.38778e-17
  (  30) dim  3 offset   6 0. 1. 0.
  (  31) dim  3 offset   9 -0.5 1. 0.
  (  32) dim  3 offset  12 0.625878 0.519886 2.71653e-18
  (  33) dim  3 offset  15 0.5 1. 0.
  (  34) dim  3 offset  18 0.5 0. 0.
  (  35) dim  3 offset  21 0.708626 0.173295 2.00929e-18
  (  36) dim  3 offset  24 1. -0.5 0.
  (  37) dim  3 offset  27 1. 0. 0.
  (  38) dim  3 offset  30 0.25 -0.433013 0.
  (  39) dim  3 offset  33 0.583333 -0.644338 -9.71055e-20
  (  40) dim  3 offset  36 0.5 -1. 0.
  (  41) dim  3 offset  39 1. -1. 0.
  (  42) dim  3 offset  42 0. -1. 0.
  (  43) dim  3 offset  45 -1. 1. 0.
  (  44) dim  3 offset  48 -1. 0.5 0.
  (  45) dim  3 offset  51 -1. 0. 0.
  (  46) dim  3 offset  54 -0.5 0. 0.
  (  47) dim  3 offset  57 -1. -0.5 0.
  (  48) dim  3 offset  60 -1. -1. 0.
  (  49) dim  3 offset  63 -0.5 -1. 0.
  (  50) dim  3 offset  66 -0.25 -0.433013 0.
  (  51) dim  3 offset  69 1. 0.5 0.
  (  52) dim  3 offset  72 1. 1. 0.
  (  53) dim  3 offset  75 -0.25 0.433013 -0.5
  (  54) dim  3 offset  78 0.25 0.433013 -0.5
  (  55) dim  3 offset  81 0. 1. -0.5
  (  56) dim  3 offset  84 -0.5 1. -0.5
  (  57) dim  3 offset  87 0.625878 0.519886 -0.5
  (  58) dim  3 offset  90 0.5 1. -0.5
  (  59) dim  3 offset  93 0.5 0. -0.5
  (  60) dim  3 offset  96 0.708626 0.173295 -0.5
  (  61) dim  3 offset  99 1. -0.5 -0.5
  (  62) dim  3 offset 102 1. 0. -0.5
  (  63) dim  3 offset 105 0.25 -0.433013 -0.5
  (  64) dim  3 offset 108 0.583333 -0.644338 -0.5
  (  65) dim  3 offset 111 0.5 -1. -0.5
  (  66) dim  3 offset 114 1. -1. -0.5
  (  67) dim  3 offset 117 0. -1. -0.5
  (  68) dim  3 offset 120 -1. 1. -0.5
  (  69) dim  3 offset 123 -1. 0.5 -0.5
  (  70) dim  3 offset 126 -1. 0. -0.5
  (  71) dim  3 offset 129 -0.5 3.06162e-17 -0.5
  (  72) dim  3 offset 132 -1. -0.5 -0.5
  (  73) dim  3 offset 135 -1. -1. -0.5
  (  74) dim  3 offset 138 -0.5 -1. -0.5
  (  75) dim  3 offset 141 -0.25 -0.433013 -0.5
  (  76) dim  3 offset 144 1. 0.5 -0.5
  (  77) dim  3 offset 147 1. 1. -0.5
  (  78) dim  3 offset 150 -0.25 0.433013 -1.
  (  79) dim  3 offset 153 0.25 0.433013 -1.
  (  80) dim  3 offset 156 0. 1. -1.
  (  81) dim  3 offset 159 -0.5 1. -1.
  (  82) dim  3 offset 162 0.625701 0.51915 -1.
  (  83) dim  3 offset 165 0.5 1. -1.
  (  84) dim  3 offset 168 0.5 0. -1.
  (  85) dim  3 offset 171 0.708567 0.17305 -1.
  (  86) dim  3 offset 174 1. -0.5 -1.
  (  87) dim  3 offset 177 1. 0. -1.
  (  88) dim  3 offset 180 0.25 -0.433013 -1.
  (  89) dim  3 offset 183 0.583333 -0.644338 -1.
  (  90) dim  3 offset 186 0.5 -1. -1.
  (  91) dim  3 offset 189 1. -1. -1.
  (  92) dim  3 offset 192 0. -1. -1.
  (  93) dim  3 offset 195 -1. 1. -1.
  (  94) dim  3 offset 198 -1. 0.5 -1.
  (  95) dim  3 offset 201 -1. 0. -1.
  (  96) dim  3 offset 204 -0.5 6.12323e-17 -1.
  (  97) dim  3 offset 207 -1. -0.5 -1.
  (  98) dim  3 offset 210 -1. -1. -1.
  (  99) dim  3 offset 213 -0.5 -1. -1.
  ( 100) dim  3 offset 216 -0.25 -0.433013 -1.
  ( 101) dim  3 offset 219 1. 0.5 -1.
  ( 102) dim  3 offset 222 1. 1. -1.
PetscSF Object: 2 MPI processes
  type: basic
    sort=rank-order
  [0] Number of roots=103, leaves=25, remote ranks=1
  [0] 78 <- (1,28)
  [0] 79 <- (1,29)
  [0] 80 <- (1,30)
  [0] 81 <- (1,31)
  [0] 82 <- (1,32)
  [0] 83 <- (1,33)
  [0] 84 <- (1,34)
  [0] 85 <- (1,35)
  [0] 86 <- (1,36)
  [0] 87 <- (1,37)
  [0] 88 <- (1,38)
  [0] 89 <- (1,39)
  [0] 90 <- (1,40)
  [0] 91 <- (1,41)
  [0] 92 <- (1,42)
  [0] 93 <- (1,43)
  [0] 94 <- (1,44)
  [0] 95 <- (1,45)
  [0] 96 <- (1,46)
  [0] 97 <- (1,47)
  [0] 98 <- (1,48)
  [0] 99 <- (1,49)
  [0] 100 <- (1,50)
  [0] 101 <- (1,51)
  [0] 102 <- (1,52)
  [1] Number of roots=103, leaves=0, remote ranks=0
  [0] Roots referenced by my leaves, by rank
  [0] 1: 25 edges
  [0]    78 <- 28
  [0]    79 <- 29
  [0]    80 <- 30
  [0]    81 <- 31
  [0]    82 <- 32
  [0]    83 <- 33
  [0]    84 <- 34
  [0]    85 <- 35
  [0]    86 <- 36
  [0]    87 <- 37
  [0]    88 <- 38
  [0]    89 <- 39
  [0]    90 <- 40
  [0]    91 <- 41
  [0]    92 <- 42
  [0]    93 <- 43
  [0]    94 <- 44
  [0]    95 <- 45
  [0]    96 <- 46
  [0]    97 <- 47
  [0]    98 <- 48
  [0]    99 <- 49
  [0]    100 <- 50
  [0]    101 <- 51
  [0]    102 <- 52
  [1] Roots referenced by my leaves, by rank
DM Object: Mesh_new (new_) 2 MPI processes
  type: plex
Mesh_new in 3 dimensions:
Supports:
[0] Max support size: 8
[0]: 28 ----> 0
[0]: 28 ----> 7
[0]: 28 ----> 8
[0]: 28 ----> 14
[0]: 28 ----> 21
[0]: 28 ----> 22
[0]: 29 ----> 0
[0]: 29 ----> 1
[0]: 29 ----> 2
[0]: 29 ----> 14
[0]: 29 ----> 15
[0]: 29 ----> 16
[0]: 30 ----> 0
[0]: 30 ----> 1
[0]: 30 ----> 14
[0]: 30 ----> 15
[0]: 31 ----> 0
[0]: 31 ----> 7
[0]: 31 ----> 14
[0]: 31 ----> 21
[0]: 32 ----> 0
[0]: 32 ----> 7
[0]: 32 ----> 8
[0]: 33 ----> 0
[0]: 33 ----> 1
[0]: 33 ----> 2
[0]: 34 ----> 0
[0]: 34 ----> 1
[0]: 35 ----> 0
[0]: 35 ----> 7
[0]: 36 ----> 1
[0]: 36 ----> 2
[0]: 36 ----> 11
[0]: 36 ----> 12
[0]: 36 ----> 15
[0]: 36 ----> 16
[0]: 36 ----> 25
[0]: 36 ----> 26
[0]: 37 ----> 1
[0]: 37 ----> 12
[0]: 37 ----> 15
[0]: 37 ----> 26
[0]: 38 ----> 1
[0]: 38 ----> 2
[0]: 38 ----> 11
[0]: 38 ----> 12
[0]: 39 ----> 1
[0]: 39 ----> 12
[0]: 40 ----> 2
[0]: 40 ----> 3
[0]: 40 ----> 4
[0]: 40 ----> 16
[0]: 40 ----> 17
[0]: 40 ----> 18
[0]: 41 ----> 2
[0]: 41 ----> 3
[0]: 41 ----> 11
[0]: 41 ----> 16
[0]: 41 ----> 17
[0]: 41 ----> 25
[0]: 42 ----> 2
[0]: 42 ----> 3
[0]: 42 ----> 4
[0]: 43 ----> 2
[0]: 43 ----> 3
[0]: 43 ----> 11
[0]: 44 ----> 3
[0]: 44 ----> 4
[0]: 44 ----> 5
[0]: 44 ----> 17
[0]: 44 ----> 18
[0]: 44 ----> 19
[0]: 45 ----> 3
[0]: 45 ----> 11
[0]: 45 ----> 17
[0]: 45 ----> 25
[0]: 46 ----> 3
[0]: 46 ----> 4
[0]: 46 ----> 5
[0]: 47 ----> 3
[0]: 47 ----> 11
[0]: 48 ----> 4
[0]: 48 ----> 6
[0]: 48 ----> 13
[0]: 48 ----> 18
[0]: 48 ----> 20
[0]: 48 ----> 27
[0]: 49 ----> 4
[0]: 49 ----> 5
[0]: 49 ----> 6
[0]: 49 ----> 18
[0]: 49 ----> 19
[0]: 49 ----> 20
[0]: 50 ----> 4
[0]: 50 ----> 6
[0]: 50 ----> 13
[0]: 51 ----> 4
[0]: 51 ----> 5
[0]: 51 ----> 6
[0]: 52 ----> 5
[0]: 52 ----> 6
[0]: 52 ----> 19
[0]: 52 ----> 20
[0]: 53 ----> 5
[0]: 53 ----> 19
[0]: 54 ----> 5
[0]: 54 ----> 6
[0]: 55 ----> 5
[0]: 56 ----> 6
[0]: 56 ----> 13
[0]: 56 ----> 20
[0]: 56 ----> 27
[0]: 57 ----> 6
[0]: 57 ----> 13
[0]: 58 ----> 7
[0]: 58 ----> 21
[0]: 59 ----> 7
[0]: 59 ----> 8
[0]: 59 ----> 21
[0]: 59 ----> 22
[0]: 60 ----> 7
[0]: 61 ----> 7
[0]: 61 ----> 8
[0]: 62 ----> 8
[0]: 62 ----> 10
[0]: 62 ----> 22
[0]: 62 ----> 24
[0]: 63 ----> 8
[0]: 63 ----> 10
[0]: 63 ----> 22
[0]: 63 ----> 24
[0]: 64 ----> 8
[0]: 64 ----> 10
[0]: 65 ----> 8
[0]: 65 ----> 10
[0]: 66 ----> 9
[0]: 66 ----> 10
[0]: 66 ----> 23
[0]: 66 ----> 24
[0]: 67 ----> 9
[0]: 67 ----> 23
[0]: 68 ----> 9
[0]: 68 ----> 13
[0]: 68 ----> 23
[0]: 68 ----> 27
[0]: 69 ----> 9
[0]: 69 ----> 10
[0]: 69 ----> 13
[0]: 69 ----> 23
[0]: 69 ----> 24
[0]: 69 ----> 27
[0]: 70 ----> 9
[0]: 70 ----> 10
[0]: 71 ----> 9
[0]: 72 ----> 9
[0]: 72 ----> 13
[0]: 73 ----> 9
[0]: 73 ----> 10
[0]: 73 ----> 13
[0]: 74 ----> 11
[0]: 74 ----> 12
[0]: 74 ----> 25
[0]: 74 ----> 26
[0]: 75 ----> 11
[0]: 75 ----> 12
[0]: 76 ----> 12
[0]: 76 ----> 26
[0]: 77 ----> 12
[0]: 78 ----> 14
[0]: 78 ----> 21
[0]: 78 ----> 22
[0]: 79 ----> 14
[0]: 79 ----> 15
[0]: 79 ----> 16
[0]: 80 ----> 14
[0]: 80 ----> 15
[0]: 81 ----> 14
[0]: 81 ----> 21
[0]: 82 ----> 15
[0]: 82 ----> 16
[0]: 82 ----> 25
[0]: 82 ----> 26
[0]: 83 ----> 15
[0]: 83 ----> 26
[0]: 84 ----> 16
[0]: 84 ----> 17
[0]: 84 ----> 18
[0]: 85 ----> 16
[0]: 85 ----> 17
[0]: 85 ----> 25
[0]: 86 ----> 17
[0]: 86 ----> 18
[0]: 86 ----> 19
[0]: 87 ----> 17
[0]: 87 ----> 25
[0]: 88 ----> 18
[0]: 88 ----> 20
[0]: 88 ----> 27
[0]: 89 ----> 18
[0]: 89 ----> 19
[0]: 89 ----> 20
[0]: 90 ----> 19
[0]: 90 ----> 20
[0]: 91 ----> 19
[0]: 92 ----> 20
[0]: 92 ----> 27
[0]: 93 ----> 21
[0]: 94 ----> 21
[0]: 94 ----> 22
[0]: 95 ----> 22
[0]: 95 ----> 24
[0]: 96 ----> 22
[0]: 96 ----> 24
[0]: 97 ----> 23
[0]: 97 ----> 24
[0]: 98 ----> 23
[0]: 99 ----> 23
[0]: 99 ----> 27
[0]: 100 ----> 23
[0]: 100 ----> 24
[0]: 100 ----> 27
[0]: 101 ----> 25
[0]: 101 ----> 26
[0]: 102 ----> 26
[1] Max support size: 8
[1]: 28 ----> 0
[1]: 28 ----> 7
[1]: 28 ----> 8
[1]: 29 ----> 0
[1]: 29 ----> 1
[1]: 29 ----> 2
[1]: 30 ----> 0
[1]: 30 ----> 1
[1]: 31 ----> 0
[1]: 31 ----> 7
[1]: 32 ----> 1
[1]: 32 ----> 2
[1]: 32 ----> 11
[1]: 32 ----> 12
[1]: 33 ----> 1
[1]: 33 ----> 12
[1]: 34 ----> 2
[1]: 34 ----> 3
[1]: 34 ----> 4
[1]: 35 ----> 2
[1]: 35 ----> 3
[1]: 35 ----> 11
[1]: 36 ----> 3
[1]: 36 ----> 4
[1]: 36 ----> 5
[1]: 37 ----> 3
[1]: 37 ----> 11
[1]: 38 ----> 4
[1]: 38 ----> 6
[1]: 38 ----> 13
[1]: 39 ----> 4
[1]: 39 ----> 5
[1]: 39 ----> 6
[1]: 40 ----> 5
[1]: 40 ----> 6
[1]: 41 ----> 5
[1]: 42 ----> 6
[1]: 42 ----> 13
[1]: 43 ----> 7
[1]: 44 ----> 7
[1]: 44 ----> 8
[1]: 45 ----> 8
[1]: 45 ----> 10
[1]: 46 ----> 8
[1]: 46 ----> 10
[1]: 47 ----> 9
[1]: 47 ----> 10
[1]: 48 ----> 9
[1]: 49 ----> 9
[1]: 49 ----> 13
[1]: 50 ----> 9
[1]: 50 ----> 10
[1]: 50 ----> 13
[1]: 51 ----> 11
[1]: 51 ----> 12
[1]: 52 ----> 12
[1]: 53 ----> 0
[1]: 53 ----> 7
[1]: 53 ----> 8
[1]: 53 ----> 14
[1]: 53 ----> 21
[1]: 53 ----> 22
[1]: 54 ----> 0
[1]: 54 ----> 1
[1]: 54 ----> 2
[1]: 54 ----> 14
[1]: 54 ----> 15
[1]: 54 ----> 16
[1]: 55 ----> 0
[1]: 55 ----> 1
[1]: 55 ----> 14
[1]: 55 ----> 15
[1]: 56 ----> 0
[1]: 56 ----> 7
[1]: 56 ----> 14
[1]: 56 ----> 21
[1]: 57 ----> 1
[1]: 57 ----> 2
[1]: 57 ----> 11
[1]: 57 ----> 12
[1]: 57 ----> 15
[1]: 57 ----> 16
[1]: 57 ----> 25
[1]: 57 ----> 26
[1]: 58 ----> 1
[1]: 58 ----> 12
[1]: 58 ----> 15
[1]: 58 ----> 26
[1]: 59 ----> 2
[1]: 59 ----> 3
[1]: 59 ----> 4
[1]: 59 ----> 16
[1]: 59 ----> 17
[1]: 59 ----> 18
[1]: 60 ----> 2
[1]: 60 ----> 3
[1]: 60 ----> 11
[1]: 60 ----> 16
[1]: 60 ----> 17
[1]: 60 ----> 25
[1]: 61 ----> 3
[1]: 61 ----> 4
[1]: 61 ----> 5
[1]: 61 ----> 17
[1]: 61 ----> 18
[1]: 61 ----> 19
[1]: 62 ----> 3
[1]: 62 ----> 11
[1]: 62 ----> 17
[1]: 62 ----> 25
[1]: 63 ----> 4
[1]: 63 ----> 6
[1]: 63 ----> 13
[1]: 63 ----> 18
[1]: 63 ----> 20
[1]: 63 ----> 27
[1]: 64 ----> 4
[1]: 64 ----> 5
[1]: 64 ----> 6
[1]: 64 ----> 18
[1]: 64 ----> 19
[1]: 64 ----> 20
[1]: 65 ----> 5
[1]: 65 ----> 6
[1]: 65 ----> 19
[1]: 65 ----> 20
[1]: 66 ----> 5
[1]: 66 ----> 19
[1]: 67 ----> 6
[1]: 67 ----> 13
[1]: 67 ----> 20
[1]: 67 ----> 27
[1]: 68 ----> 7
[1]: 68 ----> 21
[1]: 69 ----> 7
[1]: 69 ----> 8
[1]: 69 ----> 21
[1]: 69 ----> 22
[1]: 70 ----> 8
[1]: 70 ----> 10
[1]: 70 ----> 22
[1]: 70 ----> 24
[1]: 71 ----> 8
[1]: 71 ----> 10
[1]: 71 ----> 22
[1]: 71 ----> 24
[1]: 72 ----> 9
[1]: 72 ----> 10
[1]: 72 ----> 23
[1]: 72 ----> 24
[1]: 73 ----> 9
[1]: 73 ----> 23
[1]: 74 ----> 9
[1]: 74 ----> 13
[1]: 74 ----> 23
[1]: 74 ----> 27
[1]: 75 ----> 9
[1]: 75 ----> 10
[1]: 75 ----> 13
[1]: 75 ----> 23
[1]: 75 ----> 24
[1]: 75 ----> 27
[1]: 76 ----> 11
[1]: 76 ----> 12
[1]: 76 ----> 25
[1]: 76 ----> 26
[1]: 77 ----> 12
[1]: 77 ----> 26
[1]: 78 ----> 14
[1]: 78 ----> 21
[1]: 78 ----> 22
[1]: 79 ----> 14
[1]: 79 ----> 15
[1]: 79 ----> 16
[1]: 80 ----> 14
[1]: 80 ----> 15
[1]: 81 ----> 14
[1]: 81 ----> 21
[1]: 82 ----> 15
[1]: 82 ----> 16
[1]: 82 ----> 25
[1]: 82 ----> 26
[1]: 83 ----> 15
[1]: 83 ----> 26
[1]: 84 ----> 16
[1]: 84 ----> 17
[1]: 84 ----> 18
[1]: 85 ----> 16
[1]: 85 ----> 17
[1]: 85 ----> 25
[1]: 86 ----> 17
[1]: 86 ----> 18
[1]: 86 ----> 19
[1]: 87 ----> 17
[1]: 87 ----> 25
[1]: 88 ----> 18
[1]: 88 ----> 20
[1]: 88 ----> 27
[1]: 89 ----> 18
[1]: 89 ----> 19
[1]: 89 ----> 20
[1]: 90 ----> 19
[1]: 90 ----> 20
[1]: 91 ----> 19
[1]: 92 ----> 20
[1]: 92 ----> 27
[1]: 93 ----> 21
[1]: 94 ----> 21
[1]: 94 ----> 22
[1]: 95 ----> 22
[1]: 95 ----> 24
[1]: 96 ----> 22
[1]: 96 ----> 24
[1]: 97 ----> 23
[1]: 97 ----> 24
[1]: 98 ----> 23
[1]: 99 ----> 23
[1]: 99 ----> 27
[1]: 100 ----> 23
[1]: 100 ----> 24
[1]: 100 ----> 27
[1]: 101 ----> 25
[1]: 101 ----> 26
[1]: 102 ----> 26
Cones:
[0] Max cone size: 8
[0]: 0 <---- 28 (0)
[0]: 0 <---- 31 (0)
[0]: 0 <---- 30 (0)
[0]: 0 <---- 29 (0)
[0]: 0 <---- 32 (0)
[0]: 0 <---- 33 (0)
[0]: 0 <---- 34 (0)
[0]: 0 <---- 35 (0)
[0]: 1 <---- 30 (0)
[0]: 1 <---- 37 (0)
[0]: 1 <---- 36 (0)
[0]: 1 <---- 29 (0)
[0]: 1 <---- 34 (0)
[0]: 1 <---- 33 (0)
[0]: 1 <---- 38 (0)
[0]: 1 <---- 39 (0)
[0]: 2 <---- 29 (0)
[0]: 2 <---- 36 (0)
[0]: 2 <---- 41 (0)
[0]: 2 <---- 40 (0)
[0]: 2 <---- 33 (0)
[0]: 2 <---- 42 (0)
[0]: 2 <---- 43 (0)
[0]: 2 <---- 38 (0)
[0]: 3 <---- 40 (0)
[0]: 3 <---- 41 (0)
[0]: 3 <---- 45 (0)
[0]: 3 <---- 44 (0)
[0]: 3 <---- 42 (0)
[0]: 3 <---- 46 (0)
[0]: 3 <---- 47 (0)
[0]: 3 <---- 43 (0)
[0]: 4 <---- 40 (0)
[0]: 4 <---- 44 (0)
[0]: 4 <---- 49 (0)
[0]: 4 <---- 48 (0)
[0]: 4 <---- 42 (0)
[0]: 4 <---- 50 (0)
[0]: 4 <---- 51 (0)
[0]: 4 <---- 46 (0)
[0]: 5 <---- 44 (0)
[0]: 5 <---- 53 (0)
[0]: 5 <---- 52 (0)
[0]: 5 <---- 49 (0)
[0]: 5 <---- 46 (0)
[0]: 5 <---- 51 (0)
[0]: 5 <---- 54 (0)
[0]: 5 <---- 55 (0)
[0]: 6 <---- 49 (0)
[0]: 6 <---- 52 (0)
[0]: 6 <---- 56 (0)
[0]: 6 <---- 48 (0)
[0]: 6 <---- 51 (0)
[0]: 6 <---- 50 (0)
[0]: 6 <---- 57 (0)
[0]: 6 <---- 54 (0)
[0]: 7 <---- 31 (0)
[0]: 7 <---- 28 (0)
[0]: 7 <---- 59 (0)
[0]: 7 <---- 58 (0)
[0]: 7 <---- 35 (0)
[0]: 7 <---- 60 (0)
[0]: 7 <---- 61 (0)
[0]: 7 <---- 32 (0)
[0]: 8 <---- 59 (0)
[0]: 8 <---- 28 (0)
[0]: 8 <---- 63 (0)
[0]: 8 <---- 62 (0)
[0]: 8 <---- 61 (0)
[0]: 8 <---- 64 (0)
[0]: 8 <---- 65 (0)
[0]: 8 <---- 32 (0)
[0]: 9 <---- 66 (0)
[0]: 9 <---- 69 (0)
[0]: 9 <---- 68 (0)
[0]: 9 <---- 67 (0)
[0]: 9 <---- 70 (0)
[0]: 9 <---- 71 (0)
[0]: 9 <---- 72 (0)
[0]: 9 <---- 73 (0)
[0]: 10 <---- 69 (0)
[0]: 10 <---- 66 (0)
[0]: 10 <---- 62 (0)
[0]: 10 <---- 63 (0)
[0]: 10 <---- 73 (0)
[0]: 10 <---- 65 (0)
[0]: 10 <---- 64 (0)
[0]: 10 <---- 70 (0)
[0]: 11 <---- 36 (0)
[0]: 11 <---- 74 (0)
[0]: 11 <---- 45 (0)
[0]: 11 <---- 41 (0)
[0]: 11 <---- 38 (0)
[0]: 11 <---- 43 (0)
[0]: 11 <---- 47 (0)
[0]: 11 <---- 75 (0)
[0]: 12 <---- 74 (0)
[0]: 12 <---- 36 (0)
[0]: 12 <---- 37 (0)
[0]: 12 <---- 76 (0)
[0]: 12 <---- 75 (0)
[0]: 12 <---- 77 (0)
[0]: 12 <---- 39 (0)
[0]: 12 <---- 38 (0)
[0]: 13 <---- 69 (0)
[0]: 13 <---- 48 (0)
[0]: 13 <---- 56 (0)
[0]: 13 <---- 68 (0)
[0]: 13 <---- 73 (0)
[0]: 13 <---- 72 (0)
[0]: 13 <---- 57 (0)
[0]: 13 <---- 50 (0)
[0]: 14 <---- 78 (0)
[0]: 14 <---- 81 (0)
[0]: 14 <---- 80 (0)
[0]: 14 <---- 79 (0)
[0]: 14 <---- 28 (0)
[0]: 14 <---- 29 (0)
[0]: 14 <---- 30 (0)
[0]: 14 <---- 31 (0)
[0]: 15 <---- 80 (0)
[0]: 15 <---- 83 (0)
[0]: 15 <---- 82 (0)
[0]: 15 <---- 79 (0)
[0]: 15 <---- 30 (0)
[0]: 15 <---- 29 (0)
[0]: 15 <---- 36 (0)
[0]: 15 <---- 37 (0)
[0]: 16 <---- 79 (0)
[0]: 16 <---- 82 (0)
[0]: 16 <---- 85 (0)
[0]: 16 <---- 84 (0)
[0]: 16 <---- 29 (0)
[0]: 16 <---- 40 (0)
[0]: 16 <---- 41 (0)
[0]: 16 <---- 36 (0)
[0]: 17 <---- 84 (0)
[0]: 17 <---- 85 (0)
[0]: 17 <---- 87 (0)
[0]: 17 <---- 86 (0)
[0]: 17 <---- 40 (0)
[0]: 17 <---- 44 (0)
[0]: 17 <---- 45 (0)
[0]: 17 <---- 41 (0)
[0]: 18 <---- 84 (0)
[0]: 18 <---- 86 (0)
[0]: 18 <---- 89 (0)
[0]: 18 <---- 88 (0)
[0]: 18 <---- 40 (0)
[0]: 18 <---- 48 (0)
[0]: 18 <---- 49 (0)
[0]: 18 <---- 44 (0)
[0]: 19 <---- 86 (0)
[0]: 19 <---- 91 (0)
[0]: 19 <---- 90 (0)
[0]: 19 <---- 89 (0)
[0]: 19 <---- 44 (0)
[0]: 19 <---- 49 (0)
[0]: 19 <---- 52 (0)
[0]: 19 <---- 53 (0)
[0]: 20 <---- 89 (0)
[0]: 20 <---- 90 (0)
[0]: 20 <---- 92 (0)
[0]: 20 <---- 88 (0)
[0]: 20 <---- 49 (0)
[0]: 20 <---- 48 (0)
[0]: 20 <---- 56 (0)
[0]: 20 <---- 52 (0)
[0]: 21 <---- 81 (0)
[0]: 21 <---- 78 (0)
[0]: 21 <---- 94 (0)
[0]: 21 <---- 93 (0)
[0]: 21 <---- 31 (0)
[0]: 21 <---- 58 (0)
[0]: 21 <---- 59 (0)
[0]: 21 <---- 28 (0)
[0]: 22 <---- 94 (0)
[0]: 22 <---- 78 (0)
[0]: 22 <---- 96 (0)
[0]: 22 <---- 95 (0)
[0]: 22 <---- 59 (0)
[0]: 22 <---- 62 (0)
[0]: 22 <---- 63 (0)
[0]: 22 <---- 28 (0)
[0]: 23 <---- 97 (0)
[0]: 23 <---- 100 (0)
[0]: 23 <---- 99 (0)
[0]: 23 <---- 98 (0)
[0]: 23 <---- 66 (0)
[0]: 23 <---- 67 (0)
[0]: 23 <---- 68 (0)
[0]: 23 <---- 69 (0)
[0]: 24 <---- 100 (0)
[0]: 24 <---- 97 (0)
[0]: 24 <---- 95 (0)
[0]: 24 <---- 96 (0)
[0]: 24 <---- 69 (0)
[0]: 24 <---- 63 (0)
[0]: 24 <---- 62 (0)
[0]: 24 <---- 66 (0)
[0]: 25 <---- 82 (0)
[0]: 25 <---- 101 (0)
[0]: 25 <---- 87 (0)
[0]: 25 <---- 85 (0)
[0]: 25 <---- 36 (0)
[0]: 25 <---- 41 (0)
[0]: 25 <---- 45 (0)
[0]: 25 <---- 74 (0)
[0]: 26 <---- 101 (0)
[0]: 26 <---- 82 (0)
[0]: 26 <---- 83 (0)
[0]: 26 <---- 102 (0)
[0]: 26 <---- 74 (0)
[0]: 26 <---- 76 (0)
[0]: 26 <---- 37 (0)
[0]: 26 <---- 36 (0)
[0]: 27 <---- 100 (0)
[0]: 27 <---- 88 (0)
[0]: 27 <---- 92 (0)
[0]: 27 <---- 99 (0)
[0]: 27 <---- 69 (0)
[0]: 27 <---- 68 (0)
[0]: 27 <---- 56 (0)
[0]: 27 <---- 48 (0)
[1] Max cone size: 8
[1]: 0 <---- 53 (0)
[1]: 0 <---- 56 (0)
[1]: 0 <---- 55 (0)
[1]: 0 <---- 54 (0)
[1]: 0 <---- 28 (0)
[1]: 0 <---- 29 (0)
[1]: 0 <---- 30 (0)
[1]: 0 <---- 31 (0)
[1]: 1 <---- 55 (0)
[1]: 1 <---- 58 (0)
[1]: 1 <---- 57 (0)
[1]: 1 <---- 54 (0)
[1]: 1 <---- 30 (0)
[1]: 1 <---- 29 (0)
[1]: 1 <---- 32 (0)
[1]: 1 <---- 33 (0)
[1]: 2 <---- 54 (0)
[1]: 2 <---- 57 (0)
[1]: 2 <---- 60 (0)
[1]: 2 <---- 59 (0)
[1]: 2 <---- 29 (0)
[1]: 2 <---- 34 (0)
[1]: 2 <---- 35 (0)
[1]: 2 <---- 32 (0)
[1]: 3 <---- 59 (0)
[1]: 3 <---- 60 (0)
[1]: 3 <---- 62 (0)
[1]: 3 <---- 61 (0)
[1]: 3 <---- 34 (0)
[1]: 3 <---- 36 (0)
[1]: 3 <---- 37 (0)
[1]: 3 <---- 35 (0)
[1]: 4 <---- 59 (0)
[1]: 4 <---- 61 (0)
[1]: 4 <---- 64 (0)
[1]: 4 <---- 63 (0)
[1]: 4 <---- 34 (0)
[1]: 4 <---- 38 (0)
[1]: 4 <---- 39 (0)
[1]: 4 <---- 36 (0)
[1]: 5 <---- 61 (0)
[1]: 5 <---- 66 (0)
[1]: 5 <---- 65 (0)
[1]: 5 <---- 64 (0)
[1]: 5 <---- 36 (0)
[1]: 5 <---- 39 (0)
[1]: 5 <---- 40 (0)
[1]: 5 <---- 41 (0)
[1]: 6 <---- 64 (0)
[1]: 6 <---- 65 (0)
[1]: 6 <---- 67 (0)
[1]: 6 <---- 63 (0)
[1]: 6 <---- 39 (0)
[1]: 6 <---- 38 (0)
[1]: 6 <---- 42 (0)
[1]: 6 <---- 40 (0)
[1]: 7 <---- 56 (0)
[1]: 7 <---- 53 (0)
[1]: 7 <---- 69 (0)
[1]: 7 <---- 68 (0)
[1]: 7 <---- 31 (0)
[1]: 7 <---- 43 (0)
[1]: 7 <---- 44 (0)
[1]: 7 <---- 28 (0)
[1]: 8 <---- 69 (0)
[1]: 8 <---- 53 (0)
[1]: 8 <---- 71 (0)
[1]: 8 <---- 70 (0)
[1]: 8 <---- 44 (0)
[1]: 8 <---- 45 (0)
[1]: 8 <---- 46 (0)
[1]: 8 <---- 28 (0)
[1]: 9 <---- 72 (0)
[1]: 9 <---- 75 (0)
[1]: 9 <---- 74 (0)
[1]: 9 <---- 73 (0)
[1]: 9 <---- 47 (0)
[1]: 9 <---- 48 (0)
[1]: 9 <---- 49 (0)
[1]: 9 <---- 50 (0)
[1]: 10 <---- 75 (0)
[1]: 10 <---- 72 (0)
[1]: 10 <---- 70 (0)
[1]: 10 <---- 71 (0)
[1]: 10 <---- 50 (0)
[1]: 10 <---- 46 (0)
[1]: 10 <---- 45 (0)
[1]: 10 <---- 47 (0)
[1]: 11 <---- 57 (0)
[1]: 11 <---- 76 (0)
[1]: 11 <---- 62 (0)
[1]: 11 <---- 60 (0)
[1]: 11 <---- 32 (0)
[1]: 11 <---- 35 (0)
[1]: 11 <---- 37 (0)
[1]: 11 <---- 51 (0)
[1]: 12 <---- 76 (0)
[1]: 12 <---- 57 (0)
[1]: 12 <---- 58 (0)
[1]: 12 <---- 77 (0)
[1]: 12 <---- 51 (0)
[1]: 12 <---- 52 (0)
[1]: 12 <---- 33 (0)
[1]: 12 <---- 32 (0)
[1]: 13 <---- 75 (0)
[1]: 13 <---- 63 (0)
[1]: 13 <---- 67 (0)
[1]: 13 <---- 74 (0)
[1]: 13 <---- 50 (0)
[1]: 13 <---- 49 (0)
[1]: 13 <---- 42 (0)
[1]: 13 <---- 38 (0)
[1]: 14 <---- 78 (0)
[1]: 14 <---- 81 (0)
[1]: 14 <---- 80 (0)
[1]: 14 <---- 79 (0)
[1]: 14 <---- 53 (0)
[1]: 14 <---- 54 (0)
[1]: 14 <---- 55 (0)
[1]: 14 <---- 56 (0)
[1]: 15 <---- 80 (0)
[1]: 15 <---- 83 (0)
[1]: 15 <---- 82 (0)
[1]: 15 <---- 79 (0)
[1]: 15 <---- 55 (0)
[1]: 15 <---- 54 (0)
[1]: 15 <---- 57 (0)
[1]: 15 <---- 58 (0)
[1]: 16 <---- 79 (0)
[1]: 16 <---- 82 (0)
[1]: 16 <---- 85 (0)
[1]: 16 <---- 84 (0)
[1]: 16 <---- 54 (0)
[1]: 16 <---- 59 (0)
[1]: 16 <---- 60 (0)
[1]: 16 <---- 57 (0)
[1]: 17 <---- 84 (0)
[1]: 17 <---- 85 (0)
[1]: 17 <---- 87 (0)
[1]: 17 <---- 86 (0)
[1]: 17 <---- 59 (0)
[1]: 17 <---- 61 (0)
[1]: 17 <---- 62 (0)
[1]: 17 <---- 60 (0)
[1]: 18 <---- 84 (0)
[1]: 18 <---- 86 (0)
[1]: 18 <---- 89 (0)
[1]: 18 <---- 88 (0)
[1]: 18 <---- 59 (0)
[1]: 18 <---- 63 (0)
[1]: 18 <---- 64 (0)
[1]: 18 <---- 61 (0)
[1]: 19 <---- 86 (0)
[1]: 19 <---- 91 (0)
[1]: 19 <---- 90 (0)
[1]: 19 <---- 89 (0)
[1]: 19 <---- 61 (0)
[1]: 19 <---- 64 (0)
[1]: 19 <---- 65 (0)
[1]: 19 <---- 66 (0)
[1]: 20 <---- 89 (0)
[1]: 20 <---- 90 (0)
[1]: 20 <---- 92 (0)
[1]: 20 <---- 88 (0)
[1]: 20 <---- 64 (0)
[1]: 20 <---- 63 (0)
[1]: 20 <---- 67 (0)
[1]: 20 <---- 65 (0)
[1]: 21 <---- 81 (0)
[1]: 21 <---- 78 (0)
[1]: 21 <---- 94 (0)
[1]: 21 <---- 93 (0)
[1]: 21 <---- 56 (0)
[1]: 21 <---- 68 (0)
[1]: 21 <---- 69 (0)
[1]: 21 <---- 53 (0)
[1]: 22 <---- 94 (0)
[1]: 22 <---- 78 (0)
[1]: 22 <---- 96 (0)
[1]: 22 <---- 95 (0)
[1]: 22 <---- 69 (0)
[1]: 22 <---- 70 (0)
[1]: 22 <---- 71 (0)
[1]: 22 <---- 53 (0)
[1]: 23 <---- 97 (0)
[1]: 23 <---- 100 (0)
[1]: 23 <---- 99 (0)
[1]: 23 <---- 98 (0)
[1]: 23 <---- 72 (0)
[1]: 23 <---- 73 (0)
[1]: 23 <---- 74 (0)
[1]: 23 <---- 75 (0)
[1]: 24 <---- 100 (0)
[1]: 24 <---- 97 (0)
[1]: 24 <---- 95 (0)
[1]: 24 <---- 96 (0)
[1]: 24 <---- 75 (0)
[1]: 24 <---- 71 (0)
[1]: 24 <---- 70 (0)
[1]: 24 <---- 72 (0)
[1]: 25 <---- 82 (0)
[1]: 25 <---- 101 (0)
[1]: 25 <---- 87 (0)
[1]: 25 <---- 85 (0)
[1]: 25 <---- 57 (0)
[1]: 25 <---- 60 (0)
[1]: 25 <---- 62 (0)
[1]: 25 <---- 76 (0)
[1]: 26 <---- 101 (0)
[1]: 26 <---- 82 (0)
[1]: 26 <---- 83 (0)
[1]: 26 <---- 102 (0)
[1]: 26 <---- 76 (0)
[1]: 26 <---- 77 (0)
[1]: 26 <---- 58 (0)
[1]: 26 <---- 57 (0)
[1]: 27 <---- 100 (0)
[1]: 27 <---- 88 (0)
[1]: 27 <---- 92 (0)
[1]: 27 <---- 99 (0)
[1]: 27 <---- 75 (0)
[1]: 27 <---- 74 (0)
[1]: 27 <---- 67 (0)
[1]: 27 <---- 63 (0)
coordinates with 1 fields
  field 0 with 3 components
Process 0:
  (  28) dim  3 offset   0 -0.25 0.433013 0.5
  (  29) dim  3 offset   3 0.25 0.433013 0.5
  (  30) dim  3 offset   6 0. 1. 0.5
  (  31) dim  3 offset   9 -0.5 1. 0.5
  (  32) dim  3 offset  12 -0.25 0.433013 1.
  (  33) dim  3 offset  15 0.25 0.433013 1.
  (  34) dim  3 offset  18 0. 1. 1.
  (  35) dim  3 offset  21 -0.5 1. 1.
  (  36) dim  3 offset  24 0.625878 0.519886 0.5
  (  37) dim  3 offset  27 0.5 1. 0.5
  (  38) dim  3 offset  30 0.625878 0.519886 1.
  (  39) dim  3 offset  33 0.5 1. 1.
  (  40) dim  3 offset  36 0.5 0. 0.5
  (  41) dim  3 offset  39 0.708626 0.173295 0.5
  (  42) dim  3 offset  42 0.5 0. 1.
  (  43) dim  3 offset  45 0.708626 0.173295 1.
  (  44) dim  3 offset  48 1. -0.5 0.5
  (  45) dim  3 offset  51 1. 0. 0.5
  (  46) dim  3 offset  54 1. -0.5 1.
  (  47) dim  3 offset  57 1. 0. 1.
  (  48) dim  3 offset  60 0.25 -0.433013 0.5
  (  49) dim  3 offset  63 0.583333 -0.644338 0.5
  (  50) dim  3 offset  66 0.25 -0.433013 1.
  (  51) dim  3 offset  69 0.583333 -0.644338 1.
  (  52) dim  3 offset  72 0.5 -1. 0.5
  (  53) dim  3 offset  75 1. -1. 0.5
  (  54) dim  3 offset  78 0.5 -1. 1.
  (  55) dim  3 offset  81 1. -1. 1.
  (  56) dim  3 offset  84 0. -1. 0.5
  (  57) dim  3 offset  87 0. -1. 1.
  (  58) dim  3 offset  90 -1. 1. 0.5
  (  59) dim  3 offset  93 -1. 0.5 0.5
  (  60) dim  3 offset  96 -1. 1. 1.
  (  61) dim  3 offset  99 -1. 0.5 1.
  (  62) dim  3 offset 102 -1. 0. 0.5
  (  63) dim  3 offset 105 -0.5 -3.06162e-17 0.5
  (  64) dim  3 offset 108 -1. 0. 1.
  (  65) dim  3 offset 111 -0.5 -6.12323e-17 1.
  (  66) dim  3 offset 114 -1. -0.5 0.5
  (  67) dim  3 offset 117 -1. -1. 0.5
  (  68) dim  3 offset 120 -0.5 -1. 0.5
  (  69) dim  3 offset 123 -0.25 -0.433013 0.5
  (  70) dim  3 offset 126 -1. -0.5 1.
  (  71) dim  3 offset 129 -1. -1. 1.
  (  72) dim  3 offset 132 -0.5 -1. 1.
  (  73) dim  3 offset 135 -0.25 -0.433013 1.
  (  74) dim  3 offset 138 1. 0.5 0.5
  (  75) dim  3 offset 141 1. 0.5 1.
  (  76) dim  3 offset 144 1. 1. 0.5
  (  77) dim  3 offset 147 1. 1. 1.
  (  78) dim  3 offset 150 -0.25 0.433013 0.
  (  79) dim  3 offset 153 0.25 0.433013 1.38778e-17
  (  80) dim  3 offset 156 0. 1. 0.
  (  81) dim  3 offset 159 -0.5 1. 0.
  (  82) dim  3 offset 162 0.625878 0.519886 2.71653e-18
  (  83) dim  3 offset 165 0.5 1. 0.
  (  84) dim  3 offset 168 0.5 0. 0.
  (  85) dim  3 offset 171 0.708626 0.173295 2.00929e-18
  (  86) dim  3 offset 174 1. -0.5 0.
  (  87) dim  3 offset 177 1. 0. 0.
  (  88) dim  3 offset 180 0.25 -0.433013 0.
  (  89) dim  3 offset 183 0.583333 -0.644338 -9.71055e-20
  (  90) dim  3 offset 186 0.5 -1. 0.
  (  91) dim  3 offset 189 1. -1. 0.
  (  92) dim  3 offset 192 0. -1. 0.
  (  93) dim  3 offset 195 -1. 1. 0.
  (  94) dim  3 offset 198 -1. 0.5 0.
  (  95) dim  3 offset 201 -1. 0. 0.
  (  96) dim  3 offset 204 -0.5 0. 0.
  (  97) dim  3 offset 207 -1. -0.5 0.
  (  98) dim  3 offset 210 -1. -1. 0.
  (  99) dim  3 offset 213 -0.5 -1. 0.
  ( 100) dim  3 offset 216 -0.25 -0.433013 0.
  ( 101) dim  3 offset 219 1. 0.5 0.
  ( 102) dim  3 offset 222 1. 1. 0.
Process 1:
  (  28) dim  3 offset   0 -0.25 0.433013 0.
  (  29) dim  3 offset   3 0.25 0.433013 1.38778e-17
  (  30) dim  3 offset   6 0. 1. 0.
  (  31) dim  3 offset   9 -0.5 1. 0.
  (  32) dim  3 offset  12 0.625878 0.519886 2.71653e-18
  (  33) dim  3 offset  15 0.5 1. 0.
  (  34) dim  3 offset  18 0.5 0. 0.
  (  35) dim  3 offset  21 0.708626 0.173295 2.00929e-18
  (  36) dim  3 offset  24 1. -0.5 0.
  (  37) dim  3 offset  27 1. 0. 0.
  (  38) dim  3 offset  30 0.25 -0.433013 0.
  (  39) dim  3 offset  33 0.583333 -0.644338 -9.71055e-20
  (  40) dim  3 offset  36 0.5 -1. 0.
  (  41) dim  3 offset  39 1. -1. 0.
  (  42) dim  3 offset  42 0. -1. 0.
  (  43) dim  3 offset  45 -1. 1. 0.
  (  44) dim  3 offset  48 -1. 0.5 0.
  (  45) dim  3 offset  51 -1. 0. 0.
  (  46) dim  3 offset  54 -0.5 0. 0.
  (  47) dim  3 offset  57 -1. -0.5 0.
  (  48) dim  3 offset  60 -1. -1. 0.
  (  49) dim  3 offset  63 -0.5 -1. 0.
  (  50) dim  3 offset  66 -0.25 -0.433013 0.
  (  51) dim  3 offset  69 1. 0.5 0.
  (  52) dim  3 offset  72 1. 1. 0.
  (  53) dim  3 offset  75 -0.25 0.433013 -0.5
  (  54) dim  3 offset  78 0.25 0.433013 -0.5
  (  55) dim  3 offset  81 0. 1. -0.5
  (  56) dim  3 offset  84 -0.5 1. -0.5
  (  57) dim  3 offset  87 0.625878 0.519886 -0.5
  (  58) dim  3 offset  90 0.5 1. -0.5
  (  59) dim  3 offset  93 0.5 0. -0.5
  (  60) dim  3 offset  96 0.708626 0.173295 -0.5
  (  61) dim  3 offset  99 1. -0.5 -0.5
  (  62) dim  3 offset 102 1. 0. -0.5
  (  63) dim  3 offset 105 0.25 -0.433013 -0.5
  (  64) dim  3 offset 108 0.583333 -0.644338 -0.5
  (  65) dim  3 offset 111 0.5 -1. -0.5
  (  66) dim  3 offset 114 1. -1. -0.5
  (  67) dim  3 offset 117 0. -1. -0.5
  (  68) dim  3 offset 120 -1. 1. -0.5
  (  69) dim  3 offset 123 -1. 0.5 -0.5
  (  70) dim  3 offset 126 -1. 0. -0.5
  (  71) dim  3 offset 129 -0.5 3.06162e-17 -0.5
  (  72) dim  3 offset 132 -1. -0.5 -0.5
  (  73) dim  3 offset 135 -1. -1. -0.5
  (  74) dim  3 offset 138 -0.5 -1. -0.5
  (  75) dim  3 offset 141 -0.25 -0.433013 -0.5
  (  76) dim  3 offset 144 1. 0.5 -0.5
  (  77) dim  3 offset 147 1. 1. -0.5
  (  78) dim  3 offset 150 -0.25 0.433013 -1.
  (  79) dim  3 offset 153 0.25 0.433013 -1.
  (  80) dim  3 offset 156 0. 1. -1.
  (  81) dim  3 offset 159 -0.5 1. -1.
  (  82) dim  3 offset 162 0.625701 0.51915 -1.
  (  83) dim  3 offset 165 0.5 1. -1.
  (  84) dim  3 offset 168 0.5 0. -1.
  (  85) dim  3 offset 171 0.708567 0.17305 -1.
  (  86) dim  3 offset 174 1. -0.5 -1.
  (  87) dim  3 offset 177 1. 0. -1.
  (  88) dim  3 offset 180 0.25 -0.433013 -1.
  (  89) dim  3 offset 183 0.583333 -0.644338 -1.
  (  90) dim  3 offset 186 0.5 -1. -1.
  (  91) dim  3 offset 189 1. -1. -1.
  (  92) dim  3 offset 192 0. -1. -1.
  (  93) dim  3 offset 195 -1. 1. -1.
  (  94) dim  3 offset 198 -1. 0.5 -1.
  (  95) dim  3 offset 201 -1. 0. -1.
  (  96) dim  3 offset 204 -0.5 6.12323e-17 -1.
  (  97) dim  3 offset 207 -1. -0.5 -1.
  (  98) dim  3 offset 210 -1. -1. -1.
  (  99) dim  3 offset 213 -0.5 -1. -1.
  ( 100) dim  3 offset 216 -0.25 -0.433013 -1.
  ( 101) dim  3 offset 219 1. 0.5 -1.
  ( 102) dim  3 offset 222 1. 1. -1.
PetscSF Object: point SF (new_) 2 MPI processes
  type: basic
    sort=rank-order
  [0] Number of roots=103, leaves=25, remote ranks=1
  [0] 78 <- (1,28)
  [0] 79 <- (1,29)
  [0] 80 <- (1,30)
  [0] 81 <- (1,31)
  [0] 82 <- (1,32)
  [0] 83 <- (1,33)
  [0] 84 <- (1,34)
  [0] 85 <- (1,35)
  [0] 86 <- (1,36)
  [0] 87 <- (1,37)
  [0] 88 <- (1,38)
  [0] 89 <- (1,39)
  [0] 90 <- (1,40)
  [0] 91 <- (1,41)
  [0] 92 <- (1,42)
  [0] 93 <- (1,43)
  [0] 94 <- (1,44)
  [0] 95 <- (1,45)
  [0] 96 <- (1,46)
  [0] 97 <- (1,47)
  [0] 98 <- (1,48)
  [0] 99 <- (1,49)
  [0] 100 <- (1,50)
  [0] 101 <- (1,51)
  [0] 102 <- (1,52)
  [1] Number of roots=103, leaves=0, remote ranks=0
  [0] Roots referenced by my leaves, by rank
  [0] 1: 25 edges
  [0]    78 <- 28
  [0]    79 <- 29
  [0]    80 <- 30
  [0]    81 <- 31
  [0]    82 <- 32
  [0]    83 <- 33
  [0]    84 <- 34
  [0]    85 <- 35
  [0]    86 <- 36
  [0]    87 <- 37
  [0]    88 <- 38
  [0]    89 <- 39
  [0]    90 <- 40
  [0]    91 <- 41
  [0]    92 <- 42
  [0]    93 <- 43
  [0]    94 <- 44
  [0]    95 <- 45
  [0]    96 <- 46
  [0]    97 <- 47
  [0]    98 <- 48
  [0]    99 <- 49
  [0]    100 <- 50
  [0]    101 <- 51
  [0]    102 <- 52
  [1] Roots referenced by my leaves, by rank
