DM Object: 2 MPI processes
  type: plex
DM_0x84000004_0 in 2 dimensions:
orientation is missing
cap --> base:
[0] Max sizes cone: 4 support: 2
[0]: 2 ----> 0
[0]: 3 ----> 0
[0]: 4 ----> 0
[0]: 4 ----> 1
[0]: 5 ----> 0
[0]: 5 ----> 1
[0]: 6 ----> 1
[0]: 7 ----> 1
[1] Max sizes cone: 0 support: 0
base <-- cap:
[0]: 0 <---- 4 (0)
[0]: 0 <---- 5 (0)
[0]: 0 <---- 2 (0)
[0]: 0 <---- 3 (0)
[0]: 1 <---- 5 (0)
[0]: 1 <---- 4 (0)
[0]: 1 <---- 6 (0)
[0]: 1 <---- 7 (0)
coordinates with 1 fields
  field 0 with 2 components
Process 0:
  (   2) dim  2 offset   0 -1. 0.5
  (   3) dim  2 offset   2 -1. -0.5
  (   4) dim  2 offset   4 0. -0.5
  (   5) dim  2 offset   6 0. 0.5
  (   6) dim  2 offset   8 1. -0.5
  (   7) dim  2 offset  10 1. 0.5
Process 1:
PetscSF Object: 2 MPI processes
  type not yet set
  PetscSFSetGraph() has not been called yet
DMs are not equal
