DM Object: 4 MPI processes
  type: plex
DM_0x84000004_0 in 3 dimensions:
Supports:
[0] Max support size: 6
[0]: 56 ----> 412
[0]: 56 ----> 413
[0]: 56 ----> 415
[0]: 56 ----> 416
[0]: 56 ----> 430
[0]: 57 ----> 411
[0]: 57 ----> 412
[0]: 57 ----> 414
[0]: 57 ----> 429
[0]: 58 ----> 416
[0]: 58 ----> 417
[0]: 58 ----> 418
[0]: 58 ----> 420
[0]: 58 ----> 433
[0]: 59 ----> 422
[0]: 59 ----> 423
[0]: 59 ----> 424
[0]: 59 ----> 432
[0]: 59 ----> 439
[0]: 59 ----> 444
[0]: 60 ----> 421
[0]: 60 ----> 422
[0]: 60 ----> 425
[0]: 60 ----> 428
[0]: 60 ----> 445
[0]: 61 ----> 427
[0]: 61 ----> 428
[0]: 61 ----> 430
[0]: 61 ----> 431
[0]: 61 ----> 450
[0]: 62 ----> 426
[0]: 62 ----> 427
[0]: 62 ----> 429
[0]: 62 ----> 449
[0]: 63 ----> 431
[0]: 63 ----> 432
[0]: 63 ----> 433
[0]: 63 ----> 440
[0]: 63 ----> 453
[0]: 64 ----> 435
[0]: 64 ----> 436
[0]: 64 ----> 437
[0]: 64 ----> 457
[0]: 65 ----> 434
[0]: 65 ----> 435
[0]: 65 ----> 438
[0]: 65 ----> 440
[0]: 65 ----> 458
[0]: 66 ----> 442
[0]: 66 ----> 443
[0]: 66 ----> 444
[0]: 66 ----> 452
[0]: 66 ----> 459
[0]: 67 ----> 441
[0]: 67 ----> 442
[0]: 67 ----> 445
[0]: 67 ----> 448
[0]: 68 ----> 447
[0]: 68 ----> 448
[0]: 68 ----> 450
[0]: 68 ----> 451
[0]: 69 ----> 446
[0]: 69 ----> 447
[0]: 69 ----> 449
[0]: 70 ----> 451
[0]: 70 ----> 452
[0]: 70 ----> 453
[0]: 70 ----> 460
[0]: 71 ----> 455
[0]: 71 ----> 456
[0]: 71 ----> 457
[0]: 72 ----> 454
[0]: 72 ----> 455
[0]: 72 ----> 458
[0]: 72 ----> 460
[0]: 73 ----> 462
[0]: 73 ----> 463
[0]: 73 ----> 467
[0]: 73 ----> 496
[0]: 74 ----> 461
[0]: 74 ----> 462
[0]: 74 ----> 468
[0]: 74 ----> 471
[0]: 74 ----> 497
[0]: 75 ----> 464
[0]: 75 ----> 465
[0]: 75 ----> 467
[0]: 76 ----> 465
[0]: 76 ----> 466
[0]: 76 ----> 468
[0]: 76 ----> 472
[0]: 77 ----> 470
[0]: 77 ----> 471
[0]: 77 ----> 475
[0]: 77 ----> 489
[0]: 77 ----> 501
[0]: 78 ----> 469
[0]: 78 ----> 470
[0]: 78 ----> 476
[0]: 78 ----> 490
[0]: 78 ----> 502
[0]: 79 ----> 472
[0]: 79 ----> 473
[0]: 79 ----> 475
[0]: 79 ----> 492
[0]: 80 ----> 473
[0]: 80 ----> 474
[0]: 80 ----> 476
[0]: 80 ----> 491
[0]: 81 ----> 477
[0]: 81 ----> 480
[0]: 81 ----> 486
[0]: 81 ----> 489
[0]: 81 ----> 508
[0]: 82 ----> 479
[0]: 82 ----> 480
[0]: 82 ----> 485
[0]: 82 ----> 507
[0]: 83 ----> 408
[0]: 83 ----> 478
[0]: 83 ----> 479
[0]: 83 ----> 488
[0]: 83 ----> 510
[0]: 84 ----> 407
[0]: 84 ----> 477
[0]: 84 ----> 478
[0]: 84 ----> 487
[0]: 84 ----> 490
[0]: 84 ----> 509
[0]: 85 ----> 481
[0]: 85 ----> 484
[0]: 85 ----> 486
[0]: 85 ----> 492
[0]: 86 ----> 481
[0]: 86 ----> 482
[0]: 86 ----> 485
[0]: 87 ----> 409
[0]: 87 ----> 482
[0]: 87 ----> 483
[0]: 87 ----> 488
[0]: 88 ----> 410
[0]: 88 ----> 483
[0]: 88 ----> 484
[0]: 88 ----> 487
[0]: 88 ----> 491
[0]: 89 ----> 494
[0]: 89 ----> 495
[0]: 89 ----> 496
[0]: 89 ----> 516
[0]: 90 ----> 493
[0]: 90 ----> 494
[0]: 90 ----> 497
[0]: 90 ----> 500
[0]: 90 ----> 517
[0]: 91 ----> 499
[0]: 91 ----> 500
[0]: 91 ----> 501
[0]: 91 ----> 511
[0]: 91 ----> 521
[0]: 92 ----> 498
[0]: 92 ----> 499
[0]: 92 ----> 502
[0]: 92 ----> 512
[0]: 92 ----> 522
[0]: 93 ----> 503
[0]: 93 ----> 506
[0]: 93 ----> 508
[0]: 93 ----> 511
[0]: 93 ----> 524
[0]: 94 ----> 437
[0]: 94 ----> 505
[0]: 94 ----> 506
[0]: 94 ----> 507
[0]: 95 ----> 420
[0]: 95 ----> 438
[0]: 95 ----> 504
[0]: 95 ----> 505
[0]: 95 ----> 510
[0]: 96 ----> 419
[0]: 96 ----> 503
[0]: 96 ----> 504
[0]: 96 ----> 509
[0]: 96 ----> 512
[0]: 96 ----> 525
[0]: 97 ----> 514
[0]: 97 ----> 515
[0]: 97 ----> 516
[0]: 97 ----> 531
[0]: 98 ----> 513
[0]: 98 ----> 514
[0]: 98 ----> 517
[0]: 98 ----> 520
[0]: 98 ----> 532
[0]: 99 ----> 519
[0]: 99 ----> 520
[0]: 99 ----> 521
[0]: 99 ----> 526
[0]: 99 ----> 536
[0]: 100 ----> 518
[0]: 100 ----> 519
[0]: 100 ----> 522
[0]: 100 ----> 527
[0]: 100 ----> 537
[0]: 101 ----> 436
[0]: 101 ----> 523
[0]: 101 ----> 524
[0]: 101 ----> 526
[0]: 101 ----> 539
[0]: 102 ----> 434
[0]: 102 ----> 439
[0]: 102 ----> 523
[0]: 102 ----> 525
[0]: 102 ----> 527
[0]: 102 ----> 540
[0]: 103 ----> 529
[0]: 103 ----> 530
[0]: 103 ----> 531
[0]: 104 ----> 528
[0]: 104 ----> 529
[0]: 104 ----> 532
[0]: 104 ----> 535
[0]: 105 ----> 534
[0]: 105 ----> 535
[0]: 105 ----> 536
[0]: 105 ----> 541
[0]: 106 ----> 533
[0]: 106 ----> 534
[0]: 106 ----> 537
[0]: 106 ----> 542
[0]: 107 ----> 456
[0]: 107 ----> 538
[0]: 107 ----> 539
[0]: 107 ----> 541
[0]: 108 ----> 454
[0]: 108 ----> 459
[0]: 108 ----> 538
[0]: 108 ----> 540
[0]: 108 ----> 542
[0]: 109 ----> 544
[0]: 109 ----> 545
[0]: 109 ----> 550
[0]: 109 ----> 551
[0]: 109 ----> 588
[0]: 109 ----> 599
[0]: 110 ----> 543
[0]: 110 ----> 544
[0]: 110 ----> 549
[0]: 110 ----> 593
[0]: 110 ----> 598
[0]: 111 ----> 546
[0]: 111 ----> 547
[0]: 111 ----> 550
[0]: 111 ----> 556
[0]: 111 ----> 591
[0]: 112 ----> 547
[0]: 112 ----> 548
[0]: 112 ----> 549
[0]: 112 ----> 596
[0]: 113 ----> 552
[0]: 113 ----> 553
[0]: 113 ----> 557
[0]: 113 ----> 561
[0]: 113 ----> 569
[0]: 113 ----> 600
[0]: 114 ----> 551
[0]: 114 ----> 552
[0]: 114 ----> 558
[0]: 114 ----> 559
[0]: 114 ----> 601
[0]: 115 ----> 554
[0]: 115 ----> 555
[0]: 115 ----> 557
[0]: 115 ----> 562
[0]: 115 ----> 570
[0]: 116 ----> 555
[0]: 116 ----> 556
[0]: 116 ----> 558
[0]: 116 ----> 564
[0]: 117 ----> 560
[0]: 117 ----> 561
[0]: 117 ----> 565
[0]: 117 ----> 567
[0]: 117 ----> 575
[0]: 117 ----> 602
[0]: 118 ----> 559
[0]: 118 ----> 560
[0]: 118 ----> 566
[0]: 118 ----> 589
[0]: 118 ----> 603
[0]: 119 ----> 562
[0]: 119 ----> 563
[0]: 119 ----> 565
[0]: 119 ----> 572
[0]: 119 ----> 580
[0]: 120 ----> 563
[0]: 120 ----> 564
[0]: 120 ----> 566
[0]: 120 ----> 590
[0]: 121 ----> 407
[0]: 121 ----> 568
[0]: 121 ----> 569
[0]: 121 ----> 573
[0]: 121 ----> 584
[0]: 121 ----> 607
[0]: 122 ----> 567
[0]: 122 ----> 568
[0]: 122 ----> 574
[0]: 122 ----> 577
[0]: 122 ----> 608
[0]: 123 ----> 410
[0]: 123 ----> 570
[0]: 123 ----> 571
[0]: 123 ----> 573
[0]: 123 ----> 585
[0]: 124 ----> 571
[0]: 124 ----> 572
[0]: 124 ----> 574
[0]: 124 ----> 578
[0]: 125 ----> 415
[0]: 125 ----> 576
[0]: 125 ----> 577
[0]: 125 ----> 582
[0]: 125 ----> 583
[0]: 126 ----> 414
[0]: 126 ----> 575
[0]: 126 ----> 576
[0]: 126 ----> 581
[0]: 127 ----> 578
[0]: 127 ----> 579
[0]: 127 ----> 582
[0]: 127 ----> 586
[0]: 128 ----> 579
[0]: 128 ----> 580
[0]: 128 ----> 581
[0]: 129 ----> 408
[0]: 129 ----> 418
[0]: 129 ----> 583
[0]: 129 ----> 584
[0]: 129 ----> 587
[0]: 130 ----> 409
[0]: 130 ----> 585
[0]: 130 ----> 586
[0]: 130 ----> 587
[0]: 131 ----> 588
[0]: 131 ----> 589
[0]: 131 ----> 592
[0]: 131 ----> 594
[0]: 131 ----> 609
[0]: 132 ----> 590
[0]: 132 ----> 591
[0]: 132 ----> 592
[0]: 132 ----> 595
[0]: 133 ----> 593
[0]: 133 ----> 594
[0]: 133 ----> 597
[0]: 133 ----> 610
[0]: 134 ----> 595
[0]: 134 ----> 596
[0]: 134 ----> 597
[0]: 135 ----> 417
[0]: 135 ----> 419
[0]: 135 ----> 424
[0]: 135 ----> 605
[0]: 135 ----> 606
[0]: 135 ----> 607
[0]: 136 ----> 413
[0]: 136 ----> 425
[0]: 136 ----> 604
[0]: 136 ----> 605
[0]: 136 ----> 608
[0]: 137 ----> 461
[0]: 137 ----> 469
[0]: 137 ----> 611
[0]: 137 ----> 614
[0]: 137 ----> 620
[0]: 137 ----> 628
[0]: 138 ----> 545
[0]: 138 ----> 553
[0]: 138 ----> 613
[0]: 138 ----> 614
[0]: 138 ----> 619
[0]: 138 ----> 627
[0]: 139 ----> 543
[0]: 139 ----> 612
[0]: 139 ----> 613
[0]: 139 ----> 622
[0]: 139 ----> 630
[0]: 140 ----> 463
[0]: 140 ----> 611
[0]: 140 ----> 612
[0]: 140 ----> 621
[0]: 140 ----> 629
[0]: 141 ----> 466
[0]: 141 ----> 474
[0]: 141 ----> 615
[0]: 141 ----> 618
[0]: 141 ----> 620
[0]: 142 ----> 546
[0]: 142 ----> 554
[0]: 142 ----> 615
[0]: 142 ----> 616
[0]: 142 ----> 619
[0]: 143 ----> 548
[0]: 143 ----> 616
[0]: 143 ----> 617
[0]: 143 ----> 622
[0]: 144 ----> 464
[0]: 144 ----> 617
[0]: 144 ----> 618
[0]: 144 ----> 621
[0]: 145 ----> 493
[0]: 145 ----> 498
[0]: 145 ----> 623
[0]: 145 ----> 626
[0]: 145 ----> 628
[0]: 145 ----> 649
[0]: 146 ----> 625
[0]: 146 ----> 626
[0]: 146 ----> 627
[0]: 146 ----> 633
[0]: 146 ----> 636
[0]: 146 ----> 648
[0]: 147 ----> 624
[0]: 147 ----> 625
[0]: 147 ----> 630
[0]: 147 ----> 631
[0]: 147 ----> 651
[0]: 148 ----> 495
[0]: 148 ----> 623
[0]: 148 ----> 624
[0]: 148 ----> 629
[0]: 148 ----> 650
[0]: 149 ----> 599
[0]: 149 ----> 632
[0]: 149 ----> 633
[0]: 149 ----> 634
[0]: 149 ----> 640
[0]: 149 ----> 656
[0]: 150 ----> 598
[0]: 150 ----> 631
[0]: 150 ----> 632
[0]: 150 ----> 642
[0]: 150 ----> 655
[0]: 151 ----> 600
[0]: 151 ----> 606
[0]: 151 ----> 635
[0]: 151 ----> 636
[0]: 151 ----> 639
[0]: 151 ----> 660
[0]: 152 ----> 601
[0]: 152 ----> 634
[0]: 152 ----> 635
[0]: 152 ----> 637
[0]: 152 ----> 661
[0]: 153 ----> 411
[0]: 153 ----> 602
[0]: 153 ----> 604
[0]: 153 ----> 638
[0]: 153 ----> 639
[0]: 153 ----> 665
[0]: 154 ----> 603
[0]: 154 ----> 637
[0]: 154 ----> 638
[0]: 154 ----> 641
[0]: 154 ----> 666
[0]: 155 ----> 609
[0]: 155 ----> 640
[0]: 155 ----> 641
[0]: 155 ----> 643
[0]: 155 ----> 669
[0]: 156 ----> 610
[0]: 156 ----> 642
[0]: 156 ----> 643
[0]: 156 ----> 672
[0]: 157 ----> 513
[0]: 157 ----> 518
[0]: 157 ----> 644
[0]: 157 ----> 647
[0]: 157 ----> 649
[0]: 157 ----> 678
[0]: 158 ----> 646
[0]: 158 ----> 647
[0]: 158 ----> 648
[0]: 158 ----> 654
[0]: 158 ----> 659
[0]: 158 ----> 677
[0]: 159 ----> 645
[0]: 159 ----> 646
[0]: 159 ----> 651
[0]: 159 ----> 652
[0]: 159 ----> 680
[0]: 160 ----> 515
[0]: 160 ----> 644
[0]: 160 ----> 645
[0]: 160 ----> 650
[0]: 160 ----> 679
[0]: 161 ----> 653
[0]: 161 ----> 654
[0]: 161 ----> 656
[0]: 161 ----> 657
[0]: 161 ----> 667
[0]: 161 ----> 685
[0]: 162 ----> 652
[0]: 162 ----> 653
[0]: 162 ----> 655
[0]: 162 ----> 670
[0]: 162 ----> 684
[0]: 163 ----> 423
[0]: 163 ----> 658
[0]: 163 ----> 659
[0]: 163 ----> 660
[0]: 163 ----> 664
[0]: 163 ----> 689
[0]: 164 ----> 657
[0]: 164 ----> 658
[0]: 164 ----> 661
[0]: 164 ----> 662
[0]: 164 ----> 690
[0]: 165 ----> 421
[0]: 165 ----> 426
[0]: 165 ----> 663
[0]: 165 ----> 664
[0]: 165 ----> 665
[0]: 165 ----> 694
[0]: 166 ----> 662
[0]: 166 ----> 663
[0]: 166 ----> 666
[0]: 166 ----> 668
[0]: 166 ----> 695
[0]: 167 ----> 667
[0]: 167 ----> 668
[0]: 167 ----> 669
[0]: 167 ----> 671
[0]: 167 ----> 698
[0]: 168 ----> 670
[0]: 168 ----> 671
[0]: 168 ----> 672
[0]: 168 ----> 701
[0]: 169 ----> 528
[0]: 169 ----> 533
[0]: 169 ----> 673
[0]: 169 ----> 676
[0]: 169 ----> 678
[0]: 170 ----> 675
[0]: 170 ----> 676
[0]: 170 ----> 677
[0]: 170 ----> 683
[0]: 170 ----> 688
[0]: 171 ----> 674
[0]: 171 ----> 675
[0]: 171 ----> 680
[0]: 171 ----> 681
[0]: 172 ----> 530
[0]: 172 ----> 673
[0]: 172 ----> 674
[0]: 172 ----> 679
[0]: 173 ----> 682
[0]: 173 ----> 683
[0]: 173 ----> 685
[0]: 173 ----> 686
[0]: 173 ----> 696
[0]: 174 ----> 681
[0]: 174 ----> 682
[0]: 174 ----> 684
[0]: 174 ----> 699
[0]: 175 ----> 443
[0]: 175 ----> 687
[0]: 175 ----> 688
[0]: 175 ----> 689
[0]: 175 ----> 693
[0]: 176 ----> 686
[0]: 176 ----> 687
[0]: 176 ----> 690
[0]: 176 ----> 691
[0]: 177 ----> 441
[0]: 177 ----> 446
[0]: 177 ----> 692
[0]: 177 ----> 693
[0]: 177 ----> 694
[0]: 178 ----> 691
[0]: 178 ----> 692
[0]: 178 ----> 695
[0]: 178 ----> 697
[0]: 179 ----> 696
[0]: 179 ----> 697
[0]: 179 ----> 698
[0]: 179 ----> 700
[0]: 180 ----> 699
[0]: 180 ----> 700
[0]: 180 ----> 701
[0]: 181 ----> 0
[0]: 181 ----> 3
[0]: 182 ----> 0
[0]: 183 ----> 0
[0]: 184 ----> 0
[0]: 185 ----> 1
[0]: 185 ----> 5
[0]: 186 ----> 1
[0]: 187 ----> 1
[0]: 187 ----> 2
[0]: 188 ----> 1
[0]: 189 ----> 2
[0]: 189 ----> 6
[0]: 190 ----> 2
[0]: 191 ----> 2
[0]: 191 ----> 3
[0]: 192 ----> 3
[0]: 192 ----> 8
[0]: 193 ----> 3
[0]: 194 ----> 3
[0]: 195 ----> 4
[0]: 195 ----> 9
[0]: 196 ----> 4
[0]: 197 ----> 4
[0]: 197 ----> 5
[0]: 198 ----> 4
[0]: 198 ----> 6
[0]: 199 ----> 5
[0]: 199 ----> 10
[0]: 200 ----> 5
[0]: 201 ----> 5
[0]: 201 ----> 6
[0]: 202 ----> 5
[0]: 203 ----> 6
[0]: 203 ----> 11
[0]: 204 ----> 6
[0]: 205 ----> 6
[0]: 205 ----> 8
[0]: 206 ----> 7
[0]: 206 ----> 12
[0]: 207 ----> 7
[0]: 208 ----> 7
[0]: 208 ----> 8
[0]: 209 ----> 7
[0]: 210 ----> 8
[0]: 210 ----> 13
[0]: 211 ----> 8
[0]: 212 ----> 8
[0]: 213 ----> 9
[0]: 214 ----> 9
[0]: 215 ----> 9
[0]: 215 ----> 10
[0]: 216 ----> 9
[0]: 216 ----> 11
[0]: 217 ----> 10
[0]: 218 ----> 10
[0]: 219 ----> 10
[0]: 219 ----> 11
[0]: 220 ----> 10
[0]: 221 ----> 11
[0]: 222 ----> 11
[0]: 223 ----> 11
[0]: 223 ----> 13
[0]: 224 ----> 12
[0]: 225 ----> 12
[0]: 226 ----> 12
[0]: 226 ----> 13
[0]: 227 ----> 12
[0]: 228 ----> 13
[0]: 229 ----> 13
[0]: 230 ----> 13
[0]: 231 ----> 14
[0]: 231 ----> 18
[0]: 232 ----> 14
[0]: 233 ----> 14
[0]: 234 ----> 14
[0]: 234 ----> 15
[0]: 235 ----> 14
[0]: 236 ----> 15
[0]: 236 ----> 19
[0]: 237 ----> 15
[0]: 238 ----> 15
[0]: 239 ----> 15
[0]: 240 ----> 15
[0]: 240 ----> 17
[0]: 241 ----> 16
[0]: 241 ----> 20
[0]: 242 ----> 16
[0]: 243 ----> 16
[0]: 244 ----> 0
[0]: 244 ----> 16
[0]: 245 ----> 16
[0]: 246 ----> 16
[0]: 246 ----> 17
[0]: 247 ----> 17
[0]: 247 ----> 21
[0]: 248 ----> 17
[0]: 249 ----> 17
[0]: 250 ----> 17
[0]: 251 ----> 18
[0]: 251 ----> 22
[0]: 252 ----> 18
[0]: 253 ----> 18
[0]: 253 ----> 19
[0]: 254 ----> 18
[0]: 255 ----> 19
[0]: 255 ----> 23
[0]: 256 ----> 19
[0]: 257 ----> 19
[0]: 258 ----> 19
[0]: 258 ----> 21
[0]: 259 ----> 7
[0]: 259 ----> 20
[0]: 260 ----> 20
[0]: 261 ----> 3
[0]: 261 ----> 20
[0]: 262 ----> 20
[0]: 263 ----> 20
[0]: 263 ----> 21
[0]: 264 ----> 21
[0]: 264 ----> 24
[0]: 265 ----> 21
[0]: 266 ----> 21
[0]: 267 ----> 22
[0]: 267 ----> 25
[0]: 268 ----> 22
[0]: 269 ----> 22
[0]: 269 ----> 23
[0]: 270 ----> 22
[0]: 271 ----> 23
[0]: 271 ----> 26
[0]: 272 ----> 23
[0]: 273 ----> 23
[0]: 274 ----> 23
[0]: 274 ----> 24
[0]: 275 ----> 7
[0]: 275 ----> 24
[0]: 276 ----> 24
[0]: 276 ----> 27
[0]: 277 ----> 24
[0]: 278 ----> 24
[0]: 279 ----> 25
[0]: 280 ----> 25
[0]: 281 ----> 25
[0]: 281 ----> 26
[0]: 282 ----> 25
[0]: 283 ----> 26
[0]: 284 ----> 26
[0]: 285 ----> 26
[0]: 286 ----> 26
[0]: 286 ----> 27
[0]: 287 ----> 12
[0]: 287 ----> 27
[0]: 288 ----> 27
[0]: 289 ----> 27
[0]: 290 ----> 27
[0]: 291 ----> 28
[0]: 291 ----> 36
[0]: 292 ----> 28
[0]: 293 ----> 28
[0]: 293 ----> 35
[0]: 294 ----> 28
[0]: 294 ----> 29
[0]: 295 ----> 28
[0]: 296 ----> 29
[0]: 296 ----> 37
[0]: 297 ----> 29
[0]: 298 ----> 29
[0]: 299 ----> 29
[0]: 299 ----> 34
[0]: 300 ----> 29
[0]: 300 ----> 30
[0]: 301 ----> 30
[0]: 301 ----> 38
[0]: 302 ----> 30
[0]: 303 ----> 30
[0]: 303 ----> 31
[0]: 304 ----> 30
[0]: 304 ----> 34
[0]: 305 ----> 30
[0]: 306 ----> 31
[0]: 306 ----> 39
[0]: 307 ----> 31
[0]: 308 ----> 31
[0]: 309 ----> 31
[0]: 309 ----> 32
[0]: 310 ----> 31
[0]: 310 ----> 33
[0]: 311 ----> 1
[0]: 311 ----> 32
[0]: 312 ----> 32
[0]: 313 ----> 32
[0]: 314 ----> 32
[0]: 314 ----> 33
[0]: 315 ----> 32
[0]: 316 ----> 2
[0]: 316 ----> 33
[0]: 317 ----> 33
[0]: 318 ----> 33
[0]: 319 ----> 0
[0]: 319 ----> 33
[0]: 320 ----> 34
[0]: 320 ----> 40
[0]: 321 ----> 34
[0]: 322 ----> 34
[0]: 323 ----> 34
[0]: 323 ----> 35
[0]: 324 ----> 35
[0]: 324 ----> 41
[0]: 325 ----> 35
[0]: 326 ----> 35
[0]: 327 ----> 35
[0]: 328 ----> 36
[0]: 328 ----> 41
[0]: 329 ----> 36
[0]: 329 ----> 37
[0]: 330 ----> 36
[0]: 331 ----> 37
[0]: 332 ----> 37
[0]: 332 ----> 40
[0]: 333 ----> 37
[0]: 333 ----> 38
[0]: 334 ----> 38
[0]: 334 ----> 39
[0]: 335 ----> 38
[0]: 335 ----> 40
[0]: 336 ----> 38
[0]: 337 ----> 4
[0]: 337 ----> 39
[0]: 338 ----> 39
[0]: 339 ----> 1
[0]: 339 ----> 39
[0]: 340 ----> 2
[0]: 340 ----> 39
[0]: 341 ----> 40
[0]: 342 ----> 40
[0]: 342 ----> 41
[0]: 343 ----> 41
[0]: 344 ----> 41
[0]: 345 ----> 42
[0]: 345 ----> 43
[0]: 346 ----> 42
[0]: 347 ----> 42
[0]: 348 ----> 42
[0]: 349 ----> 28
[0]: 349 ----> 42
[0]: 350 ----> 14
[0]: 350 ----> 42
[0]: 351 ----> 43
[0]: 351 ----> 44
[0]: 352 ----> 43
[0]: 353 ----> 43
[0]: 354 ----> 36
[0]: 354 ----> 43
[0]: 355 ----> 18
[0]: 355 ----> 43
[0]: 356 ----> 36
[0]: 356 ----> 45
[0]: 357 ----> 37
[0]: 357 ----> 46
[0]: 358 ----> 38
[0]: 358 ----> 47
[0]: 359 ----> 40
[0]: 359 ----> 48
[0]: 360 ----> 41
[0]: 360 ----> 49
[0]: 361 ----> 44
[0]: 361 ----> 50
[0]: 362 ----> 44
[0]: 363 ----> 44
[0]: 364 ----> 44
[0]: 364 ----> 45
[0]: 365 ----> 22
[0]: 365 ----> 44
[0]: 366 ----> 45
[0]: 366 ----> 51
[0]: 367 ----> 45
[0]: 367 ----> 49
[0]: 368 ----> 45
[0]: 368 ----> 46
[0]: 369 ----> 45
[0]: 370 ----> 46
[0]: 370 ----> 52
[0]: 371 ----> 46
[0]: 372 ----> 46
[0]: 372 ----> 48
[0]: 373 ----> 46
[0]: 373 ----> 47
[0]: 374 ----> 47
[0]: 374 ----> 53
[0]: 375 ----> 4
[0]: 375 ----> 47
[0]: 376 ----> 47
[0]: 376 ----> 48
[0]: 377 ----> 47
[0]: 378 ----> 48
[0]: 378 ----> 54
[0]: 379 ----> 48
[0]: 380 ----> 48
[0]: 380 ----> 49
[0]: 381 ----> 49
[0]: 381 ----> 55
[0]: 382 ----> 49
[0]: 383 ----> 49
[0]: 384 ----> 50
[0]: 385 ----> 50
[0]: 386 ----> 50
[0]: 387 ----> 50
[0]: 387 ----> 51
[0]: 388 ----> 25
[0]: 388 ----> 50
[0]: 389 ----> 51
[0]: 390 ----> 51
[0]: 390 ----> 55
[0]: 391 ----> 51
[0]: 391 ----> 52
[0]: 392 ----> 51
[0]: 393 ----> 52
[0]: 394 ----> 52
[0]: 395 ----> 52
[0]: 395 ----> 54
[0]: 396 ----> 52
[0]: 396 ----> 53
[0]: 397 ----> 53
[0]: 398 ----> 9
[0]: 398 ----> 53
[0]: 399 ----> 53
[0]: 399 ----> 54
[0]: 400 ----> 53
[0]: 401 ----> 54
[0]: 402 ----> 54
[0]: 403 ----> 54
[0]: 403 ----> 55
[0]: 404 ----> 55
[0]: 405 ----> 55
[0]: 406 ----> 55
[0]: 407 ----> 181
[0]: 407 ----> 184
[0]: 407 ----> 194
[0]: 408 ----> 181
[0]: 408 ----> 183
[0]: 408 ----> 193
[0]: 409 ----> 182
[0]: 409 ----> 183
[0]: 410 ----> 182
[0]: 410 ----> 184
[0]: 411 ----> 185
[0]: 411 ----> 188
[0]: 411 ----> 202
[0]: 412 ----> 185
[0]: 412 ----> 186
[0]: 412 ----> 200
[0]: 413 ----> 185
[0]: 413 ----> 187
[0]: 413 ----> 189
[0]: 413 ----> 201
[0]: 414 ----> 186
[0]: 414 ----> 188
[0]: 415 ----> 186
[0]: 415 ----> 187
[0]: 415 ----> 190
[0]: 416 ----> 189
[0]: 416 ----> 190
[0]: 416 ----> 204
[0]: 417 ----> 189
[0]: 417 ----> 191
[0]: 417 ----> 192
[0]: 417 ----> 205
[0]: 418 ----> 190
[0]: 418 ----> 191
[0]: 418 ----> 193
[0]: 419 ----> 192
[0]: 419 ----> 194
[0]: 419 ----> 212
[0]: 420 ----> 192
[0]: 420 ----> 193
[0]: 420 ----> 211
[0]: 421 ----> 195
[0]: 421 ----> 197
[0]: 421 ----> 199
[0]: 421 ----> 215
[0]: 422 ----> 195
[0]: 422 ----> 198
[0]: 422 ----> 203
[0]: 422 ----> 216
[0]: 423 ----> 195
[0]: 423 ----> 196
[0]: 423 ----> 214
[0]: 424 ----> 196
[0]: 424 ----> 198
[0]: 424 ----> 205
[0]: 424 ----> 212
[0]: 425 ----> 197
[0]: 425 ----> 198
[0]: 425 ----> 201
[0]: 426 ----> 199
[0]: 426 ----> 202
[0]: 426 ----> 220
[0]: 427 ----> 199
[0]: 427 ----> 200
[0]: 427 ----> 218
[0]: 428 ----> 199
[0]: 428 ----> 201
[0]: 428 ----> 203
[0]: 428 ----> 219
[0]: 429 ----> 200
[0]: 429 ----> 202
[0]: 430 ----> 200
[0]: 430 ----> 201
[0]: 430 ----> 204
[0]: 431 ----> 203
[0]: 431 ----> 204
[0]: 431 ----> 222
[0]: 432 ----> 203
[0]: 432 ----> 205
[0]: 432 ----> 210
[0]: 432 ----> 223
[0]: 433 ----> 204
[0]: 433 ----> 205
[0]: 433 ----> 211
[0]: 434 ----> 206
[0]: 434 ----> 208
[0]: 434 ----> 210
[0]: 434 ----> 226
[0]: 435 ----> 206
[0]: 435 ----> 209
[0]: 435 ----> 227
[0]: 436 ----> 206
[0]: 436 ----> 207
[0]: 436 ----> 225
[0]: 437 ----> 207
[0]: 437 ----> 209
[0]: 438 ----> 208
[0]: 438 ----> 209
[0]: 438 ----> 211
[0]: 439 ----> 210
[0]: 439 ----> 212
[0]: 439 ----> 230
[0]: 440 ----> 210
[0]: 440 ----> 211
[0]: 440 ----> 229
[0]: 441 ----> 213
[0]: 441 ----> 215
[0]: 441 ----> 217
[0]: 442 ----> 213
[0]: 442 ----> 216
[0]: 442 ----> 221
[0]: 443 ----> 213
[0]: 443 ----> 214
[0]: 444 ----> 214
[0]: 444 ----> 216
[0]: 444 ----> 223
[0]: 444 ----> 230
[0]: 445 ----> 215
[0]: 445 ----> 216
[0]: 445 ----> 219
[0]: 446 ----> 217
[0]: 446 ----> 220
[0]: 447 ----> 217
[0]: 447 ----> 218
[0]: 448 ----> 217
[0]: 448 ----> 219
[0]: 448 ----> 221
[0]: 449 ----> 218
[0]: 449 ----> 220
[0]: 450 ----> 218
[0]: 450 ----> 219
[0]: 450 ----> 222
[0]: 451 ----> 221
[0]: 451 ----> 222
[0]: 452 ----> 221
[0]: 452 ----> 223
[0]: 452 ----> 228
[0]: 453 ----> 222
[0]: 453 ----> 223
[0]: 453 ----> 229
[0]: 454 ----> 224
[0]: 454 ----> 226
[0]: 454 ----> 228
[0]: 455 ----> 224
[0]: 455 ----> 227
[0]: 456 ----> 224
[0]: 456 ----> 225
[0]: 457 ----> 225
[0]: 457 ----> 227
[0]: 458 ----> 226
[0]: 458 ----> 227
[0]: 458 ----> 229
[0]: 459 ----> 228
[0]: 459 ----> 230
[0]: 460 ----> 228
[0]: 460 ----> 229
[0]: 461 ----> 231
[0]: 461 ----> 234
[0]: 461 ----> 236
[0]: 461 ----> 253
[0]: 462 ----> 231
[0]: 462 ----> 235
[0]: 462 ----> 254
[0]: 463 ----> 231
[0]: 463 ----> 233
[0]: 463 ----> 252
[0]: 464 ----> 232
[0]: 464 ----> 233
[0]: 465 ----> 232
[0]: 465 ----> 235
[0]: 466 ----> 232
[0]: 466 ----> 234
[0]: 466 ----> 237
[0]: 467 ----> 233
[0]: 467 ----> 235
[0]: 468 ----> 234
[0]: 468 ----> 235
[0]: 468 ----> 238
[0]: 469 ----> 236
[0]: 469 ----> 239
[0]: 469 ----> 257
[0]: 470 ----> 236
[0]: 470 ----> 240
[0]: 470 ----> 247
[0]: 470 ----> 258
[0]: 471 ----> 236
[0]: 471 ----> 238
[0]: 471 ----> 256
[0]: 472 ----> 237
[0]: 472 ----> 238
[0]: 473 ----> 237
[0]: 473 ----> 240
[0]: 473 ----> 248
[0]: 474 ----> 237
[0]: 474 ----> 239
[0]: 475 ----> 238
[0]: 475 ----> 240
[0]: 475 ----> 250
[0]: 476 ----> 239
[0]: 476 ----> 240
[0]: 476 ----> 249
[0]: 477 ----> 241
[0]: 477 ----> 246
[0]: 477 ----> 247
[0]: 477 ----> 263
[0]: 478 ----> 181
[0]: 478 ----> 241
[0]: 478 ----> 244
[0]: 478 ----> 261
[0]: 479 ----> 241
[0]: 479 ----> 245
[0]: 479 ----> 262
[0]: 480 ----> 241
[0]: 480 ----> 243
[0]: 480 ----> 260
[0]: 481 ----> 242
[0]: 481 ----> 243
[0]: 482 ----> 242
[0]: 482 ----> 245
[0]: 483 ----> 182
[0]: 483 ----> 242
[0]: 483 ----> 244
[0]: 484 ----> 242
[0]: 484 ----> 246
[0]: 484 ----> 248
[0]: 485 ----> 243
[0]: 485 ----> 245
[0]: 486 ----> 243
[0]: 486 ----> 246
[0]: 486 ----> 250
[0]: 487 ----> 184
[0]: 487 ----> 244
[0]: 487 ----> 246
[0]: 487 ----> 249
[0]: 488 ----> 183
[0]: 488 ----> 244
[0]: 488 ----> 245
[0]: 489 ----> 247
[0]: 489 ----> 250
[0]: 489 ----> 266
[0]: 490 ----> 247
[0]: 490 ----> 249
[0]: 490 ----> 265
[0]: 491 ----> 248
[0]: 491 ----> 249
[0]: 492 ----> 248
[0]: 492 ----> 250
[0]: 493 ----> 251
[0]: 493 ----> 253
[0]: 493 ----> 255
[0]: 493 ----> 269
[0]: 494 ----> 251
[0]: 494 ----> 254
[0]: 494 ----> 270
[0]: 495 ----> 251
[0]: 495 ----> 252
[0]: 495 ----> 268
[0]: 496 ----> 252
[0]: 496 ----> 254
[0]: 497 ----> 253
[0]: 497 ----> 254
[0]: 497 ----> 256
[0]: 498 ----> 255
[0]: 498 ----> 257
[0]: 498 ----> 273
[0]: 499 ----> 255
[0]: 499 ----> 258
[0]: 499 ----> 264
[0]: 499 ----> 274
[0]: 500 ----> 255
[0]: 500 ----> 256
[0]: 500 ----> 272
[0]: 501 ----> 256
[0]: 501 ----> 258
[0]: 501 ----> 266
[0]: 502 ----> 257
[0]: 502 ----> 258
[0]: 502 ----> 265
[0]: 503 ----> 259
[0]: 503 ----> 263
[0]: 503 ----> 264
[0]: 503 ----> 275
[0]: 504 ----> 192
[0]: 504 ----> 208
[0]: 504 ----> 259
[0]: 504 ----> 261
[0]: 505 ----> 209
[0]: 505 ----> 259
[0]: 505 ----> 262
[0]: 506 ----> 207
[0]: 506 ----> 259
[0]: 506 ----> 260
[0]: 507 ----> 260
[0]: 507 ----> 262
[0]: 508 ----> 260
[0]: 508 ----> 263
[0]: 508 ----> 266
[0]: 509 ----> 194
[0]: 509 ----> 261
[0]: 509 ----> 263
[0]: 509 ----> 265
[0]: 510 ----> 193
[0]: 510 ----> 261
[0]: 510 ----> 262
[0]: 511 ----> 264
[0]: 511 ----> 266
[0]: 511 ----> 278
[0]: 512 ----> 264
[0]: 512 ----> 265
[0]: 512 ----> 277
[0]: 513 ----> 267
[0]: 513 ----> 269
[0]: 513 ----> 271
[0]: 513 ----> 281
[0]: 514 ----> 267
[0]: 514 ----> 270
[0]: 514 ----> 282
[0]: 515 ----> 267
[0]: 515 ----> 268
[0]: 515 ----> 280
[0]: 516 ----> 268
[0]: 516 ----> 270
[0]: 517 ----> 269
[0]: 517 ----> 270
[0]: 517 ----> 272
[0]: 518 ----> 271
[0]: 518 ----> 273
[0]: 518 ----> 285
[0]: 519 ----> 271
[0]: 519 ----> 274
[0]: 519 ----> 276
[0]: 519 ----> 286
[0]: 520 ----> 271
[0]: 520 ----> 272
[0]: 520 ----> 284
[0]: 521 ----> 272
[0]: 521 ----> 274
[0]: 521 ----> 278
[0]: 522 ----> 273
[0]: 522 ----> 274
[0]: 522 ----> 277
[0]: 523 ----> 206
[0]: 523 ----> 275
[0]: 523 ----> 276
[0]: 523 ----> 287
[0]: 524 ----> 207
[0]: 524 ----> 275
[0]: 524 ----> 278
[0]: 525 ----> 208
[0]: 525 ----> 212
[0]: 525 ----> 275
[0]: 525 ----> 277
[0]: 526 ----> 276
[0]: 526 ----> 278
[0]: 526 ----> 290
[0]: 527 ----> 276
[0]: 527 ----> 277
[0]: 527 ----> 289
[0]: 528 ----> 279
[0]: 528 ----> 281
[0]: 528 ----> 283
[0]: 529 ----> 279
[0]: 529 ----> 282
[0]: 530 ----> 279
[0]: 530 ----> 280
[0]: 531 ----> 280
[0]: 531 ----> 282
[0]: 532 ----> 281
[0]: 532 ----> 282
[0]: 532 ----> 284
[0]: 533 ----> 283
[0]: 533 ----> 285
[0]: 534 ----> 283
[0]: 534 ----> 286
[0]: 534 ----> 288
[0]: 535 ----> 283
[0]: 535 ----> 284
[0]: 536 ----> 284
[0]: 536 ----> 286
[0]: 536 ----> 290
[0]: 537 ----> 285
[0]: 537 ----> 286
[0]: 537 ----> 289
[0]: 538 ----> 224
[0]: 538 ----> 287
[0]: 538 ----> 288
[0]: 539 ----> 225
[0]: 539 ----> 287
[0]: 539 ----> 290
[0]: 540 ----> 226
[0]: 540 ----> 230
[0]: 540 ----> 287
[0]: 540 ----> 289
[0]: 541 ----> 288
[0]: 541 ----> 290
[0]: 542 ----> 288
[0]: 542 ----> 289
[0]: 543 ----> 291
[0]: 543 ----> 295
[0]: 543 ----> 330
[0]: 544 ----> 291
[0]: 544 ----> 293
[0]: 544 ----> 324
[0]: 544 ----> 328
[0]: 545 ----> 291
[0]: 545 ----> 294
[0]: 545 ----> 296
[0]: 545 ----> 329
[0]: 546 ----> 292
[0]: 546 ----> 294
[0]: 546 ----> 297
[0]: 547 ----> 292
[0]: 547 ----> 293
[0]: 547 ----> 325
[0]: 548 ----> 292
[0]: 548 ----> 295
[0]: 549 ----> 293
[0]: 549 ----> 295
[0]: 549 ----> 327
[0]: 550 ----> 293
[0]: 550 ----> 294
[0]: 550 ----> 299
[0]: 550 ----> 323
[0]: 551 ----> 296
[0]: 551 ----> 299
[0]: 551 ----> 320
[0]: 551 ----> 332
[0]: 552 ----> 296
[0]: 552 ----> 300
[0]: 552 ----> 301
[0]: 552 ----> 333
[0]: 553 ----> 296
[0]: 553 ----> 298
[0]: 553 ----> 331
[0]: 554 ----> 297
[0]: 554 ----> 298
[0]: 555 ----> 297
[0]: 555 ----> 300
[0]: 555 ----> 302
[0]: 556 ----> 297
[0]: 556 ----> 299
[0]: 556 ----> 321
[0]: 557 ----> 298
[0]: 557 ----> 300
[0]: 557 ----> 303
[0]: 557 ----> 308
[0]: 558 ----> 299
[0]: 558 ----> 300
[0]: 558 ----> 304
[0]: 559 ----> 301
[0]: 559 ----> 304
[0]: 559 ----> 320
[0]: 559 ----> 335
[0]: 560 ----> 301
[0]: 560 ----> 305
[0]: 560 ----> 336
[0]: 561 ----> 301
[0]: 561 ----> 303
[0]: 561 ----> 306
[0]: 561 ----> 334
[0]: 562 ----> 302
[0]: 562 ----> 303
[0]: 562 ----> 307
[0]: 563 ----> 302
[0]: 563 ----> 305
[0]: 564 ----> 302
[0]: 564 ----> 304
[0]: 564 ----> 321
[0]: 565 ----> 303
[0]: 565 ----> 305
[0]: 565 ----> 309
[0]: 565 ----> 315
[0]: 566 ----> 304
[0]: 566 ----> 305
[0]: 566 ----> 322
[0]: 567 ----> 306
[0]: 567 ----> 309
[0]: 567 ----> 311
[0]: 567 ----> 339
[0]: 568 ----> 306
[0]: 568 ----> 310
[0]: 568 ----> 316
[0]: 568 ----> 340
[0]: 569 ----> 306
[0]: 569 ----> 308
[0]: 569 ----> 338
[0]: 570 ----> 307
[0]: 570 ----> 308
[0]: 571 ----> 307
[0]: 571 ----> 310
[0]: 571 ----> 317
[0]: 572 ----> 307
[0]: 572 ----> 309
[0]: 572 ----> 312
[0]: 573 ----> 184
[0]: 573 ----> 308
[0]: 573 ----> 310
[0]: 573 ----> 319
[0]: 574 ----> 309
[0]: 574 ----> 310
[0]: 574 ----> 314
[0]: 575 ----> 188
[0]: 575 ----> 311
[0]: 575 ----> 315
[0]: 576 ----> 186
[0]: 576 ----> 311
[0]: 576 ----> 313
[0]: 577 ----> 187
[0]: 577 ----> 311
[0]: 577 ----> 314
[0]: 577 ----> 316
[0]: 578 ----> 312
[0]: 578 ----> 314
[0]: 578 ----> 317
[0]: 579 ----> 312
[0]: 579 ----> 313
[0]: 580 ----> 312
[0]: 580 ----> 315
[0]: 581 ----> 313
[0]: 581 ----> 315
[0]: 582 ----> 313
[0]: 582 ----> 314
[0]: 582 ----> 318
[0]: 583 ----> 190
[0]: 583 ----> 316
[0]: 583 ----> 318
[0]: 584 ----> 181
[0]: 584 ----> 191
[0]: 584 ----> 316
[0]: 584 ----> 319
[0]: 585 ----> 182
[0]: 585 ----> 317
[0]: 585 ----> 319
[0]: 586 ----> 317
[0]: 586 ----> 318
[0]: 587 ----> 183
[0]: 587 ----> 318
[0]: 587 ----> 319
[0]: 588 ----> 320
[0]: 588 ----> 323
[0]: 588 ----> 324
[0]: 588 ----> 342
[0]: 589 ----> 320
[0]: 589 ----> 322
[0]: 589 ----> 341
[0]: 590 ----> 321
[0]: 590 ----> 322
[0]: 591 ----> 321
[0]: 591 ----> 323
[0]: 591 ----> 325
[0]: 592 ----> 322
[0]: 592 ----> 323
[0]: 592 ----> 326
[0]: 593 ----> 324
[0]: 593 ----> 327
[0]: 593 ----> 344
[0]: 594 ----> 324
[0]: 594 ----> 326
[0]: 594 ----> 343
[0]: 595 ----> 325
[0]: 595 ----> 326
[0]: 596 ----> 325
[0]: 596 ----> 327
[0]: 597 ----> 326
[0]: 597 ----> 327
[0]: 598 ----> 328
[0]: 598 ----> 330
[0]: 598 ----> 344
[0]: 599 ----> 328
[0]: 599 ----> 329
[0]: 599 ----> 332
[0]: 599 ----> 342
[0]: 600 ----> 331
[0]: 600 ----> 333
[0]: 600 ----> 334
[0]: 600 ----> 338
[0]: 601 ----> 332
[0]: 601 ----> 333
[0]: 601 ----> 335
[0]: 602 ----> 188
[0]: 602 ----> 334
[0]: 602 ----> 336
[0]: 602 ----> 339
[0]: 603 ----> 335
[0]: 603 ----> 336
[0]: 603 ----> 341
[0]: 604 ----> 185
[0]: 604 ----> 197
[0]: 604 ----> 337
[0]: 604 ----> 339
[0]: 605 ----> 189
[0]: 605 ----> 198
[0]: 605 ----> 337
[0]: 605 ----> 340
[0]: 606 ----> 196
[0]: 606 ----> 337
[0]: 606 ----> 338
[0]: 607 ----> 191
[0]: 607 ----> 194
[0]: 607 ----> 338
[0]: 607 ----> 340
[0]: 608 ----> 187
[0]: 608 ----> 339
[0]: 608 ----> 340
[0]: 609 ----> 341
[0]: 609 ----> 342
[0]: 609 ----> 343
[0]: 610 ----> 343
[0]: 610 ----> 344
[0]: 611 ----> 231
[0]: 611 ----> 345
[0]: 611 ----> 350
[0]: 611 ----> 355
[0]: 612 ----> 345
[0]: 612 ----> 348
[0]: 612 ----> 353
[0]: 613 ----> 291
[0]: 613 ----> 345
[0]: 613 ----> 349
[0]: 613 ----> 354
[0]: 614 ----> 345
[0]: 614 ----> 347
[0]: 614 ----> 352
[0]: 615 ----> 346
[0]: 615 ----> 347
[0]: 616 ----> 292
[0]: 616 ----> 346
[0]: 616 ----> 349
[0]: 617 ----> 346
[0]: 617 ----> 348
[0]: 618 ----> 232
[0]: 618 ----> 346
[0]: 618 ----> 350
[0]: 619 ----> 294
[0]: 619 ----> 298
[0]: 619 ----> 347
[0]: 619 ----> 349
[0]: 620 ----> 234
[0]: 620 ----> 239
[0]: 620 ----> 347
[0]: 620 ----> 350
[0]: 621 ----> 233
[0]: 621 ----> 348
[0]: 621 ----> 350
[0]: 622 ----> 295
[0]: 622 ----> 348
[0]: 622 ----> 349
[0]: 623 ----> 251
[0]: 623 ----> 351
[0]: 623 ----> 355
[0]: 623 ----> 365
[0]: 624 ----> 351
[0]: 624 ----> 353
[0]: 624 ----> 363
[0]: 625 ----> 351
[0]: 625 ----> 354
[0]: 625 ----> 356
[0]: 625 ----> 364
[0]: 626 ----> 351
[0]: 626 ----> 352
[0]: 626 ----> 362
[0]: 627 ----> 329
[0]: 627 ----> 331
[0]: 627 ----> 352
[0]: 627 ----> 354
[0]: 628 ----> 253
[0]: 628 ----> 257
[0]: 628 ----> 352
[0]: 628 ----> 355
[0]: 629 ----> 252
[0]: 629 ----> 353
[0]: 629 ----> 355
[0]: 630 ----> 330
[0]: 630 ----> 353
[0]: 630 ----> 354
[0]: 631 ----> 330
[0]: 631 ----> 356
[0]: 631 ----> 369
[0]: 632 ----> 328
[0]: 632 ----> 356
[0]: 632 ----> 360
[0]: 632 ----> 367
[0]: 633 ----> 329
[0]: 633 ----> 356
[0]: 633 ----> 357
[0]: 633 ----> 368
[0]: 634 ----> 332
[0]: 634 ----> 357
[0]: 634 ----> 359
[0]: 634 ----> 372
[0]: 635 ----> 333
[0]: 635 ----> 357
[0]: 635 ----> 358
[0]: 635 ----> 373
[0]: 636 ----> 331
[0]: 636 ----> 357
[0]: 636 ----> 371
[0]: 637 ----> 335
[0]: 637 ----> 358
[0]: 637 ----> 359
[0]: 637 ----> 376
[0]: 638 ----> 336
[0]: 638 ----> 358
[0]: 638 ----> 377
[0]: 639 ----> 334
[0]: 639 ----> 337
[0]: 639 ----> 358
[0]: 639 ----> 375
[0]: 640 ----> 342
[0]: 640 ----> 359
[0]: 640 ----> 360
[0]: 640 ----> 380
[0]: 641 ----> 341
[0]: 641 ----> 359
[0]: 641 ----> 379
[0]: 642 ----> 344
[0]: 642 ----> 360
[0]: 642 ----> 383
[0]: 643 ----> 343
[0]: 643 ----> 360
[0]: 643 ----> 382
[0]: 644 ----> 267
[0]: 644 ----> 361
[0]: 644 ----> 365
[0]: 644 ----> 388
[0]: 645 ----> 361
[0]: 645 ----> 363
[0]: 645 ----> 386
[0]: 646 ----> 361
[0]: 646 ----> 364
[0]: 646 ----> 366
[0]: 646 ----> 387
[0]: 647 ----> 361
[0]: 647 ----> 362
[0]: 647 ----> 385
[0]: 648 ----> 362
[0]: 648 ----> 364
[0]: 648 ----> 368
[0]: 648 ----> 371
[0]: 649 ----> 269
[0]: 649 ----> 273
[0]: 649 ----> 362
[0]: 649 ----> 365
[0]: 650 ----> 268
[0]: 650 ----> 363
[0]: 650 ----> 365
[0]: 651 ----> 363
[0]: 651 ----> 364
[0]: 651 ----> 369
[0]: 652 ----> 366
[0]: 652 ----> 369
[0]: 652 ----> 392
[0]: 653 ----> 366
[0]: 653 ----> 367
[0]: 653 ----> 381
[0]: 653 ----> 390
[0]: 654 ----> 366
[0]: 654 ----> 368
[0]: 654 ----> 370
[0]: 654 ----> 391
[0]: 655 ----> 367
[0]: 655 ----> 369
[0]: 655 ----> 383
[0]: 656 ----> 367
[0]: 656 ----> 368
[0]: 656 ----> 372
[0]: 656 ----> 380
[0]: 657 ----> 370
[0]: 657 ----> 372
[0]: 657 ----> 378
[0]: 657 ----> 395
[0]: 658 ----> 370
[0]: 658 ----> 373
[0]: 658 ----> 374
[0]: 658 ----> 396
[0]: 659 ----> 370
[0]: 659 ----> 371
[0]: 659 ----> 394
[0]: 660 ----> 196
[0]: 660 ----> 371
[0]: 660 ----> 373
[0]: 660 ----> 375
[0]: 661 ----> 372
[0]: 661 ----> 373
[0]: 661 ----> 376
[0]: 662 ----> 374
[0]: 662 ----> 376
[0]: 662 ----> 378
[0]: 662 ----> 399
[0]: 663 ----> 374
[0]: 663 ----> 377
[0]: 663 ----> 400
[0]: 664 ----> 195
[0]: 664 ----> 374
[0]: 664 ----> 375
[0]: 664 ----> 398
[0]: 665 ----> 197
[0]: 665 ----> 202
[0]: 665 ----> 375
[0]: 665 ----> 377
[0]: 666 ----> 376
[0]: 666 ----> 377
[0]: 666 ----> 379
[0]: 667 ----> 378
[0]: 667 ----> 380
[0]: 667 ----> 381
[0]: 667 ----> 403
[0]: 668 ----> 378
[0]: 668 ----> 379
[0]: 668 ----> 402
[0]: 669 ----> 379
[0]: 669 ----> 380
[0]: 669 ----> 382
[0]: 670 ----> 381
[0]: 670 ----> 383
[0]: 670 ----> 406
[0]: 671 ----> 381
[0]: 671 ----> 382
[0]: 671 ----> 405
[0]: 672 ----> 382
[0]: 672 ----> 383
[0]: 673 ----> 279
[0]: 673 ----> 384
[0]: 673 ----> 388
[0]: 674 ----> 384
[0]: 674 ----> 386
[0]: 675 ----> 384
[0]: 675 ----> 387
[0]: 675 ----> 389
[0]: 676 ----> 384
[0]: 676 ----> 385
[0]: 677 ----> 385
[0]: 677 ----> 387
[0]: 677 ----> 391
[0]: 677 ----> 394
[0]: 678 ----> 281
[0]: 678 ----> 285
[0]: 678 ----> 385
[0]: 678 ----> 388
[0]: 679 ----> 280
[0]: 679 ----> 386
[0]: 679 ----> 388
[0]: 680 ----> 386
[0]: 680 ----> 387
[0]: 680 ----> 392
[0]: 681 ----> 389
[0]: 681 ----> 392
[0]: 682 ----> 389
[0]: 682 ----> 390
[0]: 682 ----> 404
[0]: 683 ----> 389
[0]: 683 ----> 391
[0]: 683 ----> 393
[0]: 684 ----> 390
[0]: 684 ----> 392
[0]: 684 ----> 406
[0]: 685 ----> 390
[0]: 685 ----> 391
[0]: 685 ----> 395
[0]: 685 ----> 403
[0]: 686 ----> 393
[0]: 686 ----> 395
[0]: 686 ----> 401
[0]: 687 ----> 393
[0]: 687 ----> 396
[0]: 687 ----> 397
[0]: 688 ----> 393
[0]: 688 ----> 394
[0]: 689 ----> 214
[0]: 689 ----> 394
[0]: 689 ----> 396
[0]: 689 ----> 398
[0]: 690 ----> 395
[0]: 690 ----> 396
[0]: 690 ----> 399
[0]: 691 ----> 397
[0]: 691 ----> 399
[0]: 691 ----> 401
[0]: 692 ----> 397
[0]: 692 ----> 400
[0]: 693 ----> 213
[0]: 693 ----> 397
[0]: 693 ----> 398
[0]: 694 ----> 215
[0]: 694 ----> 220
[0]: 694 ----> 398
[0]: 694 ----> 400
[0]: 695 ----> 399
[0]: 695 ----> 400
[0]: 695 ----> 402
[0]: 696 ----> 401
[0]: 696 ----> 403
[0]: 696 ----> 404
[0]: 697 ----> 401
[0]: 697 ----> 402
[0]: 698 ----> 402
[0]: 698 ----> 403
[0]: 698 ----> 405
[0]: 699 ----> 404
[0]: 699 ----> 406
[0]: 700 ----> 404
[0]: 700 ----> 405
[0]: 701 ----> 405
[0]: 701 ----> 406
[1] Max support size: 0
[2] Max support size: 0
[3] Max support size: 0
Cones:
[0] Max cone size: 6
[0]: 0 <---- 181 (0)
[0]: 0 <---- 182 (0)
[0]: 0 <---- 244 (-1)
[0]: 0 <---- 319 (-1)
[0]: 0 <---- 183 (0)
[0]: 0 <---- 184 (0)
[0]: 1 <---- 185 (0)
[0]: 1 <---- 311 (-4)
[0]: 1 <---- 339 (-1)
[0]: 1 <---- 186 (0)
[0]: 1 <---- 187 (0)
[0]: 1 <---- 188 (0)
[0]: 2 <---- 189 (0)
[0]: 2 <---- 316 (-4)
[0]: 2 <---- 340 (-1)
[0]: 2 <---- 190 (0)
[0]: 2 <---- 191 (0)
[0]: 2 <---- 187 (-4)
[0]: 3 <---- 192 (0)
[0]: 3 <---- 181 (-4)
[0]: 3 <---- 261 (-1)
[0]: 3 <---- 191 (-1)
[0]: 3 <---- 193 (0)
[0]: 3 <---- 194 (0)
[0]: 4 <---- 195 (0)
[0]: 4 <---- 337 (-4)
[0]: 4 <---- 196 (0)
[0]: 4 <---- 197 (0)
[0]: 4 <---- 198 (0)
[0]: 4 <---- 375 (-4)
[0]: 5 <---- 199 (0)
[0]: 5 <---- 185 (-4)
[0]: 5 <---- 197 (-1)
[0]: 5 <---- 200 (0)
[0]: 5 <---- 201 (0)
[0]: 5 <---- 202 (0)
[0]: 6 <---- 203 (0)
[0]: 6 <---- 189 (-4)
[0]: 6 <---- 198 (-1)
[0]: 6 <---- 204 (0)
[0]: 6 <---- 205 (0)
[0]: 6 <---- 201 (-4)
[0]: 7 <---- 206 (0)
[0]: 7 <---- 259 (-4)
[0]: 7 <---- 207 (0)
[0]: 7 <---- 208 (0)
[0]: 7 <---- 209 (0)
[0]: 7 <---- 275 (0)
[0]: 8 <---- 210 (0)
[0]: 8 <---- 192 (-4)
[0]: 8 <---- 208 (-1)
[0]: 8 <---- 205 (-1)
[0]: 8 <---- 211 (0)
[0]: 8 <---- 212 (0)
[0]: 9 <---- 213 (0)
[0]: 9 <---- 195 (-4)
[0]: 9 <---- 214 (0)
[0]: 9 <---- 215 (0)
[0]: 9 <---- 216 (0)
[0]: 9 <---- 398 (-4)
[0]: 10 <---- 217 (0)
[0]: 10 <---- 199 (-4)
[0]: 10 <---- 215 (-1)
[0]: 10 <---- 218 (0)
[0]: 10 <---- 219 (0)
[0]: 10 <---- 220 (0)
[0]: 11 <---- 221 (0)
[0]: 11 <---- 203 (-4)
[0]: 11 <---- 216 (-1)
[0]: 11 <---- 222 (0)
[0]: 11 <---- 223 (0)
[0]: 11 <---- 219 (-4)
[0]: 12 <---- 224 (0)
[0]: 12 <---- 206 (-4)
[0]: 12 <---- 225 (0)
[0]: 12 <---- 226 (0)
[0]: 12 <---- 227 (0)
[0]: 12 <---- 287 (0)
[0]: 13 <---- 228 (0)
[0]: 13 <---- 210 (-4)
[0]: 13 <---- 226 (-1)
[0]: 13 <---- 223 (-1)
[0]: 13 <---- 229 (0)
[0]: 13 <---- 230 (0)
[0]: 14 <---- 231 (0)
[0]: 14 <---- 232 (0)
[0]: 14 <---- 233 (0)
[0]: 14 <---- 234 (0)
[0]: 14 <---- 235 (0)
[0]: 14 <---- 350 (-3)
[0]: 15 <---- 236 (0)
[0]: 15 <---- 237 (0)
[0]: 15 <---- 238 (0)
[0]: 15 <---- 239 (0)
[0]: 15 <---- 240 (0)
[0]: 15 <---- 234 (-4)
[0]: 16 <---- 241 (0)
[0]: 16 <---- 242 (0)
[0]: 16 <---- 243 (0)
[0]: 16 <---- 244 (0)
[0]: 16 <---- 245 (0)
[0]: 16 <---- 246 (0)
[0]: 17 <---- 247 (0)
[0]: 17 <---- 248 (0)
[0]: 17 <---- 249 (0)
[0]: 17 <---- 250 (0)
[0]: 17 <---- 240 (-1)
[0]: 17 <---- 246 (-3)
[0]: 18 <---- 251 (0)
[0]: 18 <---- 231 (-4)
[0]: 18 <---- 252 (0)
[0]: 18 <---- 253 (0)
[0]: 18 <---- 254 (0)
[0]: 18 <---- 355 (-3)
[0]: 19 <---- 255 (0)
[0]: 19 <---- 236 (-4)
[0]: 19 <---- 256 (0)
[0]: 19 <---- 257 (0)
[0]: 19 <---- 258 (0)
[0]: 19 <---- 253 (-4)
[0]: 20 <---- 259 (0)
[0]: 20 <---- 241 (-4)
[0]: 20 <---- 260 (0)
[0]: 20 <---- 261 (0)
[0]: 20 <---- 262 (0)
[0]: 20 <---- 263 (0)
[0]: 21 <---- 264 (0)
[0]: 21 <---- 247 (-4)
[0]: 21 <---- 265 (0)
[0]: 21 <---- 266 (0)
[0]: 21 <---- 258 (-1)
[0]: 21 <---- 263 (-3)
[0]: 22 <---- 267 (0)
[0]: 22 <---- 251 (-4)
[0]: 22 <---- 268 (0)
[0]: 22 <---- 269 (0)
[0]: 22 <---- 270 (0)
[0]: 22 <---- 365 (-3)
[0]: 23 <---- 271 (0)
[0]: 23 <---- 255 (-4)
[0]: 23 <---- 272 (0)
[0]: 23 <---- 273 (0)
[0]: 23 <---- 274 (0)
[0]: 23 <---- 269 (-4)
[0]: 24 <---- 276 (0)
[0]: 24 <---- 264 (-4)
[0]: 24 <---- 277 (0)
[0]: 24 <---- 278 (0)
[0]: 24 <---- 274 (-1)
[0]: 24 <---- 275 (-3)
[0]: 25 <---- 279 (0)
[0]: 25 <---- 267 (-4)
[0]: 25 <---- 280 (0)
[0]: 25 <---- 281 (0)
[0]: 25 <---- 282 (0)
[0]: 25 <---- 388 (-3)
[0]: 26 <---- 283 (0)
[0]: 26 <---- 271 (-4)
[0]: 26 <---- 284 (0)
[0]: 26 <---- 285 (0)
[0]: 26 <---- 286 (0)
[0]: 26 <---- 281 (-4)
[0]: 27 <---- 288 (0)
[0]: 27 <---- 276 (-4)
[0]: 27 <---- 289 (0)
[0]: 27 <---- 290 (0)
[0]: 27 <---- 286 (-1)
[0]: 27 <---- 287 (-3)
[0]: 28 <---- 291 (0)
[0]: 28 <---- 292 (0)
[0]: 28 <---- 349 (-1)
[0]: 28 <---- 293 (0)
[0]: 28 <---- 294 (0)
[0]: 28 <---- 295 (0)
[0]: 29 <---- 296 (0)
[0]: 29 <---- 297 (0)
[0]: 29 <---- 298 (0)
[0]: 29 <---- 299 (0)
[0]: 29 <---- 300 (0)
[0]: 29 <---- 294 (-4)
[0]: 30 <---- 301 (0)
[0]: 30 <---- 302 (0)
[0]: 30 <---- 303 (0)
[0]: 30 <---- 304 (0)
[0]: 30 <---- 305 (0)
[0]: 30 <---- 300 (-4)
[0]: 31 <---- 306 (0)
[0]: 31 <---- 307 (0)
[0]: 31 <---- 308 (0)
[0]: 31 <---- 309 (0)
[0]: 31 <---- 310 (0)
[0]: 31 <---- 303 (-4)
[0]: 32 <---- 311 (0)
[0]: 32 <---- 312 (0)
[0]: 32 <---- 309 (-1)
[0]: 32 <---- 313 (0)
[0]: 32 <---- 314 (0)
[0]: 32 <---- 315 (0)
[0]: 33 <---- 316 (0)
[0]: 33 <---- 317 (0)
[0]: 33 <---- 310 (-1)
[0]: 33 <---- 318 (0)
[0]: 33 <---- 319 (0)
[0]: 33 <---- 314 (-4)
[0]: 34 <---- 320 (0)
[0]: 34 <---- 321 (0)
[0]: 34 <---- 299 (-1)
[0]: 34 <---- 322 (0)
[0]: 34 <---- 304 (-1)
[0]: 34 <---- 323 (0)
[0]: 35 <---- 324 (0)
[0]: 35 <---- 325 (0)
[0]: 35 <---- 326 (0)
[0]: 35 <---- 293 (-1)
[0]: 35 <---- 327 (0)
[0]: 35 <---- 323 (-3)
[0]: 36 <---- 356 (0)
[0]: 36 <---- 291 (-4)
[0]: 36 <---- 354 (-1)
[0]: 36 <---- 328 (0)
[0]: 36 <---- 329 (0)
[0]: 36 <---- 330 (0)
[0]: 37 <---- 357 (0)
[0]: 37 <---- 296 (-4)
[0]: 37 <---- 331 (0)
[0]: 37 <---- 332 (0)
[0]: 37 <---- 333 (0)
[0]: 37 <---- 329 (-4)
[0]: 38 <---- 358 (0)
[0]: 38 <---- 301 (-4)
[0]: 38 <---- 334 (0)
[0]: 38 <---- 335 (0)
[0]: 38 <---- 336 (0)
[0]: 38 <---- 333 (-4)
[0]: 39 <---- 337 (0)
[0]: 39 <---- 306 (-4)
[0]: 39 <---- 338 (0)
[0]: 39 <---- 339 (0)
[0]: 39 <---- 340 (0)
[0]: 39 <---- 334 (-4)
[0]: 40 <---- 359 (0)
[0]: 40 <---- 320 (-4)
[0]: 40 <---- 332 (-1)
[0]: 40 <---- 341 (0)
[0]: 40 <---- 335 (-1)
[0]: 40 <---- 342 (0)
[0]: 41 <---- 360 (0)
[0]: 41 <---- 324 (-4)
[0]: 41 <---- 343 (0)
[0]: 41 <---- 328 (-1)
[0]: 41 <---- 344 (0)
[0]: 41 <---- 342 (-3)
[0]: 42 <---- 345 (0)
[0]: 42 <---- 346 (0)
[0]: 42 <---- 347 (0)
[0]: 42 <---- 348 (0)
[0]: 42 <---- 349 (0)
[0]: 42 <---- 350 (0)
[0]: 43 <---- 351 (0)
[0]: 43 <---- 345 (-4)
[0]: 43 <---- 352 (0)
[0]: 43 <---- 353 (0)
[0]: 43 <---- 354 (0)
[0]: 43 <---- 355 (0)
[0]: 44 <---- 361 (0)
[0]: 44 <---- 351 (-4)
[0]: 44 <---- 362 (0)
[0]: 44 <---- 363 (0)
[0]: 44 <---- 364 (0)
[0]: 44 <---- 365 (0)
[0]: 45 <---- 366 (0)
[0]: 45 <---- 356 (-4)
[0]: 45 <---- 364 (-1)
[0]: 45 <---- 367 (0)
[0]: 45 <---- 368 (0)
[0]: 45 <---- 369 (0)
[0]: 46 <---- 370 (0)
[0]: 46 <---- 357 (-4)
[0]: 46 <---- 371 (0)
[0]: 46 <---- 372 (0)
[0]: 46 <---- 373 (0)
[0]: 46 <---- 368 (-4)
[0]: 47 <---- 374 (0)
[0]: 47 <---- 358 (-4)
[0]: 47 <---- 375 (0)
[0]: 47 <---- 376 (0)
[0]: 47 <---- 377 (0)
[0]: 47 <---- 373 (-4)
[0]: 48 <---- 378 (0)
[0]: 48 <---- 359 (-4)
[0]: 48 <---- 372 (-1)
[0]: 48 <---- 379 (0)
[0]: 48 <---- 376 (-1)
[0]: 48 <---- 380 (0)
[0]: 49 <---- 381 (0)
[0]: 49 <---- 360 (-4)
[0]: 49 <---- 382 (0)
[0]: 49 <---- 367 (-1)
[0]: 49 <---- 383 (0)
[0]: 49 <---- 380 (-3)
[0]: 50 <---- 384 (0)
[0]: 50 <---- 361 (-4)
[0]: 50 <---- 385 (0)
[0]: 50 <---- 386 (0)
[0]: 50 <---- 387 (0)
[0]: 50 <---- 388 (0)
[0]: 51 <---- 389 (0)
[0]: 51 <---- 366 (-4)
[0]: 51 <---- 387 (-1)
[0]: 51 <---- 390 (0)
[0]: 51 <---- 391 (0)
[0]: 51 <---- 392 (0)
[0]: 52 <---- 393 (0)
[0]: 52 <---- 370 (-4)
[0]: 52 <---- 394 (0)
[0]: 52 <---- 395 (0)
[0]: 52 <---- 396 (0)
[0]: 52 <---- 391 (-4)
[0]: 53 <---- 397 (0)
[0]: 53 <---- 374 (-4)
[0]: 53 <---- 398 (0)
[0]: 53 <---- 399 (0)
[0]: 53 <---- 400 (0)
[0]: 53 <---- 396 (-4)
[0]: 54 <---- 401 (0)
[0]: 54 <---- 378 (-4)
[0]: 54 <---- 395 (-1)
[0]: 54 <---- 402 (0)
[0]: 54 <---- 399 (-1)
[0]: 54 <---- 403 (0)
[0]: 55 <---- 404 (0)
[0]: 55 <---- 381 (-4)
[0]: 55 <---- 405 (0)
[0]: 55 <---- 390 (-1)
[0]: 55 <---- 406 (0)
[0]: 55 <---- 403 (-3)
[0]: 181 <---- 407 (0)
[0]: 181 <---- 584 (-2)
[0]: 181 <---- 408 (0)
[0]: 181 <---- 478 (-2)
[0]: 182 <---- 483 (-2)
[0]: 182 <---- 409 (0)
[0]: 182 <---- 585 (-2)
[0]: 182 <---- 410 (0)
[0]: 183 <---- 408 (-2)
[0]: 183 <---- 587 (-2)
[0]: 183 <---- 409 (-2)
[0]: 183 <---- 488 (0)
[0]: 184 <---- 487 (0)
[0]: 184 <---- 410 (-2)
[0]: 184 <---- 573 (-2)
[0]: 184 <---- 407 (-2)
[0]: 185 <---- 411 (0)
[0]: 185 <---- 412 (0)
[0]: 185 <---- 413 (0)
[0]: 185 <---- 604 (-2)
[0]: 186 <---- 412 (-2)
[0]: 186 <---- 414 (0)
[0]: 186 <---- 576 (0)
[0]: 186 <---- 415 (0)
[0]: 187 <---- 413 (-2)
[0]: 187 <---- 415 (-2)
[0]: 187 <---- 577 (0)
[0]: 187 <---- 608 (0)
[0]: 188 <---- 602 (0)
[0]: 188 <---- 575 (0)
[0]: 188 <---- 414 (-2)
[0]: 188 <---- 411 (-2)
[0]: 189 <---- 413 (-2)
[0]: 189 <---- 416 (0)
[0]: 189 <---- 417 (0)
[0]: 189 <---- 605 (-2)
[0]: 190 <---- 416 (-2)
[0]: 190 <---- 415 (-2)
[0]: 190 <---- 583 (0)
[0]: 190 <---- 418 (0)
[0]: 191 <---- 417 (-2)
[0]: 191 <---- 418 (-2)
[0]: 191 <---- 584 (0)
[0]: 191 <---- 607 (-2)
[0]: 192 <---- 419 (0)
[0]: 192 <---- 417 (-2)
[0]: 192 <---- 420 (0)
[0]: 192 <---- 504 (-2)
[0]: 193 <---- 420 (-2)
[0]: 193 <---- 418 (-2)
[0]: 193 <---- 408 (0)
[0]: 193 <---- 510 (0)
[0]: 194 <---- 509 (0)
[0]: 194 <---- 407 (0)
[0]: 194 <---- 607 (-2)
[0]: 194 <---- 419 (-2)
[0]: 195 <---- 664 (-2)
[0]: 195 <---- 421 (0)
[0]: 195 <---- 422 (0)
[0]: 195 <---- 423 (0)
[0]: 196 <---- 423 (-2)
[0]: 196 <---- 424 (0)
[0]: 196 <---- 606 (0)
[0]: 196 <---- 660 (-2)
[0]: 197 <---- 421 (-2)
[0]: 197 <---- 665 (0)
[0]: 197 <---- 604 (0)
[0]: 197 <---- 425 (0)
[0]: 198 <---- 422 (-2)
[0]: 198 <---- 425 (-2)
[0]: 198 <---- 605 (0)
[0]: 198 <---- 424 (-2)
[0]: 199 <---- 426 (0)
[0]: 199 <---- 427 (0)
[0]: 199 <---- 428 (0)
[0]: 199 <---- 421 (-2)
[0]: 200 <---- 427 (-2)
[0]: 200 <---- 429 (0)
[0]: 200 <---- 412 (0)
[0]: 200 <---- 430 (0)
[0]: 201 <---- 428 (-2)
[0]: 201 <---- 430 (-2)
[0]: 201 <---- 413 (0)
[0]: 201 <---- 425 (0)
[0]: 202 <---- 665 (0)
[0]: 202 <---- 411 (0)
[0]: 202 <---- 429 (-2)
[0]: 202 <---- 426 (-2)
[0]: 203 <---- 428 (-2)
[0]: 203 <---- 431 (0)
[0]: 203 <---- 432 (0)
[0]: 203 <---- 422 (-2)
[0]: 204 <---- 431 (-2)
[0]: 204 <---- 430 (-2)
[0]: 204 <---- 416 (0)
[0]: 204 <---- 433 (0)
[0]: 205 <---- 432 (-2)
[0]: 205 <---- 433 (-2)
[0]: 205 <---- 417 (0)
[0]: 205 <---- 424 (-2)
[0]: 206 <---- 523 (0)
[0]: 206 <---- 434 (0)
[0]: 206 <---- 435 (0)
[0]: 206 <---- 436 (0)
[0]: 207 <---- 436 (-2)
[0]: 207 <---- 437 (0)
[0]: 207 <---- 506 (0)
[0]: 207 <---- 524 (0)
[0]: 208 <---- 434 (-2)
[0]: 208 <---- 525 (0)
[0]: 208 <---- 504 (0)
[0]: 208 <---- 438 (0)
[0]: 209 <---- 435 (-2)
[0]: 209 <---- 438 (-2)
[0]: 209 <---- 505 (0)
[0]: 209 <---- 437 (-2)
[0]: 210 <---- 439 (0)
[0]: 210 <---- 432 (-2)
[0]: 210 <---- 440 (0)
[0]: 210 <---- 434 (-2)
[0]: 211 <---- 440 (-2)
[0]: 211 <---- 433 (-2)
[0]: 211 <---- 420 (0)
[0]: 211 <---- 438 (0)
[0]: 212 <---- 525 (0)
[0]: 212 <---- 419 (0)
[0]: 212 <---- 424 (-2)
[0]: 212 <---- 439 (-2)
[0]: 213 <---- 693 (-2)
[0]: 213 <---- 441 (0)
[0]: 213 <---- 442 (0)
[0]: 213 <---- 443 (0)
[0]: 214 <---- 443 (-2)
[0]: 214 <---- 444 (0)
[0]: 214 <---- 423 (0)
[0]: 214 <---- 689 (-2)
[0]: 215 <---- 441 (-2)
[0]: 215 <---- 694 (0)
[0]: 215 <---- 421 (0)
[0]: 215 <---- 445 (0)
[0]: 216 <---- 442 (-2)
[0]: 216 <---- 445 (-2)
[0]: 216 <---- 422 (0)
[0]: 216 <---- 444 (-2)
[0]: 217 <---- 446 (0)
[0]: 217 <---- 447 (0)
[0]: 217 <---- 448 (0)
[0]: 217 <---- 441 (-2)
[0]: 218 <---- 447 (-2)
[0]: 218 <---- 449 (0)
[0]: 218 <---- 427 (0)
[0]: 218 <---- 450 (0)
[0]: 219 <---- 448 (-2)
[0]: 219 <---- 450 (-2)
[0]: 219 <---- 428 (0)
[0]: 219 <---- 445 (0)
[0]: 220 <---- 694 (0)
[0]: 220 <---- 426 (0)
[0]: 220 <---- 449 (-2)
[0]: 220 <---- 446 (-2)
[0]: 221 <---- 448 (-2)
[0]: 221 <---- 451 (0)
[0]: 221 <---- 452 (0)
[0]: 221 <---- 442 (-2)
[0]: 222 <---- 451 (-2)
[0]: 222 <---- 450 (-2)
[0]: 222 <---- 431 (0)
[0]: 222 <---- 453 (0)
[0]: 223 <---- 452 (-2)
[0]: 223 <---- 453 (-2)
[0]: 223 <---- 432 (0)
[0]: 223 <---- 444 (-2)
[0]: 224 <---- 538 (0)
[0]: 224 <---- 454 (0)
[0]: 224 <---- 455 (0)
[0]: 224 <---- 456 (0)
[0]: 225 <---- 456 (-2)
[0]: 225 <---- 457 (0)
[0]: 225 <---- 436 (0)
[0]: 225 <---- 539 (0)
[0]: 226 <---- 454 (-2)
[0]: 226 <---- 540 (0)
[0]: 226 <---- 434 (0)
[0]: 226 <---- 458 (0)
[0]: 227 <---- 455 (-2)
[0]: 227 <---- 458 (-2)
[0]: 227 <---- 435 (0)
[0]: 227 <---- 457 (-2)
[0]: 228 <---- 459 (0)
[0]: 228 <---- 452 (-2)
[0]: 228 <---- 460 (0)
[0]: 228 <---- 454 (-2)
[0]: 229 <---- 460 (-2)
[0]: 229 <---- 453 (-2)
[0]: 229 <---- 440 (0)
[0]: 229 <---- 458 (0)
[0]: 230 <---- 540 (0)
[0]: 230 <---- 439 (0)
[0]: 230 <---- 444 (-2)
[0]: 230 <---- 459 (-2)
[0]: 231 <---- 611 (-2)
[0]: 231 <---- 461 (0)
[0]: 231 <---- 462 (0)
[0]: 231 <---- 463 (0)
[0]: 232 <---- 464 (0)
[0]: 232 <---- 465 (0)
[0]: 232 <---- 466 (0)
[0]: 232 <---- 618 (-2)
[0]: 233 <---- 463 (-2)
[0]: 233 <---- 467 (0)
[0]: 233 <---- 464 (-2)
[0]: 233 <---- 621 (-2)
[0]: 234 <---- 461 (-2)
[0]: 234 <---- 620 (-2)
[0]: 234 <---- 466 (-2)
[0]: 234 <---- 468 (0)
[0]: 235 <---- 462 (-2)
[0]: 235 <---- 468 (-2)
[0]: 235 <---- 465 (-2)
[0]: 235 <---- 467 (-2)
[0]: 236 <---- 461 (-2)
[0]: 236 <---- 469 (0)
[0]: 236 <---- 470 (0)
[0]: 236 <---- 471 (0)
[0]: 237 <---- 472 (0)
[0]: 237 <---- 473 (0)
[0]: 237 <---- 474 (0)
[0]: 237 <---- 466 (-2)
[0]: 238 <---- 471 (-2)
[0]: 238 <---- 475 (0)
[0]: 238 <---- 472 (-2)
[0]: 238 <---- 468 (0)
[0]: 239 <---- 469 (-2)
[0]: 239 <---- 620 (-2)
[0]: 239 <---- 474 (-2)
[0]: 239 <---- 476 (0)
[0]: 240 <---- 470 (-2)
[0]: 240 <---- 476 (-2)
[0]: 240 <---- 473 (-2)
[0]: 240 <---- 475 (-2)
[0]: 241 <---- 477 (0)
[0]: 241 <---- 478 (0)
[0]: 241 <---- 479 (0)
[0]: 241 <---- 480 (0)
[0]: 242 <---- 481 (0)
[0]: 242 <---- 482 (0)
[0]: 242 <---- 483 (0)
[0]: 242 <---- 484 (0)
[0]: 243 <---- 480 (-2)
[0]: 243 <---- 485 (0)
[0]: 243 <---- 481 (-2)
[0]: 243 <---- 486 (0)
[0]: 244 <---- 478 (-2)
[0]: 244 <---- 487 (0)
[0]: 244 <---- 483 (-2)
[0]: 244 <---- 488 (0)
[0]: 245 <---- 479 (-2)
[0]: 245 <---- 488 (-2)
[0]: 245 <---- 482 (-2)
[0]: 245 <---- 485 (-2)
[0]: 246 <---- 486 (-2)
[0]: 246 <---- 484 (-2)
[0]: 246 <---- 487 (-2)
[0]: 246 <---- 477 (-2)
[0]: 247 <---- 477 (-2)
[0]: 247 <---- 489 (0)
[0]: 247 <---- 470 (-2)
[0]: 247 <---- 490 (0)
[0]: 248 <---- 491 (0)
[0]: 248 <---- 473 (-2)
[0]: 248 <---- 492 (0)
[0]: 248 <---- 484 (-2)
[0]: 249 <---- 490 (-2)
[0]: 249 <---- 476 (-2)
[0]: 249 <---- 491 (-2)
[0]: 249 <---- 487 (-2)
[0]: 250 <---- 489 (-2)
[0]: 250 <---- 486 (-2)
[0]: 250 <---- 492 (-2)
[0]: 250 <---- 475 (-2)
[0]: 251 <---- 623 (-2)
[0]: 251 <---- 493 (0)
[0]: 251 <---- 494 (0)
[0]: 251 <---- 495 (0)
[0]: 252 <---- 495 (-2)
[0]: 252 <---- 496 (0)
[0]: 252 <---- 463 (0)
[0]: 252 <---- 629 (-2)
[0]: 253 <---- 493 (-2)
[0]: 253 <---- 628 (-2)
[0]: 253 <---- 461 (0)
[0]: 253 <---- 497 (0)
[0]: 254 <---- 494 (-2)
[0]: 254 <---- 497 (-2)
[0]: 254 <---- 462 (0)
[0]: 254 <---- 496 (-2)
[0]: 255 <---- 493 (-2)
[0]: 255 <---- 498 (0)
[0]: 255 <---- 499 (0)
[0]: 255 <---- 500 (0)
[0]: 256 <---- 500 (-2)
[0]: 256 <---- 501 (0)
[0]: 256 <---- 471 (0)
[0]: 256 <---- 497 (0)
[0]: 257 <---- 498 (-2)
[0]: 257 <---- 628 (-2)
[0]: 257 <---- 469 (0)
[0]: 257 <---- 502 (0)
[0]: 258 <---- 499 (-2)
[0]: 258 <---- 502 (-2)
[0]: 258 <---- 470 (0)
[0]: 258 <---- 501 (-2)
[0]: 259 <---- 503 (0)
[0]: 259 <---- 504 (0)
[0]: 259 <---- 505 (0)
[0]: 259 <---- 506 (0)
[0]: 260 <---- 506 (-2)
[0]: 260 <---- 507 (0)
[0]: 260 <---- 480 (0)
[0]: 260 <---- 508 (0)
[0]: 261 <---- 504 (-2)
[0]: 261 <---- 509 (0)
[0]: 261 <---- 478 (0)
[0]: 261 <---- 510 (0)
[0]: 262 <---- 505 (-2)
[0]: 262 <---- 510 (-2)
[0]: 262 <---- 479 (0)
[0]: 262 <---- 507 (-2)
[0]: 263 <---- 508 (-2)
[0]: 263 <---- 477 (0)
[0]: 263 <---- 509 (-2)
[0]: 263 <---- 503 (-2)
[0]: 264 <---- 503 (-2)
[0]: 264 <---- 511 (0)
[0]: 264 <---- 499 (-2)
[0]: 264 <---- 512 (0)
[0]: 265 <---- 512 (-2)
[0]: 265 <---- 502 (-2)
[0]: 265 <---- 490 (0)
[0]: 265 <---- 509 (-2)
[0]: 266 <---- 511 (-2)
[0]: 266 <---- 508 (-2)
[0]: 266 <---- 489 (0)
[0]: 266 <---- 501 (-2)
[0]: 267 <---- 644 (-2)
[0]: 267 <---- 513 (0)
[0]: 267 <---- 514 (0)
[0]: 267 <---- 515 (0)
[0]: 268 <---- 515 (-2)
[0]: 268 <---- 516 (0)
[0]: 268 <---- 495 (0)
[0]: 268 <---- 650 (-2)
[0]: 269 <---- 513 (-2)
[0]: 269 <---- 649 (-2)
[0]: 269 <---- 493 (0)
[0]: 269 <---- 517 (0)
[0]: 270 <---- 514 (-2)
[0]: 270 <---- 517 (-2)
[0]: 270 <---- 494 (0)
[0]: 270 <---- 516 (-2)
[0]: 271 <---- 513 (-2)
[0]: 271 <---- 518 (0)
[0]: 271 <---- 519 (0)
[0]: 271 <---- 520 (0)
[0]: 272 <---- 520 (-2)
[0]: 272 <---- 521 (0)
[0]: 272 <---- 500 (0)
[0]: 272 <---- 517 (0)
[0]: 273 <---- 518 (-2)
[0]: 273 <---- 649 (-2)
[0]: 273 <---- 498 (0)
[0]: 273 <---- 522 (0)
[0]: 274 <---- 519 (-2)
[0]: 274 <---- 522 (-2)
[0]: 274 <---- 499 (0)
[0]: 274 <---- 521 (-2)
[0]: 275 <---- 524 (-2)
[0]: 275 <---- 503 (0)
[0]: 275 <---- 525 (-2)
[0]: 275 <---- 523 (-2)
[0]: 276 <---- 523 (-2)
[0]: 276 <---- 526 (0)
[0]: 276 <---- 519 (-2)
[0]: 276 <---- 527 (0)
[0]: 277 <---- 527 (-2)
[0]: 277 <---- 522 (-2)
[0]: 277 <---- 512 (0)
[0]: 277 <---- 525 (-2)
[0]: 278 <---- 526 (-2)
[0]: 278 <---- 524 (-2)
[0]: 278 <---- 511 (0)
[0]: 278 <---- 521 (-2)
[0]: 279 <---- 673 (-2)
[0]: 279 <---- 528 (0)
[0]: 279 <---- 529 (0)
[0]: 279 <---- 530 (0)
[0]: 280 <---- 530 (-2)
[0]: 280 <---- 531 (0)
[0]: 280 <---- 515 (0)
[0]: 280 <---- 679 (-2)
[0]: 281 <---- 528 (-2)
[0]: 281 <---- 678 (-2)
[0]: 281 <---- 513 (0)
[0]: 281 <---- 532 (0)
[0]: 282 <---- 529 (-2)
[0]: 282 <---- 532 (-2)
[0]: 282 <---- 514 (0)
[0]: 282 <---- 531 (-2)
[0]: 283 <---- 528 (-2)
[0]: 283 <---- 533 (0)
[0]: 283 <---- 534 (0)
[0]: 283 <---- 535 (0)
[0]: 284 <---- 535 (-2)
[0]: 284 <---- 536 (0)
[0]: 284 <---- 520 (0)
[0]: 284 <---- 532 (0)
[0]: 285 <---- 533 (-2)
[0]: 285 <---- 678 (-2)
[0]: 285 <---- 518 (0)
[0]: 285 <---- 537 (0)
[0]: 286 <---- 534 (-2)
[0]: 286 <---- 537 (-2)
[0]: 286 <---- 519 (0)
[0]: 286 <---- 536 (-2)
[0]: 287 <---- 539 (-2)
[0]: 287 <---- 523 (0)
[0]: 287 <---- 540 (-2)
[0]: 287 <---- 538 (-2)
[0]: 288 <---- 538 (-2)
[0]: 288 <---- 541 (0)
[0]: 288 <---- 534 (-2)
[0]: 288 <---- 542 (0)
[0]: 289 <---- 542 (-2)
[0]: 289 <---- 537 (-2)
[0]: 289 <---- 527 (0)
[0]: 289 <---- 540 (-2)
[0]: 290 <---- 541 (-2)
[0]: 290 <---- 539 (-2)
[0]: 290 <---- 526 (0)
[0]: 290 <---- 536 (-2)
[0]: 291 <---- 543 (0)
[0]: 291 <---- 544 (0)
[0]: 291 <---- 545 (0)
[0]: 291 <---- 613 (-2)
[0]: 292 <---- 616 (-2)
[0]: 292 <---- 546 (0)
[0]: 292 <---- 547 (0)
[0]: 292 <---- 548 (0)
[0]: 293 <---- 544 (-2)
[0]: 293 <---- 549 (0)
[0]: 293 <---- 547 (-2)
[0]: 293 <---- 550 (0)
[0]: 294 <---- 545 (-2)
[0]: 294 <---- 550 (-2)
[0]: 294 <---- 546 (-2)
[0]: 294 <---- 619 (-2)
[0]: 295 <---- 622 (-2)
[0]: 295 <---- 548 (-2)
[0]: 295 <---- 549 (-2)
[0]: 295 <---- 543 (-2)
[0]: 296 <---- 545 (-2)
[0]: 296 <---- 551 (0)
[0]: 296 <---- 552 (0)
[0]: 296 <---- 553 (0)
[0]: 297 <---- 554 (0)
[0]: 297 <---- 555 (0)
[0]: 297 <---- 556 (0)
[0]: 297 <---- 546 (-2)
[0]: 298 <---- 553 (-2)
[0]: 298 <---- 557 (0)
[0]: 298 <---- 554 (-2)
[0]: 298 <---- 619 (-2)
[0]: 299 <---- 551 (-2)
[0]: 299 <---- 550 (-2)
[0]: 299 <---- 556 (-2)
[0]: 299 <---- 558 (0)
[0]: 300 <---- 552 (-2)
[0]: 300 <---- 558 (-2)
[0]: 300 <---- 555 (-2)
[0]: 300 <---- 557 (-2)
[0]: 301 <---- 552 (-2)
[0]: 301 <---- 559 (0)
[0]: 301 <---- 560 (0)
[0]: 301 <---- 561 (0)
[0]: 302 <---- 562 (0)
[0]: 302 <---- 563 (0)
[0]: 302 <---- 564 (0)
[0]: 302 <---- 555 (-2)
[0]: 303 <---- 561 (-2)
[0]: 303 <---- 565 (0)
[0]: 303 <---- 562 (-2)
[0]: 303 <---- 557 (-2)
[0]: 304 <---- 559 (-2)
[0]: 304 <---- 558 (-2)
[0]: 304 <---- 564 (-2)
[0]: 304 <---- 566 (0)
[0]: 305 <---- 560 (-2)
[0]: 305 <---- 566 (-2)
[0]: 305 <---- 563 (-2)
[0]: 305 <---- 565 (-2)
[0]: 306 <---- 561 (-2)
[0]: 306 <---- 567 (0)
[0]: 306 <---- 568 (0)
[0]: 306 <---- 569 (0)
[0]: 307 <---- 570 (0)
[0]: 307 <---- 571 (0)
[0]: 307 <---- 572 (0)
[0]: 307 <---- 562 (-2)
[0]: 308 <---- 569 (-2)
[0]: 308 <---- 573 (0)
[0]: 308 <---- 570 (-2)
[0]: 308 <---- 557 (-2)
[0]: 309 <---- 567 (-2)
[0]: 309 <---- 565 (0)
[0]: 309 <---- 572 (-2)
[0]: 309 <---- 574 (0)
[0]: 310 <---- 568 (-2)
[0]: 310 <---- 574 (-2)
[0]: 310 <---- 571 (-2)
[0]: 310 <---- 573 (-2)
[0]: 311 <---- 575 (0)
[0]: 311 <---- 576 (0)
[0]: 311 <---- 577 (0)
[0]: 311 <---- 567 (-2)
[0]: 312 <---- 572 (-2)
[0]: 312 <---- 578 (0)
[0]: 312 <---- 579 (0)
[0]: 312 <---- 580 (0)
[0]: 313 <---- 576 (-2)
[0]: 313 <---- 581 (0)
[0]: 313 <---- 579 (-2)
[0]: 313 <---- 582 (0)
[0]: 314 <---- 577 (-2)
[0]: 314 <---- 582 (-2)
[0]: 314 <---- 578 (-2)
[0]: 314 <---- 574 (0)
[0]: 315 <---- 565 (0)
[0]: 315 <---- 580 (-2)
[0]: 315 <---- 581 (-2)
[0]: 315 <---- 575 (-2)
[0]: 316 <---- 577 (-2)
[0]: 316 <---- 583 (0)
[0]: 316 <---- 584 (0)
[0]: 316 <---- 568 (-2)
[0]: 317 <---- 571 (-2)
[0]: 317 <---- 585 (0)
[0]: 317 <---- 586 (0)
[0]: 317 <---- 578 (-2)
[0]: 318 <---- 583 (-2)
[0]: 318 <---- 582 (-2)
[0]: 318 <---- 586 (-2)
[0]: 318 <---- 587 (0)
[0]: 319 <---- 584 (-2)
[0]: 319 <---- 587 (-2)
[0]: 319 <---- 585 (-2)
[0]: 319 <---- 573 (-2)
[0]: 320 <---- 588 (0)
[0]: 320 <---- 589 (0)
[0]: 320 <---- 559 (-2)
[0]: 320 <---- 551 (-2)
[0]: 321 <---- 556 (-2)
[0]: 321 <---- 564 (-2)
[0]: 321 <---- 590 (0)
[0]: 321 <---- 591 (0)
[0]: 322 <---- 589 (-2)
[0]: 322 <---- 592 (0)
[0]: 322 <---- 590 (-2)
[0]: 322 <---- 566 (0)
[0]: 323 <---- 550 (-2)
[0]: 323 <---- 591 (-2)
[0]: 323 <---- 592 (-2)
[0]: 323 <---- 588 (-2)
[0]: 324 <---- 588 (-2)
[0]: 324 <---- 544 (-2)
[0]: 324 <---- 593 (0)
[0]: 324 <---- 594 (0)
[0]: 325 <---- 595 (0)
[0]: 325 <---- 596 (0)
[0]: 325 <---- 547 (-2)
[0]: 325 <---- 591 (-2)
[0]: 326 <---- 594 (-2)
[0]: 326 <---- 597 (0)
[0]: 326 <---- 595 (-2)
[0]: 326 <---- 592 (-2)
[0]: 327 <---- 593 (-2)
[0]: 327 <---- 549 (0)
[0]: 327 <---- 596 (-2)
[0]: 327 <---- 597 (-2)
[0]: 328 <---- 632 (-2)
[0]: 328 <---- 598 (0)
[0]: 328 <---- 544 (0)
[0]: 328 <---- 599 (0)
[0]: 329 <---- 633 (-2)
[0]: 329 <---- 599 (-2)
[0]: 329 <---- 545 (0)
[0]: 329 <---- 627 (-2)
[0]: 330 <---- 630 (-2)
[0]: 330 <---- 543 (0)
[0]: 330 <---- 598 (-2)
[0]: 330 <---- 631 (-2)
[0]: 331 <---- 636 (-2)
[0]: 331 <---- 600 (0)
[0]: 331 <---- 553 (0)
[0]: 331 <---- 627 (-2)
[0]: 332 <---- 634 (-2)
[0]: 332 <---- 599 (-2)
[0]: 332 <---- 551 (0)
[0]: 332 <---- 601 (0)
[0]: 333 <---- 635 (-2)
[0]: 333 <---- 601 (-2)
[0]: 333 <---- 552 (0)
[0]: 333 <---- 600 (-2)
[0]: 334 <---- 639 (-2)
[0]: 334 <---- 602 (0)
[0]: 334 <---- 561 (0)
[0]: 334 <---- 600 (-2)
[0]: 335 <---- 637 (-2)
[0]: 335 <---- 601 (-2)
[0]: 335 <---- 559 (0)
[0]: 335 <---- 603 (0)
[0]: 336 <---- 638 (-2)
[0]: 336 <---- 603 (-2)
[0]: 336 <---- 560 (0)
[0]: 336 <---- 602 (-2)
[0]: 337 <---- 639 (-2)
[0]: 337 <---- 604 (0)
[0]: 337 <---- 605 (0)
[0]: 337 <---- 606 (0)
[0]: 338 <---- 606 (-2)
[0]: 338 <---- 607 (0)
[0]: 338 <---- 569 (0)
[0]: 338 <---- 600 (-2)
[0]: 339 <---- 604 (-2)
[0]: 339 <---- 602 (0)
[0]: 339 <---- 567 (0)
[0]: 339 <---- 608 (0)
[0]: 340 <---- 605 (-2)
[0]: 340 <---- 608 (-2)
[0]: 340 <---- 568 (0)
[0]: 340 <---- 607 (-2)
[0]: 341 <---- 641 (-2)
[0]: 341 <---- 609 (0)
[0]: 341 <---- 589 (0)
[0]: 341 <---- 603 (0)
[0]: 342 <---- 599 (-2)
[0]: 342 <---- 588 (0)
[0]: 342 <---- 609 (-2)
[0]: 342 <---- 640 (-2)
[0]: 343 <---- 643 (-2)
[0]: 343 <---- 610 (0)
[0]: 343 <---- 594 (0)
[0]: 343 <---- 609 (-2)
[0]: 344 <---- 642 (-2)
[0]: 344 <---- 598 (0)
[0]: 344 <---- 593 (0)
[0]: 344 <---- 610 (-2)
[0]: 345 <---- 611 (0)
[0]: 345 <---- 612 (0)
[0]: 345 <---- 613 (0)
[0]: 345 <---- 614 (0)
[0]: 346 <---- 615 (0)
[0]: 346 <---- 616 (0)
[0]: 346 <---- 617 (0)
[0]: 346 <---- 618 (0)
[0]: 347 <---- 614 (-2)
[0]: 347 <---- 619 (0)
[0]: 347 <---- 615 (-2)
[0]: 347 <---- 620 (0)
[0]: 348 <---- 612 (-2)
[0]: 348 <---- 621 (0)
[0]: 348 <---- 617 (-2)
[0]: 348 <---- 622 (0)
[0]: 349 <---- 613 (-2)
[0]: 349 <---- 622 (-2)
[0]: 349 <---- 616 (-2)
[0]: 349 <---- 619 (-2)
[0]: 350 <---- 620 (-2)
[0]: 350 <---- 618 (-2)
[0]: 350 <---- 621 (-2)
[0]: 350 <---- 611 (-2)
[0]: 351 <---- 623 (0)
[0]: 351 <---- 624 (0)
[0]: 351 <---- 625 (0)
[0]: 351 <---- 626 (0)
[0]: 352 <---- 626 (-2)
[0]: 352 <---- 627 (0)
[0]: 352 <---- 614 (0)
[0]: 352 <---- 628 (0)
[0]: 353 <---- 624 (-2)
[0]: 353 <---- 629 (0)
[0]: 353 <---- 612 (0)
[0]: 353 <---- 630 (0)
[0]: 354 <---- 625 (-2)
[0]: 354 <---- 630 (-2)
[0]: 354 <---- 613 (0)
[0]: 354 <---- 627 (-2)
[0]: 355 <---- 628 (-2)
[0]: 355 <---- 611 (0)
[0]: 355 <---- 629 (-2)
[0]: 355 <---- 623 (-2)
[0]: 356 <---- 631 (0)
[0]: 356 <---- 632 (0)
[0]: 356 <---- 633 (0)
[0]: 356 <---- 625 (-2)
[0]: 357 <---- 633 (-2)
[0]: 357 <---- 634 (0)
[0]: 357 <---- 635 (0)
[0]: 357 <---- 636 (0)
[0]: 358 <---- 635 (-2)
[0]: 358 <---- 637 (0)
[0]: 358 <---- 638 (0)
[0]: 358 <---- 639 (0)
[0]: 359 <---- 640 (0)
[0]: 359 <---- 641 (0)
[0]: 359 <---- 637 (-2)
[0]: 359 <---- 634 (-2)
[0]: 360 <---- 640 (-2)
[0]: 360 <---- 632 (-2)
[0]: 360 <---- 642 (0)
[0]: 360 <---- 643 (0)
[0]: 361 <---- 644 (0)
[0]: 361 <---- 645 (0)
[0]: 361 <---- 646 (0)
[0]: 361 <---- 647 (0)
[0]: 362 <---- 647 (-2)
[0]: 362 <---- 648 (0)
[0]: 362 <---- 626 (0)
[0]: 362 <---- 649 (0)
[0]: 363 <---- 645 (-2)
[0]: 363 <---- 650 (0)
[0]: 363 <---- 624 (0)
[0]: 363 <---- 651 (0)
[0]: 364 <---- 646 (-2)
[0]: 364 <---- 651 (-2)
[0]: 364 <---- 625 (0)
[0]: 364 <---- 648 (-2)
[0]: 365 <---- 649 (-2)
[0]: 365 <---- 623 (0)
[0]: 365 <---- 650 (-2)
[0]: 365 <---- 644 (-2)
[0]: 366 <---- 652 (0)
[0]: 366 <---- 653 (0)
[0]: 366 <---- 654 (0)
[0]: 366 <---- 646 (-2)
[0]: 367 <---- 653 (-2)
[0]: 367 <---- 655 (0)
[0]: 367 <---- 632 (0)
[0]: 367 <---- 656 (0)
[0]: 368 <---- 654 (-2)
[0]: 368 <---- 656 (-2)
[0]: 368 <---- 633 (0)
[0]: 368 <---- 648 (-2)
[0]: 369 <---- 651 (-2)
[0]: 369 <---- 631 (0)
[0]: 369 <---- 655 (-2)
[0]: 369 <---- 652 (-2)
[0]: 370 <---- 654 (-2)
[0]: 370 <---- 657 (0)
[0]: 370 <---- 658 (0)
[0]: 370 <---- 659 (0)
[0]: 371 <---- 659 (-2)
[0]: 371 <---- 660 (0)
[0]: 371 <---- 636 (0)
[0]: 371 <---- 648 (-2)
[0]: 372 <---- 657 (-2)
[0]: 372 <---- 656 (-2)
[0]: 372 <---- 634 (0)
[0]: 372 <---- 661 (0)
[0]: 373 <---- 658 (-2)
[0]: 373 <---- 661 (-2)
[0]: 373 <---- 635 (0)
[0]: 373 <---- 660 (-2)
[0]: 374 <---- 658 (-2)
[0]: 374 <---- 662 (0)
[0]: 374 <---- 663 (0)
[0]: 374 <---- 664 (0)
[0]: 375 <---- 664 (-2)
[0]: 375 <---- 665 (0)
[0]: 375 <---- 639 (0)
[0]: 375 <---- 660 (-2)
[0]: 376 <---- 662 (-2)
[0]: 376 <---- 661 (-2)
[0]: 376 <---- 637 (0)
[0]: 376 <---- 666 (0)
[0]: 377 <---- 663 (-2)
[0]: 377 <---- 666 (-2)
[0]: 377 <---- 638 (0)
[0]: 377 <---- 665 (-2)
[0]: 378 <---- 667 (0)
[0]: 378 <---- 668 (0)
[0]: 378 <---- 662 (-2)
[0]: 378 <---- 657 (-2)
[0]: 379 <---- 668 (-2)
[0]: 379 <---- 669 (0)
[0]: 379 <---- 641 (0)
[0]: 379 <---- 666 (0)
[0]: 380 <---- 656 (-2)
[0]: 380 <---- 640 (0)
[0]: 380 <---- 669 (-2)
[0]: 380 <---- 667 (-2)
[0]: 381 <---- 667 (-2)
[0]: 381 <---- 653 (-2)
[0]: 381 <---- 670 (0)
[0]: 381 <---- 671 (0)
[0]: 382 <---- 671 (-2)
[0]: 382 <---- 672 (0)
[0]: 382 <---- 643 (0)
[0]: 382 <---- 669 (-2)
[0]: 383 <---- 670 (-2)
[0]: 383 <---- 655 (0)
[0]: 383 <---- 642 (0)
[0]: 383 <---- 672 (-2)
[0]: 384 <---- 673 (0)
[0]: 384 <---- 674 (0)
[0]: 384 <---- 675 (0)
[0]: 384 <---- 676 (0)
[0]: 385 <---- 676 (-2)
[0]: 385 <---- 677 (0)
[0]: 385 <---- 647 (0)
[0]: 385 <---- 678 (0)
[0]: 386 <---- 674 (-2)
[0]: 386 <---- 679 (0)
[0]: 386 <---- 645 (0)
[0]: 386 <---- 680 (0)
[0]: 387 <---- 675 (-2)
[0]: 387 <---- 680 (-2)
[0]: 387 <---- 646 (0)
[0]: 387 <---- 677 (-2)
[0]: 388 <---- 678 (-2)
[0]: 388 <---- 644 (0)
[0]: 388 <---- 679 (-2)
[0]: 388 <---- 673 (-2)
[0]: 389 <---- 681 (0)
[0]: 389 <---- 682 (0)
[0]: 389 <---- 683 (0)
[0]: 389 <---- 675 (-2)
[0]: 390 <---- 682 (-2)
[0]: 390 <---- 684 (0)
[0]: 390 <---- 653 (0)
[0]: 390 <---- 685 (0)
[0]: 391 <---- 683 (-2)
[0]: 391 <---- 685 (-2)
[0]: 391 <---- 654 (0)
[0]: 391 <---- 677 (-2)
[0]: 392 <---- 680 (-2)
[0]: 392 <---- 652 (0)
[0]: 392 <---- 684 (-2)
[0]: 392 <---- 681 (-2)
[0]: 393 <---- 683 (-2)
[0]: 393 <---- 686 (0)
[0]: 393 <---- 687 (0)
[0]: 393 <---- 688 (0)
[0]: 394 <---- 688 (-2)
[0]: 394 <---- 689 (0)
[0]: 394 <---- 659 (0)
[0]: 394 <---- 677 (-2)
[0]: 395 <---- 686 (-2)
[0]: 395 <---- 685 (-2)
[0]: 395 <---- 657 (0)
[0]: 395 <---- 690 (0)
[0]: 396 <---- 687 (-2)
[0]: 396 <---- 690 (-2)
[0]: 396 <---- 658 (0)
[0]: 396 <---- 689 (-2)
[0]: 397 <---- 687 (-2)
[0]: 397 <---- 691 (0)
[0]: 397 <---- 692 (0)
[0]: 397 <---- 693 (0)
[0]: 398 <---- 693 (-2)
[0]: 398 <---- 694 (0)
[0]: 398 <---- 664 (0)
[0]: 398 <---- 689 (-2)
[0]: 399 <---- 691 (-2)
[0]: 399 <---- 690 (-2)
[0]: 399 <---- 662 (0)
[0]: 399 <---- 695 (0)
[0]: 400 <---- 692 (-2)
[0]: 400 <---- 695 (-2)
[0]: 400 <---- 663 (0)
[0]: 400 <---- 694 (-2)
[0]: 401 <---- 696 (0)
[0]: 401 <---- 697 (0)
[0]: 401 <---- 691 (-2)
[0]: 401 <---- 686 (-2)
[0]: 402 <---- 697 (-2)
[0]: 402 <---- 698 (0)
[0]: 402 <---- 668 (0)
[0]: 402 <---- 695 (0)
[0]: 403 <---- 685 (-2)
[0]: 403 <---- 667 (0)
[0]: 403 <---- 698 (-2)
[0]: 403 <---- 696 (-2)
[0]: 404 <---- 696 (-2)
[0]: 404 <---- 682 (-2)
[0]: 404 <---- 699 (0)
[0]: 404 <---- 700 (0)
[0]: 405 <---- 700 (-2)
[0]: 405 <---- 701 (0)
[0]: 405 <---- 671 (0)
[0]: 405 <---- 698 (-2)
[0]: 406 <---- 699 (-2)
[0]: 406 <---- 684 (0)
[0]: 406 <---- 670 (0)
[0]: 406 <---- 701 (-2)
[0]: 407 <---- 84 (0)
[0]: 407 <---- 121 (0)
[0]: 408 <---- 129 (0)
[0]: 408 <---- 83 (0)
[0]: 409 <---- 87 (0)
[0]: 409 <---- 130 (0)
[0]: 410 <---- 123 (0)
[0]: 410 <---- 88 (0)
[0]: 411 <---- 153 (0)
[0]: 411 <---- 57 (0)
[0]: 412 <---- 57 (0)
[0]: 412 <---- 56 (0)
[0]: 413 <---- 56 (0)
[0]: 413 <---- 136 (0)
[0]: 414 <---- 57 (0)
[0]: 414 <---- 126 (0)
[0]: 415 <---- 125 (0)
[0]: 415 <---- 56 (0)
[0]: 416 <---- 56 (0)
[0]: 416 <---- 58 (0)
[0]: 417 <---- 58 (0)
[0]: 417 <---- 135 (0)
[0]: 418 <---- 129 (0)
[0]: 418 <---- 58 (0)
[0]: 419 <---- 96 (0)
[0]: 419 <---- 135 (0)
[0]: 420 <---- 58 (0)
[0]: 420 <---- 95 (0)
[0]: 421 <---- 165 (0)
[0]: 421 <---- 60 (0)
[0]: 422 <---- 60 (0)
[0]: 422 <---- 59 (0)
[0]: 423 <---- 59 (0)
[0]: 423 <---- 163 (0)
[0]: 424 <---- 59 (0)
[0]: 424 <---- 135 (0)
[0]: 425 <---- 136 (0)
[0]: 425 <---- 60 (0)
[0]: 426 <---- 165 (0)
[0]: 426 <---- 62 (0)
[0]: 427 <---- 62 (0)
[0]: 427 <---- 61 (0)
[0]: 428 <---- 61 (0)
[0]: 428 <---- 60 (0)
[0]: 429 <---- 62 (0)
[0]: 429 <---- 57 (0)
[0]: 430 <---- 56 (0)
[0]: 430 <---- 61 (0)
[0]: 431 <---- 61 (0)
[0]: 431 <---- 63 (0)
[0]: 432 <---- 63 (0)
[0]: 432 <---- 59 (0)
[0]: 433 <---- 58 (0)
[0]: 433 <---- 63 (0)
[0]: 434 <---- 102 (0)
[0]: 434 <---- 65 (0)
[0]: 435 <---- 65 (0)
[0]: 435 <---- 64 (0)
[0]: 436 <---- 64 (0)
[0]: 436 <---- 101 (0)
[0]: 437 <---- 64 (0)
[0]: 437 <---- 94 (0)
[0]: 438 <---- 95 (0)
[0]: 438 <---- 65 (0)
[0]: 439 <---- 102 (0)
[0]: 439 <---- 59 (0)
[0]: 440 <---- 63 (0)
[0]: 440 <---- 65 (0)
[0]: 441 <---- 177 (0)
[0]: 441 <---- 67 (0)
[0]: 442 <---- 67 (0)
[0]: 442 <---- 66 (0)
[0]: 443 <---- 66 (0)
[0]: 443 <---- 175 (0)
[0]: 444 <---- 66 (0)
[0]: 444 <---- 59 (0)
[0]: 445 <---- 60 (0)
[0]: 445 <---- 67 (0)
[0]: 446 <---- 177 (0)
[0]: 446 <---- 69 (0)
[0]: 447 <---- 69 (0)
[0]: 447 <---- 68 (0)
[0]: 448 <---- 68 (0)
[0]: 448 <---- 67 (0)
[0]: 449 <---- 69 (0)
[0]: 449 <---- 62 (0)
[0]: 450 <---- 61 (0)
[0]: 450 <---- 68 (0)
[0]: 451 <---- 68 (0)
[0]: 451 <---- 70 (0)
[0]: 452 <---- 70 (0)
[0]: 452 <---- 66 (0)
[0]: 453 <---- 63 (0)
[0]: 453 <---- 70 (0)
[0]: 454 <---- 108 (0)
[0]: 454 <---- 72 (0)
[0]: 455 <---- 72 (0)
[0]: 455 <---- 71 (0)
[0]: 456 <---- 71 (0)
[0]: 456 <---- 107 (0)
[0]: 457 <---- 71 (0)
[0]: 457 <---- 64 (0)
[0]: 458 <---- 65 (0)
[0]: 458 <---- 72 (0)
[0]: 459 <---- 108 (0)
[0]: 459 <---- 66 (0)
[0]: 460 <---- 70 (0)
[0]: 460 <---- 72 (0)
[0]: 461 <---- 137 (0)
[0]: 461 <---- 74 (0)
[0]: 462 <---- 74 (0)
[0]: 462 <---- 73 (0)
[0]: 463 <---- 73 (0)
[0]: 463 <---- 140 (0)
[0]: 464 <---- 144 (0)
[0]: 464 <---- 75 (0)
[0]: 465 <---- 75 (0)
[0]: 465 <---- 76 (0)
[0]: 466 <---- 76 (0)
[0]: 466 <---- 141 (0)
[0]: 467 <---- 73 (0)
[0]: 467 <---- 75 (0)
[0]: 468 <---- 76 (0)
[0]: 468 <---- 74 (0)
[0]: 469 <---- 137 (0)
[0]: 469 <---- 78 (0)
[0]: 470 <---- 78 (0)
[0]: 470 <---- 77 (0)
[0]: 471 <---- 77 (0)
[0]: 471 <---- 74 (0)
[0]: 472 <---- 76 (0)
[0]: 472 <---- 79 (0)
[0]: 473 <---- 79 (0)
[0]: 473 <---- 80 (0)
[0]: 474 <---- 80 (0)
[0]: 474 <---- 141 (0)
[0]: 475 <---- 77 (0)
[0]: 475 <---- 79 (0)
[0]: 476 <---- 80 (0)
[0]: 476 <---- 78 (0)
[0]: 477 <---- 81 (0)
[0]: 477 <---- 84 (0)
[0]: 478 <---- 84 (0)
[0]: 478 <---- 83 (0)
[0]: 479 <---- 83 (0)
[0]: 479 <---- 82 (0)
[0]: 480 <---- 82 (0)
[0]: 480 <---- 81 (0)
[0]: 481 <---- 85 (0)
[0]: 481 <---- 86 (0)
[0]: 482 <---- 86 (0)
[0]: 482 <---- 87 (0)
[0]: 483 <---- 87 (0)
[0]: 483 <---- 88 (0)
[0]: 484 <---- 88 (0)
[0]: 484 <---- 85 (0)
[0]: 485 <---- 82 (0)
[0]: 485 <---- 86 (0)
[0]: 486 <---- 85 (0)
[0]: 486 <---- 81 (0)
[0]: 487 <---- 84 (0)
[0]: 487 <---- 88 (0)
[0]: 488 <---- 87 (0)
[0]: 488 <---- 83 (0)
[0]: 489 <---- 81 (0)
[0]: 489 <---- 77 (0)
[0]: 490 <---- 78 (0)
[0]: 490 <---- 84 (0)
[0]: 491 <---- 88 (0)
[0]: 491 <---- 80 (0)
[0]: 492 <---- 79 (0)
[0]: 492 <---- 85 (0)
[0]: 493 <---- 145 (0)
[0]: 493 <---- 90 (0)
[0]: 494 <---- 90 (0)
[0]: 494 <---- 89 (0)
[0]: 495 <---- 89 (0)
[0]: 495 <---- 148 (0)
[0]: 496 <---- 89 (0)
[0]: 496 <---- 73 (0)
[0]: 497 <---- 74 (0)
[0]: 497 <---- 90 (0)
[0]: 498 <---- 145 (0)
[0]: 498 <---- 92 (0)
[0]: 499 <---- 92 (0)
[0]: 499 <---- 91 (0)
[0]: 500 <---- 91 (0)
[0]: 500 <---- 90 (0)
[0]: 501 <---- 91 (0)
[0]: 501 <---- 77 (0)
[0]: 502 <---- 78 (0)
[0]: 502 <---- 92 (0)
[0]: 503 <---- 93 (0)
[0]: 503 <---- 96 (0)
[0]: 504 <---- 96 (0)
[0]: 504 <---- 95 (0)
[0]: 505 <---- 95 (0)
[0]: 505 <---- 94 (0)
[0]: 506 <---- 94 (0)
[0]: 506 <---- 93 (0)
[0]: 507 <---- 94 (0)
[0]: 507 <---- 82 (0)
[0]: 508 <---- 81 (0)
[0]: 508 <---- 93 (0)
[0]: 509 <---- 96 (0)
[0]: 509 <---- 84 (0)
[0]: 510 <---- 83 (0)
[0]: 510 <---- 95 (0)
[0]: 511 <---- 93 (0)
[0]: 511 <---- 91 (0)
[0]: 512 <---- 92 (0)
[0]: 512 <---- 96 (0)
[0]: 513 <---- 157 (0)
[0]: 513 <---- 98 (0)
[0]: 514 <---- 98 (0)
[0]: 514 <---- 97 (0)
[0]: 515 <---- 97 (0)
[0]: 515 <---- 160 (0)
[0]: 516 <---- 97 (0)
[0]: 516 <---- 89 (0)
[0]: 517 <---- 90 (0)
[0]: 517 <---- 98 (0)
[0]: 518 <---- 157 (0)
[0]: 518 <---- 100 (0)
[0]: 519 <---- 100 (0)
[0]: 519 <---- 99 (0)
[0]: 520 <---- 99 (0)
[0]: 520 <---- 98 (0)
[0]: 521 <---- 99 (0)
[0]: 521 <---- 91 (0)
[0]: 522 <---- 92 (0)
[0]: 522 <---- 100 (0)
[0]: 523 <---- 101 (0)
[0]: 523 <---- 102 (0)
[0]: 524 <---- 93 (0)
[0]: 524 <---- 101 (0)
[0]: 525 <---- 102 (0)
[0]: 525 <---- 96 (0)
[0]: 526 <---- 101 (0)
[0]: 526 <---- 99 (0)
[0]: 527 <---- 100 (0)
[0]: 527 <---- 102 (0)
[0]: 528 <---- 169 (0)
[0]: 528 <---- 104 (0)
[0]: 529 <---- 104 (0)
[0]: 529 <---- 103 (0)
[0]: 530 <---- 103 (0)
[0]: 530 <---- 172 (0)
[0]: 531 <---- 103 (0)
[0]: 531 <---- 97 (0)
[0]: 532 <---- 98 (0)
[0]: 532 <---- 104 (0)
[0]: 533 <---- 169 (0)
[0]: 533 <---- 106 (0)
[0]: 534 <---- 106 (0)
[0]: 534 <---- 105 (0)
[0]: 535 <---- 105 (0)
[0]: 535 <---- 104 (0)
[0]: 536 <---- 105 (0)
[0]: 536 <---- 99 (0)
[0]: 537 <---- 100 (0)
[0]: 537 <---- 106 (0)
[0]: 538 <---- 107 (0)
[0]: 538 <---- 108 (0)
[0]: 539 <---- 101 (0)
[0]: 539 <---- 107 (0)
[0]: 540 <---- 108 (0)
[0]: 540 <---- 102 (0)
[0]: 541 <---- 107 (0)
[0]: 541 <---- 105 (0)
[0]: 542 <---- 106 (0)
[0]: 542 <---- 108 (0)
[0]: 543 <---- 139 (0)
[0]: 543 <---- 110 (0)
[0]: 544 <---- 110 (0)
[0]: 544 <---- 109 (0)
[0]: 545 <---- 109 (0)
[0]: 545 <---- 138 (0)
[0]: 546 <---- 142 (0)
[0]: 546 <---- 111 (0)
[0]: 547 <---- 111 (0)
[0]: 547 <---- 112 (0)
[0]: 548 <---- 112 (0)
[0]: 548 <---- 143 (0)
[0]: 549 <---- 110 (0)
[0]: 549 <---- 112 (0)
[0]: 550 <---- 111 (0)
[0]: 550 <---- 109 (0)
[0]: 551 <---- 109 (0)
[0]: 551 <---- 114 (0)
[0]: 552 <---- 114 (0)
[0]: 552 <---- 113 (0)
[0]: 553 <---- 113 (0)
[0]: 553 <---- 138 (0)
[0]: 554 <---- 142 (0)
[0]: 554 <---- 115 (0)
[0]: 555 <---- 115 (0)
[0]: 555 <---- 116 (0)
[0]: 556 <---- 116 (0)
[0]: 556 <---- 111 (0)
[0]: 557 <---- 113 (0)
[0]: 557 <---- 115 (0)
[0]: 558 <---- 116 (0)
[0]: 558 <---- 114 (0)
[0]: 559 <---- 114 (0)
[0]: 559 <---- 118 (0)
[0]: 560 <---- 118 (0)
[0]: 560 <---- 117 (0)
[0]: 561 <---- 117 (0)
[0]: 561 <---- 113 (0)
[0]: 562 <---- 115 (0)
[0]: 562 <---- 119 (0)
[0]: 563 <---- 119 (0)
[0]: 563 <---- 120 (0)
[0]: 564 <---- 120 (0)
[0]: 564 <---- 116 (0)
[0]: 565 <---- 117 (0)
[0]: 565 <---- 119 (0)
[0]: 566 <---- 120 (0)
[0]: 566 <---- 118 (0)
[0]: 567 <---- 117 (0)
[0]: 567 <---- 122 (0)
[0]: 568 <---- 122 (0)
[0]: 568 <---- 121 (0)
[0]: 569 <---- 121 (0)
[0]: 569 <---- 113 (0)
[0]: 570 <---- 115 (0)
[0]: 570 <---- 123 (0)
[0]: 571 <---- 123 (0)
[0]: 571 <---- 124 (0)
[0]: 572 <---- 124 (0)
[0]: 572 <---- 119 (0)
[0]: 573 <---- 121 (0)
[0]: 573 <---- 123 (0)
[0]: 574 <---- 124 (0)
[0]: 574 <---- 122 (0)
[0]: 575 <---- 117 (0)
[0]: 575 <---- 126 (0)
[0]: 576 <---- 126 (0)
[0]: 576 <---- 125 (0)
[0]: 577 <---- 125 (0)
[0]: 577 <---- 122 (0)
[0]: 578 <---- 124 (0)
[0]: 578 <---- 127 (0)
[0]: 579 <---- 127 (0)
[0]: 579 <---- 128 (0)
[0]: 580 <---- 128 (0)
[0]: 580 <---- 119 (0)
[0]: 581 <---- 126 (0)
[0]: 581 <---- 128 (0)
[0]: 582 <---- 127 (0)
[0]: 582 <---- 125 (0)
[0]: 583 <---- 125 (0)
[0]: 583 <---- 129 (0)
[0]: 584 <---- 129 (0)
[0]: 584 <---- 121 (0)
[0]: 585 <---- 123 (0)
[0]: 585 <---- 130 (0)
[0]: 586 <---- 130 (0)
[0]: 586 <---- 127 (0)
[0]: 587 <---- 130 (0)
[0]: 587 <---- 129 (0)
[0]: 588 <---- 109 (0)
[0]: 588 <---- 131 (0)
[0]: 589 <---- 131 (0)
[0]: 589 <---- 118 (0)
[0]: 590 <---- 120 (0)
[0]: 590 <---- 132 (0)
[0]: 591 <---- 132 (0)
[0]: 591 <---- 111 (0)
[0]: 592 <---- 131 (0)
[0]: 592 <---- 132 (0)
[0]: 593 <---- 110 (0)
[0]: 593 <---- 133 (0)
[0]: 594 <---- 133 (0)
[0]: 594 <---- 131 (0)
[0]: 595 <---- 132 (0)
[0]: 595 <---- 134 (0)
[0]: 596 <---- 134 (0)
[0]: 596 <---- 112 (0)
[0]: 597 <---- 133 (0)
[0]: 597 <---- 134 (0)
[0]: 598 <---- 150 (0)
[0]: 598 <---- 110 (0)
[0]: 599 <---- 109 (0)
[0]: 599 <---- 149 (0)
[0]: 600 <---- 151 (0)
[0]: 600 <---- 113 (0)
[0]: 601 <---- 114 (0)
[0]: 601 <---- 152 (0)
[0]: 602 <---- 153 (0)
[0]: 602 <---- 117 (0)
[0]: 603 <---- 118 (0)
[0]: 603 <---- 154 (0)
[0]: 604 <---- 153 (0)
[0]: 604 <---- 136 (0)
[0]: 605 <---- 136 (0)
[0]: 605 <---- 135 (0)
[0]: 606 <---- 135 (0)
[0]: 606 <---- 151 (0)
[0]: 607 <---- 135 (0)
[0]: 607 <---- 121 (0)
[0]: 608 <---- 122 (0)
[0]: 608 <---- 136 (0)
[0]: 609 <---- 155 (0)
[0]: 609 <---- 131 (0)
[0]: 610 <---- 156 (0)
[0]: 610 <---- 133 (0)
[0]: 611 <---- 137 (0)
[0]: 611 <---- 140 (0)
[0]: 612 <---- 140 (0)
[0]: 612 <---- 139 (0)
[0]: 613 <---- 139 (0)
[0]: 613 <---- 138 (0)
[0]: 614 <---- 138 (0)
[0]: 614 <---- 137 (0)
[0]: 615 <---- 141 (0)
[0]: 615 <---- 142 (0)
[0]: 616 <---- 142 (0)
[0]: 616 <---- 143 (0)
[0]: 617 <---- 143 (0)
[0]: 617 <---- 144 (0)
[0]: 618 <---- 144 (0)
[0]: 618 <---- 141 (0)
[0]: 619 <---- 138 (0)
[0]: 619 <---- 142 (0)
[0]: 620 <---- 141 (0)
[0]: 620 <---- 137 (0)
[0]: 621 <---- 140 (0)
[0]: 621 <---- 144 (0)
[0]: 622 <---- 143 (0)
[0]: 622 <---- 139 (0)
[0]: 623 <---- 145 (0)
[0]: 623 <---- 148 (0)
[0]: 624 <---- 148 (0)
[0]: 624 <---- 147 (0)
[0]: 625 <---- 147 (0)
[0]: 625 <---- 146 (0)
[0]: 626 <---- 146 (0)
[0]: 626 <---- 145 (0)
[0]: 627 <---- 146 (0)
[0]: 627 <---- 138 (0)
[0]: 628 <---- 137 (0)
[0]: 628 <---- 145 (0)
[0]: 629 <---- 148 (0)
[0]: 629 <---- 140 (0)
[0]: 630 <---- 139 (0)
[0]: 630 <---- 147 (0)
[0]: 631 <---- 147 (0)
[0]: 631 <---- 150 (0)
[0]: 632 <---- 150 (0)
[0]: 632 <---- 149 (0)
[0]: 633 <---- 149 (0)
[0]: 633 <---- 146 (0)
[0]: 634 <---- 149 (0)
[0]: 634 <---- 152 (0)
[0]: 635 <---- 152 (0)
[0]: 635 <---- 151 (0)
[0]: 636 <---- 151 (0)
[0]: 636 <---- 146 (0)
[0]: 637 <---- 152 (0)
[0]: 637 <---- 154 (0)
[0]: 638 <---- 154 (0)
[0]: 638 <---- 153 (0)
[0]: 639 <---- 153 (0)
[0]: 639 <---- 151 (0)
[0]: 640 <---- 149 (0)
[0]: 640 <---- 155 (0)
[0]: 641 <---- 155 (0)
[0]: 641 <---- 154 (0)
[0]: 642 <---- 150 (0)
[0]: 642 <---- 156 (0)
[0]: 643 <---- 156 (0)
[0]: 643 <---- 155 (0)
[0]: 644 <---- 157 (0)
[0]: 644 <---- 160 (0)
[0]: 645 <---- 160 (0)
[0]: 645 <---- 159 (0)
[0]: 646 <---- 159 (0)
[0]: 646 <---- 158 (0)
[0]: 647 <---- 158 (0)
[0]: 647 <---- 157 (0)
[0]: 648 <---- 158 (0)
[0]: 648 <---- 146 (0)
[0]: 649 <---- 145 (0)
[0]: 649 <---- 157 (0)
[0]: 650 <---- 160 (0)
[0]: 650 <---- 148 (0)
[0]: 651 <---- 147 (0)
[0]: 651 <---- 159 (0)
[0]: 652 <---- 159 (0)
[0]: 652 <---- 162 (0)
[0]: 653 <---- 162 (0)
[0]: 653 <---- 161 (0)
[0]: 654 <---- 161 (0)
[0]: 654 <---- 158 (0)
[0]: 655 <---- 162 (0)
[0]: 655 <---- 150 (0)
[0]: 656 <---- 149 (0)
[0]: 656 <---- 161 (0)
[0]: 657 <---- 161 (0)
[0]: 657 <---- 164 (0)
[0]: 658 <---- 164 (0)
[0]: 658 <---- 163 (0)
[0]: 659 <---- 163 (0)
[0]: 659 <---- 158 (0)
[0]: 660 <---- 163 (0)
[0]: 660 <---- 151 (0)
[0]: 661 <---- 152 (0)
[0]: 661 <---- 164 (0)
[0]: 662 <---- 164 (0)
[0]: 662 <---- 166 (0)
[0]: 663 <---- 166 (0)
[0]: 663 <---- 165 (0)
[0]: 664 <---- 165 (0)
[0]: 664 <---- 163 (0)
[0]: 665 <---- 165 (0)
[0]: 665 <---- 153 (0)
[0]: 666 <---- 154 (0)
[0]: 666 <---- 166 (0)
[0]: 667 <---- 161 (0)
[0]: 667 <---- 167 (0)
[0]: 668 <---- 167 (0)
[0]: 668 <---- 166 (0)
[0]: 669 <---- 167 (0)
[0]: 669 <---- 155 (0)
[0]: 670 <---- 162 (0)
[0]: 670 <---- 168 (0)
[0]: 671 <---- 168 (0)
[0]: 671 <---- 167 (0)
[0]: 672 <---- 168 (0)
[0]: 672 <---- 156 (0)
[0]: 673 <---- 169 (0)
[0]: 673 <---- 172 (0)
[0]: 674 <---- 172 (0)
[0]: 674 <---- 171 (0)
[0]: 675 <---- 171 (0)
[0]: 675 <---- 170 (0)
[0]: 676 <---- 170 (0)
[0]: 676 <---- 169 (0)
[0]: 677 <---- 170 (0)
[0]: 677 <---- 158 (0)
[0]: 678 <---- 157 (0)
[0]: 678 <---- 169 (0)
[0]: 679 <---- 172 (0)
[0]: 679 <---- 160 (0)
[0]: 680 <---- 159 (0)
[0]: 680 <---- 171 (0)
[0]: 681 <---- 171 (0)
[0]: 681 <---- 174 (0)
[0]: 682 <---- 174 (0)
[0]: 682 <---- 173 (0)
[0]: 683 <---- 173 (0)
[0]: 683 <---- 170 (0)
[0]: 684 <---- 174 (0)
[0]: 684 <---- 162 (0)
[0]: 685 <---- 161 (0)
[0]: 685 <---- 173 (0)
[0]: 686 <---- 173 (0)
[0]: 686 <---- 176 (0)
[0]: 687 <---- 176 (0)
[0]: 687 <---- 175 (0)
[0]: 688 <---- 175 (0)
[0]: 688 <---- 170 (0)
[0]: 689 <---- 175 (0)
[0]: 689 <---- 163 (0)
[0]: 690 <---- 164 (0)
[0]: 690 <---- 176 (0)
[0]: 691 <---- 176 (0)
[0]: 691 <---- 178 (0)
[0]: 692 <---- 178 (0)
[0]: 692 <---- 177 (0)
[0]: 693 <---- 177 (0)
[0]: 693 <---- 175 (0)
[0]: 694 <---- 177 (0)
[0]: 694 <---- 165 (0)
[0]: 695 <---- 166 (0)
[0]: 695 <---- 178 (0)
[0]: 696 <---- 173 (0)
[0]: 696 <---- 179 (0)
[0]: 697 <---- 179 (0)
[0]: 697 <---- 178 (0)
[0]: 698 <---- 179 (0)
[0]: 698 <---- 167 (0)
[0]: 699 <---- 174 (0)
[0]: 699 <---- 180 (0)
[0]: 700 <---- 180 (0)
[0]: 700 <---- 179 (0)
[0]: 701 <---- 180 (0)
[0]: 701 <---- 168 (0)
[1] Max cone size: 0
[2] Max cone size: 0
[3] Max cone size: 0
coordinates with 1 fields
  field 0 with 3 components
Process 0:
  (  56) dim  3 offset   0 0.5 -1. 0.
  (  57) dim  3 offset   3 1. -1. 0.
  (  58) dim  3 offset   6 0. -1. 0.
  (  59) dim  3 offset   9 0.25 -0.433013 -0.5
  (  60) dim  3 offset  12 0.583333 -0.644338 -0.5
  (  61) dim  3 offset  15 0.5 -1. -0.5
  (  62) dim  3 offset  18 1. -1. -0.5
  (  63) dim  3 offset  21 0. -1. -0.5
  (  64) dim  3 offset  24 -1. -1. -0.5
  (  65) dim  3 offset  27 -0.5 -1. -0.5
  (  66) dim  3 offset  30 0.25 -0.433013 -1.
  (  67) dim  3 offset  33 0.583333 -0.644338 -1.
  (  68) dim  3 offset  36 0.5 -1. -1.
  (  69) dim  3 offset  39 1. -1. -1.
  (  70) dim  3 offset  42 0. -1. -1.
  (  71) dim  3 offset  45 -1. -1. -1.
  (  72) dim  3 offset  48 -0.5 -1. -1.
  (  73) dim  3 offset  51 -1. 1. 0.5
  (  74) dim  3 offset  54 -1. 0.5 0.5
  (  75) dim  3 offset  57 -1. 1. 1.
  (  76) dim  3 offset  60 -1. 0.5 1.
  (  77) dim  3 offset  63 -1. 0. 0.5
  (  78) dim  3 offset  66 -0.5 -3.06162e-17 0.5
  (  79) dim  3 offset  69 -1. 0. 1.
  (  80) dim  3 offset  72 -0.5 -6.12323e-17 1.
  (  81) dim  3 offset  75 -1. -0.5 0.5
  (  82) dim  3 offset  78 -1. -1. 0.5
  (  83) dim  3 offset  81 -0.5 -1. 0.5
  (  84) dim  3 offset  84 -0.25 -0.433013 0.5
  (  85) dim  3 offset  87 -1. -0.5 1.
  (  86) dim  3 offset  90 -1. -1. 1.
  (  87) dim  3 offset  93 -0.5 -1. 1.
  (  88) dim  3 offset  96 -0.25 -0.433013 1.
  (  89) dim  3 offset  99 -1. 1. 0.
  (  90) dim  3 offset 102 -1. 0.5 0.
  (  91) dim  3 offset 105 -1. 0. 0.
  (  92) dim  3 offset 108 -0.5 0. 0.
  (  93) dim  3 offset 111 -1. -0.5 0.
  (  94) dim  3 offset 114 -1. -1. 0.
  (  95) dim  3 offset 117 -0.5 -1. 0.
  (  96) dim  3 offset 120 -0.25 -0.433013 0.
  (  97) dim  3 offset 123 -1. 1. -0.5
  (  98) dim  3 offset 126 -1. 0.5 -0.5
  (  99) dim  3 offset 129 -1. 0. -0.5
  ( 100) dim  3 offset 132 -0.5 3.06162e-17 -0.5
  ( 101) dim  3 offset 135 -1. -0.5 -0.5
  ( 102) dim  3 offset 138 -0.25 -0.433013 -0.5
  ( 103) dim  3 offset 141 -1. 1. -1.
  ( 104) dim  3 offset 144 -1. 0.5 -1.
  ( 105) dim  3 offset 147 -1. 0. -1.
  ( 106) dim  3 offset 150 -0.5 6.12323e-17 -1.
  ( 107) dim  3 offset 153 -1. -0.5 -1.
  ( 108) dim  3 offset 156 -0.25 -0.433013 -1.
  ( 109) dim  3 offset 159 0.625878 0.519886 0.5
  ( 110) dim  3 offset 162 0.5 1. 0.5
  ( 111) dim  3 offset 165 0.625878 0.519886 1.
  ( 112) dim  3 offset 168 0.5 1. 1.
  ( 113) dim  3 offset 171 0.5 0. 0.5
  ( 114) dim  3 offset 174 0.708626 0.173295 0.5
  ( 115) dim  3 offset 177 0.5 0. 1.
  ( 116) dim  3 offset 180 0.708626 0.173295 1.
  ( 117) dim  3 offset 183 1. -0.5 0.5
  ( 118) dim  3 offset 186 1. 0. 0.5
  ( 119) dim  3 offset 189 1. -0.5 1.
  ( 120) dim  3 offset 192 1. 0. 1.
  ( 121) dim  3 offset 195 0.25 -0.433013 0.5
  ( 122) dim  3 offset 198 0.583333 -0.644338 0.5
  ( 123) dim  3 offset 201 0.25 -0.433013 1.
  ( 124) dim  3 offset 204 0.583333 -0.644338 1.
  ( 125) dim  3 offset 207 0.5 -1. 0.5
  ( 126) dim  3 offset 210 1. -1. 0.5
  ( 127) dim  3 offset 213 0.5 -1. 1.
  ( 128) dim  3 offset 216 1. -1. 1.
  ( 129) dim  3 offset 219 0. -1. 0.5
  ( 130) dim  3 offset 222 0. -1. 1.
  ( 131) dim  3 offset 225 1. 0.5 0.5
  ( 132) dim  3 offset 228 1. 0.5 1.
  ( 133) dim  3 offset 231 1. 1. 0.5
  ( 134) dim  3 offset 234 1. 1. 1.
  ( 135) dim  3 offset 237 0.25 -0.433013 0.
  ( 136) dim  3 offset 240 0.583333 -0.644338 -9.71055e-20
  ( 137) dim  3 offset 243 -0.25 0.433013 0.5
  ( 138) dim  3 offset 246 0.25 0.433013 0.5
  ( 139) dim  3 offset 249 0. 1. 0.5
  ( 140) dim  3 offset 252 -0.5 1. 0.5
  ( 141) dim  3 offset 255 -0.25 0.433013 1.
  ( 142) dim  3 offset 258 0.25 0.433013 1.
  ( 143) dim  3 offset 261 0. 1. 1.
  ( 144) dim  3 offset 264 -0.5 1. 1.
  ( 145) dim  3 offset 267 -0.25 0.433013 0.
  ( 146) dim  3 offset 270 0.25 0.433013 1.38778e-17
  ( 147) dim  3 offset 273 0. 1. 0.
  ( 148) dim  3 offset 276 -0.5 1. 0.
  ( 149) dim  3 offset 279 0.625878 0.519886 2.71653e-18
  ( 150) dim  3 offset 282 0.5 1. 0.
  ( 151) dim  3 offset 285 0.5 0. 0.
  ( 152) dim  3 offset 288 0.708626 0.173295 2.00929e-18
  ( 153) dim  3 offset 291 1. -0.5 0.
  ( 154) dim  3 offset 294 1. 0. 0.
  ( 155) dim  3 offset 297 1. 0.5 0.
  ( 156) dim  3 offset 300 1. 1. 0.
  ( 157) dim  3 offset 303 -0.25 0.433013 -0.5
  ( 158) dim  3 offset 306 0.25 0.433013 -0.5
  ( 159) dim  3 offset 309 0. 1. -0.5
  ( 160) dim  3 offset 312 -0.5 1. -0.5
  ( 161) dim  3 offset 315 0.625878 0.519886 -0.5
  ( 162) dim  3 offset 318 0.5 1. -0.5
  ( 163) dim  3 offset 321 0.5 0. -0.5
  ( 164) dim  3 offset 324 0.708626 0.173295 -0.5
  ( 165) dim  3 offset 327 1. -0.5 -0.5
  ( 166) dim  3 offset 330 1. 0. -0.5
  ( 167) dim  3 offset 333 1. 0.5 -0.5
  ( 168) dim  3 offset 336 1. 1. -0.5
  ( 169) dim  3 offset 339 -0.25 0.433013 -1.
  ( 170) dim  3 offset 342 0.25 0.433013 -1.
  ( 171) dim  3 offset 345 0. 1. -1.
  ( 172) dim  3 offset 348 -0.5 1. -1.
  ( 173) dim  3 offset 351 0.625701 0.51915 -1.
  ( 174) dim  3 offset 354 0.5 1. -1.
  ( 175) dim  3 offset 357 0.5 0. -1.
  ( 176) dim  3 offset 360 0.708567 0.17305 -1.
  ( 177) dim  3 offset 363 1. -0.5 -1.
  ( 178) dim  3 offset 366 1. 0. -1.
  ( 179) dim  3 offset 369 1. 0.5 -1.
  ( 180) dim  3 offset 372 1. 1. -1.
Process 1:
Process 2:
Process 3:
PetscSF Object: 4 MPI processes
  type not yet set
  PetscSFSetGraph() has not been called yet
