DM Object: cubit(Rect-tri3.gen): 08/26/2013: 13:00:28 1 MPI processes
  type: plex
cubit(Rect-tri3.gen): 08/26/2013: 13:00:28 in 2 dimensions:
Supports:
[0] Max support size: 7
[0]: 60 ----> 0
[0]: 60 ----> 1
[0]: 60 ----> 2
[0]: 60 ----> 54
[0]: 60 ----> 55
[0]: 61 ----> 0
[0]: 61 ----> 2
[0]: 61 ----> 12
[0]: 61 ----> 18
[0]: 61 ----> 19
[0]: 62 ----> 0
[0]: 62 ----> 19
[0]: 62 ----> 27
[0]: 62 ----> 54
[0]: 62 ----> 59
[0]: 63 ----> 1
[0]: 63 ----> 4
[0]: 63 ----> 23
[0]: 63 ----> 55
[0]: 63 ----> 56
[0]: 64 ----> 1
[0]: 64 ----> 2
[0]: 64 ----> 4
[0]: 64 ----> 14
[0]: 64 ----> 16
[0]: 64 ----> 18
[0]: 64 ----> 22
[0]: 65 ----> 3
[0]: 65 ----> 7
[0]: 65 ----> 15
[0]: 65 ----> 24
[0]: 65 ----> 25
[0]: 66 ----> 3
[0]: 66 ----> 6
[0]: 66 ----> 7
[0]: 67 ----> 3
[0]: 67 ----> 6
[0]: 67 ----> 10
[0]: 67 ----> 14
[0]: 67 ----> 16
[0]: 67 ----> 20
[0]: 67 ----> 25
[0]: 68 ----> 4
[0]: 68 ----> 5
[0]: 68 ----> 11
[0]: 68 ----> 22
[0]: 68 ----> 23
[0]: 69 ----> 5
[0]: 69 ----> 11
[0]: 69 ----> 13
[0]: 69 ----> 48
[0]: 69 ----> 49
[0]: 70 ----> 5
[0]: 70 ----> 23
[0]: 70 ----> 48
[0]: 70 ----> 56
[0]: 71 ----> 6
[0]: 71 ----> 10
[0]: 71 ----> 17
[0]: 72 ----> 7
[0]: 72 ----> 15
[0]: 72 ----> 50
[0]: 73 ----> 8
[0]: 73 ----> 12
[0]: 73 ----> 16
[0]: 73 ----> 18
[0]: 73 ----> 20
[0]: 73 ----> 21
[0]: 74 ----> 8
[0]: 74 ----> 9
[0]: 74 ----> 21
[0]: 74 ----> 35
[0]: 74 ----> 39
[0]: 74 ----> 44
[0]: 75 ----> 8
[0]: 75 ----> 12
[0]: 75 ----> 19
[0]: 75 ----> 27
[0]: 75 ----> 28
[0]: 75 ----> 35
[0]: 76 ----> 9
[0]: 76 ----> 17
[0]: 76 ----> 30
[0]: 76 ----> 39
[0]: 77 ----> 9
[0]: 77 ----> 10
[0]: 77 ----> 17
[0]: 77 ----> 20
[0]: 77 ----> 21
[0]: 78 ----> 11
[0]: 78 ----> 13
[0]: 78 ----> 14
[0]: 78 ----> 22
[0]: 78 ----> 24
[0]: 78 ----> 25
[0]: 79 ----> 13
[0]: 79 ----> 15
[0]: 79 ----> 24
[0]: 79 ----> 49
[0]: 79 ----> 50
[0]: 80 ----> 26
[0]: 80 ----> 30
[0]: 80 ----> 37
[0]: 81 ----> 26
[0]: 81 ----> 41
[0]: 81 ----> 46
[0]: 82 ----> 26
[0]: 82 ----> 31
[0]: 82 ----> 37
[0]: 82 ----> 45
[0]: 82 ----> 46
[0]: 82 ----> 47
[0]: 83 ----> 27
[0]: 83 ----> 28
[0]: 83 ----> 34
[0]: 83 ----> 43
[0]: 83 ----> 58
[0]: 83 ----> 59
[0]: 84 ----> 28
[0]: 84 ----> 31
[0]: 84 ----> 34
[0]: 84 ----> 35
[0]: 84 ----> 42
[0]: 84 ----> 44
[0]: 84 ----> 45
[0]: 85 ----> 29
[0]: 85 ----> 36
[0]: 85 ----> 38
[0]: 85 ----> 51
[0]: 85 ----> 52
[0]: 86 ----> 29
[0]: 86 ----> 38
[0]: 86 ----> 41
[0]: 86 ----> 46
[0]: 86 ----> 47
[0]: 87 ----> 29
[0]: 87 ----> 41
[0]: 87 ----> 51
[0]: 88 ----> 30
[0]: 88 ----> 37
[0]: 88 ----> 39
[0]: 88 ----> 44
[0]: 88 ----> 45
[0]: 89 ----> 31
[0]: 89 ----> 32
[0]: 89 ----> 36
[0]: 89 ----> 38
[0]: 89 ----> 42
[0]: 89 ----> 47
[0]: 90 ----> 32
[0]: 90 ----> 33
[0]: 90 ----> 36
[0]: 90 ----> 40
[0]: 90 ----> 52
[0]: 90 ----> 53
[0]: 91 ----> 32
[0]: 91 ----> 34
[0]: 91 ----> 40
[0]: 91 ----> 42
[0]: 91 ----> 43
[0]: 92 ----> 33
[0]: 92 ----> 53
[0]: 92 ----> 57
[0]: 93 ----> 33
[0]: 93 ----> 40
[0]: 93 ----> 43
[0]: 93 ----> 57
[0]: 93 ----> 58
Cones:
[0] Max cone size: 3
[0]: 0 <---- 60 (0)
[0]: 0 <---- 61 (0)
[0]: 0 <---- 62 (0)
[0]: 1 <---- 63 (0)
[0]: 1 <---- 64 (0)
[0]: 1 <---- 60 (0)
[0]: 2 <---- 64 (0)
[0]: 2 <---- 61 (0)
[0]: 2 <---- 60 (0)
[0]: 3 <---- 65 (0)
[0]: 3 <---- 66 (0)
[0]: 3 <---- 67 (0)
[0]: 4 <---- 68 (0)
[0]: 4 <---- 64 (0)
[0]: 4 <---- 63 (0)
[0]: 5 <---- 69 (0)
[0]: 5 <---- 68 (0)
[0]: 5 <---- 70 (0)
[0]: 6 <---- 66 (0)
[0]: 6 <---- 71 (0)
[0]: 6 <---- 67 (0)
[0]: 7 <---- 66 (0)
[0]: 7 <---- 65 (0)
[0]: 7 <---- 72 (0)
[0]: 8 <---- 73 (0)
[0]: 8 <---- 74 (0)
[0]: 8 <---- 75 (0)
[0]: 9 <---- 76 (0)
[0]: 9 <---- 74 (0)
[0]: 9 <---- 77 (0)
[0]: 10 <---- 67 (0)
[0]: 10 <---- 71 (0)
[0]: 10 <---- 77 (0)
[0]: 11 <---- 78 (0)
[0]: 11 <---- 68 (0)
[0]: 11 <---- 69 (0)
[0]: 12 <---- 61 (0)
[0]: 12 <---- 73 (0)
[0]: 12 <---- 75 (0)
[0]: 13 <---- 69 (0)
[0]: 13 <---- 79 (0)
[0]: 13 <---- 78 (0)
[0]: 14 <---- 78 (0)
[0]: 14 <---- 67 (0)
[0]: 14 <---- 64 (0)
[0]: 15 <---- 65 (0)
[0]: 15 <---- 79 (0)
[0]: 15 <---- 72 (0)
[0]: 16 <---- 67 (0)
[0]: 16 <---- 73 (0)
[0]: 16 <---- 64 (0)
[0]: 17 <---- 71 (0)
[0]: 17 <---- 76 (0)
[0]: 17 <---- 77 (0)
[0]: 18 <---- 64 (0)
[0]: 18 <---- 73 (0)
[0]: 18 <---- 61 (0)
[0]: 19 <---- 61 (0)
[0]: 19 <---- 75 (0)
[0]: 19 <---- 62 (0)
[0]: 20 <---- 73 (0)
[0]: 20 <---- 67 (0)
[0]: 20 <---- 77 (0)
[0]: 21 <---- 73 (0)
[0]: 21 <---- 77 (0)
[0]: 21 <---- 74 (0)
[0]: 22 <---- 78 (0)
[0]: 22 <---- 64 (0)
[0]: 22 <---- 68 (0)
[0]: 23 <---- 68 (0)
[0]: 23 <---- 63 (0)
[0]: 23 <---- 70 (0)
[0]: 24 <---- 78 (0)
[0]: 24 <---- 79 (0)
[0]: 24 <---- 65 (0)
[0]: 25 <---- 78 (0)
[0]: 25 <---- 65 (0)
[0]: 25 <---- 67 (0)
[0]: 26 <---- 80 (0)
[0]: 26 <---- 81 (0)
[0]: 26 <---- 82 (0)
[0]: 27 <---- 83 (0)
[0]: 27 <---- 62 (0)
[0]: 27 <---- 75 (0)
[0]: 28 <---- 83 (0)
[0]: 28 <---- 75 (0)
[0]: 28 <---- 84 (0)
[0]: 29 <---- 85 (0)
[0]: 29 <---- 86 (0)
[0]: 29 <---- 87 (0)
[0]: 30 <---- 76 (0)
[0]: 30 <---- 80 (0)
[0]: 30 <---- 88 (0)
[0]: 31 <---- 89 (0)
[0]: 31 <---- 84 (0)
[0]: 31 <---- 82 (0)
[0]: 32 <---- 89 (0)
[0]: 32 <---- 90 (0)
[0]: 32 <---- 91 (0)
[0]: 33 <---- 92 (0)
[0]: 33 <---- 93 (0)
[0]: 33 <---- 90 (0)
[0]: 34 <---- 83 (0)
[0]: 34 <---- 84 (0)
[0]: 34 <---- 91 (0)
[0]: 35 <---- 75 (0)
[0]: 35 <---- 74 (0)
[0]: 35 <---- 84 (0)
[0]: 36 <---- 90 (0)
[0]: 36 <---- 89 (0)
[0]: 36 <---- 85 (0)
[0]: 37 <---- 80 (0)
[0]: 37 <---- 82 (0)
[0]: 37 <---- 88 (0)
[0]: 38 <---- 85 (0)
[0]: 38 <---- 89 (0)
[0]: 38 <---- 86 (0)
[0]: 39 <---- 74 (0)
[0]: 39 <---- 76 (0)
[0]: 39 <---- 88 (0)
[0]: 40 <---- 90 (0)
[0]: 40 <---- 93 (0)
[0]: 40 <---- 91 (0)
[0]: 41 <---- 86 (0)
[0]: 41 <---- 81 (0)
[0]: 41 <---- 87 (0)
[0]: 42 <---- 84 (0)
[0]: 42 <---- 89 (0)
[0]: 42 <---- 91 (0)
[0]: 43 <---- 93 (0)
[0]: 43 <---- 83 (0)
[0]: 43 <---- 91 (0)
[0]: 44 <---- 84 (0)
[0]: 44 <---- 74 (0)
[0]: 44 <---- 88 (0)
[0]: 45 <---- 84 (0)
[0]: 45 <---- 88 (0)
[0]: 45 <---- 82 (0)
[0]: 46 <---- 82 (0)
[0]: 46 <---- 81 (0)
[0]: 46 <---- 86 (0)
[0]: 47 <---- 82 (0)
[0]: 47 <---- 86 (0)
[0]: 47 <---- 89 (0)
[0]: 48 <---- 70 (0)
[0]: 48 <---- 69 (0)
[0]: 49 <---- 69 (0)
[0]: 49 <---- 79 (0)
[0]: 50 <---- 79 (0)
[0]: 50 <---- 72 (0)
[0]: 51 <---- 87 (0)
[0]: 51 <---- 85 (0)
[0]: 52 <---- 85 (0)
[0]: 52 <---- 90 (0)
[0]: 53 <---- 90 (0)
[0]: 53 <---- 92 (0)
[0]: 54 <---- 62 (0)
[0]: 54 <---- 60 (0)
[0]: 55 <---- 60 (0)
[0]: 55 <---- 63 (0)
[0]: 56 <---- 63 (0)
[0]: 56 <---- 70 (0)
[0]: 57 <---- 92 (0)
[0]: 57 <---- 93 (0)
[0]: 58 <---- 93 (0)
[0]: 58 <---- 83 (0)
[0]: 59 <---- 83 (0)
[0]: 59 <---- 62 (0)
coordinates with 1 fields
  field 0 with 2 components
Process 0:
  (  60) dim  2 offset   0 -0.666667 1.
  (  61) dim  2 offset   2 -0.426084 0.543999
  (  62) dim  2 offset   4 0. 1.
  (  63) dim  2 offset   6 -1.33333 1.
  (  64) dim  2 offset   8 -0.993855 0.386707
  (  65) dim  2 offset  10 -1.56981 -0.543667
  (  66) dim  2 offset  12 -1.33333 -1.
  (  67) dim  2 offset  14 -0.996391 -0.385656
  (  68) dim  2 offset  16 -1.5693 0.544138
  (  69) dim  2 offset  18 -2. 0.333333
  (  70) dim  2 offset  20 -2. 1.
  (  71) dim  2 offset  22 -0.666667 -1.
  (  72) dim  2 offset  24 -2. -1.
  (  73) dim  2 offset  26 -0.469897 -4.3257e-05
  (  74) dim  2 offset  28 0. -0.333333
  (  75) dim  2 offset  30 0. 0.333333
  (  76) dim  2 offset  32 0. -1.
  (  77) dim  2 offset  34 -0.426591 -0.543806
  (  78) dim  2 offset  36 -1.51932 0.000651568
  (  79) dim  2 offset  38 -2. -0.333333
  (  80) dim  2 offset  40 0.666667 -1.
  (  81) dim  2 offset  42 1.33333 -1.
  (  82) dim  2 offset  44 1.01667 -0.53219
  (  83) dim  2 offset  46 0.666667 1.
  (  84) dim  2 offset  48 0.679796 0.0425353
  (  85) dim  2 offset  50 2. -0.333333
  (  86) dim  2 offset  52 1.55199 -0.593653
  (  87) dim  2 offset  54 2. -1.
  (  88) dim  2 offset  56 0.472626 -0.564598
  (  89) dim  2 offset  58 1.40994 -0.102742
  (  90) dim  2 offset  60 2. 0.333333
  (  91) dim  2 offset  62 1.21795 0.454625
  (  92) dim  2 offset  64 2. 1.
  (  93) dim  2 offset  66 1.33333 1.
DMs equal
