Point 0: 62, 63
Point 13: 28, 29
Point 15: 44, 45
Point 19: 108, 109
Cell 0
  Field 0
120,121  122,123  124,125
110,111  112,113  114,115
100,101  102,103  104,105

70,71  72,73  74,75
60,61  62,63  64,65
50,51  52,53  54,55

20,21  22,23  24,25
10,11  12,13  14,15
 0, 1   2, 3   4, 5





Cell 1
  Field 0
124,125  126,127  128,129
114,115  116,117  118,119
104,105  106,107  108,109

74,75  76,77  78,79
64,65  66,67  68,69
54,55  56,57  58,59

24,25  26,27  28,29
14,15  16,17  18,19
 4, 5   6, 7   8, 9





Cell 2
  Field 0
140,141  142,143  144,145
130,131  132,133  134,135
120,121  122,123  124,125

90,91  92,93  94,95
80,81  82,83  84,85
70,71  72,73  74,75

40,41  42,43  44,45
30,31  32,33  34,35
20,21  22,23  24,25





Cell 3
  Field 0
144,145  146,147  148,149
134,135  136,137  138,139
124,125  126,127  128,129

94,95  96,97  98,99
84,85  86,87  88,89
74,75  76,77  78,79

44,45  46,47  48,49
34,35  36,37  38,39
24,25  26,27  28,29





Cell 4
  Field 0
220,221  222,223  224,225
210,211  212,213  214,215
200,201  202,203  204,205

170,171  172,173  174,175
160,161  162,163  164,165
150,151  152,153  154,155

120,121  122,123  124,125
110,111  112,113  114,115
100,101  102,103  104,105





Cell 5
  Field 0
224,225  226,227  228,229
214,215  216,217  218,219
204,205  206,207  208,209

174,175  176,177  178,179
164,165  166,167  168,169
154,155  156,157  158,159

124,125  126,127  128,129
114,115  116,117  118,119
104,105  106,107  108,109





Cell 6
  Field 0
240,241  242,243  244,245
230,231  232,233  234,235
220,221  222,223  224,225

190,191  192,193  194,195
180,181  182,183  184,185
170,171  172,173  174,175

140,141  142,143  144,145
130,131  132,133  134,135
120,121  122,123  124,125





Cell 7
  Field 0
244,245  246,247  248,249
234,235  236,237  238,239
224,225  226,227  228,229

194,195  196,197  198,199
184,185  186,187  188,189
174,175  176,177  178,179

144,145  146,147  148,149
134,135  136,137  138,139
124,125  126,127  128,129





