Point 0: 12, 13, 14, 15, 23, 24, 25, 26, 34, 35, 36, 37, 45, 46, 47, 48
Point 13:  1,  2,  3,  4
Point 15: 56, 57, 58, 59
Point 19: 11, 22, 33, 44
Cell 0
  Field 0
55  56  57  58  59  60
44  45  46  47  48  49
33  34  35  36  37  38
22  23  24  25  26  27
11  12  13  14  15  16
 0   1   2   3   4   5




Cell 1
  Field 0
60  61  62  63  64  65
49  50  51  52  53  54
38  39  40  41  42  43
27  28  29  30  31  32
16  17  18  19  20  21
 5   6   7   8   9  10




Cell 2
  Field 0
110  111  112  113  114  115
99  100  101  102  103  104
88  89  90  91  92  93
77  78  79  80  81  82
66  67  68  69  70  71
55  56  57  58  59  60




Cell 3
  Field 0
115  116  117  118  119  120
104  105  106  107  108  109
93  94  95  96  97  98
82  83  84  85  86  87
71  72  73  74  75  76
60  61  62  63  64  65




