Point 0: 133, 134, 135, 136, 144, 145, 146, 147, 155, 156, 157, 158, 166, 167, 168, 169, 254, 255, 256, 257, 265, 266, 267, 268, 276, 277, 278, 279, 287, 288, 289, 290, 375, 376, 377, 378, 386, 387, 388, 389, 397, 398, 399, 400, 408, 409, 410, 411, 496, 497, 498, 499, 507, 508, 509, 510, 518, 519, 520, 521, 529, 530, 531, 532
Point 13: 65
Point 15: 115
Point 19: 615
Cell 0
  Field 0
660  661  662  663  664  665
616  617  628  639  650  621
627  618  629  640  651  632
638  619  630  641  652  643
649  620  631  642  653  654
605  606  607  608  609  610
176  177  178  179  180  544
528  529  530  531  532  137
517  518  519  520  521  258
506  507  508  509  510  379
495  496  497  498  499  500
484  485  486  487  488  489
297  298  299  300  301  423
407  408  409  410  411  148
396  397  398  399  400  269
385  386  387  388  389  390
374  375  376  377  378  511
363  364  365  366  367  368
418  419  420  421  422  302
286  287  288  289  290  159
275  276  277  278  279  280
264  265  266  267  268  401
253  254  255  256  257  522
242  243  244  245  246  247
539  540  541  542  543  181
165  166  167  168  169  170
154  155  156  157  158  291
143  144  145  146  147  412
132  133  134  135  136  533
121  122  123  124  125  126
55  59  58  57  56  60
44  45  46  47  48  16
33  34  35  36  37  27
22  23  24  25  26  38
11  12  13  14  15  49
 0   1   2   3   4   5
Cell 1
  Field 0
665  666  667  668  669  670
621  622  633  644  655  659
632  623  634  645  656  648
643  624  635  646  657  637
654  625  636  647  658  626
610  611  612  613  614  615
181  182  183  184  185  549
533  534  535  536  537  538
522  523  524  525  526  527
511  512  513  514  515  516
500  501  502  503  504  505
489  490  491  492  493  494
302  303  304  305  306  428
412  413  414  415  416  417
401  402  403  404  405  406
390  391  392  393  394  395
379  380  381  382  383  384
368  369  370  371  372  373
423  424  425  426  427  307
291  292  293  294  295  296
280  281  282  283  284  285
269  270  271  272  273  274
258  259  260  261  262  263
247  248  249  250  251  252
544  545  546  547  548  186
170  171  172  173  174  175
159  160  161  162  163  164
148  149  150  151  152  153
137  138  139  140  141  142
126  127  128  129  130  131
60  64  63  62  61  65
49  50  51  52  53  54
38  39  40  41  42  43
27  28  29  30  31  32
16  17  18  19  20  21
 5   6   7   8   9  10
Cell 2
  Field 0
715  719  718  717  716  720
671  672  683  694  705  676
682  673  684  695  706  687
693  674  685  696  707  698
704  675  686  697  708  709
660  661  662  663  664  665
594  595  596  597  598  236
583  584  585  586  587  192
572  573  574  575  576  313
561  562  563  564  565  434
550  551  552  553  554  555
539  540  541  542  543  544
473  474  475  476  477  357
462  463  464  465  466  203
451  452  453  454  455  324
440  441  442  443  444  445
429  430  431  432  433  566
418  419  420  421  422  423
352  353  354  355  356  478
341  342  343  344  345  214
330  331  332  333  334  335
319  320  321  322  323  456
308  309  310  311  312  577
297  298  299  300  301  302
231  232  233  234  235  599
220  221  222  223  224  225
209  210  211  212  213  346
198  199  200  201  202  467
187  188  189  190  191  588
176  177  178  179  180  181
110  111  112  113  114  115
99  100  101  102  103  71
88  89  90  91  92  82
77  78  79  80  81  93
66  67  68  69  70  104
55  56  57  58  59  60
Cell 3
  Field 0
720  724  723  722  721  725
676  677  688  699  710  714
687  678  689  700  711  703
698  679  690  701  712  692
709  680  691  702  713  681
665  666  667  668  669  670
599  600  601  602  603  604
588  589  590  591  592  593
577  578  579  580  581  582
566  567  568  569  570  571
555  556  557  558  559  560
544  545  546  547  548  549
478  479  480  481  482  483
467  468  469  470  471  472
456  457  458  459  460  461
445  446  447  448  449  450
434  435  436  437  438  439
423  424  425  426  427  428
357  358  359  360  361  362
346  347  348  349  350  351
335  336  337  338  339  340
324  325  326  327  328  329
313  314  315  316  317  318
302  303  304  305  306  307
236  237  238  239  240  241
225  226  227  228  229  230
214  215  216  217  218  219
203  204  205  206  207  208
192  193  194  195  196  197
181  182  183  184  185  186
115  116  117  118  119  120
104  105  106  107  108  109
93  94  95  96  97  98
82  83  84  85  86  87
71  72  73  74  75  76
60  61  62  63  64  65
Cell 4
  Field 0
1265  1266  1267  1268  1269  1270
1254  1255  1256  1257  1258  1259
1243  1244  1245  1246  1247  1248
1232  1233  1234  1235  1236  1237
1221  1222  1223  1224  1225  1226
1210  1211  1212  1213  1214  1215
781  782  783  784  785  1149
1133  1134  1135  1136  1137  742
1122  1123  1124  1125  1126  863
1111  1112  1113  1114  1115  984
1100  1101  1102  1103  1104  1105
1089  1090  1091  1092  1093  1094
902  903  904  905  906  1028
1012  1013  1014  1015  1016  753
1001  1002  1003  1004  1005  874
990  991  992  993  994  995
979  980  981  982  983  1116
968  969  970  971  972  973
1023  1024  1025  1026  1027  907
891  892  893  894  895  764
880  881  882  883  884  885
869  870  871  872  873  1006
858  859  860  861  862  1127
847  848  849  850  851  852
1144  1145  1146  1147  1148  786
770  771  772  773  774  775
759  760  761  762  763  896
748  749  750  751  752  1017
737  738  739  740  741  1138
726  727  728  729  730  731
660  664  663  662  661  665
649  650  651  652  653  621
638  639  640  641  642  632
627  628  629  630  631  643
616  617  618  619  620  654
605  606  607  608  609  610
Cell 5
  Field 0
1270  1271  1272  1273  1274  1275
1259  1260  1261  1262  1263  1264
1248  1249  1250  1251  1252  1253
1237  1238  1239  1240  1241  1242
1226  1227  1228  1229  1230  1231
1215  1216  1217  1218  1219  1220
786  787  788  789  790  1154
1138  1139  1140  1141  1142  1143
1127  1128  1129  1130  1131  1132
1116  1117  1118  1119  1120  1121
1105  1106  1107  1108  1109  1110
1094  1095  1096  1097  1098  1099
907  908  909  910  911  1033
1017  1018  1019  1020  1021  1022
1006  1007  1008  1009  1010  1011
995  996  997  998  999  1000
984  985  986  987  988  989
973  974  975  976  977  978
1028  1029  1030  1031  1032  912
896  897  898  899  900  901
885  886  887  888  889  890
874  875  876  877  878  879
863  864  865  866  867  868
852  853  854  855  856  857
1149  1150  1151  1152  1153  791
775  776  777  778  779  780
764  765  766  767  768  769
753  754  755  756  757  758
742  743  744  745  746  747
731  732  733  734  735  736
665  669  668  667  666  670
654  655  656  657  658  659
643  644  645  646  647  648
632  633  634  635  636  637
621  622  623  624  625  626
610  611  612  613  614  615
Cell 6
  Field 0
1320  1321  1322  1323  1324  1325
1309  1310  1311  1312  1313  1314
1298  1299  1300  1301  1302  1303
1287  1288  1289  1290  1291  1292
1276  1277  1278  1279  1280  1281
1265  1266  1267  1268  1269  1270
1199  1200  1201  1202  1203  841
1188  1189  1190  1191  1192  797
1177  1178  1179  1180  1181  918
1166  1167  1168  1169  1170  1039
1155  1156  1157  1158  1159  1160
1144  1145  1146  1147  1148  1149
1078  1079  1080  1081  1082  962
1067  1068  1069  1070  1071  808
1056  1057  1058  1059  1060  929
1045  1046  1047  1048  1049  1050
1034  1035  1036  1037  1038  1171
1023  1024  1025  1026  1027  1028
957  958  959  960  961  1083
946  947  948  949  950  819
935  936  937  938  939  940
924  925  926  927  928  1061
913  914  915  916  917  1182
902  903  904  905  906  907
836  837  838  839  840  1204
825  826  827  828  829  830
814  815  816  817  818  951
803  804  805  806  807  1072
792  793  794  795  796  1193
781  782  783  784  785  786
715  716  717  718  719  720
704  705  706  707  708  676
693  694  695  696  697  687
682  683  684  685  686  698
671  672  673  674  675  709
660  661  662  663  664  665
Cell 7
  Field 0
1325  1326  1327  1328  1329  1330
1314  1315  1316  1317  1318  1319
1303  1304  1305  1306  1307  1308
1292  1293  1294  1295  1296  1297
1281  1282  1283  1284  1285  1286
1270  1271  1272  1273  1274  1275
1204  1205  1206  1207  1208  1209
1193  1194  1195  1196  1197  1198
1182  1183  1184  1185  1186  1187
1171  1172  1173  1174  1175  1176
1160  1161  1162  1163  1164  1165
1149  1150  1151  1152  1153  1154
1083  1084  1085  1086  1087  1088
1072  1073  1074  1075  1076  1077
1061  1062  1063  1064  1065  1066
1050  1051  1052  1053  1054  1055
1039  1040  1041  1042  1043  1044
1028  1029  1030  1031  1032  1033
962  963  964  965  966  967
951  952  953  954  955  956
940  941  942  943  944  945
929  930  931  932  933  934
918  919  920  921  922  923
907  908  909  910  911  912
841  842  843  844  845  846
830  831  832  833  834  835
819  820  821  822  823  824
808  809  810  811  812  813
797  798  799  800  801  802
786  787  788  789  790  791
720  721  722  723  724  725
709  710  711  712  713  714
698  699  700  701  702  703
687  688  689  690  691  692
676  677  678  679  680  681
665  666  667  668  669  670