Point 0: 57, 58, 64, 65, 106, 107, 113, 114
Point 13: 27
Point 15: 45
Point 19: 153
Cell 0
  Field 0
168  169  170  171
154  155  162  157
161  156  163  164
147  148  149  150
70  71  72  122
112  113  114  59
105  106  107  108
98  99  100  101
119  120  121  73
63  64  65  66
56  57  58  115
49  50  51  52
21  23  22  24
14  15  16  10
 7   8   9  17
 0   1   2   3
Cell 1
  Field 0
171  172  173  174
157  158  165  167
164  159  166  160
150  151  152  153
73  74  75  125
115  116  117  118
108  109  110  111
101  102  103  104
122  123  124  76
66  67  68  69
59  60  61  62
52  53  54  55
24  26  25  27
17  18  19  20
10  11  12  13
 3   4   5   6
Cell 2
  Field 0
189  191  190  192
175  176  183  178
182  177  184  185
168  169  170  171
140  141  142  94
133  134  135  80
126  127  128  129
119  120  121  122
91  92  93  143
84  85  86  87
77  78  79  136
70  71  72  73
42  43  44  45
35  36  37  31
28  29  30  38
21  22  23  24
Cell 3
  Field 0
192  194  193  195
178  179  186  188
185  180  187  181
171  172  173  174
143  144  145  146
136  137  138  139
129  130  131  132
122  123  124  125
94  95  96  97
87  88  89  90
80  81  82  83
73  74  75  76
45  46  47  48
38  39  40  41
31  32  33  34
24  25  26  27
Cell 4
  Field 0
315  316  317  318
308  309  310  311
301  302  303  304
294  295  296  297
217  218  219  269
259  260  261  206
252  253  254  255
245  246  247  248
266  267  268  220
210  211  212  213
203  204  205  262
196  197  198  199
168  170  169  171
161  162  163  157
154  155  156  164
147  148  149  150
Cell 5
  Field 0
318  319  320  321
311  312  313  314
304  305  306  307
297  298  299  300
220  221  222  272
262  263  264  265
255  256  257  258
248  249  250  251
269  270  271  223
213  214  215  216
206  207  208  209
199  200  201  202
171  173  172  174
164  165  166  167
157  158  159  160
150  151  152  153
Cell 6
  Field 0
336  337  338  339
329  330  331  332
322  323  324  325
315  316  317  318
287  288  289  241
280  281  282  227
273  274  275  276
266  267  268  269
238  239  240  290
231  232  233  234
224  225  226  283
217  218  219  220
189  190  191  192
182  183  184  178
175  176  177  185
168  169  170  171
Cell 7
  Field 0
339  340  341  342
332  333  334  335
325  326  327  328
318  319  320  321
290  291  292  293
283  284  285  286
276  277  278  279
269  270  271  272
241  242  243  244
234  235  236  237
227  228  229  230
220  221  222  223
192  193  194  195
185  186  187  188
178  179  180  181
171  172  173  174