Vec Object: 1 MPI process
  type: seq
1.
100.
10000.
2.
200.
20000.
3.
300.
30000.
4.
400.
40000.
5.
500.
50000.
6.
600.
60000.
7.
700.
70000.
8.
800.
80000.
9.
900.
90000.
10.
1000.
100000.
   1.0000000000000000        100.00000000000000        10000.000000000000     
   2.0000000000000000        200.00000000000000        20000.000000000000     
   3.0000000000000000        300.00000000000000        30000.000000000000     
   4.0000000000000000        400.00000000000000        40000.000000000000     
   5.0000000000000000        500.00000000000000        50000.000000000000     
   6.0000000000000000        600.00000000000000        60000.000000000000     
   7.0000000000000000        700.00000000000000        70000.000000000000     
   8.0000000000000000        800.00000000000000        80000.000000000000     
   9.0000000000000000        900.00000000000000        90000.000000000000     
   10.000000000000000        1000.0000000000000        100000.00000000000     
