DM Object: Cells 1 MPI processes
  type: plex
Cells in 2 dimensions:
  Number of 0-cells per rank: 15
  Number of 1-cells per rank: 30
  Number of 2-cells per rank: 16
Labels:
  celltype: 3 strata with value/size (0 (15), 3 (16), 1 (30))
  depth: 3 strata with value/size (0 (15), 1 (30), 2 (16))
  marker: 1 strata with value/size (1 (24))
  Face Sets: 1 strata with value/size (1 (12))
DM Object: Swarm 1 MPI processes
  type: swarm
DMSwarmDataBucketView: 
  L                  = 144 
  buffer             = 0 
  allocated          = 144 
  nfields registered = 6 
    [  0]     DMSwarm_pid : Mem. usage       = 1.15e-03 (MB) [rank0]
                            blocksize        = 1 
    [  1]    DMSwarm_rank : Mem. usage       = 5.76e-04 (MB) [rank0]
                            blocksize        = 1 
    [  2] DMSwarmPIC_coor : Mem. usage       = 2.30e-03 (MB) [rank0]
                            blocksize        = 2 
    [  3]  DMSwarm_cellid : Mem. usage       = 5.76e-04 (MB) [rank0]
                            blocksize        = 1 
    [  4]       viscosity : Mem. usage       = 1.15e-03 (MB) [rank0]
                            blocksize        = 1 
    [  5]         density : Mem. usage       = 1.15e-03 (MB) [rank0]
                            blocksize        = 1 
  Total mem. usage                           = 6.91e-03 (MB) (collective)
