Vec Object: 1 MPI processes
  type: seq
0.
0.
0.111111
0.
0.222222
0.
0.333333
0.
0.444444
0.
0.555556
0.
0.666667
0.
0.777778
0.
0.888889
0.
1.
0.
0.
0.111111
0.111111
0.111111
0.222222
0.111111
0.333333
0.111111
0.444444
0.111111
0.555556
0.111111
0.666667
0.111111
0.777778
0.111111
0.888889
0.111111
1.
0.111111
0.
0.222222
0.111111
0.222222
0.222222
0.222222
0.333333
0.222222
0.444444
0.222222
0.555556
0.222222
0.666667
0.222222
0.777778
0.222222
0.888889
0.222222
1.
0.222222
0.
0.333333
0.111111
0.333333
0.222222
0.333333
0.333333
0.333333
0.444444
0.333333
0.555556
0.333333
0.666667
0.333333
0.777778
0.333333
0.888889
0.333333
1.
0.333333
0.
0.444444
0.111111
0.444444
0.222222
0.444444
0.333333
0.444444
0.444444
0.444444
0.555556
0.444444
0.666667
0.444444
0.777778
0.444444
0.888889
0.444444
1.
0.444444
0.
0.555556
0.111111
0.555556
0.222222
0.555556
0.333333
0.555556
0.444444
0.555556
0.555556
0.555556
0.666667
0.555556
0.777778
0.555556
0.888889
0.555556
1.
0.555556
0.
0.666667
0.111111
0.666667
0.222222
0.666667
0.333333
0.666667
0.444444
0.666667
0.555556
0.666667
0.666667
0.666667
0.777778
0.666667
0.888889
0.666667
1.
0.666667
0.
0.777778
0.111111
0.777778
0.222222
0.777778
0.333333
0.777778
0.444444
0.777778
0.555556
0.777778
0.666667
0.777778
0.777778
0.777778
0.888889
0.777778
1.
0.777778
0.
0.888889
0.111111
0.888889
0.222222
0.888889
0.333333
0.888889
0.444444
0.888889
0.555556
0.888889
0.666667
0.888889
0.777778
0.888889
0.888889
0.888889
1.
0.888889
0.
1.
0.111111
1.
0.222222
1.
0.333333
1.
0.444444
1.
0.555556
1.
0.666667
1.
0.777778
1.
0.888889
1.
1.
1.
Vec Object: 1 MPI processes
  type: seq
0.222222
0.333333
0.333333
0.333333
0.444444
0.333333
0.555556
0.333333
0.666667
0.333333
0.777778
0.333333
0.222222
0.444444
0.333333
0.444444
0.444444
0.444444
0.555556
0.444444
0.666667
0.444444
0.777778
0.444444
0.222222
0.555556
0.333333
0.555556
0.444444
0.555556
0.555556
0.555556
0.666667
0.555556
0.777778
0.555556
0.222222
0.666667
0.333333
0.666667
0.444444
0.666667
0.555556
0.666667
0.666667
0.666667
0.777778
0.666667
The sum of the x coordinates is 12.
