i 0 e[3*i] 0 1 10
i 1 e[3*i] 11 10 1
i 2 e[3*i] 1 2 11
i 3 e[3*i] 12 11 2
i 4 e[3*i] 2 3 12
i 5 e[3*i] 13 12 3
i 6 e[3*i] 3 4 13
i 7 e[3*i] 14 13 4
i 8 e[3*i] 4 5 14
i 9 e[3*i] 15 14 5
i 10 e[3*i] 5 6 15
i 11 e[3*i] 16 15 6
i 12 e[3*i] 6 7 16
i 13 e[3*i] 17 16 7
i 14 e[3*i] 7 8 17
i 15 e[3*i] 18 17 8
i 16 e[3*i] 8 9 18
i 17 e[3*i] 19 18 9
i 18 e[3*i] 10 11 20
i 19 e[3*i] 21 20 11
i 20 e[3*i] 11 12 21
i 21 e[3*i] 22 21 12
i 22 e[3*i] 12 13 22
i 23 e[3*i] 23 22 13
i 24 e[3*i] 13 14 23
i 25 e[3*i] 24 23 14
i 26 e[3*i] 14 15 24
i 27 e[3*i] 25 24 15
i 28 e[3*i] 15 16 25
i 29 e[3*i] 26 25 16
i 30 e[3*i] 16 17 26
i 31 e[3*i] 27 26 17
i 32 e[3*i] 17 18 27
i 33 e[3*i] 28 27 18
i 34 e[3*i] 18 19 28
i 35 e[3*i] 29 28 19
i 36 e[3*i] 20 21 30
i 37 e[3*i] 31 30 21
i 38 e[3*i] 21 22 31
i 39 e[3*i] 32 31 22
i 40 e[3*i] 22 23 32
i 41 e[3*i] 33 32 23
i 42 e[3*i] 23 24 33
i 43 e[3*i] 34 33 24
i 44 e[3*i] 24 25 34
i 45 e[3*i] 35 34 25
i 46 e[3*i] 25 26 35
i 47 e[3*i] 36 35 26
i 48 e[3*i] 26 27 36
i 49 e[3*i] 37 36 27
i 50 e[3*i] 27 28 37
i 51 e[3*i] 38 37 28
i 52 e[3*i] 28 29 38
i 53 e[3*i] 39 38 29
i 54 e[3*i] 30 31 40
i 55 e[3*i] 41 40 31
i 56 e[3*i] 31 32 41
i 57 e[3*i] 42 41 32
i 58 e[3*i] 32 33 42
i 59 e[3*i] 43 42 33
i 60 e[3*i] 33 34 43
i 61 e[3*i] 44 43 34
i 62 e[3*i] 34 35 44
i 63 e[3*i] 45 44 35
i 64 e[3*i] 35 36 45
i 65 e[3*i] 46 45 36
i 66 e[3*i] 36 37 46
i 67 e[3*i] 47 46 37
i 68 e[3*i] 37 38 47
i 69 e[3*i] 48 47 38
i 70 e[3*i] 38 39 48
i 71 e[3*i] 49 48 39
i 72 e[3*i] 40 41 50
i 73 e[3*i] 51 50 41
i 74 e[3*i] 41 42 51
i 75 e[3*i] 52 51 42
i 76 e[3*i] 42 43 52
i 77 e[3*i] 53 52 43
i 78 e[3*i] 43 44 53
i 79 e[3*i] 54 53 44
i 80 e[3*i] 44 45 54
i 81 e[3*i] 55 54 45
i 82 e[3*i] 45 46 55
i 83 e[3*i] 56 55 46
i 84 e[3*i] 46 47 56
i 85 e[3*i] 57 56 47
i 86 e[3*i] 47 48 57
i 87 e[3*i] 58 57 48
i 88 e[3*i] 48 49 58
i 89 e[3*i] 59 58 49
i 90 e[3*i] 50 51 60
i 91 e[3*i] 61 60 51
i 92 e[3*i] 51 52 61
i 93 e[3*i] 62 61 52
i 94 e[3*i] 52 53 62
i 95 e[3*i] 63 62 53
i 96 e[3*i] 53 54 63
i 97 e[3*i] 64 63 54
i 98 e[3*i] 54 55 64
i 99 e[3*i] 65 64 55
i 100 e[3*i] 55 56 65
i 101 e[3*i] 66 65 56
i 102 e[3*i] 56 57 66
i 103 e[3*i] 67 66 57
i 104 e[3*i] 57 58 67
i 105 e[3*i] 68 67 58
i 106 e[3*i] 58 59 68
i 107 e[3*i] 69 68 59
i 108 e[3*i] 60 61 70
i 109 e[3*i] 71 70 61
i 110 e[3*i] 61 62 71
i 111 e[3*i] 72 71 62
i 112 e[3*i] 62 63 72
i 113 e[3*i] 73 72 63
i 114 e[3*i] 63 64 73
i 115 e[3*i] 74 73 64
i 116 e[3*i] 64 65 74
i 117 e[3*i] 75 74 65
i 118 e[3*i] 65 66 75
i 119 e[3*i] 76 75 66
i 120 e[3*i] 66 67 76
i 121 e[3*i] 77 76 67
i 122 e[3*i] 67 68 77
i 123 e[3*i] 78 77 68
i 124 e[3*i] 68 69 78
i 125 e[3*i] 79 78 69
