DM Object: 1 MPI processes
  type: swarm
DMSwarmDataBucketView:
  L                  = 5
  buffer             = 4
  allocated          = 9
  nfields registered = 4
    [  0]     DMSwarm_pid : Mem. usage       = 7.20e-05 (MB) [rank0]
                            blocksize        = 1
                            atomic size      = 8
    [  1]    DMSwarm_rank : Mem. usage       = 3.60e-05 (MB) [rank0]
                            blocksize        = 1
                            atomic size      = 4
    [  2]       viscosity : Mem. usage       = 7.20e-05 (MB) [rank0]
                            blocksize        = 1
                            atomic size      = 8
    [  3]          strain : Mem. usage       = 7.20e-05 (MB) [rank0]
                            blocksize        = 1
                            atomic size      = 8
  Total mem. usage                           = 2.52e-04 (MB) (collective)
rank[0] before(5,5) after(5,5)
Vec Object: DMSwarmSharedField_viscosity 1 MPI processes
  type: seq
11.1
11.2
11.3
11.4
11.5
Vec Object: DMSwarmSharedField_strain 1 MPI processes
  type: seq
0.02
0.021
0.022
0.023
0.024
