DM Object: Particles 1 MPI processes
  type: swarm
Particles in 0 dimensions:
  Number of particles per rank: 5
rank[0] before(5,5)
DMSwarmDataEx: instance=0
  topology status:        finalized 
  message lengths status: finalized 
  packer status status:   finalized 
  communication status:   finalized 
  Topology:
    [0] neighbours: 0 
  Message lengths:
rank[0] after(5,5)
Vec Object: DMSwarmSharedField_viscosity 1 MPI processes
  type: seq
11.1
11.2
11.3
11.4
11.5
rank[0] after_v(5,5)
Vec Object: DMSwarmSharedField_viscosity 1 MPI processes
  type: seq
11.1
11.2
11.3
11.4
11.5
