Setup pipesCase 2
0 TS dt 0.1 time 0.
1 TS dt 0.1 time 0.1
CONVERGED_ITS at time 0.1 after 1 steps
Vec Object: 1 MPI processes
  type: seq
  Edge 0:
    0.477432
    150.
    0.477432
    148.698
    0.477432
    147.395
    0.477432
    146.093
    0.477432
    144.791
    0.314805
    244.845
  Edge 1:
    0.629611
    244.845
    0.477432
    148.698
    0.477432
    147.395
    0.477432
    146.093
    0.477432
    144.791
    -5.55112e-17
    441.046
  Edge 2:
    0.477432
    150.
    0.477432
    148.698
    0.477432
    147.395
    0.477432
    146.093
    0.477432
    144.791
    0.314805
    244.845
  Vertex 0:
    0.477432
    150.
  Vertex 1:
    2.70272e-20
    441.046
  Vertex 2:
    0.477432
    150.
  Vertex 3:
    0.629611
    244.845
