0 TS dt 0.0001 time 0
1 TS dt 0.0001 time 0.0001
2 TS dt 0.0001 time 0.0002
3 TS dt 0.0001 time 0.0003
4 TS dt 0.0001 time 0.0004
5 TS dt 0.0001 time 0.0005
6 TS dt 0.0001 time 0.0006
7 TS dt 0.0001 time 0.0007
8 TS dt 0.0001 time 0.0008
9 TS dt 0.0001 time 0.0009
10 TS dt 0.0001 time 0.001
Vec Object: 1 MPI processes
  type: seq
Vec Object:Vec_0x84000000_2 1 MPI processes
  type: mpi
Process [0]
1.32707e-14
3.31748e-15
1.15197e-07
5.75952e-08
1.29389e-14
3.23454e-15
1.15197e-07
5.75952e-08
0.999976
0.999916
1.15197e-07
5.75952e-08
1.29389e-14
3.23454e-15
1.15197e-07
5.75952e-08
1.32707e-14
3.31748e-15
