  0 TAO,  Function value: 8.48202,  Residual: 7.02449 
  1 TAO,  Function value: 1.72589,  Residual: 2.46827 
  2 TAO,  Function value: 0.545964,  Residual: 1.87547 
  3 TAO,  Function value: 0.15082,  Residual: 0.587522 
  4 TAO,  Function value: 0.0874502,  Residual: 0.383306 
  5 TAO,  Function value: 0.0200017,  Residual: 0.266362 
  6 TAO,  Function value: 0.0054394,  Residual: 0.130965 
  7 TAO,  Function value: 0.000419494,  Residual: 0.0322695 
  8 TAO,  Function value: 8.41771e-05,  Residual: 0.0153106 
  9 TAO,  Function value: 1.32255e-05,  Residual: 0.00656382 
 10 TAO,  Function value: 5.73206e-06,  Residual: 0.00533831 
 11 TAO,  Function value: 1.84389e-06,  Residual: 0.00150043 
 12 TAO,  Function value: 1.04774e-06,  Residual: 0.00107057 
 13 TAO,  Function value: 2.36323e-07,  Residual: 0.000700452 
 14 TAO,  Function value: 6.73622e-08,  Residual: 0.000590985 
 15 TAO,  Function value: 4.52606e-08,  Residual: 0.000494689 
 16 TAO,  Function value: 1.03623e-08,  Residual: 0.000100758 
 17 TAO,  Function value: 6.72302e-09,  Residual: 6.96341e-05 
 18 TAO,  Function value: 1.30844e-09,  Residual: 4.37644e-05 
 19 TAO,  Function value: 4.90801e-10,  Residual: 4.9652e-05 
 20 TAO,  Function value: 1.25743e-10,  Residual: 2.0706e-05 
 21 TAO,  Function value: 4.19682e-11,  Residual: 6.49102e-06 
 22 TAO,  Function value: 1.88494e-11,  Residual: 3.80051e-06 
 23 TAO,  Function value: 4.52905e-12,  Residual: 3.23444e-06 
 24 TAO,  Function value: 3.72371e-12,  Residual: 4.13352e-06 
 25 TAO,  Function value: 7.02821e-13,  Residual: 9.21019e-07 
 26 TAO,  Function value: 3.57222e-13,  Residual: 6.5455e-07 
 27 TAO,  Function value: 2.6583e-13,  Residual: 6.27181e-07 
 28 TAO,  Function value: 2.18568e-13,  Residual: 5.65819e-07 
 29 TAO,  Function value: 1.9449e-13,  Residual: 5.48966e-07 
 30 TAO,  Function value: 1.76462e-13,  Residual: 5.12335e-07 
 31 TAO,  Function value: 1.66127e-13,  Residual: 4.97949e-07 
 32 TAO,  Function value: 1.56839e-13,  Residual: 4.82771e-07 
 33 TAO,  Function value: 1.54674e-13,  Residual: 4.78564e-07 
 34 TAO,  Function value: 1.45633e-13,  Residual: 4.59189e-07 
 35 TAO,  Function value: 1.35523e-13,  Residual: 4.34582e-07 
 36 TAO,  Function value: 1.19626e-13,  Residual: 3.9319e-07 
 37 TAO,  Function value: 1.03029e-13,  Residual: 3.61198e-07 
 38 TAO,  Function value: 8.68569e-14,  Residual: 3.35249e-07 
 39 TAO,  Function value: 8.05964e-14,  Residual: 3.14467e-07 
 40 TAO,  Function value: 7.47138e-14,  Residual: 2.92582e-07 
 41 TAO,  Function value: 6.38218e-14,  Residual: 2.7583e-07 
 42 TAO,  Function value: 5.89195e-14,  Residual: 2.55441e-07 
 43 TAO,  Function value: 5.31931e-14,  Residual: 2.41884e-07 
 44 TAO,  Function value: 4.46415e-14,  Residual: 2.18678e-07 
 45 TAO,  Function value: 4.33001e-14,  Residual: 2.14814e-07 
 46 TAO,  Function value: 4.12745e-14,  Residual: 2.07997e-07 
 47 TAO,  Function value: 3.95252e-14,  Residual: 2.01452e-07 
 48 TAO,  Function value: 3.81142e-14,  Residual: 1.96628e-07 
 49 TAO,  Function value: 3.56439e-14,  Residual: 1.89803e-07 
 50 TAO,  Function value: 3.36967e-14,  Residual: 1.8553e-07 
 51 TAO,  Function value: 3.26554e-14,  Residual: 1.81221e-07 
 52 TAO,  Function value: 3.17683e-14,  Residual: 1.80556e-07 
 53 TAO,  Function value: 3.09686e-14,  Residual: 1.7686e-07 
 54 TAO,  Function value: 3.04493e-14,  Residual: 1.74845e-07 
 55 TAO,  Function value: 2.99547e-14,  Residual: 1.72711e-07 
 56 TAO,  Function value: 2.94864e-14,  Residual: 1.70103e-07 
 57 TAO,  Function value: 2.88736e-14,  Residual: 1.67867e-07 
 58 TAO,  Function value: 2.80007e-14,  Residual: 1.66275e-07 
 59 TAO,  Function value: 2.72254e-14,  Residual: 1.64164e-07 
 60 TAO,  Function value: 2.67436e-14,  Residual: 1.61472e-07 
 61 TAO,  Function value: 2.58777e-14,  Residual: 1.57799e-07 
 62 TAO,  Function value: 2.53523e-14,  Residual: 1.55165e-07 
 63 TAO,  Function value: 2.48315e-14,  Residual: 1.5332e-07 
 64 TAO,  Function value: 2.44982e-14,  Residual: 1.52401e-07 
 65 TAO,  Function value: 2.40587e-14,  Residual: 1.50857e-07 
 66 TAO,  Function value: 2.37009e-14,  Residual: 1.49334e-07 
 67 TAO,  Function value: 2.34892e-14,  Residual: 1.48359e-07 
 68 TAO,  Function value: 2.31915e-14,  Residual: 1.47102e-07 
 69 TAO,  Function value: 2.29742e-14,  Residual: 1.4597e-07 
 70 TAO,  Function value: 2.26651e-14,  Residual: 1.44821e-07 
 71 TAO,  Function value: 2.23633e-14,  Residual: 1.45782e-07 
 72 TAO,  Function value: 2.20488e-14,  Residual: 1.43891e-07 
 73 TAO,  Function value: 2.14043e-14,  Residual: 1.40636e-07 
 74 TAO,  Function value: 2.11687e-14,  Residual: 1.39837e-07 
 75 TAO,  Function value: 2.10069e-14,  Residual: 1.3897e-07 
 76 TAO,  Function value: 2.07368e-14,  Residual: 1.37627e-07 
 77 TAO,  Function value: 2.06897e-14,  Residual: 1.37334e-07 
 78 TAO,  Function value: 2.06371e-14,  Residual: 1.37045e-07 
 79 TAO,  Function value: 2.05655e-14,  Residual: 1.36655e-07 
 80 TAO,  Function value: 2.05267e-14,  Residual: 1.36496e-07 
 81 TAO,  Function value: 2.03559e-14,  Residual: 1.3593e-07 
 82 TAO,  Function value: 2.02793e-14,  Residual: 1.35458e-07 
 83 TAO,  Function value: 2.01674e-14,  Residual: 1.34957e-07 
 84 TAO,  Function value: 2.00465e-14,  Residual: 1.3426e-07 
 85 TAO,  Function value: 1.97098e-14,  Residual: 1.32942e-07 
 86 TAO,  Function value: 1.95481e-14,  Residual: 1.32124e-07 
 87 TAO,  Function value: 1.93431e-14,  Residual: 1.30764e-07 
 88 TAO,  Function value: 1.91798e-14,  Residual: 1.3e-07 
 89 TAO,  Function value: 1.91186e-14,  Residual: 1.29771e-07 
 90 TAO,  Function value: 1.89212e-14,  Residual: 1.28839e-07 
 91 TAO,  Function value: 1.86324e-14,  Residual: 1.2804e-07 
 92 TAO,  Function value: 1.85555e-14,  Residual: 1.27274e-07 
 93 TAO,  Function value: 1.82715e-14,  Residual: 1.258e-07 
 94 TAO,  Function value: 1.80781e-14,  Residual: 1.24914e-07 
 95 TAO,  Function value: 1.78462e-14,  Residual: 1.23726e-07 
 96 TAO,  Function value: 1.74952e-14,  Residual: 1.21664e-07 
 97 TAO,  Function value: 1.72855e-14,  Residual: 1.21533e-07 
 98 TAO,  Function value: 1.71833e-14,  Residual: 1.20916e-07 
 99 TAO,  Function value: 1.70862e-14,  Residual: 1.20406e-07 
100 TAO,  Function value: 1.69764e-14,  Residual: 1.19938e-07 
101 TAO,  Function value: 1.68865e-14,  Residual: 1.19416e-07 
102 TAO,  Function value: 1.6728e-14,  Residual: 1.18381e-07 
103 TAO,  Function value: 1.65782e-14,  Residual: 1.17582e-07 
104 TAO,  Function value: 1.64628e-14,  Residual: 1.17006e-07 
105 TAO,  Function value: 1.61877e-14,  Residual: 1.1552e-07 
106 TAO,  Function value: 1.60757e-14,  Residual: 1.15091e-07 
107 TAO,  Function value: 1.59169e-14,  Residual: 1.14353e-07 
108 TAO,  Function value: 1.57577e-14,  Residual: 1.13342e-07 
109 TAO,  Function value: 1.56938e-14,  Residual: 1.13077e-07 
110 TAO,  Function value: 1.56191e-14,  Residual: 1.1265e-07 
111 TAO,  Function value: 1.56086e-14,  Residual: 1.12534e-07 
112 TAO,  Function value: 1.55063e-14,  Residual: 1.11922e-07 
113 TAO,  Function value: 1.54768e-14,  Residual: 1.11744e-07 
114 TAO,  Function value: 1.53145e-14,  Residual: 1.11245e-07 
115 TAO,  Function value: 1.52744e-14,  Residual: 1.10979e-07 
116 TAO,  Function value: 1.51801e-14,  Residual: 1.10414e-07 
117 TAO,  Function value: 1.50412e-14,  Residual: 1.09667e-07 
118 TAO,  Function value: 1.49062e-14,  Residual: 1.09053e-07 
119 TAO,  Function value: 1.48162e-14,  Residual: 1.08611e-07 
120 TAO,  Function value: 1.47721e-14,  Residual: 1.08381e-07 
121 TAO,  Function value: 1.46518e-14,  Residual: 1.07813e-07 
122 TAO,  Function value: 1.45776e-14,  Residual: 1.07229e-07 
123 TAO,  Function value: 1.44956e-14,  Residual: 1.06721e-07 
124 TAO,  Function value: 1.43848e-14,  Residual: 1.06244e-07 
125 TAO,  Function value: 1.42383e-14,  Residual: 1.046e-07 
126 TAO,  Function value: 1.40803e-14,  Residual: 1.03286e-07 
127 TAO,  Function value: 1.4035e-14,  Residual: 1.03083e-07 
128 TAO,  Function value: 1.40191e-14,  Residual: 1.02996e-07 
129 TAO,  Function value: 1.38759e-14,  Residual: 1.02775e-07 
130 TAO,  Function value: 1.38464e-14,  Residual: 1.02571e-07 
131 TAO,  Function value: 1.37829e-14,  Residual: 1.02306e-07 
132 TAO,  Function value: 1.37348e-14,  Residual: 1.02018e-07 
133 TAO,  Function value: 1.36321e-14,  Residual: 1.0127e-07 
134 TAO,  Function value: 1.35634e-14,  Residual: 1.0088e-07 
135 TAO,  Function value: 1.34365e-14,  Residual: 1.00436e-07 
136 TAO,  Function value: 1.34127e-14,  Residual: 1.00296e-07 
137 TAO,  Function value: 1.3365e-14,  Residual: 1.001e-07 
138 TAO,  Function value: 1.33562e-14,  Residual: 1.00034e-07 
139 TAO,  Function value: 1.33218e-14,  Residual: 9.98113e-08 
140 TAO,  Function value: 1.32642e-14,  Residual: 9.9539e-08 
141 TAO,  Function value: 1.32385e-14,  Residual: 9.93283e-08 
142 TAO,  Function value: 1.31329e-14,  Residual: 9.86094e-08 
143 TAO,  Function value: 1.29312e-14,  Residual: 9.79181e-08 
144 TAO,  Function value: 1.2893e-14,  Residual: 9.76675e-08 
145 TAO,  Function value: 1.27804e-14,  Residual: 9.72032e-08 
146 TAO,  Function value: 1.27202e-14,  Residual: 9.69715e-08 
147 TAO,  Function value: 1.26762e-14,  Residual: 9.66436e-08 
148 TAO,  Function value: 1.26269e-14,  Residual: 9.63187e-08 
149 TAO,  Function value: 1.25805e-14,  Residual: 9.63481e-08 
150 TAO,  Function value: 1.25317e-14,  Residual: 9.60298e-08 
151 TAO,  Function value: 1.24998e-14,  Residual: 9.58584e-08 
152 TAO,  Function value: 1.22905e-14,  Residual: 9.49985e-08 
153 TAO,  Function value: 1.22725e-14,  Residual: 9.49324e-08 
154 TAO,  Function value: 1.21138e-14,  Residual: 9.48583e-08 
155 TAO,  Function value: 1.19198e-14,  Residual: 9.42258e-08 
156 TAO,  Function value: 1.18839e-14,  Residual: 9.3939e-08 
157 TAO,  Function value: 1.18542e-14,  Residual: 9.373e-08 
158 TAO,  Function value: 1.179e-14,  Residual: 9.33044e-08 
159 TAO,  Function value: 1.17841e-14,  Residual: 9.32677e-08 
160 TAO,  Function value: 1.17521e-14,  Residual: 9.29701e-08 
161 TAO,  Function value: 1.17113e-14,  Residual: 9.28843e-08 
162 TAO,  Function value: 1.13664e-14,  Residual: 9.21542e-08 
163 TAO,  Function value: 1.13143e-14,  Residual: 9.16624e-08 
164 TAO,  Function value: 1.12188e-14,  Residual: 9.10683e-08 
165 TAO,  Function value: 1.10763e-14,  Residual: 9.11959e-08 
166 TAO,  Function value: 1.104e-14,  Residual: 9.1217e-08 
167 TAO,  Function value: 1.09699e-14,  Residual: 9.1076e-08 
168 TAO,  Function value: 1.0922e-14,  Residual: 9.08642e-08 
169 TAO,  Function value: 1.08623e-14,  Residual: 9.04227e-08 
170 TAO,  Function value: 1.08218e-14,  Residual: 9.02524e-08 
171 TAO,  Function value: 1.07995e-14,  Residual: 9.02399e-08 
172 TAO,  Function value: 1.07583e-14,  Residual: 9.00636e-08 
173 TAO,  Function value: 1.07201e-14,  Residual: 8.97268e-08 
174 TAO,  Function value: 1.06555e-14,  Residual: 8.92144e-08 
175 TAO,  Function value: 1.05177e-14,  Residual: 8.88396e-08 
176 TAO,  Function value: 1.04833e-14,  Residual: 8.85767e-08 
177 TAO,  Function value: 1.0455e-14,  Residual: 8.85621e-08 
178 TAO,  Function value: 1.04343e-14,  Residual: 8.84004e-08 
179 TAO,  Function value: 1.03714e-14,  Residual: 8.82648e-08 
180 TAO,  Function value: 1.03643e-14,  Residual: 8.82056e-08 
181 TAO,  Function value: 1.03179e-14,  Residual: 8.80117e-08 
182 TAO,  Function value: 1.02975e-14,  Residual: 8.77978e-08 
183 TAO,  Function value: 1.02528e-14,  Residual: 8.75151e-08 
184 TAO,  Function value: 1.02244e-14,  Residual: 8.73288e-08 
185 TAO,  Function value: 1.0169e-14,  Residual: 8.69167e-08 
186 TAO,  Function value: 1.01242e-14,  Residual: 8.63834e-08 
187 TAO,  Function value: 1.00817e-14,  Residual: 8.59958e-08 
188 TAO,  Function value: 1.00494e-14,  Residual: 8.58439e-08 
189 TAO,  Function value: 9.9919e-15,  Residual: 8.54066e-08 
190 TAO,  Function value: 9.98435e-15,  Residual: 8.52864e-08 
191 TAO,  Function value: 9.95773e-15,  Residual: 8.50437e-08 
192 TAO,  Function value: 9.93641e-15,  Residual: 8.48331e-08 
193 TAO,  Function value: 9.89867e-15,  Residual: 8.48009e-08 
194 TAO,  Function value: 9.86315e-15,  Residual: 8.45149e-08 
195 TAO,  Function value: 9.81289e-15,  Residual: 8.42557e-08 
196 TAO,  Function value: 9.77598e-15,  Residual: 8.40147e-08 
197 TAO,  Function value: 9.73728e-15,  Residual: 8.37327e-08 
198 TAO,  Function value: 9.70471e-15,  Residual: 8.34777e-08 
199 TAO,  Function value: 9.6932e-15,  Residual: 8.34103e-08 
200 TAO,  Function value: 9.68168e-15,  Residual: 8.33133e-08 
201 TAO,  Function value: 9.66984e-15,  Residual: 8.32389e-08 
202 TAO,  Function value: 9.60057e-15,  Residual: 8.29334e-08 
203 TAO,  Function value: 9.57318e-15,  Residual: 8.27886e-08 
204 TAO,  Function value: 9.5348e-15,  Residual: 8.2644e-08 
205 TAO,  Function value: 9.52656e-15,  Residual: 8.25231e-08 
206 TAO,  Function value: 9.5214e-15,  Residual: 8.2457e-08 
207 TAO,  Function value: 9.47689e-15,  Residual: 8.2233e-08 
208 TAO,  Function value: 9.43152e-15,  Residual: 8.19605e-08 
209 TAO,  Function value: 9.41342e-15,  Residual: 8.20199e-08 
210 TAO,  Function value: 9.40661e-15,  Residual: 8.19737e-08 
211 TAO,  Function value: 9.37306e-15,  Residual: 8.17692e-08 
212 TAO,  Function value: 9.31756e-15,  Residual: 8.15613e-08 
213 TAO,  Function value: 9.29153e-15,  Residual: 8.14988e-08 
214 TAO,  Function value: 9.27586e-15,  Residual: 8.13717e-08 
215 TAO,  Function value: 9.21604e-15,  Residual: 8.11335e-08 
216 TAO,  Function value: 9.20239e-15,  Residual: 8.10135e-08 
217 TAO,  Function value: 9.17377e-15,  Residual: 8.07922e-08 
218 TAO,  Function value: 9.15559e-15,  Residual: 8.06243e-08 
219 TAO,  Function value: 9.1379e-15,  Residual: 8.05588e-08 
220 TAO,  Function value: 9.11092e-15,  Residual: 8.03182e-08 
221 TAO,  Function value: 9.10446e-15,  Residual: 8.02955e-08 
222 TAO,  Function value: 9.09188e-15,  Residual: 8.01588e-08 
223 TAO,  Function value: 9.07496e-15,  Residual: 8.00165e-08 
224 TAO,  Function value: 9.01938e-15,  Residual: 8.00752e-08 
225 TAO,  Function value: 8.90898e-15,  Residual: 7.92803e-08 
226 TAO,  Function value: 8.86506e-15,  Residual: 7.90053e-08 
227 TAO,  Function value: 8.84758e-15,  Residual: 7.88981e-08 
228 TAO,  Function value: 8.81635e-15,  Residual: 7.87921e-08 
229 TAO,  Function value: 8.80189e-15,  Residual: 7.86675e-08 
230 TAO,  Function value: 8.79283e-15,  Residual: 7.8664e-08 
231 TAO,  Function value: 8.77603e-15,  Residual: 7.84874e-08 
232 TAO,  Function value: 8.74246e-15,  Residual: 7.84307e-08 
233 TAO,  Function value: 8.71776e-15,  Residual: 7.81876e-08 
234 TAO,  Function value: 8.7056e-15,  Residual: 7.81024e-08 
235 TAO,  Function value: 8.67333e-15,  Residual: 7.78651e-08 
236 TAO,  Function value: 8.65906e-15,  Residual: 7.77379e-08 
237 TAO,  Function value: 8.62696e-15,  Residual: 7.75965e-08 
238 TAO,  Function value: 8.59953e-15,  Residual: 7.7669e-08 
239 TAO,  Function value: 8.59697e-15,  Residual: 7.76446e-08 
240 TAO,  Function value: 8.55124e-15,  Residual: 7.72666e-08 
241 TAO,  Function value: 8.54733e-15,  Residual: 7.72376e-08 
242 TAO,  Function value: 8.5065e-15,  Residual: 7.69382e-08 
243 TAO,  Function value: 8.48612e-15,  Residual: 7.69373e-08 
244 TAO,  Function value: 8.47927e-15,  Residual: 7.69212e-08 
245 TAO,  Function value: 8.30831e-15,  Residual: 7.67201e-08 
246 TAO,  Function value: 8.29217e-15,  Residual: 7.65817e-08 
247 TAO,  Function value: 8.28364e-15,  Residual: 7.64707e-08 
248 TAO,  Function value: 8.2044e-15,  Residual: 7.63515e-08 
249 TAO,  Function value: 8.19198e-15,  Residual: 7.63848e-08 
250 TAO,  Function value: 8.15754e-15,  Residual: 7.61035e-08 
251 TAO,  Function value: 8.06616e-15,  Residual: 7.60008e-08 
252 TAO,  Function value: 8.02865e-15,  Residual: 7.57876e-08 
253 TAO,  Function value: 8.00024e-15,  Residual: 7.59164e-08 
254 TAO,  Function value: 7.95889e-15,  Residual: 7.56447e-08 
255 TAO,  Function value: 7.93687e-15,  Residual: 7.54706e-08 
256 TAO,  Function value: 7.90376e-15,  Residual: 7.5402e-08 
257 TAO,  Function value: 7.7645e-15,  Residual: 7.50195e-08 
258 TAO,  Function value: 7.73154e-15,  Residual: 7.4732e-08 
259 TAO,  Function value: 7.72595e-15,  Residual: 7.46847e-08 
260 TAO,  Function value: 7.67684e-15,  Residual: 7.43936e-08 
261 TAO,  Function value: 7.67467e-15,  Residual: 7.438e-08 
262 TAO,  Function value: 7.65895e-15,  Residual: 7.42015e-08 
263 TAO,  Function value: 7.65692e-15,  Residual: 7.41805e-08 
264 TAO,  Function value: 7.63233e-15,  Residual: 7.39423e-08 
265 TAO,  Function value: 7.48636e-15,  Residual: 7.36907e-08 
266 TAO,  Function value: 7.46302e-15,  Residual: 7.34382e-08 
267 TAO,  Function value: 7.4429e-15,  Residual: 7.32669e-08 
268 TAO,  Function value: 7.35707e-15,  Residual: 7.28131e-08 
269 TAO,  Function value: 7.32706e-15,  Residual: 7.2749e-08 
270 TAO,  Function value: 7.29663e-15,  Residual: 7.25735e-08 
271 TAO,  Function value: 7.292e-15,  Residual: 7.25301e-08 
272 TAO,  Function value: 7.27584e-15,  Residual: 7.24471e-08 
273 TAO,  Function value: 7.27043e-15,  Residual: 7.24366e-08 
274 TAO,  Function value: 7.24868e-15,  Residual: 7.22587e-08 
275 TAO,  Function value: 7.23694e-15,  Residual: 7.21243e-08 
276 TAO,  Function value: 7.23168e-15,  Residual: 7.20426e-08 
277 TAO,  Function value: 7.22172e-15,  Residual: 7.19717e-08 
278 TAO,  Function value: 7.21679e-15,  Residual: 7.18997e-08 
279 TAO,  Function value: 7.20211e-15,  Residual: 7.17904e-08 
280 TAO,  Function value: 7.1998e-15,  Residual: 7.1749e-08 
281 TAO,  Function value: 7.17804e-15,  Residual: 7.17074e-08 
282 TAO,  Function value: 7.16877e-15,  Residual: 7.15926e-08 
283 TAO,  Function value: 7.15675e-15,  Residual: 7.15129e-08 
284 TAO,  Function value: 7.14548e-15,  Residual: 7.13966e-08 
285 TAO,  Function value: 7.08909e-15,  Residual: 7.11164e-08 
286 TAO,  Function value: 7.07316e-15,  Residual: 7.09742e-08 
287 TAO,  Function value: 7.04989e-15,  Residual: 7.08285e-08 
288 TAO,  Function value: 7.04192e-15,  Residual: 7.07712e-08 
289 TAO,  Function value: 7.00249e-15,  Residual: 7.05134e-08 
290 TAO,  Function value: 7.00072e-15,  Residual: 7.04992e-08 
291 TAO,  Function value: 6.9795e-15,  Residual: 7.03383e-08 
292 TAO,  Function value: 6.90082e-15,  Residual: 7.07016e-08 
293 TAO,  Function value: 6.75589e-15,  Residual: 7.00397e-08 
294 TAO,  Function value: 6.75159e-15,  Residual: 7.00033e-08 
295 TAO,  Function value: 6.70588e-15,  Residual: 6.9705e-08 
296 TAO,  Function value: 6.67724e-15,  Residual: 6.96047e-08 
297 TAO,  Function value: 6.67429e-15,  Residual: 6.95691e-08 
298 TAO,  Function value: 6.6521e-15,  Residual: 6.94519e-08 
299 TAO,  Function value: 6.61058e-15,  Residual: 6.91741e-08 
300 TAO,  Function value: 6.59879e-15,  Residual: 6.90891e-08 
301 TAO,  Function value: 6.57719e-15,  Residual: 6.88735e-08 
302 TAO,  Function value: 6.56322e-15,  Residual: 6.87265e-08 
303 TAO,  Function value: 6.55735e-15,  Residual: 6.86944e-08 
304 TAO,  Function value: 6.55681e-15,  Residual: 6.8692e-08 
305 TAO,  Function value: 6.55268e-15,  Residual: 6.86479e-08 
306 TAO,  Function value: 6.55188e-15,  Residual: 6.87001e-08 
307 TAO,  Function value: 6.53107e-15,  Residual: 6.85895e-08 
308 TAO,  Function value: 6.52886e-15,  Residual: 6.85633e-08 
309 TAO,  Function value: 6.48647e-15,  Residual: 6.81502e-08 
310 TAO,  Function value: 6.41456e-15,  Residual: 6.8162e-08 
311 TAO,  Function value: 6.39213e-15,  Residual: 6.80515e-08 
312 TAO,  Function value: 6.37817e-15,  Residual: 6.78955e-08 
313 TAO,  Function value: 6.36251e-15,  Residual: 6.76994e-08 
314 TAO,  Function value: 6.35388e-15,  Residual: 6.75988e-08 
315 TAO,  Function value: 6.33805e-15,  Residual: 6.7597e-08 
316 TAO,  Function value: 6.32466e-15,  Residual: 6.7439e-08 
317 TAO,  Function value: 6.32114e-15,  Residual: 6.73991e-08 
318 TAO,  Function value: 6.29203e-15,  Residual: 6.71988e-08 
319 TAO,  Function value: 6.29018e-15,  Residual: 6.71953e-08 
320 TAO,  Function value: 6.26816e-15,  Residual: 6.70089e-08 
321 TAO,  Function value: 6.26297e-15,  Residual: 6.69555e-08 
322 TAO,  Function value: 6.02411e-15,  Residual: 6.66695e-08 
323 TAO,  Function value: 6.01966e-15,  Residual: 6.66256e-08 
324 TAO,  Function value: 6.00405e-15,  Residual: 6.65082e-08 
325 TAO,  Function value: 5.99599e-15,  Residual: 6.64313e-08 
326 TAO,  Function value: 5.99305e-15,  Residual: 6.63818e-08 
327 TAO,  Function value: 5.88822e-15,  Residual: 6.65122e-08 
328 TAO,  Function value: 5.88054e-15,  Residual: 6.64194e-08 
329 TAO,  Function value: 5.8659e-15,  Residual: 6.62648e-08 
330 TAO,  Function value: 5.85761e-15,  Residual: 6.61838e-08 
331 TAO,  Function value: 5.8255e-15,  Residual: 6.58404e-08 
332 TAO,  Function value: 5.73873e-15,  Residual: 6.54654e-08 
333 TAO,  Function value: 5.71978e-15,  Residual: 6.52349e-08 
334 TAO,  Function value: 5.7137e-15,  Residual: 6.51579e-08 
335 TAO,  Function value: 5.70134e-15,  Residual: 6.50239e-08 
336 TAO,  Function value: 5.68984e-15,  Residual: 6.4932e-08 
337 TAO,  Function value: 5.65826e-15,  Residual: 6.46578e-08 
338 TAO,  Function value: 5.6443e-15,  Residual: 6.45021e-08 
339 TAO,  Function value: 5.62813e-15,  Residual: 6.42877e-08 
340 TAO,  Function value: 5.62193e-15,  Residual: 6.42226e-08 
341 TAO,  Function value: 5.60682e-15,  Residual: 6.40746e-08 
342 TAO,  Function value: 5.58906e-15,  Residual: 6.38528e-08 
343 TAO,  Function value: 5.57125e-15,  Residual: 6.37301e-08 
344 TAO,  Function value: 5.56304e-15,  Residual: 6.36513e-08 
345 TAO,  Function value: 5.55871e-15,  Residual: 6.35952e-08 
346 TAO,  Function value: 5.55761e-15,  Residual: 6.35941e-08 
347 TAO,  Function value: 5.54175e-15,  Residual: 6.34367e-08 
348 TAO,  Function value: 5.53612e-15,  Residual: 6.33934e-08 
349 TAO,  Function value: 5.52956e-15,  Residual: 6.33255e-08 
350 TAO,  Function value: 5.52532e-15,  Residual: 6.32884e-08 
351 TAO,  Function value: 5.5032e-15,  Residual: 6.3214e-08 
352 TAO,  Function value: 5.48925e-15,  Residual: 6.30818e-08 
353 TAO,  Function value: 5.41746e-15,  Residual: 6.25378e-08 
354 TAO,  Function value: 5.39549e-15,  Residual: 6.23147e-08 
355 TAO,  Function value: 5.34748e-15,  Residual: 6.20952e-08 
356 TAO,  Function value: 5.31867e-15,  Residual: 6.18516e-08 
357 TAO,  Function value: 5.31595e-15,  Residual: 6.18114e-08 
358 TAO,  Function value: 5.30648e-15,  Residual: 6.17077e-08 
359 TAO,  Function value: 5.2979e-15,  Residual: 6.1674e-08 
360 TAO,  Function value: 5.29358e-15,  Residual: 6.16202e-08 
361 TAO,  Function value: 5.29338e-15,  Residual: 6.16163e-08 
362 TAO,  Function value: 5.28374e-15,  Residual: 6.15352e-08 
363 TAO,  Function value: 5.28265e-15,  Residual: 6.15164e-08 
364 TAO,  Function value: 4.2118e-15,  Residual: 1.24067e-07 
365 TAO,  Function value: 2.51711e-15,  Residual: 7.41821e-08 
366 TAO,  Function value: 2.35072e-15,  Residual: 7.16358e-08 
367 TAO,  Function value: 2.34232e-15,  Residual: 7.13955e-08 
368 TAO,  Function value: 2.33322e-15,  Residual: 7.11524e-08 
369 TAO,  Function value: 2.3326e-15,  Residual: 7.11461e-08 
370 TAO,  Function value: 2.3197e-15,  Residual: 7.08593e-08 
371 TAO,  Function value: 2.31178e-15,  Residual: 7.07339e-08 
372 TAO,  Function value: 2.29975e-15,  Residual: 7.04521e-08 
373 TAO,  Function value: 2.26593e-15,  Residual: 6.98411e-08 
374 TAO,  Function value: 2.21578e-15,  Residual: 6.88933e-08 
375 TAO,  Function value: 2.13697e-15,  Residual: 6.7015e-08 
376 TAO,  Function value: 2.12729e-15,  Residual: 6.6837e-08 
377 TAO,  Function value: 2.08996e-15,  Residual: 6.61119e-08 
378 TAO,  Function value: 2.08155e-15,  Residual: 6.56704e-08 
379 TAO,  Function value: 2.07964e-15,  Residual: 6.56333e-08 
380 TAO,  Function value: 2.07492e-15,  Residual: 6.55347e-08 
381 TAO,  Function value: 2.07241e-15,  Residual: 6.54779e-08 
382 TAO,  Function value: 2.0674e-15,  Residual: 6.53879e-08 
383 TAO,  Function value: 2.06453e-15,  Residual: 6.53271e-08 
384 TAO,  Function value: 2.06185e-15,  Residual: 6.52607e-08 
385 TAO,  Function value: 2.05817e-15,  Residual: 6.51833e-08 
386 TAO,  Function value: 2.05493e-15,  Residual: 6.51199e-08 
387 TAO,  Function value: 2.05046e-15,  Residual: 6.50254e-08 
388 TAO,  Function value: 2.04716e-15,  Residual: 6.49622e-08 
389 TAO,  Function value: 2.04059e-15,  Residual: 6.48536e-08 
390 TAO,  Function value: 2.01612e-15,  Residual: 6.44119e-08 
391 TAO,  Function value: 1.99817e-15,  Residual: 6.37026e-08 
392 TAO,  Function value: 1.98757e-15,  Residual: 6.34407e-08 
393 TAO,  Function value: 1.97657e-15,  Residual: 6.32218e-08 
394 TAO,  Function value: 1.94115e-15,  Residual: 6.22411e-08 
395 TAO,  Function value: 1.93852e-15,  Residual: 6.21868e-08 
396 TAO,  Function value: 1.92936e-15,  Residual: 6.20044e-08 
397 TAO,  Function value: 1.9098e-15,  Residual: 6.16436e-08 
398 TAO,  Function value: 1.9039e-15,  Residual: 6.14465e-08 
399 TAO,  Function value: 1.87644e-15,  Residual: 6.09982e-08 
400 TAO,  Function value: 1.87145e-15,  Residual: 6.09399e-08 
401 TAO,  Function value: 1.86452e-15,  Residual: 6.08056e-08 
402 TAO,  Function value: 1.83665e-15,  Residual: 6.02675e-08 
403 TAO,  Function value: 1.81769e-15,  Residual: 5.99075e-08 
404 TAO,  Function value: 1.80962e-15,  Residual: 5.97514e-08 
405 TAO,  Function value: 1.80203e-15,  Residual: 5.95388e-08 
406 TAO,  Function value: 1.79364e-15,  Residual: 5.9352e-08 
407 TAO,  Function value: 1.78652e-15,  Residual: 5.92269e-08 
408 TAO,  Function value: 1.78535e-15,  Residual: 5.91975e-08 
409 TAO,  Function value: 1.78271e-15,  Residual: 5.9133e-08 
410 TAO,  Function value: 1.77737e-15,  Residual: 5.9038e-08 
411 TAO,  Function value: 1.7759e-15,  Residual: 5.90049e-08 
412 TAO,  Function value: 1.76165e-15,  Residual: 5.87198e-08 
413 TAO,  Function value: 1.7545e-15,  Residual: 5.85744e-08 
414 TAO,  Function value: 1.72651e-15,  Residual: 5.79258e-08 
415 TAO,  Function value: 1.71947e-15,  Residual: 5.78082e-08 
416 TAO,  Function value: 1.71449e-15,  Residual: 5.76984e-08 
417 TAO,  Function value: 1.71038e-15,  Residual: 5.75846e-08 
418 TAO,  Function value: 1.7097e-15,  Residual: 5.75738e-08 
419 TAO,  Function value: 1.70665e-15,  Residual: 5.7527e-08 
420 TAO,  Function value: 1.70571e-15,  Residual: 5.7501e-08 
421 TAO,  Function value: 1.70291e-15,  Residual: 5.74449e-08 
422 TAO,  Function value: 5.77761e-16,  Residual: 4.91187e-08 
423 TAO,  Function value: 2.62591e-16,  Residual: 2.49222e-08 
424 TAO,  Function value: 2.47865e-16,  Residual: 2.45113e-08 
425 TAO,  Function value: 2.47779e-16,  Residual: 2.4504e-08 
426 TAO,  Function value: 2.44833e-16,  Residual: 2.42262e-08 
427 TAO,  Function value: 2.44743e-16,  Residual: 2.42192e-08 
428 TAO,  Function value: 2.44696e-16,  Residual: 2.42131e-08 
429 TAO,  Function value: 2.44687e-16,  Residual: 2.42123e-08 
430 TAO,  Function value: 1.73225e-16,  Residual: 3.01535e-08 
431 TAO,  Function value: 1.15774e-16,  Residual: 2.27208e-08 
432 TAO,  Function value: 1.12796e-16,  Residual: 2.24825e-08 
433 TAO,  Function value: 1.12766e-16,  Residual: 2.24785e-08 
434 TAO,  Function value: 1.12339e-16,  Residual: 2.24469e-08 
435 TAO,  Function value: 1.12339e-16,  Residual: 2.24469e-08 
436 TAO,  Function value: 1.12338e-16,  Residual: 2.24468e-08 
437 TAO,  Function value: 7.43863e-17,  Residual: 1.9932e-08 
438 TAO,  Function value: 2.62544e-17,  Residual: 3.61268e-09 
Tao Object: 1 MPI processes
  type: blmvm
  Gradient steps: 0
  Mat Object: (tao_blmvm_) 1 MPI processes
    type: lmvmbfgs
    rows=8192, cols=8192
      Scale type: diagonal
      Scale history: 1
      Scale params: alpha=1., beta=0.5, rho=1.
      Convex factors: phi=0., theta=0.125
      Max. storage: 5
      Used storage: 1
      Number of updates: 437
      Number of rejects: 0
      Number of resets: 5
      Mat Object: (J0_) 1 MPI processes
        type: lmvmdiagbrdn
        rows=8192, cols=8192
          Scale history: 1
          Scale params: alpha=1., beta=0.5, rho=1.
          Convex factor: theta=0.125
          Max. storage: 1
          Used storage: 0
          Number of updates: 432
          Number of rejects: 0
          Number of resets: 5
  TaoLineSearch Object: 1 MPI processes
    type: more-thuente
    maximum function evaluations=30
    tolerances: ftol=0.0001, rtol=1e-10, gtol=0.9
    total number of function evaluations=0
    total number of gradient evaluations=0
    total number of function/gradient evaluations=1
    using variable bounds
    Termination reason: 1
  Active Set subset type: subvec
  convergence tolerances: gatol=1e-08,   steptol=0.,   gttol=0.
  Residual in Function/Gradient:=3.61268e-09
  Objective value=2.62544e-17
  total number of iterations=438,                          (max: 2000)
  total number of function/gradient evaluations=859,      (max: 4000)
  Solution converged:    ||g(X)|| <= gatol
