Creating mesh
Mesh in 3 dimensions:
  15 0-cells
  50 1-cells
  60 2-cells
  24 3-cells
Creating mesh boundary on CPU 0
viewing LabelSifter: 'face0'
cap --> base:
[0]: 0---->42
[0]: 0---->51
[0]: 0---->57
[0]: 0---->62
[0]: 0---->67
[0]: 0---->75
[0]: 0---->81
[0]: 0---->84
[0]: 0---->88
[0]: 0---->95
[0]: 0---->99
[0]: 0---->104
[0]: 0---->109
[0]: 0---->115
[0]: 0---->119
[0]: 0---->122
[1]: empty
viewing LabelSifter: 'face1'
cap --> base:
[0]: 0---->125
[0]: 0---->130
[0]: 0---->133
[0]: 0---->135
[0]: 0---->138
[0]: 0---->143
[0]: 0---->146
[0]: 0---->148
[1]: empty
Distributing mesh
Creating VTK mesh file
