final time 0.0005, U:
Vec Object: 1 MPI processes
  type: seq
Vec Object: Vec_0x84000000_0 1 MPI processes
  type: mpi
Process [0]
0.0186628
0.640241
1.22722
1.74908
2.18108
2.50638
2.71743
2.8164
2.81476
2.73192
2.59308
2.42664
2.26121
2.12267
2.03156
2.001
2.03532
2.12964
2.27037
2.4366
2.60219
2.73847
2.81715
2.8133
2.70793
2.49009
2.15817
1.7203
1.19384
0.603924
-0.0186628
-0.640241
-1.22722
-1.74908
-2.18108
-2.50638
-2.71743
-2.8164
-2.81476
-2.73192
-2.59308
-2.42664
-2.26121
-2.12267
-2.03156
-2.001
-2.03532
-2.12964
-2.27037
-2.4366
-2.60219
-2.73847
-2.81715
-2.8133
-2.70793
-2.49009
-2.15817
-1.7203
-1.19384
-0.603924

Utrue:
Vec Object: 1 MPI processes
  type: seq
Vec Object: Vec_0x84000000_1 1 MPI processes
  type: mpi
Process [0]
0.0188494
0.640924
1.22833
1.75053
2.18274
2.50811
2.71907
2.81783
2.81586
2.73262
2.59335
2.42649
2.26068
2.12187
2.03061
2.00003
2.03446
2.12903
2.27011
2.43675
2.60278
2.73947
2.8185
2.8149
2.70965
2.49179
2.1597
1.72152
1.19465
0.604251
-0.0188494
-0.640924
-1.22833
-1.75053
-2.18274
-2.50811
-2.71907
-2.81783
-2.81586
-2.73262
-2.59335
-2.42649
-2.26068
-2.12187
-2.03061
-2.00003
-2.03446
-2.12903
-2.27011
-2.43675
-2.60278
-2.73947
-2.8185
-2.8149
-2.70965
-2.49179
-2.1597
-1.72152
-1.19465
-0.604251
