  0 SNES Function norm 0.554924 
    0 KSP Residual norm 3.72408 
    1 KSP Residual norm 0.631275 
    2 KSP Residual norm 0.177168 
    3 KSP Residual norm 0.0170303 
    4 KSP Residual norm 0.00432151 
    5 KSP Residual norm 0.000640224 
    6 KSP Residual norm 0.000188739 
    7 KSP Residual norm 2.83115e-05 
  1 SNES Function norm 0.15096 
    0 KSP Residual norm 1.00256 
    1 KSP Residual norm 0.788407 
    2 KSP Residual norm 0.392876 
    3 KSP Residual norm 0.29083 
    4 KSP Residual norm 0.134367 
    5 KSP Residual norm 0.101176 
    6 KSP Residual norm 0.0471781 
    7 KSP Residual norm 0.0279181 
    8 KSP Residual norm 0.0156577 
    9 KSP Residual norm 0.00730787 
   10 KSP Residual norm 0.00556161 
   11 KSP Residual norm 0.00206805 
   12 KSP Residual norm 0.00174316 
   13 KSP Residual norm 0.000832147 
   14 KSP Residual norm 0.00060825 
   15 KSP Residual norm 0.000184111 
   16 KSP Residual norm 0.000160919 
   17 KSP Residual norm 2.15793e-05 
   18 KSP Residual norm 1.69869e-05 
   19 KSP Residual norm 3.97186e-06 
  2 SNES Function norm 0.130219 
    0 KSP Residual norm 0.0684394 
    1 KSP Residual norm 0.059459 
    2 KSP Residual norm 0.0160364 
    3 KSP Residual norm 0.010621 
    4 KSP Residual norm 0.00178586 
    5 KSP Residual norm 0.00109137 
    6 KSP Residual norm 0.000261748 
    7 KSP Residual norm 0.000177411 
    8 KSP Residual norm 3.29777e-05 
    9 KSP Residual norm 2.17572e-05 
   10 KSP Residual norm 4.5575e-06 
   11 KSP Residual norm 3.86479e-06 
   12 KSP Residual norm 5.0941e-07 
  3 SNES Function norm 0.0187412 
    0 KSP Residual norm 0.0216814 
    1 KSP Residual norm 0.00870316 
    2 KSP Residual norm 0.00432328 
    3 KSP Residual norm 0.000897896 
    4 KSP Residual norm 0.000438855 
    5 KSP Residual norm 9.8158e-05 
    6 KSP Residual norm 7.18687e-05 
    7 KSP Residual norm 1.56861e-05 
    8 KSP Residual norm 1.23154e-05 
    9 KSP Residual norm 2.3481e-06 
   10 KSP Residual norm 1.5297e-06 
   11 KSP Residual norm 3.23879e-07 
   12 KSP Residual norm 2.01137e-07 
  4 SNES Function norm 0.00020404 
    0 KSP Residual norm 0.000213663 
    1 KSP Residual norm 8.97501e-05 
    2 KSP Residual norm 2.31297e-05 
    3 KSP Residual norm 1.40813e-05 
    4 KSP Residual norm 2.39754e-06 
    5 KSP Residual norm 1.46118e-06 
    6 KSP Residual norm 3.46509e-07 
    7 KSP Residual norm 1.97092e-07 
    8 KSP Residual norm 6.08171e-08 
    9 KSP Residual norm 3.90805e-08 
   10 KSP Residual norm 8.54374e-09 
   11 KSP Residual norm 4.93744e-09 
   12 KSP Residual norm 1.60247e-09 
  5 SNES Function norm 7.99647e-08 
    0 KSP Residual norm 8.59269e-08 
    1 KSP Residual norm 2.46761e-08 
    2 KSP Residual norm 6.82705e-09 
    3 KSP Residual norm 3.87289e-09 
    4 KSP Residual norm 8.473e-10 
    5 KSP Residual norm 3.412e-10 
    6 KSP Residual norm 1.321e-10 
    7 KSP Residual norm 5.843e-11 
    8 KSP Residual norm 1.366e-11 
    9 KSP Residual norm < 1.e-11
   10 KSP Residual norm < 1.e-11
   11 KSP Residual norm < 1.e-11
  6 SNES Function norm < 1.e-11
Nonlinear solve converged due to CONVERGED_FNORM_RELATIVE
