Local function:
Vec Object: 1 MPI processes
  type: seq
0.
0.666667
0.666667
1.33333
0.666667
1.33333
1.33333
2.
0.5
0.333333
1.5
1.
0.166667
0.833333
0.333333
1.5
0.833333
0.166667
1.
0.166667
0.833333
1.
0.833333
0.333333
1.5
0.833333
0.833333
Initial guess
Vec Object: potential 1 MPI processes
  type: seq
2.26671e-16
0.666667
0.666667
1.33333
0.666667
1.33333
1.33333
2.
0.5
0.333333
1.5
1.
0.166667
0.833333
0.333333
1.5
0.833333
0.166667
1.
0.166667
0.833333
1.
0.833333
0.333333
1.5
0.833333
0.833333
L_2 Error: 0.093636
Residual:
Vec Object: 1 MPI processes
  type: seq
0.0416667
-0.0694444
-0.0694444
-0.0694444
-0.0694444
-0.0694444
-0.0694444
-0.125
-0.0833333
-0.111111
0.0138889
-0.180556
0.0277778
-0.0972222
-0.0138889
-0.138889
-0.111111
0.180556
-0.263889
0.180556
-0.166667
-0.277778
-0.0972222
-0.0972222
0.0138889
-0.111111
-0.166667
Initial Residual
Vec Object: 1 MPI processes
  type: seq
0.0416667
-0.0694444
-0.0694444
-0.0694444
-0.0694444
-0.0694444
-0.0694444
-0.125
-0.0833333
-0.111111
0.0138889
-0.180556
0.0277778
-0.0972222
-0.0138889
-0.138889
-0.111111
0.180556
-0.263889
0.180556
-0.166667
-0.277778
-0.0972222
-0.0972222
0.0138889
-0.111111
-0.166667
L_2 Residual: 0.662894
Jacobian:
Mat Object: 1 MPI processes
  type: seqaij
row 0: (0, 0.5)  (8, 0.)  (9, 0.)  (12, -0.166667)  (14, 0.)  (17, -0.166667)  (19, -0.166667)  (23, 0.) 
row 1: (1, 0.333333)  (19, -0.166667)  (20, -0.0833333)  (21, 0.)  (22, -0.0833333) 
row 2: (2, 0.333333)  (11, 0.)  (12, -0.166667)  (13, -0.0833333)  (25, -0.0833333) 
row 3: (3, 0.333333)  (9, 0.)  (10, -0.166667)  (13, -0.0833333)  (20, -0.0833333) 
row 4: (4, 0.333333)  (16, -0.0833333)  (17, -0.166667)  (18, 0.)  (26, -0.0833333) 
row 5: (5, 0.333333)  (14, 0.)  (15, -0.166667)  (16, -0.0833333)  (22, -0.0833333) 
row 6: (6, 0.333333)  (23, 0.)  (24, -0.166667)  (25, -0.0833333)  (26, -0.0833333) 
row 7: (7, 0.5)  (8, 0.)  (10, -0.166667)  (11, 0.)  (15, -0.166667)  (18, 0.)  (21, 0.)  (24, -0.166667) 
row 8: (0, 0.)  (7, 0.)  (8, 3.33333)  (9, -0.416667)  (10, -0.25)  (11, -0.583333)  (12, -0.0833333)  (13, 0.166667)  (14, -0.583333)  (15, -0.0833333)  (17, -0.166667)  (18, -0.333333)  (19, -0.25)  (21, -0.416667)  (22, 0.166667)  (23, -0.333333)  (24, -0.166667) 
row 9: (0, 0.)  (3, 0.)  (8, -0.416667)  (9, 1.5)  (10, -0.0833333)  (12, -0.166667)  (13, -0.333333)  (19, -0.416667)  (20, -0.0833333) 
row 10: (3, -0.166667)  (7, -0.166667)  (8, -0.25)  (9, -0.0833333)  (10, 1.16667)  (11, -0.166667)  (13, -0.0833333)  (19, 0.333333)  (20, -0.166667)  (21, -0.416667) 
row 11: (2, 0.)  (7, 0.)  (8, -0.583333)  (10, -0.166667)  (11, 1.5)  (12, 0.0833333)  (13, -0.333333)  (23, 0.)  (24, -0.25)  (25, -0.25) 
row 12: (0, -0.166667)  (2, -0.166667)  (8, -0.0833333)  (9, -0.166667)  (11, 0.0833333)  (12, 0.833333)  (13, -0.0833333)  (23, -0.25)  (25, 0.) 
row 13: (2, -0.0833333)  (3, -0.0833333)  (8, 0.166667)  (9, -0.333333)  (10, -0.0833333)  (11, -0.333333)  (12, -0.0833333)  (13, 0.833333) 
row 14: (0, 0.)  (5, 0.)  (8, -0.583333)  (14, 1.5)  (15, 0.0833333)  (16, -0.25)  (17, -0.25)  (18, 0.)  (19, -0.166667)  (22, -0.333333) 
row 15: (5, -0.166667)  (7, -0.166667)  (8, -0.0833333)  (14, 0.0833333)  (15, 0.833333)  (16, 0.)  (18, -0.25)  (21, -0.166667)  (22, -0.0833333) 
row 16: (4, -0.0833333)  (5, -0.0833333)  (14, -0.25)  (15, 0.)  (16, 0.666667)  (17, 0.)  (18, -0.25) 
row 17: (0, -0.166667)  (4, -0.166667)  (8, -0.166667)  (14, -0.25)  (16, 0.)  (17, 1.16667)  (18, -0.166667)  (23, -0.416667)  (24, 0.333333)  (26, -0.166667) 
row 18: (4, 0.)  (7, 0.)  (8, -0.333333)  (14, 0.)  (15, -0.25)  (16, -0.25)  (17, -0.166667)  (18, 1.5)  (24, -0.416667)  (26, -0.0833333) 
row 19: (0, -0.166667)  (1, -0.166667)  (8, -0.25)  (9, -0.416667)  (10, 0.333333)  (14, -0.166667)  (19, 1.16667)  (20, -0.166667)  (21, -0.0833333)  (22, -0.0833333) 
row 20: (1, -0.0833333)  (3, -0.0833333)  (9, -0.0833333)  (10, -0.166667)  (19, -0.166667)  (20, 0.666667)  (21, -0.0833333) 
row 21: (1, 0.)  (7, 0.)  (8, -0.416667)  (10, -0.416667)  (15, -0.166667)  (19, -0.0833333)  (20, -0.0833333)  (21, 1.5)  (22, -0.333333) 
row 22: (1, -0.0833333)  (5, -0.0833333)  (8, 0.166667)  (14, -0.333333)  (15, -0.0833333)  (19, -0.0833333)  (21, -0.333333)  (22, 0.833333) 
row 23: (0, 0.)  (6, 0.)  (8, -0.333333)  (11, 0.)  (12, -0.25)  (17, -0.416667)  (23, 1.5)  (24, -0.166667)  (25, -0.25)  (26, -0.0833333) 
row 24: (6, -0.166667)  (7, -0.166667)  (8, -0.166667)  (11, -0.25)  (17, 0.333333)  (18, -0.416667)  (23, -0.166667)  (24, 1.16667)  (25, 0.)  (26, -0.166667) 
row 25: (2, -0.0833333)  (6, -0.0833333)  (11, -0.25)  (12, 0.)  (23, -0.25)  (24, 0.)  (25, 0.666667) 
row 26: (4, -0.0833333)  (6, -0.0833333)  (17, -0.166667)  (18, -0.0833333)  (23, -0.0833333)  (24, -0.166667)  (26, 0.666667) 
Residual:
Vec Object: 1 MPI processes
  type: seq
0.125
-0.125
-0.125
-0.125
-0.125
-0.125
-0.125
-0.375
0.583333
0.166667
-0.291667
-0.291667
0.166667
-0.125
0.208333
-0.333333
-0.166667
0.208333
-0.291667
0.208333
-0.166667
-0.333333
-0.125
0.208333
-0.291667
-0.166667
-0.166667
Au - b = Au + F(0)
Vec Object: 1 MPI processes
  type: seq
0.0416667
-0.0694444
-0.0694444
-0.0694444
-0.0694444
-0.0694444
-0.0694444
-0.125
-0.0833333
-0.111111
0.0138889
-0.180556
0.0277778
-0.0972222
-0.0138889
-0.138889
-0.111111
0.180556
-0.263889
0.180556
-0.166667
-0.277778
-0.0972222
-0.0972222
0.0138889
-0.111111
-0.166667
Linear L_2 Residual: 0.662894
