0 SNES Function norm 18.1296 
    0 SNES Function norm 18.1296 
    1 SNES Function norm 1.2656e-06 
      0 SNES Function norm 1.12884e-06 
      1 SNES Function norm < 1.e-11
        0 SNES Function norm < 1.e-11
        1 SNES Function norm < 1.e-11
      0 SNES Function norm < 1.e-11
      1 SNES Function norm < 1.e-11
    0 SNES Function norm 1.26985e-06 
    1 SNES Function norm < 1.e-11
  1 SNES Function norm < 1.e-11
Nonlinear solve converged due to CONVERGED_FNORM_RELATIVE iterations 1
SNES Object: 7 MPI processes
  type: fas
  FAS: type is MULTIPLICATIVE, levels=3, cycles=1
      Not using Galerkin computed coarse grid function evaluation
  Coarse grid solver -- level 0 -------------------------------
    SNES Object: (fas_coarse_) 7 MPI processes
      type: newtonls
      maximum iterations=50, maximum function evaluations=10000
      tolerances: relative=1e-08, absolute=1e-50, solution=1e-08
      total number of linear solver iterations=5
      total number of function evaluations=1
      SNESLineSearch Object: (fas_coarse_) 7 MPI processes
        type: basic
        maxstep=1.000000e+08, minlambda=1.000000e-12
        tolerances: relative=1.000000e-08, absolute=1.000000e-15, lambda=1.000000e-08
        maximum iterations=40
      KSP Object: (fas_coarse_) 7 MPI processes
        type: cg
        maximum iterations=10000, initial guess is zero
        tolerances:  relative=1e-05, absolute=1e-50, divergence=10000.
        left preconditioning
        using PRECONDITIONED norm type for convergence test
      PC Object: (fas_coarse_) 7 MPI processes
        type: bddc
          BDDC: Use verbose output: 0
          BDDC: Use user-defined CSR: 0
          BDDC: Use local mat graph: 1
          BDDC: Connectivity graph topological dimension: 2
          BDDC: Graph max count: 2147483647
          BDDC: Use vertices: 1 (vertex size 1)
          BDDC: Use edges: 1
          BDDC: Use faces: 0
          BDDC: Use true near null space: 0
          BDDC: Use QR for single constraints on cc: 0
          BDDC: Use change of basis on local edge nodes: 0
          BDDC: Use change of basis on local face nodes: 0
          BDDC: User defined change of basis matrix: 0
          BDDC: Has change of basis matrix: 0
          BDDC: Eliminate dirichlet boundary dofs: 0
          BDDC: Switch on static condensation ops around the interface preconditioner: 0
          BDDC: Use exact dirichlet trick: 1
          BDDC: Multilevel max levels: 0
          BDDC: Multilevel coarsening ratio: 8
          BDDC: Use estimated eigs for coarse problem: 0
          BDDC: Use deluxe scaling: 0
          BDDC: Use deluxe zerorows: 0
          BDDC: Use deluxe singlemat: 0
          BDDC: Rebuild interface graph for Schur principal minors: 0
          BDDC: Number of dofs' layers for the computation of principal minors: -1
          BDDC: Use user CSR graph to compute successive layers: 0
          BDDC: Adaptive constraint selection threshold (active 0, userdefined 0): 0.
          BDDC: Min constraints / connected component: 0
          BDDC: Max constraints / connected component: 0
          BDDC: Invert exact Schur complement for adaptive selection: 0
          BDDC: Symmetric computation of primal basis functions: 1
          BDDC: Num. Procs. to map coarse adjacency list: 0
          BDDC: Coarse eqs per proc (significant at the coarsest level): 1
          BDDC: Detect disconnected: 0
          BDDC: Benign subspace trick: 0 (change explicit 0)
          BDDC: Benign subspace trick is active: 0
          BDDC: Algebraic computation of no-net-flux 0
          BDDC: ********************************** STATISTICS AT LEVEL 0 **********************************
          BDDC: Global dofs sizes: all 209 interface 51 coarse 13
          BDDC: Coarsening ratios: all/coarse 16 interface/coarse 3
          BDDC: Active processes : 7
          BDDC: Total subdomains : 7
          BDDC: Dofs type        :	MIN	MAX	MEAN
          BDDC: Interior  dofs   :	18	33	22
          BDDC: Interface dofs   :	11	20	15
          BDDC: Primal    dofs   :	3	6	4
          BDDC: Local     dofs   :	32	52	38
          BDDC: Local     subs   :	1	1
          BDDC: ********************************** COARSE PROBLEM DETAILS *********************************
        KSP Object: (fas_coarse_pc_bddc_coarse_) 7 MPI processes
          type: preonly
          maximum iterations=1, initial guess is zero
          tolerances:  relative=1e-05, absolute=1e-50, divergence=10000.
          left preconditioning
          using NONE norm type for convergence test
        PC Object: (fas_coarse_pc_bddc_coarse_) 7 MPI processes
          type: redundant
            Redundant preconditioner: First (color=0) of 7 PCs follows
          linear system matrix = precond matrix:
          Mat Object: 7 MPI processes
            type: mpiaij
            rows=13, cols=13
            total: nonzeros=107, allocated nonzeros=123
            total number of mallocs used during MatSetValues calls =0
              using I-node (on process 0) routines: found 1 nodes, limit used is 5
                    KSP Object:         (fas_coarse_pc_bddc_coarse_redundant_)         1 MPI processes
                      type: preonly
                      maximum iterations=10000, initial guess is zero
                      tolerances:  relative=1e-05, absolute=1e-50, divergence=10000.
                      left preconditioning
                      using NONE norm type for convergence test
                    PC Object:         (fas_coarse_pc_bddc_coarse_redundant_)         1 MPI processes
                      type: lu
                        out-of-place factorization
                        Reusing fill from past factorization
                        tolerance for zero pivot 2.22045e-14
                        matrix ordering: nd
                        factor fill ratio given 5., needed 1.24299
                          Factored matrix follows:
                            Mat Object:         1 MPI processes
                              type: seqaij
                              rows=13, cols=13
                              package used to perform factorization: petsc
                              total: nonzeros=133, allocated nonzeros=133
                              total number of mallocs used during MatSetValues calls =0
                                using I-node routines: found 9 nodes, limit used is 5
                      linear system matrix = precond matrix:
                      Mat Object:         1 MPI processes
                        type: seqaij
                        rows=13, cols=13
                        total: nonzeros=107, allocated nonzeros=107
                        total number of mallocs used during MatSetValues calls =0
                          not using I-node routines
        linear system matrix = precond matrix:
        Mat Object: 7 MPI processes
          type: is
          rows=209, cols=209
          total: nonzeros=2984, allocated nonzeros=3915
          total number of mallocs used during MatSetValues calls =0
  Down solver (pre-smoother) on level 1 -------------------------------
    SNES Object: (fas_levels_1_) 7 MPI processes
      type: newtonls
      maximum iterations=1, maximum function evaluations=30000
      tolerances: relative=0., absolute=0., solution=0.
      total number of linear solver iterations=5
      total number of function evaluations=2
      norm schedule FINALONLY
      SNESLineSearch Object: (fas_levels_1_) 7 MPI processes
        type: bt
          interpolation: cubic
          alpha=1.000000e-04
        maxstep=1.000000e+08, minlambda=1.000000e-12
        tolerances: relative=1.000000e-08, absolute=1.000000e-15, lambda=1.000000e-08
        maximum iterations=40
      KSP Object: (fas_levels_1_) 7 MPI processes
        type: cg
        maximum iterations=10000, initial guess is zero
        tolerances:  relative=1e-05, absolute=1e-50, divergence=10000.
        left preconditioning
        using PRECONDITIONED norm type for convergence test
      PC Object: (fas_levels_1_) 7 MPI processes
        type: bddc
          BDDC: Use verbose output: 0
          BDDC: Use user-defined CSR: 0
          BDDC: Use local mat graph: 1
          BDDC: Connectivity graph topological dimension: 2
          BDDC: Graph max count: 2147483647
          BDDC: Use vertices: 1 (vertex size 1)
          BDDC: Use edges: 1
          BDDC: Use faces: 0
          BDDC: Use true near null space: 0
          BDDC: Use QR for single constraints on cc: 0
          BDDC: Use change of basis on local edge nodes: 0
          BDDC: Use change of basis on local face nodes: 0
          BDDC: User defined change of basis matrix: 0
          BDDC: Has change of basis matrix: 0
          BDDC: Eliminate dirichlet boundary dofs: 0
          BDDC: Switch on static condensation ops around the interface preconditioner: 0
          BDDC: Use exact dirichlet trick: 1
          BDDC: Multilevel max levels: 0
          BDDC: Multilevel coarsening ratio: 8
          BDDC: Use estimated eigs for coarse problem: 0
          BDDC: Use deluxe scaling: 0
          BDDC: Use deluxe zerorows: 0
          BDDC: Use deluxe singlemat: 0
          BDDC: Rebuild interface graph for Schur principal minors: 0
          BDDC: Number of dofs' layers for the computation of principal minors: -1
          BDDC: Use user CSR graph to compute successive layers: 0
          BDDC: Adaptive constraint selection threshold (active 0, userdefined 0): 0.
          BDDC: Min constraints / connected component: 0
          BDDC: Max constraints / connected component: 0
          BDDC: Invert exact Schur complement for adaptive selection: 0
          BDDC: Symmetric computation of primal basis functions: 1
          BDDC: Num. Procs. to map coarse adjacency list: 0
          BDDC: Coarse eqs per proc (significant at the coarsest level): 1
          BDDC: Detect disconnected: 0
          BDDC: Benign subspace trick: 0 (change explicit 0)
          BDDC: Benign subspace trick is active: 0
          BDDC: Algebraic computation of no-net-flux 0
          BDDC: ********************************** STATISTICS AT LEVEL 0 **********************************
          BDDC: Global dofs sizes: all 513 interface 89 coarse 15
          BDDC: Coarsening ratios: all/coarse 34 interface/coarse 5
          BDDC: Active processes : 7
          BDDC: Total subdomains : 7
          BDDC: Dofs type        :	MIN	MAX	MEAN
          BDDC: Interior  dofs   :	48	66	60
          BDDC: Interface dofs   :	18	33	26
          BDDC: Primal    dofs   :	4	6	5
          BDDC: Local     dofs   :	78	96	86
          BDDC: Local     subs   :	1	1
          BDDC: ********************************** COARSE PROBLEM DETAILS *********************************
        KSP Object: (fas_levels_1_pc_bddc_coarse_) 7 MPI processes
          type: preonly
          maximum iterations=1, initial guess is zero
          tolerances:  relative=1e-05, absolute=1e-50, divergence=10000.
          left preconditioning
          using NONE norm type for convergence test
        PC Object: (fas_levels_1_pc_bddc_coarse_) 7 MPI processes
          type: redundant
            Redundant preconditioner: First (color=0) of 7 PCs follows
          linear system matrix = precond matrix:
          Mat Object: 7 MPI processes
            type: mpiaij
            rows=15, cols=15
            total: nonzeros=137, allocated nonzeros=158
            total number of mallocs used during MatSetValues calls =0
              using I-node (on process 0) routines: found 1 nodes, limit used is 5
                    KSP Object:         (fas_levels_1_pc_bddc_coarse_redundant_)         1 MPI processes
                      type: preonly
                      maximum iterations=10000, initial guess is zero
                      tolerances:  relative=1e-05, absolute=1e-50, divergence=10000.
                      left preconditioning
                      using NONE norm type for convergence test
                    PC Object:         (fas_levels_1_pc_bddc_coarse_redundant_)         1 MPI processes
                      type: lu
                        out-of-place factorization
                        Reusing fill from past factorization
                        tolerance for zero pivot 2.22045e-14
                        matrix ordering: nd
                        factor fill ratio given 5., needed 1.27737
                          Factored matrix follows:
                            Mat Object:         1 MPI processes
                              type: seqaij
                              rows=15, cols=15
                              package used to perform factorization: petsc
                              total: nonzeros=175, allocated nonzeros=175
                              total number of mallocs used during MatSetValues calls =0
                                using I-node routines: found 9 nodes, limit used is 5
                      linear system matrix = precond matrix:
                      Mat Object:         1 MPI processes
                        type: seqaij
                        rows=15, cols=15
                        total: nonzeros=137, allocated nonzeros=137
                        total number of mallocs used during MatSetValues calls =0
                          not using I-node routines
        linear system matrix = precond matrix:
        Mat Object: 7 MPI processes
          type: is
          rows=513, cols=513
          total: nonzeros=7802, allocated nonzeros=9550
          total number of mallocs used during MatSetValues calls =0
  Up solver (post-smoother) same as down solver (pre-smoother)
  Down solver (pre-smoother) on level 2 -------------------------------
    SNES Object: (fas_levels_2_) 7 MPI processes
      type: newtonls
      maximum iterations=1, maximum function evaluations=30000
      tolerances: relative=0., absolute=0., solution=0.
      total number of linear solver iterations=6
      total number of function evaluations=2
      norm schedule FINALONLY
      SNESLineSearch Object: (fas_levels_2_) 7 MPI processes
        type: bt
          interpolation: cubic
          alpha=1.000000e-04
        maxstep=1.000000e+08, minlambda=1.000000e-12
        tolerances: relative=1.000000e-08, absolute=1.000000e-15, lambda=1.000000e-08
        maximum iterations=40
      KSP Object: (fas_levels_2_) 7 MPI processes
        type: cg
        maximum iterations=10000, initial guess is zero
        tolerances:  relative=1e-05, absolute=1e-50, divergence=10000.
        left preconditioning
        using PRECONDITIONED norm type for convergence test
      PC Object: (fas_levels_2_) 7 MPI processes
        type: bddc
          BDDC: Use verbose output: 0
          BDDC: Use user-defined CSR: 0
          BDDC: Use local mat graph: 1
          BDDC: Connectivity graph topological dimension: 2
          BDDC: Graph max count: 2147483647
          BDDC: Use vertices: 1 (vertex size 1)
          BDDC: Use edges: 1
          BDDC: Use faces: 0
          BDDC: Use true near null space: 0
          BDDC: Use QR for single constraints on cc: 0
          BDDC: Use change of basis on local edge nodes: 0
          BDDC: Use change of basis on local face nodes: 0
          BDDC: User defined change of basis matrix: 0
          BDDC: Has change of basis matrix: 0
          BDDC: Eliminate dirichlet boundary dofs: 0
          BDDC: Switch on static condensation ops around the interface preconditioner: 0
          BDDC: Use exact dirichlet trick: 1
          BDDC: Multilevel max levels: 0
          BDDC: Multilevel coarsening ratio: 8
          BDDC: Use estimated eigs for coarse problem: 0
          BDDC: Use deluxe scaling: 0
          BDDC: Use deluxe zerorows: 0
          BDDC: Use deluxe singlemat: 0
          BDDC: Rebuild interface graph for Schur principal minors: 0
          BDDC: Number of dofs' layers for the computation of principal minors: -1
          BDDC: Use user CSR graph to compute successive layers: 0
          BDDC: Adaptive constraint selection threshold (active 0, userdefined 0): 0.
          BDDC: Min constraints / connected component: 0
          BDDC: Max constraints / connected component: 0
          BDDC: Invert exact Schur complement for adaptive selection: 0
          BDDC: Symmetric computation of primal basis functions: 1
          BDDC: Num. Procs. to map coarse adjacency list: 0
          BDDC: Coarse eqs per proc (significant at the coarsest level): 1
          BDDC: Detect disconnected: 0
          BDDC: Benign subspace trick: 0 (change explicit 0)
          BDDC: Benign subspace trick is active: 0
          BDDC: Algebraic computation of no-net-flux 0
          BDDC: ********************************** STATISTICS AT LEVEL 0 **********************************
          BDDC: Global dofs sizes: all 1495 interface 173 coarse 19
          BDDC: Coarsening ratios: all/coarse 78 interface/coarse 9
          BDDC: Active processes : 7
          BDDC: Total subdomains : 7
          BDDC: Dofs type        :	MIN	MAX	MEAN
          BDDC: Interior  dofs   :	182	195	188
          BDDC: Interface dofs   :	46	58	50
          BDDC: Primal    dofs   :	4	8	6
          BDDC: Local     dofs   :	228	250	239
          BDDC: Local     subs   :	1	1
          BDDC: ********************************** COARSE PROBLEM DETAILS *********************************
        KSP Object: (fas_levels_2_pc_bddc_coarse_) 7 MPI processes
          type: preonly
          maximum iterations=1, initial guess is zero
          tolerances:  relative=1e-05, absolute=1e-50, divergence=10000.
          left preconditioning
          using NONE norm type for convergence test
        PC Object: (fas_levels_2_pc_bddc_coarse_) 7 MPI processes
          type: redundant
            Redundant preconditioner: First (color=0) of 7 PCs follows
          linear system matrix = precond matrix:
          Mat Object: 7 MPI processes
            type: mpiaij
            rows=19, cols=19
            total: nonzeros=229, allocated nonzeros=258
            total number of mallocs used during MatSetValues calls =0
              using I-node (on process 0) routines: found 1 nodes, limit used is 5
                    KSP Object:         (fas_levels_2_pc_bddc_coarse_redundant_)         1 MPI processes
                      type: preonly
                      maximum iterations=10000, initial guess is zero
                      tolerances:  relative=1e-05, absolute=1e-50, divergence=10000.
                      left preconditioning
                      using NONE norm type for convergence test
                    PC Object:         (fas_levels_2_pc_bddc_coarse_redundant_)         1 MPI processes
                      type: lu
                        out-of-place factorization
                        Reusing fill from past factorization
                        tolerance for zero pivot 2.22045e-14
                        matrix ordering: nd
                        factor fill ratio given 5., needed 1.35808
                          Factored matrix follows:
                            Mat Object:         1 MPI processes
                              type: seqaij
                              rows=19, cols=19
                              package used to perform factorization: petsc
                              total: nonzeros=311, allocated nonzeros=311
                              total number of mallocs used during MatSetValues calls =0
                                using I-node routines: found 13 nodes, limit used is 5
                      linear system matrix = precond matrix:
                      Mat Object:         1 MPI processes
                        type: seqaij
                        rows=19, cols=19
                        total: nonzeros=229, allocated nonzeros=229
                        total number of mallocs used during MatSetValues calls =0
                          not using I-node routines
        linear system matrix = precond matrix:
        Mat Object: 7 MPI processes
          type: is
          rows=1495, cols=1495
          total: nonzeros=23495, allocated nonzeros=26720
          total number of mallocs used during MatSetValues calls =0
  Up solver (post-smoother) same as down solver (pre-smoother)
  maximum iterations=20, maximum function evaluations=30000
  tolerances: relative=1e-08, absolute=1e-50, solution=1e-08
  total number of linear solver iterations=0
  total number of function evaluations=1
  norm schedule ALWAYS
  SNESLineSearch Object: 7 MPI processes
    type: basic
    maxstep=1.000000e+08, minlambda=1.000000e-12
    tolerances: relative=1.000000e-08, absolute=1.000000e-15, lambda=1.000000e-08
    maximum iterations=1
Number of SNES iterations = 1
L_2 Error: < 1.0e-11