DM Object: Mesh 1 MPI processes
  type: plex
Mesh in 2 dimensions:
  0-cells: 4225
  1-cells: 12416
  2-cells: 8192
Labels:
  marker: 1 strata with value/size (1 (512))
  Face Sets: 1 strata with value/size (1 (504))
  depth: 3 strata with value/size (0 (4225), 1 (12416), 2 (8192))
  L_2 Error: 0.0492525
  Nonlinear solve converged due to CONVERGED_FNORM_RELATIVE iterations 1
  DM Object: Mesh 1 MPI processes
    type: plex
  Mesh in 2 dimensions:
    0-cells:   5745  
    1-cells:   17100  
    2-cells:   11356  
  Labels:
    marker: 1 strata with value/size (1 (264))
    depth: 3 strata with value/size (0 (5745), 1 (17100), 2 (11356))
  L_2 Error: 0.00195356
  Nonlinear solve converged due to CONVERGED_FNORM_RELATIVE iterations 1
DM Object: Mesh 1 MPI processes
  type: plex
Mesh in 2 dimensions:
  0-cells: 8644
  1-cells: 25681
  2-cells: 17038
Labels:
  marker: 1 strata with value/size (1 (496))
  depth: 3 strata with value/size (0 (8644), 1 (25681), 2 (17038))
L_2 Error: 0.000570518
Nonlinear solve converged due to CONVERGED_FNORM_RELATIVE iterations 1
