Local function:
Vec Object: 1 MPI processes
  type: seq
0.
0.25
1.
0.25
0.5
1.25
1.
1.25
2.
0.0625
0.125
0.0625
0.625
0.5625
0.3125
0.3125
0.625
1.0625
0.8125
0.5625
1.125
1.5625
1.5625
0.8125
1.0625
Initial guess
Vec Object: potential 1 MPI processes
  type: seq
-5.20417e-18
0.25
1.
0.25
0.5
1.25
1.
1.25
2.
0.0625
0.125
0.0625
0.625
0.5625
0.3125
0.3125
0.625
1.0625
0.8125
0.5625
1.125
1.5625
1.5625
0.8125
1.0625
L_2 Error: 0.021072
Residual:
Vec Object: 1 MPI processes
  type: seq
-0.0208333
0.
0.0208333
0.
0.
0.
0.0208333
0.
-0.0208333
0.
0.
0.
0.
0.
0.
0.
0.
0.
0.
0.
0.
0.
0.
0.
0.
Initial Residual
Vec Object: 1 MPI processes
  type: seq
-0.0208333
0.
0.0208333
0.
0.
0.
0.0208333
0.
-0.0208333
0.
0.
0.
0.
0.
0.
0.
0.
0.
0.
0.
0.
0.
0.
0.
0.
L_2 Residual: 0.0416667
Jacobian:
Mat Object: 1 MPI processes
  type: seqaij
row 0: (0, 1.)  (9, -0.5)  (11, -0.5) 
row 1: (1, 2.)  (9, -0.5)  (10, 0.)  (15, -1.)  (19, -0.5) 
row 2: (2, 1.)  (16, 0.)  (17, -0.5)  (19, -0.5) 
row 3: (3, 2.)  (10, 0.)  (11, -0.5)  (13, -0.5)  (14, -1.) 
row 4: (4, 4.)  (12, 0.)  (14, -1.)  (15, -1.)  (16, 0.)  (18, -1.)  (23, -1.) 
row 5: (5, 2.)  (17, -0.5)  (18, -1.)  (20, 0.)  (21, -0.5) 
row 6: (6, 1.)  (12, 0.)  (13, -0.5)  (24, -0.5) 
row 7: (7, 2.)  (20, 0.)  (22, -0.5)  (23, -1.)  (24, -0.5) 
row 8: (8, 1.)  (21, -0.5)  (22, -0.5) 
row 9: (0, -0.5)  (1, -0.5)  (9, 2.)  (10, -1.)  (11, 0.) 
row 10: (1, 0.)  (3, 0.)  (9, -1.)  (10, 4.)  (11, -1.)  (14, -1.)  (15, -1.) 
row 11: (0, -0.5)  (3, -0.5)  (9, 0.)  (10, -1.)  (11, 2.) 
row 12: (4, 0.)  (6, 0.)  (12, 4.)  (13, -1.)  (14, -1.)  (23, -1.)  (24, -1.) 
row 13: (3, -0.5)  (6, -0.5)  (12, -1.)  (13, 2.)  (14, 0.) 
row 14: (3, -1.)  (4, -1.)  (10, -1.)  (12, -1.)  (13, 0.)  (14, 4.)  (15, 0.) 
row 15: (1, -1.)  (4, -1.)  (10, -1.)  (14, 0.)  (15, 4.)  (16, -1.)  (19, 0.) 
row 16: (2, 0.)  (4, 0.)  (15, -1.)  (16, 4.)  (17, -1.)  (18, -1.)  (19, -1.) 
row 17: (2, -0.5)  (5, -0.5)  (16, -1.)  (17, 2.)  (18, 0.) 
row 18: (4, -1.)  (5, -1.)  (16, -1.)  (17, 0.)  (18, 4.)  (20, -1.)  (23, 0.) 
row 19: (1, -0.5)  (2, -0.5)  (15, 0.)  (16, -1.)  (19, 2.) 
row 20: (5, 0.)  (7, 0.)  (18, -1.)  (20, 4.)  (21, -1.)  (22, -1.)  (23, -1.) 
row 21: (5, -0.5)  (8, -0.5)  (20, -1.)  (21, 2.)  (22, 0.) 
row 22: (7, -0.5)  (8, -0.5)  (20, -1.)  (21, 0.)  (22, 2.) 
row 23: (4, -1.)  (7, -1.)  (12, -1.)  (18, 0.)  (20, -1.)  (23, 4.)  (24, 0.) 
row 24: (6, -0.5)  (7, -0.5)  (12, -1.)  (23, 0.)  (24, 2.) 
Residual:
Vec Object: 1 MPI processes
  type: seq
0.0416667
0.125
-0.166667
0.125
0.25
-0.375
-0.166667
-0.375
-0.458333
0.125
0.25
0.125
0.25
0.125
0.25
0.25
0.25
-0.375
0.25
0.125
0.25
-0.375
-0.375
0.25
-0.375
Au - b = Au + F(0)
Vec Object: 1 MPI processes
  type: seq
-0.0208333
0.
0.0208333
0.
0.
0.
0.0208333
0.
-0.0208333
0.
0.
0.
0.
0.
0.
0.
0.
0.
0.
0.
0.
0.
0.
0.
0.
Linear L_2 Residual: 0.0416667
