Local function:
Vec Object: 1 MPI processes
  type: seq
0.
0.666667
0.666667
1.33333
0.666667
1.33333
1.33333
2.
Initial guess
Vec Object: potential 1 MPI processes
  type: seq
9.06682e-16
0.666667
0.666667
1.33333
0.666667
1.33333
1.33333
2.
L_2 Error: 0.338012
Residual:
Vec Object: 1 MPI processes
  type: seq
0.333333
-0.333333
-0.333333
-0.333333
-0.333333
-0.333333
-0.333333
-0.333333
Initial Residual
Vec Object: 1 MPI processes
  type: seq
0.333333
-0.333333
-0.333333
-0.333333
-0.333333
-0.333333
-0.333333
-0.333333
L_2 Residual: 0.942809
Jacobian:
Mat Object: 1 MPI processes
  type: seqaij
row 0: (0, 1.)  (1, -0.333333)  (2, -0.333333)  (3, 0.)  (4, -0.333333)  (5, 0.)  (6, 0.)  (7, 0.) 
row 1: (0, -0.333333)  (1, 0.666667)  (3, -0.166667)  (5, -0.166667)  (7, 0.) 
row 2: (0, -0.333333)  (2, 0.666667)  (3, -0.166667)  (6, -0.166667)  (7, 0.) 
row 3: (0, 0.)  (1, -0.166667)  (2, -0.166667)  (3, 0.666667)  (7, -0.333333) 
row 4: (0, -0.333333)  (4, 0.666667)  (5, -0.166667)  (6, -0.166667)  (7, 0.) 
row 5: (0, 0.)  (1, -0.166667)  (4, -0.166667)  (5, 0.666667)  (7, -0.333333) 
row 6: (0, 0.)  (2, -0.166667)  (4, -0.166667)  (6, 0.666667)  (7, -0.333333) 
row 7: (0, 0.)  (1, 0.)  (2, 0.)  (3, -0.333333)  (4, 0.)  (5, -0.333333)  (6, -0.333333)  (7, 1.) 
Residual:
Vec Object: 1 MPI processes
  type: seq
1.
-0.333333
-0.333333
-0.333333
-0.333333
-0.333333
-0.333333
-1.
Au - b = Au + F(0)
Vec Object: 1 MPI processes
  type: seq
0.333333
-0.333333
-0.333333
-0.333333
-0.333333
-0.333333
-0.333333
-0.333333
Linear L_2 Residual: 0.942809
