  0 SNES Function norm 17621.4 
    0 KSP Residual norm 7.092440772646e+00 
    1 KSP Residual norm 7.464181807335e-01 
    2 KSP Residual norm 8.519538956583e-02 
    3 KSP Residual norm 8.228751990981e-04 
    4 KSP Residual norm 1.049239465364e-04 
    5 KSP Residual norm 1.083970438354e-05 
    6 KSP Residual norm 4.349895919729e-07 
  1 SNES Function norm 5222.44 
    0 KSP Residual norm 3.924351137621e+00 
    1 KSP Residual norm 1.085283556957e+00 
    2 KSP Residual norm 2.978456202916e-01 
    3 KSP Residual norm 2.020904301761e-02 
    4 KSP Residual norm 1.173010955714e-03 
    5 KSP Residual norm 2.210189224669e-04 
    6 KSP Residual norm 1.289294349956e-05 
    7 KSP Residual norm 2.472668384327e-06 
  2 SNES Function norm 1549.16 
    0 KSP Residual norm 3.894519498989e+00 
    1 KSP Residual norm 4.037901843452e-01 
    2 KSP Residual norm 4.764929929048e-02 
    3 KSP Residual norm 1.177829368816e-02 
    4 KSP Residual norm 5.598792028651e-04 
    5 KSP Residual norm 7.301065606526e-05 
    6 KSP Residual norm 5.234714818428e-06 
  3 SNES Function norm 459.505 
    0 KSP Residual norm 2.297633322430e+00 
    1 KSP Residual norm 2.429065738825e-01 
    2 KSP Residual norm 2.615880916265e-02 
    3 KSP Residual norm 5.187287080109e-03 
    4 KSP Residual norm 5.035702424370e-04 
    5 KSP Residual norm 8.684825646552e-06 
    6 KSP Residual norm 2.058208359902e-06 
  4 SNES Function norm 136.479 
    0 KSP Residual norm 9.551360650843e-01 
    1 KSP Residual norm 1.013516161126e-01 
    2 KSP Residual norm 1.514982464951e-02 
    3 KSP Residual norm 8.182997271474e-04 
    4 KSP Residual norm 1.771684860603e-05 
    5 KSP Residual norm 1.397320711040e-06 
  5 SNES Function norm 40.624 
    0 KSP Residual norm 4.323101899809e-01 
    1 KSP Residual norm 3.559284684092e-02 
    2 KSP Residual norm 5.402134160552e-03 
    3 KSP Residual norm 2.570085925988e-04 
    4 KSP Residual norm 5.683996825925e-06 
    5 KSP Residual norm 3.395792698897e-07 
  6 SNES Function norm 12.1062 
    0 KSP Residual norm 2.414100191894e-01 
    1 KSP Residual norm 1.186099454600e-02 
    2 KSP Residual norm 1.555380387685e-03 
    3 KSP Residual norm 4.831212737459e-05 
    4 KSP Residual norm 1.919226182591e-06 
    5 KSP Residual norm 9.510821292307e-08 
  7 SNES Function norm 3.56967 
    0 KSP Residual norm 1.056995786712e-01 
    1 KSP Residual norm 5.397587209412e-03 
    2 KSP Residual norm 4.506670362242e-04 
    3 KSP Residual norm 7.755706325924e-06 
    4 KSP Residual norm 1.358343046784e-06 
    5 KSP Residual norm 5.498296862641e-08 
  8 SNES Function norm 0.948696 
    0 KSP Residual norm 4.474646738364e-02 
    1 KSP Residual norm 1.649625642761e-03 
    2 KSP Residual norm 1.378482888812e-04 
    3 KSP Residual norm 2.578270657563e-06 
    4 KSP Residual norm 1.917128895406e-07 
    5 KSP Residual norm 1.323057488611e-08 
  9 SNES Function norm 0.224801 
    0 KSP Residual norm 7.550230366329e-03 
    1 KSP Residual norm 2.045522460929e-04 
    2 KSP Residual norm 1.057086732637e-05 
    3 KSP Residual norm 6.598829470435e-07 
    4 KSP Residual norm 5.585783257294e-08 
    5 KSP Residual norm 2.991929987994e-09 
    6 KSP Residual norm 1.213149098029e-10 
 10 SNES Function norm 0.0400413 
    0 KSP Residual norm 5.770736762461e-04 
    1 KSP Residual norm 1.351490117335e-05 
    2 KSP Residual norm 7.039207216852e-07 
    3 KSP Residual norm 3.571560791524e-08 
    4 KSP Residual norm 2.373286986362e-09 
    5 KSP Residual norm 2.618997953055e-10 
    6 KSP Residual norm 2.138392877313e-11 
 11 SNES Function norm 0.00166356 
    0 KSP Residual norm 1.519550669138e-05 
    1 KSP Residual norm 4.829611913502e-07 
    2 KSP Residual norm 2.337402308810e-08 
    3 KSP Residual norm 9.279064099733e-10 
    4 KSP Residual norm 9.299714294483e-11 
    5 KSP Residual norm 4.197975922012e-12 
    6 KSP Residual norm 4.987531009543e-13 
    7 KSP Residual norm 1.395288831662e-14 
 12 SNES Function norm 2.78359e-06 
Nonlinear solve converged due to CONVERGED_FNORM_RELATIVE iterations 12
SNES Object: 4 MPI processes
  type: newtonls
  maximum iterations=20, maximum function evaluations=10000
  tolerances: relative=1e-08, absolute=1e-50, solution=1e-08
  total number of linear solver iterations=69
  total number of function evaluations=13
  norm schedule ALWAYS
  SNESLineSearch Object: 4 MPI processes
    type: bt
      interpolation: cubic
      alpha=1.000000e-04
    maxstep=1.000000e+08, minlambda=1.000000e-12
    tolerances: relative=1.000000e-08, absolute=1.000000e-15, lambda=1.000000e-08
    maximum iterations=40
  KSP Object: 4 MPI processes
    type: cg
    maximum iterations=10000, initial guess is zero
    tolerances:  relative=1e-05, absolute=1e-50, divergence=10000.
    left preconditioning
    using PRECONDITIONED norm type for convergence test
  PC Object: 4 MPI processes
    type: bddc
      Use verbose output: 0
      Use user-defined CSR: 0
      Use local mat graph: 1
      Connectivity graph topological dimension: 2
      Use vertices: 1 (vertex size 1)
      Use edges: 1
      Use faces: 0
      Use true near null space: 0
      Use QR for single constraints on cc: 0
      Use change of basis on local edge nodes: 0
      Use change of basis on local face nodes: 0
      User defined change of basis matrix: 0
      Has change of basis matrix: 0
      Eliminate dirichlet boundary dofs: 0
      Switch on static condensation ops around the interface preconditioner: 0
      Use exact dirichlet trick: 1
      Multilevel max levels: 0
      Multilevel coarsening ratio: 8
      Use estimated eigs for coarse problem: 0
      Use deluxe scaling: 0
      Use deluxe zerorows: 0
      Use deluxe singlemat: 0
      Rebuild interface graph for Schur principal minors: 0
      Number of dofs' layers for the computation of principal minors: -1
      Use user CSR graph to compute successive layers: 0
      Adaptive constraint selection threshold (active 0, userdefined 0): 0.
      Min constraints / connected component: 0
      Max constraints / connected component: 0
      Invert exact Schur complement for adaptive selection: 0
      Symmetric computation of primal basis functions: 1
      Num. Procs. to map coarse adjacency list: 0
      Coarse eqs per proc (significant at the coarsest level): 1
      Detect disconnected: 1 (filter 0)
      Benign subspace trick: 0 (change explicit 0)
      Benign subspace trick is active: 0
      Algebraic computation of no-net-flux: 0
    ********************************** STATISTICS AT LEVEL 0 **********************************
      Global dofs sizes: all 1485 interface 92 coarse 20
      Coarsening ratios: all/coarse 74 interface/coarse 4
      Active processes : 4
      Total subdomains : 5
      Dofs type        :	MIN	MAX	MEAN
      Interior  dofs   :	343	361	348
      Interface dofs   :	33	61	46
      Primal    dofs   :	8	15	10
      Local     dofs   :	376	422	395
      Local     subs   :	1	2
    --- Interior solver (rank 0)
      KSP Object: (pc_bddc_dirichlet_) 1 MPI processes
        type: preonly
        maximum iterations=10000, initial guess is zero
        tolerances:  relative=1e-05, absolute=1e-50, divergence=10000.
        left preconditioning
        using NONE norm type for convergence test
      PC Object: (pc_bddc_dirichlet_) 1 MPI processes
        type: lu
          out-of-place factorization
          tolerance for zero pivot 2.22045e-14
          matrix ordering: nd
          factor fill ratio given 5., needed 2.23015
            Factored matrix follows:
              Mat Object: 1 MPI processes
                type: seqaij
                rows=345, cols=345
                package used to perform factorization: petsc
                total: nonzeros=10533, allocated nonzeros=10533
                total number of mallocs used during MatSetValues calls =0
                  not using I-node routines
        linear system matrix = precond matrix:
        Mat Object: (pc_bddc_dirichlet_) 1 MPI processes
          type: seqaij
          rows=345, cols=345
          total: nonzeros=4723, allocated nonzeros=4723
          total number of mallocs used during MatSetValues calls =0
            not using I-node routines
    --- Correction solver (rank 0)
      KSP Object: (pc_bddc_neumann_) 1 MPI processes
        type: preonly
        maximum iterations=10000, initial guess is zero
        tolerances:  relative=1e-05, absolute=1e-50, divergence=10000.
        left preconditioning
        using NONE norm type for convergence test
      PC Object: (pc_bddc_neumann_) 1 MPI processes
        type: lu
          out-of-place factorization
          tolerance for zero pivot 2.22045e-14
          matrix ordering: nd
          factor fill ratio given 5., needed 2.07656
            Factored matrix follows:
              Mat Object: 1 MPI processes
                type: seqaij
                rows=378, cols=378
                package used to perform factorization: petsc
                total: nonzeros=11338, allocated nonzeros=11338
                total number of mallocs used during MatSetValues calls =0
                  not using I-node routines
        linear system matrix = precond matrix:
        Mat Object: (pc_bddc_neumann_) 1 MPI processes
          type: seqaij
          rows=378, cols=378
          total: nonzeros=5460, allocated nonzeros=5460
          total number of mallocs used during MatSetValues calls =0
            not using I-node routines
    --- Coarse solver
      KSP Object: (pc_bddc_coarse_) 4 MPI processes
        type: preonly
        maximum iterations=1, initial guess is zero
        tolerances:  relative=1e-05, absolute=1e-50, divergence=10000.
        left preconditioning
        using NONE norm type for convergence test
      PC Object: (pc_bddc_coarse_) 4 MPI processes
        type: redundant
          First (color=0) of 4 PCs follows
        linear system matrix = precond matrix:
        Mat Object: (pc_bddc_coarse_) 4 MPI processes
          type: mpiaij
          rows=20, cols=20
          total: nonzeros=338, allocated nonzeros=375
          total number of mallocs used during MatSetValues calls =0
            using I-node (on process 0) routines: found 1 nodes, limit used is 5
              KSP Object:     (pc_bddc_coarse_redundant_)     1 MPI processes
                type: preonly
                maximum iterations=10000, initial guess is zero
                tolerances:  relative=1e-05, absolute=1e-50, divergence=10000.
                left preconditioning
                using NONE norm type for convergence test
              PC Object:     (pc_bddc_coarse_redundant_)     1 MPI processes
                type: lu
                  out-of-place factorization
                  tolerance for zero pivot 2.22045e-14
                  matrix ordering: nd
                  factor fill ratio given 5., needed 1.01775
                    Factored matrix follows:
                      Mat Object:     1 MPI processes
                        type: seqaij
                        rows=20, cols=20
                        package used to perform factorization: petsc
                        total: nonzeros=344, allocated nonzeros=344
                        total number of mallocs used during MatSetValues calls =0
                          using I-node routines: found 5 nodes, limit used is 5
                linear system matrix = precond matrix:
                Mat Object:     1 MPI processes
                  type: seqaij
                  rows=20, cols=20
                  total: nonzeros=338, allocated nonzeros=338
                  total number of mallocs used during MatSetValues calls =0
                    using I-node routines: found 7 nodes, limit used is 5
    linear system matrix = precond matrix:
    Mat Object: 4 MPI processes
      type: is
      rows=1485, cols=1485
      total: nonzeros=23046, allocated nonzeros=24772
      total number of mallocs used during MatSetValues calls =0
