Local function:
Vec Object: 1 MPI processes
  type: seq
0.
0.25
1.
0.25
0.5
1.25
1.
1.25
2.
0.125
0.625
0.625
1.125
Initial guess
Vec Object: potential 1 MPI processes
  type: seq
0.
0.25
1.
0.25
0.5
1.25
1.
1.25
2.
0.125
0.625
0.625
1.125
L_2 Error: 0.0421586
Residual:
Vec Object: 1 MPI processes
  type: seq
0.0416667
0.0833333
0.0416667
0.0833333
0.166667
0.0833333
0.0416667
0.0833333
0.0416667
-0.166667
-0.166667
-0.166667
-0.166667
Initial Residual
Vec Object: 1 MPI processes
  type: seq
0.0416667
0.0833333
0.0416667
0.0833333
0.166667
0.0833333
0.0416667
0.0833333
0.0416667
-0.166667
-0.166667
-0.166667
-0.166667
L_2 Residual: 0.416667
Jacobian:
Mat Object: 1 MPI processes
  type: seqaij
row 0: (0, 1.)  (1, 0.)  (3, 0.)  (9, -1.) 
row 1: (0, 0.)  (1, 2.)  (2, 0.)  (4, 0.)  (9, -1.)  (11, -1.) 
row 2: (1, 0.)  (2, 1.)  (5, 0.)  (11, -1.) 
row 3: (0, 0.)  (3, 2.)  (4, 0.)  (6, 0.)  (9, -1.)  (10, -1.) 
row 4: (1, 0.)  (3, 0.)  (4, 4.)  (5, 0.)  (7, 0.)  (9, -1.)  (10, -1.)  (11, -1.)  (12, -1.) 
row 5: (2, 0.)  (4, 0.)  (5, 2.)  (8, 0.)  (11, -1.)  (12, -1.) 
row 6: (3, 0.)  (6, 1.)  (7, 0.)  (10, -1.) 
row 7: (4, 0.)  (6, 0.)  (7, 2.)  (8, 0.)  (10, -1.)  (12, -1.) 
row 8: (5, 0.)  (7, 0.)  (8, 1.)  (12, -1.) 
row 9: (0, -1.)  (1, -1.)  (3, -1.)  (4, -1.)  (9, 4.) 
row 10: (3, -1.)  (4, -1.)  (6, -1.)  (7, -1.)  (10, 4.) 
row 11: (1, -1.)  (2, -1.)  (4, -1.)  (5, -1.)  (11, 4.) 
row 12: (4, -1.)  (5, -1.)  (7, -1.)  (8, -1.)  (12, 4.) 
Residual:
Vec Object: 1 MPI processes
  type: seq
0.166667
0.333333
-0.333333
0.333333
0.666667
-0.666667
-0.333333
-0.666667
-0.833333
0.333333
0.333333
0.333333
0.333333
Au - b = Au + F(0)
Vec Object: 1 MPI processes
  type: seq
0.0416667
0.0833333
0.0416667
0.0833333
0.166667
0.0833333
0.0416667
0.0833333
0.0416667
-0.166667
-0.166667
-0.166667
-0.166667
Linear L_2 Residual: 0.416667
