0 SNES Function norm 95.269 
    1 SNES Function norm 15.7114 
      0 SNES Function norm 5.37754 
      1 SNES Function norm 0.773557 
      2 SNES Function norm 0.0247927 
      3 SNES Function norm 2.7808e-05 
      4 SNES Function norm 3.509e-11 
    1 SNES Function norm 2.24912 
  1 SNES Function norm 2.24912 
    1 SNES Function norm 0.887119 
      0 SNES Function norm 0.802653 
      1 SNES Function norm 0.0357234 
      2 SNES Function norm 7.55308e-05 
      3 SNES Function norm 3.385e-10 
    1 SNES Function norm 0.170508 
  2 SNES Function norm 0.170508 
    1 SNES Function norm 0.0890845 
      0 SNES Function norm 0.098062 
      1 SNES Function norm 0.000557268 
      2 SNES Function norm 1.80544e-08 
      3 SNES Function norm < 1.e-11
    1 SNES Function norm 0.0178882 
  3 SNES Function norm 0.0178882 
    1 SNES Function norm 0.00875372 
      0 SNES Function norm 0.00947068 
      1 SNES Function norm 5.1967e-06 
      2 SNES Function norm < 1.e-11
    1 SNES Function norm 0.00178946 
  4 SNES Function norm 0.00178946 
    1 SNES Function norm 0.000781564 
      0 SNES Function norm 0.000804388 
      1 SNES Function norm 3.74877e-08 
      2 SNES Function norm < 1.e-11
    1 SNES Function norm 0.000161774 
  5 SNES Function norm 0.000161774 
    1 SNES Function norm 6.43519e-05 
      0 SNES Function norm 6.2666e-05 
      1 SNES Function norm 2.275e-10 
      2 SNES Function norm < 1.e-11
    1 SNES Function norm 1.34414e-05 
  6 SNES Function norm 1.34414e-05 
    1 SNES Function norm 4.94113e-06 
      0 SNES Function norm 4.53196e-06 
      1 SNES Function norm < 1.e-11
      2 SNES Function norm < 1.e-11
    1 SNES Function norm 1.03936e-06 
  7 SNES Function norm 1.03936e-06 
    1 SNES Function norm 3.55612e-07 
      0 SNES Function norm 3.04104e-07 
      1 SNES Function norm < 1.e-11
      2 SNES Function norm < 1.e-11
    1 SNES Function norm 7.52434e-08 
  8 SNES Function norm 7.52434e-08 
Nonlinear solve converged due to CONVERGED_FNORM_RELATIVE iterations 8
SNES Object: 1 MPI processes
  type: fas
  FAS: type is MULTIPLICATIVE, levels=2, cycles=1
      Not using Galerkin computed coarse grid function evaluation
  Coarse grid solver -- level 0 -------------------------------
    SNES Object:    (fas_coarse_)     1 MPI processes
      type: newtonls
      maximum iterations=50, maximum function evaluations=10000
      tolerances: relative=1e-08, absolute=1e-50, solution=1e-08
      total number of linear solver iterations=2
      total number of function evaluations=2
      SNESLineSearch Object:      (fas_coarse_)       1 MPI processes
        type: basic
        maxstep=1.000000e+08, minlambda=1.000000e-12
        tolerances: relative=1.000000e-08, absolute=1.000000e-15, lambda=1.000000e-08
        maximum iterations=40
      KSP Object:      (fas_coarse_)       1 MPI processes
        type: gmres
          GMRES: restart=30, using Classical (unmodified) Gram-Schmidt Orthogonalization with no iterative refinement
          GMRES: happy breakdown tolerance 1e-30
        maximum iterations=10000, initial guess is zero
        tolerances:  relative=1e-10, absolute=1e-50, divergence=10000
        left preconditioning
        using PRECONDITIONED norm type for convergence test
      PC Object:      (fas_coarse_)       1 MPI processes
        type: svd
        linear system matrix = precond matrix:
        Mat Object:         1 MPI processes
          type: seqaij
          rows=1, cols=1
          total: nonzeros=1, allocated nonzeros=1
          total number of mallocs used during MatSetValues calls =0
            not using I-node routines
  Down solver (pre-smoother) on level 1 -------------------------------
    SNES Object:    (fas_levels_1_)     1 MPI processes
      type: ngs
      maximum iterations=1, maximum function evaluations=30000
      tolerances: relative=0, absolute=0, solution=0
      total number of linear solver iterations=0
      total number of function evaluations=1
      norm schedule FINALONLY
      SNESLineSearch Object:      (fas_levels_1_)       1 MPI processes
        type: basic
        maxstep=1.000000e+08, minlambda=1.000000e-12
        tolerances: relative=1.000000e-08, absolute=1.000000e-15, lambda=1.000000e-08
        maximum iterations=1
  Up solver (post-smoother) same as down solver (pre-smoother)
  maximum iterations=10000, maximum function evaluations=30000
  tolerances: relative=1e-08, absolute=1e-50, solution=1e-08
  total number of linear solver iterations=0
  total number of function evaluations=1
  norm schedule ALWAYS
  SNESLineSearch Object:   1 MPI processes
    type: basic
    maxstep=1.000000e+08, minlambda=1.000000e-12
    tolerances: relative=1.000000e-08, absolute=1.000000e-15, lambda=1.000000e-08
    maximum iterations=1
Number of SNES iterations = 8
L_2 Error: 0.0252141
WARNING! There are options you set that were not used!
WARNING! could be spelling mistake, etc!
Option left: name:-dm_refinement_limit value: 0.03125