Local function:
Vec Object: 1 MPI processes
  type: seq
0.
0.666667
0.666667
1.33333
0.666667
1.33333
1.33333
2.
0.5
0.333333
1.5
1.
0.166667
0.833333
0.333333
1.5
0.833333
0.166667
1.
0.166667
0.833333
1.
0.833333
0.333333
1.5
0.833333
0.833333
1.125
0.125
0.0833333
0.75
1.375
1.70833
1.41667
0.75
0.375
0.0416667
1.04167
0.708333
0.75
0.0833333
1.70833
1.375
1.04167
0.708333
0.375
0.0416667
1.41667
0.75
0.375
0.0416667
1.04167
0.708333
0.75
1.41667
0.708333
1.04167
0.75
0.0833333
1.70833
1.375
1.04167
0.708333
1.04167
0.708333
0.375
0.791667
0.916667
0.458333
0.25
0.708333
1.08333
0.875
1.20833
0.208333
0.416667
0.541667
0.375
0.916667
0.791667
0.416667
0.208333
0.541667
1.20833
0.875
1.08333
0.25
0.458333
0.708333
0.208333
0.541667
0.416667
0.708333
0.25
0.458333
1.08333
1.20833
0.875
0.541667
0.208333
0.416667
1.20833
1.08333
0.875
0.375
0.916667
0.791667
0.416667
0.208333
0.541667
1.20833
0.875
1.08333
0.875
1.20833
1.08333
0.208333
0.416667
0.541667
0.583333
0.583333
0.583333
0.583333
0.583333
0.583333
Initial guess
Vec Object: potential 1 MPI processes
  type: seq
0.5
1.125
0.125
0.375
0.791667
0.916667
0.458333
0.25
0.708333
0.375
0.916667
0.791667
0.25
0.458333
0.708333
0.708333
0.25
0.458333
0.375
0.916667
0.791667
0.583333
0.583333
0.583333
0.583333
0.583333
0.583333
L_2 Error: < 1.0e-11
Residual:
Vec Object: 1 MPI processes
  type: seq
0.
0.
0.
0.
0.
0.
0.
0.
0.
0.
0.
0.
0.
0.
0.
0.
0.
0.
0.
0.
0.
0.
0.
0.
0.
0.
0.
0.
0.
0.
0.
0.
0.
0.
0.
0.
0.
0.
0.
0.
0.
0.
0.
0.
0.
0.
0.
0.
0.
0.
0.
0.
0.
0.
0.
0.
0.
0.
0.
0.
0.
0.
0.
0.
0.
0.
0.
0.
0.
0.
0.
0.
0.
0.
0.
0.
0.
0.
0.
0.
0.
0.
0.
0.
0.
0.
0.
0.
0.
0.
0.
0.
0.
0.
0.
0.
0.
0.
0.
0.
0.
0.
0.
0.
0.
0.
0.
0.
0.
0.
0.
0.
0.
0.
0.
0.
0.
0.
0.
0.
0.
0.
0.
0.
0.
Initial Residual
Vec Object: 1 MPI processes
  type: seq
0.
0.
0.
0.
0.
0.
0.
0.
0.
0.
0.
0.
0.
0.
0.
0.
0.
0.
0.
0.
0.
0.
0.
0.
0.
0.
0.
L_2 Residual: 0.
Jacobian:
Mat Object: 1 MPI processes
  type: seqaij
row 0: (0, 2.)  (1, -0.1)  (2, -0.1)  (3, -0.366667)  (4, 0.0666667)  (5, -0.3)  (6, 0.0666667)  (7, -0.166667)  (8, -0.5)  (9, -0.5)  (10, -0.166667)  (11, 0.0666667)  (12, -0.233333)  (13, 0.0333333)  (14, -0.333333)  (15, -0.366667)  (16, -0.3)  (17, 0.0666667)  (18, -0.333333)  (19, -0.233333)  (20, 0.0333333)  (21, 0.)  (22, 0.0666667)  (23, 0.0666667)  (24, 0.)  (25, 0.0666667)  (26, 0.0666667) 
row 1: (0, -0.1)  (1, 1.6)  (5, -0.133333)  (8, 0.)  (10, -0.133333)  (14, 0.)  (15, 0.)  (19, -0.133333) 
row 2: (0, -0.1)  (2, 1.6)  (3, 0.)  (7, -0.133333)  (9, 0.)  (12, -0.133333)  (16, -0.133333)  (18, 0.) 
row 3: (0, -0.366667)  (2, 0.)  (3, 2.)  (4, 0.)  (5, 0.)  (7, -0.266667)  (16, -0.333333)  (21, -0.333333)  (23, -0.333333) 
row 4: (0, 0.0666667)  (3, 0.)  (4, 2.)  (5, -0.266667)  (16, -0.133333)  (21, -0.4)  (23, -0.4) 
row 5: (0, -0.3)  (1, -0.133333)  (3, 0.)  (4, -0.266667)  (5, 2.)  (8, -0.266667)  (15, -0.333333)  (16, 0.266667)  (17, -0.133333)  (21, 0.0666667)  (23, -0.0666667) 
row 6: (0, 0.0666667)  (6, 1.73333)  (7, -0.266667)  (8, 0.)  (18, -0.133333)  (21, -0.4)  (25, -0.133333) 
row 7: (0, -0.166667)  (2, -0.133333)  (3, -0.266667)  (6, -0.266667)  (7, 1.73333)  (8, 0.133333)  (18, -0.2)  (21, 0.0666667)  (25, -0.2) 
row 8: (0, -0.5)  (1, 0.)  (5, -0.266667)  (6, 0.)  (7, 0.133333)  (8, 2.)  (18, 0.)  (19, -0.2)  (20, -0.133333)  (21, -0.333333)  (25, -0.2) 
row 9: (0, -0.5)  (2, 0.)  (9, 2.)  (10, 0.133333)  (11, 0.)  (12, -0.2)  (13, -0.133333)  (14, 0.)  (16, -0.266667)  (22, -0.2)  (24, -0.333333) 
row 10: (0, -0.166667)  (1, -0.133333)  (9, 0.133333)  (10, 1.73333)  (11, -0.266667)  (14, -0.2)  (15, -0.266667)  (22, -0.2)  (24, 0.0666667) 
row 11: (0, 0.0666667)  (9, 0.)  (10, -0.266667)  (11, 1.73333)  (14, -0.133333)  (22, -0.133333)  (24, -0.4) 
row 12: (0, -0.233333)  (2, -0.133333)  (9, -0.2)  (12, 1.86667)  (13, -0.133333)  (14, 0.)  (18, -0.333333)  (19, 0.266667)  (20, -0.133333)  (22, -0.2)  (26, -0.0666667) 
row 13: (0, 0.0333333)  (9, -0.133333)  (12, -0.133333)  (13, 1.86667)  (14, 0.)  (19, -0.133333)  (22, -0.133333)  (26, -0.4) 
row 14: (0, -0.333333)  (1, 0.)  (9, 0.)  (10, -0.2)  (11, -0.133333)  (12, 0.)  (13, 0.)  (14, 1.86667)  (19, -0.333333)  (22, -0.2)  (26, -0.333333) 
row 15: (0, -0.366667)  (1, 0.)  (5, -0.333333)  (10, -0.266667)  (15, 2.)  (16, 0.)  (17, 0.)  (23, -0.333333)  (24, -0.333333) 
row 16: (0, -0.3)  (2, -0.133333)  (3, -0.333333)  (4, -0.133333)  (5, 0.266667)  (9, -0.266667)  (15, 0.)  (16, 2.)  (17, -0.266667)  (23, -0.0666667)  (24, 0.0666667) 
row 17: (0, 0.0666667)  (5, -0.133333)  (15, 0.)  (16, -0.266667)  (17, 2.)  (23, -0.4)  (24, -0.4) 
row 18: (0, -0.333333)  (2, 0.)  (6, -0.133333)  (7, -0.2)  (8, 0.)  (12, -0.333333)  (18, 1.86667)  (19, 0.)  (20, 0.)  (25, -0.2)  (26, -0.333333) 
row 19: (0, -0.233333)  (1, -0.133333)  (8, -0.2)  (12, 0.266667)  (13, -0.133333)  (14, -0.333333)  (18, 0.)  (19, 1.86667)  (20, -0.133333)  (25, -0.2)  (26, -0.0666667) 
row 20: (0, 0.0333333)  (8, -0.133333)  (12, -0.133333)  (18, 0.)  (19, -0.133333)  (20, 1.86667)  (25, -0.133333)  (26, -0.4) 
row 21: (0, 0.)  (3, -0.333333)  (4, -0.4)  (5, 0.0666667)  (6, -0.4)  (7, 0.0666667)  (8, -0.333333)  (21, 1.86667) 
row 22: (0, 0.0666667)  (9, -0.2)  (10, -0.2)  (11, -0.133333)  (12, -0.2)  (13, -0.133333)  (14, -0.2)  (22, 1.6) 
row 23: (0, 0.0666667)  (3, -0.333333)  (4, -0.4)  (5, -0.0666667)  (15, -0.333333)  (16, -0.0666667)  (17, -0.4)  (23, 2.13333) 
row 24: (0, 0.)  (9, -0.333333)  (10, 0.0666667)  (11, -0.4)  (15, -0.333333)  (16, 0.0666667)  (17, -0.4)  (24, 1.86667) 
row 25: (0, 0.0666667)  (6, -0.133333)  (7, -0.2)  (8, -0.2)  (18, -0.2)  (19, -0.2)  (20, -0.133333)  (25, 1.6) 
row 26: (0, 0.0666667)  (12, -0.0666667)  (13, -0.4)  (14, -0.333333)  (18, -0.333333)  (19, -0.0666667)  (20, -0.4)  (26, 2.13333) 
Residual:
Vec Object: 1 MPI processes
  type: seq
0.
0.
0.
0.
0.
0.
0.
0.
0.877778
0.
0.
0.
0.
0.
0.
0.
0.
0.
0.
0.
0.
0.
0.
0.
0.
0.
0.
-1.38333
-0.05
0.
0.
0.
0.
0.
0.
0.
0.
0.
0.
0.
0.
0.
0.
0.
0.
0.
0.
0.
0.
0.
0.
0.
0.
0.
0.
0.
0.
0.
0.
0.
0.
0.
0.
0.
0.
-0.0277778
-0.872222
-0.902778
-0.4
-0.0527778
-0.355556
0.
0.
0.
0.
0.
0.
-0.133333
-0.786111
-0.755556
0.
0.
0.
0.
0.
0.
-0.0555556
-0.355556
-0.25
0.
0.
0.
-0.294444
-0.125
-0.294444
0.
0.
0.
0.
0.
0.
0.
0.
0.
-0.0277778
-0.811111
-0.933333
0.
0.
0.
0.
0.
0.
0.
0.
0.
0.
0.
0.
-0.305556
-0.35
-0.338889
-0.305556
-0.35
-0.338889
Au - b = Au + F(0)
Vec Object: 1 MPI processes
  type: seq
0.
0.
0.
0.
0.
0.
0.
0.
0.
0.
0.
0.
0.
0.
0.
0.
0.
0.
0.
0.
0.
0.
0.
0.
0.
0.
0.
Linear L_2 Residual: 0.
