  0 SNES Function norm 12426.8 
    0 KSP Residual norm 2.723261650222e+01 
    1 KSP Residual norm 1.064601982102e+01 
    2 KSP Residual norm 2.090634534404e+01 
    3 KSP Residual norm 8.411235450850e+00 
    4 KSP Residual norm 5.044600141478e-01 
    5 KSP Residual norm 3.118598670704e-01 
    6 KSP Residual norm 2.040239538505e-02 
    7 KSP Residual norm 3.242370084626e-03 
    8 KSP Residual norm 1.861309071216e-04 
  1 SNES Function norm 3683.25 
    0 KSP Residual norm 6.475820075549e+00 
    1 KSP Residual norm 4.460074220374e+00 
    2 KSP Residual norm 1.013458834496e+00 
    3 KSP Residual norm 3.091509456358e-01 
    4 KSP Residual norm 2.345696377821e-02 
    5 KSP Residual norm 4.484519549107e-03 
    6 KSP Residual norm 2.233298867798e-03 
    7 KSP Residual norm 2.775398226215e-04 
    8 KSP Residual norm 3.123342346211e-05 
    9 KSP Residual norm 4.021688961204e-06 
  2 SNES Function norm 1092.91 
    0 KSP Residual norm 4.154564022734e+00 
    1 KSP Residual norm 5.664605980992e-01 
    2 KSP Residual norm 9.713703155028e-02 
    3 KSP Residual norm 9.291831581887e-03 
    4 KSP Residual norm 1.587954272084e-03 
    5 KSP Residual norm 7.065604393504e-05 
    6 KSP Residual norm 8.867486882735e-06 
  3 SNES Function norm 324.246 
    0 KSP Residual norm 2.787973989004e+00 
    1 KSP Residual norm 2.157845314747e-01 
    2 KSP Residual norm 3.207449991619e-02 
    3 KSP Residual norm 1.123750588442e-03 
    4 KSP Residual norm 1.699707784074e-04 
    5 KSP Residual norm 1.234334695282e-05 
    6 KSP Residual norm 2.148112923201e-06 
  4 SNES Function norm 96.3443 
    0 KSP Residual norm 1.137759091285e+00 
    1 KSP Residual norm 1.340859252930e-01 
    2 KSP Residual norm 8.455200990717e-03 
    3 KSP Residual norm 5.890380591462e-04 
    4 KSP Residual norm 8.505145648967e-05 
    5 KSP Residual norm 6.698657652648e-06 
    6 KSP Residual norm 1.490147923648e-07 
  5 SNES Function norm 28.674 
    0 KSP Residual norm 5.032803151966e-01 
    1 KSP Residual norm 3.866481930841e-02 
    2 KSP Residual norm 2.693545380860e-03 
    3 KSP Residual norm 2.037485599148e-04 
    4 KSP Residual norm 4.589610841911e-05 
    5 KSP Residual norm 2.033385199471e-06 
    6 KSP Residual norm 1.965245727890e-07 
  6 SNES Function norm 8.47365 
    0 KSP Residual norm 3.804066356961e-01 
    1 KSP Residual norm 1.470816725316e-02 
    2 KSP Residual norm 2.010163972415e-03 
    3 KSP Residual norm 1.749950764211e-04 
    4 KSP Residual norm 2.231805018514e-05 
    5 KSP Residual norm 4.516606398513e-06 
    6 KSP Residual norm 1.237236537728e-07 
  7 SNES Function norm 2.48846 
    0 KSP Residual norm 1.302058002646e-01 
    1 KSP Residual norm 4.415404993553e-03 
    2 KSP Residual norm 6.360652384920e-04 
    3 KSP Residual norm 4.611487940732e-05 
    4 KSP Residual norm 7.563584693747e-06 
    5 KSP Residual norm 1.161117804322e-06 
    6 KSP Residual norm 4.307673806029e-08 
  8 SNES Function norm 0.703477 
    0 KSP Residual norm 3.464447380719e-02 
    1 KSP Residual norm 8.894825226266e-04 
    2 KSP Residual norm 1.103488016523e-04 
    3 KSP Residual norm 1.371814576694e-05 
    4 KSP Residual norm 1.052780412853e-06 
    5 KSP Residual norm 3.316385193297e-07 
    6 KSP Residual norm 2.700678015980e-08 
  9 SNES Function norm 0.185216 
    0 KSP Residual norm 4.701277463828e-03 
    1 KSP Residual norm 1.453947696028e-04 
    2 KSP Residual norm 2.951773592824e-05 
    3 KSP Residual norm 1.973675468649e-06 
    4 KSP Residual norm 2.501994957251e-07 
    5 KSP Residual norm 5.509291289828e-08 
    6 KSP Residual norm 4.162601712539e-09 
    7 KSP Residual norm 1.058176414466e-10 
 10 SNES Function norm 0.0310499 
    0 KSP Residual norm 3.810788990247e-04 
    1 KSP Residual norm 9.649788581031e-06 
    2 KSP Residual norm 1.233577436067e-06 
    3 KSP Residual norm 1.133393612850e-07 
    4 KSP Residual norm 1.166756291196e-08 
    5 KSP Residual norm 3.367171929496e-09 
    6 KSP Residual norm 1.607810054398e-10 
    7 KSP Residual norm 7.235387288316e-12 
 11 SNES Function norm 0.0011514 
    0 KSP Residual norm 7.374911592771e-06 
    1 KSP Residual norm 1.672916715145e-07 
    2 KSP Residual norm 2.210809337226e-08 
    3 KSP Residual norm 1.328894515269e-09 
    4 KSP Residual norm 2.966682090222e-10 
    5 KSP Residual norm 1.855242123098e-11 
    6 KSP Residual norm 2.167050656725e-12 
    7 KSP Residual norm 1.467295070638e-13 
    8 KSP Residual norm 9.572491243800e-15 
 12 SNES Function norm 1.35532e-06 
Nonlinear solve converged due to CONVERGED_FNORM_RELATIVE iterations 12
SNES Object: 4 MPI processes
  type: newtonls
  maximum iterations=20, maximum function evaluations=10000
  tolerances: relative=1e-08, absolute=1e-50, solution=1e-08
  total number of linear solver iterations=81
  total number of function evaluations=13
  norm schedule ALWAYS
  SNESLineSearch Object: 4 MPI processes
    type: bt
      interpolation: cubic
      alpha=1.000000e-04
    maxstep=1.000000e+08, minlambda=1.000000e-12
    tolerances: relative=1.000000e-08, absolute=1.000000e-15, lambda=1.000000e-08
    maximum iterations=40
  KSP Object: 4 MPI processes
    type: cg
    maximum iterations=10000, initial guess is zero
    tolerances:  relative=1e-05, absolute=1e-50, divergence=10000.
    left preconditioning
    using PRECONDITIONED norm type for convergence test
  PC Object: 4 MPI processes
    type: bddc
      Use verbose output: 0
      Use user-defined CSR: 0
      Use local mat graph: 1
      Connectivity graph topological dimension: 2
      Use vertices: 1 (vertex size 1)
      Use edges: 1
      Use faces: 0
      Use true near null space: 0
      Use QR for single constraints on cc: 0
      Use change of basis on local edge nodes: 0
      Use change of basis on local face nodes: 0
      User defined change of basis matrix: 0
      Has change of basis matrix: 0
      Eliminate dirichlet boundary dofs: 0
      Switch on static condensation ops around the interface preconditioner: 0
      Use exact dirichlet trick: 1
      Multilevel max levels: 0
      Multilevel coarsening ratio: 8
      Use estimated eigs for coarse problem: 0
      Use deluxe scaling: 0
      Use deluxe zerorows: 0
      Use deluxe singlemat: 0
      Rebuild interface graph for Schur principal minors: 0
      Number of dofs' layers for the computation of principal minors: -1
      Use user CSR graph to compute successive layers: 0
      Adaptive constraint selection threshold (active 0, userdefined 0): 0.
      Min constraints / connected component: 0
      Max constraints / connected component: 0
      Invert exact Schur complement for adaptive selection: 0
      Symmetric computation of primal basis functions: 1
      Num. Procs. to map coarse adjacency list: 0
      Coarse eqs per proc (significant at the coarsest level): 1
      Detect disconnected: 0
      Benign subspace trick: 0 (change explicit 0)
      Benign subspace trick is active: 0
      Algebraic computation of no-net-flux 0
      ********************************** STATISTICS AT LEVEL 0 **********************************
      Global dofs sizes: all 1507 interface 86 coarse 6
      Coarsening ratios: all/coarse 251 interface/coarse 14
      Active processes : 4
      Total subdomains : 4
      Dofs type        :	MIN	MAX	MEAN
      Interior  dofs   :	342	361	355
      Interface dofs   :	31	56	43
      Primal    dofs   :	3	4	3
      Local     dofs   :	384	415	398
      Local     subs   :	1	1
      ********************************** COARSE PROBLEM DETAILS *********************************
    KSP Object: (pc_bddc_coarse_) 4 MPI processes
      type: preonly
      maximum iterations=1, initial guess is zero
      tolerances:  relative=1e-05, absolute=1e-50, divergence=10000.
      left preconditioning
      using NONE norm type for convergence test
    PC Object: (pc_bddc_coarse_) 4 MPI processes
      type: redundant
        First (color=0) of 4 PCs follows
      linear system matrix = precond matrix:
      Mat Object: 4 MPI processes
        type: mpiaij
        rows=6, cols=6
        total: nonzeros=32, allocated nonzeros=35
        total number of mallocs used during MatSetValues calls =0
          using I-node (on process 0) routines: found 1 nodes, limit used is 5
            KSP Object:     (pc_bddc_coarse_redundant_)     1 MPI processes
              type: preonly
              maximum iterations=10000, initial guess is zero
              tolerances:  relative=1e-05, absolute=1e-50, divergence=10000.
              left preconditioning
              using NONE norm type for convergence test
            PC Object:     (pc_bddc_coarse_redundant_)     1 MPI processes
              type: lu
                out-of-place factorization
                Reusing fill from past factorization
                tolerance for zero pivot 2.22045e-14
                matrix ordering: nd
                factor fill ratio given 5., needed 1.0625
                  Factored matrix follows:
                    Mat Object:     1 MPI processes
                      type: seqaij
                      rows=6, cols=6
                      package used to perform factorization: petsc
                      total: nonzeros=34, allocated nonzeros=34
                      total number of mallocs used during MatSetValues calls =0
                        using I-node routines: found 3 nodes, limit used is 5
              linear system matrix = precond matrix:
              Mat Object:     1 MPI processes
                type: seqaij
                rows=6, cols=6
                total: nonzeros=32, allocated nonzeros=32
                total number of mallocs used during MatSetValues calls =0
                  not using I-node routines
    linear system matrix = precond matrix:
    Mat Object: 4 MPI processes
      type: is
      rows=1507, cols=1507
      total: nonzeros=23377, allocated nonzeros=25021
      total number of mallocs used during MatSetValues calls =0
