Local function:
Vec Object: 1 MPI processes
  type: seq
0.
0.666667
0.666667
1.33333
0.666667
1.33333
1.33333
2.
0.833333
0.833333
1.5
1.5
0.166667
0.166667
0.833333
0.833333
0.166667
0.833333
0.833333
1.5
0.333333
1.
1.
0.333333
0.333333
1.
0.5
1.41667
1.70833
1.20833
0.708333
1.125
0.916667
1.41667
1.70833
1.20833
0.708333
0.916667
1.08333
1.04167
0.875
0.708333
0.791667
0.583333
0.541667
0.708333
0.416667
0.375
0.583333
0.458333
0.875
1.04167
1.08333
0.791667
0.416667
0.708333
0.541667
0.375
0.75
1.41667
1.70833
1.20833
0.916667
1.20833
1.20833
1.375
1.20833
1.08333
0.75
0.75
1.04167
0.541667
0.583333
0.875
0.708333
0.416667
0.458333
0.75
0.875
0.708333
0.583333
0.416667
0.541667
0.375
1.04167
0.75
0.791667
1.08333
0.375
0.208333
0.25
0.208333
1.375
1.08333
1.375
1.08333
0.208333
0.375
0.25
0.208333
0.541667
1.04167
0.583333
0.875
0.0833333
0.0416667
0.125
0.0833333
0.208333
0.0416667
0.25
0.0833333
0.208333
0.375
0.416667
0.458333
0.416667
1.04167
0.541667
0.583333
0.875
0.0416667
0.708333
0.75
0.708333
Initial guess
Vec Object: potential 1 MPI processes
  type: seq
0.5
0.708333
1.125
0.916667
0.708333
0.916667
0.708333
0.791667
0.583333
0.375
0.583333
0.458333
0.791667
0.375
0.916667
0.583333
0.458333
0.583333
0.375
0.791667
0.25
0.25
0.583333
0.125
0.25
0.458333
0.583333
L_2 Error: < 1.0e-11
Residual:
Vec Object: 1 MPI processes
  type: seq
0.
0.
0.
0.
0.
0.
0.
0.
0.
0.
0.
0.
0.
0.
0.
0.
0.
0.
0.
0.
0.
0.
0.
0.
0.
0.
-0.0333333
0.
0.
0.
0.0296296
0.025
0.0175926
0.
0.
0.
0.0222222
0.0143519
0.
0.
0.
0.0296296
0.0166667
0.0111111
0.
0.
0.
0.0222222
0.0143519
0.0166667
0.
0.
0.
0.025
0.
0.
0.
0.0148148
0.
0.
0.
0.
0.0143519
0.
0.
0.
0.
0.
0.
0.
0.
0.
0.00787037
0.
0.
0.
0.00833333
0.
0.
0.
0.00787037
0.
0.
0.0148148
0.
0.
0.0166667
0.
0.
0.
0.00462963
0.
0.
0.
0.
0.
0.
0.
0.00787037
0.
0.
0.
0.0143519
0.
0.
0.
0.00833333
0.
0.
0.
0.00787037
0.
0.
0.
0.
0.0166667
0.
0.
0.
0.0111111
0.
0.
0.
0.
0.
Initial Residual
Vec Object: 1 MPI processes
  type: seq
-0.0333333
0.0296296
0.025
0.0175926
0.0222222
0.0143519
0.0296296
0.0166667
0.0111111
0.0222222
0.0143519
0.0166667
0.025
0.0148148
0.0143519
0.00787037
0.00833333
0.00787037
0.0148148
0.0166667
0.00462963
0.00787037
0.0143519
0.00833333
0.00787037
0.0166667
0.0111111
L_2 Residual: 0.0918862
Jacobian:
Mat Object: 1 MPI processes
  type: seqaij
row 0: (0, 2.4)  (1, -0.688889)  (2, -0.2)  (3, -0.144444)  (4, -0.533333)  (5, -0.105556)  (6, -0.688889)  (7, -0.1)  (8, -0.0666667)  (9, -0.533333)  (10, -0.105556)  (11, -0.1)  (12, -0.2)  (13, -0.377778)  (14, -0.105556)  (15, -0.0277778)  (16, 0.)  (17, -0.0277778)  (18, -0.377778)  (19, -0.1)  (20, 0.0111111)  (21, -0.0277778)  (22, -0.105556)  (23, 0.)  (24, -0.0277778)  (25, -0.1)  (26, -0.0666667) 
row 1: (0, -0.688889)  (1, 2.75556)  (2, 0.0111111)  (3, -0.366667)  (5, -0.322222)  (12, 0.0111111)  (19, 0.0111111)  (22, -0.322222)  (25, 0.0111111)  (26, -0.277778) 
row 2: (0, -0.2)  (1, 0.0111111)  (2, 2.4)  (3, -0.144444)  (4, 0.)  (5, -0.138889)  (6, 0.0111111)  (14, -0.138889) 
row 3: (0, -0.144444)  (1, -0.366667)  (2, -0.144444)  (3, 2.44444)  (6, -0.366667)  (12, -0.144444) 
row 4: (0, -0.533333)  (2, 0.)  (4, 2.13333)  (5, -0.311111)  (7, 0.)  (14, -0.311111)  (15, -0.222222)  (16, 0.)  (17, -0.222222)  (19, 0.) 
row 5: (0, -0.105556)  (1, -0.322222)  (2, -0.138889)  (4, -0.311111)  (5, 2.02222)  (19, -0.138889) 
row 6: (0, -0.688889)  (2, 0.0111111)  (3, -0.366667)  (6, 2.75556)  (7, 0.0111111)  (8, -0.277778)  (10, -0.322222)  (11, 0.0111111)  (12, 0.0111111)  (14, -0.322222) 
row 7: (0, -0.1)  (4, 0.)  (6, 0.0111111)  (7, 1.6)  (8, -0.133333)  (13, -0.0111111)  (14, -0.138889)  (15, -0.127778) 
row 8: (0, -0.0666667)  (6, -0.277778)  (7, -0.133333)  (8, 1.6)  (11, -0.133333)  (13, -0.255556) 
row 9: (0, -0.533333)  (9, 2.13333)  (10, -0.311111)  (11, 0.)  (12, 0.)  (21, -0.222222)  (22, -0.311111)  (23, 0.)  (24, -0.222222)  (25, 0.) 
row 10: (0, -0.105556)  (6, -0.322222)  (9, -0.311111)  (10, 2.02222)  (11, -0.138889)  (12, -0.138889) 
row 11: (0, -0.1)  (6, 0.0111111)  (8, -0.133333)  (9, 0.)  (10, -0.138889)  (11, 1.6)  (13, -0.0111111)  (21, -0.127778) 
row 12: (0, -0.2)  (1, 0.0111111)  (3, -0.144444)  (6, 0.0111111)  (9, 0.)  (10, -0.138889)  (12, 2.4)  (22, -0.138889) 
row 13: (0, -0.377778)  (7, -0.0111111)  (8, -0.255556)  (11, -0.0111111)  (13, 1.51111)  (15, -0.211111)  (16, -0.0111111)  (20, -0.166667)  (21, -0.211111)  (23, -0.0111111) 
row 14: (0, -0.105556)  (2, -0.138889)  (4, -0.311111)  (6, -0.322222)  (7, -0.138889)  (14, 2.02222) 
row 15: (0, -0.0277778)  (4, -0.222222)  (7, -0.127778)  (13, -0.211111)  (15, 1.17778)  (16, -0.127778) 
row 16: (0, 0.)  (4, 0.)  (13, -0.0111111)  (15, -0.127778)  (16, 0.8)  (17, -0.127778)  (18, -0.0111111)  (20, -0.122222) 
row 17: (0, -0.0277778)  (4, -0.222222)  (16, -0.127778)  (17, 1.17778)  (18, -0.211111)  (19, -0.127778) 
row 18: (0, -0.377778)  (16, -0.0111111)  (17, -0.211111)  (18, 1.51111)  (19, -0.0111111)  (20, -0.166667)  (23, -0.0111111)  (24, -0.211111)  (25, -0.0111111)  (26, -0.255556) 
row 19: (0, -0.1)  (1, 0.0111111)  (4, 0.)  (5, -0.138889)  (17, -0.127778)  (18, -0.0111111)  (19, 1.6)  (26, -0.133333) 
row 20: (0, 0.0111111)  (13, -0.166667)  (16, -0.122222)  (18, -0.166667)  (20, 0.755556)  (23, -0.122222) 
row 21: (0, -0.0277778)  (9, -0.222222)  (11, -0.127778)  (13, -0.211111)  (21, 1.17778)  (23, -0.127778) 
row 22: (0, -0.105556)  (1, -0.322222)  (9, -0.311111)  (12, -0.138889)  (22, 2.02222)  (25, -0.138889) 
row 23: (0, 0.)  (9, 0.)  (13, -0.0111111)  (18, -0.0111111)  (20, -0.122222)  (21, -0.127778)  (23, 0.8)  (24, -0.127778) 
row 24: (0, -0.0277778)  (9, -0.222222)  (18, -0.211111)  (23, -0.127778)  (24, 1.17778)  (25, -0.127778) 
row 25: (0, -0.1)  (1, 0.0111111)  (9, 0.)  (18, -0.0111111)  (22, -0.138889)  (24, -0.127778)  (25, 1.6)  (26, -0.133333) 
row 26: (0, -0.0666667)  (1, -0.277778)  (18, -0.255556)  (19, -0.133333)  (25, -0.133333)  (26, 1.6) 
Residual:
Vec Object: 1 MPI processes
  type: seq
0.
0.
0.
0.
0.
0.
0.
0.
0.
0.
0.
0.
0.
0.
0.
0.
0.
0.
0.
0.
0.
0.
0.
0.
0.
0.
1.80741
0.
0.
0.
-0.631481
-2.2037
-1.35463
0.
0.
0.
-0.392593
-1.07176
0.
0.
0.
-0.631481
-0.924074
-0.42963
0.
0.
0.
-0.037037
-0.593981
-0.47963
0.
0.
0.
-1.4963
0.
0.
0.
0.0240741
0.
0.
0.
0.
-1.07176
0.
0.
0.
0.
0.
0.
0.
0.
0.
-0.268981
0.
0.
0.
-0.17037
0.
0.
0.
-0.268981
0.
0.
0.0240741
0.
0.
-0.924074
0.
0.
0.
0.00648148
0.
0.
0.
0.
0.
0.
0.
-0.0356481
0.
0.
0.
-0.593981
0.
0.
0.
0.0111111
0.
0.
0.
-0.0356481
0.
0.
0.
0.
-0.47963
0.
0.
0.
-0.42963
0.
0.
0.
0.
0.
Au - b = Au + F(0)
Vec Object: 1 MPI processes
  type: seq
-0.0333333
0.0296296
0.025
0.0175926
0.0222222
0.0143519
0.0296296
0.0166667
0.0111111
0.0222222
0.0143519
0.0166667
0.025
0.0148148
0.0143519
0.00787037
0.00833333
0.00787037
0.0148148
0.0166667
0.00462963
0.00787037
0.0143519
0.00833333
0.00787037
0.0166667
0.0111111
Linear L_2 Residual: 0.0918862
