Local function:
Vec Object: 1 MPI processes
  type: seq
0.
0.25
1.
0.25
0.5
1.25
1.
1.25
2.
0.0625
0.125
0.0625
0.625
0.5625
0.3125
0.3125
0.625
1.0625
0.8125
0.5625
1.125
1.5625
1.5625
0.8125
1.0625
Initial guess
Vec Object: potential 1 MPI processes
  type: seq
0.5
0.125
0.625
0.3125
0.3125
0.625
0.8125
1.125
0.8125
L_2 Error: 0.021072
Residual:
Vec Object: 1 MPI processes
  type: seq
0.
0.
0.
0.
0.
0.
0.
0.
0.
0.
0.
0.
0.
0.
0.
0.
0.
0.
0.
0.
0.
0.
0.
0.
0.
Initial Residual
Vec Object: 1 MPI processes
  type: seq
0.
0.
0.
0.
0.
0.
0.
0.
0.
L_2 Residual: 0.
Jacobian:
Mat Object: 1 MPI processes
  type: seqaij
row 0: (0, 4.)  (2, 0.)  (3, -1.)  (4, -1.)  (5, 0.)  (6, -1.)  (8, -1.) 
row 1: (1, 4.)  (3, -1.)  (4, -1.) 
row 2: (0, 0.)  (2, 4.)  (3, -1.)  (8, -1.) 
row 3: (0, -1.)  (1, -1.)  (2, -1.)  (3, 4.)  (4, 0.) 
row 4: (0, -1.)  (1, -1.)  (3, 0.)  (4, 4.)  (5, -1.) 
row 5: (0, 0.)  (4, -1.)  (5, 4.)  (6, -1.) 
row 6: (0, -1.)  (5, -1.)  (6, 4.)  (7, -1.)  (8, 0.) 
row 7: (6, -1.)  (7, 4.)  (8, -1.) 
row 8: (0, -1.)  (2, -1.)  (6, 0.)  (7, -1.)  (8, 4.) 
Residual:
Vec Object: 1 MPI processes
  type: seq
0.
0.
0.
0.
0.25
0.
0.
0.
0.
0.
0.125
0.
-1.375
0.
0.
0.
-1.375
0.
-1.
0.
-2.875
0.
0.
-1.
0.
Au - b = Au + F(0)
Vec Object: 1 MPI processes
  type: seq
0.
0.
0.
0.
0.
0.
0.
0.
0.
Linear L_2 Residual: 0.
