  0 SNES Function norm 8.32828 
    0 KSP Residual norm 11.3891 
    1 KSP Residual norm 0.149045 
    2 KSP Residual norm 0.00633928 
    3 KSP Residual norm 0.000241569 
    4 KSP Residual norm 6.2357e-06 
    5 KSP Residual norm 3.13219e-07 
    6 KSP Residual norm 8.88119e-09 
  Linear solve converged due to CONVERGED_RTOL iterations 6
  1 SNES Function norm 2.44118e-08 
Nonlinear solve converged due to CONVERGED_FNORM_RELATIVE iterations 1
SNES Object: 5 MPI processes
  type: newtonls
  maximum iterations=50, maximum function evaluations=10000
  tolerances: relative=1e-08, absolute=1e-50, solution=1e-08
  total number of linear solver iterations=6
  total number of function evaluations=2
  norm schedule ALWAYS
  SNESLineSearch Object: 5 MPI processes
    type: bt
      interpolation: cubic
      alpha=1.000000e-04
    maxstep=1.000000e+08, minlambda=1.000000e-12
    tolerances: relative=1.000000e-08, absolute=1.000000e-15, lambda=1.000000e-08
    maximum iterations=40
  KSP Object: 5 MPI processes
    type: gmres
      GMRES: restart=100, using Classical (unmodified) Gram-Schmidt Orthogonalization with no iterative refinement
      GMRES: happy breakdown tolerance 1e-30
    maximum iterations=10000, initial guess is zero
    tolerances:  relative=1e-09, absolute=1e-50, divergence=10000.
    left preconditioning
    using PRECONDITIONED norm type for convergence test
  PC Object: 5 MPI processes
    type: bddc
      BDDC: Use verbose output: 0
      BDDC: Use user-defined CSR: 0
      BDDC: Use local mat graph: 1
      BDDC: Connectivity graph topological dimension: 2
      BDDC: Graph max count: 2147483647
      BDDC: Use vertices: 1 (vertex size 1)
      BDDC: Use edges: 1
      BDDC: Use faces: 0
      BDDC: Use true near null space: 0
      BDDC: Use QR for single constraints on cc: 0
      BDDC: Use change of basis on local edge nodes: 0
      BDDC: Use change of basis on local face nodes: 0
      BDDC: User defined change of basis matrix: 0
      BDDC: Has change of basis matrix: 0
      BDDC: Eliminate dirichlet boundary dofs: 0
      BDDC: Switch on static condensation ops around the interface preconditioner: 0
      BDDC: Use exact dirichlet trick: 0
      BDDC: Multilevel max levels: 0
      BDDC: Multilevel coarsening ratio: 8
      BDDC: Use estimated eigs for coarse problem: 0
      BDDC: Use deluxe scaling: 0
      BDDC: Use deluxe zerorows: 0
      BDDC: Use deluxe singlemat: 0
      BDDC: Rebuild interface graph for Schur principal minors: 0
      BDDC: Number of dofs' layers for the computation of principal minors: -1
      BDDC: Use user CSR graph to compute successive layers: 0
      BDDC: Adaptive constraint selection threshold (active 0, userdefined 0): 0.
      BDDC: Min constraints / connected component: 0
      BDDC: Max constraints / connected component: 0
      BDDC: Invert exact Schur complement for adaptive selection: 0
      BDDC: Symmetric computation of primal basis functions: 1
      BDDC: Num. Procs. to map coarse adjacency list: 0
      BDDC: Coarse eqs per proc (significant at the coarsest level): 1
      BDDC: Detect disconnected: 0
      BDDC: Benign subspace trick: 0 (change explicit 0)
      BDDC: Benign subspace trick is active: 0
      BDDC: Algebraic computation of no-net-flux 0
      BDDC: ********************************** STATISTICS AT LEVEL 0 **********************************
      BDDC: Global dofs sizes: all 225 interface 36 coarse 6
      BDDC: Coarsening ratios: all/coarse 37 interface/coarse 6
      BDDC: Active processes : 5
      BDDC: Total subdomains : 5
      BDDC: Dofs type        :	MIN	MAX	MEAN
      BDDC: Interior  dofs   :	21	49	37
      BDDC: Interface dofs   :	7	22	14
      BDDC: Primal    dofs   :	1	4	2
      BDDC: Local     dofs   :	28	71	52
      BDDC: Local     subs   :	1	1
      BDDC: ********************************** COARSE PROBLEM DETAILS *********************************
    KSP Object: (pc_bddc_coarse_) 5 MPI processes
      type: preonly
      maximum iterations=1, initial guess is zero
      tolerances:  relative=1e-05, absolute=1e-50, divergence=10000.
      left preconditioning
      using NONE norm type for convergence test
    PC Object: (pc_bddc_coarse_) 5 MPI processes
      type: redundant
        Redundant preconditioner: First (color=0) of 5 PCs follows
      linear system matrix = precond matrix:
      Mat Object: 5 MPI processes
        type: mpiaij
        rows=6, cols=6
        total: nonzeros=28, allocated nonzeros=32
        total number of mallocs used during MatSetValues calls =0
          using I-node (on process 0) routines: found 1 nodes, limit used is 5
            KSP Object:     (pc_bddc_coarse_redundant_)     1 MPI processes
              type: preonly
              maximum iterations=10000, initial guess is zero
              tolerances:  relative=1e-05, absolute=1e-50, divergence=10000.
              left preconditioning
              using NONE norm type for convergence test
            PC Object:     (pc_bddc_coarse_redundant_)     1 MPI processes
              type: lu
                out-of-place factorization
                Reusing fill from past factorization
                tolerance for zero pivot 2.22045e-14
                matrix ordering: nd
                factor fill ratio given 5., needed 1.07143
                  Factored matrix follows:
                    Mat Object:     1 MPI processes
                      type: seqaij
                      rows=6, cols=6
                      package used to perform factorization: petsc
                      total: nonzeros=30, allocated nonzeros=30
                      total number of mallocs used during MatSetValues calls =0
                        not using I-node routines
              linear system matrix = precond matrix:
              Mat Object:     1 MPI processes
                type: seqaij
                rows=6, cols=6
                total: nonzeros=28, allocated nonzeros=28
                total number of mallocs used during MatSetValues calls =0
                  not using I-node routines
    linear system matrix = precond matrix:
    Mat Object: 5 MPI processes
      type: is
      rows=225, cols=225
      total: nonzeros=1563, allocated nonzeros=1710
      total number of mallocs used during MatSetValues calls =0
Number of SNES iterations = 1
L_2 Error: 0.00131794
