Local function:
Vec Object: 1 MPI processes
  type: seq
0.
0.25
1.
0.25
0.5
1.25
1.
1.25
2.
0.0625
0.125
0.0625
0.625
0.5625
0.3125
0.3125
0.625
1.0625
0.8125
0.5625
1.125
1.5625
1.5625
0.8125
1.0625
0.015625
0.140625
0.15625
0.15625
0.140625
0.015625
0.53125
0.78125
0.765625
0.390625
0.265625
0.390625
0.265625
0.390625
0.53125
0.78125
1.01562
1.14062
1.01563
0.640625
0.390625
0.765625
1.15625
1.15625
1.39062
1.76562
1.76563
1.39063
1.01562
0.640625
1.14062
1.01562
0.078125
0.078125
0.03125
0.578125
0.40625
0.453125
0.203125
0.28125
0.203125
0.828125
0.90625
0.703125
0.453125
0.40625
0.578125
1.32812
1.53125
1.32813
0.953125
0.78125
0.953125
0.90625
0.828125
0.703125
Initial guess
Vec Object: potential 1 MPI processes
  type: seq
-5.20417e-18
0.25
1.
0.25
0.5
1.25
1.
1.25
2.
0.0625
0.125
0.0625
0.625
0.5625
0.3125
0.3125
0.625
1.0625
0.8125
0.5625
1.125
1.5625
1.5625
0.8125
1.0625
0.015625
0.140625
0.15625
0.15625
0.140625
0.015625
0.53125
0.78125
0.765625
0.390625
0.265625
0.390625
0.265625
0.390625
0.53125
0.78125
1.01562
1.14062
1.01563
0.640625
0.390625
0.765625
1.15625
1.15625
1.39062
1.76562
1.76563
1.39063
1.01562
0.640625
1.14062
1.01562
0.078125
0.078125
0.03125
0.578125
0.40625
0.453125
0.203125
0.28125
0.203125
0.828125
0.90625
0.703125
0.453125
0.40625
0.578125
1.32812
1.53125
1.32813
0.953125
0.78125
0.953125
0.90625
0.828125
0.703125
L_2 Error: < 1.0e-11
Residual:
Vec Object: 1 MPI processes
  type: seq
0.
0.
0.
0.
0.
0.
0.
0.
0.
0.
0.
0.
0.
0.
0.
0.
0.
0.
0.
0.
0.
0.
0.
0.
0.
0.
0.
0.
0.
0.
0.
0.
0.
0.
0.
0.
0.
0.
0.
0.
0.
0.
0.
0.
0.
0.
0.
0.
0.
0.
0.
0.
0.
0.
0.
0.
0.
0.
0.
0.
0.
0.
0.
0.
0.
0.
0.
0.
0.
0.
0.
0.
0.
0.
0.
0.
0.
0.
0.
0.
0.
Initial Residual
Vec Object: 1 MPI processes
  type: seq
0.
0.
0.
0.
0.
0.
0.
0.
0.
0.
0.
0.
0.
0.
0.
0.
0.
0.
0.
0.
0.
0.
0.
0.
0.
0.
0.
0.
0.
0.
0.
0.
0.
0.
0.
0.
0.
0.
0.
0.
0.
0.
0.
0.
0.
0.
0.
0.
0.
0.
0.
0.
0.
0.
0.
0.
0.
0.
0.
0.
0.
0.
0.
0.
0.
0.
0.
0.
0.
0.
0.
0.
0.
0.
0.
0.
0.
0.
0.
0.
0.
L_2 Residual: 0.
Jacobian:
Mat Object: 1 MPI processes
  type: seqaij
row 0: (0, 1.)  (9, 0.166667)  (11, 0.166667)  (25, -0.666667)  (30, -0.666667)  (59, 0.) 
row 1: (1, 2.)  (9, 0.166667)  (10, 0.)  (15, 0.333333)  (19, 0.166667)  (26, -0.666667)  (27, 0.)  (37, -1.33333)  (45, -0.666667)  (57, 0.)  (63, 0.)  (70, 0.) 
row 2: (2, 1.)  (16, 0.)  (17, 0.166667)  (19, 0.166667)  (40, 0.)  (41, -0.666667)  (46, -0.666667)  (66, 0.)  (71, 0.) 
row 3: (3, 2.)  (10, 0.)  (11, 0.166667)  (13, 0.166667)  (14, 0.333333)  (28, 0.)  (29, -0.666667)  (34, -0.666667)  (35, -1.33333)  (58, 0.)  (61, 0.)  (65, 0.) 
row 4: (4, 4.)  (12, 0.)  (14, 0.333333)  (15, 0.333333)  (16, 0.)  (18, 0.333333)  (23, 0.333333)  (31, 0.)  (36, -1.33333)  (38, -1.33333)  (39, 0.)  (44, -1.33333)  (54, -1.33333)  (62, 0.)  (64, 0.)  (68, 0.)  (69, 0.)  (76, 0.)  (80, 0.) 
row 5: (5, 2.)  (17, 0.166667)  (18, 0.333333)  (20, 0.)  (21, 0.166667)  (42, -0.666667)  (43, -1.33333)  (48, 0.)  (49, -0.666667)  (67, 0.)  (72, 0.)  (77, 0.) 
row 6: (6, 1.)  (12, 0.)  (13, 0.166667)  (24, 0.166667)  (32, 0.)  (33, -0.666667)  (56, -0.666667)  (60, 0.)  (79, 0.) 
row 7: (7, 2.)  (20, 0.)  (22, 0.166667)  (23, 0.333333)  (24, 0.166667)  (47, 0.)  (52, -0.666667)  (53, -1.33333)  (55, -0.666667)  (74, 0.)  (75, 0.)  (78, 0.) 
row 8: (8, 1.)  (21, 0.166667)  (22, 0.166667)  (50, -0.666667)  (51, -0.666667)  (73, 0.) 
row 9: (0, 0.166667)  (1, 0.166667)  (9, 2.)  (10, 0.333333)  (11, 0.)  (25, -0.666667)  (26, -0.666667)  (27, 0.)  (30, 0.)  (57, -1.33333)  (58, 0.)  (59, 0.) 
row 10: (1, 0.)  (3, 0.)  (9, 0.333333)  (10, 4.)  (11, 0.333333)  (14, 0.333333)  (15, 0.333333)  (26, 0.)  (27, 0.)  (28, 0.)  (29, 0.)  (35, 0.)  (37, 0.)  (57, -1.33333)  (58, -1.33333)  (59, 0.)  (63, -1.33333)  (64, 0.)  (65, -1.33333) 
row 11: (0, 0.166667)  (3, 0.166667)  (9, 0.)  (10, 0.333333)  (11, 2.)  (25, 0.)  (28, 0.)  (29, -0.666667)  (30, -0.666667)  (57, 0.)  (58, -1.33333)  (59, 0.) 
row 12: (4, 0.)  (6, 0.)  (12, 4.)  (13, 0.333333)  (14, 0.333333)  (23, 0.333333)  (24, 0.333333)  (31, 0.)  (32, 0.)  (33, 0.)  (36, 0.)  (54, 0.)  (56, 0.)  (60, -1.33333)  (61, 0.)  (62, -1.33333)  (78, 0.)  (79, -1.33333)  (80, -1.33333) 
row 13: (3, 0.166667)  (6, 0.166667)  (12, 0.333333)  (13, 2.)  (14, 0.)  (32, 0.)  (33, -0.666667)  (34, -0.666667)  (35, 0.)  (60, -1.33333)  (61, 0.)  (62, 0.) 
row 14: (3, 0.333333)  (4, 0.333333)  (10, 0.333333)  (12, 0.333333)  (13, 0.)  (14, 4.)  (15, 0.)  (28, 0.)  (31, 0.)  (34, 0.)  (35, -1.33333)  (36, -1.33333)  (38, 0.)  (60, 0.)  (61, 0.)  (62, -1.33333)  (63, 0.)  (64, 0.)  (65, -1.33333) 
row 15: (1, 0.333333)  (4, 0.333333)  (10, 0.333333)  (14, 0.)  (15, 4.)  (16, 0.333333)  (19, 0.)  (27, 0.)  (36, 0.)  (37, -1.33333)  (38, -1.33333)  (39, 0.)  (45, 0.)  (63, -1.33333)  (64, 0.)  (65, 0.)  (69, -1.33333)  (70, 0.)  (71, 0.) 
row 16: (2, 0.)  (4, 0.)  (15, 0.333333)  (16, 4.)  (17, 0.333333)  (18, 0.333333)  (19, 0.333333)  (38, 0.)  (39, 0.)  (40, 0.)  (41, 0.)  (44, 0.)  (46, 0.)  (66, -1.33333)  (67, 0.)  (68, -1.33333)  (69, -1.33333)  (70, 0.)  (71, -1.33333) 
row 17: (2, 0.166667)  (5, 0.166667)  (16, 0.333333)  (17, 2.)  (18, 0.)  (40, 0.)  (41, -0.666667)  (42, -0.666667)  (43, 0.)  (66, -1.33333)  (67, 0.)  (68, 0.) 
row 18: (4, 0.333333)  (5, 0.333333)  (16, 0.333333)  (17, 0.)  (18, 4.)  (20, 0.333333)  (23, 0.)  (39, 0.)  (42, 0.)  (43, -1.33333)  (44, -1.33333)  (48, 0.)  (54, 0.)  (66, 0.)  (67, 0.)  (68, -1.33333)  (75, 0.)  (76, 0.)  (77, -1.33333) 
row 19: (1, 0.166667)  (2, 0.166667)  (15, 0.)  (16, 0.333333)  (19, 2.)  (37, 0.)  (40, 0.)  (45, -0.666667)  (46, -0.666667)  (69, 0.)  (70, 0.)  (71, -1.33333) 
row 20: (5, 0.)  (7, 0.)  (18, 0.333333)  (20, 4.)  (21, 0.333333)  (22, 0.333333)  (23, 0.333333)  (43, 0.)  (47, 0.)  (48, 0.)  (49, 0.)  (52, 0.)  (53, 0.)  (72, -1.33333)  (73, 0.)  (74, -1.33333)  (75, -1.33333)  (76, 0.)  (77, -1.33333) 
row 21: (5, 0.166667)  (8, 0.166667)  (20, 0.333333)  (21, 2.)  (22, 0.)  (48, 0.)  (49, -0.666667)  (50, -0.666667)  (51, 0.)  (72, -1.33333)  (73, 0.)  (74, 0.) 
row 22: (7, 0.166667)  (8, 0.166667)  (20, 0.333333)  (21, 0.)  (22, 2.)  (47, 0.)  (50, 0.)  (51, -0.666667)  (52, -0.666667)  (72, 0.)  (73, 0.)  (74, -1.33333) 
row 23: (4, 0.333333)  (7, 0.333333)  (12, 0.333333)  (18, 0.)  (20, 0.333333)  (23, 4.)  (24, 0.)  (31, 0.)  (44, 0.)  (47, 0.)  (53, -1.33333)  (54, -1.33333)  (55, 0.)  (75, -1.33333)  (76, 0.)  (77, 0.)  (78, 0.)  (79, 0.)  (80, -1.33333) 
row 24: (6, 0.166667)  (7, 0.166667)  (12, 0.333333)  (23, 0.)  (24, 2.)  (32, 0.)  (53, 0.)  (55, -0.666667)  (56, -0.666667)  (78, 0.)  (79, -1.33333)  (80, 0.) 
row 25: (0, -0.666667)  (9, -0.666667)  (11, 0.)  (25, 2.66667)  (30, 0.)  (59, -1.33333) 
row 26: (1, -0.666667)  (9, -0.666667)  (10, 0.)  (26, 2.66667)  (27, -1.33333)  (57, 0.) 
row 27: (1, 0.)  (9, 0.)  (10, 0.)  (15, 0.)  (26, -1.33333)  (27, 5.33333)  (37, -1.33333)  (57, -1.33333)  (63, -1.33333) 
row 28: (3, 0.)  (10, 0.)  (11, 0.)  (14, 0.)  (28, 5.33333)  (29, -1.33333)  (35, -1.33333)  (58, -1.33333)  (65, -1.33333) 
row 29: (3, -0.666667)  (10, 0.)  (11, -0.666667)  (28, -1.33333)  (29, 2.66667)  (58, 0.) 
row 30: (0, -0.666667)  (9, 0.)  (11, -0.666667)  (25, 0.)  (30, 2.66667)  (59, -1.33333) 
row 31: (4, 0.)  (12, 0.)  (14, 0.)  (23, 0.)  (31, 5.33333)  (36, -1.33333)  (54, -1.33333)  (62, -1.33333)  (80, -1.33333) 
row 32: (6, 0.)  (12, 0.)  (13, 0.)  (24, 0.)  (32, 5.33333)  (33, -1.33333)  (56, -1.33333)  (60, -1.33333)  (79, -1.33333) 
row 33: (6, -0.666667)  (12, 0.)  (13, -0.666667)  (32, -1.33333)  (33, 2.66667)  (60, 0.) 
row 34: (3, -0.666667)  (13, -0.666667)  (14, 0.)  (34, 2.66667)  (35, 0.)  (61, -1.33333) 
row 35: (3, -1.33333)  (10, 0.)  (13, 0.)  (14, -1.33333)  (28, -1.33333)  (34, 0.)  (35, 5.33333)  (61, -1.33333)  (65, 0.) 
row 36: (4, -1.33333)  (12, 0.)  (14, -1.33333)  (15, 0.)  (31, -1.33333)  (36, 5.33333)  (38, 0.)  (62, 0.)  (64, -1.33333) 
row 37: (1, -1.33333)  (10, 0.)  (15, -1.33333)  (19, 0.)  (27, -1.33333)  (37, 5.33333)  (45, 0.)  (63, 0.)  (70, -1.33333) 
row 38: (4, -1.33333)  (14, 0.)  (15, -1.33333)  (16, 0.)  (36, 0.)  (38, 5.33333)  (39, -1.33333)  (64, -1.33333)  (69, 0.) 
row 39: (4, 0.)  (15, 0.)  (16, 0.)  (18, 0.)  (38, -1.33333)  (39, 5.33333)  (44, -1.33333)  (68, -1.33333)  (69, -1.33333) 
row 40: (2, 0.)  (16, 0.)  (17, 0.)  (19, 0.)  (40, 5.33333)  (41, -1.33333)  (46, -1.33333)  (66, -1.33333)  (71, -1.33333) 
row 41: (2, -0.666667)  (16, 0.)  (17, -0.666667)  (40, -1.33333)  (41, 2.66667)  (66, 0.) 
row 42: (5, -0.666667)  (17, -0.666667)  (18, 0.)  (42, 2.66667)  (43, 0.)  (67, -1.33333) 
row 43: (5, -1.33333)  (17, 0.)  (18, -1.33333)  (20, 0.)  (42, 0.)  (43, 5.33333)  (48, -1.33333)  (67, -1.33333)  (77, 0.) 
row 44: (4, -1.33333)  (16, 0.)  (18, -1.33333)  (23, 0.)  (39, -1.33333)  (44, 5.33333)  (54, 0.)  (68, 0.)  (76, -1.33333) 
row 45: (1, -0.666667)  (15, 0.)  (19, -0.666667)  (37, 0.)  (45, 2.66667)  (70, -1.33333) 
row 46: (2, -0.666667)  (16, 0.)  (19, -0.666667)  (40, -1.33333)  (46, 2.66667)  (71, 0.) 
row 47: (7, 0.)  (20, 0.)  (22, 0.)  (23, 0.)  (47, 5.33333)  (52, -1.33333)  (53, -1.33333)  (74, -1.33333)  (75, -1.33333) 
row 48: (5, 0.)  (18, 0.)  (20, 0.)  (21, 0.)  (43, -1.33333)  (48, 5.33333)  (49, -1.33333)  (72, -1.33333)  (77, -1.33333) 
row 49: (5, -0.666667)  (20, 0.)  (21, -0.666667)  (48, -1.33333)  (49, 2.66667)  (72, 0.) 
row 50: (8, -0.666667)  (21, -0.666667)  (22, 0.)  (50, 2.66667)  (51, 0.)  (73, -1.33333) 
row 51: (8, -0.666667)  (21, 0.)  (22, -0.666667)  (50, 0.)  (51, 2.66667)  (73, -1.33333) 
row 52: (7, -0.666667)  (20, 0.)  (22, -0.666667)  (47, -1.33333)  (52, 2.66667)  (74, 0.) 
row 53: (7, -1.33333)  (20, 0.)  (23, -1.33333)  (24, 0.)  (47, -1.33333)  (53, 5.33333)  (55, 0.)  (75, 0.)  (78, -1.33333) 
row 54: (4, -1.33333)  (12, 0.)  (18, 0.)  (23, -1.33333)  (31, -1.33333)  (44, 0.)  (54, 5.33333)  (76, -1.33333)  (80, 0.) 
row 55: (7, -0.666667)  (23, 0.)  (24, -0.666667)  (53, 0.)  (55, 2.66667)  (78, -1.33333) 
row 56: (6, -0.666667)  (12, 0.)  (24, -0.666667)  (32, -1.33333)  (56, 2.66667)  (79, 0.) 
row 57: (1, 0.)  (9, -1.33333)  (10, -1.33333)  (11, 0.)  (26, 0.)  (27, -1.33333)  (57, 5.33333)  (58, 0.)  (59, -1.33333) 
row 58: (3, 0.)  (9, 0.)  (10, -1.33333)  (11, -1.33333)  (28, -1.33333)  (29, 0.)  (57, 0.)  (58, 5.33333)  (59, -1.33333) 
row 59: (0, 0.)  (9, 0.)  (10, 0.)  (11, 0.)  (25, -1.33333)  (30, -1.33333)  (57, -1.33333)  (58, -1.33333)  (59, 5.33333) 
row 60: (6, 0.)  (12, -1.33333)  (13, -1.33333)  (14, 0.)  (32, -1.33333)  (33, 0.)  (60, 5.33333)  (61, -1.33333)  (62, 0.) 
row 61: (3, 0.)  (12, 0.)  (13, 0.)  (14, 0.)  (34, -1.33333)  (35, -1.33333)  (60, -1.33333)  (61, 5.33333)  (62, -1.33333) 
row 62: (4, 0.)  (12, -1.33333)  (13, 0.)  (14, -1.33333)  (31, -1.33333)  (36, 0.)  (60, 0.)  (61, -1.33333)  (62, 5.33333) 
row 63: (1, 0.)  (10, -1.33333)  (14, 0.)  (15, -1.33333)  (27, -1.33333)  (37, 0.)  (63, 5.33333)  (64, -1.33333)  (65, 0.) 
row 64: (4, 0.)  (10, 0.)  (14, 0.)  (15, 0.)  (36, -1.33333)  (38, -1.33333)  (63, -1.33333)  (64, 5.33333)  (65, -1.33333) 
row 65: (3, 0.)  (10, -1.33333)  (14, -1.33333)  (15, 0.)  (28, -1.33333)  (35, 0.)  (63, 0.)  (64, -1.33333)  (65, 5.33333) 
row 66: (2, 0.)  (16, -1.33333)  (17, -1.33333)  (18, 0.)  (40, -1.33333)  (41, 0.)  (66, 5.33333)  (67, -1.33333)  (68, 0.) 
row 67: (5, 0.)  (16, 0.)  (17, 0.)  (18, 0.)  (42, -1.33333)  (43, -1.33333)  (66, -1.33333)  (67, 5.33333)  (68, -1.33333) 
row 68: (4, 0.)  (16, -1.33333)  (17, 0.)  (18, -1.33333)  (39, -1.33333)  (44, 0.)  (66, 0.)  (67, -1.33333)  (68, 5.33333) 
row 69: (4, 0.)  (15, -1.33333)  (16, -1.33333)  (19, 0.)  (38, 0.)  (39, -1.33333)  (69, 5.33333)  (70, -1.33333)  (71, 0.) 
row 70: (1, 0.)  (15, 0.)  (16, 0.)  (19, 0.)  (37, -1.33333)  (45, -1.33333)  (69, -1.33333)  (70, 5.33333)  (71, -1.33333) 
row 71: (2, 0.)  (15, 0.)  (16, -1.33333)  (19, -1.33333)  (40, -1.33333)  (46, 0.)  (69, 0.)  (70, -1.33333)  (71, 5.33333) 
row 72: (5, 0.)  (20, -1.33333)  (21, -1.33333)  (22, 0.)  (48, -1.33333)  (49, 0.)  (72, 5.33333)  (73, -1.33333)  (74, 0.) 
row 73: (8, 0.)  (20, 0.)  (21, 0.)  (22, 0.)  (50, -1.33333)  (51, -1.33333)  (72, -1.33333)  (73, 5.33333)  (74, -1.33333) 
row 74: (7, 0.)  (20, -1.33333)  (21, 0.)  (22, -1.33333)  (47, -1.33333)  (52, 0.)  (72, 0.)  (73, -1.33333)  (74, 5.33333) 
row 75: (7, 0.)  (18, 0.)  (20, -1.33333)  (23, -1.33333)  (47, -1.33333)  (53, 0.)  (75, 5.33333)  (76, -1.33333)  (77, 0.) 
row 76: (4, 0.)  (18, 0.)  (20, 0.)  (23, 0.)  (44, -1.33333)  (54, -1.33333)  (75, -1.33333)  (76, 5.33333)  (77, -1.33333) 
row 77: (5, 0.)  (18, -1.33333)  (20, -1.33333)  (23, 0.)  (43, 0.)  (48, -1.33333)  (75, 0.)  (76, -1.33333)  (77, 5.33333) 
row 78: (7, 0.)  (12, 0.)  (23, 0.)  (24, 0.)  (53, -1.33333)  (55, -1.33333)  (78, 5.33333)  (79, -1.33333)  (80, -1.33333) 
row 79: (6, 0.)  (12, -1.33333)  (23, 0.)  (24, -1.33333)  (32, -1.33333)  (56, 0.)  (78, -1.33333)  (79, 5.33333)  (80, 0.) 
row 80: (4, 0.)  (12, -1.33333)  (23, -1.33333)  (24, 0.)  (31, -1.33333)  (54, 0.)  (78, -1.33333)  (79, 0.)  (80, 5.33333) 
Residual:
Vec Object: 1 MPI processes
  type: seq
0.
0.
-0.0833333
0.
0.
-0.166667
-0.0833333
-0.166667
-0.166667
0.
0.
0.
0.
0.
0.
0.
0.
-0.166667
0.
0.
0.
-0.166667
-0.166667
0.
-0.166667
0.0416667
0.0416667
0.0833333
0.0833333
0.0416667
0.0416667
0.0833333
0.0833333
0.0416667
0.0416667
0.0833333
0.0833333
0.0833333
0.0833333
0.0833333
0.0833333
-0.291667
-0.291667
0.0833333
0.0833333
0.0416667
0.0416667
0.0833333
0.0833333
-0.291667
-0.291667
-0.291667
-0.291667
0.0833333
0.0833333
-0.291667
-0.291667
0.0833333
0.0833333
0.0833333
0.0833333
0.0833333
0.0833333
0.0833333
0.0833333
0.0833333
0.0833333
0.0833333
0.0833333
0.0833333
0.0833333
0.0833333
0.0833333
0.0833333
0.0833333
0.0833333
0.0833333
0.0833333
0.0833333
0.0833333
0.0833333
Au - b = Au + F(0)
Vec Object: 1 MPI processes
  type: seq
0.
0.
0.
0.
0.
0.
0.
0.
0.
0.
0.
0.
0.
0.
0.
0.
0.
0.
0.
0.
0.
0.
0.
0.
0.
0.
0.
0.
0.
0.
0.
0.
0.
0.
0.
0.
0.
0.
0.
0.
0.
0.
0.
0.
0.
0.
0.
0.
0.
0.
0.
0.
0.
0.
0.
0.
0.
0.
0.
0.
0.
0.
0.
0.
0.
0.
0.
0.
0.
0.
0.
0.
0.
0.
0.
0.
0.
0.
0.
0.
0.
Linear L_2 Residual: 0.
