Local function:
Vec Object: 1 MPI processes
  type: seq
0
0.25
1
0.25
0.5
1.25
1
1.25
2
0.125
0.625
0.625
1.125
0.03125
0.15625
0.0625
0.78125
0.5625
0.40625
0.28125
0.3125
0.78125
1.0625
0.90625
0.40625
0.5625
1.15625
1.5625
1.53125
0.78125
0.8125
0.90625
1.0625
0.3125
0.15625
0.0625
0.8125
0.53125
0.53125
1.15625
1.5625
Initial guess
Vec Object: 1 MPI processes
  type: seq
0
0.25
1
0.25
0.5
1.25
1
1.25
2
0.125
0.625
0.625
1.125
0.03125
0.15625
0.0625
0.78125
0.5625
0.40625
0.28125
0.3125
0.78125
1.0625
0.90625
0.40625
0.5625
1.15625
1.5625
1.53125
0.78125
0.8125
0.90625
1.0625
0.3125
0.15625
0.0625
0.8125
0.53125
0.53125
1.15625
L_2 Error: < 1.0e-11
Residual:
Vec Object: 1 MPI processes
  type: seq
0
0
0
0
0
0
0
0
0
0
0
0
0
0
0
0
0
0
0
0
0
0
0
0
0
0
0
0
0
0
0
0
0
0
0
0
0
0
0
0
0
Initial Residual
Vec Object: 1 MPI processes
  type: seq
0
0
0
0
0
0
0
0
0
0
0
0
0
0
0
0
0
0
0
0
0
0
0
0
0
0
0
0
0
0
0
0
0
0
0
0
0
0
0
0
0
L_2 Residual: 0
Jacobian:
Mat Object: 1 MPI processes
  type: seqaij
row 0: (0, 1)  (1, 0)  (3, 0)  (9, 0.333333)  (13, -1.33333)  (14, 0)  (15, 0)  (34, 0)  (35, 0) 
row 1: (0, 0)  (1, 2)  (2, 0)  (4, 0)  (9, 0.333333)  (11, 0.333333)  (13, 0)  (19, 0)  (21, 0)  (24, -1.33333)  (25, 0)  (33, 0)  (34, -1.33333)  (35, 0)  (38, 0) 
row 2: (1, 0)  (2, 1)  (5, 0)  (11, 0.333333)  (21, -1.33333)  (22, 0)  (23, 0)  (24, 0)  (25, 0) 
row 3: (0, 0)  (3, 2)  (4, 0)  (6, 0)  (9, 0.333333)  (10, 0.333333)  (13, 0)  (14, -1.33333)  (15, 0)  (16, 0)  (17, 0)  (18, -1.33333)  (19, 0)  (20, 0)  (37, 0) 
row 4: (1, 0)  (3, 0)  (4, 4)  (5, 0)  (7, 0)  (9, 0.333333)  (10, 0.333333)  (11, 0.333333)  (12, 0.333333)  (14, 0)  (18, 0)  (19, -1.33333)  (20, 0)  (23, 0)  (24, 0)  (26, 0)  (29, -1.33333)  (30, 0)  (31, 0)  (33, 0)  (34, 0)  (36, 0)  (37, -1.33333)  (38, -1.33333)  (39, 0) 
row 5: (2, 0)  (4, 0)  (5, 2)  (8, 0)  (11, 0.333333)  (12, 0.333333)  (21, 0)  (22, 0)  (23, -1.33333)  (26, -1.33333)  (27, 0)  (28, 0)  (29, 0)  (30, 0)  (38, 0) 
row 6: (3, 0)  (6, 1)  (7, 0)  (10, 0.333333)  (16, -1.33333)  (17, 0)  (18, 0)  (31, 0)  (32, 0) 
row 7: (4, 0)  (6, 0)  (7, 2)  (8, 0)  (10, 0.333333)  (12, 0.333333)  (16, 0)  (28, 0)  (29, 0)  (31, -1.33333)  (32, 0)  (36, 0)  (37, 0)  (39, -1.33333)  (40, 0) 
row 8: (5, 0)  (7, 0)  (8, 1)  (12, 0.333333)  (26, 0)  (27, 0)  (28, -1.33333)  (39, 0)  (40, 0) 
row 9: (0, 0.333333)  (1, 0.333333)  (3, 0.333333)  (4, 0.333333)  (9, 4)  (13, -1.33333)  (14, -1.33333)  (15, 0)  (19, -1.33333)  (20, 0)  (33, 0)  (34, -1.33333)  (35, 0) 
row 10: (3, 0.333333)  (4, 0.333333)  (6, 0.333333)  (7, 0.333333)  (10, 4)  (16, -1.33333)  (17, 0)  (18, -1.33333)  (20, 0)  (31, -1.33333)  (32, 0)  (36, 0)  (37, -1.33333) 
row 11: (1, 0.333333)  (2, 0.333333)  (4, 0.333333)  (5, 0.333333)  (11, 4)  (21, -1.33333)  (22, 0)  (23, -1.33333)  (24, -1.33333)  (25, 0)  (30, 0)  (33, 0)  (38, -1.33333) 
row 12: (4, 0.333333)  (5, 0.333333)  (7, 0.333333)  (8, 0.333333)  (12, 4)  (26, -1.33333)  (27, 0)  (28, -1.33333)  (29, -1.33333)  (30, 0)  (36, 0)  (39, -1.33333)  (40, 0) 
row 13: (0, -1.33333)  (1, 0)  (3, 0)  (9, -1.33333)  (13, 5.33333)  (14, 0)  (15, -1.33333)  (34, 0)  (35, -1.33333) 
row 14: (0, 0)  (3, -1.33333)  (4, 0)  (9, -1.33333)  (13, 0)  (14, 5.33333)  (15, -1.33333)  (19, 0)  (20, -1.33333) 
row 15: (0, 0)  (3, 0)  (9, 0)  (13, -1.33333)  (14, -1.33333)  (15, 2.66667) 
row 16: (3, 0)  (6, -1.33333)  (7, 0)  (10, -1.33333)  (16, 5.33333)  (17, -1.33333)  (18, 0)  (31, 0)  (32, -1.33333) 
row 17: (3, 0)  (6, 0)  (10, 0)  (16, -1.33333)  (17, 2.66667)  (18, -1.33333) 
row 18: (3, -1.33333)  (4, 0)  (6, 0)  (10, -1.33333)  (16, 0)  (17, -1.33333)  (18, 5.33333)  (20, -1.33333)  (37, 0) 
row 19: (1, 0)  (3, 0)  (4, -1.33333)  (9, -1.33333)  (14, 0)  (19, 5.33333)  (20, -1.33333)  (33, -1.33333)  (34, 0) 
row 20: (3, 0)  (4, 0)  (9, 0)  (10, 0)  (14, -1.33333)  (18, -1.33333)  (19, -1.33333)  (20, 5.33333)  (37, -1.33333) 
row 21: (1, 0)  (2, -1.33333)  (5, 0)  (11, -1.33333)  (21, 5.33333)  (22, -1.33333)  (23, 0)  (24, 0)  (25, -1.33333) 
row 22: (2, 0)  (5, 0)  (11, 0)  (21, -1.33333)  (22, 2.66667)  (23, -1.33333) 
row 23: (2, 0)  (4, 0)  (5, -1.33333)  (11, -1.33333)  (21, 0)  (22, -1.33333)  (23, 5.33333)  (30, -1.33333)  (38, 0) 
row 24: (1, -1.33333)  (2, 0)  (4, 0)  (11, -1.33333)  (21, 0)  (24, 5.33333)  (25, -1.33333)  (33, -1.33333)  (38, 0) 
row 25: (1, 0)  (2, 0)  (11, 0)  (21, -1.33333)  (24, -1.33333)  (25, 2.66667) 
row 26: (4, 0)  (5, -1.33333)  (8, 0)  (12, -1.33333)  (26, 5.33333)  (27, -1.33333)  (28, 0)  (29, 0)  (30, -1.33333) 
row 27: (5, 0)  (8, 0)  (12, 0)  (26, -1.33333)  (27, 2.66667)  (28, -1.33333) 
row 28: (5, 0)  (7, 0)  (8, -1.33333)  (12, -1.33333)  (26, 0)  (27, -1.33333)  (28, 5.33333)  (39, 0)  (40, -1.33333) 
row 29: (4, -1.33333)  (5, 0)  (7, 0)  (12, -1.33333)  (26, 0)  (29, 5.33333)  (30, -1.33333)  (36, -1.33333)  (39, 0) 
row 30: (4, 0)  (5, 0)  (11, 0)  (12, 0)  (23, -1.33333)  (26, -1.33333)  (29, -1.33333)  (30, 5.33333)  (38, -1.33333) 
row 31: (4, 0)  (6, 0)  (7, -1.33333)  (10, -1.33333)  (16, 0)  (31, 5.33333)  (32, -1.33333)  (36, -1.33333)  (37, 0) 
row 32: (6, 0)  (7, 0)  (10, 0)  (16, -1.33333)  (31, -1.33333)  (32, 2.66667) 
row 33: (1, 0)  (4, 0)  (9, 0)  (11, 0)  (19, -1.33333)  (24, -1.33333)  (33, 5.33333)  (34, -1.33333)  (38, -1.33333) 
row 34: (0, 0)  (1, -1.33333)  (4, 0)  (9, -1.33333)  (13, 0)  (19, 0)  (33, -1.33333)  (34, 5.33333)  (35, -1.33333) 
row 35: (0, 0)  (1, 0)  (9, 0)  (13, -1.33333)  (34, -1.33333)  (35, 2.66667) 
row 36: (4, 0)  (7, 0)  (10, 0)  (12, 0)  (29, -1.33333)  (31, -1.33333)  (36, 5.33333)  (37, -1.33333)  (39, -1.33333) 
row 37: (3, 0)  (4, -1.33333)  (7, 0)  (10, -1.33333)  (18, 0)  (20, -1.33333)  (31, 0)  (36, -1.33333)  (37, 5.33333) 
row 38: (1, 0)  (4, -1.33333)  (5, 0)  (11, -1.33333)  (23, 0)  (24, 0)  (30, -1.33333)  (33, -1.33333)  (38, 5.33333) 
row 39: (4, 0)  (7, -1.33333)  (8, 0)  (12, -1.33333)  (28, 0)  (29, 0)  (36, -1.33333)  (39, 5.33333)  (40, -1.33333) 
row 40: (7, 0)  (8, 0)  (12, 0)  (28, -1.33333)  (39, -1.33333)  (40, 2.66667) 
Residual:
Vec Object: 1 MPI processes
  type: seq
0
0
-0.166667
0
0
-0.333333
-0.166667
-0.333333
-0.333333
0
0
0
0
0.166667
0.166667
0.0833333
0.166667
0.0833333
0.166667
0.166667
0.166667
0.166667
-0.583333
0.166667
0.166667
0.0833333
0.166667
-0.583333
0.166667
0.166667
0.166667
0.166667
-0.583333
0.166667
0.166667
0.0833333
0.166667
0.166667
0.166667
0.166667
-0.583333
Au - b = Au + F(0)
Vec Object: 1 MPI processes
  type: seq
0
0
0
0
0
0
0
0
0
0
0
0
0
0
0
0
0
0
0
0
0
0
0
0
0
0
0
0
0
0
0
0
0
0
0
0
0
0
0
0
0
Linear L_2 Residual: 0
