  0 SNES Function norm 18.865 
  1 SNES Function norm 8.73683e-07 
  2 SNES Function norm < 1.e-11
Nonlinear solve converged due to CONVERGED_FNORM_RELATIVE iterations 2
SNES Object: 7 MPI processes
  type: newtonls
  maximum iterations=20, maximum function evaluations=10000
  tolerances: relative=1e-08, absolute=1e-50, solution=1e-08
  total number of linear solver iterations=13
  total number of function evaluations=3
  norm schedule ALWAYS
  SNESLineSearch Object: 7 MPI processes
    type: basic
    maxstep=1.000000e+08, minlambda=1.000000e-12
    tolerances: relative=1.000000e-08, absolute=1.000000e-15, lambda=1.000000e-08
    maximum iterations=40
  KSP Object: 7 MPI processes
    type: cg
    maximum iterations=10000, initial guess is zero
    tolerances:  relative=1e-05, absolute=1e-50, divergence=10000.
    left preconditioning
    using PRECONDITIONED norm type for convergence test
  PC Object: 7 MPI processes
    type: bddc
      BDDC: Use verbose output: 0
      BDDC: Use user-defined CSR: 0
      BDDC: Use local mat graph: 1
      BDDC: Connectivity graph topological dimension: 2
      BDDC: Graph max count: 2147483647
      BDDC: Use vertices: 1 (vertex size 1)
      BDDC: Use edges: 1
      BDDC: Use faces: 0
      BDDC: Use true near null space: 0
      BDDC: Use QR for single constraints on cc: 0
      BDDC: Use change of basis on local edge nodes: 0
      BDDC: Use change of basis on local face nodes: 0
      BDDC: User defined change of basis matrix: 0
      BDDC: Has change of basis matrix: 0
      BDDC: Eliminate dirichlet boundary dofs: 0
      BDDC: Switch on static condensation ops around the interface preconditioner: 0
      BDDC: Use exact dirichlet trick: 1
      BDDC: Multilevel max levels: 0
      BDDC: Multilevel coarsening ratio: 8
      BDDC: Use estimated eigs for coarse problem: 0
      BDDC: Use deluxe scaling: 0
      BDDC: Use deluxe zerorows: 0
      BDDC: Use deluxe singlemat: 0
      BDDC: Rebuild interface graph for Schur principal minors: 0
      BDDC: Number of dofs' layers for the computation of principal minors: -1
      BDDC: Use user CSR graph to compute successive layers: 0
      BDDC: Adaptive constraint selection threshold (active 0, userdefined 0): 0.
      BDDC: Min constraints / connected component: 0
      BDDC: Max constraints / connected component: 0
      BDDC: Invert exact Schur complement for adaptive selection: 0
      BDDC: Symmetric computation of primal basis functions: 1
      BDDC: Num. Procs. to map coarse adjacency list: 0
      BDDC: Coarse eqs per proc (significant at the coarsest level): 1
      BDDC: Detect disconnected: 0
      BDDC: Benign subspace trick: 0 (change explicit 0)
      BDDC: Benign subspace trick is active: 0
      BDDC: Algebraic computation of no-net-flux 0
      BDDC: ********************************** STATISTICS AT LEVEL 0 **********************************
      BDDC: Global dofs sizes: all 1485 interface 171 coarse 21
      BDDC: Coarsening ratios: all/coarse 70 interface/coarse 8
      BDDC: Active processes : 7
      BDDC: Total subdomains : 7
      BDDC: Dofs type        :	MIN	MAX	MEAN
      BDDC: Interior  dofs   :	182	195	187
      BDDC: Interface dofs   :	29	66	50
      BDDC: Primal    dofs   :	3	10	7
      BDDC: Local     dofs   :	216	254	237
      BDDC: Local     subs   :	1	1
      BDDC: ********************************** COARSE PROBLEM DETAILS *********************************
    KSP Object: (pc_bddc_coarse_) 7 MPI processes
      type: preonly
      maximum iterations=1, initial guess is zero
      tolerances:  relative=1e-05, absolute=1e-50, divergence=10000.
      left preconditioning
      using NONE norm type for convergence test
    PC Object: (pc_bddc_coarse_) 7 MPI processes
      type: redundant
        Redundant preconditioner: First (color=0) of 7 PCs follows
      linear system matrix = precond matrix:
      Mat Object: 7 MPI processes
        type: mpiaij
        rows=21, cols=21
        total: nonzeros=267, allocated nonzeros=319
        total number of mallocs used during MatSetValues calls =0
          using I-node (on process 0) routines: found 1 nodes, limit used is 5
            KSP Object:     (pc_bddc_coarse_redundant_)     1 MPI processes
              type: preonly
              maximum iterations=10000, initial guess is zero
              tolerances:  relative=1e-05, absolute=1e-50, divergence=10000.
              left preconditioning
              using NONE norm type for convergence test
            PC Object:     (pc_bddc_coarse_redundant_)     1 MPI processes
              type: lu
                out-of-place factorization
                Reusing fill from past factorization
                tolerance for zero pivot 2.22045e-14
                matrix ordering: nd
                factor fill ratio given 5., needed 1.35955
                  Factored matrix follows:
                    Mat Object:     1 MPI processes
                      type: seqaij
                      rows=21, cols=21
                      package used to perform factorization: petsc
                      total: nonzeros=363, allocated nonzeros=363
                      total number of mallocs used during MatSetValues calls =0
                        using I-node routines: found 10 nodes, limit used is 5
              linear system matrix = precond matrix:
              Mat Object:     1 MPI processes
                type: seqaij
                rows=21, cols=21
                total: nonzeros=267, allocated nonzeros=267
                total number of mallocs used during MatSetValues calls =0
                  using I-node routines: found 16 nodes, limit used is 5
    linear system matrix = precond matrix:
    Mat Object: 7 MPI processes
      type: is
      rows=1485, cols=1485
      total: nonzeros=23366, allocated nonzeros=26623
      total number of mallocs used during MatSetValues calls =0
Number of SNES iterations = 2
L_2 Error: < 1.0e-11
