Mesh in 3 dimensions:
  0-cells: 8
  3-cells: 6
Labels:
  marker: 1 strata of sizes (8)
  depth: 2 strata of sizes (8, 6)
Local function
Vector Object: 1 MPI processes
  type: seq
0
1
1
2
1
2
2
3
Initial guess
Vector Object: 1 MPI processes
  type: seq
L_2 Error: 0.625
Residual:
Vector Object: 1 MPI processes
  type: seq
0
0
0
0
0
0
0
0
Initial Residual
Vector Object: 1 MPI processes
  type: seq
L_2 Residual: 0
Jacobian:
Matrix Object: 1 MPI processes
  type: seqaij
Residual:
Vector Object: 1 MPI processes
  type: seq
0
0
0
0
0
0
0
0
Au - b = Au + F(0)
Vector Object: 1 MPI processes
  type: seq
Linear L_2 Residual: 0
