Local function:
Vec Object: 1 MPI processes
  type: seq
0
1
1
2
1
2
2
3
1.25
1.25
2.25
2.25
0.25
0.25
1.25
1.25
0.25
1.25
1.25
2.25
0.5
1.5
1.5
0.5
0.5
1.5
0.75
2.125
2.5625
1.8125
1.0625
1.6875
1.375
2.125
2.5625
1.8125
1.0625
1.375
1.625
1.5625
1.3125
1.0625
1.1875
0.875
0.8125
1.0625
0.625
0.5625
0.875
0.6875
1.3125
1.5625
1.625
1.1875
0.625
1.0625
0.8125
0.5625
1.125
2.125
2.5625
1.8125
1.375
1.8125
1.8125
2.0625
1.8125
1.625
1.125
1.125
1.5625
0.8125
0.875
1.3125
1.0625
0.625
0.6875
1.125
1.3125
1.0625
0.875
0.625
0.8125
0.5625
1.5625
1.125
1.1875
1.625
0.5625
0.3125
0.375
0.3125
2.0625
1.625
2.0625
1.625
0.3125
0.5625
0.375
0.3125
0.8125
1.5625
0.875
1.3125
0.125
0.0625
0.1875
0.125
0.3125
0.0625
0.375
0.125
0.3125
0.5625
0.625
0.6875
0.625
1.5625
0.8125
0.875
1.3125
0.0625
1.0625
1.125
1.0625
Initial guess
Vec Object:potential 1 MPI processes
  type: seq
0.75
1.0625
1.6875
1.375
1.0625
1.375
1.0625
1.1875
0.875
0.5625
0.875
0.6875
1.1875
0.5625
1.375
0.875
0.6875
0.875
0.5625
1.1875
0.375
0.375
0.875
0.1875
0.375
0.6875
0.875
L_2 Error: < 1.0e-11
Residual:
Vec Object: 1 MPI processes
  type: seq
0
0
0
0
0
0
0
0
0
0
0
0
0
0
0
0
0
0
0
0
0
0
0
0
0
0
0
0
0
0
-0.05
0
-0.00416667
0
0
0
-0.0833333
-0.0229167
0
0
0
-0.05
-0.0625
-0.0416667
0
0
0
-0.0833333
-0.04375
-0.0625
0
0
0
-0.0416667
0
0
0
-0.0333333
0
0
0
0
-0.0229167
0
0
0
0
0
0
0
0
0
-0.0395833
0
0
0
-0.0416667
0
0
0
-0.0395833
0
0
-0.0333333
0
0
-0.0625
0
0
0
0.00416667
0
0
0
0
0
0
0
-0.01875
0
0
0
-0.04375
0
0
0
0
0
0
0
-0.01875
0
0
0
0
-0.0625
0
0
0
-0.0416667
0
0
0
0
0
Initial Residual
Vec Object: 1 MPI processes
  type: seq
0
-0.05
0
-0.00416667
-0.0833333
-0.0229167
-0.05
-0.0625
-0.0416667
-0.0833333
-0.04375
-0.0625
-0.0416667
-0.0333333
-0.0229167
-0.0395833
-0.0416667
-0.0395833
-0.0333333
-0.0625
0.00416667
-0.01875
-0.04375
0
-0.01875
-0.0625
-0.0416667
L_2 Residual: 0.228977
Jacobian:
Mat Object: 1 MPI processes
  type: seqaij
row 0: (0, 2.4)  (1, -0.733333)  (2, -0.15)  (3, -0.108333)  (4, -0.533333)  (5, -0.0875)  (6, -0.733333)  (7, -0.1)  (8, -0.0666667)  (9, -0.533333)  (10, -0.0875)  (11, -0.1)  (12, -0.15)  (13, -0.333333)  (14, -0.0875)  (15, -0.0458333)  (16, -0.05)  (17, -0.0458333)  (18, -0.333333)  (19, -0.1)  (20, -0.025)  (21, -0.0458333)  (22, -0.0875)  (23, -0.05)  (24, -0.0458333)  (25, -0.1)  (26, -0.0666667) 
row 1: (0, -0.733333)  (1, 2.93333)  (2, 0)  (3, -0.433333)  (5, -0.366667)  (12, 0)  (19, 0)  (22, -0.366667)  (25, 0)  (26, -0.3) 
row 2: (0, -0.15)  (1, 0)  (2, 2.4)  (3, -0.216667)  (4, 0)  (5, -0.191667)  (6, 0)  (14, -0.191667) 
row 3: (0, -0.108333)  (1, -0.433333)  (2, -0.216667)  (3, 2.6)  (6, -0.433333)  (12, -0.216667) 
row 4: (0, -0.533333)  (2, 0)  (4, 2.13333)  (5, -0.333333)  (7, 0)  (14, -0.333333)  (15, -0.2)  (16, 0)  (17, -0.2)  (19, 0) 
row 5: (0, -0.0875)  (1, -0.366667)  (2, -0.191667)  (4, -0.333333)  (5, 2.1)  (19, -0.158333) 
row 6: (0, -0.733333)  (2, 0)  (3, -0.433333)  (6, 2.93333)  (7, 0)  (8, -0.3)  (10, -0.366667)  (11, 0)  (12, 0)  (14, -0.366667) 
row 7: (0, -0.1)  (4, 0)  (6, 0)  (7, 1.6)  (8, -0.133333)  (13, 0)  (14, -0.158333)  (15, -0.108333) 
row 8: (0, -0.0666667)  (6, -0.3)  (7, -0.133333)  (8, 1.6)  (11, -0.133333)  (13, -0.233333) 
row 9: (0, -0.533333)  (9, 2.13333)  (10, -0.333333)  (11, 0)  (12, 0)  (21, -0.2)  (22, -0.333333)  (23, 0)  (24, -0.2)  (25, 0) 
row 10: (0, -0.0875)  (6, -0.366667)  (9, -0.333333)  (10, 2.1)  (11, -0.158333)  (12, -0.191667) 
row 11: (0, -0.1)  (6, 0)  (8, -0.133333)  (9, 0)  (10, -0.158333)  (11, 1.6)  (13, 0)  (21, -0.108333) 
row 12: (0, -0.15)  (1, 0)  (3, -0.216667)  (6, 0)  (9, 0)  (10, -0.191667)  (12, 2.4)  (22, -0.191667) 
row 13: (0, -0.333333)  (7, 0)  (8, -0.233333)  (11, 0)  (13, 1.33333)  (15, -0.166667)  (16, 0)  (20, -0.1)  (21, -0.166667)  (23, 0) 
row 14: (0, -0.0875)  (2, -0.191667)  (4, -0.333333)  (6, -0.366667)  (7, -0.158333)  (14, 2.1) 
row 15: (0, -0.0458333)  (4, -0.2)  (7, -0.108333)  (13, -0.166667)  (15, 1.1)  (16, -0.075) 
row 16: (0, -0.05)  (4, 0)  (13, 0)  (15, -0.075)  (16, 0.8)  (17, -0.075)  (18, 0)  (20, -0.05) 
row 17: (0, -0.0458333)  (4, -0.2)  (16, -0.075)  (17, 1.1)  (18, -0.166667)  (19, -0.108333) 
row 18: (0, -0.333333)  (16, 0)  (17, -0.166667)  (18, 1.33333)  (19, 0)  (20, -0.1)  (23, 0)  (24, -0.166667)  (25, 0)  (26, -0.233333) 
row 19: (0, -0.1)  (1, 0)  (4, 0)  (5, -0.158333)  (17, -0.108333)  (18, 0)  (19, 1.6)  (26, -0.133333) 
row 20: (0, -0.025)  (13, -0.1)  (16, -0.05)  (18, -0.1)  (20, 0.6)  (23, -0.05) 
row 21: (0, -0.0458333)  (9, -0.2)  (11, -0.108333)  (13, -0.166667)  (21, 1.1)  (23, -0.075) 
row 22: (0, -0.0875)  (1, -0.366667)  (9, -0.333333)  (12, -0.191667)  (22, 2.1)  (25, -0.158333) 
row 23: (0, -0.05)  (9, 0)  (13, 0)  (18, 0)  (20, -0.05)  (21, -0.075)  (23, 0.8)  (24, -0.075) 
row 24: (0, -0.0458333)  (9, -0.2)  (18, -0.166667)  (23, -0.075)  (24, 1.1)  (25, -0.108333) 
row 25: (0, -0.1)  (1, 0)  (9, 0)  (18, 0)  (22, -0.158333)  (24, -0.108333)  (25, 1.6)  (26, -0.133333) 
row 26: (0, -0.0666667)  (1, -0.3)  (18, -0.233333)  (19, -0.133333)  (25, -0.133333)  (26, 1.6) 
Residual:
Vec Object: 1 MPI processes
  type: seq
0
0
0
0
0
0
0
0
0
0
0
0
0
0
0
0
0
0
0
0
0
0
0
0
0
0
2.63333
0
0
0
-0.933333
-3.1125
-1.95417
0
0
0
-0.683333
-1.58958
0
0
0
-0.933333
-1.45833
-0.691667
0
0
0
-0.15
-0.902083
-0.791667
0
0
0
-2.14583
0
0
0
-0.0833333
0
0
0
0
-1.58958
0
0
0
0
0
0
0
0
0
-0.48125
0
0
0
-0.404167
0
0
0
-0.48125
0
0
-0.0833333
0
0
-1.45833
0
0
0
-0.0458333
0
0
0
0
0
0
0
-0.102083
0
0
0
-0.902083
0
0
0
-0.0375
0
0
0
-0.102083
0
0
0
0
-0.791667
0
0
0
-0.691667
0
0
0
0
0
Au - b = Au + F(0)
Vec Object: 1 MPI processes
  type: seq
0
-0.05
0
-0.00416667
-0.0833333
-0.0229167
-0.05
-0.0625
-0.0416667
-0.0833333
-0.04375
-0.0625
-0.0416667
-0.0333333
-0.0229167
-0.0395833
-0.0416667
-0.0395833
-0.0333333
-0.0625
0.00416667
-0.01875
-0.04375
0
-0.01875
-0.0625
-0.0416667
Linear L_2 Residual: 0.228977