Local function:
Vec Object: 1 MPI processes
  type: seq
0.
0.25
1.
0.25
0.5
1.25
1.
1.25
2.
0.0625
0.125
0.0625
0.625
0.5625
0.3125
0.3125
0.625
1.0625
0.8125
0.5625
1.125
1.5625
1.5625
0.8125
1.0625
0.015625
0.140625
0.15625
0.15625
0.140625
0.015625
0.53125
0.78125
0.765625
0.390625
0.265625
0.390625
0.265625
0.390625
0.53125
0.78125
1.01562
1.14062
1.01563
0.640625
0.390625
0.765625
1.15625
1.15625
1.39062
1.76562
1.76563
1.39063
1.01562
0.640625
1.14062
1.01562
0.078125
0.078125
0.03125
0.578125
0.40625
0.453125
0.203125
0.28125
0.203125
0.828125
0.90625
0.703125
0.453125
0.40625
0.578125
1.32812
1.53125
1.32813
0.953125
0.78125
0.953125
0.90625
0.828125
0.703125
Initial guess
Vec Object: potential 1 MPI processes
  type: seq
0.5
0.125
0.625
0.3125
0.3125
0.625
0.8125
1.125
0.8125
0.15625
0.15625
0.53125
0.78125
0.265625
0.390625
0.265625
0.390625
0.53125
0.78125
1.01563
0.640625
1.15625
1.15625
1.01562
0.640625
0.078125
0.078125
0.03125
0.578125
0.40625
0.453125
0.203125
0.28125
0.203125
0.828125
0.90625
0.703125
0.453125
0.40625
0.578125
1.32812
1.53125
1.32813
0.953125
0.78125
0.953125
0.90625
0.828125
0.703125
L_2 Error: < 1.0e-11
Residual:
Vec Object: 1 MPI processes
  type: seq
0.
0.
0.
0.
0.
0.
0.
0.
0.
0.
0.
0.
0.
0.
0.
0.
0.
0.
0.
0.
0.
0.
0.
0.
0.
0.
0.
0.
0.
0.
0.
0.
0.
0.
0.
0.
0.
0.
0.
0.
0.
0.
0.
0.
0.
0.
0.
0.
0.
0.
0.
0.
0.
0.
0.
0.
0.
0.
0.
0.
0.
0.
0.
0.
0.
0.
0.
0.
0.
0.
0.
0.
0.
0.
0.
0.
0.
0.
0.
0.
0.
Initial Residual
Vec Object: 1 MPI processes
  type: seq
0.
0.
0.
0.
0.
0.
0.
0.
0.
0.
0.
0.
0.
0.
0.
0.
0.
0.
0.
0.
0.
0.
0.
0.
0.
0.
0.
0.
0.
0.
0.
0.
0.
0.
0.
0.
0.
0.
0.
0.
0.
0.
0.
0.
0.
0.
0.
0.
0.
L_2 Residual: 0.
Jacobian:
Mat Object: 1 MPI processes
  type: seqaij
row 0: (0, 4.)  (2, 0.)  (3, 0.333333)  (4, 0.333333)  (5, 0.)  (6, 0.333333)  (8, 0.333333)  (11, 0.)  (14, -1.33333)  (16, -1.33333)  (17, 0.)  (20, -1.33333)  (24, -1.33333)  (30, 0.)  (32, 0.)  (36, 0.)  (37, 0.)  (44, 0.)  (48, 0.) 
row 1: (1, 4.)  (3, 0.333333)  (4, 0.333333)  (9, 0.)  (10, 0.)  (13, 0.)  (15, 0.)  (25, -1.33333)  (26, -1.33333)  (27, 0.)  (31, -1.33333)  (32, 0.)  (33, -1.33333) 
row 2: (0, 0.)  (2, 4.)  (3, 0.333333)  (8, 0.333333)  (11, 0.)  (12, 0.)  (14, 0.)  (24, 0.)  (28, -1.33333)  (29, 0.)  (30, -1.33333)  (46, 0.)  (47, -1.33333)  (48, -1.33333) 
row 3: (0, 0.333333)  (1, 0.333333)  (2, 0.333333)  (3, 4.)  (4, 0.)  (10, 0.)  (11, 0.)  (13, -1.33333)  (14, -1.33333)  (16, 0.)  (28, 0.)  (29, 0.)  (30, -1.33333)  (31, 0.)  (32, 0.)  (33, -1.33333) 
row 4: (0, 0.333333)  (1, 0.333333)  (3, 0.)  (4, 4.)  (5, 0.333333)  (9, 0.)  (14, 0.)  (15, -1.33333)  (16, -1.33333)  (17, 0.)  (31, -1.33333)  (32, 0.)  (33, 0.)  (37, -1.33333)  (38, 0.)  (39, 0.) 
row 5: (0, 0.)  (4, 0.333333)  (5, 4.)  (6, 0.333333)  (16, 0.)  (17, 0.)  (18, 0.)  (20, 0.)  (34, -1.33333)  (35, 0.)  (36, -1.33333)  (37, -1.33333)  (38, 0.)  (39, -1.33333) 
row 6: (0, 0.333333)  (5, 0.333333)  (6, 4.)  (7, 0.333333)  (8, 0.)  (17, 0.)  (19, -1.33333)  (20, -1.33333)  (22, 0.)  (24, 0.)  (34, 0.)  (35, 0.)  (36, -1.33333)  (43, 0.)  (44, 0.)  (45, -1.33333) 
row 7: (6, 0.333333)  (7, 4.)  (8, 0.333333)  (19, 0.)  (21, 0.)  (22, 0.)  (23, 0.)  (40, -1.33333)  (41, 0.)  (42, -1.33333)  (43, -1.33333)  (44, 0.)  (45, -1.33333) 
row 8: (0, 0.333333)  (2, 0.333333)  (6, 0.)  (7, 0.333333)  (8, 4.)  (11, 0.)  (20, 0.)  (21, 0.)  (23, -1.33333)  (24, -1.33333)  (43, -1.33333)  (44, 0.)  (45, 0.)  (46, 0.)  (47, 0.)  (48, -1.33333) 
row 9: (1, 0.)  (4, 0.)  (9, 5.33333)  (15, -1.33333)  (25, -1.33333)  (31, -1.33333) 
row 10: (1, 0.)  (3, 0.)  (10, 5.33333)  (13, -1.33333)  (26, -1.33333)  (33, -1.33333) 
row 11: (0, 0.)  (2, 0.)  (3, 0.)  (8, 0.)  (11, 5.33333)  (14, -1.33333)  (24, -1.33333)  (30, -1.33333)  (48, -1.33333) 
row 12: (2, 0.)  (12, 5.33333)  (28, -1.33333)  (47, -1.33333) 
row 13: (1, 0.)  (3, -1.33333)  (10, -1.33333)  (13, 5.33333)  (29, -1.33333)  (33, 0.) 
row 14: (0, -1.33333)  (2, 0.)  (3, -1.33333)  (4, 0.)  (11, -1.33333)  (14, 5.33333)  (16, 0.)  (30, 0.)  (32, -1.33333) 
row 15: (1, 0.)  (4, -1.33333)  (9, -1.33333)  (15, 5.33333)  (31, 0.)  (38, -1.33333) 
row 16: (0, -1.33333)  (3, 0.)  (4, -1.33333)  (5, 0.)  (14, 0.)  (16, 5.33333)  (17, -1.33333)  (32, -1.33333)  (37, 0.) 
row 17: (0, 0.)  (4, 0.)  (5, 0.)  (6, 0.)  (16, -1.33333)  (17, 5.33333)  (20, -1.33333)  (36, -1.33333)  (37, -1.33333) 
row 18: (5, 0.)  (18, 5.33333)  (34, -1.33333)  (39, -1.33333) 
row 19: (6, -1.33333)  (7, 0.)  (19, 5.33333)  (22, -1.33333)  (35, -1.33333)  (45, 0.) 
row 20: (0, -1.33333)  (5, 0.)  (6, -1.33333)  (8, 0.)  (17, -1.33333)  (20, 5.33333)  (24, 0.)  (36, 0.)  (44, -1.33333) 
row 21: (7, 0.)  (8, 0.)  (21, 5.33333)  (23, -1.33333)  (42, -1.33333)  (43, -1.33333) 
row 22: (6, 0.)  (7, 0.)  (19, -1.33333)  (22, 5.33333)  (40, -1.33333)  (45, -1.33333) 
row 23: (7, 0.)  (8, -1.33333)  (21, -1.33333)  (23, 5.33333)  (43, 0.)  (46, -1.33333) 
row 24: (0, -1.33333)  (2, 0.)  (6, 0.)  (8, -1.33333)  (11, -1.33333)  (20, 0.)  (24, 5.33333)  (44, -1.33333)  (48, 0.) 
row 25: (1, -1.33333)  (9, -1.33333)  (25, 5.33333)  (26, 0.)  (27, -1.33333) 
row 26: (1, -1.33333)  (10, -1.33333)  (25, 0.)  (26, 5.33333)  (27, -1.33333) 
row 27: (1, 0.)  (25, -1.33333)  (26, -1.33333)  (27, 5.33333) 
row 28: (2, -1.33333)  (3, 0.)  (12, -1.33333)  (28, 5.33333)  (29, -1.33333)  (30, 0.) 
row 29: (2, 0.)  (3, 0.)  (13, -1.33333)  (28, -1.33333)  (29, 5.33333)  (30, -1.33333) 
row 30: (0, 0.)  (2, -1.33333)  (3, -1.33333)  (11, -1.33333)  (14, 0.)  (28, 0.)  (29, -1.33333)  (30, 5.33333) 
row 31: (1, -1.33333)  (3, 0.)  (4, -1.33333)  (9, -1.33333)  (15, 0.)  (31, 5.33333)  (32, -1.33333)  (33, 0.) 
row 32: (0, 0.)  (1, 0.)  (3, 0.)  (4, 0.)  (14, -1.33333)  (16, -1.33333)  (31, -1.33333)  (32, 5.33333)  (33, -1.33333) 
row 33: (1, -1.33333)  (3, -1.33333)  (4, 0.)  (10, -1.33333)  (13, 0.)  (31, 0.)  (32, -1.33333)  (33, 5.33333) 
row 34: (5, -1.33333)  (6, 0.)  (18, -1.33333)  (34, 5.33333)  (35, -1.33333)  (36, 0.) 
row 35: (5, 0.)  (6, 0.)  (19, -1.33333)  (34, -1.33333)  (35, 5.33333)  (36, -1.33333) 
row 36: (0, 0.)  (5, -1.33333)  (6, -1.33333)  (17, -1.33333)  (20, 0.)  (34, 0.)  (35, -1.33333)  (36, 5.33333) 
row 37: (0, 0.)  (4, -1.33333)  (5, -1.33333)  (16, 0.)  (17, -1.33333)  (37, 5.33333)  (38, -1.33333)  (39, 0.) 
row 38: (4, 0.)  (5, 0.)  (15, -1.33333)  (37, -1.33333)  (38, 5.33333)  (39, -1.33333) 
row 39: (4, 0.)  (5, -1.33333)  (18, -1.33333)  (37, 0.)  (38, -1.33333)  (39, 5.33333) 
row 40: (7, -1.33333)  (22, -1.33333)  (40, 5.33333)  (41, -1.33333)  (42, 0.) 
row 41: (7, 0.)  (40, -1.33333)  (41, 5.33333)  (42, -1.33333) 
row 42: (7, -1.33333)  (21, -1.33333)  (40, 0.)  (41, -1.33333)  (42, 5.33333) 
row 43: (6, 0.)  (7, -1.33333)  (8, -1.33333)  (21, -1.33333)  (23, 0.)  (43, 5.33333)  (44, -1.33333)  (45, 0.) 
row 44: (0, 0.)  (6, 0.)  (7, 0.)  (8, 0.)  (20, -1.33333)  (24, -1.33333)  (43, -1.33333)  (44, 5.33333)  (45, -1.33333) 
row 45: (6, -1.33333)  (7, -1.33333)  (8, 0.)  (19, 0.)  (22, -1.33333)  (43, 0.)  (44, -1.33333)  (45, 5.33333) 
row 46: (2, 0.)  (8, 0.)  (23, -1.33333)  (46, 5.33333)  (47, -1.33333)  (48, -1.33333) 
row 47: (2, -1.33333)  (8, 0.)  (12, -1.33333)  (46, -1.33333)  (47, 5.33333)  (48, 0.) 
row 48: (0, 0.)  (2, -1.33333)  (8, -1.33333)  (11, -1.33333)  (24, 0.)  (46, -1.33333)  (47, 0.)  (48, 5.33333) 
Residual:
Vec Object: 1 MPI processes
  type: seq
0.
0.
0.
0.
0.
0.
0.
0.
0.
0.
0.0416667
0.
0.541667
0.
0.0833333
0.0833333
0.541667
0.
0.416667
0.
1.04167
0.
0.
0.416667
0.
0.
0.
-0.104167
-0.104167
0.
0.
0.0833333
-2.29167
0.
0.
-0.25
0.0833333
-0.25
0.0833333
0.0833333
-2.29167
0.
0.
-1.58333
0.0833333
0.
0.
-1.77083
-1.77083
0.
0.
0.
0.
-1.58333
0.0833333
0.
0.
0.
0.
0.0416667
-0.666667
-0.4375
0.0833333
0.0833333
0.0833333
0.0833333
-1.33333
-1.4375
0.0833333
0.0833333
-0.4375
-0.666667
-2.
-4.625
-2.
0.0833333
0.0833333
0.0833333
-1.4375
-1.33333
0.0833333
Au - b = Au + F(0)
Vec Object: 1 MPI processes
  type: seq
0.
0.
0.
0.
0.
0.
0.
0.
0.
0.
0.
0.
0.
0.
0.
0.
0.
0.
0.
0.
0.
0.
0.
0.
0.
0.
0.
0.
0.
0.
0.
0.
0.
0.
0.
0.
0.
0.
0.
0.
0.
0.
0.
0.
0.
0.
0.
0.
0.
Linear L_2 Residual: 0.
