0 SNES Function norm 4.374231510419e+02 
    0 SNES Function norm 4.374231510419e+02 
    1 SNES Function norm 1.249659261289e+02 
    0 SNES Function norm 1.239544817774e+02 
      0 SNES Function norm 123.954 
      1 SNES Function norm 55.8642 
      2 SNES Function norm 69.1988 
      3 SNES Function norm 17.3006 
      4 SNES Function norm 2.50206 
      5 SNES Function norm 0.0361675 
      6 SNES Function norm 8.60483e-06 
      7 SNES Function norm < 1.e-11
    1 SNES Function norm 5.773199234575e-13 
    0 SNES Function norm 6.845269208216e+01 
    1 SNES Function norm 2.059950108673e+01 
  1 SNES Function norm 2.059950108673e+01 
    0 SNES Function norm 2.059950108673e+01 
    1 SNES Function norm 6.973119668001e+00 
    0 SNES Function norm 4.901734389202e+00 
      0 SNES Function norm 4.90173 
      1 SNES Function norm 1.23212 
      2 SNES Function norm 0.050306 
      3 SNES Function norm 0.000524318 
      4 SNES Function norm 4.76171e-08 
    1 SNES Function norm 4.761712801424e-08 
    0 SNES Function norm 1.666948913517e+01 
    1 SNES Function norm 1.164793093098e+01 
  2 SNES Function norm 1.164793093098e+01 
    0 SNES Function norm 1.164793093098e+01 
    1 SNES Function norm 3.228618309973e+00 
    0 SNES Function norm 2.401574700421e+00 
      0 SNES Function norm 2.40157 
      1 SNES Function norm 0.343444 
      2 SNES Function norm 0.0136405 
      3 SNES Function norm 2.36921e-05 
      4 SNES Function norm 7.298e-11 
    1 SNES Function norm 7.298410452657e-11 
    0 SNES Function norm 1.964746558780e+00 
    1 SNES Function norm 3.205667766172e-01 
  3 SNES Function norm 3.205667766172e-01 
    0 SNES Function norm 3.205667766172e-01 
    1 SNES Function norm 1.459634097254e-02 
    0 SNES Function norm 7.510287962562e-03 
      0 SNES Function norm 0.00751029 
      1 SNES Function norm 6.33223e-06 
      2 SNES Function norm < 1.e-11
    1 SNES Function norm 4.362994469465e-12 
    0 SNES Function norm 1.277582610128e-02 
    1 SNES Function norm 1.704572676648e-05 
  4 SNES Function norm 1.704572676648e-05 
    0 SNES Function norm 1.704572676648e-05 
    1 SNES Function norm 5.929924931821e-11 
    0 SNES Function norm 2.075118817864e-11 
      0 SNES Function norm 2.075e-11 
      1 SNES Function norm < 1.e-11
    1 SNES Function norm 2.780211392512e-15 
    0 SNES Function norm 5.556100184746e-11 
    1 SNES Function norm 2.744946927840e-15 
  5 SNES Function norm 2.744946927840e-15 
Nonlinear solve converged due to CONVERGED_FNORM_RELATIVE iterations 5
SNES Object: 1 MPI processes
  type: fas
  FAS: type is MULTIPLICATIVE, levels=2, cycles=1
      Not using Galerkin computed coarse grid function evaluation
  Coarse grid solver -- level 0 -------------------------------
    SNES Object:    (fas_coarse_)     1 MPI processes
      type: newtonls
      maximum iterations=50, maximum function evaluations=10000
      tolerances: relative=1e-08, absolute=1e-50, solution=1e-08
      total number of linear solver iterations=1
      total number of function evaluations=1
      SNESLineSearch Object:      (fas_coarse_)       1 MPI processes
        type: basic
        maxstep=1.000000e+08, minlambda=1.000000e-12
        tolerances: relative=1.000000e-08, absolute=1.000000e-15, lambda=1.000000e-08
        maximum iterations=40
      KSP Object:      (fas_coarse_)       1 MPI processes
        type: gmres
          GMRES: restart=30, using Classical (unmodified) Gram-Schmidt Orthogonalization with no iterative refinement
          GMRES: happy breakdown tolerance 1e-30
        maximum iterations=10000, initial guess is zero
        tolerances:  relative=1e-10, absolute=1e-50, divergence=10000
        left preconditioning
        using PRECONDITIONED norm type for convergence test
      PC Object:      (fas_coarse_)       1 MPI processes
        type: svd
        linear system matrix = precond matrix:
        Mat Object:         1 MPI processes
          type: seqaij
          rows=9, cols=9
          total: nonzeros=41, allocated nonzeros=41
          total number of mallocs used during MatSetValues calls =0
            not using I-node routines
  Down solver (pre-smoother) on level 1 -------------------------------
    SNES Object:    (fas_levels_1_)     1 MPI processes
      type: newtonls
      maximum iterations=1, maximum function evaluations=30000
      tolerances: relative=0, absolute=0, solution=0
      total number of linear solver iterations=1
      total number of function evaluations=2
      SNESLineSearch Object:      (fas_levels_1_)       1 MPI processes
        type: bt
          interpolation: cubic
          alpha=1.000000e-04
        maxstep=1.000000e+08, minlambda=1.000000e-12
        tolerances: relative=1.000000e-08, absolute=1.000000e-15, lambda=1.000000e-08
        maximum iterations=40
      KSP Object:      (fas_levels_1_)       1 MPI processes
        type: gmres
          GMRES: restart=30, using Classical (unmodified) Gram-Schmidt Orthogonalization with no iterative refinement
          GMRES: happy breakdown tolerance 1e-30
        maximum iterations=10000, initial guess is zero
        tolerances:  relative=1e-10, absolute=1e-50, divergence=10000
        left preconditioning
        using PRECONDITIONED norm type for convergence test
      PC Object:      (fas_levels_1_)       1 MPI processes
        type: svd
        linear system matrix = precond matrix:
        Mat Object:         1 MPI processes
          type: seqaij
          rows=49, cols=49
          total: nonzeros=289, allocated nonzeros=289
          total number of mallocs used during MatSetValues calls =0
            not using I-node routines
  Up solver (post-smoother) same as down solver (pre-smoother)
  maximum iterations=10000, maximum function evaluations=30000
  tolerances: relative=1e-08, absolute=1e-50, solution=1e-08
  total number of linear solver iterations=0
  total number of function evaluations=1
  SNESLineSearch Object:   1 MPI processes
    type: basic
    maxstep=1.000000e+08, minlambda=1.000000e-12
    tolerances: relative=1.000000e-08, absolute=1.000000e-15, lambda=1.000000e-08
    maximum iterations=1
Number of SNES iterations = 5
L_2 Error: 0.0054025