DM Object:Mesh 1 MPI processes
  type: plex
Mesh in 3 dimensions:
  0-cells: 27
  1-cells: 98
  2-cells: 120
  3-cells: 48
Labels:
  marker: 1 strata of sizes (74)
  depth: 4 strata of sizes (27, 98, 120, 48)
Local function:
Vec Object: 1 MPI processes
  type: seq
0
1
1
2
1
2
2
3
1.25
1.25
2.25
2.25
0.25
0.25
1.25
1.25
0.25
1.25
1.25
2.25
0.5
1.5
1.5
0.5
0.5
1.5
0.75
Initial guess
Vec Object:potential 1 MPI processes
  type: seq
0.75
L_2 Error: 0.15625
Residual:
Vec Object: 1 MPI processes
  type: seq
0
0
0
0
0
0
0
0
0
0
0
0
0
0
0
0
0
0
0
0
0
0
0
0
0
0
0
Initial Residual
Vec Object: 1 MPI processes
  type: seq
0
L_2 Residual: 0
Jacobian:
Mat Object: 1 MPI processes
  type: seqaij
row 0: (0, 4) 
Residual:
Vec Object: 1 MPI processes
  type: seq
0
0
0
0
0
0
0
0
0
0
0
0
0
0
0
0
0
0
0
0
0
0
0
0
0
0
-3
Au - b = Au + F(0)
Vec Object: 1 MPI processes
  type: seq
0
Linear L_2 Residual: 0