Local function:
Vec Object: 1 MPI processes
  type: seq
0.
0.666667
0.666667
1.33333
0.666667
1.33333
1.33333
2.
0.5
0.333333
1.5
1.
0.166667
0.833333
0.333333
1.5
0.833333
0.166667
1.
0.166667
0.833333
1.
0.833333
0.333333
1.5
0.833333
0.833333
Initial guess
Vec Object: potential 1 MPI processes
  type: seq
9.06682e-16
0.666667
0.666667
1.33333
0.666667
1.33333
1.33333
2.
0.5
0.333333
1.5
1.
0.166667
0.833333
0.333333
1.5
0.833333
0.166667
1.
0.166667
0.833333
1.
0.833333
0.333333
1.5
0.833333
0.833333
L_2 Error: < 1.0e-11
Residual:
Vec Object: 1 MPI processes
  type: seq
0.
0.
0.
0.
0.
0.
0.
0.
0.
0.
-0.222222
-0.222222
0.
-0.111111
0.
-0.222222
-0.111111
0.
-0.222222
0.
-0.111111
-0.222222
-0.111111
0.
-0.222222
-0.111111
-0.111111
Initial Residual
Vec Object: 1 MPI processes
  type: seq
0.
0.
0.
0.
0.
0.
0.
0.
0.
0.
-0.222222
-0.222222
0.
-0.111111
0.
-0.222222
-0.111111
0.
-0.222222
0.
-0.111111
-0.222222
-0.111111
0.
-0.222222
-0.111111
-0.111111
L_2 Residual: 0.608581
Jacobian:
Mat Object: 1 MPI processes
  type: seqaij
row 0: (0, 0.6)  (1, 0.0666667)  (2, 0.0666667)  (3, 0.)  (4, 0.0666667)  (5, 0.)  (6, 0.)  (7, 0.)  (8, -0.2)  (9, -0.0666667)  (10, 0.)  (11, 0.0666667)  (12, -0.266667)  (13, 0.0333333)  (14, -0.0666667)  (15, 0.)  (16, 0.0333333)  (17, -0.266667)  (18, 0.0666667)  (19, -0.266667)  (20, 0.0333333)  (21, 0.0666667)  (22, 0.0333333)  (23, -0.0666667)  (24, 0.)  (25, 0.0333333)  (26, 0.0333333) 
row 1: (0, 0.0666667)  (1, 0.4)  (3, 0.0333333)  (5, 0.0333333)  (7, 0.)  (8, 0.0666667)  (9, 0.0666667)  (10, 0.0333333)  (14, 0.0666667)  (15, 0.0333333)  (19, -0.333333)  (20, -0.166667)  (21, -0.133333)  (22, -0.166667) 
row 2: (0, 0.0666667)  (2, 0.4)  (3, 0.0333333)  (6, 0.0333333)  (7, 0.)  (8, 0.0666667)  (9, 0.0666667)  (10, 0.0333333)  (11, -0.133333)  (12, -0.333333)  (13, -0.166667)  (23, 0.0666667)  (24, 0.0333333)  (25, -0.166667) 
row 3: (0, 0.)  (1, 0.0333333)  (2, 0.0333333)  (3, 0.4)  (7, 0.0666667)  (8, 0.0666667)  (9, -0.133333)  (10, -0.333333)  (11, 0.0666667)  (12, 0.0333333)  (13, -0.166667)  (19, 0.0333333)  (20, -0.166667)  (21, 0.0666667) 
row 4: (0, 0.0666667)  (4, 0.4)  (5, 0.0333333)  (6, 0.0333333)  (7, 0.)  (8, 0.0666667)  (14, 0.0666667)  (15, 0.0333333)  (16, -0.166667)  (17, -0.333333)  (18, -0.133333)  (23, 0.0666667)  (24, 0.0333333)  (26, -0.166667) 
row 5: (0, 0.)  (1, 0.0333333)  (4, 0.0333333)  (5, 0.4)  (7, 0.0666667)  (8, 0.0666667)  (14, -0.133333)  (15, -0.333333)  (16, -0.166667)  (17, 0.0333333)  (18, 0.0666667)  (19, 0.0333333)  (21, 0.0666667)  (22, -0.166667) 
row 6: (0, 0.)  (2, 0.0333333)  (4, 0.0333333)  (6, 0.4)  (7, 0.0666667)  (8, 0.0666667)  (11, 0.0666667)  (12, 0.0333333)  (17, 0.0333333)  (18, 0.0666667)  (23, -0.133333)  (24, -0.333333)  (25, -0.166667)  (26, -0.166667) 
row 7: (0, 0.)  (1, 0.)  (2, 0.)  (3, 0.0666667)  (4, 0.)  (5, 0.0666667)  (6, 0.0666667)  (7, 0.6)  (8, -0.2)  (9, 0.0666667)  (10, -0.266667)  (11, -0.0666667)  (12, 0.)  (13, 0.0333333)  (14, 0.0666667)  (15, -0.266667)  (16, 0.0333333)  (17, 0.)  (18, -0.0666667)  (19, 0.)  (20, 0.0333333)  (21, -0.0666667)  (22, 0.0333333)  (23, 0.0666667)  (24, -0.266667)  (25, 0.0333333)  (26, 0.0333333) 
row 8: (0, -0.2)  (1, 0.0666667)  (2, 0.0666667)  (3, 0.0666667)  (4, 0.0666667)  (5, 0.0666667)  (6, 0.0666667)  (7, -0.2)  (8, 3.2)  (9, -0.266667)  (10, 0.)  (11, -0.266667)  (12, 0.)  (13, -0.266667)  (14, -0.266667)  (15, 0.)  (16, -0.266667)  (17, 0.)  (18, -0.266667)  (19, 0.)  (20, -0.266667)  (21, -0.266667)  (22, -0.266667)  (23, -0.266667)  (24, 0.)  (25, -0.266667)  (26, -0.266667) 
row 9: (0, -0.0666667)  (1, 0.0666667)  (2, 0.0666667)  (3, -0.133333)  (7, 0.0666667)  (8, -0.266667)  (9, 1.6)  (10, 0.266667)  (11, -0.4)  (12, -0.266667)  (13, -0.133333)  (19, -0.266667)  (20, -0.133333)  (21, -0.4) 
row 10: (0, 0.)  (1, 0.0333333)  (2, 0.0333333)  (3, -0.333333)  (7, -0.266667)  (8, 0.)  (9, 0.266667)  (10, 1.06667)  (11, -0.266667)  (12, -0.133333)  (13, 0.)  (19, -0.133333)  (20, 0.)  (21, -0.266667) 
row 11: (0, 0.0666667)  (2, -0.133333)  (3, 0.0666667)  (6, 0.0666667)  (7, -0.0666667)  (8, -0.266667)  (9, -0.4)  (10, -0.266667)  (11, 1.6)  (12, 0.266667)  (13, -0.133333)  (23, -0.4)  (24, -0.266667)  (25, -0.133333) 
row 12: (0, -0.266667)  (2, -0.333333)  (3, 0.0333333)  (6, 0.0333333)  (7, 0.)  (8, 0.)  (9, -0.266667)  (10, -0.133333)  (11, 0.266667)  (12, 1.06667)  (13, 0.)  (23, -0.266667)  (24, -0.133333)  (25, 0.) 
row 13: (0, 0.0333333)  (2, -0.166667)  (3, -0.166667)  (7, 0.0333333)  (8, -0.266667)  (9, -0.133333)  (10, 0.)  (11, -0.133333)  (12, 0.)  (13, 0.8) 
row 14: (0, -0.0666667)  (1, 0.0666667)  (4, 0.0666667)  (5, -0.133333)  (7, 0.0666667)  (8, -0.266667)  (14, 1.6)  (15, 0.266667)  (16, -0.133333)  (17, -0.266667)  (18, -0.4)  (19, -0.266667)  (21, -0.4)  (22, -0.133333) 
row 15: (0, 0.)  (1, 0.0333333)  (4, 0.0333333)  (5, -0.333333)  (7, -0.266667)  (8, 0.)  (14, 0.266667)  (15, 1.06667)  (16, 0.)  (17, -0.133333)  (18, -0.266667)  (19, -0.133333)  (21, -0.266667)  (22, 0.) 
row 16: (0, 0.0333333)  (4, -0.166667)  (5, -0.166667)  (7, 0.0333333)  (8, -0.266667)  (14, -0.133333)  (15, 0.)  (16, 0.8)  (17, 0.)  (18, -0.133333) 
row 17: (0, -0.266667)  (4, -0.333333)  (5, 0.0333333)  (6, 0.0333333)  (7, 0.)  (8, 0.)  (14, -0.266667)  (15, -0.133333)  (16, 0.)  (17, 1.06667)  (18, 0.266667)  (23, -0.266667)  (24, -0.133333)  (26, 0.) 
row 18: (0, 0.0666667)  (4, -0.133333)  (5, 0.0666667)  (6, 0.0666667)  (7, -0.0666667)  (8, -0.266667)  (14, -0.4)  (15, -0.266667)  (16, -0.133333)  (17, 0.266667)  (18, 1.6)  (23, -0.4)  (24, -0.266667)  (26, -0.133333) 
row 19: (0, -0.266667)  (1, -0.333333)  (3, 0.0333333)  (5, 0.0333333)  (7, 0.)  (8, 0.)  (9, -0.266667)  (10, -0.133333)  (14, -0.266667)  (15, -0.133333)  (19, 1.06667)  (20, 0.)  (21, 0.266667)  (22, 0.) 
row 20: (0, 0.0333333)  (1, -0.166667)  (3, -0.166667)  (7, 0.0333333)  (8, -0.266667)  (9, -0.133333)  (10, 0.)  (19, 0.)  (20, 0.8)  (21, -0.133333) 
row 21: (0, 0.0666667)  (1, -0.133333)  (3, 0.0666667)  (5, 0.0666667)  (7, -0.0666667)  (8, -0.266667)  (9, -0.4)  (10, -0.266667)  (14, -0.4)  (15, -0.266667)  (19, 0.266667)  (20, -0.133333)  (21, 1.6)  (22, -0.133333) 
row 22: (0, 0.0333333)  (1, -0.166667)  (5, -0.166667)  (7, 0.0333333)  (8, -0.266667)  (14, -0.133333)  (15, 0.)  (19, 0.)  (21, -0.133333)  (22, 0.8) 
row 23: (0, -0.0666667)  (2, 0.0666667)  (4, 0.0666667)  (6, -0.133333)  (7, 0.0666667)  (8, -0.266667)  (11, -0.4)  (12, -0.266667)  (17, -0.266667)  (18, -0.4)  (23, 1.6)  (24, 0.266667)  (25, -0.133333)  (26, -0.133333) 
row 24: (0, 0.)  (2, 0.0333333)  (4, 0.0333333)  (6, -0.333333)  (7, -0.266667)  (8, 0.)  (11, -0.266667)  (12, -0.133333)  (17, -0.133333)  (18, -0.266667)  (23, 0.266667)  (24, 1.06667)  (25, 0.)  (26, 0.) 
row 25: (0, 0.0333333)  (2, -0.166667)  (6, -0.166667)  (7, 0.0333333)  (8, -0.266667)  (11, -0.133333)  (12, 0.)  (23, -0.133333)  (24, 0.)  (25, 0.8) 
row 26: (0, 0.0333333)  (4, -0.166667)  (6, -0.166667)  (7, 0.0333333)  (8, -0.266667)  (17, 0.)  (18, -0.133333)  (23, -0.133333)  (24, 0.)  (26, 0.8) 
Residual:
Vec Object: 1 MPI processes
  type: seq
-0.2
-0.0666667
-0.0666667
-0.0666667
-0.0666667
-0.0666667
-0.0666667
-0.2
0.8
0.266667
-0.4
-0.4
0.266667
-0.2
0.266667
-0.4
-0.2
0.266667
-0.4
0.266667
-0.2
-0.4
-0.2
0.266667
-0.4
-0.2
-0.2
Au - b = Au + F(0)
Vec Object: 1 MPI processes
  type: seq
0.
0.
0.
0.
0.
0.
0.
0.
0.
0.
-0.222222
-0.222222
0.
-0.111111
0.
-0.222222
-0.111111
0.
-0.222222
0.
-0.111111
-0.222222
-0.111111
0.
-0.222222
-0.111111
-0.111111
Linear L_2 Residual: 0.608581
