Local function:
Vec Object: 1 MPI processes
  type: seq
0.
0.25
1.
0.25
0.5
1.25
1.
1.25
2.
0.125
0.625
0.625
1.125
0.03125
0.15625
0.0625
0.78125
0.5625
0.40625
0.28125
0.3125
0.78125
1.0625
0.90625
0.40625
0.5625
1.15625
1.5625
1.53125
0.78125
0.8125
0.90625
1.0625
0.3125
0.15625
0.0625
0.8125
0.53125
0.53125
1.15625
1.5625
Initial guess
Vec Object: potential 1 MPI processes
  type: seq
0.5
0.125
0.625
0.625
1.125
0.03125
0.15625
0.78125
0.40625
0.28125
0.3125
0.78125
0.90625
0.40625
1.15625
1.53125
0.78125
0.8125
0.90625
0.3125
0.15625
0.8125
0.53125
0.53125
1.15625
L_2 Error: < 1.0e-11
Residual:
Vec Object: 1 MPI processes
  type: seq
0.
0.
0.
0.
0.
0.
0.
0.
0.
0.
0.
0.
0.
0.
0.
0.
0.
0.
0.
0.
0.
0.
0.
0.
0.
0.
0.
0.
0.
0.
0.
0.
0.
0.
0.
0.
0.
0.
0.
0.
0.
Initial Residual
Vec Object: 1 MPI processes
  type: seq
0.
0.
0.
0.
0.
0.
0.
0.
0.
0.
0.
0.
0.
0.
0.
0.
0.
0.
0.
0.
0.
0.
0.
0.
0.
L_2 Residual: 0.
Jacobian:
Mat Object: 1 MPI processes
  type: seqaij
row 0: (0, 4.)  (1, 0.233333)  (2, 0.333333)  (3, 0.333333)  (4, 0.433333)  (6, -0.05)  (8, -0.0333333)  (9, -1.03333)  (10, 0.0833333)  (12, 0.0333333)  (13, -0.0333333)  (14, 0.05)  (16, -1.63333)  (17, -0.0833333)  (18, 0.0333333)  (19, 0.0833333)  (20, -0.05)  (21, -0.0833333)  (22, -1.33333)  (23, -1.33333)  (24, 0.05) 
row 1: (0, 0.233333)  (1, 2.)  (5, -0.433333)  (6, -0.666667)  (9, -0.9)  (10, 0.05)  (19, 0.05)  (20, -0.666667) 
row 2: (0, 0.333333)  (2, 4.)  (7, -1.33333)  (8, -1.1)  (10, -0.05)  (18, -1.56667)  (21, 0.05)  (22, -1.33333) 
row 3: (0, 0.333333)  (3, 4.)  (11, -1.33333)  (12, -1.56667)  (13, -1.1)  (17, 0.05)  (19, -0.05)  (23, -1.33333) 
row 4: (0, 0.433333)  (4, 6.)  (14, -2.)  (15, -2.23333)  (16, -1.76667)  (17, -0.05)  (21, -0.05)  (24, -2.) 
row 5: (1, -0.433333)  (5, 1.33333)  (6, -0.0666667)  (20, -0.0666667) 
row 6: (0, -0.05)  (1, -0.666667)  (5, -0.0666667)  (6, 2.66667)  (9, 0.0666667)  (10, -0.8) 
row 7: (2, -1.33333)  (7, 5.33333)  (8, -0.0666667)  (18, 0.0666667) 
row 8: (0, -0.0333333)  (2, -1.1)  (7, -0.0666667)  (8, 4.)  (10, -0.866667)  (22, -0.0666667) 
row 9: (0, -1.03333)  (1, -0.9)  (6, 0.0666667)  (9, 4.)  (10, -1.13333)  (19, -1.13333)  (20, 0.0666667) 
row 10: (0, 0.0833333)  (1, 0.05)  (2, -0.05)  (6, -0.8)  (8, -0.866667)  (9, -1.13333)  (10, 4.)  (22, -1.2) 
row 11: (3, -1.33333)  (11, 5.33333)  (12, 0.0666667)  (13, -0.0666667) 
row 12: (0, 0.0333333)  (3, -1.56667)  (11, 0.0666667)  (12, 6.66667)  (17, -1.8)  (23, 0.0666667) 
row 13: (0, -0.0333333)  (3, -1.1)  (11, -0.0666667)  (13, 4.)  (19, -0.866667)  (23, -0.0666667) 
row 14: (0, 0.05)  (4, -2.)  (14, 8.)  (15, 0.0666667)  (16, -0.0666667)  (17, -1.86667) 
row 15: (4, -2.23333)  (14, 0.0666667)  (15, 9.33333)  (24, 0.0666667) 
row 16: (0, -1.63333)  (4, -1.76667)  (14, -0.0666667)  (16, 6.66667)  (17, -1.53333)  (21, -1.53333)  (24, -0.0666667) 
row 17: (0, -0.0833333)  (3, 0.05)  (4, -0.05)  (12, -1.8)  (14, -1.86667)  (16, -1.53333)  (17, 6.66667)  (23, -1.46667) 
row 18: (0, 0.0333333)  (2, -1.56667)  (7, 0.0666667)  (18, 6.66667)  (21, -1.8)  (22, 0.0666667) 
row 19: (0, 0.0833333)  (1, 0.05)  (3, -0.05)  (9, -1.13333)  (13, -0.866667)  (19, 4.)  (20, -0.8)  (23, -1.2) 
row 20: (0, -0.05)  (1, -0.666667)  (5, -0.0666667)  (9, 0.0666667)  (19, -0.8)  (20, 2.66667) 
row 21: (0, -0.0833333)  (2, 0.05)  (4, -0.05)  (16, -1.53333)  (18, -1.8)  (21, 6.66667)  (22, -1.46667)  (24, -1.86667) 
row 22: (0, -1.33333)  (2, -1.33333)  (8, -0.0666667)  (10, -1.2)  (18, 0.0666667)  (21, -1.46667)  (22, 5.33333) 
row 23: (0, -1.33333)  (3, -1.33333)  (12, 0.0666667)  (13, -0.0666667)  (17, -1.46667)  (19, -1.2)  (23, 5.33333) 
row 24: (0, 0.05)  (4, -2.)  (15, 0.0666667)  (16, -0.0666667)  (21, -1.86667)  (24, 8.) 
Residual:
Vec Object: 1 MPI processes
  type: seq
0.
0.
0.
0.
0.
0.
0.
0.
0.
0.0770833
0.925
0.925
2.53958
0.0333333
-0.075
0.
-3.36667
0.
-0.5625
0.191667
0.166667
-3.36667
0.
-3.70417
-0.5625
0.
-5.55833
0.
-11.9333
0.241667
0.416667
-3.70417
0.
0.166667
-0.075
0.
0.416667
0.2
0.2
-5.55833
0.
Au - b = Au + F(0)
Vec Object: 1 MPI processes
  type: seq
0.
0.
0.
0.
0.
0.
0.
0.
0.
0.
0.
0.
0.
0.
0.
0.
0.
0.
0.
0.
0.
0.
0.
0.
0.
Linear L_2 Residual: 0.
