Local function:
Vec Object: 1 MPI processes
  type: seq
0
1
1
2
1
2
2
3
1.25
1.25
2.25
2.25
0.25
0.25
1.25
1.25
0.25
1.25
1.25
2.25
0.5
1.5
1.5
0.5
0.5
1.5
0.75
2.125
2.5625
1.8125
1.0625
1.6875
1.375
2.125
2.5625
1.8125
1.0625
1.375
1.625
1.5625
1.3125
1.0625
1.1875
0.875
0.8125
1.0625
0.625
0.5625
0.875
0.6875
1.3125
1.5625
1.625
1.1875
0.625
1.0625
0.8125
0.5625
1.125
2.125
2.5625
1.8125
1.375
1.8125
1.8125
2.0625
1.8125
1.625
1.125
1.125
1.5625
0.8125
0.875
1.3125
1.0625
0.625
0.6875
1.125
1.3125
1.0625
0.875
0.625
0.8125
0.5625
1.5625
1.125
1.1875
1.625
0.5625
0.3125
0.375
0.3125
2.0625
1.625
2.0625
1.625
0.3125
0.5625
0.375
0.3125
0.8125
1.5625
0.875
1.3125
0.125
0.0625
0.1875
0.125
0.3125
0.0625
0.375
0.125
0.3125
0.5625
0.625
0.6875
0.625
1.5625
0.8125
0.875
1.3125
0.0625
1.0625
1.125
1.0625
Initial guess
Vec Object:potential 1 MPI processes
  type: seq
0.75
1.0625
1.6875
1.375
1.0625
1.375
1.0625
1.1875
0.875
0.5625
0.875
0.6875
1.1875
0.5625
1.375
0.875
0.6875
0.875
0.5625
1.1875
0.375
0.375
0.875
0.1875
0.375
0.6875
0.875
L_2 Error: < 1.0e-11
Residual:
Vec Object: 1 MPI processes
  type: seq
0
0
0
0
0
0
0
0
0
0
0
0
0
0
0
0
0
0
0
0
0
0
0
0
0
0
0.1
0
0
0
-0.0888889
-0.075
-0.0527778
0
0
0
-0.0666667
-0.0430556
0
0
0
-0.0888889
-0.05
-0.0333333
0
0
0
-0.0666667
-0.0430556
-0.05
0
0
0
-0.075
0
0
0
-0.0444444
0
0
0
0
-0.0430556
0
0
0
0
0
0
0
0
0
-0.0236111
0
0
0
-0.025
0
0
0
-0.0236111
0
0
-0.0444444
0
0
-0.05
0
0
0
-0.0138889
0
0
0
0
0
0
0
-0.0236111
0
0
0
-0.0430556
0
0
0
-0.025
0
0
0
-0.0236111
0
0
0
0
-0.05
0
0
0
-0.0333333
0
0
0
0
0
Initial Residual
Vec Object: 1 MPI processes
  type: seq
0.1
-0.0888889
-0.075
-0.0527778
-0.0666667
-0.0430556
-0.0888889
-0.05
-0.0333333
-0.0666667
-0.0430556
-0.05
-0.075
-0.0444444
-0.0430556
-0.0236111
-0.025
-0.0236111
-0.0444444
-0.05
-0.0138889
-0.0236111
-0.0430556
-0.025
-0.0236111
-0.05
-0.0333333
L_2 Residual: 0.275659
Jacobian:
Mat Object: 1 MPI processes
  type: seqaij
row 0: (0, 2.4)  (1, -0.688889)  (2, -0.2)  (3, -0.144444)  (4, -0.533333)  (5, -0.105556)  (6, -0.688889)  (7, -0.1)  (8, -0.0666667)  (9, -0.533333)  (10, -0.105556)  (11, -0.1)  (12, -0.2)  (13, -0.377778)  (14, -0.105556)  (15, -0.0277778)  (16, 0)  (17, -0.0277778)  (18, -0.377778)  (19, -0.1)  (20, 0.0111111)  (21, -0.0277778)  (22, -0.105556)  (23, 0)  (24, -0.0277778)  (25, -0.1)  (26, -0.0666667) 
row 1: (0, -0.688889)  (1, 2.75556)  (2, 0.0111111)  (3, -0.366667)  (5, -0.322222)  (12, 0.0111111)  (19, 0.0111111)  (22, -0.322222)  (25, 0.0111111)  (26, -0.277778) 
row 2: (0, -0.2)  (1, 0.0111111)  (2, 2.4)  (3, -0.144444)  (4, 0)  (5, -0.138889)  (6, 0.0111111)  (14, -0.138889) 
row 3: (0, -0.144444)  (1, -0.366667)  (2, -0.144444)  (3, 2.44444)  (6, -0.366667)  (12, -0.144444) 
row 4: (0, -0.533333)  (2, 0)  (4, 2.13333)  (5, -0.311111)  (7, 0)  (14, -0.311111)  (15, -0.222222)  (16, 0)  (17, -0.222222)  (19, 0) 
row 5: (0, -0.105556)  (1, -0.322222)  (2, -0.138889)  (4, -0.311111)  (5, 2.02222)  (19, -0.138889) 
row 6: (0, -0.688889)  (2, 0.0111111)  (3, -0.366667)  (6, 2.75556)  (7, 0.0111111)  (8, -0.277778)  (10, -0.322222)  (11, 0.0111111)  (12, 0.0111111)  (14, -0.322222) 
row 7: (0, -0.1)  (4, 0)  (6, 0.0111111)  (7, 1.6)  (8, -0.133333)  (13, -0.0111111)  (14, -0.138889)  (15, -0.127778) 
row 8: (0, -0.0666667)  (6, -0.277778)  (7, -0.133333)  (8, 1.6)  (11, -0.133333)  (13, -0.255556) 
row 9: (0, -0.533333)  (9, 2.13333)  (10, -0.311111)  (11, 0)  (12, 0)  (21, -0.222222)  (22, -0.311111)  (23, 0)  (24, -0.222222)  (25, 0) 
row 10: (0, -0.105556)  (6, -0.322222)  (9, -0.311111)  (10, 2.02222)  (11, -0.138889)  (12, -0.138889) 
row 11: (0, -0.1)  (6, 0.0111111)  (8, -0.133333)  (9, 0)  (10, -0.138889)  (11, 1.6)  (13, -0.0111111)  (21, -0.127778) 
row 12: (0, -0.2)  (1, 0.0111111)  (3, -0.144444)  (6, 0.0111111)  (9, 0)  (10, -0.138889)  (12, 2.4)  (22, -0.138889) 
row 13: (0, -0.377778)  (7, -0.0111111)  (8, -0.255556)  (11, -0.0111111)  (13, 1.51111)  (15, -0.211111)  (16, -0.0111111)  (20, -0.166667)  (21, -0.211111)  (23, -0.0111111) 
row 14: (0, -0.105556)  (2, -0.138889)  (4, -0.311111)  (6, -0.322222)  (7, -0.138889)  (14, 2.02222) 
row 15: (0, -0.0277778)  (4, -0.222222)  (7, -0.127778)  (13, -0.211111)  (15, 1.17778)  (16, -0.127778) 
row 16: (0, 0)  (4, 0)  (13, -0.0111111)  (15, -0.127778)  (16, 0.8)  (17, -0.127778)  (18, -0.0111111)  (20, -0.122222) 
row 17: (0, -0.0277778)  (4, -0.222222)  (16, -0.127778)  (17, 1.17778)  (18, -0.211111)  (19, -0.127778) 
row 18: (0, -0.377778)  (16, -0.0111111)  (17, -0.211111)  (18, 1.51111)  (19, -0.0111111)  (20, -0.166667)  (23, -0.0111111)  (24, -0.211111)  (25, -0.0111111)  (26, -0.255556) 
row 19: (0, -0.1)  (1, 0.0111111)  (4, 0)  (5, -0.138889)  (17, -0.127778)  (18, -0.0111111)  (19, 1.6)  (26, -0.133333) 
row 20: (0, 0.0111111)  (13, -0.166667)  (16, -0.122222)  (18, -0.166667)  (20, 0.755556)  (23, -0.122222) 
row 21: (0, -0.0277778)  (9, -0.222222)  (11, -0.127778)  (13, -0.211111)  (21, 1.17778)  (23, -0.127778) 
row 22: (0, -0.105556)  (1, -0.322222)  (9, -0.311111)  (12, -0.138889)  (22, 2.02222)  (25, -0.138889) 
row 23: (0, 0)  (9, 0)  (13, -0.0111111)  (18, -0.0111111)  (20, -0.122222)  (21, -0.127778)  (23, 0.8)  (24, -0.127778) 
row 24: (0, -0.0277778)  (9, -0.222222)  (18, -0.211111)  (23, -0.127778)  (24, 1.17778)  (25, -0.127778) 
row 25: (0, -0.1)  (1, 0.0111111)  (9, 0)  (18, -0.0111111)  (22, -0.138889)  (24, -0.127778)  (25, 1.6)  (26, -0.133333) 
row 26: (0, -0.0666667)  (1, -0.277778)  (18, -0.255556)  (19, -0.133333)  (25, -0.133333)  (26, 1.6) 
Residual:
Vec Object: 1 MPI processes
  type: seq
0
0
0
0
0
0
0
0
0
0
0
0
0
0
0
0
0
0
0
0
0
0
0
0
0
0
2.86111
0
0
0
-1.08056
-3.41806
-2.11111
0
0
0
-0.688889
-1.67222
0
0
0
-1.08056
-1.46111
-0.694444
0
0
0
-0.155556
-0.955556
-0.794444
0
0
0
-2.35694
0
0
0
-0.0305556
0
0
0
0
-1.67222
0
0
0
0
0
0
0
0
0
-0.438889
0
0
0
-0.293056
0
0
0
-0.438889
0
0
-0.0305556
0
0
-1.46111
0
0
0
-0.0111111
0
0
0
0
0
0
0
-0.0888889
0
0
0
-0.955556
0
0
0
-0.0208333
0
0
0
-0.0888889
0
0
0
0
-0.794444
0
0
0
-0.694444
0
0
0
0
0
Au - b = Au + F(0)
Vec Object: 1 MPI processes
  type: seq
0.1
-0.0888889
-0.075
-0.0527778
-0.0666667
-0.0430556
-0.0888889
-0.05
-0.0333333
-0.0666667
-0.0430556
-0.05
-0.075
-0.0444444
-0.0430556
-0.0236111
-0.025
-0.0236111
-0.0444444
-0.05
-0.0138889
-0.0236111
-0.0430556
-0.025
-0.0236111
-0.05
-0.0333333
Linear L_2 Residual: 0.275659