Local function:
Vec Object: 1 MPI processes
  type: seq
0.
0.25
1.
0.25
0.5
1.25
1.
1.25
2.
0.0625
0.125
0.0625
0.625
0.5625
0.3125
0.3125
0.625
1.0625
0.8125
0.5625
1.125
1.5625
1.5625
0.8125
1.0625
Initial guess
Vec Object: potential 1 MPI processes
  type: seq
0.5
0.125
0.625
0.3125
0.3125
0.625
0.8125
1.125
0.8125
L_2 Error: < 1.0e-11
Residual:
Vec Object: 1 MPI processes
  type: seq
0.
0.
0.
0.
-0.166667
0.
0.
0.
0.
0.
-0.0277778
0.
-0.0555556
0.
0.0694444
0.0694444
-0.0555556
0.
0.152778
0.
-0.0833333
0.
0.
0.152778
0.
Initial Residual
Vec Object: 1 MPI processes
  type: seq
-0.166667
-0.0277778
-0.0555556
0.0694444
0.0694444
-0.0555556
0.152778
-0.0833333
0.152778
L_2 Residual: 0.31304
Jacobian:
Mat Object: 1 MPI processes
  type: seqaij
row 0: (0, 4.)  (1, 0.)  (2, 0.)  (3, -1.)  (4, -1.)  (5, 0.)  (6, -1.66667)  (7, 0.)  (8, -1.66667) 
row 1: (0, 0.)  (1, 2.66667)  (3, -0.888889)  (4, -0.888889) 
row 2: (0, 0.)  (2, 5.33333)  (3, -1.11111)  (8, -1.55556) 
row 3: (0, -1.)  (1, -0.888889)  (2, -1.11111)  (3, 4.)  (4, 0.) 
row 4: (0, -1.)  (1, -0.888889)  (3, 0.)  (4, 4.)  (5, -1.11111) 
row 5: (0, 0.)  (4, -1.11111)  (5, 5.33333)  (6, -1.55556) 
row 6: (0, -1.66667)  (5, -1.55556)  (6, 6.66667)  (7, -1.77778)  (8, 0.) 
row 7: (0, 0.)  (6, -1.77778)  (7, 8.)  (8, -1.77778) 
row 8: (0, -1.66667)  (2, -1.55556)  (6, 0.)  (7, -1.77778)  (8, 6.66667) 
Residual:
Vec Object: 1 MPI processes
  type: seq
0.
0.
0.
0.
1.16667
0.
0.
0.
0.
0.
0.194444
0.
-1.77778
0.
0.125
0.125
-1.77778
0.
-1.45833
0.
-6.19444
0.
0.
-1.45833
0.
Au - b = Au + F(0)
Vec Object: 1 MPI processes
  type: seq
-0.166667
-0.0277778
-0.0555556
0.0694444
0.0694444
-0.0555556
0.152778
-0.0833333
0.152778
Linear L_2 Residual: 0.31304
