Local function:
Vec Object: 1 MPI processes
  type: seq
0.
0.25
1.
0.25
0.5
1.25
1.
1.25
2.
0.0625
0.125
0.0625
0.625
0.5625
0.3125
0.3125
0.625
1.0625
0.8125
0.5625
1.125
1.5625
1.5625
0.8125
1.0625
Initial guess
Vec Object: potential 1 MPI processes
  type: seq
-2.08167e-17
0.25
1.
0.25
0.5
1.25
1.
1.25
2.
0.0625
0.125
0.0625
0.625
0.5625
0.3125
0.3125
0.625
1.0625
0.8125
0.5625
1.125
1.5625
1.5625
0.8125
1.0625
L_2 Error: < 1.0e-11
Residual:
Vec Object: 1 MPI processes
  type: seq
0.
0.
0.
0.
0.
0.
0.
0.
0.
0.
0.
0.
0.
0.
0.
0.
0.
0.
0.
0.
0.
0.
0.
0.
0.
Initial Residual
Vec Object: 1 MPI processes
  type: seq
0.
0.
0.
0.
0.
0.
0.
0.
0.
0.
0.
0.
0.
0.
0.
0.
0.
0.
0.
0.
0.
0.
0.
0.
0.
L_2 Residual: 0.
Jacobian:
Mat Object: 1 MPI processes
  type: seqaij
row 0: (0, 1.)  (1, 0.166667)  (3, 0.166667)  (9, -0.666667)  (10, 0.)  (11, -0.666667) 
row 1: (0, 0.166667)  (1, 2.)  (2, 0.166667)  (3, 0.)  (4, 0.333333)  (9, -0.666667)  (10, 0.)  (11, 0.)  (14, 0.)  (15, -1.33333)  (16, 0.)  (19, -0.666667) 
row 2: (1, 0.166667)  (2, 1.)  (4, 0.)  (5, 0.166667)  (15, 0.)  (16, 0.)  (17, -0.666667)  (18, 0.)  (19, -0.666667) 
row 3: (0, 0.166667)  (1, 0.)  (3, 2.)  (4, 0.333333)  (6, 0.166667)  (9, 0.)  (10, 0.)  (11, -0.666667)  (12, 0.)  (13, -0.666667)  (14, -1.33333)  (15, 0.) 
row 4: (1, 0.333333)  (2, 0.)  (3, 0.333333)  (4, 4.)  (5, 0.333333)  (6, 0.)  (7, 0.333333)  (10, 0.)  (12, 0.)  (13, 0.)  (14, -1.33333)  (15, -1.33333)  (16, 0.)  (17, 0.)  (18, -1.33333)  (19, 0.)  (20, 0.)  (23, -1.33333)  (24, 0.) 
row 5: (2, 0.166667)  (4, 0.333333)  (5, 2.)  (7, 0.)  (8, 0.166667)  (16, 0.)  (17, -0.666667)  (18, -1.33333)  (20, 0.)  (21, -0.666667)  (22, 0.)  (23, 0.) 
row 6: (3, 0.166667)  (4, 0.)  (6, 1.)  (7, 0.166667)  (12, 0.)  (13, -0.666667)  (14, 0.)  (23, 0.)  (24, -0.666667) 
row 7: (4, 0.333333)  (5, 0.)  (6, 0.166667)  (7, 2.)  (8, 0.166667)  (12, 0.)  (18, 0.)  (20, 0.)  (21, 0.)  (22, -0.666667)  (23, -1.33333)  (24, -0.666667) 
row 8: (5, 0.166667)  (7, 0.166667)  (8, 1.)  (20, 0.)  (21, -0.666667)  (22, -0.666667) 
row 9: (0, -0.666667)  (1, -0.666667)  (3, 0.)  (9, 2.66667)  (10, -1.33333)  (11, 0.) 
row 10: (0, 0.)  (1, 0.)  (3, 0.)  (4, 0.)  (9, -1.33333)  (10, 5.33333)  (11, -1.33333)  (14, -1.33333)  (15, -1.33333) 
row 11: (0, -0.666667)  (1, 0.)  (3, -0.666667)  (9, 0.)  (10, -1.33333)  (11, 2.66667) 
row 12: (3, 0.)  (4, 0.)  (6, 0.)  (7, 0.)  (12, 5.33333)  (13, -1.33333)  (14, -1.33333)  (23, -1.33333)  (24, -1.33333) 
row 13: (3, -0.666667)  (4, 0.)  (6, -0.666667)  (12, -1.33333)  (13, 2.66667)  (14, 0.) 
row 14: (1, 0.)  (3, -1.33333)  (4, -1.33333)  (6, 0.)  (10, -1.33333)  (12, -1.33333)  (13, 0.)  (14, 5.33333)  (15, 0.) 
row 15: (1, -1.33333)  (2, 0.)  (3, 0.)  (4, -1.33333)  (10, -1.33333)  (14, 0.)  (15, 5.33333)  (16, -1.33333)  (19, 0.) 
row 16: (1, 0.)  (2, 0.)  (4, 0.)  (5, 0.)  (15, -1.33333)  (16, 5.33333)  (17, -1.33333)  (18, -1.33333)  (19, -1.33333) 
row 17: (2, -0.666667)  (4, 0.)  (5, -0.666667)  (16, -1.33333)  (17, 2.66667)  (18, 0.) 
row 18: (2, 0.)  (4, -1.33333)  (5, -1.33333)  (7, 0.)  (16, -1.33333)  (17, 0.)  (18, 5.33333)  (20, -1.33333)  (23, 0.) 
row 19: (1, -0.666667)  (2, -0.666667)  (4, 0.)  (15, 0.)  (16, -1.33333)  (19, 2.66667) 
row 20: (4, 0.)  (5, 0.)  (7, 0.)  (8, 0.)  (18, -1.33333)  (20, 5.33333)  (21, -1.33333)  (22, -1.33333)  (23, -1.33333) 
row 21: (5, -0.666667)  (7, 0.)  (8, -0.666667)  (20, -1.33333)  (21, 2.66667)  (22, 0.) 
row 22: (5, 0.)  (7, -0.666667)  (8, -0.666667)  (20, -1.33333)  (21, 0.)  (22, 2.66667) 
row 23: (4, -1.33333)  (5, 0.)  (6, 0.)  (7, -1.33333)  (12, -1.33333)  (18, 0.)  (20, -1.33333)  (23, 5.33333)  (24, 0.) 
row 24: (4, 0.)  (6, -0.666667)  (7, -0.666667)  (12, -1.33333)  (23, 0.)  (24, 2.66667) 
Residual:
Vec Object: 1 MPI processes
  type: seq
0.
0.
-0.166667
0.
0.
-0.333333
-0.166667
-0.333333
-0.333333
0.166667
0.333333
0.166667
0.333333
0.166667
0.333333
0.333333
0.333333
-0.5
0.333333
0.166667
0.333333
-0.5
-0.5
0.333333
-0.5
Au - b = Au + F(0)
Vec Object: 1 MPI processes
  type: seq
0.
0.
0.
0.
0.
0.
0.
0.
0.
0.
0.
0.
0.
0.
0.
0.
0.
0.
0.
0.
0.
0.
0.
0.
0.
Linear L_2 Residual: 0.
