PetscSection Object: 1 MPI processes
  type not yet set
Process 0:
  (   0) dim  0 offset   0
  (   1) dim  0 offset   0
  (   2) dim  0 offset   0
  (   3) dim  0 offset   0
  (   4) dim  0 offset   0
  (   5) dim  0 offset   0
  (   6) dim  0 offset   0
  (   7) dim  0 offset   0
  (   8) dim  0 offset   0
  (   9) dim  0 offset   0
  (  10) dim  0 offset   0
  (  11) dim  0 offset   0
  (  12) dim  0 offset   0
  (  13) dim  0 offset   0
  (  14) dim  0 offset   0
  (  15) dim  0 offset   0
  (  16) dim  0 offset   0
  (  17) dim  0 offset   0
  (  18) dim  0 offset   0
  (  19) dim  0 offset   0
  (  20) dim  0 offset   0
  (  21) dim  0 offset   0
  (  22) dim  0 offset   0
  (  23) dim  0 offset   0
  (  24) dim  0 offset   0
  (  25) dim  0 offset   0
  (  26) dim  0 offset   0
  (  27) dim  0 offset   0
  (  28) dim  0 offset   0
  (  29) dim  0 offset   0
  (  30) dim  0 offset   0
  (  31) dim  0 offset   0
  (  32) dim  1 offset   0 constrained 0
  (  33) dim  1 offset   0 constrained 0
  (  34) dim  1 offset   0 constrained 0
  (  35) dim  1 offset   0 constrained 0
  (  36) dim  1 offset   0 constrained 252579228
  (  37) dim  1 offset   0 constrained 0
  (  38) dim  1 offset   0
  (  39) dim  1 offset   1 constrained 0
  (  40) dim  1 offset   1 constrained 0
  (  41) dim  1 offset   1 constrained 0
  (  42) dim  1 offset   1 constrained 0
  (  43) dim  1 offset   1 constrained 0
  (  44) dim  1 offset   1 constrained 0
  (  45) dim  1 offset   1
  (  46) dim  1 offset   2
  (  47) dim  1 offset   3 constrained 0
  (  48) dim  1 offset   3 constrained 0
  (  49) dim  1 offset   3 constrained 0
  (  50) dim  1 offset   3 constrained 0
  (  51) dim  1 offset   3
  (  52) dim  1 offset   4
  (  53) dim  1 offset   5
  (  54) dim  1 offset   6
  (  55) dim  1 offset   7
  (  56) dim  1 offset   8
  (  57) dim  0 offset   9
  (  58) dim  0 offset   9
  (  59) dim  0 offset   9
  (  60) dim  0 offset   9
  (  61) dim  0 offset   9
  (  62) dim  0 offset   9
  (  63) dim  0 offset   9
  (  64) dim  0 offset   9
  (  65) dim  0 offset   9
  (  66) dim  0 offset   9
  (  67) dim  0 offset   9
  (  68) dim  0 offset   9
  (  69) dim  0 offset   9
  (  70) dim  0 offset   9
  (  71) dim  0 offset   9
  (  72) dim  0 offset   9
  (  73) dim  0 offset   9
  (  74) dim  0 offset   9
  (  75) dim  0 offset   9
  (  76) dim  0 offset   9
  (  77) dim  0 offset   9
  (  78) dim  0 offset   9
  (  79) dim  0 offset   9
  (  80) dim  0 offset   9
  (  81) dim  0 offset   9
  (  82) dim  0 offset   9
  (  83) dim  0 offset   9
  (  84) dim  0 offset   9
  (  85) dim  0 offset   9
  (  86) dim  0 offset   9
  (  87) dim  0 offset   9
  (  88) dim  0 offset   9
  (  89) dim  0 offset   9
  (  90) dim  0 offset   9
  (  91) dim  0 offset   9
  (  92) dim  0 offset   9
  (  93) dim  0 offset   9
  (  94) dim  0 offset   9
  (  95) dim  0 offset   9
  (  96) dim  0 offset   9
  (  97) dim  0 offset   9
  (  98) dim  0 offset   9
  (  99) dim  0 offset   9
  ( 100) dim  0 offset   9
  ( 101) dim  0 offset   9
  ( 102) dim  0 offset   9
  ( 103) dim  0 offset   9
  ( 104) dim  0 offset   9
  ( 105) dim  0 offset   9
  ( 106) dim  0 offset   9
  ( 107) dim  0 offset   9
  ( 108) dim  0 offset   9
  ( 109) dim  0 offset   9
  ( 110) dim  0 offset   9
  ( 111) dim  0 offset   9
  ( 112) dim  0 offset   9
PetscSection Object: 1 MPI processes
  type not yet set
Process 0:
  (   0) dim  0 offset   0
  (   1) dim  0 offset   0
  (   2) dim  0 offset   0
  (   3) dim  0 offset   0
  (   4) dim  0 offset   0
  (   5) dim  0 offset   0
  (   6) dim  0 offset   0
  (   7) dim  0 offset   0
  (   8) dim  0 offset   0
  (   9) dim  0 offset   0
  (  10) dim  0 offset   0
  (  11) dim  0 offset   0
  (  12) dim  0 offset   0
  (  13) dim  0 offset   0
  (  14) dim  0 offset   0
  (  15) dim  0 offset   0
  (  16) dim  0 offset   0
  (  17) dim  0 offset   0
  (  18) dim  0 offset   0
  (  19) dim  0 offset   0
  (  20) dim  0 offset   0
  (  21) dim  0 offset   0
  (  22) dim  0 offset   0
  (  23) dim  0 offset   0
  (  24) dim  0 offset   0
  (  25) dim  0 offset   0
  (  26) dim  0 offset   0
  (  27) dim  0 offset   0
  (  28) dim  0 offset   0
  (  29) dim  0 offset   0
  (  30) dim  0 offset   0
  (  31) dim  0 offset   0
  (  32) dim  1 offset   0 constrained 0
  (  33) dim  1 offset   0 constrained 0
  (  34) dim  1 offset   0 constrained 0
  (  35) dim  1 offset   0 constrained 0
  (  36) dim  1 offset   0 constrained 252579228
  (  37) dim  1 offset   0 constrained 0
  (  38) dim  1 offset   0
  (  39) dim  1 offset   1 constrained 0
  (  40) dim  1 offset   1 constrained 0
  (  41) dim  1 offset   1 constrained 0
  (  42) dim  1 offset   1 constrained 0
  (  43) dim  1 offset   1 constrained 0
  (  44) dim  1 offset   1 constrained 0
  (  45) dim  1 offset   1
  (  46) dim  1 offset   2
  (  47) dim  1 offset   3 constrained 0
  (  48) dim  1 offset   3 constrained 0
  (  49) dim  1 offset   3 constrained 0
  (  50) dim  1 offset   3 constrained 0
  (  51) dim  1 offset   3
  (  52) dim  1 offset   4
  (  53) dim  1 offset   5
  (  54) dim  1 offset   6
  (  55) dim  1 offset   7
  (  56) dim  1 offset   8
  (  57) dim  0 offset   9
  (  58) dim  0 offset   9
  (  59) dim  0 offset   9
  (  60) dim  0 offset   9
  (  61) dim  0 offset   9
  (  62) dim  0 offset   9
  (  63) dim  0 offset   9
  (  64) dim  0 offset   9
  (  65) dim  0 offset   9
  (  66) dim  0 offset   9
  (  67) dim  0 offset   9
  (  68) dim  0 offset   9
  (  69) dim  0 offset   9
  (  70) dim  0 offset   9
  (  71) dim  0 offset   9
  (  72) dim  0 offset   9
  (  73) dim  0 offset   9
  (  74) dim  0 offset   9
  (  75) dim  0 offset   9
  (  76) dim  0 offset   9
  (  77) dim  0 offset   9
  (  78) dim  0 offset   9
  (  79) dim  0 offset   9
  (  80) dim  0 offset   9
  (  81) dim  0 offset   9
  (  82) dim  0 offset   9
  (  83) dim  0 offset   9
  (  84) dim  0 offset   9
  (  85) dim  0 offset   9
  (  86) dim  0 offset   9
  (  87) dim  0 offset   9
  (  88) dim  0 offset   9
  (  89) dim  0 offset   9
  (  90) dim  0 offset   9
  (  91) dim  0 offset   9
  (  92) dim  0 offset   9
  (  93) dim  0 offset   9
  (  94) dim  0 offset   9
  (  95) dim  0 offset   9
  (  96) dim  0 offset   9
  (  97) dim  0 offset   9
  (  98) dim  0 offset   9
  (  99) dim  0 offset   9
  ( 100) dim  0 offset   9
  ( 101) dim  0 offset   9
  ( 102) dim  0 offset   9
  ( 103) dim  0 offset   9
  ( 104) dim  0 offset   9
  ( 105) dim  0 offset   9
  ( 106) dim  0 offset   9
  ( 107) dim  0 offset   9
  ( 108) dim  0 offset   9
  ( 109) dim  0 offset   9
  ( 110) dim  0 offset   9
  ( 111) dim  0 offset   9
  ( 112) dim  0 offset   9
PetscSection Object: 1 MPI processes
  type not yet set
1 fields
  field 0 with 1 components
Process 0:
  (   0) dim  0 offset   0
  (   1) dim  0 offset   0
  (   2) dim  0 offset   0
  (   3) dim  0 offset   0
  (   4) dim  0 offset   0
  (   5) dim  0 offset   0
  (   6) dim  0 offset   0
  (   7) dim  0 offset   0
  (   8) dim  0 offset   0
  (   9) dim  0 offset   0
  (  10) dim  0 offset   0
  (  11) dim  0 offset   0
  (  12) dim  0 offset   0
  (  13) dim  0 offset   0
  (  14) dim  0 offset   0
  (  15) dim  0 offset   0
  (  16) dim  0 offset   0
  (  17) dim  0 offset   0
  (  18) dim  0 offset   0
  (  19) dim  0 offset   0
  (  20) dim  0 offset   0
  (  21) dim  0 offset   0
  (  22) dim  0 offset   0
  (  23) dim  0 offset   0
  (  24) dim  0 offset   0
  (  25) dim  0 offset   0
  (  26) dim  0 offset   0
  (  27) dim  0 offset   0
  (  28) dim  0 offset   0
  (  29) dim  0 offset   0
  (  30) dim  0 offset   0
  (  31) dim  0 offset   0
  (  32) dim  1 offset   0 constrained 0
  (  33) dim  1 offset   1 constrained 0
  (  34) dim  1 offset   2 constrained 0
  (  35) dim  1 offset   3 constrained 0
  (  36) dim  1 offset   4 constrained 0
  (  37) dim  1 offset   5 constrained 0
  (  38) dim  1 offset   6
  (  39) dim  1 offset   7 constrained 0
  (  40) dim  1 offset   8 constrained 0
  (  41) dim  1 offset   9 constrained 0
  (  42) dim  1 offset  10 constrained 0
  (  43) dim  1 offset  11 constrained 0
  (  44) dim  1 offset  12 constrained 0
  (  45) dim  1 offset  13
  (  46) dim  1 offset  14
  (  47) dim  1 offset  15 constrained 0
  (  48) dim  1 offset  16 constrained 0
  (  49) dim  1 offset  17 constrained 0
  (  50) dim  1 offset  18 constrained 0
  (  51) dim  1 offset  19
  (  52) dim  1 offset  20
  (  53) dim  1 offset  21
  (  54) dim  1 offset  22
  (  55) dim  1 offset  23
  (  56) dim  1 offset  24
  (  57) dim  0 offset  25
  (  58) dim  0 offset  25
  (  59) dim  0 offset  25
  (  60) dim  0 offset  25
  (  61) dim  0 offset  25
  (  62) dim  0 offset  25
  (  63) dim  0 offset  25
  (  64) dim  0 offset  25
  (  65) dim  0 offset  25
  (  66) dim  0 offset  25
  (  67) dim  0 offset  25
  (  68) dim  0 offset  25
  (  69) dim  0 offset  25
  (  70) dim  0 offset  25
  (  71) dim  0 offset  25
  (  72) dim  0 offset  25
  (  73) dim  0 offset  25
  (  74) dim  0 offset  25
  (  75) dim  0 offset  25
  (  76) dim  0 offset  25
  (  77) dim  0 offset  25
  (  78) dim  0 offset  25
  (  79) dim  0 offset  25
  (  80) dim  0 offset  25
  (  81) dim  0 offset  25
  (  82) dim  0 offset  25
  (  83) dim  0 offset  25
  (  84) dim  0 offset  25
  (  85) dim  0 offset  25
  (  86) dim  0 offset  25
  (  87) dim  0 offset  25
  (  88) dim  0 offset  25
  (  89) dim  0 offset  25
  (  90) dim  0 offset  25
  (  91) dim  0 offset  25
  (  92) dim  0 offset  25
  (  93) dim  0 offset  25
  (  94) dim  0 offset  25
  (  95) dim  0 offset  25
  (  96) dim  0 offset  25
  (  97) dim  0 offset  25
  (  98) dim  0 offset  25
  (  99) dim  0 offset  25
  ( 100) dim  0 offset  25
  ( 101) dim  0 offset  25
  ( 102) dim  0 offset  25
  ( 103) dim  0 offset  25
  ( 104) dim  0 offset  25
  ( 105) dim  0 offset  25
  ( 106) dim  0 offset  25
  ( 107) dim  0 offset  25
  ( 108) dim  0 offset  25
  ( 109) dim  0 offset  25
  ( 110) dim  0 offset  25
  ( 111) dim  0 offset  25
  ( 112) dim  0 offset  25
PetscSection Object: 1 MPI processes
  type not yet set
1 fields
  field 0 with 1 components
Process 0:
  (   0) dim  0 offset   0
  (   1) dim  0 offset   0
  (   2) dim  0 offset   0
  (   3) dim  0 offset   0
  (   4) dim  0 offset   0
  (   5) dim  0 offset   0
  (   6) dim  0 offset   0
  (   7) dim  0 offset   0
  (   8) dim  0 offset   0
  (   9) dim  0 offset   0
  (  10) dim  0 offset   0
  (  11) dim  0 offset   0
  (  12) dim  0 offset   0
  (  13) dim  0 offset   0
  (  14) dim  0 offset   0
  (  15) dim  0 offset   0
  (  16) dim  0 offset   0
  (  17) dim  0 offset   0
  (  18) dim  0 offset   0
  (  19) dim  0 offset   0
  (  20) dim  0 offset   0
  (  21) dim  0 offset   0
  (  22) dim  0 offset   0
  (  23) dim  0 offset   0
  (  24) dim  0 offset   0
  (  25) dim  0 offset   0
  (  26) dim  0 offset   0
  (  27) dim  0 offset   0
  (  28) dim  0 offset   0
  (  29) dim  0 offset   0
  (  30) dim  0 offset   0
  (  31) dim  0 offset   0
  (  32) dim  1 offset   0 constrained 0
  (  33) dim  1 offset   1 constrained 0
  (  34) dim  1 offset   2 constrained 0
  (  35) dim  1 offset   3 constrained 0
  (  36) dim  1 offset   4 constrained 0
  (  37) dim  1 offset   5 constrained 0
  (  38) dim  1 offset   6
  (  39) dim  1 offset   7 constrained 0
  (  40) dim  1 offset   8 constrained 0
  (  41) dim  1 offset   9 constrained 0
  (  42) dim  1 offset  10 constrained 0
  (  43) dim  1 offset  11 constrained 0
  (  44) dim  1 offset  12 constrained 0
  (  45) dim  1 offset  13
  (  46) dim  1 offset  14
  (  47) dim  1 offset  15 constrained 0
  (  48) dim  1 offset  16 constrained 0
  (  49) dim  1 offset  17 constrained 0
  (  50) dim  1 offset  18 constrained 0
  (  51) dim  1 offset  19
  (  52) dim  1 offset  20
  (  53) dim  1 offset  21
  (  54) dim  1 offset  22
  (  55) dim  1 offset  23
  (  56) dim  1 offset  24
  (  57) dim  0 offset  25
  (  58) dim  0 offset  25
  (  59) dim  0 offset  25
  (  60) dim  0 offset  25
  (  61) dim  0 offset  25
  (  62) dim  0 offset  25
  (  63) dim  0 offset  25
  (  64) dim  0 offset  25
  (  65) dim  0 offset  25
  (  66) dim  0 offset  25
  (  67) dim  0 offset  25
  (  68) dim  0 offset  25
  (  69) dim  0 offset  25
  (  70) dim  0 offset  25
  (  71) dim  0 offset  25
  (  72) dim  0 offset  25
  (  73) dim  0 offset  25
  (  74) dim  0 offset  25
  (  75) dim  0 offset  25
  (  76) dim  0 offset  25
  (  77) dim  0 offset  25
  (  78) dim  0 offset  25
  (  79) dim  0 offset  25
  (  80) dim  0 offset  25
  (  81) dim  0 offset  25
  (  82) dim  0 offset  25
  (  83) dim  0 offset  25
  (  84) dim  0 offset  25
  (  85) dim  0 offset  25
  (  86) dim  0 offset  25
  (  87) dim  0 offset  25
  (  88) dim  0 offset  25
  (  89) dim  0 offset  25
  (  90) dim  0 offset  25
  (  91) dim  0 offset  25
  (  92) dim  0 offset  25
  (  93) dim  0 offset  25
  (  94) dim  0 offset  25
  (  95) dim  0 offset  25
  (  96) dim  0 offset  25
  (  97) dim  0 offset  25
  (  98) dim  0 offset  25
  (  99) dim  0 offset  25
  ( 100) dim  0 offset  25
  ( 101) dim  0 offset  25
  ( 102) dim  0 offset  25
  ( 103) dim  0 offset  25
  ( 104) dim  0 offset  25
  ( 105) dim  0 offset  25
  ( 106) dim  0 offset  25
  ( 107) dim  0 offset  25
  ( 108) dim  0 offset  25
  ( 109) dim  0 offset  25
  ( 110) dim  0 offset  25
  ( 111) dim  0 offset  25
  ( 112) dim  0 offset  25
PetscSection Object: 1 MPI processes
  type not yet set
2 fields
  field 0 with 1 components
Process 0:
  (  -4) dim  0 offset   0
  (  -3) dim  0 offset   0
  (  -2) dim  0 offset   0
  (  -1) dim  0 offset   0
  (   0) dim  0 offset   0
  (   1) dim  0 offset   0
  (   2) dim  0 offset   0
  (   3) dim  0 offset   0
  (   4) dim  0 offset   0
  (   5) dim  0 offset   0
  (   6) dim  0 offset   0
  (   7) dim  0 offset   0
  (   8) dim  0 offset   0
  (   9) dim  0 offset   0
  (  10) dim  0 offset   0
  (  11) dim  0 offset   0
  (  12) dim  0 offset   0
  (  13) dim  0 offset   0
  (  14) dim  0 offset   0
  (  15) dim  0 offset   0
  (  16) dim  0 offset   0
  (  17) dim  0 offset   0
  (  18) dim  0 offset   0
  (  19) dim  0 offset   0
  (  20) dim  0 offset   0
  (  21) dim  0 offset   0
  (  22) dim  0 offset   0
  (  23) dim  0 offset   0
  (  24) dim  0 offset   0
  (  25) dim  0 offset   0
  (  26) dim  0 offset   0
  (  27) dim  0 offset   0
  (  28) dim  0 offset   0
  (  29) dim  0 offset   0
  (  30) dim  0 offset   0
  (  31) dim  0 offset   0
  (  32) dim  1 offset   0 constrained 0
  (  33) dim  1 offset   2 constrained 0
  (  34) dim  1 offset   4 constrained 0
  (  35) dim  1 offset   6 constrained 0
  (  36) dim  1 offset   8 constrained 0
  (  37) dim  1 offset  10 constrained 0
  (  38) dim  1 offset  12
  (  39) dim  1 offset  14 constrained 0
  (  40) dim  1 offset  16 constrained 0
  (  41) dim  1 offset  18 constrained 0
  (  42) dim  1 offset  20 constrained 0
  (  43) dim  1 offset  22 constrained 0
  (  44) dim  1 offset  24 constrained 0
  (  45) dim  1 offset  26
  (  46) dim  1 offset  28
  (  47) dim  1 offset  30 constrained 0
  (  48) dim  1 offset  32 constrained 0
  (  49) dim  1 offset  34 constrained 0
  (  50) dim  1 offset  36 constrained 0
  (  51) dim  1 offset  38
  (  52) dim  1 offset  40
  (  53) dim  1 offset  42
  (  54) dim  1 offset  44
  (  55) dim  1 offset  46
  (  56) dim  1 offset  48
  (  57) dim  0 offset  50
  (  58) dim  0 offset  50
  (  59) dim  0 offset  50
  (  60) dim  0 offset  50
  (  61) dim  0 offset  50
  (  62) dim  0 offset  50
  (  63) dim  0 offset  50
  (  64) dim  0 offset  50
  (  65) dim  0 offset  50
  (  66) dim  0 offset  50
  (  67) dim  0 offset  50
  (  68) dim  0 offset  50
  (  69) dim  0 offset  50
  (  70) dim  0 offset  50
  (  71) dim  0 offset  50
  (  72) dim  0 offset  50
  (  73) dim  0 offset  50
  (  74) dim  0 offset  50
  (  75) dim  0 offset  50
  (  76) dim  0 offset  50
  (  77) dim  0 offset  50
  (  78) dim  0 offset  50
  (  79) dim  0 offset  50
  (  80) dim  0 offset  50
  (  81) dim  0 offset  50
  (  82) dim  0 offset  50
  (  83) dim  0 offset  50
  (  84) dim  0 offset  50
  (  85) dim  0 offset  50
  (  86) dim  0 offset  50
  (  87) dim  0 offset  50
  (  88) dim  0 offset  50
  (  89) dim  0 offset  50
  (  90) dim  0 offset  50
  (  91) dim  0 offset  50
  (  92) dim  0 offset  50
  (  93) dim  0 offset  50
  (  94) dim  0 offset  50
  (  95) dim  0 offset  50
  (  96) dim  0 offset  50
  (  97) dim  0 offset  50
  (  98) dim  0 offset  50
  (  99) dim  0 offset  50
  ( 100) dim  0 offset  50
  ( 101) dim  0 offset  50
  ( 102) dim  0 offset  50
  ( 103) dim  0 offset  50
  ( 104) dim  0 offset  50
  ( 105) dim  0 offset  50
  ( 106) dim  0 offset  50
  ( 107) dim  0 offset  50
  ( 108) dim  0 offset  50
  ( 109) dim  0 offset  50
  ( 110) dim  0 offset  50
  ( 111) dim  0 offset  50
  ( 112) dim  0 offset  50
  field 1 with 1 components
Process 0:
  (  -4) dim  0 offset   0
  (  -3) dim  0 offset   0
  (  -2) dim  0 offset   0
  (  -1) dim  0 offset   0
  (   0) dim  0 offset   0
  (   1) dim  0 offset   0
  (   2) dim  0 offset   0
  (   3) dim  0 offset   0
  (   4) dim  0 offset   0
  (   5) dim  0 offset   0
  (   6) dim  0 offset   0
  (   7) dim  0 offset   0
  (   8) dim  0 offset   0
  (   9) dim  0 offset   0
  (  10) dim  0 offset   0
  (  11) dim  0 offset   0
  (  12) dim  0 offset   0
  (  13) dim  0 offset   0
  (  14) dim  0 offset   0
  (  15) dim  0 offset   0
  (  16) dim  0 offset   0
  (  17) dim  0 offset   0
  (  18) dim  0 offset   0
  (  19) dim  0 offset   0
  (  20) dim  0 offset   0
  (  21) dim  0 offset   0
  (  22) dim  0 offset   0
  (  23) dim  0 offset   0
  (  24) dim  0 offset   0
  (  25) dim  0 offset   0
  (  26) dim  0 offset   0
  (  27) dim  0 offset   0
  (  28) dim  0 offset   0
  (  29) dim  0 offset   0
  (  30) dim  0 offset   0
  (  31) dim  0 offset   0
  (  32) dim  1 offset   1 constrained 1
  (  33) dim  1 offset   3 constrained 1
  (  34) dim  1 offset   5 constrained 1
  (  35) dim  1 offset   7 constrained 1
  (  36) dim  1 offset   9 constrained 1
  (  37) dim  1 offset  11 constrained 1
  (  38) dim  1 offset  13
  (  39) dim  1 offset  15 constrained 1
  (  40) dim  1 offset  17 constrained 1
  (  41) dim  1 offset  19 constrained 1
  (  42) dim  1 offset  21 constrained 1
  (  43) dim  1 offset  23 constrained 1
  (  44) dim  1 offset  25 constrained 1
  (  45) dim  1 offset  27
  (  46) dim  1 offset  29
  (  47) dim  1 offset  31 constrained 1
  (  48) dim  1 offset  33 constrained 1
  (  49) dim  1 offset  35 constrained 1
  (  50) dim  1 offset  37 constrained 1
  (  51) dim  1 offset  39
  (  52) dim  1 offset  41
  (  53) dim  1 offset  43
  (  54) dim  1 offset  45
  (  55) dim  1 offset  47
  (  56) dim  1 offset  49
  (  57) dim  0 offset  50
  (  58) dim  0 offset  50
  (  59) dim  0 offset  50
  (  60) dim  0 offset  50
  (  61) dim  0 offset  50
  (  62) dim  0 offset  50
  (  63) dim  0 offset  50
  (  64) dim  0 offset  50
  (  65) dim  0 offset  50
  (  66) dim  0 offset  50
  (  67) dim  0 offset  50
  (  68) dim  0 offset  50
  (  69) dim  0 offset  50
  (  70) dim  0 offset  50
  (  71) dim  0 offset  50
  (  72) dim  0 offset  50
  (  73) dim  0 offset  50
  (  74) dim  0 offset  50
  (  75) dim  0 offset  50
  (  76) dim  0 offset  50
  (  77) dim  0 offset  50
  (  78) dim  0 offset  50
  (  79) dim  0 offset  50
  (  80) dim  0 offset  50
  (  81) dim  0 offset  50
  (  82) dim  0 offset  50
  (  83) dim  0 offset  50
  (  84) dim  0 offset  50
  (  85) dim  0 offset  50
  (  86) dim  0 offset  50
  (  87) dim  0 offset  50
  (  88) dim  0 offset  50
  (  89) dim  0 offset  50
  (  90) dim  0 offset  50
  (  91) dim  0 offset  50
  (  92) dim  0 offset  50
  (  93) dim  0 offset  50
  (  94) dim  0 offset  50
  (  95) dim  0 offset  50
  (  96) dim  0 offset  50
  (  97) dim  0 offset  50
  (  98) dim  0 offset  50
  (  99) dim  0 offset  50
  ( 100) dim  0 offset  50
  ( 101) dim  0 offset  50
  ( 102) dim  0 offset  50
  ( 103) dim  0 offset  50
  ( 104) dim  0 offset  50
  ( 105) dim  0 offset  50
  ( 106) dim  0 offset  50
  ( 107) dim  0 offset  50
  ( 108) dim  0 offset  50
  ( 109) dim  0 offset  50
  ( 110) dim  0 offset  50
  ( 111) dim  0 offset  50
  ( 112) dim  0 offset  50
N: 32 Error Ratio: 0.
