Vec Object: spectral_plane_0 1 MPI processes
  type: seq
0.
0.
1.55737
-32.1971
-0.0660912
0.681587
-0.0553972
0.379378
-0.0524282
0.2678
-0.0511592
0.207561
-0.0504955
0.169218
-0.0501036
0.142399
-0.0498526
0.122442
-0.0496822
0.106918
-0.0495611
0.0944308
-0.049472
0.0841159
-0.0494046
0.0754098
-0.0493525
0.0679279
-0.0493114
0.0613984
-0.0492784
0.0556238
-0.0492516
0.0504564
-0.0492296
0.0457839
-0.0492114
0.0415189
-0.0491962
0.0375924
-0.0491834
0.0339489
-0.0491726
0.0305432
-0.0491635
0.0273381
-0.0491558
0.0243025
-0.0491494
0.02141
-0.0491439
0.0186378
-0.0491394
0.0159663
-0.0491356
0.0133782
-0.0491326
0.0108578
-0.0491303
0.00839121
-0.0491286
0.00596529
-0.0491275
0.00356791
-0.0491269
0.00118744
0.
0.
0.
0.
0.
0.
0.
0.
0.
0.
0.
0.
0.
0.
0.
0.
0.
0.
0.
0.
0.
0.
0.
0.
0.
0.
0.
0.
0.
0.
0.
0.
0.
0.
0.
0.
0.
0.
0.
0.
0.
0.
0.
0.
0.
0.
0.
0.
0.
0.
0.
0.
0.
0.
0.
0.
0.
0.
0.
0.
0.
0.
0.
0.
Vec Object: spectral_plane_1 1 MPI processes
  type: seq
0.
0.
1.55737
-32.1971
-0.0660912
0.681587
-0.0553972
0.379378
-0.0524282
0.2678
-0.0511592
0.207561
-0.0504955
0.169218
-0.0501036
0.142399
-0.0498526
0.122442
-0.0496822
0.106918
-0.0495611
0.0944308
-0.049472
0.0841159
-0.0494046
0.0754098
-0.0493525
0.0679279
-0.0493114
0.0613984
-0.0492784
0.0556238
-0.0492516
0.0504564
-0.0492296
0.0457839
-0.0492114
0.0415189
-0.0491962
0.0375924
-0.0491834
0.0339489
-0.0491726
0.0305432
-0.0491635
0.0273381
-0.0491558
0.0243025
-0.0491494
0.02141
-0.0491439
0.0186378
-0.0491394
0.0159663
-0.0491356
0.0133782
-0.0491326
0.0108578
-0.0491303
0.00839121
-0.0491286
0.00596529
-0.0491275
0.00356791
-0.0491269
0.00118744
0.
0.
0.
0.
0.
0.
0.
0.
0.
0.
0.
0.
0.
0.
0.
0.
0.
0.
0.
0.
0.
0.
0.
0.
0.
0.
0.
0.
0.
0.
0.
0.
0.
0.
0.
0.
0.
0.
0.
0.
0.
0.
0.
0.
0.
0.
0.
0.
0.
0.
0.
0.
0.
0.
0.
0.
0.
0.
0.
0.
0.
0.
0.
0.
