0 0 0: 0.000000 0.500000 0.500000
1 0 0: 0.208333 0.508519 0.500000
2 0 0: 0.416667 0.533494 0.500000
3 0 0: 0.625000 0.573223 0.500000
4 0 0: 0.833333 0.625000 0.500000
5 0 0: 1.041667 0.685295 0.500000
6 0 0: 1.250000 0.750000 0.500000
7 0 0: 1.458333 0.814705 0.500000
8 0 0: 1.666667 0.875000 0.500000
9 0 0: 1.875000 0.926777 0.500000
10 0 0: 2.083333 0.966506 0.500000
11 0 0: 2.291667 0.991481 0.500000
12 0 0: 2.500000 1.000000 0.500000
13 0 0: 2.708333 0.991481 0.500000
14 0 0: 2.916667 0.966506 0.500000
15 0 0: 3.125000 0.926777 0.500000
16 0 0: 3.333333 0.875000 0.500000
17 0 0: 3.541667 0.814705 0.500000
18 0 0: 3.750000 0.750000 0.500000
19 0 0: 3.958333 0.685295 0.500000
20 0 0: 4.166667 0.625000 0.500000
21 0 0: 4.375000 0.573223 0.500000
22 0 0: 4.583333 0.533494 0.500000
23 0 0: 4.791667 0.508519 0.500000
24 0 0: 5.000000 0.500000 0.500000
  0 SNES Function norm 0.0797918 
    0 KSP Residual norm 56.1509 
    1 KSP Residual norm 3.08801 
    2 KSP Residual norm 0.441858 
    3 KSP Residual norm 0.0548969 
    4 KSP Residual norm 0.00858775 
    5 KSP Residual norm 0.0020123 
    6 KSP Residual norm 0.000251149 
  1 SNES Function norm 0.0777255 
    0 KSP Residual norm 45.6699 
    1 KSP Residual norm 2.32443 
    2 KSP Residual norm 0.310879 
    3 KSP Residual norm 0.0390648 
    4 KSP Residual norm 0.00631053 
    5 KSP Residual norm 0.00147958 
    6 KSP Residual norm 0.000181967 
  2 SNES Function norm 0.0769879 
    0 KSP Residual norm 38.474 
    1 KSP Residual norm 1.78229 
    2 KSP Residual norm 0.226884 
    3 KSP Residual norm 0.0286476 
    4 KSP Residual norm 0.00466528 
    5 KSP Residual norm 0.00108639 
    6 KSP Residual norm 0.000134703 
  3 SNES Function norm 0.0758293 
    0 KSP Residual norm 33.2101 
    1 KSP Residual norm 1.40829 
    2 KSP Residual norm 0.172315 
    3 KSP Residual norm 0.0216714 
    4 KSP Residual norm 0.00356485 
    5 KSP Residual norm 0.000823587 
    6 KSP Residual norm 0.000103456 
  4 SNES Function norm 0.0741355 
    0 KSP Residual norm 29.1602 
    1 KSP Residual norm 1.1474 
    2 KSP Residual norm 0.135804 
    3 KSP Residual norm 0.0168675 
    4 KSP Residual norm 0.00283626 
    5 KSP Residual norm 0.000644733 
    6 KSP Residual norm 8.27653e-05 
  5 SNES Function norm 0.0738376 
    0 KSP Residual norm 22.8364 
    1 KSP Residual norm 0.801407 
    2 KSP Residual norm 0.0880826 
    3 KSP Residual norm 0.010569 
    4 KSP Residual norm 0.00203057 
    5 KSP Residual norm 0.000391997 
    6 KSP Residual norm 5.2799e-05 
  6 SNES Function norm 0.0708316 
    0 KSP Residual norm 18.6161 
    1 KSP Residual norm 0.625477 
    2 KSP Residual norm 0.0652263 
    3 KSP Residual norm 0.00801703 
    4 KSP Residual norm 0.00183068 
    5 KSP Residual norm 0.000268869 
    6 KSP Residual norm 4.46672e-05 
  7 SNES Function norm 0.066564 
    0 KSP Residual norm 15.5363 
    1 KSP Residual norm 0.520184 
    2 KSP Residual norm 0.0528854 
    3 KSP Residual norm 0.00707918 
    4 KSP Residual norm 0.00165923 
    5 KSP Residual norm 0.000211094 
    6 KSP Residual norm 4.20001e-05 
  8 SNES Function norm 0.061801 
    0 KSP Residual norm 13.1663 
    1 KSP Residual norm 0.451207 
    2 KSP Residual norm 0.0458553 
    3 KSP Residual norm 0.00682131 
    4 KSP Residual norm 0.00152256 
    5 KSP Residual norm 0.00019887 
    6 KSP Residual norm 3.88943e-05 
  9 SNES Function norm 0.0569389 
    0 KSP Residual norm 11.2844 
    1 KSP Residual norm 0.397802 
    2 KSP Residual norm 0.0410797 
    3 KSP Residual norm 0.00666926 
    4 KSP Residual norm 0.00139089 
    5 KSP Residual norm 0.000192165 
    6 KSP Residual norm 3.35112e-05 
 10 SNES Function norm 0.050346 
    0 KSP Residual norm 8.90147 
    1 KSP Residual norm 0.329114 
    2 KSP Residual norm 0.0356671 
    3 KSP Residual norm 0.00636031 
    4 KSP Residual norm 0.0012054 
    5 KSP Residual norm 0.000173746 
    6 KSP Residual norm 2.61747e-05 
 11 SNES Function norm 0.040753 
    0 KSP Residual norm 5.68755 
    1 KSP Residual norm 0.224622 
    2 KSP Residual norm 0.0281315 
    3 KSP Residual norm 0.00524501 
    4 KSP Residual norm 0.000861394 
    5 KSP Residual norm 0.000123329 
    6 KSP Residual norm 1.63553e-05 
 12 SNES Function norm 0.0307534 
    0 KSP Residual norm 0.544078 
    1 KSP Residual norm 0.0340027 
    2 KSP Residual norm 0.00773472 
    3 KSP Residual norm 0.000930621 
    4 KSP Residual norm 0.000155099 
    5 KSP Residual norm 2.63561e-05 
    6 KSP Residual norm 2.47726e-06 
 13 SNES Function norm 0.000572608 
    0 KSP Residual norm 0.0118706 
    1 KSP Residual norm 0.000667266 
    2 KSP Residual norm 0.000196762 
    3 KSP Residual norm 2.21639e-05 
    4 KSP Residual norm 2.90314e-06 
    5 KSP Residual norm 6.02024e-07 
    6 KSP Residual norm 4.603e-08 
 14 SNES Function norm 4.63128e-07 
    0 KSP Residual norm 5.48974e-06 
    1 KSP Residual norm 3.37963e-07 
    2 KSP Residual norm 9.79154e-08 
    3 KSP Residual norm 1.09374e-08 
    4 KSP Residual norm 1.46139e-09 
    5 KSP Residual norm 2.998e-10 
    6 KSP Residual norm 2.387e-11 
 15 SNES Function norm < 1.e-11
Number of SNES iterations = 15
0 0 0: -0.000000 0.500000 0.500000
1 0 0: 0.191153 0.421173 0.500000
2 0 0: 0.379451 0.341034 0.500000
3 0 0: 0.572632 0.269656 0.500000
4 0 0: 0.772027 0.209940 0.500000
5 0 0: 0.976808 0.162253 0.500000
6 0 0: 1.185832 0.125299 0.500000
7 0 0: 1.398249 0.096914 0.500000
8 0 0: 1.613610 0.074889 0.500000
9 0 0: 1.831740 0.057630 0.500000
10 0 0: 2.052513 0.044546 0.500000
11 0 0: 2.275562 0.036054 0.500000
12 0 0: 2.500000 0.033065 0.500000
13 0 0: 2.724438 0.036054 0.500000
14 0 0: 2.947487 0.044546 0.500000
15 0 0: 3.168260 0.057630 0.500000
16 0 0: 3.386390 0.074889 0.500000
17 0 0: 3.601751 0.096914 0.500000
18 0 0: 3.814168 0.125299 0.500000
19 0 0: 4.023192 0.162253 0.500000
20 0 0: 4.227973 0.209940 0.500000
21 0 0: 4.427368 0.269656 0.500000
22 0 0: 4.620549 0.341034 0.500000
23 0 0: 4.808847 0.421173 0.500000
24 0 0: 5.000000 0.500000 0.500000
