lambda: 2.777778 mu: 4.166667
  0 SNES Function norm 0.0831281 
    0 SNES Function norm 0.0831281 
    1 SNES Function norm 0.319185 
    0 KSP Residual norm 4.4885 
    1 KSP Residual norm 0.0667631 
    2 KSP Residual norm 0.00397109 
    3 KSP Residual norm 0.000321695 
    4 KSP Residual norm 0.000176072 
    5 KSP Residual norm 6.8841e-05 
    6 KSP Residual norm 4.22795e-06 
  1 SNES Function norm 0.134213 
    0 SNES Function norm 0.134213 
    1 SNES Function norm 0.0277313 
    0 KSP Residual norm 0.111054 
    1 KSP Residual norm 0.00154158 
    2 KSP Residual norm 9.07826e-05 
    3 KSP Residual norm 1.46645e-05 
    4 KSP Residual norm 4.38228e-06 
    5 KSP Residual norm 1.02772e-06 
  2 SNES Function norm 0.000199778 
    0 SNES Function norm 0.000199778 
    1 SNES Function norm 4.96735e-05 
    0 KSP Residual norm 0.000112454 
    1 KSP Residual norm 7.7973e-06 
    2 KSP Residual norm 2.97332e-07 
    3 KSP Residual norm 3.51382e-08 
    4 KSP Residual norm 1.49767e-08 
    5 KSP Residual norm 2.36965e-09 
    6 KSP Residual norm 4.459e-10 
  3 SNES Function norm 2.43411e-09 
    0 SNES Function norm 2.43411e-09 
    1 SNES Function norm 1.07964e-09 
    0 KSP Residual norm 3.64073e-09 
    1 KSP Residual norm 1.392e-10 
    2 KSP Residual norm 3.212e-11 
    3 KSP Residual norm < 1.e-11
    4 KSP Residual norm < 1.e-11
    5 KSP Residual norm < 1.e-11
    6 KSP Residual norm < 1.e-11
    7 KSP Residual norm < 1.e-11
  4 SNES Function norm < 1.e-11
Number of SNES iterations = 4
