lid velocity = 0.0204082, prandtl # = 1., grashof # = 1.
    0 KSP Residual norm 0.0573419 
    1 KSP Residual norm 0.474115 
    2 KSP Residual norm 0.0247836 
    3 KSP Residual norm 1.42372 
    4 KSP Residual norm 0.249372 
    5 KSP Residual norm 0.0258272 
    6 KSP Residual norm 1.1985 
    7 KSP Residual norm 7.85537 
    8 KSP Residual norm 0.728454 
    9 KSP Residual norm 0.00138486 
   10 KSP Residual norm 0.000818539 
   11 KSP Residual norm 0.00492675 
   12 KSP Residual norm 0.01157 
   13 KSP Residual norm 0.000111309 
   14 KSP Residual norm 7.80676e-05 
   15 KSP Residual norm 6.77758e-05 
   16 KSP Residual norm 0.000736561 
   17 KSP Residual norm 0.0105312 
   18 KSP Residual norm 0.000398435 
   19 KSP Residual norm 0.00124513 
   20 KSP Residual norm 7.91958e-06 
   21 KSP Residual norm 6.61084e-06 
   22 KSP Residual norm 7.50481e-06 
   23 KSP Residual norm 0.0188427 
   24 KSP Residual norm 2.51915e-06 
   25 KSP Residual norm 5.31455e-06 
   26 KSP Residual norm 1.57076e-06 
   27 KSP Residual norm 7.4349e-07 
   28 KSP Residual norm 4.25342e-05 
   29 KSP Residual norm 0.000337754 
   30 KSP Residual norm 8.8038e-06 
   31 KSP Residual norm 3.75084e-07 
    0 KSP Residual norm 6.20675e-06 
    1 KSP Residual norm 3.23104e-06 
    2 KSP Residual norm 2.721e-06 
    3 KSP Residual norm 8.68739e-07 
    4 KSP Residual norm 6.28331e-07 
    5 KSP Residual norm 2.8289e-05 
    6 KSP Residual norm 1.93199e-05 
    7 KSP Residual norm 2.75152e-06 
    8 KSP Residual norm 0.000175016 
    9 KSP Residual norm 1.3797e-06 
   10 KSP Residual norm 7.05282e-08 
   11 KSP Residual norm 2.35102e-06 
   12 KSP Residual norm 0.000159219 
   13 KSP Residual norm 4.22414e-07 
   14 KSP Residual norm 2.64301e-06 
   15 KSP Residual norm 7.18803e-08 
   16 KSP Residual norm 1.49256e-08 
   17 KSP Residual norm 1.13752e-07 
   18 KSP Residual norm 7.541e-10 
   19 KSP Residual norm 8.052e-10 
   20 KSP Residual norm 7.473e-11 
   21 KSP Residual norm 1.521e-10 
   22 KSP Residual norm 1.213e-10 
   23 KSP Residual norm 2.672e-10 
   24 KSP Residual norm 4.00174e-06 
   25 KSP Residual norm 9.259e-11 
   26 KSP Residual norm 3.487e-11 
Number of SNES iterations = 2
