  0 SNES Function norm 6.04152 
    0 KSP Residual norm 6.04152 
    1 KSP Residual norm 1.04249 
    2 KSP Residual norm < 1.e-11
  1 SNES Function norm 4.78676 
    0 KSP Residual norm 4.78676 
    1 KSP Residual norm 0.142639 
    2 KSP Residual norm < 1.e-11
  2 SNES Function norm 2.98646 
    0 KSP Residual norm 2.98646 
    1 KSP Residual norm 0.0766989 
    2 KSP Residual norm < 1.e-11
  3 SNES Function norm 0.230624 
    0 KSP Residual norm 0.230624 
    1 KSP Residual norm 0.0135555 
    2 KSP Residual norm < 1.e-11
  4 SNES Function norm 0.00193631 
    0 KSP Residual norm 0.00193631 
    1 KSP Residual norm 0.000212559 
    2 KSP Residual norm < 1.e-11
  5 SNES Function norm 1.43559e-07 
    0 KSP Residual norm 1.43559e-07 
    1 KSP Residual norm 2.58827e-08 
    2 KSP Residual norm < 1.e-11
  6 SNES Function norm < 1.e-11
Number of SNES iterations = 6
