MFEM mesh v1.1

dimension
1

elements
19
1 1 0 1
1 1 1 2
1 1 2 3
1 1 3 4
1 1 4 5
1 1 5 6
1 1 6 7
1 1 7 8
1 1 8 9
1 1 9 10
1 1 10 11
1 1 11 12
1 1 12 13
1 1 13 14
1 1 14 15
1 1 15 16
1 1 16 17
1 1 17 18
1 1 18 19

boundary
0

vertices
20
1
 0.
 0.0526316
 0.105263
 0.157895
 0.210526
 0.263158
 0.315789
 0.368421
 0.421053
 0.473684
 0.526316
 0.578947
 0.631579
 0.684211
 0.736842
 0.789474
 0.842105
 0.894737
 0.947368
 1.
FiniteElementSpace
FiniteElementCollection: H1_1D_P1
VDim: 1
Ordering: 1

 0.
 0.0498615
 0.0941828
 0.132964
 0.166205
 0.193906
 0.216066
 0.232687
 0.243767
 0.249307
 0.249307
 0.243767
 0.232687
 0.216066
 0.193906
 0.166205
 0.132964
 0.0941828
 0.0498615
 0.
MFEM mesh v1.1

dimension
1

elements
19
1 1 0 1
1 1 1 2
1 1 2 3
1 1 3 4
1 1 4 5
1 1 5 6
1 1 6 7
1 1 7 8
1 1 8 9
1 1 9 10
1 1 10 11
1 1 11 12
1 1 12 13
1 1 13 14
1 1 14 15
1 1 15 16
1 1 16 17
1 1 17 18
1 1 18 19

boundary
0

vertices
20
1
 0.
 0.0526316
 0.105263
 0.157895
 0.210526
 0.263158
 0.315789
 0.368421
 0.421053
 0.473684
 0.526316
 0.578947
 0.631579
 0.684211
 0.736842
 0.789474
 0.842105
 0.894737
 0.947368
 1.
FiniteElementSpace
FiniteElementCollection: H1_1D_P1
VDim: 1
Ordering: 1

 0.
 0.0721763
 0.132121
 0.183514
 0.229106
 0.270984
 0.310813
 0.350032
 0.390004
 0.432151
 0.47805
 0.529457
 0.588085
 0.654805
 0.727993
 0.802092
 0.869386
 0.924727
 0.967557
 1.
