Local function
Vector Object: 1 MPI processes
  type: seq
-0
0
-1
0
-0.5
0
-0.5
0.5
0
-0
0
1
-0
0.5
-0.5
0.5
-0
0
0
1
0
-0.5
0.5
1.5
0
-0
0
1
0.5
-0
0.5
1.5
-0
0
1
2
-0.375
0
-0.1875
0.1875
-0
0.375
0.1875
0.1875
0
0.375
-0
0.25
-0.25
0
-0.1875
-0.1875
0
-0.375
-0
-0.25
-0.375
-0
0.1875
-0.1875
-0
-0.375
0.375
0
0.25
0
0.375
-0
Initial guess
Vector Object:solution 1 MPI processes
  type: seq
-1
-0.5
-0.5
0
0.5
-0.5
-0
0
0
1
-0.5
0.5
0
0.5
0.5
1
-0.375
-0.1875
0.1875
0.375
0.1875
0.1875
0.375
-0
0.25
-0.25
0
-0.1875
-0.1875
-0.375
-0
-0.25
-0.375
0.1875
-0.1875
-0.375
0.375
0.25
0
0.375
L_2 Error: 0.0171391
Residual:
Vector Object: 1 MPI processes
  type: seq
0
0
0
0
-0.133333
0
0
0
0
0
0
0
0
0.133333
0
0
0
0
0
0
0
-0.133333
0
0
0
0
0
0
0.133333
0
0
0
0
0
0
0
-0.283333
0
0
0
0
0.283333
0
0
0
0.283333
0
0
0
0
0
0
0
-0.283333
0
0
-0.283333
0
0
0
0
-0.283333
0.283333
0
0
0
0.283333
0
Initial Residual
Vector Object: 1 MPI processes
  type: seq
0
-0.133333
0
0
0.133333
0
0
0
0
0
-0.133333
0
0
0.133333
0
0
-0.283333
0
0
0.283333
0
0
0.283333
0
0
0
0
0
0
-0.283333
0
0
-0.283333
0
0
-0.283333
0.283333
0
0
0.283333
L_2 Residual: 0.844591
Jacobian:
Matrix Object: 1 MPI processes
  type: seqaij
row 0: (0, 0)  (1, 0)  (2, 0)  (4, 0)  (5, 0)  (16, 0.0833333)  (17, 0.0833333)  (18, 0.0833333)  (19, 0.0833333) 
row 1: (0, 0)  (1, 2)  (2, 0)  (3, 0)  (4, 0)  (5, 0)  (6, 0.333333)  (7, 0)  (8, 0)  (9, 0)  (16, -0.666667)  (17, 0)  (18, 0)  (19, 0)  (23, 0)  (24, 0)  (25, -1.33333)  (26, 0)  (27, 0)  (28, 0)  (32, -0.666667) 
row 2: (0, 0)  (1, 0)  (2, 0)  (3, 0)  (4, 0)  (5, 0)  (6, 0)  (7, 0)  (8, 0)  (9, 0)  (16, -0.0833333)  (17, -0.0833333)  (18, 0.0833333)  (19, 0)  (23, 0)  (24, 0.0833333)  (25, 0.0833333)  (26, 0.166667)  (27, 0.0833333)  (28, 0.0833333)  (32, 0.0833333) 
row 3: (1, 0)  (2, 0)  (3, 0)  (6, 0)  (7, 0)  (8, 0)  (9, 0)  (10, 0)  (11, 0)  (25, -0.0833333)  (26, 0)  (27, -0.0833333)  (28, 0.0833333)  (29, 0.0833333)  (30, 0)  (31, 0.0833333)  (32, -0.0833333) 
row 4: (0, 0)  (1, 0)  (2, 0)  (4, 2)  (5, 0)  (6, 0)  (7, 0.333333)  (8, 0)  (9, 0)  (12, 0)  (16, 0)  (17, 0)  (18, 0)  (19, -0.666667)  (20, 0)  (21, 0)  (22, -0.666667)  (23, 0)  (24, -1.33333)  (25, 0)  (26, 0) 
row 5: (0, 0)  (1, 0)  (2, 0)  (4, 0)  (5, 0)  (6, 0)  (7, 0)  (8, 0)  (9, 0)  (12, 0)  (16, 0)  (17, 0.0833333)  (18, -0.0833333)  (19, -0.0833333)  (20, 0.0833333)  (21, 0.0833333)  (22, 0.0833333)  (23, 0.166667)  (24, 0.0833333)  (25, 0.0833333)  (26, 0) 
row 6: (1, 0.333333)  (2, 0)  (3, 0)  (4, 0)  (5, 0)  (6, 4)  (7, 0)  (8, 0)  (9, 0)  (10, 0)  (11, 0)  (12, 0)  (13, 0.333333)  (14, 0)  (17, 0)  (18, 0)  (20, 0)  (21, 0)  (22, 0)  (23, -1.33333)  (24, 0)  (25, -1.33333)  (26, 0)  (27, 0)  (28, 0)  (29, 0)  (30, -1.33333)  (31, 0)  (32, 0)  (33, 0)  (34, 0)  (37, -1.33333)  (38, 0)  (39, 0) 
row 7: (1, 0)  (2, 0)  (3, 0)  (4, 0.333333)  (5, 0)  (6, 0)  (7, 4)  (8, 0)  (9, 0)  (10, 0.333333)  (11, 0)  (12, 0)  (13, 0)  (14, 0)  (17, 0)  (18, 0)  (20, 0)  (21, 0)  (22, 0)  (23, 0)  (24, -1.33333)  (25, 0)  (26, -1.33333)  (27, 0)  (28, 0)  (29, 0)  (30, 0)  (31, -1.33333)  (32, 0)  (33, 0)  (34, 0)  (37, 0)  (38, -1.33333)  (39, 0) 
row 8: (1, 0)  (2, 0)  (3, 0)  (4, 0)  (5, 0)  (6, 0)  (7, 0)  (8, 0)  (9, 0)  (10, 0)  (11, 0)  (12, 0)  (13, 0)  (14, 0)  (17, -0.0833333)  (18, -0.0833333)  (20, -0.0833333)  (21, 0.0833333)  (22, 0)  (23, -0.166667)  (24, -0.0833333)  (25, -0.0833333)  (26, -0.166667)  (27, 0.0833333)  (28, -0.0833333)  (29, 0)  (30, 0.166667)  (31, 0.0833333)  (32, 0)  (33, 0.0833333)  (34, 0.0833333)  (37, 0.0833333)  (38, 0.166667)  (39, 0) 
row 9: (1, 0)  (2, 0)  (3, 0)  (4, 0)  (5, 0)  (6, 0)  (7, 0)  (8, 0)  (9, 4)  (10, 0)  (11, 0)  (12, 0)  (13, 0)  (14, 0)  (17, 0)  (18, 0)  (20, 0)  (21, 0)  (22, 0)  (23, 0)  (24, 0)  (25, 0)  (26, 0)  (27, 0)  (28, 0)  (29, 0)  (30, 0)  (31, 0)  (32, 0)  (33, 0)  (34, 0)  (37, 0)  (38, 0)  (39, 0) 
row 10: (3, 0)  (6, 0)  (7, 0.333333)  (8, 0)  (9, 0)  (10, 2)  (11, 0)  (13, 0)  (14, 0)  (15, 0)  (27, 0)  (28, 0)  (29, -0.666667)  (30, 0)  (31, -1.33333)  (33, 0)  (34, 0)  (35, -0.666667)  (36, 0)  (37, 0)  (38, 0) 
row 11: (3, 0)  (6, 0)  (7, 0)  (8, 0)  (9, 0)  (10, 0)  (11, 0)  (13, 0)  (14, 0)  (15, 0)  (27, -0.0833333)  (28, -0.0833333)  (29, -0.0833333)  (30, -0.166667)  (31, -0.0833333)  (33, -0.0833333)  (34, 0.0833333)  (35, 0.0833333)  (36, 0)  (37, -0.0833333)  (38, 0) 
row 12: (4, 0)  (5, 0)  (6, 0)  (7, 0)  (8, 0)  (9, 0)  (12, 0)  (13, 0)  (14, 0)  (20, 0.0833333)  (21, -0.0833333)  (22, -0.0833333)  (23, 0)  (24, -0.0833333)  (37, 0.0833333)  (38, 0)  (39, 0.0833333) 
row 13: (6, 0.333333)  (7, 0)  (8, 0)  (9, 0)  (10, 0)  (11, 0)  (12, 0)  (13, 2)  (14, 0)  (15, 0)  (20, 0)  (21, 0)  (30, 0)  (31, 0)  (33, 0)  (34, 0)  (35, 0)  (36, -0.666667)  (37, -1.33333)  (38, 0)  (39, -0.666667) 
row 14: (6, 0)  (7, 0)  (8, 0)  (9, 0)  (10, 0)  (11, 0)  (12, 0)  (13, 0)  (14, 0)  (15, 0)  (20, -0.0833333)  (21, -0.0833333)  (30, 0)  (31, -0.0833333)  (33, 0.0833333)  (34, -0.0833333)  (35, 0)  (36, 0.0833333)  (37, -0.0833333)  (38, -0.166667)  (39, -0.0833333) 
row 15: (10, 0)  (11, 0)  (13, 0)  (14, 0)  (15, 0)  (33, -0.0833333)  (34, -0.0833333)  (35, -0.0833333)  (36, -0.0833333) 
row 16: (0, -0.0833333)  (1, -0.666667)  (2, 0.0833333)  (4, 0)  (5, 0)  (16, 2.66667)  (17, -1.33333)  (18, 0)  (19, 0) 
row 17: (0, -0.0833333)  (1, 0)  (2, 0.0833333)  (4, 0)  (5, -0.0833333)  (6, 0)  (7, 0)  (8, 0.0833333)  (9, 0)  (16, -1.33333)  (17, 5.33333)  (18, 0)  (19, 0)  (23, -1.33333)  (24, 0)  (25, -1.33333)  (26, 0) 
row 18: (0, -0.0833333)  (1, 0)  (2, -0.0833333)  (4, 0)  (5, 0.0833333)  (6, 0)  (7, 0)  (8, 0.0833333)  (9, 0)  (16, 0)  (17, 0)  (18, 5.33333)  (19, -1.33333)  (23, 0)  (24, -1.33333)  (25, 0)  (26, -1.33333) 
row 19: (0, -0.0833333)  (1, 0)  (2, 0)  (4, -0.666667)  (5, 0.0833333)  (16, 0)  (17, 0)  (18, -1.33333)  (19, 2.66667) 
row 20: (4, 0)  (5, -0.0833333)  (6, 0)  (7, 0)  (8, 0.0833333)  (9, 0)  (12, -0.0833333)  (13, 0)  (14, 0.0833333)  (20, 5.33333)  (21, 0)  (22, 0)  (23, -1.33333)  (24, 0)  (37, -1.33333)  (38, 0)  (39, -1.33333) 
row 21: (4, 0)  (5, -0.0833333)  (6, 0)  (7, 0)  (8, -0.0833333)  (9, 0)  (12, 0.0833333)  (13, 0)  (14, 0.0833333)  (20, 0)  (21, 5.33333)  (22, -1.33333)  (23, 0)  (24, -1.33333)  (37, 0)  (38, -1.33333)  (39, 0) 
row 22: (4, -0.666667)  (5, -0.0833333)  (6, 0)  (7, 0)  (8, 0)  (9, 0)  (12, 0.0833333)  (20, 0)  (21, -1.33333)  (22, 2.66667)  (23, 0)  (24, 0) 
row 23: (1, 0)  (2, 0)  (4, 0)  (5, -0.166667)  (6, -1.33333)  (7, 0)  (8, 0.166667)  (9, 0)  (12, 0)  (17, -1.33333)  (18, 0)  (20, -1.33333)  (21, 0)  (22, 0)  (23, 5.33333)  (24, 0)  (25, 0)  (26, 0) 
row 24: (1, 0)  (2, -0.0833333)  (4, -1.33333)  (5, -0.0833333)  (6, 0)  (7, -1.33333)  (8, 0.0833333)  (9, 0)  (12, 0.0833333)  (17, 0)  (18, -1.33333)  (20, 0)  (21, -1.33333)  (22, 0)  (23, 0)  (24, 5.33333)  (25, 0)  (26, 0) 
row 25: (1, -1.33333)  (2, -0.0833333)  (3, 0.0833333)  (4, 0)  (5, -0.0833333)  (6, -1.33333)  (7, 0)  (8, 0.0833333)  (9, 0)  (17, -1.33333)  (18, 0)  (23, 0)  (24, 0)  (25, 5.33333)  (26, 0)  (27, -1.33333)  (28, 0)  (32, 0) 
row 26: (1, 0)  (2, -0.166667)  (3, 0)  (4, 0)  (5, 0)  (6, 0)  (7, -1.33333)  (8, 0.166667)  (9, 0)  (17, 0)  (18, -1.33333)  (23, 0)  (24, 0)  (25, 0)  (26, 5.33333)  (27, 0)  (28, -1.33333)  (32, 0) 
row 27: (1, 0)  (2, -0.0833333)  (3, 0.0833333)  (6, 0)  (7, 0)  (8, -0.0833333)  (9, 0)  (10, 0)  (11, 0.0833333)  (25, -1.33333)  (26, 0)  (27, 5.33333)  (28, 0)  (29, 0)  (30, -1.33333)  (31, 0)  (32, -1.33333) 
row 28: (1, 0)  (2, -0.0833333)  (3, -0.0833333)  (6, 0)  (7, 0)  (8, 0.0833333)  (9, 0)  (10, 0)  (11, 0.0833333)  (25, 0)  (26, -1.33333)  (27, 0)  (28, 5.33333)  (29, -1.33333)  (30, 0)  (31, -1.33333)  (32, 0) 
row 29: (3, -0.0833333)  (6, 0)  (7, 0)  (8, 0)  (9, 0)  (10, -0.666667)  (11, 0.0833333)  (27, 0)  (28, -1.33333)  (29, 2.66667)  (30, 0)  (31, 0) 
row 30: (3, 0)  (6, -1.33333)  (7, 0)  (8, -0.166667)  (9, 0)  (10, 0)  (11, 0.166667)  (13, 0)  (14, 0)  (27, -1.33333)  (28, 0)  (29, 0)  (30, 5.33333)  (31, 0)  (33, -1.33333)  (34, 0)  (37, 0)  (38, 0) 
row 31: (3, -0.0833333)  (6, 0)  (7, -1.33333)  (8, -0.0833333)  (9, 0)  (10, -1.33333)  (11, 0.0833333)  (13, 0)  (14, 0.0833333)  (27, 0)  (28, -1.33333)  (29, 0)  (30, 0)  (31, 5.33333)  (33, 0)  (34, -1.33333)  (37, 0)  (38, 0) 
row 32: (1, -0.666667)  (2, -0.0833333)  (3, 0.0833333)  (6, 0)  (7, 0)  (8, 0)  (9, 0)  (25, 0)  (26, 0)  (27, -1.33333)  (28, 0)  (32, 2.66667) 
row 33: (6, 0)  (7, 0)  (8, -0.0833333)  (9, 0)  (10, 0)  (11, 0.0833333)  (13, 0)  (14, -0.0833333)  (15, 0.0833333)  (30, -1.33333)  (31, 0)  (33, 5.33333)  (34, 0)  (35, 0)  (36, -1.33333)  (37, -1.33333)  (38, 0) 
row 34: (6, 0)  (7, 0)  (8, -0.0833333)  (9, 0)  (10, 0)  (11, -0.0833333)  (13, 0)  (14, 0.0833333)  (15, 0.0833333)  (30, 0)  (31, -1.33333)  (33, 0)  (34, 5.33333)  (35, -1.33333)  (36, 0)  (37, 0)  (38, -1.33333) 
row 35: (10, -0.666667)  (11, -0.0833333)  (13, 0)  (14, 0)  (15, 0.0833333)  (33, 0)  (34, -1.33333)  (35, 2.66667)  (36, 0) 
row 36: (10, 0)  (11, 0)  (13, -0.666667)  (14, -0.0833333)  (15, 0.0833333)  (33, -1.33333)  (34, 0)  (35, 0)  (36, 2.66667) 
row 37: (6, -1.33333)  (7, 0)  (8, -0.0833333)  (9, 0)  (10, 0)  (11, 0.0833333)  (12, -0.0833333)  (13, -1.33333)  (14, 0.0833333)  (20, -1.33333)  (21, 0)  (30, 0)  (31, 0)  (33, -1.33333)  (34, 0)  (37, 5.33333)  (38, 0)  (39, 0) 
row 38: (6, 0)  (7, -1.33333)  (8, -0.166667)  (9, 0)  (10, 0)  (11, 0)  (12, 0)  (13, 0)  (14, 0.166667)  (20, 0)  (21, -1.33333)  (30, 0)  (31, 0)  (33, 0)  (34, -1.33333)  (37, 0)  (38, 5.33333)  (39, 0) 
row 39: (6, 0)  (7, 0)  (8, 0)  (9, 0)  (12, -0.0833333)  (13, -0.666667)  (14, 0.0833333)  (20, -1.33333)  (21, 0)  (37, 0)  (38, 0)  (39, 2.66667) 
Residual:
Vector Object: 1 MPI processes
  type: seq
0
0
0
0
0.0333333
0
0
0
0
0
0
0
0
-0.0333333
0
0
0
0
0
-4
0
0.0333333
0
0
0
0
0
0
-0.0333333
0
0
0
0
0
0
0
0.0916667
0
0.0833333
-0.25
0
-0.175
-0.25
-0.25
0
-0.175
-0.0833333
-0.25
0.0833333
-0.0833333
0.0833333
0.0833333
0
0.0916667
-0.0833333
0.0833333
0.0916667
0
-0.25
0.0833333
0
0.0916667
-0.175
0
-0.25
-0.0833333
-0.175
0
Au - b = Au + F(0)
Vector Object: 1 MPI processes
  type: seq
0
-0.133333
0
0
0.133333
0
0
0
0
0
-0.133333
0
0
0.133333
0
0
-0.283333
0
0
0.283333
0
0
0.283333
0
0
0
0
0
0
-0.283333
0
0
-0.283333
0
0
-0.283333
0.283333
0
0
0.283333
Linear L_2 Residual: 0.844591
