Local function
Vec Object: 1 MPI processes
  type: seq
0
0
-1
0
0.25
0.5
-0.5
0.5
1
2
0
1
0.25
0
-0.5
0.5
0.5
0
0
1
1.25
1
0.5
1.5
1
0
0
1
1.25
-0.5
0.5
1.5
2
0
1
2
0.0625
0.125
0.125
0
0.0625
0
0.625
-0.25
0.5625
0
0.3125
-0.125
0.3125
0.25
0.625
0.75
1.0625
1.5
0.8125
0.375
0.5625
1.125
1.125
0
1.5625
0.5
1.5625
-0.375
0.8125
-0.25
1.0625
-0.375
Initial guess
Vec Object: solution 1 MPI processes
  type: seq
-1
-0.5
0
-0.5
0.5
0
0
1
0.5
0
0.5
1
0.125
0
0.625
-0.25
0.3125
-0.125
0.3125
0.25
0.625
0.75
0.8125
0.375
1.125
0
0.8125
-0.25
L_2 Error: 1.0623e-12
Residual:
Vec Object: 1 MPI processes
  type: seq
0
0
0
0
0
0
0
0
0
0
0
0
0
0
0
0
0
0
0
0
0
0
0
0
0
0
0
0
0
0
0
0
0
0
0
0
0
0
0
0
0
0
0
0
0
0
0
0
0
0
0
0
0
0
0
0
0
0
0
0
0
0
0
0
0
0
0
0
Initial Residual
Vec Object: 1 MPI processes
  type: seq
0
0
0
0
0
0
0
0
0
0
0
0
0
0
0
0
0
0
0
0
0
0
0
0
0
0
0
0
L_2 Residual: 0
Jacobian:
Mat Object: 1 MPI processes
  type: seqaij
row 0: (0, 0)  (1, 0)  (3, 0)  (12, 0.0833333)  (13, 0.0833333) 
row 1: (0, 0)  (1, 0)  (2, 0)  (3, 0)  (4, 0)  (5, 0)  (6, 0)  (7, 0)  (12, -0.0833333)  (13, 0.0833333)  (16, 0)  (17, 0.0833333)  (18, 0.0833333)  (19, 0.166667)  (20, 0.0833333)  (21, 0.0833333) 
row 2: (1, 0)  (2, 0)  (4, 0)  (5, 0)  (6, 0)  (7, 0)  (8, 0)  (18, -0.0833333)  (19, 0)  (20, -0.0833333)  (21, 0.0833333)  (22, 0)  (23, 0.0833333) 
row 3: (0, 0)  (1, 0)  (3, 0)  (4, 0)  (5, 0)  (6, 0)  (7, 0)  (9, 0)  (12, 0.0833333)  (13, -0.0833333)  (14, 0.0833333)  (15, 0.0833333)  (16, 0.166667)  (17, 0.0833333)  (18, 0.0833333)  (19, 0) 
row 4: (1, 0)  (2, 0)  (3, 0)  (4, 4)  (5, 0)  (6, 0)  (7, 0)  (8, 0)  (9, 0)  (10, 0)  (12, 0)  (13, 0)  (14, 0)  (15, 0)  (16, -1.33333)  (17, 0)  (18, -1.33333)  (19, 0)  (20, 0)  (21, 0)  (22, -1.33333)  (23, 0)  (24, 0)  (25, 0)  (26, -1.33333)  (27, 0) 
row 5: (1, 0)  (2, 0)  (3, 0)  (4, 0)  (5, 4)  (6, 0)  (7, 0)  (8, 0)  (9, 0)  (10, 0)  (12, 0)  (13, 0)  (14, 0)  (15, 0)  (16, 0)  (17, -1.33333)  (18, 0)  (19, -1.33333)  (20, 0)  (21, 0)  (22, 0)  (23, -1.33333)  (24, 0)  (25, 0)  (26, 0)  (27, -1.33333) 
row 6: (1, 0)  (2, 0)  (3, 0)  (4, 0)  (5, 0)  (6, 0)  (7, 0)  (8, 0)  (9, 0)  (10, 0)  (12, -0.0833333)  (13, -0.0833333)  (14, -0.0833333)  (15, 0.0833333)  (16, -0.166667)  (17, -0.0833333)  (18, -0.0833333)  (19, -0.166667)  (20, 0.0833333)  (21, -0.0833333)  (22, 0.166667)  (23, 0.0833333)  (24, 0.0833333)  (25, 0.0833333)  (26, 0.0833333)  (27, 0.166667) 
row 7: (1, 0)  (2, 0)  (3, 0)  (4, 0)  (5, 0)  (6, 0)  (7, 4)  (8, 0)  (9, 0)  (10, 0)  (12, 0)  (13, 0)  (14, 0)  (15, 0)  (16, 0)  (17, 0)  (18, 0)  (19, 0)  (20, 0)  (21, 0)  (22, 0)  (23, 0)  (24, 0)  (25, 0)  (26, 0)  (27, 0) 
row 8: (2, 0)  (4, 0)  (5, 0)  (6, 0)  (7, 0)  (8, 0)  (10, 0)  (11, 0)  (20, -0.0833333)  (21, -0.0833333)  (22, -0.166667)  (23, -0.0833333)  (24, -0.0833333)  (25, 0.0833333)  (26, -0.0833333)  (27, 0) 
row 9: (3, 0)  (4, 0)  (5, 0)  (6, 0)  (7, 0)  (9, 0)  (10, 0)  (14, 0.0833333)  (15, -0.0833333)  (16, 0)  (17, -0.0833333)  (26, 0.0833333)  (27, 0) 
row 10: (4, 0)  (5, 0)  (6, 0)  (7, 0)  (8, 0)  (9, 0)  (10, 0)  (11, 0)  (14, -0.0833333)  (15, -0.0833333)  (22, 0)  (23, -0.0833333)  (24, 0.0833333)  (25, -0.0833333)  (26, -0.0833333)  (27, -0.166667) 
row 11: (8, 0)  (10, 0)  (11, 0)  (24, -0.0833333)  (25, -0.0833333) 
row 12: (0, -0.0833333)  (1, 0.0833333)  (3, -0.0833333)  (4, 0)  (5, 0)  (6, 0.0833333)  (7, 0)  (12, 5.33333)  (13, 0)  (16, -1.33333)  (17, 0)  (18, -1.33333)  (19, 0) 
row 13: (0, -0.0833333)  (1, -0.0833333)  (3, 0.0833333)  (4, 0)  (5, 0)  (6, 0.0833333)  (7, 0)  (12, 0)  (13, 5.33333)  (16, 0)  (17, -1.33333)  (18, 0)  (19, -1.33333) 
row 14: (3, -0.0833333)  (4, 0)  (5, 0)  (6, 0.0833333)  (7, 0)  (9, -0.0833333)  (10, 0.0833333)  (14, 5.33333)  (15, 0)  (16, -1.33333)  (17, 0)  (26, -1.33333)  (27, 0) 
row 15: (3, -0.0833333)  (4, 0)  (5, 0)  (6, -0.0833333)  (7, 0)  (9, 0.0833333)  (10, 0.0833333)  (14, 0)  (15, 5.33333)  (16, 0)  (17, -1.33333)  (26, 0)  (27, -1.33333) 
row 16: (1, 0)  (3, -0.166667)  (4, -1.33333)  (5, 0)  (6, 0.166667)  (7, 0)  (9, 0)  (12, -1.33333)  (13, 0)  (14, -1.33333)  (15, 0)  (16, 5.33333)  (17, 0)  (18, 0)  (19, 0) 
row 17: (1, -0.0833333)  (3, -0.0833333)  (4, 0)  (5, -1.33333)  (6, 0.0833333)  (7, 0)  (9, 0.0833333)  (12, 0)  (13, -1.33333)  (14, 0)  (15, -1.33333)  (16, 0)  (17, 5.33333)  (18, 0)  (19, 0) 
row 18: (1, -0.0833333)  (2, 0.0833333)  (3, -0.0833333)  (4, -1.33333)  (5, 0)  (6, 0.0833333)  (7, 0)  (12, -1.33333)  (13, 0)  (16, 0)  (17, 0)  (18, 5.33333)  (19, 0)  (20, -1.33333)  (21, 0) 
row 19: (1, -0.166667)  (2, 0)  (3, 0)  (4, 0)  (5, -1.33333)  (6, 0.166667)  (7, 0)  (12, 0)  (13, -1.33333)  (16, 0)  (17, 0)  (18, 0)  (19, 5.33333)  (20, 0)  (21, -1.33333) 
row 20: (1, -0.0833333)  (2, 0.0833333)  (4, 0)  (5, 0)  (6, -0.0833333)  (7, 0)  (8, 0.0833333)  (18, -1.33333)  (19, 0)  (20, 5.33333)  (21, 0)  (22, -1.33333)  (23, 0) 
row 21: (1, -0.0833333)  (2, -0.0833333)  (4, 0)  (5, 0)  (6, 0.0833333)  (7, 0)  (8, 0.0833333)  (18, 0)  (19, -1.33333)  (20, 0)  (21, 5.33333)  (22, 0)  (23, -1.33333) 
row 22: (2, 0)  (4, -1.33333)  (5, 0)  (6, -0.166667)  (7, 0)  (8, 0.166667)  (10, 0)  (20, -1.33333)  (21, 0)  (22, 5.33333)  (23, 0)  (24, -1.33333)  (25, 0)  (26, 0)  (27, 0) 
row 23: (2, -0.0833333)  (4, 0)  (5, -1.33333)  (6, -0.0833333)  (7, 0)  (8, 0.0833333)  (10, 0.0833333)  (20, 0)  (21, -1.33333)  (22, 0)  (23, 5.33333)  (24, 0)  (25, -1.33333)  (26, 0)  (27, 0) 
row 24: (4, 0)  (5, 0)  (6, -0.0833333)  (7, 0)  (8, 0.0833333)  (10, -0.0833333)  (11, 0.0833333)  (22, -1.33333)  (23, 0)  (24, 5.33333)  (25, 0)  (26, -1.33333)  (27, 0) 
row 25: (4, 0)  (5, 0)  (6, -0.0833333)  (7, 0)  (8, -0.0833333)  (10, 0.0833333)  (11, 0.0833333)  (22, 0)  (23, -1.33333)  (24, 0)  (25, 5.33333)  (26, 0)  (27, -1.33333) 
row 26: (4, -1.33333)  (5, 0)  (6, -0.0833333)  (7, 0)  (8, 0.0833333)  (9, -0.0833333)  (10, 0.0833333)  (14, -1.33333)  (15, 0)  (22, 0)  (23, 0)  (24, -1.33333)  (25, 0)  (26, 5.33333)  (27, 0) 
row 27: (4, 0)  (5, -1.33333)  (6, -0.166667)  (7, 0)  (8, 0)  (9, 0)  (10, 0.166667)  (14, 0)  (15, -1.33333)  (22, 0)  (23, 0)  (24, 0)  (25, -1.33333)  (26, 0)  (27, 5.33333) 
Residual:
Vec Object: 1 MPI processes
  type: seq
0
0
-0.0104167
0
0
0
-0.161458
0
0
0
-0.015625
0
0
0
-0.109375
0
1
0.333333
-0.0833333
-4
0
0
0.442708
0
0
0
-0.151042
0
0
0
-0.00520833
0
0
0
0.09375
0
0
0
0.0833333
0.0833333
0
0
-1.91667
0.75
0
0
-0.0833333
0.25
-0.0833333
-0.416667
-1.91667
-3.25
0
0
-1.41667
-1.08333
0
0
-3.91667
0.0833333
0
0
0
0
-1.41667
0.916667
0
0
Au - b = Au + F(0)
Vec Object: 1 MPI processes
  type: seq
0
0
0
0
0
0
0
0
0
0
0
0
0
0
0
0
0
0
0
0
0
0
0
0
0
0
0
0
Linear L_2 Residual: 0
