  0 SNES Function norm 2.17647 
    0 KSP Residual norm 2.17647 
    1 KSP Residual norm 0.339505 
    2 KSP Residual norm 0.14509 
    3 KSP Residual norm 0.0628587 
    4 KSP Residual norm 0.0275259 
    5 KSP Residual norm 0.0120841 
    6 KSP Residual norm 0.0053142 
    7 KSP Residual norm 0.00233793 
    8 KSP Residual norm 0.00102882 
    9 KSP Residual norm 0.000452765 
   10 KSP Residual norm 0.000199262 
   11 KSP Residual norm 8.76957e-05 
   12 KSP Residual norm 3.85954e-05 
   13 KSP Residual norm 1.69861e-05 
   14 KSP Residual norm 7.47569e-06 
   15 KSP Residual norm 3.2901e-06 
   16 KSP Residual norm 1.448e-06 
   17 KSP Residual norm 6.37274e-07 
   18 KSP Residual norm 2.80469e-07 
   19 KSP Residual norm 1.23436e-07 
   20 KSP Residual norm 5.43251e-08 
   21 KSP Residual norm 2.39089e-08 
   22 KSP Residual norm 1.05225e-08 
   23 KSP Residual norm 4.63101e-09 
   24 KSP Residual norm 2.03814e-09 
   25 KSP Residual norm 8.970e-10 
   26 KSP Residual norm 3.948e-10 
   27 KSP Residual norm 1.737e-10 
   28 KSP Residual norm 7.647e-11 
   29 KSP Residual norm 3.365e-11 
   30 KSP Residual norm 1.481e-11 
   31 KSP Residual norm < 1.e-11
   32 KSP Residual norm < 1.e-11
   33 KSP Residual norm < 1.e-11
  1 SNES Function norm < 1.e-11
