  0 SNES Function norm 7.46324 
    0 SNES Function norm 7.46324 
    1 SNES Function norm 5.39421 
      0 SNES Function norm 10.1248 
      1 SNES Function norm 7.2212 
      0 SNES Function norm 4.03036 
      1 SNES Function norm 1.25508 
    0 SNES Function norm 4.07455 
    1 SNES Function norm 1.00512 
  1 SNES Function norm 1.00512 
    0 SNES Function norm 1.00512 
    1 SNES Function norm 0.763484 
      0 SNES Function norm 1.42196 
      1 SNES Function norm 1.02721 
      0 SNES Function norm 0.527778 
      1 SNES Function norm 0.182115 
    0 SNES Function norm 0.600446 
    1 SNES Function norm 0.142486 
  2 SNES Function norm 0.142486 
    0 SNES Function norm 0.142486 
    1 SNES Function norm 0.11039 
      0 SNES Function norm 0.19885 
      1 SNES Function norm 0.154521 
      0 SNES Function norm 0.0825338 
      1 SNES Function norm 0.0276254 
    0 SNES Function norm 0.0915318 
    1 SNES Function norm 0.0247617 
  3 SNES Function norm 0.0247617 
    0 SNES Function norm 0.0247617 
    1 SNES Function norm 0.0179616 
      0 SNES Function norm 0.0297812 
      1 SNES Function norm 0.0234024 
      0 SNES Function norm 0.0144032 
      1 SNES Function norm 0.00438236 
    0 SNES Function norm 0.0157304 
    1 SNES Function norm 0.00523225 
  4 SNES Function norm 0.00523225 
    0 SNES Function norm 0.00523225 
    1 SNES Function norm 0.00342744 
      0 SNES Function norm 0.00480539 
      1 SNES Function norm 0.0036561 
      0 SNES Function norm 0.00242388 
      1 SNES Function norm 0.000718086 
    0 SNES Function norm 0.00320846 
    1 SNES Function norm 0.00128121 
  5 SNES Function norm 0.00128121 
    0 SNES Function norm 0.00128121 
    1 SNES Function norm 0.000780601 
      0 SNES Function norm 0.00087471 
      1 SNES Function norm 0.000594773 
      0 SNES Function norm 0.000397234 
      1 SNES Function norm 0.000130124 
    0 SNES Function norm 0.000768489 
    1 SNES Function norm 0.000341666 
  6 SNES Function norm 0.000341666 
    0 SNES Function norm 0.000341666 
    1 SNES Function norm 0.00020123 
      0 SNES Function norm 0.000186249 
      1 SNES Function norm 0.000103011 
      0 SNES Function norm 6.84044e-05 
      1 SNES Function norm 2.58965e-05 
    0 SNES Function norm 0.000203078 
    1 SNES Function norm 9.46065e-05 
  7 SNES Function norm 9.46065e-05 
    0 SNES Function norm 9.46065e-05 
    1 SNES Function norm 5.48171e-05 
      0 SNES Function norm 4.47218e-05 
      1 SNES Function norm 1.94001e-05 
      0 SNES Function norm 1.37313e-05 
      1 SNES Function norm 5.44411e-06 
    0 SNES Function norm 5.60146e-05 
    1 SNES Function norm 2.65147e-05 
  8 SNES Function norm 2.65147e-05 
    0 SNES Function norm 2.65147e-05 
    1 SNES Function norm 1.51963e-05 
      0 SNES Function norm 1.133e-05 
      1 SNES Function norm 4.00206e-06 
      0 SNES Function norm 3.25328e-06 
      1 SNES Function norm 1.18907e-06 
    0 SNES Function norm 1.56725e-05 
    1 SNES Function norm 7.45245e-06 
  9 SNES Function norm 7.45245e-06 
    0 SNES Function norm 7.45245e-06 
    1 SNES Function norm 4.2392e-06 
      0 SNES Function norm 2.93125e-06 
      1 SNES Function norm 8.93794e-07 
      0 SNES Function norm 8.32426e-07 
      1 SNES Function norm 2.68363e-07 
    0 SNES Function norm 4.39977e-06 
    1 SNES Function norm 2.10141e-06 
 10 SNES Function norm 2.10141e-06 
    0 SNES Function norm 2.10141e-06 
    1 SNES Function norm 1.19006e-06 
      0 SNES Function norm 7.68994e-07 
      1 SNES Function norm 2.11424e-07 
      0 SNES Function norm 2.16622e-07 
      1 SNES Function norm 6.24273e-08 
    0 SNES Function norm 1.23916e-06 
    1 SNES Function norm 5.96208e-07 
 11 SNES Function norm 5.96208e-07 
    0 SNES Function norm 5.96208e-07 
    1 SNES Function norm 3.36775e-07 
      0 SNES Function norm 2.04069e-07 
      1 SNES Function norm 5.18907e-08 
      0 SNES Function norm 5.64422e-08 
      1 SNES Function norm 1.48981e-08 
    0 SNES Function norm 3.51059e-07 
    1 SNES Function norm 1.705e-07 
 12 SNES Function norm 1.705e-07 
    0 SNES Function norm 1.705e-07 
    1 SNES Function norm 9.61545e-08 
      0 SNES Function norm 5.47666e-08 
      1 SNES Function norm 1.30472e-08 
      0 SNES Function norm 1.47258e-08 
      1 SNES Function norm 3.632e-09 
    0 SNES Function norm 1.00219e-07 
    1 SNES Function norm 4.91604e-08 
 13 SNES Function norm 4.91604e-08 
