Level 0 domain size (m)    8e+04 x    8e+04 x    1e+03, num elements   4 x   4 x   2 (      32), size (m) 20000 x 20000 x 1000
Level 1 domain size (m)    8e+04 x    8e+04 x    1e+03, num elements   8 x   8 x   2 (     128), size (m) 10000 x 10000 x 1000
Level 2 domain size (m)    8e+04 x    8e+04 x    1e+03, num elements  16 x  16 x   2 (     512), size (m) 5000 x 5000 x 1000
Level 3 domain size (m)    8e+04 x    8e+04 x    1e+03, num elements  16 x  16 x   4 (    1024), size (m) 5000 x 5000 x 333.333
        0 SNES Function norm 993.383 
        Linear solve converged due to CONVERGED_ITS iterations 1
        1 SNES Function norm 893.579 
        Linear solve converged due to CONVERGED_ITS iterations 1
        2 SNES Function norm 850.65 
        Linear solve converged due to CONVERGED_ITS iterations 1
        3 SNES Function norm 776.127 
        Linear solve converged due to CONVERGED_ITS iterations 1
        4 SNES Function norm 662.607 
        Linear solve converged due to CONVERGED_ITS iterations 1
        5 SNES Function norm 498.953 
        Linear solve converged due to CONVERGED_ITS iterations 1
        6 SNES Function norm 117.711 
        Linear solve converged due to CONVERGED_ITS iterations 1
        7 SNES Function norm 7.28654 
        Linear solve converged due to CONVERGED_ITS iterations 1
        8 SNES Function norm 0.032632 
        Linear solve converged due to CONVERGED_ITS iterations 1
        9 SNES Function norm 7.96768e-07 
Nonlinear solve converged due to CONVERGED_FNORM_RELATIVE
      0 SNES Function norm 1086.02 
        0 KSP Residual norm 1086.02 
        1 KSP Residual norm 243.29 
        2 KSP Residual norm 112.822 
        3 KSP Residual norm 20.3883 
        4 KSP Residual norm 3.40027 
      Linear solve converged due to CONVERGED_RTOL iterations 4
      1 SNES Function norm 630.039 
        0 KSP Residual norm 630.039 
        1 KSP Residual norm 204.154 
        2 KSP Residual norm 96.0525 
        3 KSP Residual norm 45.9585 
        4 KSP Residual norm 16.4006 
        5 KSP Residual norm 5.37102 
      Linear solve converged due to CONVERGED_RTOL iterations 5
      2 SNES Function norm 478.153 
        0 KSP Residual norm 478.153 
        1 KSP Residual norm 106.958 
        2 KSP Residual norm 68.2376 
        3 KSP Residual norm 20.9097 
        4 KSP Residual norm 7.95818 
        5 KSP Residual norm 2.66774 
      Linear solve converged due to CONVERGED_RTOL iterations 5
      3 SNES Function norm 245.544 
        0 KSP Residual norm 245.544 
        1 KSP Residual norm 54.8282 
        2 KSP Residual norm 35.7055 
        3 KSP Residual norm 17.1242 
        4 KSP Residual norm 6.868 
        5 KSP Residual norm 2.80494 
        6 KSP Residual norm 0.891824 
      Linear solve converged due to CONVERGED_RTOL iterations 6
      4 SNES Function norm 104.776 
        0 KSP Residual norm 104.776 
        1 KSP Residual norm 27.0542 
        2 KSP Residual norm 14.4097 
        3 KSP Residual norm 9.20373 
        4 KSP Residual norm 5.91596 
        5 KSP Residual norm 1.53376 
        6 KSP Residual norm 0.711535 
      Linear solve converged due to CONVERGED_RTOL iterations 6
      5 SNES Function norm 10.642 
        0 KSP Residual norm 10.642 
        1 KSP Residual norm 3.06295 
        2 KSP Residual norm 1.32354 
        3 KSP Residual norm 0.364135 
        4 KSP Residual norm 0.159182 
        5 KSP Residual norm 0.0621622 
      Linear solve converged due to CONVERGED_RTOL iterations 5
      6 SNES Function norm 0.347828 
        0 KSP Residual norm 0.347828 
        1 KSP Residual norm 0.106361 
        2 KSP Residual norm 0.0423621 
        3 KSP Residual norm 0.0166758 
        4 KSP Residual norm 0.00969478 
        5 KSP Residual norm 0.00376605 
        6 KSP Residual norm 0.00222046 
      Linear solve converged due to CONVERGED_RTOL iterations 6
      7 SNES Function norm 0.00226647 
        0 KSP Residual norm 0.00226647 
        1 KSP Residual norm 0.00157095 
        2 KSP Residual norm 0.000772632 
        3 KSP Residual norm 0.000382957 
        4 KSP Residual norm 0.000179455 
        5 KSP Residual norm 7.10365e-05 
        6 KSP Residual norm 2.47741e-05 
        7 KSP Residual norm 6.90773e-06 
      Linear solve converged due to CONVERGED_RTOL iterations 7
      8 SNES Function norm 6.9093e-06 
Nonlinear solve converged due to CONVERGED_FNORM_RELATIVE
    0 SNES Function norm 923.33 
      0 KSP Residual norm 923.33 
      1 KSP Residual norm 176.105 
      2 KSP Residual norm 136.027 
      3 KSP Residual norm 61.0163 
      4 KSP Residual norm 19.9943 
      5 KSP Residual norm 10.5637 
      6 KSP Residual norm 4.1145 
    Linear solve converged due to CONVERGED_RTOL iterations 6
    1 SNES Function norm 512.325 
      0 KSP Residual norm 512.325 
      1 KSP Residual norm 172.402 
      2 KSP Residual norm 129.682 
      3 KSP Residual norm 78.7855 
      4 KSP Residual norm 30.5318 
      5 KSP Residual norm 11.4974 
      6 KSP Residual norm 5.17935 
      7 KSP Residual norm 2.42853 
    Linear solve converged due to CONVERGED_RTOL iterations 7
    2 SNES Function norm 209.505 
      0 KSP Residual norm 209.505 
      1 KSP Residual norm 67.8233 
      2 KSP Residual norm 47.5519 
      3 KSP Residual norm 30.4185 
      4 KSP Residual norm 14.8711 
      5 KSP Residual norm 6.98656 
      6 KSP Residual norm 2.70816 
      7 KSP Residual norm 1.49477 
    Linear solve converged due to CONVERGED_RTOL iterations 7
    3 SNES Function norm 72.9554 
      0 KSP Residual norm 72.9554 
      1 KSP Residual norm 21.4648 
      2 KSP Residual norm 7.19021 
      3 KSP Residual norm 5.41212 
      4 KSP Residual norm 3.18476 
      5 KSP Residual norm 1.56898 
      6 KSP Residual norm 0.659903 
    Linear solve converged due to CONVERGED_RTOL iterations 6
    4 SNES Function norm 51.7958 
      0 KSP Residual norm 51.7958 
      1 KSP Residual norm 5.3067 
      2 KSP Residual norm 1.20101 
      3 KSP Residual norm 0.247828 
    Linear solve converged due to CONVERGED_RTOL iterations 3
    5 SNES Function norm 32.9821 
      0 KSP Residual norm 32.9821 
      1 KSP Residual norm 3.12417 
      2 KSP Residual norm 0.950478 
      3 KSP Residual norm 0.226375 
    Linear solve converged due to CONVERGED_RTOL iterations 3
    6 SNES Function norm 15.6528 
      0 KSP Residual norm 15.6528 
      1 KSP Residual norm 2.05354 
      2 KSP Residual norm 0.515174 
      3 KSP Residual norm 0.177574 
      4 KSP Residual norm 0.0911159 
    Linear solve converged due to CONVERGED_RTOL iterations 4
    7 SNES Function norm 4.46269 
      0 KSP Residual norm 4.46269 
      1 KSP Residual norm 2.2976 
      2 KSP Residual norm 0.105377 
      3 KSP Residual norm 0.0587939 
      4 KSP Residual norm 0.0364294 
    Linear solve converged due to CONVERGED_RTOL iterations 4
    8 SNES Function norm 0.218822 
      0 KSP Residual norm 0.218822 
      1 KSP Residual norm 0.192743 
      2 KSP Residual norm 0.0214758 
      3 KSP Residual norm 0.0142022 
      4 KSP Residual norm 0.0121719 
      5 KSP Residual norm 0.00502741 
      6 KSP Residual norm 0.00103693 
    Linear solve converged due to CONVERGED_RTOL iterations 6
    9 SNES Function norm 0.00120902 
      0 KSP Residual norm 0.00120902 
      1 KSP Residual norm 0.000560622 
      2 KSP Residual norm 0.000153927 
      3 KSP Residual norm 8.09889e-05 
      4 KSP Residual norm 2.01782e-05 
      5 KSP Residual norm 9.1057e-06 
    Linear solve converged due to CONVERGED_RTOL iterations 5
   10 SNES Function norm 9.10644e-06 
Nonlinear solve converged due to CONVERGED_FNORM_RELATIVE
  0 SNES Function norm 636.228 
    0 KSP Residual norm 636.228 
    1 KSP Residual norm 45.898 
    2 KSP Residual norm 3.38725 
  Linear solve converged due to CONVERGED_RTOL iterations 2
  1 SNES Function norm 112.062 
    0 KSP Residual norm 112.062 
    1 KSP Residual norm 6.19561 
    2 KSP Residual norm 1.27411 
    3 KSP Residual norm 0.511771 
  Linear solve converged due to CONVERGED_RTOL iterations 3
  2 SNES Function norm 6.16274 
    0 KSP Residual norm 6.16274 
    1 KSP Residual norm 0.47663 
    2 KSP Residual norm 0.362323 
    3 KSP Residual norm 0.199836 
    4 KSP Residual norm 0.0495093 
  Linear solve converged due to CONVERGED_RTOL iterations 4
  3 SNES Function norm 0.0796382 
    0 KSP Residual norm 0.0796382 
    1 KSP Residual norm 0.0169718 
    2 KSP Residual norm 0.0122959 
    3 KSP Residual norm 0.00792623 
    4 KSP Residual norm 0.00284202 
    5 KSP Residual norm 0.000870814 
    6 KSP Residual norm 0.000206082 
  Linear solve converged due to CONVERGED_RTOL iterations 6
  4 SNES Function norm 0.000205895 
    0 KSP Residual norm 0.000205895 
    1 KSP Residual norm 6.15591e-05 
    2 KSP Residual norm 2.39369e-05 
    3 KSP Residual norm 8.37713e-06 
    4 KSP Residual norm 4.37039e-06 
    5 KSP Residual norm 2.94749e-06 
    6 KSP Residual norm 1.48429e-06 
  Linear solve converged due to CONVERGED_RTOL iterations 6
  5 SNES Function norm 1.4843e-06 
Nonlinear solve converged due to CONVERGED_FNORM_RELATIVE
DMMG Object with 4 levels
Using ghosted Jacobian coloring computation
  Processor [0] M 2 N 4 P 4 m 1 n 2 p 3 w 2 s 1
  X range of indices: 0 2, Y range of indices: 0 2, Z range of indices: 0 2
  Processor [1] M 2 N 4 P 4 m 1 n 2 p 3 w 2 s 1
  X range of indices: 0 2, Y range of indices: 2 4, Z range of indices: 0 2
  Processor [2] M 2 N 4 P 4 m 1 n 2 p 3 w 2 s 1
  X range of indices: 0 2, Y range of indices: 0 2, Z range of indices: 2 3
  Processor [3] M 2 N 4 P 4 m 1 n 2 p 3 w 2 s 1
  X range of indices: 0 2, Y range of indices: 2 4, Z range of indices: 2 3
  Processor [4] M 2 N 4 P 4 m 1 n 2 p 3 w 2 s 1
  X range of indices: 0 2, Y range of indices: 0 2, Z range of indices: 3 4
  Processor [5] M 2 N 4 P 4 m 1 n 2 p 3 w 2 s 1
  X range of indices: 0 2, Y range of indices: 2 4, Z range of indices: 3 4
  Processor [0] M 2 N 8 P 8 m 1 n 2 p 3 w 2 s 1
  X range of indices: 0 2, Y range of indices: 0 4, Z range of indices: 0 3
  Processor [1] M 2 N 8 P 8 m 1 n 2 p 3 w 2 s 1
  X range of indices: 0 2, Y range of indices: 4 8, Z range of indices: 0 3
  Processor [2] M 2 N 8 P 8 m 1 n 2 p 3 w 2 s 1
  X range of indices: 0 2, Y range of indices: 0 4, Z range of indices: 3 6
  Processor [3] M 2 N 8 P 8 m 1 n 2 p 3 w 2 s 1
  X range of indices: 0 2, Y range of indices: 4 8, Z range of indices: 3 6
  Processor [4] M 2 N 8 P 8 m 1 n 2 p 3 w 2 s 1
  X range of indices: 0 2, Y range of indices: 0 4, Z range of indices: 6 8
  Processor [5] M 2 N 8 P 8 m 1 n 2 p 3 w 2 s 1
  X range of indices: 0 2, Y range of indices: 4 8, Z range of indices: 6 8
  Processor [0] M 2 N 16 P 16 m 1 n 2 p 3 w 2 s 1
  X range of indices: 0 2, Y range of indices: 0 8, Z range of indices: 0 6
  Processor [1] M 2 N 16 P 16 m 1 n 2 p 3 w 2 s 1
  X range of indices: 0 2, Y range of indices: 8 16, Z range of indices: 0 6
  Processor [2] M 2 N 16 P 16 m 1 n 2 p 3 w 2 s 1
  X range of indices: 0 2, Y range of indices: 0 8, Z range of indices: 6 11
  Processor [3] M 2 N 16 P 16 m 1 n 2 p 3 w 2 s 1
  X range of indices: 0 2, Y range of indices: 8 16, Z range of indices: 6 11
  Processor [4] M 2 N 16 P 16 m 1 n 2 p 3 w 2 s 1
  X range of indices: 0 2, Y range of indices: 0 8, Z range of indices: 11 16
  Processor [5] M 2 N 16 P 16 m 1 n 2 p 3 w 2 s 1
  X range of indices: 0 2, Y range of indices: 8 16, Z range of indices: 11 16
  Processor [0] M 4 N 16 P 16 m 1 n 2 p 3 w 2 s 1
  X range of indices: 0 4, Y range of indices: 0 8, Z range of indices: 0 6
  Processor [1] M 4 N 16 P 16 m 1 n 2 p 3 w 2 s 1
  X range of indices: 0 4, Y range of indices: 8 16, Z range of indices: 0 6
  Processor [2] M 4 N 16 P 16 m 1 n 2 p 3 w 2 s 1
  X range of indices: 0 4, Y range of indices: 0 8, Z range of indices: 6 11
  Processor [3] M 4 N 16 P 16 m 1 n 2 p 3 w 2 s 1
  X range of indices: 0 4, Y range of indices: 8 16, Z range of indices: 6 11
  Processor [4] M 4 N 16 P 16 m 1 n 2 p 3 w 2 s 1
  X range of indices: 0 4, Y range of indices: 0 8, Z range of indices: 11 16
  Processor [5] M 4 N 16 P 16 m 1 n 2 p 3 w 2 s 1
  X range of indices: 0 4, Y range of indices: 8 16, Z range of indices: 11 16
Using matrix type sbaij
KSP Object:
  type: fgmres
    GMRES: restart=30, using Classical (unmodified) Gram-Schmidt Orthogonalization with no iterative refinement
    GMRES: happy breakdown tolerance 1e-30
  maximum iterations=10000, initial guess is zero
  tolerances:  relative=0.01, absolute=1e-50, divergence=10000
  right preconditioning
  using UNPRECONDITIONED norm type for convergence test
PC Object:
  type: mg
    MG: type is MULTIPLICATIVE, levels=4 cycles=v
      Cycles per PCApply=1
      Not using Galerkin computed coarse grid matrices
  Coarse grid solver -- level 0 smooths=1 --------------------
    KSP Object:    (mg_coarse_)    
      type: preonly
      maximum iterations=1, initial guess is zero
      tolerances:  relative=1e-05, absolute=1e-50, divergence=10000
      left preconditioning
      using PRECONDITIONED norm type for convergence test
    PC Object:    (mg_coarse_)    
      type: redundant
        Redundant preconditioner: First (color=0) of 6 PCs follows
      KSP Object:      (mg_coarse_redundant_)      
        type: preonly
        maximum iterations=10000, initial guess is zero
        tolerances:  relative=1e-05, absolute=1e-50, divergence=10000
        left preconditioning
        using PRECONDITIONED norm type for convergence test
      PC Object:      (mg_coarse_redundant_)      
        type: lu
          LU: out-of-place factorization
          tolerance for zero pivot 1e-12
          matrix ordering: nd
          factor fill ratio given 5, needed 1.41667
            Factored matrix follows:
              Matrix Object:              
                type: seqaij
                rows=64, cols=64
                package used to perform factorization: petsc
                total: nonzeros=3264, allocated nonzeros=3264
                total number of mallocs used during MatSetValues calls =0
                  using I-node routines: found 16 nodes, limit used is 5
        linear system matrix = precond matrix:
        Matrix Object:        
          type: seqaij
          rows=64, cols=64
          total: nonzeros=2304, allocated nonzeros=2304
          total number of mallocs used during MatSetValues calls =0
            using I-node routines: found 16 nodes, limit used is 5
      linear system matrix = precond matrix:
      Matrix Object:      
        type: mpiaij
        rows=64, cols=64
        total: nonzeros=2304, allocated nonzeros=2304
        total number of mallocs used during MatSetValues calls =0
          Matrix Object:          
            type: mpiaij
            rows=64, cols=64
            total: nonzeros=2304, allocated nonzeros=2304
            total number of mallocs used during MatSetValues calls =0
              using I-node (on process 0) routines: found 4 nodes, limit used is 5
  Down solver (pre-smoother) on level 1 smooths=1 --------------------
    KSP Object:    (mg_levels_1_)    
      type: gmres
        GMRES: restart=30, using Classical (unmodified) Gram-Schmidt Orthogonalization with no iterative refinement
        GMRES: happy breakdown tolerance 1e-30
      maximum iterations=1
      tolerances:  relative=1e-05, absolute=1e-50, divergence=10000
      left preconditioning
      using nonzero initial guess
      using PRECONDITIONED norm type for convergence test
    PC Object:    (mg_levels_1_)    
      type: bjacobi
        block Jacobi: number of blocks = 6
        Local solve is same for all blocks, in the following KSP and PC objects:
      KSP Object:      (mg_levels_1_sub_)      
        type: preonly
        maximum iterations=10000, initial guess is zero
        tolerances:  relative=1e-05, absolute=1e-50, divergence=10000
        left preconditioning
        using PRECONDITIONED norm type for convergence test
      PC Object:      (mg_levels_1_sub_)      
        type: cholesky
          Cholesky: out-of-place factorization
          tolerance for zero pivot 1e-12
          matrix ordering: natural
          factor fill ratio given 5, needed 1.32237
            Factored matrix follows:
              Matrix Object:              
                type: seqsbaij
                rows=48, cols=48
                package used to perform factorization: petsc
                total: nonzeros=804, allocated nonzeros=804
                total number of mallocs used during MatSetValues calls =0
                    block size is 2
        linear system matrix = precond matrix:
        Matrix Object:        
          type: seqsbaij
          rows=48, cols=48
          total: nonzeros=608, allocated nonzeros=608
          total number of mallocs used during MatSetValues calls =0
              block size is 2
      linear system matrix = precond matrix:
      Matrix Object:      
        type: mpisbaij
        rows=256, cols=256
        total: nonzeros=4864, allocated nonzeros=4864
        total number of mallocs used during MatSetValues calls =0
          Matrix Object:          
            type: submatrix
            rows=256, cols=256
  Up solver (post-smoother) same as down solver (pre-smoother)
  Down solver (pre-smoother) on level 2 smooths=1 --------------------
    KSP Object:    (mg_levels_2_)    
      type: gmres
        GMRES: restart=30, using Classical (unmodified) Gram-Schmidt Orthogonalization with no iterative refinement
        GMRES: happy breakdown tolerance 1e-30
      maximum iterations=1
      tolerances:  relative=1e-05, absolute=1e-50, divergence=10000
      left preconditioning
      using nonzero initial guess
      using PRECONDITIONED norm type for convergence test
    PC Object:    (mg_levels_2_)    
      type: bjacobi
        block Jacobi: number of blocks = 6
        Local solve is same for all blocks, in the following KSP and PC objects:
      KSP Object:      (mg_levels_2_sub_)      
        type: preonly
        maximum iterations=10000, initial guess is zero
        tolerances:  relative=1e-05, absolute=1e-50, divergence=10000
        left preconditioning
        using PRECONDITIONED norm type for convergence test
      PC Object:      (mg_levels_2_sub_)      
        type: icc
          0 levels of fill
          tolerance for zero pivot 1e-12
          using Manteuffel shift
          matrix ordering: natural
          factor fill ratio given 1, needed 1.00133
            Factored matrix follows:
              Matrix Object:              
                type: seqsbaij
                rows=192, cols=192
                package used to perform factorization: petsc
                total: nonzeros=3012, allocated nonzeros=3012
                total number of mallocs used during MatSetValues calls =0
                    block size is 2
        linear system matrix = precond matrix:
        Matrix Object:        
          type: seqsbaij
          rows=192, cols=192
          total: nonzeros=3008, allocated nonzeros=3008
          total number of mallocs used during MatSetValues calls =0
              block size is 2
      linear system matrix = precond matrix:
      Matrix Object:      
        type: mpisbaij
        rows=1024, cols=1024
        total: nonzeros=19456, allocated nonzeros=19456
        total number of mallocs used during MatSetValues calls =0
          Matrix Object:          
            type: submatrix
            rows=1024, cols=1024
  Up solver (post-smoother) same as down solver (pre-smoother)
  Down solver (pre-smoother) on level 3 smooths=1 --------------------
    KSP Object:    (mg_levels_3_)    
      type: gmres
        GMRES: restart=30, using Classical (unmodified) Gram-Schmidt Orthogonalization with no iterative refinement
        GMRES: happy breakdown tolerance 1e-30
      maximum iterations=1
      tolerances:  relative=1e-05, absolute=1e-50, divergence=10000
      left preconditioning
      using nonzero initial guess
      using PRECONDITIONED norm type for convergence test
    PC Object:    (mg_levels_3_)    
      type: bjacobi
        block Jacobi: number of blocks = 6
        Local solve is same for all blocks, in the following KSP and PC objects:
      KSP Object:      (mg_levels_3_sub_)      
        type: preonly
        maximum iterations=10000, initial guess is zero
        tolerances:  relative=1e-05, absolute=1e-50, divergence=10000
        left preconditioning
        using PRECONDITIONED norm type for convergence test
      PC Object:      (mg_levels_3_sub_)      
        type: icc
          0 levels of fill
          tolerance for zero pivot 1e-12
          using Manteuffel shift
          matrix ordering: natural
          factor fill ratio given 1, needed 1.00054
            Factored matrix follows:
              Matrix Object:              
                type: seqsbaij
                rows=384, cols=384
                package used to perform factorization: petsc
                total: nonzeros=7428, allocated nonzeros=7428
                total number of mallocs used during MatSetValues calls =0
                    block size is 2
        linear system matrix = precond matrix:
        Matrix Object:        (thi_)        
          type: seqsbaij
          rows=384, cols=384
          total: nonzeros=7424, allocated nonzeros=7424
          total number of mallocs used during MatSetValues calls =0
              block size is 2
      linear system matrix = precond matrix:
      Matrix Object:      (thi_)      
        type: mpisbaij
        rows=2048, cols=2048
        total: nonzeros=48128, allocated nonzeros=48128
        total number of mallocs used during MatSetValues calls =0
          Matrix Object:          (thi_)          
            type: submatrix
            rows=2048, cols=2048
  Up solver (post-smoother) same as down solver (pre-smoother)
  linear system matrix = precond matrix:
  Matrix Object:  (thi_)  
    type: mpisbaij
    rows=2048, cols=2048
    total: nonzeros=48128, allocated nonzeros=48128
    total number of mallocs used during MatSetValues calls =0
      Matrix Object:      (thi_)      
        type: submatrix
        rows=2048, cols=2048
Solution statistics after solve: Full
CONVERGED_FNORM_RELATIVE: Number of Newton iterations = 5, total linear iterations = 21
|X|_2 564268   u in [-187.04, 23814.8]   v in [-979.939, 5720.24]   c in [3.24766, 23904.6] 
Surface statistics: u in [-6.945714e+01, 2.381389e+04] mean 1.520634e+04
Global eta range   [2.50736e+09, 9.2273e+12], converged range [2.50736e+09, 3.8249e+10]
Global beta2 range [0, 4.97763e+09], converged range [0, 4.97763e+09]

