    0 SNES Function norm 1.96178 
    1 SNES Function norm 0.22986 
    2 SNES Function norm 0.0475201 
    3 SNES Function norm 0.000327 
    4 SNES Function norm 2.21752e-09 
  Nonlinear solve converged due to CONVERGED_FNORM_RELATIVE iterations 4
  0 SNES Function norm 0.296368 
  1 SNES Function norm 0.262146 
  2 SNES Function norm 0.23158 
  3 SNES Function norm 0.214563 
  4 SNES Function norm 0.214445 
  5 SNES Function norm 0.214402 
  6 SNES Function norm 0.214165 
  7 SNES Function norm 0.214026 
  8 SNES Function norm 0.213925 
  9 SNES Function norm 0.213868 
 10 SNES Function norm 0.213836 
 11 SNES Function norm 0.213819 
 12 SNES Function norm 0.148922 
 13 SNES Function norm 0.12954 
 14 SNES Function norm 0.0937792 
 15 SNES Function norm 0.010441 
 16 SNES Function norm 0.000664667 
 17 SNES Function norm 9.112e-06 
 18 SNES Function norm 1.42451e-09 
Nonlinear solve converged due to CONVERGED_FNORM_RELATIVE iterations 18
u[4][0] = -1.19204e-12 u[4][1] = 0.0625 u[4][2] = 0.25 u[4][3] = 0.5625 u[4][4] = 1 
u[3][0] = 8.91805e-12 u[3][1] = -0.0836538 u[3][2] = 0.0406139 u[3][3] = 0.415596 u[3][4] = 1 
u[2][0] = 1.90281e-11 u[2][1] = 1.68773 u[2][2] = 1.0797 u[2][3] = 0.705303 u[2][4] = 1 
u[1][0] = 3.8485e-12 u[1][1] = -0.0836538 u[1][2] = 0.0406139 u[1][3] = 0.415596 u[1][4] = 1 
u[0][0] = -1.13311e-11 u[0][1] = 0.0625 u[0][2] = 0.25 u[0][3] = 0.5625 u[0][4] = 1 
