lid velocity = 0.00591716, prandtl # = 1, grashof # = 1
  0 SNES Function norm 0.0788695 
    0 KSP Residual norm 0.226588 
    1 KSP Residual norm 0.0670678 
    2 KSP Residual norm 0.0429245 
    3 KSP Residual norm 0.0265939 
    4 KSP Residual norm 0.0167739 
    5 KSP Residual norm 0.00918763 
    6 KSP Residual norm 0.00405905 
    7 KSP Residual norm 0.00161791 
    8 KSP Residual norm 0.000567094 
    9 KSP Residual norm 0.000256222 
   10 KSP Residual norm 0.000151239 
   11 KSP Residual norm 0.000104043 
   12 KSP Residual norm 7.42411e-05 
   13 KSP Residual norm 4.85455e-05 
   14 KSP Residual norm 2.87216e-05 
   15 KSP Residual norm 1.72114e-05 
   16 KSP Residual norm 8.82135e-06 
   17 KSP Residual norm 3.86827e-06 
   18 KSP Residual norm 2.11371e-06 
  1 SNES Function norm 7.50585e-06 
    0 KSP Residual norm 6.79233e-06 
    1 KSP Residual norm 3.88948e-06 
    2 KSP Residual norm 2.44609e-06 
    3 KSP Residual norm 1.57932e-06 
    4 KSP Residual norm 1.15412e-06 
    5 KSP Residual norm 7.95903e-07 
    6 KSP Residual norm 6.14932e-07 
    7 KSP Residual norm 4.70043e-07 
    8 KSP Residual norm 2.84445e-07 
    9 KSP Residual norm 1.45972e-07 
   10 KSP Residual norm 6.15549e-08 
   11 KSP Residual norm 2.42427e-08 
   12 KSP Residual norm 1.54228e-08 
   13 KSP Residual norm 1.03815e-08 
   14 KSP Residual norm 5.48579e-09 
   15 KSP Residual norm 3.89906e-09 
   16 KSP Residual norm 2.61819e-09 
   17 KSP Residual norm 1.56052e-09 
   18 KSP Residual norm 7.450e-10 
   19 KSP Residual norm 3.531e-10 
   20 KSP Residual norm 1.640e-10 
   21 KSP Residual norm 7.824e-11 
   22 KSP Residual norm 4.702e-11 
  2 SNES Function norm 1.183e-10 
Number of SNES iterations = 2
