lid velocity = 100, prandtl # = 1, grashof # = 40000
  0 SNES Function norm 1065.74 
  1 SNES Function norm 93.4433 
  2 SNES Function norm 35.1776 
  3 SNES Function norm 9.43488 
  4 SNES Function norm 7.61421 
  5 SNES Function norm 4.79031 
  6 SNES Function norm 2.09111 
  7 SNES Function norm 0.612346 
  8 SNES Function norm 0.231348 
  9 SNES Function norm 0.107951 
 10 SNES Function norm 0.0503285 
 11 SNES Function norm 0.0169558 
 12 SNES Function norm 0.00733209 
 13 SNES Function norm 0.00373764 
 14 SNES Function norm 0.00134584 
 15 SNES Function norm 0.000501674 
 16 SNES Function norm 0.000265346 
 17 SNES Function norm 0.000106208 
 18 SNES Function norm 3.57425e-05 
 19 SNES Function norm 1.8241e-05 
 20 SNES Function norm 8.16189e-06 
Number of SNES iterations = 20
