Local function
Vector Object: 1 MPI processes
  type: seq
0
0
-1
0.25
0.5
-0.5
1
2
0
0.25
0
-0.5
0.5
0
0
1.25
1
0.5
1
0
0
1.25
-0.5
0.5
2
0
1
0.125
0
0.0625
0
0.0625
0.125
0.5625
0
0.3125
-0.125
0.625
-0.25
0.3125
0.25
1.0625
1.5
0.8125
0.375
0.625
0.75
0.5625
1.125
1.5625
0.5
1.5625
-0.375
1.125
0
0.8125
-0.25
1.0625
-0.375
Initial guess
Vector Object: 1 MPI processes
  type: seq
-1
-0.5
0
-0.5
0.5
0
0
0.5
0
0.5
1
0.125
0
0.3125
-0.125
0.625
-0.25
0.3125
0.25
0.8125
0.375
0.625
0.75
1.125
0
0.8125
-0.25
L_2 Error: 4.53215e-13
Residual:
Vector Object: 1 MPI processes
  type: seq
0
0
-9.5122e-14
0
0
-6.20129e-14
0
0
-2.35061e-13
0
0
3.03132e-14
2.15233e-12
1.26905e-12
5.48168e-13
0
0
-3.0859e-13
0
0
3.41579e-13
0
0
3.65633e-13
0
0
-1.6204e-13
-1.97076e-12
-1.02462e-12
0
0
0
0
0
0
-1.66378e-12
-1.68518e-13
4.50362e-12
-3.10241e-12
-2.32175e-12
-1.98525e-12
0
0
-2.5287e-12
-1.03328e-12
3.9494e-12
5.08965e-12
0
0
0
0
0
0
7.62557e-12
-4.2466e-13
-3.01903e-12
1.35997e-12
0
0
Initial Residual
Vector Object: 1 MPI processes
  type: seq
-9.5122e-14
-6.20129e-14
-2.35061e-13
3.03132e-14
2.15233e-12
1.26905e-12
5.48168e-13
-3.0859e-13
3.41579e-13
3.65633e-13
-1.6204e-13
-1.97076e-12
-1.02462e-12
-1.66378e-12
-1.68518e-13
4.50362e-12
-3.10241e-12
-2.32175e-12
-1.98525e-12
-2.5287e-12
-1.03328e-12
3.9494e-12
5.08965e-12
7.62557e-12
-4.2466e-13
-3.01903e-12
1.35997e-12
L_2 Residual: 1.3123e-11
Jacobian:
Matrix Object: 1 MPI processes
  type: seqaij
row 0: (0, 0)  (1, 0)  (3, 0)  (11, 0.0833333)  (12, 0.0833333) 
row 1: (0, 0)  (1, 0)  (2, 0)  (3, 0)  (4, 6.03982e-15)  (5, 1.21102e-14)  (6, 0)  (11, -0.0833333)  (12, 0.0833333)  (13, -5.58754e-15)  (14, 0.0833333)  (17, 0.0833333)  (18, 0.166667)  (21, 0.0833333)  (22, 0.0833333) 
row 2: (1, 0)  (2, 0)  (4, 6.87245e-14)  (5, 1.54148e-14)  (6, 0)  (7, 0)  (17, -0.0833333)  (18, 0)  (19, -5.58754e-15)  (20, 0.0833333)  (21, -0.0833333)  (22, 0.0833333) 
row 3: (0, 0)  (1, 0)  (3, 0)  (4, -5.33276e-14)  (5, 1.54143e-14)  (6, 0)  (8, 0)  (11, 0.0833333)  (12, -0.0833333)  (13, 0.166667)  (14, 0.0833333)  (15, 0.0833333)  (16, 0.0833333)  (17, 0.0833333)  (18, 0) 
row 4: (1, -6.04329e-15)  (2, -6.8728e-14)  (3, 5.33271e-14)  (4, 4)  (5, 0)  (6, 1.38778e-17)  (7, -5.33271e-14)  (8, 6.8728e-14)  (9, 6.04329e-15)  (11, 1.94896e-12)  (12, 0)  (13, -1.33333)  (14, 0)  (15, 1.26372e-12)  (16, 0)  (17, -1.33333)  (18, 0)  (19, -1.33333)  (20, 0)  (21, 1.01275e-12)  (22, 0)  (23, 1.94896e-12)  (24, 0)  (25, -1.33333)  (26, 0) 
row 5: (1, -1.21015e-14)  (2, -1.54148e-14)  (3, -1.54143e-14)  (4, 0)  (5, 4)  (6, -3.72341e-14)  (7, 1.54143e-14)  (8, -6.87297e-14)  (9, -6.26772e-14)  (11, 0)  (12, 1.94896e-12)  (13, 0)  (14, -1.33333)  (15, 0)  (16, 1.26372e-12)  (17, 0)  (18, -1.33333)  (19, 0)  (20, -1.33333)  (21, 0)  (22, 1.01275e-12)  (23, 0)  (24, 1.94896e-12)  (25, 0)  (26, -1.33333) 
row 6: (1, 0)  (2, 0)  (3, 0)  (4, 0)  (5, 3.72341e-14)  (6, 0)  (7, 0)  (8, 0)  (9, 0)  (11, -0.0833333)  (12, -0.0833333)  (13, -0.166667)  (14, -0.0833333)  (15, -0.0833333)  (16, 0.0833333)  (17, -0.0833333)  (18, -0.166667)  (19, 0.166667)  (20, 0.0833333)  (21, 0.0833333)  (22, -0.0833333)  (23, 0.0833333)  (24, 0.0833333)  (25, 0.0833333)  (26, 0.166667) 
row 7: (2, 0)  (4, 5.33276e-14)  (5, -1.54143e-14)  (6, 0)  (7, 0)  (9, 0)  (10, 0)  (19, -0.166667)  (20, -0.0833333)  (21, -0.0833333)  (22, -0.0833333)  (23, -0.0833333)  (24, 0.0833333)  (25, -0.0833333)  (26, 0) 
row 8: (3, 0)  (4, -6.87245e-14)  (5, 6.87263e-14)  (6, 0)  (8, 0)  (9, 0)  (13, 5.58754e-15)  (14, -0.0833333)  (15, 0.0833333)  (16, -0.0833333)  (25, 0.0833333)  (26, -2.34861e-13) 
row 9: (4, -6.03982e-15)  (5, 6.26703e-14)  (6, 0)  (7, 0)  (8, 0)  (9, 0)  (10, 0)  (15, -0.0833333)  (16, -0.0833333)  (19, 5.58754e-15)  (20, -0.0833333)  (23, 0.0833333)  (24, -0.0833333)  (25, -0.0833333)  (26, -0.166667) 
row 10: (7, 0)  (9, 0)  (10, 0)  (23, -0.0833333)  (24, -0.0833333) 
row 11: (0, -0.0833333)  (1, 0.0833333)  (3, -0.0833333)  (4, 1.94894e-12)  (5, 0)  (6, 0.0833333)  (11, 5.33333)  (12, 0)  (13, -1.33333)  (14, 0)  (17, -1.33333)  (18, 0) 
row 12: (0, -0.0833333)  (1, -0.0833333)  (3, 0.0833333)  (4, 0)  (5, 1.94894e-12)  (6, 0.0833333)  (11, 0)  (12, 5.33333)  (13, 0)  (14, -1.33333)  (17, 0)  (18, -1.33333) 
row 13: (1, 5.58407e-15)  (3, -0.166667)  (4, -1.33333)  (5, 0)  (6, 0.166667)  (8, -5.58407e-15)  (11, -1.33333)  (12, 0)  (13, 5.33333)  (14, 0)  (15, -1.33333)  (16, 0)  (17, -6.78901e-14)  (18, 0) 
row 14: (1, -0.0833333)  (3, -0.0833333)  (4, 0)  (5, -1.33333)  (6, 0.0833333)  (8, 0.0833333)  (11, 0)  (12, -1.33333)  (13, 0)  (14, 5.33333)  (15, 0)  (16, -1.33333)  (17, 0)  (18, -6.78901e-14) 
row 15: (3, -0.0833333)  (4, 1.26372e-12)  (5, 0)  (6, 0.0833333)  (8, -0.0833333)  (9, 0.0833333)  (13, -1.33333)  (14, 0)  (15, 5.33333)  (16, 0)  (25, -1.33333)  (26, 0) 
row 16: (3, -0.0833333)  (4, 0)  (5, 1.26372e-12)  (6, -0.0833333)  (8, 0.0833333)  (9, 0.0833333)  (13, 0)  (14, -1.33333)  (15, 0)  (16, 5.33333)  (25, 0)  (26, -1.33333) 
row 17: (1, -0.0833333)  (2, 0.0833333)  (3, -0.0833333)  (4, -1.33333)  (5, 0)  (6, 0.0833333)  (11, -1.33333)  (12, 0)  (13, -6.78901e-14)  (14, 0)  (17, 5.33333)  (18, 0)  (21, -1.33333)  (22, 0) 
row 18: (1, -0.166667)  (2, 3.46945e-18)  (3, -3.46945e-18)  (4, 0)  (5, -1.33333)  (6, 0.166667)  (11, 0)  (12, -1.33333)  (13, 0)  (14, -6.78901e-14)  (17, 0)  (18, 5.33333)  (21, 0)  (22, -1.33333) 
row 19: (2, 5.58407e-15)  (4, -1.33333)  (5, 0)  (6, -0.166667)  (7, 0.166667)  (9, -5.58407e-15)  (19, 5.33333)  (20, 0)  (21, -1.33333)  (22, 0)  (23, -1.33333)  (24, 0)  (25, -6.78901e-14)  (26, 0) 
row 20: (2, -0.0833333)  (4, 0)  (5, -1.33333)  (6, -0.0833333)  (7, 0.0833333)  (9, 0.0833333)  (19, 0)  (20, 5.33333)  (21, 0)  (22, -1.33333)  (23, 0)  (24, -1.33333)  (25, 0)  (26, -6.78901e-14) 
row 21: (1, -0.0833333)  (2, 0.0833333)  (4, 1.01278e-12)  (5, 0)  (6, -0.0833333)  (7, 0.0833333)  (17, -1.33333)  (18, 0)  (19, -1.33333)  (20, 0)  (21, 5.33333)  (22, 0) 
row 22: (1, -0.0833333)  (2, -0.0833333)  (4, 0)  (5, 1.01278e-12)  (6, 0.0833333)  (7, 0.0833333)  (17, 0)  (18, -1.33333)  (19, 0)  (20, -1.33333)  (21, 0)  (22, 5.33333) 
row 23: (4, 1.94894e-12)  (5, 0)  (6, -0.0833333)  (7, 0.0833333)  (9, -0.0833333)  (10, 0.0833333)  (19, -1.33333)  (20, 0)  (23, 5.33333)  (24, 0)  (25, -1.33333)  (26, 0) 
row 24: (4, 0)  (5, 1.94894e-12)  (6, -0.0833333)  (7, -0.0833333)  (9, 0.0833333)  (10, 0.0833333)  (19, 0)  (20, -1.33333)  (23, 0)  (24, 5.33333)  (25, 0)  (26, -1.33333) 
row 25: (4, -1.33333)  (5, 0)  (6, -0.0833333)  (7, 0.0833333)  (8, -0.0833333)  (9, 0.0833333)  (15, -1.33333)  (16, 0)  (19, -6.78901e-14)  (20, 0)  (23, -1.33333)  (24, 0)  (25, 5.33333)  (26, 0) 
row 26: (4, 0)  (5, -1.33333)  (6, -0.166667)  (7, 3.46945e-18)  (8, 2.34857e-13)  (9, 0.166667)  (15, 0)  (16, -1.33333)  (19, 0)  (20, -6.78901e-14)  (23, 0)  (24, -1.33333)  (25, 0)  (26, 5.33333) 
Residual:
Vector Object: 1 MPI processes
  type: seq
0
0
-0.0104167
0
0
-0.161458
0
0
-0.015625
0
0
-0.109375
1
0.333333
-0.0833333
0
0
0.442708
0
0
-0.151042
0
0
-0.00520833
0
0
0.09375
0.0833333
0.0833333
0
0
0
0
0
0
-0.0833333
0.25
-1.91667
0.75
-0.0833333
-0.416667
0
0
-1.41667
-1.08333
-1.91667
-3.25
0
0
0
0
0
0
-3.91667
0.0833333
-1.41667
0.916667
0
0
Au - b = Au + F(0)
Vector Object: 1 MPI processes
  type: seq
-9.51201e-14
-6.20337e-14
-2.35124e-13
3.03091e-14
2.1525e-12
1.26915e-12
5.48186e-13
-3.08586e-13
3.41588e-13
3.65707e-13
-1.62037e-13
-1.9707e-12
-1.02461e-12
-1.66343e-12
-1.68587e-13
4.50306e-12
-3.10219e-12
-2.322e-12
-1.98508e-12
-2.5282e-12
-1.03317e-12
3.94973e-12
5.08837e-12
7.62546e-12
-4.24633e-13
-3.01914e-12
1.3598e-12
Linear L_2 Residual: 1.31222e-11
