Local function
Vector Object: 1 MPI processes
  type: seq
0
1
0
-0.5
1
1
-1
0.5
2
2
-2
1.5
1
2
-1
0.5
0
0
0
-1.5
1
0
1
-0.5
2
1
2
0.5
1
1
1
-0.5
0.25
0
0.25
-1
0.25
0.25
0.25
-1
1.25
0.25
1.25
0
1.25
1
1.25
0
0.25
1.25
-0.75
0
0.25
1
-0.75
0
1.25
2
-1.75
1
1.25
1.25
-1.75
1
Initial guess
Vector Object: 1 MPI processes
  type: seq
-0.5
0.5
1.5
0.5
-1.5
-0.5
0.5
-0.5
0.25
0
0.25
-1
0.25
0.25
0.25
-1
1.25
0.25
1.25
0
1.25
1
1.25
0
0.25
1.25
-0.75
0
0.25
1
-0.75
0
1.25
2
-1.75
1
1.25
1.25
-1.75
1
L_2 Error: 0.358978
Residual:
Vector Object: 1 MPI processes
  type: seq
0
0
0
0.0104167
0
0
0
0
0
0
0
-0.0104167
0
0
0
0
0
0
0
0.0104167
0
0
0
0
0
0
0
-0.0104167
0
0
0
0
0.25
0.166667
-0.0104167
0.0104167
-0.25
-0.0416667
-0.0104167
0.0104167
0.5
-0.0416667
1.42708
-0.0625
0.666667
0.458333
1.34375
-0.0625
-1.38778e-17
0.333333
0.0520833
0.0729167
-0.0833333
0.208333
0.0520833
0.0208333
0.5
0.916667
-0.96875
-0.0104167
0.25
0.333333
-1.05208
0.0208333
Initial Residual
Vector Object: 1 MPI processes
  type: seq
0.0104167
0
-0.0104167
0
0.0104167
0
-0.0104167
0
0.25
0.166667
-0.0104167
0.0104167
-0.25
-0.0416667
-0.0104167
0.0104167
0.5
-0.0416667
1.42708
-0.0625
0.666667
0.458333
1.34375
-0.0625
-1.38778e-17
0.333333
0.0520833
0.0729167
-0.0833333
0.208333
0.0520833
0.0208333
0.5
0.916667
-0.96875
-0.0104167
0.25
0.333333
-1.05208
0.0208333
L_2 Residual: 2.89726
Jacobian:
Matrix Object: 1 MPI processes
  type: seqaij
row 0: (0, 0)  (4, 0)  (8, 0.0416667)  (9, 0)  (10, -0.0104167)  (11, 0)  (12, -0.0208333)  (13, 0.0208333)  (14, -0.0104167)  (15, 0)  (24, 0.0208333)  (25, 0.0416667)  (26, 0.0104167)  (27, 0)  (28, 0.0208333)  (29, 0)  (30, 0.0104167)  (31, 0) 
row 1: (1, 0)  (5, 0)  (8, -0.0416667)  (9, 0)  (10, -0.0104167)  (11, 0)  (16, 0.0208333)  (17, 0.0208333)  (18, -0.0104167)  (19, 0)  (28, -0.0208333)  (29, 0)  (30, 0.0104167)  (31, 0)  (36, -0.0208333)  (37, 0.0416667)  (38, 0.0104167)  (39, 0) 
row 2: (2, 0)  (6, 0)  (16, 0)  (17, -0.0416667)  (18, -0.0104167)  (19, 0)  (20, -0.0208333)  (21, 0.0208333)  (22, -0.0104167)  (23, 0)  (32, -0.0416667)  (33, -0.0208333)  (34, 0.0104167)  (35, 0)  (36, 0)  (37, -0.0208333)  (38, 0.0104167)  (39, 0) 
row 3: (3, 0)  (7, 0)  (12, 0)  (13, -0.0416667)  (14, -0.0104167)  (15, 0)  (20, 0.0208333)  (21, 0.0208333)  (22, -0.0104167)  (23, 0)  (24, 0)  (25, -0.0208333)  (26, 0.0104167)  (27, 0)  (32, 0.0416667)  (33, -0.0208333)  (34, 0.0104167)  (35, 0) 
row 4: (0, 0)  (4, 0)  (8, 0.0208333)  (9, 0)  (10, 0)  (11, 0)  (12, 0)  (13, 0.0208333)  (14, 0)  (15, 0) 
row 5: (1, 0)  (5, 0)  (8, -0.0208333)  (9, 0)  (10, 0)  (11, 0)  (16, 0)  (17, 0.0208333)  (18, 0)  (19, 0) 
row 6: (2, 0)  (6, 0)  (16, 0)  (17, -0.0208333)  (18, 0)  (19, 0)  (20, -0.0208333)  (21, 0)  (22, 0)  (23, 0) 
row 7: (3, 0)  (7, 0)  (12, 0)  (13, -0.0208333)  (14, 0)  (15, 0)  (20, 0.0208333)  (21, 0)  (22, 0)  (23, 0) 
row 8: (0, -0.0416667)  (1, 0.0416667)  (4, -0.0208333)  (5, 0.0208333)  (8, 1.58333)  (9, 0)  (10, 0)  (11, 0)  (12, -0.5)  (13, 0)  (14, 0)  (15, -0.0833333)  (16, -0.5)  (17, 0)  (18, 0)  (19, 0.0833333)  (20, 0)  (21, 0)  (22, 0)  (23, 0)  (24, 0.0833333)  (25, 0)  (26, 0)  (27, -0.0416667)  (28, -0.166667)  (29, 0)  (30, 0)  (31, 0)  (32, 0.0833333)  (33, 0)  (34, 0)  (35, 0)  (36, 0.0833333)  (37, 0)  (38, 0)  (39, 0.0416667) 
row 9: (0, 0)  (1, 0)  (4, 0)  (5, 0)  (8, 0)  (9, 1.58333)  (10, 0)  (11, 0.0833333)  (12, 0)  (13, -0.5)  (14, 0)  (15, 0.0416667)  (16, 0)  (17, -0.5)  (18, 0)  (19, 0.0416667)  (20, 0)  (21, 0)  (22, 0)  (23, 0.0416667)  (24, 0)  (25, 0.0833333)  (26, 0)  (27, 0.0208333)  (28, 0)  (29, -0.166667)  (30, 0)  (31, 0)  (32, 0)  (33, 0.0833333)  (34, 0)  (35, 0.0833333)  (36, 0)  (37, 0.0833333)  (38, 0)  (39, 0.0208333) 
row 10: (0, 0.0104167)  (1, 0.0104167)  (4, 0)  (5, 0)  (8, 0)  (9, 0)  (10, 1.58333)  (11, 0.0625)  (12, 0)  (13, 0)  (14, -0.5)  (15, 0)  (16, 0)  (17, 0)  (18, -0.5)  (19, 0)  (20, 0)  (21, 0)  (22, 0)  (23, 0)  (24, 0)  (25, 0)  (26, 0.0833333)  (27, 0.0520833)  (28, 0)  (29, 0)  (30, -0.166667)  (31, 0.0416667)  (32, 0)  (33, 0)  (34, 0.0833333)  (35, 0.0208333)  (36, 0)  (37, 0)  (38, 0.0833333)  (39, 0.0520833) 
row 11: (0, 0)  (1, 0)  (4, 0)  (5, 0)  (8, 0)  (9, -0.0833333)  (10, -0.0625)  (11, 0)  (12, -0.0833333)  (13, 0.0416667)  (14, -0.03125)  (15, 0)  (16, 0.0833333)  (17, 0.0416667)  (18, -0.03125)  (19, 0)  (20, 0)  (21, 0.0416667)  (22, -0.0416667)  (23, 0)  (24, -0.0416667)  (25, 0.0208333)  (26, 0.0520833)  (27, 0)  (28, 0)  (29, -0.0416667)  (30, 0.0416667)  (31, 0)  (32, 0)  (33, 0.0833333)  (34, 0.0208333)  (35, 0)  (36, 0.0416667)  (37, 0.0208333)  (38, 0.0520833)  (39, 0) 
row 12: (0, 0.0208333)  (3, 0)  (4, 0)  (7, 0)  (8, -0.5)  (9, 0)  (10, 0)  (11, 0.0833333)  (12, 1.33333)  (13, 0)  (14, 0)  (15, 0.0833333)  (20, -0.333333)  (21, 0)  (22, 0)  (23, 0.0416667)  (24, -0.333333)  (25, 0)  (26, 0)  (27, 0.0416667)  (32, 0.166667)  (33, 0)  (34, 0)  (35, 0.0625) 
row 13: (0, -0.0208333)  (3, 0.0416667)  (4, -0.0208333)  (7, 0.0208333)  (8, 0)  (9, -0.5)  (10, 0)  (11, -0.0416667)  (12, 0)  (13, 1.33333)  (14, 0)  (15, 0)  (20, 0)  (21, -0.333333)  (22, 0)  (23, 0.0416667)  (24, 0)  (25, -0.333333)  (26, 0)  (27, -0.0208333)  (32, 0)  (33, 0.166667)  (34, 0)  (35, 0) 
row 14: (0, 0.0104167)  (3, 0.0104167)  (4, 0)  (7, 0)  (8, 0)  (9, 0)  (10, -0.5)  (11, 0.03125)  (12, 0)  (13, 0)  (14, 1.33333)  (15, 0.0416667)  (20, 0)  (21, 0)  (22, -0.333333)  (23, 0)  (24, 0)  (25, 0)  (26, -0.333333)  (27, 0.0416667)  (32, 0)  (33, 0)  (34, 0.166667)  (35, 0.03125) 
row 15: (0, 0)  (3, 0)  (4, 0)  (7, 0)  (8, 0.0833333)  (9, -0.0416667)  (10, 0)  (11, 0)  (12, -0.0833333)  (13, 0)  (14, -0.0416667)  (15, 0)  (20, 0.0416667)  (21, 0.0416667)  (22, -0.03125)  (23, 0)  (24, 0)  (25, -0.0208333)  (26, 0.0416667)  (27, 0)  (32, 0.0625)  (33, 0)  (34, 0.03125)  (35, 0) 
row 16: (1, -0.0208333)  (2, 0)  (5, 0)  (6, 0)  (8, -0.5)  (9, 0)  (10, 0)  (11, -0.0833333)  (16, 1.33333)  (17, 0)  (18, 0)  (19, -0.0833333)  (20, -0.333333)  (21, 0)  (22, 0)  (23, -0.0416667)  (32, 0.166667)  (33, 0)  (34, 0)  (35, -0.0625)  (36, -0.333333)  (37, 0)  (38, 0)  (39, -0.0416667) 
row 17: (1, -0.0208333)  (2, 0.0416667)  (5, -0.0208333)  (6, 0.0208333)  (8, 0)  (9, -0.5)  (10, 0)  (11, -0.0416667)  (16, 0)  (17, 1.33333)  (18, 0)  (19, 0)  (20, 0)  (21, -0.333333)  (22, 0)  (23, 0.0416667)  (32, 0)  (33, 0.166667)  (34, 0)  (35, 0)  (36, 0)  (37, -0.333333)  (38, 0)  (39, -0.0208333) 
row 18: (1, 0.0104167)  (2, 0.0104167)  (5, 0)  (6, 0)  (8, 0)  (9, 0)  (10, -0.5)  (11, 0.03125)  (16, 0)  (17, 0)  (18, 1.33333)  (19, 0.0416667)  (20, 0)  (21, 0)  (22, -0.333333)  (23, 0)  (32, 0)  (33, 0)  (34, 0.166667)  (35, 0.03125)  (36, 0)  (37, 0)  (38, -0.333333)  (39, 0.0416667) 
row 19: (1, 0)  (2, 0)  (5, 0)  (6, 0)  (8, -0.0833333)  (9, -0.0416667)  (10, 0)  (11, 0)  (16, 0.0833333)  (17, 0)  (18, -0.0416667)  (19, 0)  (20, -0.0416667)  (21, 0.0416667)  (22, -0.03125)  (23, 0)  (32, -0.0625)  (33, 0)  (34, 0.03125)  (35, 0)  (36, 0)  (37, -0.0208333)  (38, 0.0416667)  (39, 0) 
row 20: (2, 0.0208333)  (3, -0.0208333)  (6, 0.0208333)  (7, -0.0208333)  (8, 0)  (9, 0)  (10, 0)  (11, 0)  (12, -0.333333)  (13, 0)  (14, 0)  (15, -0.0416667)  (16, -0.333333)  (17, 0)  (18, 0)  (19, 0.0416667)  (20, 1.25)  (21, 0)  (22, 0)  (23, 0)  (32, -0.583333)  (33, 0)  (34, 0)  (35, 0) 
row 21: (2, -0.0208333)  (3, -0.0208333)  (6, 0)  (7, 0)  (8, 0)  (9, 0)  (10, 0)  (11, -0.0416667)  (12, 0)  (13, -0.333333)  (14, 0)  (15, -0.0416667)  (16, 0)  (17, -0.333333)  (18, 0)  (19, -0.0416667)  (20, 0)  (21, 1.25)  (22, 0)  (23, -0.0833333)  (32, 0)  (33, -0.583333)  (34, 0)  (35, -0.0833333) 
row 22: (2, 0.0104167)  (3, 0.0104167)  (6, 0)  (7, 0)  (8, 0)  (9, 0)  (10, 0)  (11, 0.0416667)  (12, 0)  (13, 0)  (14, -0.333333)  (15, 0.03125)  (16, 0)  (17, 0)  (18, -0.333333)  (19, 0.03125)  (20, 0)  (21, 0)  (22, 1.25)  (23, 0.0625)  (32, 0)  (33, 0)  (34, -0.583333)  (35, 0.0625) 
row 23: (2, 0)  (3, 0)  (6, 0)  (7, 0)  (8, 0)  (9, -0.0416667)  (10, 0)  (11, 0)  (12, -0.0416667)  (13, -0.0416667)  (14, 0)  (15, 0)  (16, 0.0416667)  (17, -0.0416667)  (18, 0)  (19, 0)  (20, 0)  (21, 0.0833333)  (22, -0.0625)  (23, 0)  (32, 0)  (33, -0.0416667)  (34, 0.0625)  (35, 0) 
row 24: (0, -0.0208333)  (3, 0)  (8, 0.0833333)  (9, 0)  (10, 0)  (11, 0.0416667)  (12, -0.333333)  (13, 0)  (14, 0)  (15, 0)  (24, 1.41667)  (25, 0)  (26, 0)  (27, 0.0416667)  (28, -0.166667)  (29, 0)  (30, 0)  (31, 0.0208333)  (32, -0.416667)  (33, 0)  (34, 0)  (35, 0.0416667)  (36, 0.0833333)  (37, 0)  (38, 0)  (39, 0.0416667) 
row 25: (0, -0.0416667)  (3, 0.0208333)  (8, 0)  (9, 0.0833333)  (10, 0)  (11, -0.0208333)  (12, 0)  (13, -0.333333)  (14, 0)  (15, 0.0208333)  (24, 0)  (25, 1.41667)  (26, 0)  (27, 0)  (28, 0)  (29, -0.166667)  (30, 0)  (31, -0.0416667)  (32, 0)  (33, -0.416667)  (34, 0)  (35, 0.0625)  (36, 0)  (37, 0.0833333)  (38, 0)  (39, 0) 
row 26: (0, -0.0104167)  (3, -0.0104167)  (8, 0)  (9, 0)  (10, 0.0833333)  (11, -0.0520833)  (12, 0)  (13, 0)  (14, -0.333333)  (15, -0.0416667)  (24, 0)  (25, 0)  (26, 1.41667)  (27, -0.0625)  (28, 0)  (29, 0)  (30, -0.166667)  (31, 0)  (32, 0)  (33, 0)  (34, -0.416667)  (35, -0.0520833)  (36, 0)  (37, 0)  (38, 0.0833333)  (39, -0.0208333) 
row 27: (0, 0)  (3, 0)  (8, 0.0416667)  (9, -0.0208333)  (10, -0.0520833)  (11, 0)  (12, -0.0416667)  (13, 0.0208333)  (14, -0.0416667)  (15, 0)  (24, -0.0416667)  (25, 0)  (26, 0.0625)  (27, 0)  (28, 0.0208333)  (29, -0.0416667)  (30, 0.03125)  (31, 0)  (32, 0.0416667)  (33, 0.0625)  (34, -0.0208333)  (35, 0)  (36, 0.0416667)  (37, 0)  (38, 0.0208333)  (39, 0) 
row 28: (0, -0.0208333)  (1, 0.0208333)  (8, -0.166667)  (9, 0)  (10, 0)  (11, 0)  (24, -0.166667)  (25, 0)  (26, 0)  (27, -0.0208333)  (28, 0.833333)  (29, 0)  (30, 0)  (31, 0)  (36, -0.166667)  (37, 0)  (38, 0)  (39, 0.0208333) 
row 29: (0, 0)  (1, 0)  (8, 0)  (9, -0.166667)  (10, 0)  (11, 0.0416667)  (24, 0)  (25, -0.166667)  (26, 0)  (27, 0.0416667)  (28, 0)  (29, 0.833333)  (30, 0)  (31, 0.0416667)  (36, 0)  (37, -0.166667)  (38, 0)  (39, 0.0416667) 
row 30: (0, -0.0104167)  (1, -0.0104167)  (8, 0)  (9, 0)  (10, -0.166667)  (11, -0.0416667)  (24, 0)  (25, 0)  (26, -0.166667)  (27, -0.03125)  (28, 0)  (29, 0)  (30, 0.833333)  (31, -0.0416667)  (36, 0)  (37, 0)  (38, -0.166667)  (39, -0.03125) 
row 31: (0, 0)  (1, 0)  (8, 0)  (9, 0)  (10, -0.0416667)  (11, 0)  (24, -0.0208333)  (25, 0.0416667)  (26, 0)  (27, 0)  (28, 0)  (29, -0.0416667)  (30, 0.0416667)  (31, 0)  (36, 0.0208333)  (37, 0.0416667)  (38, 0)  (39, 0) 
row 32: (2, 0.0416667)  (3, -0.0416667)  (8, 0.0833333)  (9, 0)  (10, 0)  (11, 0)  (12, 0.166667)  (13, 0)  (14, 0)  (15, -0.0625)  (16, 0.166667)  (17, 0)  (18, 0)  (19, 0.0625)  (20, -0.583333)  (21, 0)  (22, 0)  (23, 0)  (24, -0.416667)  (25, 0)  (26, 0)  (27, -0.0416667)  (32, 2)  (33, 0)  (34, 0)  (35, -6.93889e-18)  (36, -0.416667)  (37, 0)  (38, 0)  (39, 0.0416667) 
row 33: (2, 0.0208333)  (3, 0.0208333)  (8, 0)  (9, 0.0833333)  (10, 0)  (11, -0.0833333)  (12, 0)  (13, 0.166667)  (14, 0)  (15, 0)  (16, 0)  (17, 0.166667)  (18, 0)  (19, 0)  (20, 0)  (21, -0.583333)  (22, 0)  (23, 0.0416667)  (24, 0)  (25, -0.416667)  (26, 0)  (27, -0.0625)  (32, 0)  (33, 2)  (34, 0)  (35, -0.0416667)  (36, 0)  (37, -0.416667)  (38, 0)  (39, -0.0625) 
row 34: (2, -0.0104167)  (3, -0.0104167)  (8, 0)  (9, 0)  (10, 0.0833333)  (11, -0.0208333)  (12, 0)  (13, 0)  (14, 0.166667)  (15, -0.03125)  (16, 0)  (17, 0)  (18, 0.166667)  (19, -0.03125)  (20, 0)  (21, 0)  (22, -0.583333)  (23, -0.0625)  (24, 0)  (25, 0)  (26, -0.416667)  (27, 0.0208333)  (32, 0)  (33, 0)  (34, 2)  (35, -0.0416667)  (36, 0)  (37, 0)  (38, -0.416667)  (39, 0.0208333) 
row 35: (2, 0)  (3, 0)  (8, 0)  (9, -0.0833333)  (10, -0.0208333)  (11, 0)  (12, -0.0625)  (13, 0)  (14, -0.03125)  (15, 0)  (16, 0.0625)  (17, 0)  (18, -0.03125)  (19, 0)  (20, 0)  (21, 0.0833333)  (22, -0.0625)  (23, 0)  (24, -0.0416667)  (25, -0.0625)  (26, 0.0520833)  (27, 0)  (32, 6.93889e-18)  (33, 0.0416667)  (34, 0.0416667)  (35, 0)  (36, 0.0416667)  (37, -0.0625)  (38, 0.0520833)  (39, 0) 
row 36: (1, 0.0208333)  (2, 0)  (8, 0.0833333)  (9, 0)  (10, 0)  (11, -0.0416667)  (16, -0.333333)  (17, 0)  (18, 0)  (19, 0)  (24, 0.0833333)  (25, 0)  (26, 0)  (27, -0.0416667)  (28, -0.166667)  (29, 0)  (30, 0)  (31, -0.0208333)  (32, -0.416667)  (33, 0)  (34, 0)  (35, -0.0416667)  (36, 1.41667)  (37, 0)  (38, 0)  (39, -0.0416667) 
row 37: (1, -0.0416667)  (2, 0.0208333)  (8, 0)  (9, 0.0833333)  (10, 0)  (11, -0.0208333)  (16, 0)  (17, -0.333333)  (18, 0)  (19, 0.0208333)  (24, 0)  (25, 0.0833333)  (26, 0)  (27, 0)  (28, 0)  (29, -0.166667)  (30, 0)  (31, -0.0416667)  (32, 0)  (33, -0.416667)  (34, 0)  (35, 0.0625)  (36, 0)  (37, 1.41667)  (38, 0)  (39, 0) 
row 38: (1, -0.0104167)  (2, -0.0104167)  (8, 0)  (9, 0)  (10, 0.0833333)  (11, -0.0520833)  (16, 0)  (17, 0)  (18, -0.333333)  (19, -0.0416667)  (24, 0)  (25, 0)  (26, 0.0833333)  (27, -0.0208333)  (28, 0)  (29, 0)  (30, -0.166667)  (31, 0)  (32, 0)  (33, 0)  (34, -0.416667)  (35, -0.0520833)  (36, 0)  (37, 0)  (38, 1.41667)  (39, -0.0625) 
row 39: (1, 0)  (2, 0)  (8, -0.0416667)  (9, -0.0208333)  (10, -0.0520833)  (11, 0)  (16, 0.0416667)  (17, 0.0208333)  (18, -0.0416667)  (19, 0)  (24, -0.0416667)  (25, 0)  (26, 0.0208333)  (27, 0)  (28, -0.0208333)  (29, -0.0416667)  (30, 0.03125)  (31, 0)  (32, -0.0416667)  (33, 0.0625)  (34, -0.0208333)  (35, 0)  (36, 0.0416667)  (37, 0)  (38, 0.0625)  (39, 0) 
Residual:
Vector Object: 1 MPI processes
  type: seq
0
0
0
-0.0416667
0
0
0
0
0
0
0
0.1875
0
0
0
0.0208333
0
0
0
0
0
0
0
0
0
0
0
0.0208333
0
0
0
-0.0208333
0.229167
0.229167
0.5625
-0.0416667
-0.0520833
-0.0520833
0.28125
0
-0.385417
-0.0520833
-0.0520833
0.1875
0.25
0.583333
-0.75
0.104167
0.114583
-0.552083
0.447917
-0.0208333
-0.0416667
-0.208333
0.291667
-0.0208333
-1.0625
-1.5625
1.9375
0.208333
-0.552083
-0.552083
1.11458
0.0833333
Au - b = Au + F(0)
Vector Object: 1 MPI processes
  type: seq
0.0104167
-3.46945e-18
-0.0104167
3.46945e-18
0.0104167
0
-0.0104167
0
0.25
0.166667
-0.0104167
0.0104167
-0.25
-0.0416667
-0.0104167
0.0104167
0.5
-0.0416667
1.42708
-0.0625
0.666667
0.458333
1.34375
-0.0625
-1.11022e-16
0.333333
0.0520833
0.0729167
-0.0833333
0.208333
0.0520833
0.0208333
0.5
0.916667
-0.96875
-0.0104167
0.25
0.333333
-1.05208
0.0208333
Linear L_2 Residual: 2.89726
