[0]main 27 global equations, 9 vertices
  0 SNES Function norm 122.396 
    0 KSP Residual norm 122.396 
    1 KSP Residual norm 8.961 
    2 KSP Residual norm 0.482926 
    3 KSP Residual norm 0.032177 
    4 KSP Residual norm 0.000865596 
    5 KSP Residual norm 5.81478e-05 
  Linear solve converged due to CONVERGED_RTOL iterations 5
  1 SNES Function norm 5.81478e-05 
Nonlinear solve converged due to CONVERGED_FNORM_RELATIVE iterations 1
DM Object: Parallel Mesh (ex56_) 4 MPI processes
  type: plex
Parallel Mesh in 3 dimensions:
  0-cells: 8 8 8 8
  1-cells: 12 12 12 12
  2-cells: 6 6 6 6
  3-cells: 1 1 1 1
Labels:
  boundary: 1 strata of sizes (23)
  Face Sets: 4 strata of sizes (1, 1, 1, 1)
  marker: 1 strata of sizes (15)
  depth: 4 strata of sizes (8, 12, 6, 1)
[0]main 441 global equations, 147 vertices
  0 SNES Function norm 49.7106 
    0 KSP Residual norm 49.7106 
    1 KSP Residual norm 8.05835 
    2 KSP Residual norm 0.576566 
    3 KSP Residual norm 0.0419721 
    4 KSP Residual norm 0.00277532 
    5 KSP Residual norm 0.000188294 
    6 KSP Residual norm 1.33197e-05 
  Linear solve converged due to CONVERGED_RTOL iterations 6
  1 SNES Function norm 1.33197e-05 
Nonlinear solve converged due to CONVERGED_FNORM_RELATIVE iterations 1
DM Object: Parallel Mesh (ex56_) 4 MPI processes
  type: plex
Parallel Mesh in 3 dimensions:
  0-cells: 27 27 27 27
  1-cells: 54 54 54 54
  2-cells: 36 36 36 36
  3-cells: 8 8 8 8
Labels:
  marker: 1 strata of sizes (69)
  Face Sets: 4 strata of sizes (9, 9, 9, 9)
  boundary: 1 strata of sizes (77)
  depth: 4 strata of sizes (27, 54, 36, 8)
[0]main 4725 global equations, 1575 vertices
  0 SNES Function norm 17.9091 
    0 KSP Residual norm 17.9091 
    1 KSP Residual norm 11.374 
    2 KSP Residual norm 1.55517 
    3 KSP Residual norm 0.28089 
    4 KSP Residual norm 0.045366 
    5 KSP Residual norm 0.00786372 
    6 KSP Residual norm 0.00109963 
    7 KSP Residual norm 0.000187729 
    8 KSP Residual norm 2.76155e-05 
    9 KSP Residual norm 4.06253e-06 
  Linear solve converged due to CONVERGED_RTOL iterations 9
  1 SNES Function norm 4.06253e-06 
Nonlinear solve converged due to CONVERGED_FNORM_RELATIVE iterations 1
DM Object: Parallel Mesh (ex56_) 4 MPI processes
  type: plex
Parallel Mesh in 3 dimensions:
  0-cells: 125 125 125 125
  1-cells: 300 300 300 300
  2-cells: 240 240 240 240
  3-cells: 64 64 64 64
Labels:
  boundary: 1 strata of sizes (281)
  Face Sets: 4 strata of sizes (49, 49, 49, 49)
  marker: 1 strata of sizes (273)
  depth: 4 strata of sizes (125, 300, 240, 64)
[0]main 1) N=         441, max displ=5.55604e+01, disp diff= 1.19e+01, error=4.415e+00, rate=1.9
[0]main 2) N=        4725, max displ=5.96384e+01, disp diff= 4.08e+00, error=3.369e-01, rate=3.7
