Local function
Vector Object: 1 MPI processes
  type: seq
0
1
0
-0.5
1
1
-1
0.5
2
2
-2
1.5
1
2
-1
0.5
0
0
0
-1.5
1
0
1
-0.5
2
1
2
0.5
1
1
1
-0.5
0.25
0
0.25
-1
1
0.25
0
0
0
0.25
0
-1
0.25
1
-0.75
0
1.25
2
-1.75
1
2
1.25
0
1
1
1.25
0
0
1.25
1
1.25
0
1.0625
1.5625
-0.8125
1.25
1.25
-0.25
1.0625
1.0625
0.4375
0.5
0.5
-0.5
0.3125
0.3125
-0.0625
0.5
0.25
0.5
0.3125
1.25
-1.1875
0.25
0.8125
-0.5
0.3125
0.8125
-0.8125
0
0.5625
0
0.25
0.5
-0.25
0.8125
0.8125
-1.0625
1.25
0.5
-0.25
1.5625
1.5625
-1.0625
0.5625
0.0625
0.1875
0.8125
0.3125
0.1875
0.5625
0
0.5625
1.25
0.3125
0.5
1
0.0625
0.5
1.5625
1.0625
0.6875
0.8125
0.25
0.8125
0.0625
0
0.0625
0.25
0.3125
0
0.3125
0.25
0.3125
1.5625
2
-1.9375
2
1.5625
-1
1.25
1.25
-1.75
0.8125
1.25
-1.6875
1.25
0.8125
-1
1
0.5625
-0.5
0.5
1.25
-1.5
0.0625
1
-0.4375
0.0625
0.5625
-0.3125
0.0625
0.0625
-0.0625
0.5625
0.5625
-0.5625
0.5625
1
-0.9375
0.25
0.25
-0.25
2
1.0625
1
1.5625
1
1.5625
1.25
0.25
1.25
1
1.5625
-0.5
1.0625
2
-1.4375
0.25
1.25
-0.75
0
0.0625
0
1.0625
1
1.0625
1
1.0625
0.5
0.25
0.25
0.25
Initial guess
Vector Object: 1 MPI processes
  type: seq
-0.5
0.5
1.5
0.5
-1.5
-0.5
0.5
-0.5
-1
0
-1
0
1
1
0
0
0.5
0.5
-0.5
0.3125
0.3125
-0.0625
0.3125
0.8125
-0.8125
0.8125
0.8125
-1.0625
0.8125
0.3125
0.1875
L_2 Error: 1.04039e-12
Residual:
Vector Object: 1 MPI processes
  type: seq
0
0
0
1.08748e-14
0
0
0
1.20536e-13
0
0
0
8.75929e-15
0
0
0
-2.82105e-14
0
0
0
1.31858e-14
0
0
0
1.28439e-14
0
0
0
1.92772e-14
0
0
0
1.24555e-15
0
0
0
9.96819e-14
0
0
0
-9.75705e-14
0
0
0
-4.27878e-15
0
0
0
9.26935e-15
0
0
0
-5.99895e-14
0
0
0
-1.32392e-14
0
0
0
7.10782e-14
0
0
0
1.3807e-13
0
0
0
0
0
0
0
0
0
9.36473e-14
-2.98381e-13
2.04053e-12
-8.5662e-13
-1.91991e-12
-5.24577e-13
0
0
0
0
0
0
0
0
0
5.76872e-13
2.82663e-13
1.53211e-14
0
0
0
0
0
0
1.43499e-12
1.34275e-12
-1.69618e-12
0
0
0
0
0
0
0
0
0
-4.1383e-12
-9.58074e-13
-1.76686e-12
0
0
0
0
0
0
0
0
0
0
0
0
0
0
0
0
0
0
0
0
0
0
0
0
0
0
0
0
0
0
0
0
0
0
0
0
0
0
0
0
0
0
0
0
0
0
0
0
0
0
0
0
0
0
0
0
0
0
0
0
0
0
0
0
0
0
0
0
0
0
0
0
0
0
0
0
0
0
0
0
0
0
0
0
0
0
0
0
0
0
0
0
0
Initial Residual
Vector Object: 1 MPI processes
  type: seq
1.08748e-14
1.20536e-13
8.75929e-15
-2.82105e-14
1.31858e-14
1.28439e-14
1.92772e-14
1.24555e-15
9.96819e-14
-9.75705e-14
-4.27878e-15
9.26935e-15
-5.99895e-14
-1.32392e-14
7.10782e-14
1.3807e-13
9.36473e-14
-2.98381e-13
2.04053e-12
-8.5662e-13
-1.91991e-12
-5.24577e-13
5.76872e-13
2.82663e-13
1.53211e-14
1.43499e-12
1.34275e-12
-1.69618e-12
-4.1383e-12
-9.58074e-13
-1.76686e-12
L_2 Residual: 6.11046e-12
Jacobian:
Matrix Object: 1 MPI processes
  type: seqaij
row 0: (0, 0)  (3, 0)  (10, 0)  (11, 0)  (12, 0)  (14, 0)  (22, 0.0333333)  (23, -1.593e-14)  (24, -0.0333333) 
row 1: (1, 0)  (2, 0)  (9, 0)  (11, 0)  (12, 0)  (13, 0)  (25, -0.0333333)  (26, 6.16868e-15)  (27, -0.0333333) 
row 2: (1, 0)  (2, 0)  (12, 0)  (13, 0) 
row 3: (0, 0)  (3, 0)  (12, 0)  (14, 0) 
row 4: (4, 0)  (7, 0)  (8, 0)  (10, 0)  (14, 0)  (15, 0)  (19, 0.0333333)  (20, -2.01662e-14)  (21, 0.0333333) 
row 5: (5, 0)  (6, 0)  (8, 0)  (9, 0)  (13, 0)  (15, 0)  (28, -0.0333333)  (29, 1.81539e-14)  (30, 0.0333333) 
row 6: (5, 0)  (6, 0)  (13, 0)  (15, 0) 
row 7: (4, 0)  (7, 0)  (14, 0)  (15, 0) 
row 8: (4, 0)  (5, 0)  (8, 0)  (9, 0)  (10, 0)  (11, 0)  (12, 0)  (13, 0)  (14, 0)  (15, 0)  (16, 1.60462e-14)  (17, 0.0333333)  (18, 0.0666667)  (19, -0.05)  (20, 0.025)  (21, 1.53773e-13)  (22, -0.0333333)  (23, 3.20854e-14)  (24, 0.0333333)  (25, 0.0333333)  (26, 2.90115e-14)  (27, 0.0333333)  (28, 0.05)  (29, 0.025)  (30, 1.53775e-13) 
row 9: (1, 0)  (5, 0)  (8, 0)  (9, 0)  (11, 0)  (12, 0)  (13, 0)  (16, -0.05)  (17, 0.0166667)  (18, -0.0166667)  (25, -0.0333333)  (26, 0.025)  (27, 0.0166667)  (28, -0.0166667)  (29, 0.025)  (30, -0.0333333) 
row 10: (0, 0)  (4, 0)  (8, 0)  (10, 0)  (11, 0)  (12, 0)  (14, 0)  (16, 0.05)  (17, 0.0166667)  (18, -0.0166667)  (19, 0.0166667)  (20, 0.025)  (21, -0.0333333)  (22, 0.0333333)  (23, 0.025)  (24, 0.0166667) 
row 11: (0, 0)  (1, 0)  (8, 0)  (9, 0)  (10, 0)  (11, 0)  (12, 0)  (16, -4.03254e-14)  (17, 0.0333333)  (18, -0.0333333)  (22, -0.0333333)  (23, 0.025)  (24, -0.0166667)  (25, 0.0333333)  (26, 0.025)  (27, -0.0166667) 
row 12: (0, 0)  (1, 0)  (2, 0)  (3, 0)  (8, 0)  (9, 0)  (10, 0)  (11, 0)  (12, 0)  (13, 0)  (14, 0)  (15, 0)  (16, -1.49498e-13)  (17, -0.0333333)  (18, -0.0666667)  (19, -0.0333333)  (20, -2.28983e-15)  (21, -0.0333333)  (22, -0.0333333)  (23, -0.025)  (24, -0.0166667)  (25, 0.0333333)  (26, -0.025)  (27, -0.0166667)  (28, 0.0333333)  (29, -2.26e-14)  (30, -0.0333333) 
row 13: (1, 0)  (2, 0)  (5, 0)  (6, 0)  (8, 0)  (9, 0)  (12, 0)  (13, 0)  (15, 0)  (16, -0.05)  (17, -0.0166667)  (18, 0.0166667)  (25, -0.0333333)  (26, -0.025)  (27, 0.0166667)  (28, -0.05)  (29, -0.025)  (30, 1.23309e-14) 
row 14: (0, 0)  (3, 0)  (4, 0)  (7, 0)  (8, 0)  (10, 0)  (12, 0)  (14, 0)  (15, 0)  (16, 0.05)  (17, -0.0166667)  (18, 0.0166667)  (19, 0.05)  (20, -0.025)  (21, 1.23374e-14)  (22, 0.0333333)  (23, -0.025)  (24, 0.0166667) 
row 15: (4, 0)  (5, 0)  (6, 0)  (7, 0)  (8, 0)  (12, 0)  (13, 0)  (14, 0)  (15, 0)  (16, 0)  (17, -0.0333333)  (18, 0.0333333)  (19, -0.0166667)  (20, -0.025)  (21, 0.0333333)  (28, 0.0166667)  (29, -0.025)  (30, 0.0333333) 
row 16: (8, -1.60358e-14)  (9, 0.05)  (10, -0.05)  (11, 4.03254e-14)  (12, 1.49505e-13)  (13, 0.05)  (14, -0.05)  (15, 0)  (16, 2.66667)  (17, 0)  (18, 0)  (19, -0.333333)  (20, 0)  (21, 0)  (22, -0.333333)  (23, 0)  (24, 0)  (25, -0.333333)  (26, 0)  (27, 0)  (28, -0.333333)  (29, 0)  (30, 0) 
row 17: (8, -0.0333333)  (9, -0.0166667)  (10, -0.0166667)  (11, -0.0333333)  (12, 0.0333333)  (13, 0.0166667)  (14, 0.0166667)  (15, 0.0333333)  (16, 0)  (17, 2.66667)  (18, 0)  (19, 0)  (20, -0.333333)  (21, 0)  (22, 0)  (23, -0.333333)  (24, 0)  (25, 0)  (26, -0.333333)  (27, 0)  (28, 0)  (29, -0.333333)  (30, 0) 
row 18: (8, -0.0666667)  (9, 0.0166667)  (10, 0.0166667)  (11, 0.0333333)  (12, 0.0666667)  (13, -0.0166667)  (14, -0.0166667)  (15, -0.0333333)  (16, 0)  (17, 0)  (18, 2.66667)  (19, 0)  (20, 0)  (21, -0.333333)  (22, 0)  (23, 0)  (24, -0.333333)  (25, 0)  (26, 0)  (27, -0.333333)  (28, 0)  (29, 0)  (30, -0.333333) 
row 19: (4, -0.0333333)  (8, 0.05)  (10, -0.0166667)  (12, 0.0333333)  (14, -0.05)  (15, 0.0166667)  (16, -0.333333)  (17, 0)  (18, 0)  (19, 2.8)  (20, 0)  (21, 0)  (22, -0.333333)  (23, 0)  (24, 0) 
row 20: (4, 2.01662e-14)  (8, -0.025)  (10, -0.025)  (12, 2.28983e-15)  (14, 0.025)  (15, 0.025)  (16, 0)  (17, -0.333333)  (18, 0)  (19, 0)  (20, 2.8)  (21, 0)  (22, 0)  (23, -0.333333)  (24, 0) 
row 21: (4, -0.0333333)  (8, -1.53759e-13)  (10, 0.0333333)  (12, 0.0333333)  (14, -1.23304e-14)  (15, -0.0333333)  (16, 0)  (17, 0)  (18, -0.333333)  (19, 0)  (20, 0)  (21, 2.8)  (22, 0)  (23, 0)  (24, -0.333333) 
row 22: (0, -0.0333333)  (8, 0.0333333)  (10, -0.0333333)  (11, 0.0333333)  (12, 0.0333333)  (14, -0.0333333)  (16, -0.333333)  (17, 0)  (18, 0)  (19, -0.333333)  (20, 0)  (21, 0)  (22, 2.8)  (23, 0)  (24, 0) 
row 23: (0, 1.59317e-14)  (8, -3.20854e-14)  (10, -0.025)  (11, -0.025)  (12, 0.025)  (14, 0.025)  (16, 0)  (17, -0.333333)  (18, 0)  (19, 0)  (20, -0.333333)  (21, 0)  (22, 0)  (23, 2.8)  (24, 0) 
row 24: (0, 0.0333333)  (8, -0.0333333)  (10, -0.0166667)  (11, 0.0166667)  (12, 0.0166667)  (14, -0.0166667)  (16, 0)  (17, 0)  (18, -0.333333)  (19, 0)  (20, 0)  (21, -0.333333)  (22, 0)  (23, 0)  (24, 2.8) 
row 25: (1, 0.0333333)  (8, -0.0333333)  (9, 0.0333333)  (11, -0.0333333)  (12, -0.0333333)  (13, 0.0333333)  (16, -0.333333)  (17, 0)  (18, 0)  (25, 2.8)  (26, 0)  (27, 0)  (28, -0.333333)  (29, 0)  (30, 0) 
row 26: (1, -6.17041e-15)  (8, -2.90115e-14)  (9, -0.025)  (11, -0.025)  (12, 0.025)  (13, 0.025)  (16, 0)  (17, -0.333333)  (18, 0)  (25, 0)  (26, 2.8)  (27, 0)  (28, 0)  (29, -0.333333)  (30, 0) 
row 27: (1, 0.0333333)  (8, -0.0333333)  (9, -0.0166667)  (11, 0.0166667)  (12, 0.0166667)  (13, -0.0166667)  (16, 0)  (17, 0)  (18, -0.333333)  (25, 0)  (26, 0)  (27, 2.8)  (28, 0)  (29, 0)  (30, -0.333333) 
row 28: (5, 0.0333333)  (8, -0.05)  (9, 0.0166667)  (12, -0.0333333)  (13, 0.05)  (15, -0.0166667)  (16, -0.333333)  (17, 0)  (18, 0)  (25, -0.333333)  (26, 0)  (27, 0)  (28, 2.8)  (29, 0)  (30, 0) 
row 29: (5, -1.81539e-14)  (8, -0.025)  (9, -0.025)  (12, 2.26e-14)  (13, 0.025)  (15, 0.025)  (16, 0)  (17, -0.333333)  (18, 0)  (25, 0)  (26, -0.333333)  (27, 0)  (28, 0)  (29, 2.8)  (30, 0) 
row 30: (5, -0.0333333)  (8, -1.53761e-13)  (9, 0.0333333)  (12, 0.0333333)  (13, -1.23239e-14)  (15, -0.0333333)  (16, 0)  (17, 0)  (18, -0.333333)  (25, 0)  (26, 0)  (27, -0.333333)  (28, 0)  (29, 0)  (30, 2.8) 
Residual:
Vector Object: 1 MPI processes
  type: seq
0
0
0
-0.0375
0
0
0
-0.00833333
0
0
0
8.75929e-15
0
0
0
-2.82105e-14
0
0
0
-0.00833333
0
0
0
0.0208333
0
0
0
1.92772e-14
0
0
0
1.24555e-15
0
0
0
0.021875
0
0
0
0.0447917
0
0
0
-0.0739583
0
0
0
-0.121875
0
0
0
-0.0364583
0
0
0
0.155208
0
0
0
0.00729167
0
0
0
0.0364583
0
0
0
0
0
0
0
0
0
-0.683333
-0.683333
0.65
-0.654167
-0.4875
-0.3125
0
0
0
0
0
0
0
0
0
-0.654167
-2.05417
2.0375
0
0
0
0
0
0
-1.8875
-2.05417
2.82083
0
0
0
0
0
0
0
0
0
-1.8875
-0.4875
-1.09583
0
0
0
0
0
0
0
0
0
0
0
0
0
0
0
0
0
0
0
0
0
0
0
0
0
0
0
0
0
0
0
0
0
0
0
0
0
0
0
0
0
0
0
0
0
0
0
0
0
0
0
0
0
0
0
0
0
0
0
0
0
0
0
0
0
0
0
0
0
0
0
0
0
0
0
0
0
0
0
0
0
0
0
0
0
0
0
0
0
0
0
0
0
Au - b = Au + F(0)
Vector Object: 1 MPI processes
  type: seq
1.08732e-14
1.20529e-13
8.75929e-15
-2.82105e-14
1.31891e-14
1.2837e-14
1.92772e-14
1.24555e-15
9.96668e-14
-9.75817e-14
-4.28824e-15
9.25648e-15
-5.99937e-14
-1.32672e-14
7.1069e-14
1.38056e-13
9.37028e-14
-2.98317e-13
2.04059e-12
-8.56426e-13
-1.91969e-12
-5.24525e-13
5.76983e-13
2.82885e-13
1.5099e-14
1.43507e-12
1.34381e-12
-1.69731e-12
-4.13825e-12
-9.58289e-13
-1.76703e-12
Linear L_2 Residual: 6.111e-12
