Local function
Vector Object: 1 MPI processes
  type: seq
0
1
0
-0.5
1
1
-1
0.5
2
2
-2
1.5
1
2
-1
0.5
0
0
0
-1.5
1
0
1
-0.5
2
1
2
0.5
1
1
1
-0.5
0
0.25
0
0.25
0
0.25
0.25
0.25
-0.25
0.5
0.25
0.5
0.5
0.5
-0.5
1.25
0.25
1.25
1.25
2
-1.75
0.25
1.25
-0.75
0.5
1.25
-1.5
1
1.25
0
1.25
1.25
-0.25
0.25
0.5
-0.25
1.25
1.25
-1.75
1.25
0.5
-0.25
2
1.25
0
0.25
1
-0.75
1
0.25
0
1.25
1
1.25
0.25
0.25
0.25
Initial guess
Vector Object: 1 MPI processes
  type: seq
-0.5
0.5
1.5
0.5
-1.5
-0.5
0.5
-0.5
0.5
0.5
-0.5
L_2 Error: 1.05214e-12
Residual:
Vector Object: 1 MPI processes
  type: seq
0
0
0
9.19379e-14
0
0
0
1.78292e-14
0
0
0
-7.21409e-14
0
0
0
-4.62636e-15
0
0
0
4.16896e-14
0
0
0
-2.08383e-13
0
0
0
-3.84583e-14
0
0
0
-1.15912e-13
0
0
0
0
0
0
0
0
0
0
0
0
-1.57357e-12
-1.00925e-12
2.05982e-12
0
0
0
0
0
0
0
0
0
0
0
0
0
0
0
0
0
0
0
0
0
0
0
0
0
0
0
0
0
0
0
0
0
0
0
0
0
0
0
0
0
0
Initial Residual
Vector Object: 1 MPI processes
  type: seq
9.19379e-14
1.78292e-14
-7.21409e-14
-4.62636e-15
4.16896e-14
-2.08383e-13
-3.84583e-14
-1.15912e-13
-1.57357e-12
-1.00925e-12
2.05982e-12
L_2 Residual: 2.79494e-12
Jacobian:
Matrix Object: 1 MPI processes
  type: seqaij
row 0: (0, 0)  (1, 0)  (2, 0)  (3, 0)  (4, 0)  (5, 0)  (6, 0)  (7, 0)  (8, 0.0666667)  (9, 0.0333333)  (10, -0.0666667) 
row 1: (0, 0)  (1, 0)  (2, 0)  (5, 0)  (6, 0)  (8, -0.0666667)  (9, 0.0333333)  (10, -0.0333333) 
row 2: (0, 0)  (1, 0)  (2, 0)  (3, 0)  (6, 0)  (7, 0)  (8, 0)  (9, -0.0666667)  (10, -0.0666667) 
row 3: (0, 0)  (2, 0)  (3, 0)  (7, 0) 
row 4: (0, 0)  (4, 0)  (5, 0)  (6, 0)  (7, 0)  (8, 0.0333333)  (9, 0.0333333)  (10, 0.0666667) 
row 5: (0, 0)  (1, 0)  (4, 0)  (5, 0)  (6, 0)  (8, -0.0333333)  (9, 0.0666667)  (10, 0.0333333) 
row 6: (0, 0)  (1, 0)  (2, 0)  (4, 0)  (5, 0)  (6, 0)  (7, 0)  (8, -0.0666667)  (9, -0.0333333)  (10, 0.0666667) 
row 7: (0, 0)  (2, 0)  (3, 0)  (4, 0)  (6, 0)  (7, 0)  (8, 0.0666667)  (9, -0.0666667)  (10, -9.66727e-14) 
row 8: (0, -0.0666667)  (1, 0.0666667)  (2, 0)  (4, -0.0333333)  (5, 0.0333333)  (6, 0.0666667)  (7, -0.0666667)  (8, 3.46667)  (9, 0)  (10, 0) 
row 9: (0, -0.0333333)  (1, -0.0333333)  (2, 0.0666667)  (4, -0.0333333)  (5, -0.0666667)  (6, 0.0333333)  (7, 0.0666667)  (8, 0)  (9, 3.46667)  (10, 0) 
row 10: (0, 0.0666667)  (1, 0.0333333)  (2, 0.0666667)  (4, -0.0666667)  (5, -0.0333333)  (6, -0.0666667)  (7, 9.66727e-14)  (8, 0)  (9, 0)  (10, 3.46667) 
Residual:
Vector Object: 1 MPI processes
  type: seq
0
0
0
-0.0833333
0
0
0
6.79339e-14
0
0
0
-7.21234e-14
0
0
0
-4.62636e-15
0
0
0
4.16826e-14
0
0
0
-2.17433e-13
0
0
0
0.0833333
0
0
0
-1.54983e-13
0
0
0
0
0
0
0
0
0
0
0
0
-1.9
-1.9
1.56667
0
0
0
0
0
0
0
0
0
0
0
0
0
0
0
0
0
0
0
0
0
0
0
0
0
0
0
0
0
0
0
0
0
0
0
0
0
0
0
0
0
0
Au - b = Au + F(0)
Vector Object: 1 MPI processes
  type: seq
9.1982e-14
1.78386e-14
-7.21164e-14
-4.62636e-15
4.16826e-14
-2.08392e-13
-3.84692e-14
-1.1591e-13
-1.57385e-12
-1.00964e-12
2.05991e-12
Linear L_2 Residual: 2.7953e-12
