Local function
Vector Object: 1 MPI processes
  type: seq
0
0
-1
0.25
0.5
-0.5
1
2
0
0.25
0
-0.5
0.5
0
0
1.25
1
0.5
1
0
0
1.25
-0.5
0.5
2
0
1
Initial guess
Vector Object: 1 MPI processes
  type: seq
-1
-0.5
0
-0.5
0.5
0
0
0.5
0
0.5
1
L_2 Error: 0.176777
Residual:
Vector Object: 1 MPI processes
  type: seq
0
0
0.0625
0
0
0.25
0
0
0.1875
0
0
0.125
0
0
0.5
0
0
0.375
0
0
0.0625
0
0
0.25
0
0
0.1875
Initial Residual
Vector Object: 1 MPI processes
  type: seq
0.0625
0.25
0.1875
0.125
0
0
0.5
0.375
0.0625
0.25
0.1875
L_2 Residual: 0.780625
Jacobian:
Matrix Object: 1 MPI processes
  type: seqaij
row 0: (0, 0)  (1, 0)  (3, 0)  (4, 0.0625)  (5, 0.0625)  (6, 0) 
row 1: (0, 0)  (1, 0)  (2, 0)  (3, 0)  (4, 0.125)  (5, 0)  (6, 0)  (7, 0) 
row 2: (1, 0)  (2, 0)  (4, 0.0625)  (5, -0.0625)  (6, 0)  (7, 0) 
row 3: (0, 0)  (1, 0)  (3, 0)  (4, 0)  (5, 0.125)  (6, 0)  (8, 0)  (9, 0) 
row 4: (0, -0.0625)  (1, -0.125)  (2, -0.0625)  (3, 0)  (4, 2)  (5, 0)  (6, 0)  (7, 0)  (8, 0.0625)  (9, 0.125)  (10, 0.0625) 
row 5: (0, -0.0625)  (1, 0)  (2, 0.0625)  (3, -0.125)  (4, 0)  (5, 2)  (6, 0)  (7, 0.125)  (8, -0.0625)  (9, 0)  (10, 0.0625) 
row 6: (0, 0)  (1, 0)  (2, 0)  (3, 0)  (4, 0)  (5, 0)  (6, 0)  (7, 0)  (8, 0)  (9, 0)  (10, 0) 
row 7: (1, 0)  (2, 0)  (4, 0)  (5, -0.125)  (6, 0)  (7, 0)  (9, 0)  (10, 0) 
row 8: (3, 0)  (4, -0.0625)  (5, 0.0625)  (6, 0)  (8, 0)  (9, 0) 
row 9: (3, 0)  (4, -0.125)  (5, 0)  (6, 0)  (7, 0)  (8, 0)  (9, 0)  (10, 0) 
row 10: (4, -0.0625)  (5, -0.0625)  (6, 0)  (7, 0)  (9, 0)  (10, 0) 
Residual:
Vector Object: 1 MPI processes
  type: seq
0
0
0.03125
0
0
0.1875
0
0
0.15625
0
0
0.125
-1.25
-0.25
0.5
0
0
0.375
0
0
0.09375
0
0
0.3125
0
0
0.21875
Au - b = Au + F(0)
Vector Object: 1 MPI processes
  type: seq
0.0625
0.25
0.1875
0.125
0
0
0.5
0.375
0.0625
0.25
0.1875
Linear L_2 Residual: 0.780625
