  0 SNES VI Function norm 9.462208808922e-02 Active lower constraints 202/7417 upper constraints 0/0 Percent of total 0.0214688 Percent of bounded 0
    0 KSP Residual norm 2.45779 
    1 KSP Residual norm 0.000562181 
    2 KSP Residual norm 3.89628e-05 
    3 KSP Residual norm 3.84369e-07 
  1 SNES VI Function norm 6.470026321607e-02 Active lower constraints 898/4483 upper constraints 0/0 Percent of total 0.0954405 Percent of bounded 0
    0 KSP Residual norm 1.79406 
    1 KSP Residual norm 0.00135825 
    2 KSP Residual norm 2.75164e-05 
    3 KSP Residual norm 3.8252e-07 
  2 SNES VI Function norm 6.049797060006e-02 Active lower constraints 422/3677 upper constraints 0/0 Percent of total 0.0448507 Percent of bounded 0
    0 KSP Residual norm 1.69711 
    1 KSP Residual norm 0.00145069 
    2 KSP Residual norm 2.97141e-05 
    3 KSP Residual norm 3.73806e-07 
  3 SNES VI Function norm 5.667898078043e-02 Active lower constraints 274/2847 upper constraints 0/0 Percent of total 0.0291211 Percent of bounded 0
    0 KSP Residual norm 2.09935 
    1 KSP Residual norm 0.00194582 
    2 KSP Residual norm 3.61032e-05 
    3 KSP Residual norm 5.12805e-07 
  4 SNES VI Function norm 5.294488088165e-02 Active lower constraints 211/1987 upper constraints 0/0 Percent of total 0.0224253 Percent of bounded 0
    0 KSP Residual norm 2.85747 
    1 KSP Residual norm 0.00242683 
    2 KSP Residual norm 4.66556e-05 
    3 KSP Residual norm 6.68897e-07 
  5 SNES VI Function norm 4.899027245508e-02 Active lower constraints 198/1130 upper constraints 0/0 Percent of total 0.0210437 Percent of bounded 0
    0 KSP Residual norm 3.51412 
    1 KSP Residual norm 0.00243352 
    2 KSP Residual norm 4.86679e-05 
    3 KSP Residual norm 7.58074e-07 
  6 SNES VI Function norm 4.413328385279e-02 Active lower constraints 198/604 upper constraints 0/0 Percent of total 0.0210437 Percent of bounded 0
    0 KSP Residual norm 3.84723 
    1 KSP Residual norm 0.00220174 
    2 KSP Residual norm 4.12778e-05 
    3 KSP Residual norm 7.85271e-07 
  7 SNES VI Function norm 3.695378308182e-02 Active lower constraints 198/294 upper constraints 0/0 Percent of total 0.0210437 Percent of bounded 0
    0 KSP Residual norm 3.90551 
    1 KSP Residual norm 0.00207804 
    2 KSP Residual norm 2.97091e-05 
  8 SNES VI Function norm 5.005514669308e-02 Active lower constraints 186/186 upper constraints 0/0 Percent of total 0.0197683 Percent of bounded 0
    0 KSP Residual norm 3.98344 
    1 KSP Residual norm 0.00104032 
    2 KSP Residual norm 1.77732e-05 
  9 SNES VI Function norm 5.607458629587e-02 Active lower constraints 167/167 upper constraints 0/0 Percent of total 0.017749 Percent of bounded 0
    0 KSP Residual norm 1.27699 
    1 KSP Residual norm 0.000317019 
    2 KSP Residual norm 5.6326e-06 
 10 SNES VI Function norm 3.306907704135e-02 Active lower constraints 181/181 upper constraints 0/0 Percent of total 0.0192369 Percent of bounded 0
    0 KSP Residual norm 0.390727 
    1 KSP Residual norm 6.21072e-05 
    2 KSP Residual norm 2.65182e-06 
 11 SNES VI Function norm 1.483264586339e-02 Active lower constraints 194/194 upper constraints 0/0 Percent of total 0.0206186 Percent of bounded 0
    0 KSP Residual norm 0.0283065 
    1 KSP Residual norm 1.161e-05 
    2 KSP Residual norm 4.15716e-07 
    3 KSP Residual norm 1.01078e-08 
 12 SNES VI Function norm 1.658935484462e-05 Active lower constraints 198/198 upper constraints 0/0 Percent of total 0.0210437 Percent of bounded 0
    0 KSP Residual norm 0.000333797 
    1 KSP Residual norm 1.71261e-07 
    2 KSP Residual norm 7.23239e-09 
    3 KSP Residual norm 1.571e-10 
 13 SNES VI Function norm 5.034491203631e-09 Active lower constraints 198/198 upper constraints 0/0 Percent of total 0.0210437 Percent of bounded 0
    0 KSP Residual norm 6.1677e-08 
    1 KSP Residual norm 8.404e-11 
    2 KSP Residual norm < 1.e-11
    3 KSP Residual norm < 1.e-11
 14 SNES VI Function norm 1.646267685244e-13 Active lower constraints 198/198 upper constraints 0/0 Percent of total 0.0210437 Percent of bounded 0
Nonlinear solve converged due to CONVERGED_FNORM_RELATIVE iterations 14
