  0 SNES Function norm 1.11127 
  1 SNES Function norm 0.886518 
  2 SNES Function norm 0.603214 
  3 SNES Function norm 0.729164 
  4 SNES Function norm 0.463403 
  5 SNES Function norm 0.640634 
  6 SNES Function norm 0.375251 
  7 SNES Function norm 0.574208 
  8 SNES Function norm 0.299531 
  9 SNES Function norm 0.429369 
 10 SNES Function norm 0.256452 
 11 SNES Function norm 0.445534 
 12 SNES Function norm 0.284597 
 13 SNES Function norm 0.276867 
 14 SNES Function norm 0.278699 
 15 SNES Function norm 0.195317 
 16 SNES Function norm 0.242627 
 17 SNES Function norm 0.193779 
 18 SNES Function norm 0.171241 
 19 SNES Function norm 0.175347 
 20 SNES Function norm 0.170721 
 21 SNES Function norm 0.133983 
 22 SNES Function norm 0.145749 
 23 SNES Function norm 0.141069 
 24 SNES Function norm 0.11136 
 25 SNES Function norm 0.120349 
 26 SNES Function norm 0.118993 
 27 SNES Function norm 0.0931363 
 28 SNES Function norm 0.0952878 
 29 SNES Function norm 0.0943299 
 30 SNES Function norm 0.078725 
 31 SNES Function norm 0.0825282 
 32 SNES Function norm 0.0773426 
 33 SNES Function norm 0.0707531 
 34 SNES Function norm 0.0669131 
 35 SNES Function norm 0.0690333 
 36 SNES Function norm 0.0601664 
 37 SNES Function norm 0.0632703 
 38 SNES Function norm 0.0616238 
 39 SNES Function norm 0.0570146 
 40 SNES Function norm 0.0571902 
 41 SNES Function norm 0.0561621 
 42 SNES Function norm 0.0506627 
 43 SNES Function norm 0.0498977 
 44 SNES Function norm 0.0476522 
 45 SNES Function norm 0.0421259 
 46 SNES Function norm 0.0433624 
 47 SNES Function norm 0.0401883 
 48 SNES Function norm 0.037483 
 49 SNES Function norm 0.0359221 
 50 SNES Function norm 0.0356982 
SNES Object: 1 MPI processes
  type: qn
  maximum iterations=50, maximum function evaluations=10000
  tolerances: relative=1e-08, absolute=1e-50, solution=1e-08
  total number of linear solver iterations=0
  total number of function evaluations=101
