  0 SNES Function norm 0.137187 
    0 KSP Residual norm 0.0454401 
    1 KSP Residual norm 0.0301134 
    2 KSP Residual norm 0.0224377 
    3 KSP Residual norm 0.0154666 
    4 KSP Residual norm 0.0112611 
    5 KSP Residual norm 0.00790289 
    6 KSP Residual norm 0.00568847 
    7 KSP Residual norm 0.00402494 
    8 KSP Residual norm 0.00288147 
    9 KSP Residual norm 0.00204651 
   10 KSP Residual norm 0.0014614 
   11 KSP Residual norm 0.00103974 
   12 KSP Residual norm 0.000741601 
   13 KSP Residual norm 0.000528048 
   14 KSP Residual norm 0.000376428 
   15 KSP Residual norm 0.000268131 
   16 KSP Residual norm 0.000191093 
   17 KSP Residual norm 0.00013614 
   18 KSP Residual norm 9.70138e-05 
   19 KSP Residual norm 6.91206e-05 
   20 KSP Residual norm 4.92529e-05 
   21 KSP Residual norm 3.50932e-05 
   22 KSP Residual norm 2.50055e-05 
   23 KSP Residual norm 1.7817e-05 
   24 KSP Residual norm 1.26953e-05 
   25 KSP Residual norm 9.04572e-06 
   26 KSP Residual norm 6.44539e-06 
   27 KSP Residual norm 4.59253e-06 
   28 KSP Residual norm 3.27233e-06 
   29 KSP Residual norm 2.33164e-06 
   30 KSP Residual norm 1.66137e-06 
   31 KSP Residual norm 1.18377e-06 
   32 KSP Residual norm 8.43477e-07 
   33 KSP Residual norm 6.01004e-07 
   34 KSP Residual norm 4.28234e-07 
   35 KSP Residual norm 3.0513e-07 
   36 KSP Residual norm 2.17415e-07 
   37 KSP Residual norm 1.54915e-07 
   38 KSP Residual norm 1.10382e-07 
   39 KSP Residual norm 7.86506e-08 
   40 KSP Residual norm 5.6041e-08 
   41 KSP Residual norm 3.9931e-08 
   42 KSP Residual norm 2.84521e-08 
   43 KSP Residual norm 2.0273e-08 
   44 KSP Residual norm 1.44452e-08 
   45 KSP Residual norm 1.02926e-08 
   46 KSP Residual norm 7.33383e-09 
   47 KSP Residual norm 5.22558e-09 
   48 KSP Residual norm 3.72339e-09 
   49 KSP Residual norm 2.65303e-09 
   50 KSP Residual norm 1.89037e-09 
   51 KSP Residual norm 1.34695e-09 
   52 KSP Residual norm 9.597e-10 
   53 KSP Residual norm 6.838e-10 
   54 KSP Residual norm 4.873e-10 
   55 KSP Residual norm 3.472e-10 
   56 KSP Residual norm 2.474e-10 
   57 KSP Residual norm 1.763e-10 
   58 KSP Residual norm 1.256e-10 
   59 KSP Residual norm 8.949e-11 
   60 KSP Residual norm 6.377e-11 
   61 KSP Residual norm 4.544e-11 
  1 SNES Function norm 1.488e-10 
Nonlinear solve converged due to CONVERGED_FNORM_RELATIVE iterations 1
SNES Object: 2 MPI processes
  type: newtonls
  maximum iterations=50, maximum function evaluations=10000
  tolerances: relative=1e-08, absolute=1e-50, solution=1e-08
  total number of linear solver iterations=61
  total number of function evaluations=2
  norm schedule ALWAYS
  Jacobian is built using a DMDA local Jacobian
SNESLineSearch Object: 2 MPI processes
    type: bt
      interpolation: cubic
      alpha=1.000000e-04
    maxstep=1.000000e+08, minlambda=1.000000e-12
    tolerances: relative=1.000000e-08, absolute=1.000000e-15, lambda=1.000000e-08
    maximum iterations=40
  KSP Object: 2 MPI processes
    type: richardson
      damping factor=1.
    maximum iterations=10000, initial guess is zero
    tolerances:  relative=1e-09, absolute=1e-50, divergence=10000.
    left preconditioning
    using PRECONDITIONED norm type for convergence test
  PC Object: 2 MPI processes
    type: asm
      total subdomain blocks = 4, amount of overlap = 0
      restriction/interpolation type - RESTRICT
      Local solve is same for all blocks, in the following KSP and PC objects:
    KSP Object: (sub_) 1 MPI processes
      type: preonly
      maximum iterations=10000, initial guess is zero
      tolerances:  relative=1e-05, absolute=1e-50, divergence=10000.
      left preconditioning
      using NONE norm type for convergence test
    PC Object: (sub_) 1 MPI processes
      type: lu
        out-of-place factorization
        tolerance for zero pivot 2.22045e-14
        matrix ordering: nd
        factor fill ratio given 5., needed 1.35714
          Factored matrix follows:
            Mat Object: 1 MPI processes
              type: seqaij
              rows=8, cols=8
              package used to perform factorization: petsc
              total: nonzeros=38, allocated nonzeros=38
              total number of mallocs used during MatSetValues calls =0
                not using I-node routines
      linear system matrix = precond matrix:
      Mat Object: 1 MPI processes
        type: seqaij
        rows=8, cols=8
        total: nonzeros=28, allocated nonzeros=28
        total number of mallocs used during MatSetValues calls =0
          not using I-node routines
    linear system matrix = precond matrix:
    Mat Object: 2 MPI processes
      type: mpiaij
      rows=32, cols=32
      total: nonzeros=136, allocated nonzeros=136
      total number of mallocs used during MatSetValues calls =0
N: 32 error L2 2.794e-11 inf 5.79417e-11
