  0 SNES Function norm 1.18879 
        Residual norms for mg_levels_1_ solve.
        0 KSP Residual norm 0.195011 
        1 KSP Residual norm 0.0305914 
        2 KSP Residual norm 0.0120145 
        Residual norms for mg_levels_1_ solve.
        0 KSP Residual norm 0.00233756 
        1 KSP Residual norm 0.000365448 
        2 KSP Residual norm 0.00016913 
      Residual norms for mg_levels_2_ solve.
      0 KSP Residual norm 0.243519 
      1 KSP Residual norm 0.05071 
      2 KSP Residual norm 0.0161664 
        Residual norms for mg_levels_1_ solve.
        0 KSP Residual norm 0.00217112 
        1 KSP Residual norm 0.00119135 
        2 KSP Residual norm 0.000625637 
        Residual norms for mg_levels_1_ solve.
        0 KSP Residual norm 0.000185096 
        1 KSP Residual norm 3.30054e-05 
        2 KSP Residual norm 2.2424e-05 
      Residual norms for mg_levels_2_ solve.
      0 KSP Residual norm 0.00374655 
      1 KSP Residual norm 0.000629067 
      2 KSP Residual norm 0.000318831 
    0 KSP Residual norm 1.63072 
        Residual norms for mg_levels_1_ solve.
        0 KSP Residual norm 0.119565 
        1 KSP Residual norm 0.0187532 
        2 KSP Residual norm 0.00736573 
        Residual norms for mg_levels_1_ solve.
        0 KSP Residual norm 0.00143313 
        1 KSP Residual norm 0.000224001 
        2 KSP Residual norm 0.00010365 
      Residual norms for mg_levels_2_ solve.
      0 KSP Residual norm 0.149295 
      1 KSP Residual norm 0.0310926 
      2 KSP Residual norm 0.00990991 
        Residual norms for mg_levels_1_ solve.
        0 KSP Residual norm 0.00133031 
        1 KSP Residual norm 0.000729673 
        2 KSP Residual norm 0.000383099 
        Residual norms for mg_levels_1_ solve.
        0 KSP Residual norm 0.000113349 
        1 KSP Residual norm 2.02117e-05 
        2 KSP Residual norm 1.37319e-05 
      Residual norms for mg_levels_2_ solve.
      0 KSP Residual norm 0.00229612 
      1 KSP Residual norm 0.000385539 
      2 KSP Residual norm 0.000195351 
    1 KSP Residual norm 0.000534645 
        Residual norms for mg_levels_1_ solve.
        0 KSP Residual norm 0.177994 
        1 KSP Residual norm 0.0224627 
        2 KSP Residual norm 0.010999 
        Residual norms for mg_levels_1_ solve.
        0 KSP Residual norm 0.00277017 
        1 KSP Residual norm 0.000399381 
        2 KSP Residual norm 0.000233494 
      Residual norms for mg_levels_2_ solve.
      0 KSP Residual norm 0.198062 
      1 KSP Residual norm 0.0505898 
      2 KSP Residual norm 0.014423 
        Residual norms for mg_levels_1_ solve.
        0 KSP Residual norm 0.00303773 
        1 KSP Residual norm 0.00156113 
        2 KSP Residual norm 0.00104184 
        Residual norms for mg_levels_1_ solve.
        0 KSP Residual norm 0.000272593 
        1 KSP Residual norm 4.94978e-05 
        2 KSP Residual norm 3.35251e-05 
      Residual norms for mg_levels_2_ solve.
      0 KSP Residual norm 0.00298517 
      1 KSP Residual norm 0.000600731 
      2 KSP Residual norm 0.000286015 
    2 KSP Residual norm 1.91765e-07 
  1 SNES Function norm 0.00512515 
        Residual norms for mg_levels_1_ solve.
        0 KSP Residual norm 0.00291344 
        1 KSP Residual norm 0.000580906 
        2 KSP Residual norm 0.000397483 
        Residual norms for mg_levels_1_ solve.
        0 KSP Residual norm 0.000149293 
        1 KSP Residual norm 2.89193e-05 
        2 KSP Residual norm 2.03958e-05 
      Residual norms for mg_levels_2_ solve.
      0 KSP Residual norm 0.00181095 
      1 KSP Residual norm 0.000175245 
      2 KSP Residual norm 0.000143984 
        Residual norms for mg_levels_1_ solve.
        0 KSP Residual norm 0.000146845 
        1 KSP Residual norm 0.000112452 
        2 KSP Residual norm 8.77029e-05 
        Residual norms for mg_levels_1_ solve.
        0 KSP Residual norm 2.80827e-05 
        1 KSP Residual norm 5.40168e-06 
        2 KSP Residual norm 3.82572e-06 
      Residual norms for mg_levels_2_ solve.
      0 KSP Residual norm 6.03879e-05 
      1 KSP Residual norm 6.82887e-06 
      2 KSP Residual norm 5.81881e-06 
    0 KSP Residual norm 0.129517 
        Residual norms for mg_levels_1_ solve.
        0 KSP Residual norm 0.0224733 
        1 KSP Residual norm 0.00448082 
        2 KSP Residual norm 0.00306596 
        Residual norms for mg_levels_1_ solve.
        0 KSP Residual norm 0.00115156 
        1 KSP Residual norm 0.000223067 
        2 KSP Residual norm 0.000157322 
      Residual norms for mg_levels_2_ solve.
      0 KSP Residual norm 0.0139631 
      1 KSP Residual norm 0.00135124 
      2 KSP Residual norm 0.00111013 
        Residual norms for mg_levels_1_ solve.
        0 KSP Residual norm 0.00113225 
        1 KSP Residual norm 0.000867059 
        2 KSP Residual norm 0.000676233 
        Residual norms for mg_levels_1_ solve.
        0 KSP Residual norm 0.000216531 
        1 KSP Residual norm 4.16496e-05 
        2 KSP Residual norm 2.94982e-05 
      Residual norms for mg_levels_2_ solve.
      0 KSP Residual norm 0.000465604 
      1 KSP Residual norm 5.26496e-05 
      2 KSP Residual norm 4.48635e-05 
    1 KSP Residual norm 2.29728e-06 
        Residual norms for mg_levels_1_ solve.
        0 KSP Residual norm 0.2223 
        1 KSP Residual norm 0.0369579 
        2 KSP Residual norm 0.0136015 
        Residual norms for mg_levels_1_ solve.
        0 KSP Residual norm 0.00281927 
        1 KSP Residual norm 0.000469384 
        2 KSP Residual norm 0.000186703 
      Residual norms for mg_levels_2_ solve.
      0 KSP Residual norm 0.350142 
      1 KSP Residual norm 0.0409599 
      2 KSP Residual norm 0.0285581 
        Residual norms for mg_levels_1_ solve.
        0 KSP Residual norm 0.0238574 
        1 KSP Residual norm 0.0182414 
        2 KSP Residual norm 0.0141895 
        Residual norms for mg_levels_1_ solve.
        0 KSP Residual norm 0.0045465 
        1 KSP Residual norm 0.000874251 
        2 KSP Residual norm 0.000619247 
      Residual norms for mg_levels_2_ solve.
      0 KSP Residual norm 0.0110478 
      1 KSP Residual norm 0.00140551 
      2 KSP Residual norm 0.00109885 
    2 KSP Residual norm 1.10866e-09 
  2 SNES Function norm 3.92242e-05 
        Residual norms for mg_levels_1_ solve.
        0 KSP Residual norm 2.33279e-05 
        1 KSP Residual norm 4.73356e-06 
        2 KSP Residual norm 3.26237e-06 
        Residual norms for mg_levels_1_ solve.
        0 KSP Residual norm 1.23702e-06 
        1 KSP Residual norm 2.41464e-07 
        2 KSP Residual norm 1.71026e-07 
      Residual norms for mg_levels_2_ solve.
      0 KSP Residual norm 1.4699e-05 
      1 KSP Residual norm 1.38074e-06 
      2 KSP Residual norm 1.1801e-06 
        Residual norms for mg_levels_1_ solve.
        0 KSP Residual norm 1.2161e-06 
        1 KSP Residual norm 9.35303e-07 
        2 KSP Residual norm 7.32319e-07 
        Residual norms for mg_levels_1_ solve.
        0 KSP Residual norm 2.37927e-07 
        1 KSP Residual norm 4.60505e-08 
        2 KSP Residual norm 3.2744e-08 
      Residual norms for mg_levels_2_ solve.
      0 KSP Residual norm 5.01967e-07 
      1 KSP Residual norm 5.71024e-08 
      2 KSP Residual norm 4.88435e-08 
    0 KSP Residual norm 0.00106137 
        Residual norms for mg_levels_1_ solve.
        0 KSP Residual norm 0.0219565 
        1 KSP Residual norm 0.00445527 
        2 KSP Residual norm 0.00307058 
        Residual norms for mg_levels_1_ solve.
        0 KSP Residual norm 0.00116429 
        1 KSP Residual norm 0.000227269 
        2 KSP Residual norm 0.000160972 
      Residual norms for mg_levels_2_ solve.
      0 KSP Residual norm 0.013829 
      1 KSP Residual norm 0.00129895 
      2 KSP Residual norm 0.00111024 
        Residual norms for mg_levels_1_ solve.
        0 KSP Residual norm 0.00114417 
        1 KSP Residual norm 0.000879985 
        2 KSP Residual norm 0.000689007 
        Residual norms for mg_levels_1_ solve.
        0 KSP Residual norm 0.000223855 
        1 KSP Residual norm 4.33269e-05 
        2 KSP Residual norm 3.08074e-05 
      Residual norms for mg_levels_2_ solve.
      0 KSP Residual norm 0.000472261 
      1 KSP Residual norm 5.37206e-05 
      2 KSP Residual norm 4.59523e-05 
    1 KSP Residual norm 1.35056e-08 
        Residual norms for mg_levels_1_ solve.
        0 KSP Residual norm 0.0892817 
        1 KSP Residual norm 0.0151067 
        2 KSP Residual norm 0.00563316 
        Residual norms for mg_levels_1_ solve.
        0 KSP Residual norm 0.00105048 
        1 KSP Residual norm 0.000177695 
        2 KSP Residual norm 7.06624e-05 
      Residual norms for mg_levels_2_ solve.
      0 KSP Residual norm 0.468893 
      1 KSP Residual norm 0.0509367 
      2 KSP Residual norm 0.0392275 
        Residual norms for mg_levels_1_ solve.
        0 KSP Residual norm 0.0338891 
        1 KSP Residual norm 0.0260262 
        2 KSP Residual norm 0.0203334 
        Residual norms for mg_levels_1_ solve.
        0 KSP Residual norm 0.00660302 
        1 KSP Residual norm 0.00127794 
        2 KSP Residual norm 0.000908694 
      Residual norms for mg_levels_2_ solve.
      0 KSP Residual norm 0.0155754 
      1 KSP Residual norm 0.00198915 
      2 KSP Residual norm 0.00156489 
    2 KSP Residual norm < 1.e-11
  3 SNES Function norm 2.66196e-09 
SNES Object: 1 MPI processes
  type: newtonls
  maximum iterations=50, maximum function evaluations=10000
  tolerances: relative=1e-08, absolute=1e-50, solution=1e-08
  total number of linear solver iterations=6
  total number of function evaluations=4
  norm schedule ALWAYS
  SNESLineSearch Object: 1 MPI processes
    type: bt
      interpolation: cubic
      alpha=1.000000e-04
    maxstep=1.000000e+08, minlambda=1.000000e-12
    tolerances: relative=1.000000e-08, absolute=1.000000e-15, lambda=1.000000e-08
    maximum iterations=40
  KSP Object: 1 MPI processes
    type: gmres
      GMRES: restart=30, using Classical (unmodified) Gram-Schmidt Orthogonalization with no iterative refinement
      GMRES: happy breakdown tolerance 1e-30
    maximum iterations=10000, initial guess is zero
    tolerances:  relative=1e-05, absolute=1e-50, divergence=10000.
    left preconditioning
    using PRECONDITIONED norm type for convergence test
  PC Object: 1 MPI processes
    type: mg
      MG: type is FULL, levels=3 cycles=v
        Using Galerkin computed coarse grid matrices for pmat
    Coarse grid solver -- level -------------------------------
      KSP Object: (mg_coarse_) 1 MPI processes
        type: preonly
        maximum iterations=10000, initial guess is zero
        tolerances:  relative=1e-05, absolute=1e-50, divergence=10000.
        left preconditioning
        using NONE norm type for convergence test
      PC Object: (mg_coarse_) 1 MPI processes
        type: lu
          LU: out-of-place factorization
          tolerance for zero pivot 2.22045e-14
          using diagonal shift on blocks to prevent zero pivot [INBLOCKS]
          matrix ordering: nd
          factor fill ratio given 5., needed 1.59172
            Factored matrix follows:
              Mat Object: 1 MPI processes
                type: seqaij
                rows=25, cols=25
                package used to perform factorization: petsc
                total: nonzeros=269, allocated nonzeros=269
                total number of mallocs used during MatSetValues calls =0
                  using I-node routines: found 17 nodes, limit used is 5
        linear system matrix = precond matrix:
        Mat Object: 1 MPI processes
          type: seqaij
          rows=25, cols=25
          total: nonzeros=169, allocated nonzeros=169
          total number of mallocs used during MatSetValues calls =0
            not using I-node routines
    Down solver (pre-smoother) on level 1 -------------------------------
      KSP Object: (mg_levels_1_) 1 MPI processes
        type: chebyshev
          Chebyshev: eigenvalue estimates:  min = 0.499471, max = 1.09884
          Chebyshev: eigenvalues estimated using gmres with translations  [0. 0.5; 0. 1.1]
          KSP Object: (mg_levels_1_esteig_) 1 MPI processes
            type: gmres
              GMRES: restart=30, using Classical (unmodified) Gram-Schmidt Orthogonalization with no iterative refinement
              GMRES: happy breakdown tolerance 1e-30
            maximum iterations=10, initial guess is zero
            tolerances:  relative=1e-12, absolute=1e-50, divergence=10000.
            left preconditioning
            using PRECONDITIONED norm type for convergence test
          Chebyshev: estimating eigenvalues using noisy right hand side
        maximum iterations=2
        tolerances:  relative=1e-05, absolute=1e-50, divergence=10000.
        left preconditioning
        using nonzero initial guess
        using UNPRECONDITIONED norm type for convergence test
      PC Object: (mg_levels_1_) 1 MPI processes
        type: sor
          SOR: type = local_symmetric, iterations = 1, local iterations = 1, omega = 1.
        linear system matrix = precond matrix:
        Mat Object: 1 MPI processes
          type: seqaij
          rows=81, cols=81
          total: nonzeros=625, allocated nonzeros=625
          total number of mallocs used during MatSetValues calls =0
            not using I-node routines
    Up solver (post-smoother) same as down solver (pre-smoother)
    Down solver (pre-smoother) on level 2 -------------------------------
      KSP Object: (mg_levels_2_) 1 MPI processes
        type: chebyshev
          Chebyshev: eigenvalue estimates:  min = 0.499154, max = 1.09814
          Chebyshev: eigenvalues estimated using gmres with translations  [0. 0.5; 0. 1.1]
          KSP Object: (mg_levels_2_esteig_) 1 MPI processes
            type: gmres
              GMRES: restart=30, using Classical (unmodified) Gram-Schmidt Orthogonalization with no iterative refinement
              GMRES: happy breakdown tolerance 1e-30
            maximum iterations=10, initial guess is zero
            tolerances:  relative=1e-12, absolute=1e-50, divergence=10000.
            left preconditioning
            using PRECONDITIONED norm type for convergence test
          Chebyshev: estimating eigenvalues using noisy right hand side
        maximum iterations=2
        tolerances:  relative=1e-05, absolute=1e-50, divergence=10000.
        left preconditioning
        using nonzero initial guess
        using UNPRECONDITIONED norm type for convergence test
      PC Object: (mg_levels_2_) 1 MPI processes
        type: sor
          SOR: type = local_symmetric, iterations = 1, local iterations = 1, omega = 1.
        linear system matrix = precond matrix:
        Mat Object: 1 MPI processes
          type: seqaij
          rows=289, cols=289
          total: nonzeros=1377, allocated nonzeros=1377
          total number of mallocs used during MatSetValues calls =0
            not using I-node routines
    Up solver (post-smoother) same as down solver (pre-smoother)
    linear system matrix = precond matrix:
    Mat Object: 1 MPI processes
      type: seqaij
      rows=289, cols=289
      total: nonzeros=1377, allocated nonzeros=1377
      total number of mallocs used during MatSetValues calls =0
        not using I-node routines
