  0 SNES Function norm 1.11127 
  1 SNES Function norm 0.693019 
  2 SNES Function norm 0.49896 
  3 SNES Function norm 0.414721 
  4 SNES Function norm 0.345218 
  5 SNES Function norm 0.305199 
  6 SNES Function norm 0.268592 
  7 SNES Function norm 0.243538 
  8 SNES Function norm 0.220413 
  9 SNES Function norm 0.204182 
 10 SNES Function norm 0.187281 
 11 SNES Function norm 0.174936 
 12 SNES Function norm 0.163314 
 13 SNES Function norm 0.153252 
 14 SNES Function norm 0.14426 
 15 SNES Function norm 0.135925 
 16 SNES Function norm 0.129103 
 17 SNES Function norm 0.122371 
 18 SNES Function norm 0.116082 
 19 SNES Function norm 0.110826 
 20 SNES Function norm 0.10574 
 21 SNES Function norm 0.100954 
 22 SNES Function norm 0.0966316 
 23 SNES Function norm 0.0925131 
 24 SNES Function norm 0.0887895 
 25 SNES Function norm 0.0853126 
 26 SNES Function norm 0.0818545 
 27 SNES Function norm 0.078717 
 28 SNES Function norm 0.0758777 
 29 SNES Function norm 0.0730582 
 30 SNES Function norm 0.0703681 
 31 SNES Function norm 0.0678977 
 32 SNES Function norm 0.0655197 
 33 SNES Function norm 0.0632643 
 34 SNES Function norm 0.0611424 
 35 SNES Function norm 0.0590547 
 36 SNES Function norm 0.057068 
 37 SNES Function norm 0.0552448 
 38 SNES Function norm 0.053464 
 39 SNES Function norm 0.0517018 
 40 SNES Function norm 0.0500553 
 41 SNES Function norm 0.0484942 
 42 SNES Function norm 0.046965 
 43 SNES Function norm 0.0455039 
 44 SNES Function norm 0.0441019 
 45 SNES Function norm 0.0427261 
 46 SNES Function norm 0.0414194 
 47 SNES Function norm 0.0401853 
 48 SNES Function norm 0.0389632 
 49 SNES Function norm 0.0377665 
 50 SNES Function norm 0.0366436 
SNES Object: 1 MPI processes
  type: ncg
    line search type variant: QUADRATIC
  maximum iterations=50, maximum function evaluations=10000
  tolerances: relative=1e-08, absolute=1e-50, solution=1e-08
  total number of linear solver iterations=0
  total number of function evaluations=151
