Initial guess
Vector Object: 5 MPI processes
  type: mpi
Process [0]
Process [1]
0
Process [2]
0.5
0.5
1
Process [3]
0
Process [4]
-1
-0.5
-0.5
0.5
0
0
L_2 Error: 0.200308
Initial Residual
Vector Object: 5 MPI processes
  type: mpi
Process [0]
Process [1]
0
Process [2]
-0.0208333
-0.0208333
-0.0208333
Process [3]
0
Process [4]
0.0208333
0.0208333
0.0208333
0
0
0
L_2 Residual: 0.051031
Jacobian:
Matrix Object: 1 MPI processes
  type: mpiaij
row 0: (0, 0)  (2, 0)  (7, 0)  (8, 0.0833333)  (9, -0.0833333)  (10, 0) 
row 1: (1, 0)  (2, 0)  (3, 0)  (4, 0)  (8, -0.166667)  (9, -0.0833333)  (10, 0) 
row 2: (0, 0)  (1, 0)  (2, 0)  (3, 0)  (8, -0.0833333)  (9, -0.166667)  (10, 0) 
row 3: (1, 0)  (2, 0)  (3, 0) 
row 4: (1, 0)  (4, 0)  (6, 0)  (8, -0.0833333)  (9, 0.0833333)  (10, 0) 
row 5: (5, 0)  (6, 0)  (7, 0) 
row 6: (4, 0)  (5, 0)  (6, 0)  (7, 0)  (8, 0.0833333)  (9, 0.166667)  (10, 0) 
row 7: (0, 0)  (5, 0)  (6, 0)  (7, 0)  (8, 0.166667)  (9, 0.0833333)  (10, 0) 
row 8: (0, -0.0833333)  (1, 0.166667)  (2, 0.0833333)  (4, 0.0833333)  (6, -0.0833333)  (7, -0.166667)  (8, 4)  (9, 0)  (10, 0) 
row 9: (0, 0.0833333)  (1, 0.0833333)  (2, 0.166667)  (4, -0.0833333)  (6, -0.166667)  (7, -0.0833333)  (8, 0)  (9, 4)  (10, 0) 
row 10: (0, 0)  (1, 0)  (2, 0)  (4, 0)  (6, 0)  (7, 0)  (8, 0)  (9, 0)  (10, 0) 
Au - b = Au + F(0)
Vector Object: 5 MPI processes
  type: mpi
Process [0]
Process [1]
0
Process [2]
-0.0208333
-0.0208333
-0.0208333
Process [3]
0
Process [4]
0.0208333
0.0208333
0.0208333
0
0
0
Linear L_2 Residual: 0.051031
