Initial guess
Vec Object: 1 MPI processes
  type: seq
0.0555556
0.
0.472222
-0.166667
0.222222
-2.77556e-17
0.805556
0.833333
0.472222
0.666667
1.38889
-2.22045e-16
0.888889
1.11022e-16
0.805556
-0.333333
-1.
-0.5
0.
-0.5
0.5
0.
0.
0.5
0.
0.5
1.
-0.75
0.138889
0.111111
0.138889
-0.0555556
-0.5
-0.75
0.555556
-0.222222
0.722222
-0.222222
0.
-0.25
0.277778
-0.111111
0.361111
-0.111111
-0.25
0.277778
0.333333
0.361111
0.166667
-0.25
0.555556
0.444444
0.722222
1.11111
0.
0.25
0.944444
0.555556
0.694444
0.222222
0.25
-0.25
1.13889
-0.222222
1.13889
0.277778
0.5
0.75
0.75
0.944444
-0.333333
0.694444
-0.166667
0.25
0.25
L_2 Error: < 1.0e-11
Initial Residual
Vec Object: 1 MPI processes
  type: seq
0.
0.
0.
0.
0.
0.
0.
0.
0.
0.
0.
0.
0.
0.
0.
0.
0.
0.
0.
0.
0.
0.
0.
0.
0.
0.
0.
0.
0.
0.
0.
0.
0.
0.
0.
0.
0.
0.
0.
0.
0.
0.
0.
0.
0.
0.
0.
0.
0.
0.
0.
0.
0.
0.
0.
0.
0.
0.
0.
0.
0.
0.
0.
0.
0.
0.
0.
0.
0.
0.
0.
0.
0.
0.
0.
L_2 Residual: 0.
Au - b = Au + F(0)
Vec Object: 1 MPI processes
  type: seq
0.
0.
0.
0.
0.
0.
0.
0.
0.
0.
0.
0.
0.
0.
0.
0.
0.
0.
0.
0.
0.
0.
0.
0.
0.
0.
0.
0.
0.
0.
0.
0.
0.
0.
0.
0.
0.
0.
0.
0.
0.
0.
0.
0.
0.
0.
0.
0.
0.
0.
0.
0.
0.
0.
0.
0.
0.
0.
0.
0.
0.
0.
0.
0.
0.
0.
0.
0.
0.
0.
0.
0.
0.
0.
0.
Linear L_2 Residual: 0.
