Initial guess
Vector Object: 3 MPI processes
  type: mpi
Process [0]
0
Process [1]
0.5
0.5
1
Process [2]
-1
-0.5
0
-0.5
0.5
0
0
L_2 Error: 0.200308
Residual:
Vector Object: 1 MPI processes
  type: seq
0
0
0.0208333
0.0416667
0.541667
0
0
0
0
0
0
-0.0208333
Vector Object: 1 MPI processes
  type: seq
0
0
-0.0208333
-0.75
-0.416667
0
0
0
-0.0208333
0
0
0
0
0
-0.0208333
Vector Object: 1 MPI processes
  type: seq
0
0
0.0208333
0
0
0.0208333
0
0
0.0208333
0
0
0
0.708333
-0.125
0
Initial Residual
Vector Object: 3 MPI processes
  type: mpi
Process [0]
0
Process [1]
-0.0208333
-0.0208333
-0.0208333
Process [2]
0.0208333
0.0208333
0
0.0208333
0
0
0
L_2 Residual: 0.051031
Jacobian:
Matrix Object: 1 MPI processes
  type: mpiaij
row 0: (0, 0)  (2, 0)  (7, 0)  (8, 0.0833333)  (9, -0.0833333)  (10, 0) 
row 1: (1, 0)  (2, 0)  (3, 0)  (6, 0)  (8, -0.166667)  (9, -0.0833333)  (10, 0) 
row 2: (0, 0)  (1, 0)  (2, 0)  (3, 0)  (8, -0.0833333)  (9, -0.166667)  (10, 0) 
row 3: (1, 0)  (2, 0)  (3, 0) 
row 4: (4, 0)  (5, 0)  (7, 0) 
row 5: (4, 0)  (5, 0)  (6, 0)  (7, 0)  (8, 0.0833333)  (9, 0.166667)  (10, 0) 
row 6: (1, 0)  (5, 0)  (6, 0)  (8, -0.0833333)  (9, 0.0833333)  (10, 0) 
row 7: (0, 0)  (4, 0)  (5, 0)  (7, 0)  (8, 0.166667)  (9, 0.0833333)  (10, 0) 
row 8: (0, -0.0833333)  (1, 0.166667)  (2, 0.0833333)  (5, -0.0833333)  (6, 0.0833333)  (7, -0.166667)  (8, 4)  (9, 0)  (10, 0) 
row 9: (0, 0.0833333)  (1, 0.0833333)  (2, 0.166667)  (5, -0.166667)  (6, -0.0833333)  (7, -0.0833333)  (8, 0)  (9, 4)  (10, 0) 
row 10: (0, 0)  (1, 0)  (2, 0)  (5, 0)  (6, 0)  (7, 0)  (8, 0)  (9, 0)  (10, 0) 
Residual:
Vector Object: 1 MPI processes
  type: seq
0
0
-0.0208333
-0.5
0.5
-0.0416667
0
0
-0.0416667
0
0
-0.0208333
Vector Object: 1 MPI processes
  type: seq
0
0
0.0208333
-1.625
-0.5
0.0833333
0
0
0.0625
0
0
0.0416667
0
0
-0.0208333
Vector Object: 1 MPI processes
  type: seq
0
0
0.0208333
0
0
-0.0208333
0
0
0.0208333
0
0
-0.0416667
-0.125
-0.25
-0.0416667
Au - b = Au + F(0)
Vector Object: 3 MPI processes
  type: mpi
Process [0]
0
Process [1]
-0.0208333
-0.0208333
-0.0208333
Process [2]
0.0208333
0.0208333
0
0.0208333
0
0
0
Linear L_2 Residual: 0.051031
