Local function
Vector Object: 1 MPI processes
  type: seq
0
0
-1
0.25
0.5
-0.5
1
2
0
0.25
0
-0.5
0.5
0
0
1.25
1
0.5
1
0
0
1.25
-0.5
0.5
2
0
1
0.125
0
-0.5
0.625
-0.25
0
0.625
0.75
0
1.125
0
0.5
0.03125
0
0.15625
-0.0625
0.0625
0
0.78125
-0.1875
0.5625
0
0.40625
-0.125
0.28125
0
0.3125
-0.125
0.78125
1.3125
1.0625
1.5
0.90625
0.875
0.40625
0.625
0.5625
1.125
1.15625
0.4375
1.5625
0.5
1.53125
0
0.78125
0
0.8125
0.375
0.90625
-0.375
1.0625
-0.375
0.3125
0.25
0.15625
0.1875
0.0625
0.125
0.8125
-0.25
0.53125
-0.1875
0.53125
0.3125
1.15625
-0.3125
1.5625
-0.375
Initial guess
Vector Object: 1 MPI processes
  type: seq
-1
-0.5
0
-0.5
0.5
0
0
0.5
0
0.5
1
0.125
0
-0.5
0.625
-0.25
0
0.625
0.75
0
1.125
0
0.5
0.03125
0
0.15625
-0.0625
0.78125
-0.1875
0.40625
-0.125
0.28125
0
0.3125
-0.125
0.78125
1.3125
0.90625
0.875
0.40625
0.625
1.15625
0.4375
1.53125
0
0.78125
0
0.8125
0.375
0.90625
-0.375
0.3125
0.25
0.15625
0.1875
0.8125
-0.25
0.53125
-0.1875
0.53125
0.3125
1.15625
-0.3125
L_2 Error: 4.03488e-13
Residual:
Vector Object: 1 MPI processes
  type: seq
0
0
-5.0082e-15
0
0
-3.71193e-13
0
0
-2.74576e-13
0
0
-3.67436e-14
4.78825e-13
1.33575e-12
-2.99816e-13
0
0
-4.21091e-13
0
0
-1.38486e-13
0
0
3.52655e-13
0
0
1.24826e-13
-3.33622e-14
-6.73194e-14
-5.76295e-14
-1.96593e-12
1.00403e-12
-3.98973e-13
1.32182e-12
2.12602e-12
1.14064e-13
1.44983e-12
1.27123e-12
5.76045e-13
2.50217e-14
4.2083e-13
-4.19054e-13
-1.54951e-13
0
0
-1.16573e-15
8.1618e-13
0
0
2.33433e-12
-9.88459e-13
-1.51573e-13
8.16874e-13
3.85969e-13
-7.3172e-13
-3.30641e-12
-5.62322e-12
0
0
5.9792e-12
6.02973e-12
-1.84239e-12
-3.30869e-12
0
0
-5.0564e-12
-1.5469e-12
0
0
9.9187e-12
2.65676e-13
-1.52755e-12
-2.06823e-12
-2.78094e-12
-1.29519e-12
7.89951e-13
-3.9499e-13
0
0
-3.33389e-12
-2.2839e-12
-8.26006e-14
7.69856e-13
0
0
-8.29031e-12
2.67272e-12
1.97514e-12
-1.14139e-12
3.35038e-12
6.82981e-13
6.91458e-12
-3.0278e-12
0
0
Initial Residual
Vector Object: 1 MPI processes
  type: seq
-5.0082e-15
-3.71193e-13
-2.74576e-13
-3.67436e-14
4.78825e-13
1.33575e-12
-2.99816e-13
-4.21091e-13
-1.38486e-13
3.52655e-13
1.24826e-13
-3.33622e-14
-6.73194e-14
-5.76295e-14
-1.96593e-12
1.00403e-12
-3.98973e-13
1.32182e-12
2.12602e-12
1.14064e-13
1.44983e-12
1.27123e-12
5.76045e-13
2.50217e-14
4.2083e-13
-4.19054e-13
-1.54951e-13
-1.16573e-15
8.1618e-13
2.33433e-12
-9.88459e-13
-1.51573e-13
8.16874e-13
3.85969e-13
-7.3172e-13
-3.30641e-12
-5.62322e-12
5.9792e-12
6.02973e-12
-1.84239e-12
-3.30869e-12
-5.0564e-12
-1.5469e-12
9.9187e-12
2.65676e-13
-1.52755e-12
-2.06823e-12
-2.78094e-12
-1.29519e-12
7.89951e-13
-3.9499e-13
-3.33389e-12
-2.2839e-12
-8.26006e-14
7.69856e-13
-8.29031e-12
2.67272e-12
1.97514e-12
-1.14139e-12
3.35038e-12
6.82981e-13
6.91458e-12
-3.0278e-12
L_2 Residual: 2.15816e-11
Jacobian:
Matrix Object: 1 MPI processes
  type: seqaij
row 0: (0, 0)  (1, 0)  (3, 0)  (11, 6.04703e-15)  (12, -6.87184e-14)  (13, 0)  (23, 0.0833333)  (24, 0.0833333)  (25, 0.0416667)  (26, 0.0416667)  (53, 0.0416667)  (54, 0.0416667) 
row 1: (0, 0)  (1, 0)  (2, 0)  (4, -1.35525e-17)  (5, 6.05508e-15)  (6, 0)  (11, 6.87245e-14)  (12, -6.87263e-14)  (13, 0)  (17, -6.8735e-14)  (18, 1.54048e-14)  (19, 0)  (23, -0.0416667)  (24, 0.0416667)  (31, -0.0416667)  (32, 0.0416667)  (35, 0.0416667)  (36, 0.0416667)  (39, 0.0833333)  (40, 0.0833333)  (51, -7.75768e-14)  (52, 0.0833333)  (53, -0.0833333)  (54, 0.0833333)  (59, 0.0416667)  (60, 0.0416667) 
row 2: (1, 0)  (2, 0)  (7, 0)  (17, -6.06205e-15)  (18, 6.04703e-15)  (19, 0)  (35, -0.0833333)  (36, 0.0833333)  (37, -0.0416667)  (38, 0.0416667)  (39, -0.0416667)  (40, 0.0416667) 
row 3: (0, 0)  (3, 0)  (4, -3.13352e-14)  (5, -3.73767e-14)  (6, 0)  (8, 0)  (11, 1.54109e-14)  (12, -6.03833e-15)  (13, 0)  (14, 1.54148e-14)  (15, -6.87245e-14)  (16, 0)  (23, 0.0416667)  (24, -0.0416667)  (25, 0.0833333)  (26, -0.0833333)  (27, 0.0416667)  (28, 0.0416667)  (29, 0.0833333)  (30, 0.0833333)  (31, 0.0416667)  (32, -0.0416667)  (33, 0.0833333)  (34, 2.61569e-13)  (57, 0.0416667)  (58, 0.0416667) 
row 4: (1, 1.09504e-17)  (3, 3.13386e-14)  (4, 4)  (5, 0)  (6, -1.38778e-17)  (7, -3.13386e-14)  (9, -1.09504e-17)  (11, 0.333333)  (12, 0)  (13, 2.66731e-14)  (14, 0.333333)  (15, 0)  (16, -1.54145e-14)  (17, 0.333333)  (18, 0)  (19, 1.54145e-14)  (20, 0.333333)  (21, 0)  (22, -2.66731e-14)  (25, 4.86521e-13)  (26, 0)  (29, 1.21145e-12)  (30, 0)  (31, -1.33333)  (32, 0)  (33, 1.88499e-12)  (34, 0)  (37, 1.21145e-12)  (38, 0)  (39, 4.85667e-13)  (40, 0)  (41, 4.86521e-13)  (42, 0)  (45, -1.33333)  (46, 0)  (47, 1.88499e-12)  (48, 0)  (49, 4.85667e-13)  (50, 0)  (51, -3.50895e-13)  (52, 0)  (53, 1.21148e-12)  (54, 0)  (55, -3.50895e-13)  (56, 0)  (57, -1.33333)  (58, 0)  (59, -1.33333)  (60, 0)  (61, 1.21148e-12)  (62, 0) 
row 5: (1, -6.05077e-15)  (3, 3.73784e-14)  (4, 0)  (5, 4)  (6, 0)  (7, -3.73784e-14)  (9, 6.05077e-15)  (11, 0)  (12, 0.333333)  (13, 2.66577e-14)  (14, 0)  (15, 0.333333)  (16, 1.53991e-14)  (17, 0)  (18, 0.333333)  (19, -1.53991e-14)  (20, 0)  (21, 0.333333)  (22, -2.66577e-14)  (25, 0)  (26, 4.86521e-13)  (29, 0)  (30, 1.21145e-12)  (31, 0)  (32, -1.33333)  (33, 0)  (34, 1.88499e-12)  (37, 0)  (38, 1.21145e-12)  (39, 0)  (40, 4.85667e-13)  (41, 0)  (42, 4.86521e-13)  (45, 0)  (46, -1.33333)  (47, 0)  (48, 1.88499e-12)  (49, 0)  (50, 4.85667e-13)  (51, 0)  (52, -3.50895e-13)  (53, 0)  (54, 1.21148e-12)  (55, 0)  (56, -3.50895e-13)  (57, 0)  (58, -1.33333)  (59, 0)  (60, -1.33333)  (61, 0)  (62, 1.21148e-12) 
row 6: (1, 0)  (3, 0)  (4, -6.93889e-18)  (5, 0)  (6, 0)  (7, 0)  (9, 0)  (11, 6.8735e-14)  (12, -1.54048e-14)  (13, 0)  (14, 6.87245e-14)  (15, -6.87263e-14)  (16, 0)  (17, -6.87245e-14)  (18, 6.87263e-14)  (19, 0)  (20, -6.8735e-14)  (21, 1.54048e-14)  (22, 0)  (25, -0.0416667)  (26, -0.0416667)  (29, -0.0416667)  (30, 0.0416667)  (31, -0.0833333)  (32, -0.0833333)  (33, -0.0833333)  (34, 3.29708e-13)  (37, 0.0416667)  (38, -0.0416667)  (39, 0.0416667)  (40, -0.0416667)  (41, 0.0416667)  (42, 0.0416667)  (45, 0.0833333)  (46, 0.0833333)  (47, 0.0833333)  (48, -3.29708e-13)  (49, -0.0416667)  (50, 0.0416667)  (51, 7.75768e-14)  (52, -0.0833333)  (53, -0.0416667)  (54, -0.0416667)  (55, -7.75768e-14)  (56, 0.0833333)  (57, -0.0833333)  (58, 0.0833333)  (59, 0.0833333)  (60, -0.0833333)  (61, 0.0416667)  (62, 0.0416667) 
row 7: (2, 0)  (4, 3.13352e-14)  (5, 3.73767e-14)  (6, 0)  (7, 0)  (10, 0)  (17, -1.54148e-14)  (18, 6.87245e-14)  (19, 0)  (20, -6.06205e-15)  (21, 6.04703e-15)  (22, 0)  (35, -0.0416667)  (36, -0.0416667)  (37, -0.0833333)  (38, -0.0833333)  (41, -0.0833333)  (42, 0.0833333)  (43, -0.0416667)  (44, 0.0416667)  (45, -0.0416667)  (46, 0.0416667)  (47, -0.0833333)  (48, -2.61569e-13)  (59, -0.0416667)  (60, -0.0416667) 
row 8: (3, 0)  (8, 0)  (9, 0)  (14, 6.05592e-15)  (15, -1.54148e-14)  (16, 0)  (27, 0.0833333)  (28, -0.0833333)  (29, 0.0416667)  (30, -0.0416667)  (49, 0.0416667)  (50, -0.0416667) 
row 9: (4, 1.35525e-17)  (5, -6.05508e-15)  (6, 0)  (8, 0)  (9, 0)  (10, 0)  (14, 6.87263e-14)  (15, -6.05592e-15)  (16, 0)  (20, -6.87245e-14)  (21, 6.87263e-14)  (22, 0)  (27, -0.0416667)  (28, -0.0416667)  (43, 0.0416667)  (44, -0.0416667)  (45, 0.0416667)  (46, -0.0416667)  (49, -0.0833333)  (50, -0.0833333)  (55, 7.75768e-14)  (56, -0.0833333)  (57, -0.0416667)  (58, -0.0416667)  (61, 0.0833333)  (62, -0.0833333) 
row 10: (7, 0)  (9, 0)  (10, 0)  (20, -1.54148e-14)  (21, 6.87245e-14)  (22, 0)  (41, -0.0416667)  (42, -0.0416667)  (43, -0.0833333)  (44, -0.0833333)  (61, -0.0416667)  (62, -0.0416667) 
row 11: (0, -6.04356e-15)  (1, -6.8728e-14)  (3, -1.54109e-14)  (4, 0.333333)  (5, 0)  (6, -6.87384e-14)  (11, 4)  (12, 0)  (13, -3.72063e-14)  (23, -1.33333)  (24, 0)  (25, -1.33333)  (26, 0)  (31, -1.33333)  (32, 0)  (33, 1.94905e-12)  (34, 0)  (51, 9.73055e-13)  (52, 0)  (53, -1.33333)  (54, 0) 
row 12: (0, 6.87219e-14)  (1, 6.87297e-14)  (3, 6.03486e-15)  (4, 0)  (5, 0.333333)  (6, 1.54048e-14)  (11, 0)  (12, 4)  (13, 3.72063e-14)  (23, 0)  (24, -1.33333)  (25, 0)  (26, -1.33333)  (31, 0)  (32, -1.33333)  (33, 0)  (34, 1.94905e-12)  (51, 0)  (52, 9.73055e-13)  (53, 0)  (54, -1.33333) 
row 13: (0, 0)  (1, 0)  (3, 0)  (4, -2.66714e-14)  (5, -2.6656e-14)  (6, 0)  (11, 3.72063e-14)  (12, -3.72063e-14)  (13, 0)  (23, -0.0833333)  (24, -0.0833333)  (25, -0.0833333)  (26, 0.0833333)  (31, 0.0833333)  (32, 0.0833333)  (33, 1.1743e-13)  (34, 0.0833333)  (51, 0.0833333)  (52, 0)  (53, 0.0833333)  (54, -0.0833333) 
row 14: (3, -1.54148e-14)  (4, 0.333333)  (5, 0)  (6, -6.8728e-14)  (8, -6.05072e-15)  (9, -6.87297e-14)  (14, 4)  (15, 0)  (16, -3.72202e-14)  (27, -1.33333)  (28, 0)  (29, -1.33333)  (30, 0)  (33, 9.73055e-13)  (34, 0)  (49, -1.33333)  (50, 0)  (55, 9.73055e-13)  (56, 0)  (57, -1.33333)  (58, 0) 
row 15: (3, 6.8728e-14)  (4, 0)  (5, 0.333333)  (6, 6.87297e-14)  (8, 1.54148e-14)  (9, 6.05072e-15)  (14, 0)  (15, 4)  (16, 3.72202e-14)  (27, 0)  (28, -1.33333)  (29, 0)  (30, -1.33333)  (33, 0)  (34, 9.73055e-13)  (49, 0)  (50, -1.33333)  (55, 0)  (56, 9.73055e-13)  (57, 0)  (58, -1.33333) 
row 16: (3, 0)  (4, 1.54145e-14)  (5, -1.53991e-14)  (6, 0)  (8, 0)  (9, 0)  (14, 3.72202e-14)  (15, -3.72202e-14)  (16, 0)  (27, -0.0833333)  (28, 0.0833333)  (29, -0.0833333)  (30, -0.0833333)  (33, 0)  (34, -0.0833333)  (49, 0.0833333)  (50, 0.0833333)  (55, 0.0833333)  (56, 0)  (57, 0.0833333)  (58, -0.0833333) 
row 17: (1, 6.87384e-14)  (2, 6.05685e-15)  (4, 0.333333)  (5, 0)  (6, 6.8728e-14)  (7, 1.54148e-14)  (17, 4)  (18, 0)  (19, 3.72202e-14)  (35, -1.33333)  (36, 0)  (37, -1.33333)  (38, 0)  (39, -1.33333)  (40, 0)  (47, 9.73055e-13)  (48, 0)  (51, 9.73055e-13)  (52, 0)  (59, -1.33333)  (60, 0) 
row 18: (1, -1.54048e-14)  (2, -6.04356e-15)  (4, 0)  (5, 0.333333)  (6, -6.87297e-14)  (7, -6.8728e-14)  (17, 0)  (18, 4)  (19, -3.72063e-14)  (35, 0)  (36, -1.33333)  (37, 0)  (38, -1.33333)  (39, 0)  (40, -1.33333)  (47, 0)  (48, 9.73055e-13)  (51, 0)  (52, 9.73055e-13)  (59, 0)  (60, -1.33333) 
row 19: (1, 0)  (2, 0)  (4, -1.54145e-14)  (5, 1.53991e-14)  (6, 0)  (7, 0)  (17, -3.72202e-14)  (18, 3.72063e-14)  (19, 0)  (35, 0.0833333)  (36, -0.0833333)  (37, 0.0833333)  (38, 0.0833333)  (39, -0.0833333)  (40, -0.0833333)  (47, 0)  (48, 0.0833333)  (51, -0.0833333)  (52, 0)  (59, -0.0833333)  (60, 0.0833333) 
row 20: (4, 0.333333)  (5, 0)  (6, 6.87384e-14)  (7, 6.05685e-15)  (9, 6.8728e-14)  (10, 1.54148e-14)  (20, 4)  (21, 0)  (22, 3.72202e-14)  (41, -1.33333)  (42, 0)  (43, -1.33333)  (44, 0)  (45, -1.33333)  (46, 0)  (47, 1.94905e-12)  (48, 0)  (55, 9.73055e-13)  (56, 0)  (61, -1.33333)  (62, 0) 
row 21: (4, 0)  (5, 0.333333)  (6, -1.54048e-14)  (7, -6.04356e-15)  (9, -6.87297e-14)  (10, -6.8728e-14)  (20, 0)  (21, 4)  (22, -3.72063e-14)  (41, 0)  (42, -1.33333)  (43, 0)  (44, -1.33333)  (45, 0)  (46, -1.33333)  (47, 0)  (48, 1.94905e-12)  (55, 0)  (56, 9.73055e-13)  (61, 0)  (62, -1.33333) 
row 22: (4, 2.66714e-14)  (5, 2.6656e-14)  (6, 0)  (7, 0)  (9, 0)  (10, 0)  (20, -3.72202e-14)  (21, 3.72063e-14)  (22, 0)  (41, 0.0833333)  (42, -0.0833333)  (43, 0.0833333)  (44, 0.0833333)  (45, -0.0833333)  (46, -0.0833333)  (47, -1.1743e-13)  (48, -0.0833333)  (55, -0.0833333)  (56, 0)  (61, -0.0833333)  (62, 0.0833333) 
row 23: (0, -0.0833333)  (1, 0.0416667)  (3, -0.0416667)  (11, -1.33333)  (12, 0)  (13, 0.0833333)  (23, 5.33333)  (24, 0)  (25, -6.78901e-14)  (26, 0)  (53, -2.23367e-12)  (54, 0) 
row 24: (0, -0.0833333)  (1, -0.0416667)  (3, 0.0416667)  (11, 0)  (12, -1.33333)  (13, 0.0833333)  (23, 0)  (24, 5.33333)  (25, 0)  (26, -6.78901e-14)  (53, 0)  (54, -2.23367e-12) 
row 25: (0, -0.0416667)  (3, -0.0833333)  (4, 4.86514e-13)  (5, 0)  (6, 0.0416667)  (11, -1.33333)  (12, 0)  (13, 0.0833333)  (23, -6.78901e-14)  (24, 0)  (25, 5.33333)  (26, 0)  (31, -6.78901e-14)  (32, 0)  (33, -1.33333)  (34, 0) 
row 26: (0, -0.0416667)  (3, 0.0833333)  (4, 0)  (5, 4.86514e-13)  (6, 0.0416667)  (11, 0)  (12, -1.33333)  (13, -0.0833333)  (23, 0)  (24, -6.78901e-14)  (25, 0)  (26, 5.33333)  (31, 0)  (32, -6.78901e-14)  (33, 0)  (34, -1.33333) 
row 27: (3, -0.0416667)  (8, -0.0833333)  (9, 0.0416667)  (14, -1.33333)  (15, 0)  (16, 0.0833333)  (27, 5.33333)  (28, 0)  (29, -1.28156e-12)  (30, 0)  (49, -1.28147e-12)  (50, 0) 
row 28: (3, -0.0416667)  (8, 0.0833333)  (9, 0.0416667)  (14, 0)  (15, -1.33333)  (16, -0.0833333)  (27, 0)  (28, 5.33333)  (29, 0)  (30, -1.28156e-12)  (49, 0)  (50, -1.28147e-12) 
row 29: (3, -0.0833333)  (4, 1.21146e-12)  (5, 0)  (6, 0.0416667)  (8, -0.0416667)  (14, -1.33333)  (15, 0)  (16, 0.0833333)  (27, -1.2815e-12)  (28, 0)  (29, 5.33333)  (30, 0)  (33, -1.33333)  (34, 0)  (57, -2.23367e-12)  (58, 0) 
row 30: (3, -0.0833333)  (4, 0)  (5, 1.21146e-12)  (6, -0.0416667)  (8, 0.0416667)  (14, 0)  (15, -1.33333)  (16, 0.0833333)  (27, 0)  (28, -1.2815e-12)  (29, 0)  (30, 5.33333)  (33, 0)  (34, -1.33333)  (57, 0)  (58, -2.23367e-12) 
row 31: (1, 0.0416667)  (3, -0.0416667)  (4, -1.33333)  (5, 0)  (6, 0.0833333)  (11, -1.33333)  (12, 0)  (13, -0.0833333)  (25, -6.78901e-14)  (26, 0)  (31, 5.33333)  (32, 0)  (33, -1.33333)  (34, 0)  (51, -1.33333)  (52, 0)  (53, -2.23355e-12)  (54, 0) 
row 32: (1, -0.0416667)  (3, 0.0416667)  (4, 0)  (5, -1.33333)  (6, 0.0833333)  (11, 0)  (12, -1.33333)  (13, -0.0833333)  (25, 0)  (26, -6.78901e-14)  (31, 0)  (32, 5.33333)  (33, 0)  (34, -1.33333)  (51, 0)  (52, -1.33333)  (53, 0)  (54, -2.23355e-12) 
row 33: (3, -0.0833333)  (4, 1.88504e-12)  (5, 0)  (6, 0.0833333)  (11, 1.94894e-12)  (12, 0)  (13, -1.17429e-13)  (14, 9.73083e-13)  (15, 0)  (16, -1.73472e-18)  (25, -1.33333)  (26, 0)  (29, -1.33333)  (30, 0)  (31, -1.33333)  (32, 0)  (33, 5.33333)  (34, 0)  (57, -1.33333)  (58, 0) 
row 34: (3, -2.61569e-13)  (4, 0)  (5, 1.88504e-12)  (6, -3.29681e-13)  (11, 0)  (12, 1.94894e-12)  (13, -0.0833333)  (14, 0)  (15, 9.73083e-13)  (16, 0.0833333)  (25, 0)  (26, -1.33333)  (29, 0)  (30, -1.33333)  (31, 0)  (32, -1.33333)  (33, 0)  (34, 5.33333)  (57, 0)  (58, -1.33333) 
row 35: (1, -0.0416667)  (2, 0.0833333)  (7, 0.0416667)  (17, -1.33333)  (18, 0)  (19, -0.0833333)  (35, 5.33333)  (36, 0)  (37, -1.28156e-12)  (38, 0)  (39, -6.78901e-14)  (40, 0) 
row 36: (1, -0.0416667)  (2, -0.0833333)  (7, 0.0416667)  (17, 0)  (18, -1.33333)  (19, 0.0833333)  (35, 0)  (36, 5.33333)  (37, 0)  (38, -1.28156e-12)  (39, 0)  (40, -6.78901e-14) 
row 37: (2, 0.0416667)  (4, 1.21146e-12)  (5, 0)  (6, -0.0416667)  (7, 0.0833333)  (17, -1.33333)  (18, 0)  (19, -0.0833333)  (35, -1.2815e-12)  (36, 0)  (37, 5.33333)  (38, 0)  (47, -1.33333)  (48, 0)  (59, -2.23367e-12)  (60, 0) 
row 38: (2, -0.0416667)  (4, 0)  (5, 1.21146e-12)  (6, 0.0416667)  (7, 0.0833333)  (17, 0)  (18, -1.33333)  (19, -0.0833333)  (35, 0)  (36, -1.2815e-12)  (37, 0)  (38, 5.33333)  (47, 0)  (48, -1.33333)  (59, 0)  (60, -2.23367e-12) 
row 39: (1, -0.0833333)  (2, 0.0416667)  (4, 4.85625e-13)  (5, 0)  (6, -0.0416667)  (17, -1.33333)  (18, 0)  (19, 0.0833333)  (35, -6.78901e-14)  (36, 0)  (39, 5.33333)  (40, 0)  (51, -1.33333)  (52, 0)  (59, -2.23355e-12)  (60, 0) 
row 40: (1, -0.0833333)  (2, -0.0416667)  (4, 0)  (5, 4.85625e-13)  (6, 0.0416667)  (17, 0)  (18, -1.33333)  (19, 0.0833333)  (35, 0)  (36, -6.78901e-14)  (39, 0)  (40, 5.33333)  (51, 0)  (52, -1.33333)  (59, 0)  (60, -2.23355e-12) 
row 41: (4, 4.86514e-13)  (5, 0)  (6, -0.0416667)  (7, 0.0833333)  (10, 0.0416667)  (20, -1.33333)  (21, 0)  (22, -0.0833333)  (41, 5.33333)  (42, 0)  (43, -1.28156e-12)  (44, 0)  (45, -6.78901e-14)  (46, 0)  (47, -1.33333)  (48, 0) 
row 42: (4, 0)  (5, 4.86514e-13)  (6, -0.0416667)  (7, -0.0833333)  (10, 0.0416667)  (20, 0)  (21, -1.33333)  (22, 0.0833333)  (41, 0)  (42, 5.33333)  (43, 0)  (44, -1.28156e-12)  (45, 0)  (46, -6.78901e-14)  (47, 0)  (48, -1.33333) 
row 43: (7, 0.0416667)  (9, -0.0416667)  (10, 0.0833333)  (20, -1.33333)  (21, 0)  (22, -0.0833333)  (41, -1.2815e-12)  (42, 0)  (43, 5.33333)  (44, 0)  (61, -2.23367e-12)  (62, 0) 
row 44: (7, -0.0416667)  (9, 0.0416667)  (10, 0.0833333)  (20, 0)  (21, -1.33333)  (22, -0.0833333)  (41, 0)  (42, -1.2815e-12)  (43, 0)  (44, 5.33333)  (61, 0)  (62, -2.23367e-12) 
row 45: (4, -1.33333)  (5, 0)  (6, -0.0833333)  (7, 0.0416667)  (9, -0.0416667)  (20, -1.33333)  (21, 0)  (22, 0.0833333)  (41, -6.78901e-14)  (42, 0)  (45, 5.33333)  (46, 0)  (47, -1.33333)  (48, 0)  (55, -1.33333)  (56, 0)  (61, -2.23355e-12)  (62, 0) 
row 46: (4, 0)  (5, -1.33333)  (6, -0.0833333)  (7, -0.0416667)  (9, 0.0416667)  (20, 0)  (21, -1.33333)  (22, 0.0833333)  (41, 0)  (42, -6.78901e-14)  (45, 0)  (46, 5.33333)  (47, 0)  (48, -1.33333)  (55, 0)  (56, -1.33333)  (61, 0)  (62, -2.23355e-12) 
row 47: (4, 1.88504e-12)  (5, 0)  (6, -0.0833333)  (7, 0.0833333)  (17, 9.73083e-13)  (18, 0)  (19, 1.73472e-18)  (20, 1.94894e-12)  (21, 0)  (22, 1.17429e-13)  (37, -1.33333)  (38, 0)  (41, -1.33333)  (42, 0)  (45, -1.33333)  (46, 0)  (47, 5.33333)  (48, 0)  (59, -1.33333)  (60, 0) 
row 48: (4, 0)  (5, 1.88504e-12)  (6, 3.29681e-13)  (7, 2.61569e-13)  (17, 0)  (18, 9.73083e-13)  (19, -0.0833333)  (20, 0)  (21, 1.94894e-12)  (22, 0.0833333)  (37, 0)  (38, -1.33333)  (41, 0)  (42, -1.33333)  (45, 0)  (46, -1.33333)  (47, 0)  (48, 5.33333)  (59, 0)  (60, -1.33333) 
row 49: (4, 4.85625e-13)  (5, 0)  (6, 0.0416667)  (8, -0.0416667)  (9, 0.0833333)  (14, -1.33333)  (15, 0)  (16, -0.0833333)  (27, -1.28142e-12)  (28, 0)  (49, 5.33333)  (50, 0)  (55, -1.33333)  (56, 0)  (57, -2.23355e-12)  (58, 0) 
row 50: (4, 0)  (5, 4.85625e-13)  (6, -0.0416667)  (8, 0.0416667)  (9, 0.0833333)  (14, 0)  (15, -1.33333)  (16, -0.0833333)  (27, 0)  (28, -1.28142e-12)  (49, 0)  (50, 5.33333)  (55, 0)  (56, -1.33333)  (57, 0)  (58, -2.23355e-12) 
row 51: (1, 7.76046e-14)  (4, -3.50895e-13)  (5, 0)  (6, -7.76046e-14)  (11, 9.73083e-13)  (12, 0)  (13, -0.0833333)  (17, 9.73083e-13)  (18, 0)  (19, 0.0833333)  (31, -1.33333)  (32, 0)  (39, -1.33333)  (40, 0)  (51, 5.33333)  (52, 0)  (53, -1.33333)  (54, 0)  (59, -1.33333)  (60, 0) 
row 52: (1, -0.0833333)  (4, 0)  (5, -3.50895e-13)  (6, 0.0833333)  (11, 0)  (12, 9.73083e-13)  (13, -1.73472e-18)  (17, 0)  (18, 9.73083e-13)  (19, 1.73472e-18)  (31, 0)  (32, -1.33333)  (39, 0)  (40, -1.33333)  (51, 0)  (52, 5.33333)  (53, 0)  (54, -1.33333)  (59, 0)  (60, -1.33333) 
row 53: (0, -0.0416667)  (1, 0.0833333)  (4, 1.21148e-12)  (5, 0)  (6, 0.0416667)  (11, -1.33333)  (12, 0)  (13, -0.0833333)  (23, -2.23362e-12)  (24, 0)  (31, -2.2336e-12)  (32, 0)  (51, -1.33333)  (52, 0)  (53, 5.33333)  (54, 0) 
row 54: (0, -0.0416667)  (1, -0.0833333)  (4, 0)  (5, 1.21148e-12)  (6, 0.0416667)  (11, 0)  (12, -1.33333)  (13, 0.0833333)  (23, 0)  (24, -2.23362e-12)  (31, 0)  (32, -2.2336e-12)  (51, 0)  (52, -1.33333)  (53, 0)  (54, 5.33333) 
row 55: (4, -3.50895e-13)  (5, 0)  (6, 7.76046e-14)  (9, -7.76046e-14)  (14, 9.73083e-13)  (15, 0)  (16, -0.0833333)  (20, 9.73083e-13)  (21, 0)  (22, 0.0833333)  (45, -1.33333)  (46, 0)  (49, -1.33333)  (50, 0)  (55, 5.33333)  (56, 0)  (57, -1.33333)  (58, 0)  (61, -1.33333)  (62, 0) 
row 56: (4, 0)  (5, -3.50895e-13)  (6, -0.0833333)  (9, 0.0833333)  (14, 0)  (15, 9.73083e-13)  (16, -1.73472e-18)  (20, 0)  (21, 9.73083e-13)  (22, 1.73472e-18)  (45, 0)  (46, -1.33333)  (49, 0)  (50, -1.33333)  (55, 0)  (56, 5.33333)  (57, 0)  (58, -1.33333)  (61, 0)  (62, -1.33333) 
row 57: (3, -0.0416667)  (4, -1.33333)  (5, 0)  (6, 0.0833333)  (9, 0.0416667)  (14, -1.33333)  (15, 0)  (16, -0.0833333)  (29, -2.23362e-12)  (30, 0)  (33, -1.33333)  (34, 0)  (49, -2.2336e-12)  (50, 0)  (55, -1.33333)  (56, 0)  (57, 5.33333)  (58, 0) 
row 58: (3, -0.0416667)  (4, 0)  (5, -1.33333)  (6, -0.0833333)  (9, 0.0416667)  (14, 0)  (15, -1.33333)  (16, 0.0833333)  (29, 0)  (30, -2.23362e-12)  (33, 0)  (34, -1.33333)  (49, 0)  (50, -2.2336e-12)  (55, 0)  (56, -1.33333)  (57, 0)  (58, 5.33333) 
row 59: (1, -0.0416667)  (4, -1.33333)  (5, 0)  (6, -0.0833333)  (7, 0.0416667)  (17, -1.33333)  (18, 0)  (19, 0.0833333)  (37, -2.23362e-12)  (38, 0)  (39, -2.2336e-12)  (40, 0)  (47, -1.33333)  (48, 0)  (51, -1.33333)  (52, 0)  (59, 5.33333)  (60, 0) 
row 60: (1, -0.0416667)  (4, 0)  (5, -1.33333)  (6, 0.0833333)  (7, 0.0416667)  (17, 0)  (18, -1.33333)  (19, -0.0833333)  (37, 0)  (38, -2.23362e-12)  (39, 0)  (40, -2.2336e-12)  (47, 0)  (48, -1.33333)  (51, 0)  (52, -1.33333)  (59, 0)  (60, 5.33333) 
row 61: (4, 1.21148e-12)  (5, 0)  (6, -0.0416667)  (9, -0.0833333)  (10, 0.0416667)  (20, -1.33333)  (21, 0)  (22, 0.0833333)  (43, -2.23362e-12)  (44, 0)  (45, -2.2336e-12)  (46, 0)  (55, -1.33333)  (56, 0)  (61, 5.33333)  (62, 0) 
row 62: (4, 0)  (5, 1.21148e-12)  (6, -0.0416667)  (9, 0.0833333)  (10, 0.0416667)  (20, 0)  (21, -1.33333)  (22, -0.0833333)  (43, 0)  (44, -2.23362e-12)  (45, 0)  (46, -2.2336e-12)  (55, 0)  (56, -1.33333)  (61, 0)  (62, 5.33333) 
Residual:
Vector Object: 1 MPI processes
  type: seq
0
0
-0.0208333
0
0
-0.21875
0
0
-0.0520833
0
0
-0.119792
-1.75536e-14
-1.75016e-14
-1.35796e-17
0
0
0.494792
0
0
-0.15625
0
0
-0.15625
0
0
0.229167
0.166667
0.166667
-0.015625
0.833333
-0.166667
-0.078125
0.833333
1.16667
-0.00520833
1.5
0.166667
0.0989583
-0.0416667
-0.0416667
-0.291667
0.125
0
0
-3.375
0.625
0
0
-0.958333
0.125
0.125
0.125
0.125
0.125
-3.375
-6.04167
0
0
-2.95833
-3.20833
-0.958333
-2.04167
0
0
-3.625
-1.875
0
0
-6.70833
-0.0416667
0.125
0.125
0.125
0.125
-2.95833
1.29167
0
0
0.125
0.125
-0.291667
-0.708333
0
0
0.125
0.125
0.125
0.125
0.125
0.125
-3.625
1.29167
0
0
Au - b = Au + F(0)
Vector Object: 1 MPI processes
  type: seq
-5.00988e-15
-3.71203e-13
-2.74544e-13
-3.67484e-14
4.77503e-13
1.33564e-12
-2.99831e-13
-4.21219e-13
-1.38445e-13
3.52662e-13
1.24789e-13
-3.339e-14
-6.7335e-14
-5.76275e-14
-1.96609e-12
1.00414e-12
-3.99014e-13
1.32161e-12
2.1263e-12
1.14112e-13
1.45017e-12
1.27132e-12
5.76095e-13
2.51119e-14
4.20851e-13
-4.18998e-13
-1.54987e-13
-4.44089e-16
8.16347e-13
2.33402e-12
-9.88459e-13
-1.51712e-13
8.16916e-13
3.86302e-13
-7.31692e-13
-3.3058e-12
-5.62483e-12
5.97922e-12
6.03029e-12
-1.84308e-12
-3.30846e-12
-5.05551e-12
-1.54654e-12
9.91918e-12
2.65829e-13
-1.52778e-12
-2.06818e-12
-2.78119e-12
-1.29553e-12
7.89591e-13
-3.95017e-13
-3.3336e-12
-2.28381e-12
-8.25451e-14
7.69829e-13
-8.29006e-12
2.67267e-12
1.97534e-12
-1.14134e-12
3.35054e-12
6.83176e-13
6.91491e-12
-3.02802e-12
Linear L_2 Residual: 2.15822e-11
