Local function
Vector Object: 1 MPI processes
  type: seq
0
0
-1
0.25
0.5
-0.5
1
2
0
0.25
0
-0.5
0.5
0
0
1.25
1
0.5
1
0
0
1.25
-0.5
0.5
2
0
1
0.125
0
-0.5
0.625
-0.25
0
0.625
0.75
0
1.125
0
0.5
Initial guess
Vector Object: 1 MPI processes
  type: seq
-1
-0.5
0
-0.5
0.5
0
0
0.5
0
0.5
1
0.125
0
-0.5
0.625
-0.25
0
0.625
0.75
0
1.125
0
0.5
L_2 Error: 0.0833333
Residual:
Vector Object: 1 MPI processes
  type: seq
0
0
-0.0104167
0
0
-0.0208333
0
0
-0.0104167
0
0
0
0.166667
0.166667
0
0
0
0
0
0
0.0104167
0
0
0.0208333
0
0
0.0104167
-0.166667
-0.166667
0
-0.166667
-0.166667
0
-0.166667
-0.166667
0
-0.166667
-0.166667
0
Initial Residual
Vector Object: 1 MPI processes
  type: seq
-0.0104167
-0.0208333
-0.0104167
0
0.166667
0.166667
0
0
0.0104167
0.0208333
0.0104167
-0.166667
-0.166667
0
-0.166667
-0.166667
0
-0.166667
-0.166667
0
-0.166667
-0.166667
0
L_2 Residual: 0.52828
Jacobian:
Matrix Object: 1 MPI processes
  type: seqaij
row 0: (0, 0)  (1, 0)  (3, 0)  (11, 0.0833333)  (12, 0.0833333)  (13, 0) 
row 1: (0, 0)  (1, 0)  (2, 0)  (4, 0)  (5, 0.0833333)  (6, 0)  (11, -0.0833333)  (12, 0.0833333)  (13, 0)  (17, 0.0833333)  (18, 0.0833333)  (19, 0) 
row 2: (1, 0)  (2, 0)  (7, 0)  (17, -0.0833333)  (18, 0.0833333)  (19, 0) 
row 3: (0, 0)  (3, 0)  (4, 0.0833333)  (5, 0)  (6, 0)  (8, 0)  (11, 0.0833333)  (12, -0.0833333)  (13, 0)  (14, 0.0833333)  (15, 0.0833333)  (16, 0) 
row 4: (1, 0)  (3, -0.0833333)  (4, 4)  (5, 0)  (6, 0)  (7, 0.0833333)  (9, 0)  (11, -1)  (12, 0)  (13, -0.0833333)  (14, -1)  (15, 0)  (16, -0.0833333)  (17, -1)  (18, 0)  (19, 0.0833333)  (20, -1)  (21, 0)  (22, 0.0833333) 
row 5: (1, -0.0833333)  (3, 0)  (4, 0)  (5, 4)  (6, 0)  (7, 0)  (9, 0.0833333)  (11, 0)  (12, -1)  (13, -0.0833333)  (14, 0)  (15, -1)  (16, 0.0833333)  (17, 0)  (18, -1)  (19, -0.0833333)  (20, 0)  (21, -1)  (22, 0.0833333) 
row 6: (1, 0)  (3, 0)  (4, 0)  (5, 0)  (6, 0)  (7, 0)  (9, 0)  (11, -0.0833333)  (12, -0.0833333)  (13, 0)  (14, -0.0833333)  (15, 0.0833333)  (16, 0)  (17, 0.0833333)  (18, -0.0833333)  (19, 0)  (20, 0.0833333)  (21, 0.0833333)  (22, 0) 
row 7: (2, 0)  (4, -0.0833333)  (5, 0)  (6, 0)  (7, 0)  (10, 0)  (17, -0.0833333)  (18, -0.0833333)  (19, 0)  (20, -0.0833333)  (21, 0.0833333)  (22, 0) 
row 8: (3, 0)  (8, 0)  (9, 0)  (14, 0.0833333)  (15, -0.0833333)  (16, 0) 
row 9: (4, 0)  (5, -0.0833333)  (6, 0)  (8, 0)  (9, 0)  (10, 0)  (14, -0.0833333)  (15, -0.0833333)  (16, 0)  (20, 0.0833333)  (21, -0.0833333)  (22, 0) 
row 10: (7, 0)  (9, 0)  (10, 0)  (20, -0.0833333)  (21, -0.0833333)  (22, 0) 
row 11: (0, -0.0833333)  (1, 0.0833333)  (3, -0.0833333)  (4, -1)  (5, 0)  (6, 0.0833333)  (11, 4)  (12, 0)  (13, 0) 
row 12: (0, -0.0833333)  (1, -0.0833333)  (3, 0.0833333)  (4, 0)  (5, -1)  (6, 0.0833333)  (11, 0)  (12, 4)  (13, 0) 
row 13: (0, 0)  (1, 0)  (3, 0)  (4, 0.0833333)  (5, 0.0833333)  (6, 0)  (11, 0)  (12, 0)  (13, 0) 
row 14: (3, -0.0833333)  (4, -1)  (5, 0)  (6, 0.0833333)  (8, -0.0833333)  (9, 0.0833333)  (14, 4)  (15, 0)  (16, 0) 
row 15: (3, -0.0833333)  (4, 0)  (5, -1)  (6, -0.0833333)  (8, 0.0833333)  (9, 0.0833333)  (14, 0)  (15, 4)  (16, 0) 
row 16: (3, 0)  (4, 0.0833333)  (5, -0.0833333)  (6, 0)  (8, 0)  (9, 0)  (14, 0)  (15, 0)  (16, 0) 
row 17: (1, -0.0833333)  (2, 0.0833333)  (4, -1)  (5, 0)  (6, -0.0833333)  (7, 0.0833333)  (17, 4)  (18, 0)  (19, 0) 
row 18: (1, -0.0833333)  (2, -0.0833333)  (4, 0)  (5, -1)  (6, 0.0833333)  (7, 0.0833333)  (17, 0)  (18, 4)  (19, 0) 
row 19: (1, 0)  (2, 0)  (4, -0.0833333)  (5, 0.0833333)  (6, 0)  (7, 0)  (17, 0)  (18, 0)  (19, 0) 
row 20: (4, -1)  (5, 0)  (6, -0.0833333)  (7, 0.0833333)  (9, -0.0833333)  (10, 0.0833333)  (20, 4)  (21, 0)  (22, 0) 
row 21: (4, 0)  (5, -1)  (6, -0.0833333)  (7, -0.0833333)  (9, 0.0833333)  (10, 0.0833333)  (20, 0)  (21, 4)  (22, 0) 
row 22: (4, -0.0833333)  (5, -0.0833333)  (6, 0)  (7, 0)  (9, 0)  (10, 0)  (20, 0)  (21, 0)  (22, 0) 
Residual:
Vector Object: 1 MPI processes
  type: seq
0
0
-0.0208333
0
0
-0.125
0
0
-0.0208333
0
0
-0.0833333
0.5
0.5
0
0
0
0.25
0
0
-0.0625
0
0
-0.0416667
0
0
0.104167
-0.25
-0.25
-0.0416667
-2.25
0.75
-0.0416667
-2.25
-3.25
0.0416667
-4.25
-0.25
0.0416667
Au - b = Au + F(0)
Vector Object: 1 MPI processes
  type: seq
-0.0104167
-0.0208333
-0.0104167
0
0.166667
0.166667
0
0
0.0104167
0.0208333
0.0104167
-0.166667
-0.166667
0
-0.166667
-0.166667
0
-0.166667
-0.166667
0
-0.166667
-0.166667
0
Linear L_2 Residual: 0.52828
