SNES Object: 3 MPI processes
  type: newtonls
  maximum iterations=50, maximum function evaluations=10000
  tolerances: relative=1e-08, absolute=1e-50, solution=1e-08
  total number of linear solver iterations=29
  total number of function evaluations=2
  norm schedule ALWAYS
  SNESLineSearch Object: 3 MPI processes
    type: bt
      interpolation: cubic
      alpha=1.000000e-04
    maxstep=1.000000e+08, minlambda=1.000000e-12
    tolerances: relative=1.000000e-08, absolute=1.000000e-15, lambda=1.000000e-08
    maximum iterations=40
  KSP Object: 3 MPI processes
    type: gmres
      restart=30, using Classical (unmodified) Gram-Schmidt Orthogonalization with no iterative refinement
      happy breakdown tolerance 1e-30
    maximum iterations=10000, initial guess is zero
    tolerances:  relative=1e-09, absolute=1e-50, divergence=10000.
    left preconditioning
    using PRECONDITIONED norm type for convergence test
  PC Object: 3 MPI processes
    type: jacobi
    linear system matrix = precond matrix:
    Mat Object: 3 MPI processes
      type: mpiaij
      rows=63, cols=63
      total: nonzeros=1213, allocated nonzeros=1213
      total number of mallocs used during MatSetValues calls =0
        has attached null space
        using I-node (on process 0) routines: found 3 nodes, limit used is 5
Number of SNES iterations = 1
L_2 Error: 4.34e-11 [3.22e-11, 2.92e-11]
Solution
Vec Object: 3 MPI processes
  type: mpi
Process [0]
0.
0.15625
-0.0625
0.78125
1.3125
Process [1]
-1.
0.
0.125
0.
-0.5
0.03125
0.
0.78125
-0.1875
0.28125
0.
1.15625
0.4375
0.90625
-0.375
0.15625
0.1875
Process [2]
-0.5
-0.5
0.5
0.
0.
0.5
0.5
1.
0.625
-0.25
0.
0.625
0.75
0.
1.125
0.
0.5
0.40625
-0.125
0.3125
-0.125
0.90625
0.875
0.40625
0.625
1.53125
0.
0.78125
0.
0.8125
0.375
0.3125
0.25
0.8125
-0.25
0.53125
-0.1875
0.53125
0.3125
1.15625
-0.3125
