  0 SNES Function norm 5.511227472885e+00 
    0 KSP preconditioned resid norm 2.008720518220e+01 true resid norm 5.511227472885e+00 ||r(i)||/||b|| 1.000000000000e+00
    1 KSP preconditioned resid norm 7.584004586534e+00 true resid norm 4.627422529567e+00 ||r(i)||/||b|| 8.396355534830e-01
    2 KSP preconditioned resid norm 4.994300901558e+00 true resid norm 3.544613625602e+00 ||r(i)||/||b|| 6.431622797356e-01
    3 KSP preconditioned resid norm 2.052114784239e+00 true resid norm 2.631747636679e+00 ||r(i)||/||b|| 4.775247709565e-01
    4 KSP preconditioned resid norm 1.401806642689e+00 true resid norm 2.220992950778e+00 ||r(i)||/||b|| 4.029942443322e-01
    5 KSP preconditioned resid norm 1.105183966264e+00 true resid norm 1.979042187123e+00 ||r(i)||/||b|| 3.590928149600e-01
    6 KSP preconditioned resid norm 9.157825691830e-01 true resid norm 1.729401015286e+00 ||r(i)||/||b|| 3.137959780820e-01
    7 KSP preconditioned resid norm 6.756582563564e-01 true resid norm 1.086325302603e+00 ||r(i)||/||b|| 1.971113164804e-01
    8 KSP preconditioned resid norm 4.213966573303e-01 true resid norm 3.971442182152e-01 ||r(i)||/||b|| 7.206093745343e-02
    9 KSP preconditioned resid norm 2.647820622975e-01 true resid norm 2.236551954882e-01 ||r(i)||/||b|| 4.058173911140e-02
   10 KSP preconditioned resid norm 1.628649431668e-01 true resid norm 1.583603730728e-01 ||r(i)||/||b|| 2.873413842050e-02
   11 KSP preconditioned resid norm 1.091320889154e-01 true resid norm 1.010818288372e-01 ||r(i)||/||b|| 1.834107362371e-02
   12 KSP preconditioned resid norm 6.969738311917e-02 true resid norm 4.703711615512e-02 ||r(i)||/||b|| 8.534780389039e-03
   13 KSP preconditioned resid norm 4.708686438587e-02 true resid norm 2.358819058785e-02 ||r(i)||/||b|| 4.280024859053e-03
   14 KSP preconditioned resid norm 3.174981952256e-02 true resid norm 1.249647770157e-02 ||r(i)||/||b|| 2.267458159376e-03
   15 KSP preconditioned resid norm 2.251227769808e-02 true resid norm 9.839959139284e-03 ||r(i)||/||b|| 1.785438758914e-03
   16 KSP preconditioned resid norm 1.276299991555e-02 true resid norm 7.807673860015e-03 ||r(i)||/||b|| 1.416685102988e-03
   17 KSP preconditioned resid norm 8.624341313755e-03 true resid norm 4.255587750776e-03 ||r(i)||/||b|| 7.721669576720e-04
   18 KSP preconditioned resid norm 6.960964534827e-03 true resid norm 3.260912955143e-03 ||r(i)||/||b|| 5.916854223830e-04
   19 KSP preconditioned resid norm 4.913924494629e-03 true resid norm 2.424317333721e-03 ||r(i)||/||b|| 4.398870026049e-04
   20 KSP preconditioned resid norm 2.542588340149e-03 true resid norm 1.720996521601e-03 ||r(i)||/||b|| 3.122710013455e-04
   21 KSP preconditioned resid norm 1.490559308324e-03 true resid norm 9.437072249834e-04 ||r(i)||/||b|| 1.712335826504e-04
   22 KSP preconditioned resid norm 8.515236421337e-04 true resid norm 5.092039495719e-04 ||r(i)||/||b|| 9.239392713821e-05
   23 KSP preconditioned resid norm 4.738226061620e-04 true resid norm 3.317753753638e-04 ||r(i)||/||b|| 6.019990591861e-05
   24 KSP preconditioned resid norm 2.953999467406e-04 true resid norm 2.112752788027e-04 ||r(i)||/||b|| 3.833543068982e-05
   25 KSP preconditioned resid norm 1.578001024562e-04 true resid norm 1.084811049217e-04 ||r(i)||/||b|| 1.968365585624e-05
  1 SNES Function norm 1.084811049216e-04 
Nonlinear solve converged due to CONVERGED_FNORM_RELATIVE iterations 1
SNES Object: 1 MPI processes
  type: newtonls
  maximum iterations=50, maximum function evaluations=10000
  tolerances: relative=0.0001, absolute=1e-50, solution=1e-08
  total number of linear solver iterations=25
  total number of function evaluations=2
  norm schedule ALWAYS
  SNESLineSearch Object: 1 MPI processes
    type: bt
      interpolation: cubic
      alpha=1.000000e-04
    maxstep=1.000000e+08, minlambda=1.000000e-12
    tolerances: relative=1.000000e-08, absolute=1.000000e-15, lambda=1.000000e-08
    maximum iterations=40
  KSP Object: 1 MPI processes
    type: gmres
      restart=30, using Classical (unmodified) Gram-Schmidt Orthogonalization with no iterative refinement
      happy breakdown tolerance 1e-30
    maximum iterations=10000, initial guess is zero
    tolerances:  relative=1e-05, absolute=1e-50, divergence=10000.
    left preconditioning
    using PRECONDITIONED norm type for convergence test
  PC Object: 1 MPI processes
    type: patch
      Subspace Correction preconditioner with 36 patches
      Schwarz type: multiplicative
      Weighting by partition of unity
      Not symmetrising sweep
      Saving patch operators (rebuilt every PCSetUp)
      Patch construction operator: Vanka
      KSP on patches (all same):
    KSP Object: (sub_) 1 MPI processes
      type: preonly
      maximum iterations=10000, initial guess is zero
      tolerances:  relative=1e-05, absolute=1e-50, divergence=10000.
      left preconditioning
      using NONE norm type for convergence test
    PC Object: (sub_) 1 MPI processes
      type: lu
        out-of-place factorization
        tolerance for zero pivot 2.22045e-14
        matrix ordering: nd
        factor fill ratio given 0., needed 0.
          Factored matrix follows:
            Mat Object: 1 MPI processes
              type: seqdense
              rows=22, cols=22
              package used to perform factorization: petsc
              total: nonzeros=484, allocated nonzeros=484
              total number of mallocs used during MatSetValues calls =0
      linear system matrix = precond matrix:
      Mat Object: (pc_patch_sub_) 1 MPI processes
        type: seqdense
        rows=22, cols=22
        total: nonzeros=484, allocated nonzeros=484
        total number of mallocs used during MatSetValues calls =0
    linear system matrix = precond matrix:
    Mat Object: 1 MPI processes
      type: seqaij
      rows=86, cols=86
      total: nonzeros=1112, allocated nonzeros=1112
      total number of mallocs used during MatSetValues calls =0
        has attached null space
        using I-node routines: found 61 nodes, limit used is 5
L_2 Error: 0.0695363 [0.0130938, 0.0682924]
Integral of pressure: 0.
