    0 KSP Residual norm 27.1976 
    1 KSP Residual norm 7.12034 
    2 KSP Residual norm 2.00517 
    3 KSP Residual norm 0.228476 
    4 KSP Residual norm 0.0406285 
    5 KSP Residual norm 0.00618406 
    6 KSP Residual norm 0.0011987 
    7 KSP Residual norm 0.000142663 
    8 KSP Residual norm 2.51304e-05 
    9 KSP Residual norm 3.40343e-06 
   10 KSP Residual norm 5.4907e-07 
   11 KSP Residual norm 5.20507e-08 
SNES Object: 5 MPI processes
  type: newtonls
  maximum iterations=50, maximum function evaluations=10000
  tolerances: relative=1e-08, absolute=1e-50, solution=1e-08
  total number of linear solver iterations=11
  total number of function evaluations=2
  norm schedule ALWAYS
  SNESLineSearch Object: 5 MPI processes
    type: bt
      interpolation: cubic
      alpha=1.000000e-04
    maxstep=1.000000e+08, minlambda=1.000000e-12
    tolerances: relative=1.000000e-08, absolute=1.000000e-15, lambda=1.000000e-08
    maximum iterations=40
  KSP Object: 5 MPI processes
    type: gmres
      restart=30, using Classical (unmodified) Gram-Schmidt Orthogonalization with no iterative refinement
      happy breakdown tolerance 1e-30
    maximum iterations=10000, initial guess is zero
    tolerances:  relative=1e-08, absolute=1e-50, divergence=10000.
    left preconditioning
    using PRECONDITIONED norm type for convergence test
  PC Object: 5 MPI processes
    type: bddc
      Use verbose output: 0
      Use user-defined CSR: 0
      Use local mat graph: 1
      Connectivity graph topological dimension: 2
      Use vertices: 1 (vertex size 1)
      Use edges: 1
      Use faces: 0
      Use true near null space: 0
      Use QR for single constraints on cc: 0
      Use change of basis on local edge nodes: 0
      Use change of basis on local face nodes: 0
      User defined change of basis matrix: 0
      Has change of basis matrix: 0
      Eliminate dirichlet boundary dofs: 0
      Switch on static condensation ops around the interface preconditioner: 0
      Use exact dirichlet trick: 0
      Multilevel max levels: 0
      Multilevel coarsening ratio: 8
      Use estimated eigs for coarse problem: 0
      Use deluxe scaling: 0
      Use deluxe zerorows: 0
      Use deluxe singlemat: 0
      Rebuild interface graph for Schur principal minors: 0
      Number of dofs' layers for the computation of principal minors: -1
      Use user CSR graph to compute successive layers: 0
      Adaptive constraint selection threshold (active 0, userdefined 0): 0.
      Min constraints / connected component: 0
      Max constraints / connected component: 0
      Invert exact Schur complement for adaptive selection: 0
      Symmetric computation of primal basis functions: 0
      Num. Procs. to map coarse adjacency list: 0
      Coarse eqs per proc (significant at the coarsest level): 1
      Detect disconnected: 0 (filter 0)
      Benign subspace trick: 0 (change explicit 0)
      Benign subspace trick is active: 0
      Algebraic computation of no-net-flux: 0
    ********************************** STATISTICS AT LEVEL 0 **********************************
      Global dofs sizes: all 1227 interface 171 coarse 45
      Coarsening ratios: all/coarse 27 interface/coarse 3
      Active processes : 5
      Total subdomains : 5
      Dofs type        :	MIN	MAX	MEAN
      Interior  dofs   :	114	242	211
      Interface dofs   :	39	99	70
      Primal    dofs   :	11	29	20
      Local     dofs   :	153	333	282
      Local     subs   :	1	1
    --- Interior solver (rank 0)
      KSP Object: (pc_bddc_dirichlet_) 1 MPI processes
        type: preonly
        maximum iterations=10000, initial guess is zero
        tolerances:  relative=1e-05, absolute=1e-50, divergence=10000.
        left preconditioning
        using NONE norm type for convergence test
      PC Object: (pc_bddc_dirichlet_) 1 MPI processes
        type: svd
          All singular values smaller than 1e-12 treated as zero
          Provided essential rank of the matrix 0 (all other eigenvalues are zeroed)
        linear system matrix = precond matrix:
        Mat Object: (pc_bddc_dirichlet_) 1 MPI processes
          type: seqaij
          rows=242, cols=242
          total: nonzeros=7380, allocated nonzeros=7380
          total number of mallocs used during MatSetValues calls =0
            using I-node routines: found 116 nodes, limit used is 5
    --- Correction solver (rank 0)
      KSP Object: (pc_bddc_neumann_) 1 MPI processes
        type: preonly
        maximum iterations=10000, initial guess is zero
        tolerances:  relative=1e-05, absolute=1e-50, divergence=10000.
        left preconditioning
        using NONE norm type for convergence test
      PC Object: (pc_bddc_neumann_) 1 MPI processes
        type: svd
          All singular values smaller than 1e-12 treated as zero
          Provided essential rank of the matrix 0 (all other eigenvalues are zeroed)
        linear system matrix = precond matrix:
        Mat Object: (pc_bddc_neumann_) 1 MPI processes
          type: seqaij
          rows=293, cols=293
          total: nonzeros=9617, allocated nonzeros=9617
          total number of mallocs used during MatSetValues calls =0
            using I-node routines: found 137 nodes, limit used is 5
    --- Coarse solver
      KSP Object: (pc_bddc_coarse_) 5 MPI processes
        type: preonly
        maximum iterations=1, initial guess is zero
        tolerances:  relative=1e-05, absolute=1e-50, divergence=10000.
        left preconditioning
        using NONE norm type for convergence test
      PC Object: (pc_bddc_coarse_) 5 MPI processes
        type: redundant
          First (color=0) of 5 PCs follows
        linear system matrix = precond matrix:
        Mat Object: (pc_bddc_coarse_) 5 MPI processes
          type: mpiaij
          rows=45, cols=45
          total: nonzeros=1617, allocated nonzeros=1774
          total number of mallocs used during MatSetValues calls =0
            using I-node (on process 0) routines: found 2 nodes, limit used is 5
              KSP Object:     (pc_bddc_coarse_redundant_)     1 MPI processes
                type: preonly
                maximum iterations=10000, initial guess is zero
                tolerances:  relative=1e-05, absolute=1e-50, divergence=10000.
                left preconditioning
                using NONE norm type for convergence test
              PC Object:     (pc_bddc_coarse_redundant_)     1 MPI processes
                type: svd
                  All singular values smaller than 1e-12 treated as zero
                  Provided essential rank of the matrix 0 (all other eigenvalues are zeroed)
                linear system matrix = precond matrix:
                Mat Object:     1 MPI processes
                  type: seqaij
                  rows=45, cols=45
                  total: nonzeros=1617, allocated nonzeros=1617
                  total number of mallocs used during MatSetValues calls =0
                    using I-node routines: found 16 nodes, limit used is 5
    linear system matrix = precond matrix:
    Mat Object: 5 MPI processes
      type: is
      rows=1227, cols=1227
      total: nonzeros=46498, allocated nonzeros=53284
      total number of mallocs used during MatSetValues calls =0
        has attached null space
L_2 Error: 3.3062e-09 [1.97149e-10, 3.30032e-09]
