Local function:
Vec Object: 1 MPI processes
  type: seq
0.
0.
-1.
0.25
0.5
-0.5
1.
2.
0.
0.25
0.
-0.5
0.5
0.
0.
1.25
1.
0.5
1.
-5.55112e-17
-1.11022e-16
1.25
-0.5
0.5
2.
0.
1.
0.125
0.
-0.5
0.625
-0.25
0.
0.625
0.75
0.
1.125
-2.22045e-16
0.5
Initial guess
Vec Object: Solution 1 MPI processes
  type: seq
-1.
-0.5
0.
-0.5
0.5
0.
0.
0.5
-1.11022e-16
0.5
1.
0.125
0.
-0.5
0.625
-0.25
0.
0.625
0.75
0.
1.125
-2.22045e-16
0.5
L_2 Error: 0.0655506
Residual:
Vec Object: 1 MPI processes
  type: seq
0.
0.
-0.0104167
0.
0.
-0.0208333
0.
0.
-0.0104167
0.
0.
0.
0.166667
0.166667
0.
0.
0.
0.
0.
0.
0.0104167
0.
0.
0.0208333
0.
0.
0.0104167
-0.166667
-0.166667
0.
-0.166667
-0.166667
0.
-0.166667
-0.166667
0.
-0.166667
-0.166667
0.
Initial Residual
Vec Object: Residual, Iterate 0 1 MPI processes
  type: seq
-0.0104167
-0.0208333
-0.0104167
0.
0.166667
0.166667
0.
0.
0.0104167
0.0208333
0.0104167
-0.166667
-0.166667
0.
-0.166667
-0.166667
0.
-0.166667
-0.166667
0.
-0.166667
-0.166667
0.
L_2 Residual: 0.52828
Residual:
Vec Object: 1 MPI processes
  type: seq
0.
0.
-0.0208333
0.
0.
-0.125
0.
0.
-0.0208333
0.
0.
-0.0833333
0.5
0.5
0.
0.
0.
0.25
0.
0.
-0.0625
0.
0.
-0.0416667
0.
0.
0.104167
-0.25
-0.25
-0.0416667
-2.25
0.75
-0.0416667
-2.25
-3.25
0.0416667
-4.25
-0.25
0.0416667
Au - b = Au + F(0)
Vec Object: Residual, Iterate 0 1 MPI processes
  type: seq
-0.0104167
-0.0208333
-0.0104167
0.
0.166667
0.166667
0.
0.
0.0104167
0.0208333
0.0104167
-0.166667
-0.166667
0.
-0.166667
-0.166667
0.
-0.166667
-0.166667
0.
-0.166667
-0.166667
0.
Linear L_2 Residual: 0.52828
