Number of SNES iterations = 3
L_2 Error: 1.80288e-12 [7.09314e-14, 1.80148e-12]
Solution
Vec Object: Solution 1 MPI processes
  type: seq
0.0555556
0.
0.472222
-0.166667
0.222222
0.
0.805556
0.833333
0.472222
0.666667
1.38889
0.
0.888889
0.
0.805556
-0.333333
-1.
-0.5
0.
-0.5
0.5
0.
0.
0.5
0.
0.5
1.
-0.75
0.138889
0.111111
0.138889
-0.0555556
-0.5
-0.75
0.555556
-0.222222
0.722222
-0.222222
0.
-0.25
0.277778
-0.111111
0.361111
-0.111111
-0.25
0.277778
0.333333
0.361111
0.166667
-0.25
0.555556
0.444444
0.722222
1.11111
0.
0.25
0.944444
0.555556
0.694444
0.222222
0.25
-0.25
1.13889
-0.222222
1.13889
0.277778
0.5
0.75
0.75
0.944444
-0.333333
0.694444
-0.166667
0.25
0.25
