Initial guess
Vec Object: 2 MPI processes
  type: mpi
Process [0]
0.
0.5
1.
0.625
-0.25
0.
1.125
0.
0.5
Process [1]
-1.
-0.5
0.
-0.5
0.5
0.
0.
0.5
0.125
0.
-0.5
0.625
0.75
0.
L_2 Error: 0.0655506
Residual:
Vec Object: 2 MPI processes
  type: mpi
Process [0]
0.
0.
-0.0104167
-0.416667
0.583333
-0.0208333
0.
0.
-0.0104167
0.
0.
0.0104167
0.
0.
0.0208333
0.
0.
0.0104167
-0.166667
-0.166667
0.
-0.166667
-0.166667
0.
Process [1]
0.
0.
-0.0104167
0.
0.
-0.0208333
0.
0.
-0.0104167
0.
0.
0.0104167
0.583333
-0.416667
0.0208333
0.
0.
0.0104167
-0.166667
-0.166667
0.
-0.166667
-0.166667
0.
Initial Residual
Vec Object: 2 MPI processes
  type: mpi
Process [0]
0.0104167
0.0208333
0.0104167
-0.166667
-0.166667
0.
-0.166667
-0.166667
0.
Process [1]
-0.0104167
-0.0208333
-0.0104167
0.
0.166667
0.166667
0.
0.
-0.166667
-0.166667
0.
-0.166667
-0.166667
0.
L_2 Residual: 0.52828
Jacobian:
Mat Object: 2 MPI processes
  type: mpiaij
row 0: (0, 0.)  (1, 0.)  (3, 0.0833333)  (4, -0.0833333)  (5, 0.)  (12, 0.) 
row 1: (0, 0.)  (1, 0.)  (2, 0.)  (3, -0.0833333)  (4, -0.0833333)  (5, 0.)  (6, 0.0833333)  (7, -0.0833333)  (8, 0.)  (13, 0.)  (14, -0.0833333)  (15, 0.) 
row 2: (1, 0.)  (2, 0.)  (6, -0.0833333)  (7, -0.0833333)  (8, 0.)  (16, 0.) 
row 3: (0, -0.0833333)  (1, 0.0833333)  (3, 4.)  (4, 0.)  (5, 0.)  (12, -0.0833333)  (13, -1.)  (14, 0.)  (15, 0.0833333) 
row 4: (0, 0.0833333)  (1, 0.0833333)  (3, 0.)  (4, 4.)  (5, 0.)  (12, -0.0833333)  (13, 0.)  (14, -1.)  (15, -0.0833333) 
row 5: (0, 0.)  (1, 0.)  (3, 0.)  (4, 0.)  (5, 0.)  (12, 0.)  (13, 0.0833333)  (14, -0.0833333)  (15, 0.) 
row 6: (1, -0.0833333)  (2, 0.0833333)  (6, 4.)  (7, 0.)  (8, 0.)  (13, -1.)  (14, 0.)  (15, -0.0833333)  (16, 0.0833333) 
row 7: (1, 0.0833333)  (2, 0.0833333)  (6, 0.)  (7, 4.)  (8, 0.)  (13, 0.)  (14, -1.)  (15, -0.0833333)  (16, -0.0833333) 
row 8: (1, 0.)  (2, 0.)  (6, 0.)  (7, 0.)  (8, 0.)  (13, -0.0833333)  (14, -0.0833333)  (15, 0.)  (16, 0.) 
row 9: (9, 0.)  (10, 0.)  (12, 0.)  (17, 0.0833333)  (18, 0.0833333)  (19, 0.) 
row 10: (9, 0.)  (10, 0.)  (11, 0.)  (13, 0.)  (14, 0.0833333)  (15, 0.)  (17, -0.0833333)  (18, 0.0833333)  (19, 0.)  (20, 0.0833333)  (21, 0.0833333)  (22, 0.) 
row 11: (10, 0.)  (11, 0.)  (16, 0.)  (20, -0.0833333)  (21, 0.0833333)  (22, 0.) 
row 12: (0, 0.)  (3, 0.0833333)  (4, 0.0833333)  (5, 0.)  (9, 0.)  (12, 0.)  (13, 0.0833333)  (14, 0.)  (15, 0.)  (17, 0.0833333)  (18, -0.0833333)  (19, 0.) 
row 13: (1, 0.)  (3, -1.)  (4, 0.)  (5, -0.0833333)  (6, -1.)  (7, 0.)  (8, 0.0833333)  (10, 0.)  (12, -0.0833333)  (13, 4.)  (14, 0.)  (15, 0.)  (16, 0.0833333)  (17, -1.)  (18, 0.)  (19, -0.0833333)  (20, -1.)  (21, 0.)  (22, 0.0833333) 
row 14: (1, 0.0833333)  (3, 0.)  (4, -1.)  (5, 0.0833333)  (6, 0.)  (7, -1.)  (8, 0.0833333)  (10, -0.0833333)  (12, 0.)  (13, 0.)  (14, 4.)  (15, 0.)  (16, 0.)  (17, 0.)  (18, -1.)  (19, -0.0833333)  (20, 0.)  (21, -1.)  (22, -0.0833333) 
row 15: (1, 0.)  (3, -0.0833333)  (4, 0.0833333)  (5, 0.)  (6, 0.0833333)  (7, 0.0833333)  (8, 0.)  (10, 0.)  (12, 0.)  (13, 0.)  (14, 0.)  (15, 0.)  (16, 0.)  (17, -0.0833333)  (18, -0.0833333)  (19, 0.)  (20, 0.0833333)  (21, -0.0833333)  (22, 0.) 
row 16: (2, 0.)  (6, -0.0833333)  (7, 0.0833333)  (8, 0.)  (11, 0.)  (13, -0.0833333)  (14, 0.)  (15, 0.)  (16, 0.)  (20, -0.0833333)  (21, -0.0833333)  (22, 0.) 
row 17: (9, -0.0833333)  (10, 0.0833333)  (12, -0.0833333)  (13, -1.)  (14, 0.)  (15, 0.0833333)  (17, 4.)  (18, 0.)  (19, 0.) 
row 18: (9, -0.0833333)  (10, -0.0833333)  (12, 0.0833333)  (13, 0.)  (14, -1.)  (15, 0.0833333)  (17, 0.)  (18, 4.)  (19, 0.) 
row 19: (9, 0.)  (10, 0.)  (12, 0.)  (13, 0.0833333)  (14, 0.0833333)  (15, 0.)  (17, 0.)  (18, 0.)  (19, 0.) 
row 20: (10, -0.0833333)  (11, 0.0833333)  (13, -1.)  (14, 0.)  (15, -0.0833333)  (16, 0.0833333)  (20, 4.)  (21, 0.)  (22, 0.) 
row 21: (10, -0.0833333)  (11, -0.0833333)  (13, 0.)  (14, -1.)  (15, 0.0833333)  (16, 0.0833333)  (20, 0.)  (21, 4.)  (22, 0.) 
row 22: (10, 0.)  (11, 0.)  (13, -0.0833333)  (14, 0.0833333)  (15, 0.)  (16, 0.)  (20, 0.)  (21, 0.)  (22, 0.) 
Residual:
Vec Object: 2 MPI processes
  type: mpi
Process [0]
0.
0.
-0.0625
0.25
0.25
-0.0416667
0.
0.
0.104167
0.
0.
-0.0625
0.
0.
-0.0416667
0.
0.
0.104167
-2.25
0.75
-0.0416667
-4.25
-0.25
0.0416667
Process [1]
0.
0.
-0.0208333
0.
0.
-0.125
0.
0.
-0.0208333
0.
0.
-0.0208333
0.25
0.25
0.0416667
0.
0.
0.145833
-0.25
-0.25
-0.0416667
-2.25
-3.25
0.0416667
Au - b = Au + F(0)
Vec Object: 2 MPI processes
  type: mpi
Process [0]
0.0104167
0.0208333
0.0104167
-0.166667
-0.166667
0.
-0.166667
-0.166667
0.
Process [1]
-0.0104167
-0.0208333
-0.0104167
0.
0.166667
0.166667
0.
0.
-0.166667
-0.166667
0.
-0.166667
-0.166667
0.
Linear L_2 Residual: 0.52828
