  0 SNES Function norm 320.41 
    0 KSP Residual norm 320.41 
    1 KSP Residual norm 23.9471 
    2 KSP Residual norm 1.36037 
    3 KSP Residual norm 0.0093938 
    4 KSP Residual norm 7.53814e-05 
  1 SNES Function norm 91.3638 
    0 KSP Residual norm 91.3638 
    1 KSP Residual norm 13.5586 
    2 KSP Residual norm 0.047328 
    3 KSP Residual norm 6.14453e-05 
  2 SNES Function norm 9.48383 
    0 KSP Residual norm 9.48383 
    1 KSP Residual norm 1.88749 
    2 KSP Residual norm 0.00446071 
    3 KSP Residual norm 2.55971e-05 
  3 SNES Function norm 0.400126 
    0 KSP Residual norm 0.400126 
    1 KSP Residual norm 0.0828834 
    2 KSP Residual norm 0.000226986 
    3 KSP Residual norm 7.25255e-07 
  4 SNES Function norm 0.000901211 
    0 KSP Residual norm 0.000901211 
    1 KSP Residual norm 0.000184237 
    2 KSP Residual norm 5.47286e-07 
    3 KSP Residual norm 6.703e-10 
  5 SNES Function norm 4.56935e-09 
Nonlinear solve converged due to CONVERGED_FNORM_RELATIVE iterations 5
Number of SNES iterations =     5
