0 SNES Function norm 0.171847 
    0 KSP Residual norm 0.171847 
    1 KSP Residual norm 0.0137923 
    2 KSP Residual norm < 1.e-11
  Linear solve converged due to CONVERGED_RTOL iterations 2
  1 SNES Function norm 0.072703 
    0 KSP Residual norm 0.072703 
    1 KSP Residual norm 0.00482368 
    2 KSP Residual norm < 1.e-11
  Linear solve converged due to CONVERGED_RTOL iterations 2
  2 SNES Function norm 0.0139228 
    0 KSP Residual norm 0.0139228 
    1 KSP Residual norm 0.000956943 
    2 KSP Residual norm < 1.e-11
  Linear solve converged due to CONVERGED_RTOL iterations 2
  3 SNES Function norm 0.0017741 
    0 KSP Residual norm 0.0017741 
    1 KSP Residual norm 4.53141e-05 
    2 KSP Residual norm < 1.e-11
  Linear solve converged due to CONVERGED_RTOL iterations 2
  4 SNES Function norm 5.05228e-05 
    0 KSP Residual norm 5.05228e-05 
    1 KSP Residual norm 1.02705e-06 
    2 KSP Residual norm < 1.e-11
  Linear solve converged due to CONVERGED_RTOL iterations 2
  5 SNES Function norm 1.68028e-07 
Nonlinear solve converged due to CONVERGED_FNORM_RELATIVE iterations 5
Number of SNES iterations = 5