setup done: grid  Mx,My = 321,321  with spacing  dx,dy = 0.013,0.013
  0 SNES Function norm 16.9195 
    0 KSP Residual norm 21.0731 
    1 KSP Residual norm 0.277136 
    2 KSP Residual norm 0.00470236 
    3 KSP Residual norm 0.000110489 
  1 SNES Function norm 2.05675 
    0 KSP Residual norm 8.55662 
    1 KSP Residual norm 0.0423893 
    2 KSP Residual norm 0.00147891 
    3 KSP Residual norm 2.11496e-05 
  2 SNES Function norm 1.33745 
    0 KSP Residual norm 5.80045 
    1 KSP Residual norm 0.0287931 
    2 KSP Residual norm 0.000887516 
    3 KSP Residual norm 1.35153e-05 
  3 SNES Function norm 1.03731 
    0 KSP Residual norm 4.56291 
    1 KSP Residual norm 0.0229328 
    2 KSP Residual norm 0.000780597 
    3 KSP Residual norm 1.09191e-05 
  4 SNES Function norm 0.853862 
    0 KSP Residual norm 3.78736 
    1 KSP Residual norm 0.0217191 
    2 KSP Residual norm 0.000574664 
    3 KSP Residual norm 8.50661e-06 
  5 SNES Function norm 0.7247 
    0 KSP Residual norm 3.24255 
    1 KSP Residual norm 0.0166281 
    2 KSP Residual norm 0.000549972 
    3 KSP Residual norm 7.61493e-06 
  6 SNES Function norm 0.626424 
    0 KSP Residual norm 2.82683 
    1 KSP Residual norm 0.0125138 
    2 KSP Residual norm 0.000424312 
    3 KSP Residual norm 6.60983e-06 
  7 SNES Function norm 0.547853 
    0 KSP Residual norm 2.48828 
    1 KSP Residual norm 0.0122743 
    2 KSP Residual norm 0.000411544 
    3 KSP Residual norm 5.80128e-06 
  8 SNES Function norm 0.482839 
    0 KSP Residual norm 2.20984 
    1 KSP Residual norm 0.0105104 
    2 KSP Residual norm 0.000330285 
    3 KSP Residual norm 5.11733e-06 
  9 SNES Function norm 0.427664 
    0 KSP Residual norm 1.96612 
    1 KSP Residual norm 0.010411 
    2 KSP Residual norm 0.000320316 
    3 KSP Residual norm 4.52223e-06 
 10 SNES Function norm 0.379924 
    0 KSP Residual norm 1.75842 
    1 KSP Residual norm 0.00905544 
    2 KSP Residual norm 0.000261992 
    3 KSP Residual norm 3.9769e-06 
 11 SNES Function norm 0.337974 
    0 KSP Residual norm 1.57441 
    1 KSP Residual norm 0.00809335 
    2 KSP Residual norm 0.000252706 
    3 KSP Residual norm 3.42566e-06 
 12 SNES Function norm 0.300646 
    0 KSP Residual norm 1.40816 
    1 KSP Residual norm 0.0089807 
    2 KSP Residual norm 0.000203666 
    3 KSP Residual norm 3.10542e-06 
 13 SNES Function norm 0.267059 
    0 KSP Residual norm 1.26922 
    1 KSP Residual norm 0.00570516 
    2 KSP Residual norm 0.000194185 
    3 KSP Residual norm 2.865e-06 
 14 SNES Function norm 0.236359 
    0 KSP Residual norm 1.10816 
    1 KSP Residual norm 0.0048995 
    2 KSP Residual norm 0.000175106 
    3 KSP Residual norm 2.60693e-06 
 15 SNES Function norm 0.20919 
    0 KSP Residual norm 0.980935 
    1 KSP Residual norm 0.00501065 
    2 KSP Residual norm 0.000153774 
    3 KSP Residual norm 2.23225e-06 
 16 SNES Function norm 0.184264 
    0 KSP Residual norm 0.869631 
    1 KSP Residual norm 0.00359273 
    2 KSP Residual norm 0.000135671 
    3 KSP Residual norm 2.10523e-06 
 17 SNES Function norm 0.161278 
    0 KSP Residual norm 0.759466 
    1 KSP Residual norm 0.00355982 
    2 KSP Residual norm 0.000116347 
    3 KSP Residual norm 1.75216e-06 
 18 SNES Function norm 0.139998 
    0 KSP Residual norm 0.66044 
    1 KSP Residual norm 0.00348695 
    2 KSP Residual norm 0.000102132 
    3 KSP Residual norm 1.45009e-06 
 19 SNES Function norm 0.120226 
    0 KSP Residual norm 0.564759 
    1 KSP Residual norm 0.00326118 
    2 KSP Residual norm 8.89945e-05 
    3 KSP Residual norm 1.28859e-06 
 20 SNES Function norm 0.101794 
    0 KSP Residual norm 0.481059 
    1 KSP Residual norm 0.00310165 
    2 KSP Residual norm 6.30649e-05 
    3 KSP Residual norm 1.07622e-06 
 21 SNES Function norm 0.0843909 
    0 KSP Residual norm 0.380748 
    1 KSP Residual norm 0.0019264 
    2 KSP Residual norm 6.00995e-05 
    3 KSP Residual norm 9.34282e-07 
 22 SNES Function norm 0.0690404 
    0 KSP Residual norm 0.302218 
    1 KSP Residual norm 0.00154169 
    2 KSP Residual norm 4.52056e-05 
    3 KSP Residual norm 7.05276e-07 
 23 SNES Function norm 0.0550632 
    0 KSP Residual norm 0.226127 
    1 KSP Residual norm 0.00144537 
    2 KSP Residual norm 3.76626e-05 
    3 KSP Residual norm 5.96628e-07 
 24 SNES Function norm 0.0427157 
    0 KSP Residual norm 0.159576 
    1 KSP Residual norm 0.00102564 
    2 KSP Residual norm 2.79485e-05 
    3 KSP Residual norm 4.932e-07 
 25 SNES Function norm 0.0319663 
    0 KSP Residual norm 0.111466 
    1 KSP Residual norm 0.000778752 
    2 KSP Residual norm 2.09553e-05 
    3 KSP Residual norm 3.03853e-07 
 26 SNES Function norm 0.0222563 
    0 KSP Residual norm 0.0648604 
    1 KSP Residual norm 0.000450024 
    2 KSP Residual norm 1.54485e-05 
    3 KSP Residual norm 2.0758e-07 
 27 SNES Function norm 0.0148583 
    0 KSP Residual norm 0.0360982 
    1 KSP Residual norm 0.000303424 
    2 KSP Residual norm 8.02854e-06 
    3 KSP Residual norm 1.18203e-07 
 28 SNES Function norm 0.00906255 
    0 KSP Residual norm 0.018929 
    1 KSP Residual norm 0.000134701 
    2 KSP Residual norm 7.77096e-06 
    3 KSP Residual norm 5.95387e-08 
 29 SNES Function norm 0.00441754 
    0 KSP Residual norm 0.00645448 
    1 KSP Residual norm 6.11958e-05 
    2 KSP Residual norm 2.64717e-06 
    3 KSP Residual norm 3.56362e-08 
 30 SNES Function norm 0.00157657 
    0 KSP Residual norm 0.00189737 
    1 KSP Residual norm 2.03164e-05 
    2 KSP Residual norm 9.05608e-07 
    3 KSP Residual norm 1.41559e-08 
 31 SNES Function norm 4.28243e-08 
number of Newton iterations = 31 ... CONVERGED_FNORM_RELATIVE
errors:    av |u-uexact|  = 5.358e-06    |u-uexact|_inf = 5.286e-05
