
 sensitivity wrt initial conditions: 
Vec Object: 1 MPI processes
  type: seq
11.6375
0.0861221
-0.253414
-1.00472
-1.43108e-06
1.97944e-07
0.335652
7.00999
0.209158
6.45601
0.0887732
-0.0771249
-0.307392
1.07132e-05
-5.6431e-07
0.255522
5.25261
0.158339
4.71325
0.130031
-0.0357305
-0.141567
9.48888e-05
4.82811e-06
0.190015
3.84187
0.117045
6.03317e-07
-6.59788e-07
6.77817e-06
9.20831e-06
-4.74369e-05
-6.68301e-06
-3.90799e-16
-2.27374e-15
4.26326e-16
1.74083e-15
-7.10543e-17
-1.77636e-16
7.99361e-17
-4.33431e-15
7.99361e-16
-2.27374e-15
4.26326e-16
2.55795e-15
