0 TS dt 0.01 time 0.
1 TS dt 0.01 time 0.01
2 TS dt 0.01 time 0.02
3 TS dt 0.01 time 0.03
4 TS dt 0.01 time 0.04
5 TS dt 0.01 time 0.05
6 TS dt 0.01 time 0.06
7 TS dt 0.01 time 0.07
8 TS dt 0.01 time 0.08
9 TS dt 0.01 time 0.09
10 TS dt 0.01 time 0.1
11 TS dt 0.01 time 0.11
12 TS dt 0.01 time 0.12
13 TS dt 0.01 time 0.13
14 TS dt 0.01 time 0.14
15 TS dt 0.01 time 0.15
16 TS dt 0.01 time 0.16
17 TS dt 0.01 time 0.17
18 TS dt 0.01 time 0.18
19 TS dt 0.01 time 0.19
20 TS dt 0.01 time 0.2
21 TS dt 0.01 time 0.21
22 TS dt 0.01 time 0.22
23 TS dt 0.01 time 0.23
24 TS dt 0.01 time 0.24
25 TS dt 0.01 time 0.25
26 TS dt 0.01 time 0.26
27 TS dt 0.01 time 0.27
28 TS dt 0.01 time 0.28
29 TS dt 0.01 time 0.29
30 TS dt 0.01 time 0.3
31 TS dt 0.01 time 0.31
32 TS dt 0.01 time 0.32
33 TS dt 0.01 time 0.33
34 TS dt 0.01 time 0.34
35 TS dt 0.01 time 0.35
36 TS dt 0.01 time 0.36
37 TS dt 0.01 time 0.37
38 TS dt 0.01 time 0.38
39 TS dt 0.01 time 0.39
40 TS dt 0.01 time 0.4
41 TS dt 0.01 time 0.41
42 TS dt 0.01 time 0.42
43 TS dt 0.01 time 0.43
44 TS dt 0.01 time 0.44
45 TS dt 0.01 time 0.45
46 TS dt 0.01 time 0.46
47 TS dt 0.01 time 0.47
48 TS dt 0.01 time 0.48
49 TS dt 0.01 time 0.49
50 TS dt 0.01 time 0.5
51 TS dt 0.01 time 0.51
52 TS dt 0.01 time 0.52
53 TS dt 0.01 time 0.53
54 TS dt 0.01 time 0.54
55 TS dt 0.01 time 0.55
56 TS dt 0.01 time 0.56
57 TS dt 0.01 time 0.57
58 TS dt 0.01 time 0.58
59 TS dt 0.01 time 0.59
60 TS dt 0.01 time 0.6
61 TS dt 0.01 time 0.61
62 TS dt 0.01 time 0.62
63 TS dt 0.01 time 0.63
64 TS dt 0.01 time 0.64
65 TS dt 0.01 time 0.65
66 TS dt 0.01 time 0.66
67 TS dt 0.01 time 0.67
68 TS dt 0.01 time 0.68
69 TS dt 0.01 time 0.69
70 TS dt 0.01 time 0.7
71 TS dt 0.01 time 0.71
72 TS dt 0.01 time 0.72
73 TS dt 0.01 time 0.73
74 TS dt 0.01 time 0.74
75 TS dt 0.01 time 0.75
76 TS dt 0.01 time 0.76
77 TS dt 0.01 time 0.77
78 TS dt 0.01 time 0.78
79 TS dt 0.01 time 0.79
80 TS dt 0.01 time 0.8
81 TS dt 0.01 time 0.81
82 TS dt 0.01 time 0.82
83 TS dt 0.01 time 0.83
84 TS dt 0.01 time 0.84
85 TS dt 0.01 time 0.85
86 TS dt 0.01 time 0.86
87 TS dt 0.01 time 0.87
88 TS dt 0.01 time 0.88
89 TS dt 0.01 time 0.89
90 TS dt 0.01 time 0.9
91 TS dt 0.01 time 0.91
92 TS dt 0.01 time 0.92
93 TS dt 0.01 time 0.93
94 TS dt 0.01 time 0.94
95 TS dt 0.01 time 0.95
96 TS dt 0.01 time 0.96
97 TS dt 0.01 time 0.97
98 TS dt 0.01 time 0.98
99 TS dt 0.01 time 0.99
100 TS dt 0.01 time 1.
101 TS dt 0.01 time 1.01
102 TS dt 0.01 time 1.02
103 TS dt 0.01 time 1.03
104 TS dt 0.01 time 1.04
105 TS dt 0.01 time 1.05
106 TS dt 0.01 time 1.06
107 TS dt 0.01 time 1.07
108 TS dt 0.01 time 1.08
108 TS dt 0.00956163 time 1.08 (r)
108 TS dt 0.00954042 time 1.08 (r)
VR[2]: hit upper limit at time 1.08954
109 TS dt 0.000459575 time 1.08954
110 TS dt 0.01 time 1.09
111 TS dt 0.01 time 1.1
112 TS dt 0.01 time 1.11
113 TS dt 0.01 time 1.12
114 TS dt 0.01 time 1.13
115 TS dt 0.01 time 1.14
116 TS dt 0.01 time 1.15
117 TS dt 0.01 time 1.16
118 TS dt 0.01 time 1.17
119 TS dt 0.01 time 1.18
120 TS dt 0.01 time 1.19
VR[2]: dVR_dt went negative on fault clearing at time 1.2
121 TS dt 0.01 time 1.2
122 TS dt 0.01 time 1.21
123 TS dt 0.01 time 1.22
124 TS dt 0.01 time 1.23
125 TS dt 0.01 time 1.24
126 TS dt 0.01 time 1.25
127 TS dt 0.01 time 1.26
128 TS dt 0.01 time 1.27
129 TS dt 0.01 time 1.28
130 TS dt 0.01 time 1.29
131 TS dt 0.01 time 1.3
132 TS dt 0.01 time 1.31
133 TS dt 0.01 time 1.32
134 TS dt 0.01 time 1.33
135 TS dt 0.01 time 1.34
136 TS dt 0.01 time 1.35
137 TS dt 0.01 time 1.36
138 TS dt 0.01 time 1.37
139 TS dt 0.01 time 1.38
140 TS dt 0.01 time 1.39
141 TS dt 0.01 time 1.4
142 TS dt 0.01 time 1.41
143 TS dt 0.01 time 1.42
144 TS dt 0.01 time 1.43
145 TS dt 0.01 time 1.44
146 TS dt 0.01 time 1.45
147 TS dt 0.01 time 1.46
148 TS dt 0.01 time 1.47
149 TS dt 0.01 time 1.48
150 TS dt 0.01 time 1.49
151 TS dt 0.01 time 1.5
152 TS dt 0.01 time 1.51
153 TS dt 0.01 time 1.52
154 TS dt 0.01 time 1.53
155 TS dt 0.01 time 1.54
156 TS dt 0.01 time 1.55
157 TS dt 0.01 time 1.56
158 TS dt 0.01 time 1.57
159 TS dt 0.01 time 1.58
160 TS dt 0.01 time 1.59
161 TS dt 0.01 time 1.6
162 TS dt 0.01 time 1.61
163 TS dt 0.01 time 1.62
164 TS dt 0.01 time 1.63
165 TS dt 0.01 time 1.64
166 TS dt 0.01 time 1.65
167 TS dt 0.01 time 1.66
168 TS dt 0.01 time 1.67
169 TS dt 0.01 time 1.68
170 TS dt 0.01 time 1.69
171 TS dt 0.01 time 1.7
172 TS dt 0.01 time 1.71
173 TS dt 0.01 time 1.72
174 TS dt 0.01 time 1.73
175 TS dt 0.01 time 1.74
176 TS dt 0.01 time 1.75
177 TS dt 0.01 time 1.76
178 TS dt 0.01 time 1.77
179 TS dt 0.01 time 1.78
180 TS dt 0.01 time 1.79
181 TS dt 0.01 time 1.8
182 TS dt 0.01 time 1.81
183 TS dt 0.01 time 1.82
184 TS dt 0.01 time 1.83
185 TS dt 0.01 time 1.84
186 TS dt 0.01 time 1.85
187 TS dt 0.01 time 1.86
188 TS dt 0.01 time 1.87
189 TS dt 0.01 time 1.88
190 TS dt 0.01 time 1.89
191 TS dt 0.01 time 1.9
192 TS dt 0.01 time 1.91
193 TS dt 0.01 time 1.92
194 TS dt 0.01 time 1.93
195 TS dt 0.01 time 1.94
196 TS dt 0.01 time 1.95
197 TS dt 0.01 time 1.96
198 TS dt 0.01 time 1.97
199 TS dt 0.01 time 1.98
200 TS dt 0.01 time 1.99
201 TS dt 0.01 time 2.
202 TS dt 0.01 time 2.01
203 TS dt 0.01 time 2.02
204 TS dt 0.01 time 2.03
205 TS dt 0.01 time 2.04
206 TS dt 0.01 time 2.05
207 TS dt 0.01 time 2.06
208 TS dt 0.01 time 2.07
209 TS dt 0.01 time 2.08
210 TS dt 0.01 time 2.09
211 TS dt 0.01 time 2.1
212 TS dt 0.01 time 2.11
213 TS dt 0.01 time 2.12
214 TS dt 0.01 time 2.13
215 TS dt 0.01 time 2.14
216 TS dt 0.01 time 2.15
217 TS dt 0.01 time 2.16
218 TS dt 0.01 time 2.17
219 TS dt 0.01 time 2.18
220 TS dt 0.01 time 2.19
221 TS dt 0.01 time 2.2
222 TS dt 0.01 time 2.21
223 TS dt 0.01 time 2.22
224 TS dt 0.01 time 2.23
225 TS dt 0.01 time 2.24
226 TS dt 0.01 time 2.25
227 TS dt 0.01 time 2.26
228 TS dt 0.01 time 2.27
229 TS dt 0.01 time 2.28
230 TS dt 0.01 time 2.29
231 TS dt 0.01 time 2.3
232 TS dt 0.01 time 2.31
233 TS dt 0.01 time 2.32
234 TS dt 0.01 time 2.33
235 TS dt 0.01 time 2.34
236 TS dt 0.01 time 2.35
237 TS dt 0.01 time 2.36
238 TS dt 0.01 time 2.37
239 TS dt 0.01 time 2.38
240 TS dt 0.01 time 2.39
241 TS dt 0.01 time 2.4
242 TS dt 0.01 time 2.41
243 TS dt 0.01 time 2.42
244 TS dt 0.01 time 2.43
245 TS dt 0.01 time 2.44
246 TS dt 0.01 time 2.45
247 TS dt 0.01 time 2.46
248 TS dt 0.01 time 2.47
249 TS dt 0.01 time 2.48
250 TS dt 0.01 time 2.49
251 TS dt 0.01 time 2.5
252 TS dt 0.01 time 2.51
253 TS dt 0.01 time 2.52
254 TS dt 0.01 time 2.53
255 TS dt 0.01 time 2.54
256 TS dt 0.01 time 2.55
257 TS dt 0.01 time 2.56
258 TS dt 0.01 time 2.57
259 TS dt 0.01 time 2.58
260 TS dt 0.01 time 2.59
261 TS dt 0.01 time 2.6
262 TS dt 0.01 time 2.61
263 TS dt 0.01 time 2.62
264 TS dt 0.01 time 2.63
265 TS dt 0.01 time 2.64
266 TS dt 0.01 time 2.65
267 TS dt 0.01 time 2.66
268 TS dt 0.01 time 2.67
269 TS dt 0.01 time 2.68
270 TS dt 0.01 time 2.69
271 TS dt 0.01 time 2.7
272 TS dt 0.01 time 2.71
273 TS dt 0.01 time 2.72
274 TS dt 0.01 time 2.73
275 TS dt 0.01 time 2.74
276 TS dt 0.01 time 2.75
277 TS dt 0.01 time 2.76
278 TS dt 0.01 time 2.77
279 TS dt 0.01 time 2.78
280 TS dt 0.01 time 2.79
281 TS dt 0.01 time 2.8
282 TS dt 0.01 time 2.81
283 TS dt 0.01 time 2.82
284 TS dt 0.01 time 2.83
285 TS dt 0.01 time 2.84
286 TS dt 0.01 time 2.85
287 TS dt 0.01 time 2.86
288 TS dt 0.01 time 2.87
289 TS dt 0.01 time 2.88
290 TS dt 0.01 time 2.89
291 TS dt 0.01 time 2.9
292 TS dt 0.01 time 2.91
293 TS dt 0.01 time 2.92
294 TS dt 0.01 time 2.93
295 TS dt 0.01 time 2.94
296 TS dt 0.01 time 2.95
297 TS dt 0.01 time 2.96
298 TS dt 0.01 time 2.97
299 TS dt 0.01 time 2.98
300 TS dt 0.01 time 2.99
301 TS dt 0.01 time 3.
302 TS dt 0.01 time 3.01
303 TS dt 0.01 time 3.02
304 TS dt 0.01 time 3.03
305 TS dt 0.01 time 3.04
306 TS dt 0.01 time 3.05
307 TS dt 0.01 time 3.06
308 TS dt 0.01 time 3.07
309 TS dt 0.01 time 3.08
310 TS dt 0.01 time 3.09
311 TS dt 0.01 time 3.1
312 TS dt 0.01 time 3.11
313 TS dt 0.01 time 3.12
314 TS dt 0.01 time 3.13
315 TS dt 0.01 time 3.14
316 TS dt 0.01 time 3.15
317 TS dt 0.01 time 3.16
318 TS dt 0.01 time 3.17
319 TS dt 0.01 time 3.18
320 TS dt 0.01 time 3.19
321 TS dt 0.01 time 3.2
322 TS dt 0.01 time 3.21
323 TS dt 0.01 time 3.22
324 TS dt 0.01 time 3.23
325 TS dt 0.01 time 3.24
326 TS dt 0.01 time 3.25
327 TS dt 0.01 time 3.26
328 TS dt 0.01 time 3.27
329 TS dt 0.01 time 3.28
330 TS dt 0.01 time 3.29
331 TS dt 0.01 time 3.3
332 TS dt 0.01 time 3.31
333 TS dt 0.01 time 3.32
334 TS dt 0.01 time 3.33
335 TS dt 0.01 time 3.34
336 TS dt 0.01 time 3.35
337 TS dt 0.01 time 3.36
338 TS dt 0.01 time 3.37
339 TS dt 0.01 time 3.38
340 TS dt 0.01 time 3.39
341 TS dt 0.01 time 3.4
342 TS dt 0.01 time 3.41
343 TS dt 0.01 time 3.42
344 TS dt 0.01 time 3.43
345 TS dt 0.01 time 3.44
346 TS dt 0.01 time 3.45
347 TS dt 0.01 time 3.46
348 TS dt 0.01 time 3.47
349 TS dt 0.01 time 3.48
350 TS dt 0.01 time 3.49
351 TS dt 0.01 time 3.5
352 TS dt 0.01 time 3.51
353 TS dt 0.01 time 3.52
354 TS dt 0.01 time 3.53
355 TS dt 0.01 time 3.54
356 TS dt 0.01 time 3.55
357 TS dt 0.01 time 3.56
358 TS dt 0.01 time 3.57
359 TS dt 0.01 time 3.58
360 TS dt 0.01 time 3.59
361 TS dt 0.01 time 3.6
362 TS dt 0.01 time 3.61
363 TS dt 0.01 time 3.62
364 TS dt 0.01 time 3.63
365 TS dt 0.01 time 3.64
366 TS dt 0.01 time 3.65
367 TS dt 0.01 time 3.66
368 TS dt 0.01 time 3.67
369 TS dt 0.01 time 3.68
370 TS dt 0.01 time 3.69
371 TS dt 0.01 time 3.7
372 TS dt 0.01 time 3.71
373 TS dt 0.01 time 3.72
374 TS dt 0.01 time 3.73
375 TS dt 0.01 time 3.74
376 TS dt 0.01 time 3.75
377 TS dt 0.01 time 3.76
378 TS dt 0.01 time 3.77
379 TS dt 0.01 time 3.78
380 TS dt 0.01 time 3.79
381 TS dt 0.01 time 3.8
382 TS dt 0.01 time 3.81
383 TS dt 0.01 time 3.82
384 TS dt 0.01 time 3.83
385 TS dt 0.01 time 3.84
386 TS dt 0.01 time 3.85
387 TS dt 0.01 time 3.86
388 TS dt 0.01 time 3.87
389 TS dt 0.01 time 3.88
390 TS dt 0.01 time 3.89
391 TS dt 0.01 time 3.9
392 TS dt 0.01 time 3.91
393 TS dt 0.01 time 3.92
394 TS dt 0.01 time 3.93
395 TS dt 0.01 time 3.94
396 TS dt 0.01 time 3.95
397 TS dt 0.01 time 3.96
398 TS dt 0.01 time 3.97
399 TS dt 0.01 time 3.98
400 TS dt 0.01 time 3.99
401 TS dt 0.01 time 4.
402 TS dt 0.01 time 4.01
403 TS dt 0.01 time 4.02
404 TS dt 0.01 time 4.03
405 TS dt 0.01 time 4.04
406 TS dt 0.01 time 4.05
407 TS dt 0.01 time 4.06
408 TS dt 0.01 time 4.07
409 TS dt 0.01 time 4.08
410 TS dt 0.01 time 4.09
411 TS dt 0.01 time 4.1
412 TS dt 0.01 time 4.11
413 TS dt 0.01 time 4.12
414 TS dt 0.01 time 4.13
415 TS dt 0.01 time 4.14
416 TS dt 0.01 time 4.15
417 TS dt 0.01 time 4.16
418 TS dt 0.01 time 4.17
419 TS dt 0.01 time 4.18
420 TS dt 0.01 time 4.19
421 TS dt 0.01 time 4.2
422 TS dt 0.01 time 4.21
423 TS dt 0.01 time 4.22
424 TS dt 0.01 time 4.23
425 TS dt 0.01 time 4.24
426 TS dt 0.01 time 4.25
427 TS dt 0.01 time 4.26
428 TS dt 0.01 time 4.27
429 TS dt 0.01 time 4.28
430 TS dt 0.01 time 4.29
431 TS dt 0.01 time 4.3
432 TS dt 0.01 time 4.31
433 TS dt 0.01 time 4.32
434 TS dt 0.01 time 4.33
435 TS dt 0.01 time 4.34
436 TS dt 0.01 time 4.35
437 TS dt 0.01 time 4.36
438 TS dt 0.01 time 4.37
439 TS dt 0.01 time 4.38
440 TS dt 0.01 time 4.39
441 TS dt 0.01 time 4.4
442 TS dt 0.01 time 4.41
443 TS dt 0.01 time 4.42
444 TS dt 0.01 time 4.43
445 TS dt 0.01 time 4.44
446 TS dt 0.01 time 4.45
447 TS dt 0.01 time 4.46
448 TS dt 0.01 time 4.47
449 TS dt 0.01 time 4.48
450 TS dt 0.01 time 4.49
451 TS dt 0.01 time 4.5
452 TS dt 0.01 time 4.51
453 TS dt 0.01 time 4.52
454 TS dt 0.01 time 4.53
455 TS dt 0.01 time 4.54
456 TS dt 0.01 time 4.55
457 TS dt 0.01 time 4.56
458 TS dt 0.01 time 4.57
459 TS dt 0.01 time 4.58
460 TS dt 0.01 time 4.59
461 TS dt 0.01 time 4.6
462 TS dt 0.01 time 4.61
463 TS dt 0.01 time 4.62
464 TS dt 0.01 time 4.63
465 TS dt 0.01 time 4.64
466 TS dt 0.01 time 4.65
467 TS dt 0.01 time 4.66
468 TS dt 0.01 time 4.67
469 TS dt 0.01 time 4.68
470 TS dt 0.01 time 4.69
471 TS dt 0.01 time 4.7
472 TS dt 0.01 time 4.71
473 TS dt 0.01 time 4.72
474 TS dt 0.01 time 4.73
475 TS dt 0.01 time 4.74
476 TS dt 0.01 time 4.75
477 TS dt 0.01 time 4.76
478 TS dt 0.01 time 4.77
479 TS dt 0.01 time 4.78
480 TS dt 0.01 time 4.79
481 TS dt 0.01 time 4.8
482 TS dt 0.01 time 4.81
483 TS dt 0.01 time 4.82
484 TS dt 0.01 time 4.83
485 TS dt 0.01 time 4.84
486 TS dt 0.01 time 4.85
487 TS dt 0.01 time 4.86
488 TS dt 0.01 time 4.87
489 TS dt 0.01 time 4.88
490 TS dt 0.01 time 4.89
491 TS dt 0.01 time 4.9
492 TS dt 0.01 time 4.91
493 TS dt 0.01 time 4.92
494 TS dt 0.01 time 4.93
495 TS dt 0.01 time 4.94
496 TS dt 0.01 time 4.95
497 TS dt 0.01 time 4.96
498 TS dt 0.01 time 4.97
499 TS dt 0.01 time 4.98
500 TS dt 0.01 time 4.99
501 TS dt 0.01 time 5.
