0 TS dt 0.01 time 0.
    0 SNES Function norm 4.641e-11 
1 TS dt 0.01 time 0.01
    0 SNES Function norm 4.641e-11 
2 TS dt 0.01 time 0.02
    0 SNES Function norm 4.641e-11 
3 TS dt 0.01 time 0.03
    0 SNES Function norm 4.641e-11 
4 TS dt 0.01 time 0.04
    0 SNES Function norm 4.641e-11 
5 TS dt 0.01 time 0.05
    0 SNES Function norm 4.641e-11 
6 TS dt 0.01 time 0.06
    0 SNES Function norm 4.641e-11 
7 TS dt 0.01 time 0.07
    0 SNES Function norm 4.641e-11 
8 TS dt 0.01 time 0.08
    0 SNES Function norm 4.641e-11 
9 TS dt 0.01 time 0.09
    0 SNES Function norm 4.641e-11 
10 TS dt 0.01 time 0.1
    0 SNES Function norm 4.641e-11 
11 TS dt 0.01 time 0.11
    0 SNES Function norm 4.641e-11 
12 TS dt 0.01 time 0.12
    0 SNES Function norm 4.641e-11 
13 TS dt 0.01 time 0.13
    0 SNES Function norm 4.641e-11 
14 TS dt 0.01 time 0.14
    0 SNES Function norm 4.641e-11 
15 TS dt 0.01 time 0.15
    0 SNES Function norm 4.641e-11 
16 TS dt 0.01 time 0.16
    0 SNES Function norm 4.641e-11 
17 TS dt 0.01 time 0.17
    0 SNES Function norm 4.641e-11 
18 TS dt 0.01 time 0.18
    0 SNES Function norm 4.641e-11 
19 TS dt 0.01 time 0.19
    0 SNES Function norm 4.641e-11 
20 TS dt 0.01 time 0.2
    0 SNES Function norm 4.641e-11 
21 TS dt 0.01 time 0.21
    0 SNES Function norm 4.641e-11 
22 TS dt 0.01 time 0.22
    0 SNES Function norm 4.641e-11 
23 TS dt 0.01 time 0.23
    0 SNES Function norm 4.641e-11 
24 TS dt 0.01 time 0.24
    0 SNES Function norm 4.641e-11 
25 TS dt 0.01 time 0.25
    0 SNES Function norm 4.641e-11 
26 TS dt 0.01 time 0.26
    0 SNES Function norm 4.641e-11 
27 TS dt 0.01 time 0.27
    0 SNES Function norm 4.641e-11 
28 TS dt 0.01 time 0.28
    0 SNES Function norm 4.641e-11 
29 TS dt 0.01 time 0.29
    0 SNES Function norm 4.641e-11 
30 TS dt 0.01 time 0.3
    0 SNES Function norm 4.641e-11 
31 TS dt 0.01 time 0.31
    0 SNES Function norm 4.641e-11 
32 TS dt 0.01 time 0.32
    0 SNES Function norm 4.641e-11 
33 TS dt 0.01 time 0.33
    0 SNES Function norm 4.641e-11 
34 TS dt 0.01 time 0.34
    0 SNES Function norm 4.641e-11 
35 TS dt 0.01 time 0.35
    0 SNES Function norm 4.641e-11 
36 TS dt 0.01 time 0.36
    0 SNES Function norm 4.641e-11 
37 TS dt 0.01 time 0.37
    0 SNES Function norm 4.641e-11 
38 TS dt 0.01 time 0.38
    0 SNES Function norm 4.641e-11 
39 TS dt 0.01 time 0.39
    0 SNES Function norm 4.641e-11 
40 TS dt 0.01 time 0.4
    0 SNES Function norm 4.641e-11 
41 TS dt 0.01 time 0.41
    0 SNES Function norm 4.641e-11 
42 TS dt 0.01 time 0.42
    0 SNES Function norm 4.641e-11 
43 TS dt 0.01 time 0.43
    0 SNES Function norm 4.641e-11 
44 TS dt 0.01 time 0.44
    0 SNES Function norm 4.641e-11 
45 TS dt 0.01 time 0.45
    0 SNES Function norm 4.641e-11 
46 TS dt 0.01 time 0.46
    0 SNES Function norm 4.641e-11 
47 TS dt 0.01 time 0.47
    0 SNES Function norm 4.641e-11 
48 TS dt 0.01 time 0.48
    0 SNES Function norm 4.641e-11 
49 TS dt 0.01 time 0.49
    0 SNES Function norm 4.641e-11 
50 TS dt 0.01 time 0.5
    0 SNES Function norm 4.641e-11 
51 TS dt 0.01 time 0.51
    0 SNES Function norm 4.641e-11 
52 TS dt 0.01 time 0.52
    0 SNES Function norm 4.641e-11 
53 TS dt 0.01 time 0.53
    0 SNES Function norm 4.641e-11 
54 TS dt 0.01 time 0.54
    0 SNES Function norm 4.641e-11 
55 TS dt 0.01 time 0.55
    0 SNES Function norm 4.641e-11 
56 TS dt 0.01 time 0.56
    0 SNES Function norm 4.641e-11 
57 TS dt 0.01 time 0.57
    0 SNES Function norm 4.641e-11 
58 TS dt 0.01 time 0.58
    0 SNES Function norm 4.641e-11 
59 TS dt 0.01 time 0.59
    0 SNES Function norm 4.641e-11 
60 TS dt 0.01 time 0.6
    0 SNES Function norm 4.641e-11 
61 TS dt 0.01 time 0.61
    0 SNES Function norm 4.641e-11 
62 TS dt 0.01 time 0.62
    0 SNES Function norm 4.641e-11 
63 TS dt 0.01 time 0.63
    0 SNES Function norm 4.641e-11 
64 TS dt 0.01 time 0.64
    0 SNES Function norm 4.641e-11 
65 TS dt 0.01 time 0.65
    0 SNES Function norm 4.641e-11 
66 TS dt 0.01 time 0.66
    0 SNES Function norm 4.641e-11 
67 TS dt 0.01 time 0.67
    0 SNES Function norm 4.641e-11 
68 TS dt 0.01 time 0.68
    0 SNES Function norm 4.641e-11 
69 TS dt 0.01 time 0.69
    0 SNES Function norm 4.641e-11 
70 TS dt 0.01 time 0.7
    0 SNES Function norm 4.641e-11 
71 TS dt 0.01 time 0.71
    0 SNES Function norm 4.641e-11 
72 TS dt 0.01 time 0.72
    0 SNES Function norm 4.641e-11 
73 TS dt 0.01 time 0.73
    0 SNES Function norm 4.641e-11 
74 TS dt 0.01 time 0.74
    0 SNES Function norm 4.641e-11 
75 TS dt 0.01 time 0.75
    0 SNES Function norm 4.641e-11 
76 TS dt 0.01 time 0.76
    0 SNES Function norm 4.641e-11 
77 TS dt 0.01 time 0.77
    0 SNES Function norm 4.641e-11 
78 TS dt 0.01 time 0.78
    0 SNES Function norm 4.641e-11 
79 TS dt 0.01 time 0.79
    0 SNES Function norm 4.641e-11 
80 TS dt 0.01 time 0.8
    0 SNES Function norm 4.641e-11 
81 TS dt 0.01 time 0.81
    0 SNES Function norm 4.641e-11 
82 TS dt 0.01 time 0.82
    0 SNES Function norm 4.641e-11 
83 TS dt 0.01 time 0.83
    0 SNES Function norm 4.641e-11 
84 TS dt 0.01 time 0.84
    0 SNES Function norm 4.641e-11 
85 TS dt 0.01 time 0.85
    0 SNES Function norm 4.641e-11 
86 TS dt 0.01 time 0.86
    0 SNES Function norm 4.641e-11 
87 TS dt 0.01 time 0.87
    0 SNES Function norm 4.641e-11 
88 TS dt 0.01 time 0.88
    0 SNES Function norm 4.641e-11 
89 TS dt 0.01 time 0.89
    0 SNES Function norm 4.641e-11 
90 TS dt 0.01 time 0.9
    0 SNES Function norm 4.641e-11 
91 TS dt 0.01 time 0.91
    0 SNES Function norm 4.641e-11 
92 TS dt 0.01 time 0.92
    0 SNES Function norm 4.641e-11 
93 TS dt 0.01 time 0.93
    0 SNES Function norm 4.641e-11 
94 TS dt 0.01 time 0.94
    0 SNES Function norm 4.641e-11 
95 TS dt 0.01 time 0.95
    0 SNES Function norm 4.641e-11 
96 TS dt 0.01 time 0.96
    0 SNES Function norm 4.641e-11 
97 TS dt 0.01 time 0.97
    0 SNES Function norm 4.641e-11 
98 TS dt 0.01 time 0.98
    0 SNES Function norm 4.641e-11 
99 TS dt 0.01 time 0.99
    0 SNES Function norm 4.641e-11 
  0 SNES Function norm 10322.6 
  1 SNES Function norm 1.677e-11 
100 TS dt 0.01 time 1.
    0 SNES Function norm 216.828 
    1 SNES Function norm 0.0132924 
    2 SNES Function norm 4.45027e-08 
101 TS dt 0.01 time 1.01
    0 SNES Function norm 210.547 
    1 SNES Function norm 0.0164032 
    2 SNES Function norm 3.34578e-07 
102 TS dt 0.01 time 1.02
    0 SNES Function norm 203.947 
    1 SNES Function norm 0.0201966 
    2 SNES Function norm 7.71471e-07 
103 TS dt 0.01 time 1.03
    0 SNES Function norm 197.158 
    1 SNES Function norm 0.0244923 
    2 SNES Function norm 1.24596e-06 
104 TS dt 0.01 time 1.04
    0 SNES Function norm 190.299 
    1 SNES Function norm 0.0292027 
    2 SNES Function norm 1.68304e-06 
105 TS dt 0.01 time 1.05
    0 SNES Function norm 183.48 
    1 SNES Function norm 0.0342925 
    2 SNES Function norm 2.03499e-06 
    3 SNES Function norm 1.004e-11 
106 TS dt 0.01 time 1.06
    0 SNES Function norm 176.803 
    1 SNES Function norm 0.0397591 
    2 SNES Function norm 2.27588e-06 
    3 SNES Function norm 1.080e-11 
107 TS dt 0.01 time 1.07
    0 SNES Function norm 170.354 
    1 SNES Function norm 0.0456254 
    2 SNES Function norm 2.39704e-06 
    3 SNES Function norm 1.638e-11 
108 TS dt 0.01 time 1.08
    0 SNES Function norm 164.211 
    1 SNES Function norm 0.0519413 
    2 SNES Function norm 2.40368e-06 
    3 SNES Function norm < 1.e-11
108 TS dt 0.00951669 time 1.08 (r)
    0 SNES Function norm 164.211 
    1 SNES Function norm 0.0468808 
    2 SNES Function norm 2.00202e-06 
    3 SNES Function norm < 1.e-11
108 TS dt 0.00949403 time 1.08 (r)
    0 SNES Function norm 164.211 
    1 SNES Function norm 0.0466503 
    2 SNES Function norm 1.98443e-06 
    3 SNES Function norm 1.399e-11 
VR[2]: hit upper limit at time 1.08949
109 TS dt 0.000505968 time 1.08949
    0 SNES Function norm 133.511 
    1 SNES Function norm 8.39538e-05 
    2 SNES Function norm 1.427e-10 
110 TS dt 0.01 time 1.09
    0 SNES Function norm 133.419 
    1 SNES Function norm 0.0350983 
    2 SNES Function norm 1.08781e-06 
111 TS dt 0.01 time 1.1
    0 SNES Function norm 131.662 
    1 SNES Function norm 0.0394798 
    2 SNES Function norm 1.18296e-06 
112 TS dt 0.01 time 1.11
    0 SNES Function norm 130.015 
    1 SNES Function norm 0.0440836 
    2 SNES Function norm 1.26797e-06 
113 TS dt 0.01 time 1.12
    0 SNES Function norm 128.485 
    1 SNES Function norm 0.048899 
    2 SNES Function norm 1.34542e-06 
    3 SNES Function norm 1.418e-11 
114 TS dt 0.01 time 1.13
    0 SNES Function norm 127.075 
    1 SNES Function norm 0.0539113 
    2 SNES Function norm 1.41854e-06 
    3 SNES Function norm < 1.e-11
115 TS dt 0.01 time 1.14
    0 SNES Function norm 125.786 
    1 SNES Function norm 0.0591019 
    2 SNES Function norm 1.49098e-06 
    3 SNES Function norm 1.193e-11 
116 TS dt 0.01 time 1.15
    0 SNES Function norm 124.616 
    1 SNES Function norm 0.0644511 
    2 SNES Function norm 1.56673e-06 
    3 SNES Function norm 1.068e-11 
117 TS dt 0.01 time 1.16
    0 SNES Function norm 123.563 
    1 SNES Function norm 0.0699412 
    2 SNES Function norm 1.65002e-06 
    3 SNES Function norm 1.428e-11 
118 TS dt 0.01 time 1.17
    0 SNES Function norm 122.624 
    1 SNES Function norm 0.075561 
    2 SNES Function norm 1.7454e-06 
    3 SNES Function norm 1.567e-11 
119 TS dt 0.01 time 1.18
    0 SNES Function norm 121.793 
    1 SNES Function norm 0.0813109 
    2 SNES Function norm 1.85783e-06 
    3 SNES Function norm 1.232e-11 
120 TS dt 0.01 time 1.19
    0 SNES Function norm 121.067 
    1 SNES Function norm 0.0872064 
    2 SNES Function norm 1.99276e-06 
    3 SNES Function norm 1.386e-11 
  0 SNES Function norm 6.14263 
  1 SNES Function norm < 1.e-11
VR[2]: dVR_dt went negative on fault clearing at time 1.2
121 TS dt 0.01 time 1.2
    0 SNES Function norm 121.938 
    1 SNES Function norm 0.254781 
    2 SNES Function norm 1.97747e-05 
    3 SNES Function norm < 1.e-11
122 TS dt 0.01 time 1.21
    0 SNES Function norm 123.46 
    1 SNES Function norm 0.230973 
    2 SNES Function norm 1.92548e-05 
    3 SNES Function norm 1.372e-11 
123 TS dt 0.01 time 1.22
    0 SNES Function norm 124.477 
    1 SNES Function norm 0.211308 
    2 SNES Function norm 1.63024e-05 
    3 SNES Function norm < 1.e-11
124 TS dt 0.01 time 1.23
    0 SNES Function norm 125.032 
    1 SNES Function norm 0.19541 
    2 SNES Function norm 1.24932e-05 
    3 SNES Function norm 1.587e-11 
125 TS dt 0.01 time 1.24
    0 SNES Function norm 125.186 
    1 SNES Function norm 0.182645 
    2 SNES Function norm 8.83125e-06 
    3 SNES Function norm < 1.e-11
126 TS dt 0.01 time 1.25
    0 SNES Function norm 125.01 
    1 SNES Function norm 0.172323 
    2 SNES Function norm 5.83442e-06 
    3 SNES Function norm 1.238e-11 
127 TS dt 0.01 time 1.26
    0 SNES Function norm 124.577 
    1 SNES Function norm 0.163829 
    2 SNES Function norm 3.66433e-06 
    3 SNES Function norm 1.636e-11 
128 TS dt 0.01 time 1.27
    0 SNES Function norm 123.959 
    1 SNES Function norm 0.15669 
    2 SNES Function norm 2.25048e-06 
    3 SNES Function norm 1.370e-11 
129 TS dt 0.01 time 1.28
    0 SNES Function norm 123.221 
    1 SNES Function norm 0.150578 
    2 SNES Function norm 1.42177e-06 
    3 SNES Function norm 1.260e-11 
130 TS dt 0.01 time 1.29
    0 SNES Function norm 122.416 
    1 SNES Function norm 0.145281 
    2 SNES Function norm 1.13629e-06 
131 TS dt 0.01 time 1.3
    0 SNES Function norm 121.585 
    1 SNES Function norm 0.140674 
    2 SNES Function norm 1.48916e-06 
    3 SNES Function norm 1.586e-11 
132 TS dt 0.01 time 1.31
    0 SNES Function norm 120.753 
    1 SNES Function norm 0.136689 
    2 SNES Function norm 2.24995e-06 
    3 SNES Function norm 1.106e-11 
133 TS dt 0.01 time 1.32
    0 SNES Function norm 119.929 
    1 SNES Function norm 0.133292 
    2 SNES Function norm 3.16998e-06 
    3 SNES Function norm 1.457e-11 
134 TS dt 0.01 time 1.33
    0 SNES Function norm 119.106 
    1 SNES Function norm 0.130473 
    2 SNES Function norm 4.10741e-06 
    3 SNES Function norm 1.305e-11 
135 TS dt 0.01 time 1.34
    0 SNES Function norm 118.259 
    1 SNES Function norm 0.128238 
    2 SNES Function norm 4.96431e-06 
    3 SNES Function norm < 1.e-11
136 TS dt 0.01 time 1.35
    0 SNES Function norm 117.351 
    1 SNES Function norm 0.126597 
    2 SNES Function norm 5.68268e-06 
    3 SNES Function norm 1.044e-11 
137 TS dt 0.01 time 1.36
    0 SNES Function norm 116.327 
    1 SNES Function norm 0.12556 
    2 SNES Function norm 6.26832e-06 
    3 SNES Function norm 1.646e-11 
138 TS dt 0.01 time 1.37
    0 SNES Function norm 115.122 
    1 SNES Function norm 0.125115 
    2 SNES Function norm 6.82446e-06 
    3 SNES Function norm < 1.e-11
139 TS dt 0.01 time 1.38
    0 SNES Function norm 113.66 
    1 SNES Function norm 0.125221 
    2 SNES Function norm 7.55934e-06 
    3 SNES Function norm < 1.e-11
140 TS dt 0.01 time 1.39
    0 SNES Function norm 111.86 
    1 SNES Function norm 0.12578 
    2 SNES Function norm 8.69643e-06 
    3 SNES Function norm < 1.e-11
141 TS dt 0.01 time 1.4
    0 SNES Function norm 109.641 
    1 SNES Function norm 0.126635 
    2 SNES Function norm 1.02861e-05 
    3 SNES Function norm 1.398e-11 
142 TS dt 0.01 time 1.41
    0 SNES Function norm 106.931 
    1 SNES Function norm 0.127567 
    2 SNES Function norm 1.20881e-05 
    3 SNES Function norm < 1.e-11
143 TS dt 0.01 time 1.42
    0 SNES Function norm 103.681 
    1 SNES Function norm 0.12832 
    2 SNES Function norm 1.36379e-05 
    3 SNES Function norm 1.760e-11 
144 TS dt 0.01 time 1.43
    0 SNES Function norm 99.8825 
    1 SNES Function norm 0.128644 
    2 SNES Function norm 1.44684e-05 
    3 SNES Function norm 1.209e-11 
145 TS dt 0.01 time 1.44
    0 SNES Function norm 95.5867 
    1 SNES Function norm 0.128358 
    2 SNES Function norm 1.45603e-05 
    3 SNES Function norm 1.833e-11 
146 TS dt 0.01 time 1.45
    0 SNES Function norm 90.934 
    1 SNES Function norm 0.127423 
    2 SNES Function norm 1.51667e-05 
    3 SNES Function norm < 1.e-11
147 TS dt 0.01 time 1.46
    0 SNES Function norm 86.1818 
    1 SNES Function norm 0.125985 
    2 SNES Function norm 1.8913e-05 
    3 SNES Function norm < 1.e-11
148 TS dt 0.01 time 1.47
    0 SNES Function norm 81.7276 
    1 SNES Function norm 0.124387 
    2 SNES Function norm 2.69114e-05 
    3 SNES Function norm 1.273e-11 
149 TS dt 0.01 time 1.48
    0 SNES Function norm 78.1076 
    1 SNES Function norm 0.123091 
    2 SNES Function norm 3.76547e-05 
    3 SNES Function norm < 1.e-11
150 TS dt 0.01 time 1.49
    0 SNES Function norm 75.9397 
    1 SNES Function norm 0.122526 
    2 SNES Function norm 4.8943e-05 
    3 SNES Function norm < 1.e-11
151 TS dt 0.01 time 1.5
    0 SNES Function norm 75.7817 
    1 SNES Function norm 0.122922 
    2 SNES Function norm 5.87293e-05 
    3 SNES Function norm 1.095e-11 
152 TS dt 0.01 time 1.51
    0 SNES Function norm 77.9399 
    1 SNES Function norm 0.124211 
    2 SNES Function norm 6.54014e-05 
    3 SNES Function norm 1.588e-11 
153 TS dt 0.01 time 1.52
    0 SNES Function norm 82.3435 
    1 SNES Function norm 0.126063 
    2 SNES Function norm 6.80145e-05 
    3 SNES Function norm < 1.e-11
154 TS dt 0.01 time 1.53
    0 SNES Function norm 88.5821 
    1 SNES Function norm 0.128038 
    2 SNES Function norm 6.64025e-05 
    3 SNES Function norm < 1.e-11
155 TS dt 0.01 time 1.54
    0 SNES Function norm 96.0609 
    1 SNES Function norm 0.129747 
    2 SNES Function norm 6.11103e-05 
    3 SNES Function norm < 1.e-11
156 TS dt 0.01 time 1.55
    0 SNES Function norm 104.155 
    1 SNES Function norm 0.130953 
    2 SNES Function norm 5.31804e-05 
    3 SNES Function norm 1.151e-11 
157 TS dt 0.01 time 1.56
    0 SNES Function norm 112.301 
    1 SNES Function norm 0.131581 
    2 SNES Function norm 4.38737e-05 
    3 SNES Function norm < 1.e-11
158 TS dt 0.01 time 1.57
    0 SNES Function norm 120.024 
    1 SNES Function norm 0.131673 
    2 SNES Function norm 3.44068e-05 
    3 SNES Function norm < 1.e-11
159 TS dt 0.01 time 1.58
    0 SNES Function norm 126.944 
    1 SNES Function norm 0.131319 
    2 SNES Function norm 2.57616e-05 
    3 SNES Function norm 1.493e-11 
160 TS dt 0.01 time 1.59
    0 SNES Function norm 132.76 
    1 SNES Function norm 0.130596 
    2 SNES Function norm 1.85856e-05 
    3 SNES Function norm 1.250e-11 
161 TS dt 0.01 time 1.6
    0 SNES Function norm 137.238 
    1 SNES Function norm 0.129544 
    2 SNES Function norm 1.31768e-05 
    3 SNES Function norm < 1.e-11
162 TS dt 0.01 time 1.61
    0 SNES Function norm 140.201 
    1 SNES Function norm 0.128168 
    2 SNES Function norm 9.52842e-06 
    3 SNES Function norm < 1.e-11
163 TS dt 0.01 time 1.62
    0 SNES Function norm 141.524 
    1 SNES Function norm 0.126464 
    2 SNES Function norm 7.41577e-06 
    3 SNES Function norm 1.267e-11 
164 TS dt 0.01 time 1.63
    0 SNES Function norm 141.123 
    1 SNES Function norm 0.12445 
    2 SNES Function norm 6.55261e-06 
    3 SNES Function norm < 1.e-11
165 TS dt 0.01 time 1.64
    0 SNES Function norm 138.964 
    1 SNES Function norm 0.122205 
    2 SNES Function norm 6.80312e-06 
    3 SNES Function norm 1.051e-11 
166 TS dt 0.01 time 1.65
    0 SNES Function norm 135.057 
    1 SNES Function norm 0.119896 
    2 SNES Function norm 8.21857e-06 
    3 SNES Function norm < 1.e-11
167 TS dt 0.01 time 1.66
    0 SNES Function norm 129.467 
    1 SNES Function norm 0.117798 
    2 SNES Function norm 1.08713e-05 
    3 SNES Function norm < 1.e-11
168 TS dt 0.01 time 1.67
    0 SNES Function norm 122.323 
    1 SNES Function norm 0.116293 
    2 SNES Function norm 1.48114e-05 
    3 SNES Function norm 1.812e-11 
169 TS dt 0.01 time 1.68
    0 SNES Function norm 113.825 
    1 SNES Function norm 0.11584 
    2 SNES Function norm 2.00876e-05 
    3 SNES Function norm 1.366e-11 
170 TS dt 0.01 time 1.69
    0 SNES Function norm 104.266 
    1 SNES Function norm 0.116891 
    2 SNES Function norm 2.66187e-05 
    3 SNES Function norm < 1.e-11
171 TS dt 0.01 time 1.7
    0 SNES Function norm 94.0551 
    1 SNES Function norm 0.119749 
    2 SNES Function norm 3.39734e-05 
    3 SNES Function norm 1.668e-11 
172 TS dt 0.01 time 1.71
    0 SNES Function norm 83.7579 
    1 SNES Function norm 0.12443 
    2 SNES Function norm 4.12632e-05 
    3 SNES Function norm 1.348e-11 
173 TS dt 0.01 time 1.72
    0 SNES Function norm 74.1505 
    1 SNES Function norm 0.130588 
    2 SNES Function norm 4.72825e-05 
    3 SNES Function norm < 1.e-11
174 TS dt 0.01 time 1.73
    0 SNES Function norm 66.2587 
    1 SNES Function norm 0.137574 
    2 SNES Function norm 5.0859e-05 
    3 SNES Function norm 1.279e-11 
175 TS dt 0.01 time 1.74
    0 SNES Function norm 61.2677 
    1 SNES Function norm 0.144601 
    2 SNES Function norm 5.12427e-05 
    3 SNES Function norm 1.903e-11 
176 TS dt 0.01 time 1.75
    0 SNES Function norm 60.1203 
    1 SNES Function norm 0.150937 
    2 SNES Function norm 4.83503e-05 
    3 SNES Function norm < 1.e-11
177 TS dt 0.01 time 1.76
    0 SNES Function norm 62.9316 
    1 SNES Function norm 0.156056 
    2 SNES Function norm 4.27612e-05 
    3 SNES Function norm 1.363e-11 
178 TS dt 0.01 time 1.77
    0 SNES Function norm 68.8852 
    1 SNES Function norm 0.159715 
    2 SNES Function norm 3.54946e-05 
    3 SNES Function norm 1.610e-11 
179 TS dt 0.01 time 1.78
    0 SNES Function norm 76.7753 
    1 SNES Function norm 0.161938 
    2 SNES Function norm 2.76901e-05 
    3 SNES Function norm < 1.e-11
180 TS dt 0.01 time 1.79
    0 SNES Function norm 85.5237 
    1 SNES Function norm 0.162953 
    2 SNES Function norm 2.03295e-05 
    3 SNES Function norm < 1.e-11
181 TS dt 0.01 time 1.8
    0 SNES Function norm 94.3419 
    1 SNES Function norm 0.163098 
    2 SNES Function norm 1.40797e-05 
    3 SNES Function norm 1.392e-11 
182 TS dt 0.01 time 1.81
    0 SNES Function norm 102.697 
    1 SNES Function norm 0.162734 
    2 SNES Function norm 9.26545e-06 
    3 SNES Function norm < 1.e-11
183 TS dt 0.01 time 1.82
    0 SNES Function norm 110.238 
    1 SNES Function norm 0.162193 
    2 SNES Function norm 5.9291e-06 
    3 SNES Function norm 1.121e-11 
184 TS dt 0.01 time 1.83
    0 SNES Function norm 116.737 
    1 SNES Function norm 0.161745 
    2 SNES Function norm 3.91396e-06 
    3 SNES Function norm 1.151e-11 
185 TS dt 0.01 time 1.84
    0 SNES Function norm 122.049 
    1 SNES Function norm 0.1616 
    2 SNES Function norm 2.90762e-06 
    3 SNES Function norm 1.347e-11 
186 TS dt 0.01 time 1.85
    0 SNES Function norm 126.083 
    1 SNES Function norm 0.161913 
    2 SNES Function norm 2.50263e-06 
    3 SNES Function norm 1.511e-11 
187 TS dt 0.01 time 1.86
    0 SNES Function norm 128.786 
    1 SNES Function norm 0.162783 
    2 SNES Function norm 2.38767e-06 
    3 SNES Function norm < 1.e-11
188 TS dt 0.01 time 1.87
    0 SNES Function norm 130.128 
    1 SNES Function norm 0.164261 
    2 SNES Function norm 2.43919e-06 
    3 SNES Function norm 1.286e-11 
189 TS dt 0.01 time 1.88
    0 SNES Function norm 130.097 
    1 SNES Function norm 0.166351 
    2 SNES Function norm 2.6399e-06 
    3 SNES Function norm 1.775e-11 
190 TS dt 0.01 time 1.89
    0 SNES Function norm 128.693 
    1 SNES Function norm 0.169021 
    2 SNES Function norm 3.01491e-06 
    3 SNES Function norm 1.527e-11 
191 TS dt 0.01 time 1.9
    0 SNES Function norm 125.931 
    1 SNES Function norm 0.172212 
    2 SNES Function norm 3.61424e-06 
    3 SNES Function norm 1.187e-11 
192 TS dt 0.01 time 1.91
    0 SNES Function norm 121.835 
    1 SNES Function norm 0.175867 
    2 SNES Function norm 4.49487e-06 
    3 SNES Function norm 1.017e-11 
193 TS dt 0.01 time 1.92
    0 SNES Function norm 116.451 
    1 SNES Function norm 0.179944 
    2 SNES Function norm 5.71115e-06 
    3 SNES Function norm 1.494e-11 
194 TS dt 0.01 time 1.93
    0 SNES Function norm 109.845 
    1 SNES Function norm 0.184439 
    2 SNES Function norm 7.33959e-06 
    3 SNES Function norm 2.156e-11 
195 TS dt 0.01 time 1.94
    0 SNES Function norm 102.114 
    1 SNES Function norm 0.189393 
    2 SNES Function norm 9.51194e-06 
    3 SNES Function norm 1.089e-11 
196 TS dt 0.01 time 1.95
    0 SNES Function norm 93.3966 
    1 SNES Function norm 0.194886 
    2 SNES Function norm 1.23896e-05 
    3 SNES Function norm < 1.e-11
197 TS dt 0.01 time 1.96
    0 SNES Function norm 83.89 
    1 SNES Function norm 0.201013 
    2 SNES Function norm 1.60508e-05 
    3 SNES Function norm 1.292e-11 
198 TS dt 0.01 time 1.97
    0 SNES Function norm 73.8761 
    1 SNES Function norm 0.207846 
    2 SNES Function norm 2.03579e-05 
    3 SNES Function norm 1.400e-11 
199 TS dt 0.01 time 1.98
    0 SNES Function norm 63.769 
    1 SNES Function norm 0.21539 
    2 SNES Function norm 2.49035e-05 
    3 SNES Function norm < 1.e-11
200 TS dt 0.01 time 1.99
    0 SNES Function norm 54.2001 
    1 SNES Function norm 0.223549 
    2 SNES Function norm 2.90701e-05 
    3 SNES Function norm < 1.e-11
201 TS dt 0.01 time 2.
    0 SNES Function norm 46.1451 
    1 SNES Function norm 0.232119 
    2 SNES Function norm 3.21785e-05 
    3 SNES Function norm < 1.e-11
202 TS dt 0.01 time 2.01
    0 SNES Function norm 40.9768 
    1 SNES Function norm 0.240811 
    2 SNES Function norm 3.36684e-05 
    3 SNES Function norm 1.311e-11 
203 TS dt 0.01 time 2.02
    0 SNES Function norm 39.9964 
    1 SNES Function norm 0.249294 
    2 SNES Function norm 3.32513e-05 
    3 SNES Function norm < 1.e-11
204 TS dt 0.01 time 2.03
    0 SNES Function norm 43.3342 
    1 SNES Function norm 0.257251 
    2 SNES Function norm 3.09849e-05 
    3 SNES Function norm 1.056e-11 
205 TS dt 0.01 time 2.04
    0 SNES Function norm 49.7472 
    1 SNES Function norm 0.264421 
    2 SNES Function norm 2.72467e-05 
    3 SNES Function norm < 1.e-11
206 TS dt 0.01 time 2.05
    0 SNES Function norm 57.7043 
    1 SNES Function norm 0.270621 
    2 SNES Function norm 2.26231e-05 
    3 SNES Function norm 1.235e-11 
207 TS dt 0.01 time 2.06
    0 SNES Function norm 66.0743 
    1 SNES Function norm 0.275744 
    2 SNES Function norm 1.77568e-05 
    3 SNES Function norm 1.337e-11 
208 TS dt 0.01 time 2.07
    0 SNES Function norm 74.139 
    1 SNES Function norm 0.27975 
    2 SNES Function norm 1.32056e-05 
    3 SNES Function norm 1.593e-11 
209 TS dt 0.01 time 2.08
    0 SNES Function norm 81.4503 
    1 SNES Function norm 0.28265 
    2 SNES Function norm 9.35064e-06 
    3 SNES Function norm 1.327e-11 
210 TS dt 0.01 time 2.09
    0 SNES Function norm 87.7278 
    1 SNES Function norm 0.284489 
    2 SNES Function norm 6.37095e-06 
    3 SNES Function norm 1.054e-11 
211 TS dt 0.01 time 2.1
    0 SNES Function norm 92.8 
    1 SNES Function norm 0.28534 
    2 SNES Function norm 4.27093e-06 
    3 SNES Function norm < 1.e-11
212 TS dt 0.01 time 2.11
    0 SNES Function norm 96.5731 
    1 SNES Function norm 0.285291 
    2 SNES Function norm 2.93577e-06 
    3 SNES Function norm 1.279e-11 
213 TS dt 0.01 time 2.12
    0 SNES Function norm 99.0123 
    1 SNES Function norm 0.284441 
    2 SNES Function norm 2.18572e-06 
    3 SNES Function norm 1.639e-11 
214 TS dt 0.01 time 2.13
    0 SNES Function norm 100.13 
    1 SNES Function norm 0.282886 
    2 SNES Function norm 1.82924e-06 
    3 SNES Function norm 1.153e-11 
215 TS dt 0.01 time 2.14
    0 SNES Function norm 99.979 
    1 SNES Function norm 0.28071 
    2 SNES Function norm 1.72571e-06 
    3 SNES Function norm 1.606e-11 
216 TS dt 0.01 time 2.15
    0 SNES Function norm 98.6478 
    1 SNES Function norm 0.277975 
    2 SNES Function norm 1.81605e-06 
    3 SNES Function norm < 1.e-11
217 TS dt 0.01 time 2.16
    0 SNES Function norm 96.2593 
    1 SNES Function norm 0.274712 
    2 SNES Function norm 2.09125e-06 
    3 SNES Function norm 1.001e-11 
218 TS dt 0.01 time 2.17
    0 SNES Function norm 92.9726 
    1 SNES Function norm 0.270924 
    2 SNES Function norm 2.54777e-06 
    3 SNES Function norm < 1.e-11
219 TS dt 0.01 time 2.18
    0 SNES Function norm 88.987 
    1 SNES Function norm 0.266585 
    2 SNES Function norm 3.17064e-06 
    3 SNES Function norm < 1.e-11
220 TS dt 0.01 time 2.19
    0 SNES Function norm 84.549 
    1 SNES Function norm 0.26165 
    2 SNES Function norm 3.93334e-06 
    3 SNES Function norm < 1.e-11
221 TS dt 0.01 time 2.2
    0 SNES Function norm 79.9601 
    1 SNES Function norm 0.256063 
    2 SNES Function norm 4.79492e-06 
    3 SNES Function norm < 1.e-11
222 TS dt 0.01 time 2.21
    0 SNES Function norm 75.5819 
    1 SNES Function norm 0.249764 
    2 SNES Function norm 5.69278e-06 
    3 SNES Function norm < 1.e-11
223 TS dt 0.01 time 2.22
    0 SNES Function norm 71.829 
    1 SNES Function norm 0.242695 
    2 SNES Function norm 6.53846e-06 
    3 SNES Function norm 1.042e-11 
224 TS dt 0.01 time 2.23
    0 SNES Function norm 69.1356 
    1 SNES Function norm 0.234807 
    2 SNES Function norm 7.22349e-06 
    3 SNES Function norm < 1.e-11
225 TS dt 0.01 time 2.24
    0 SNES Function norm 67.8845 
    1 SNES Function norm 0.226066 
    2 SNES Function norm 7.63782e-06 
    3 SNES Function norm < 1.e-11
226 TS dt 0.01 time 2.25
    0 SNES Function norm 68.3088 
    1 SNES Function norm 0.21646 
    2 SNES Function norm 7.69666e-06 
    3 SNES Function norm 1.354e-11 
227 TS dt 0.01 time 2.26
    0 SNES Function norm 70.4161 
    1 SNES Function norm 0.206006 
    2 SNES Function norm 7.36715e-06 
    3 SNES Function norm 1.640e-11 
228 TS dt 0.01 time 2.27
    0 SNES Function norm 73.9859 
    1 SNES Function norm 0.194767 
    2 SNES Function norm 6.6838e-06 
    3 SNES Function norm 1.148e-11 
229 TS dt 0.01 time 2.28
    0 SNES Function norm 78.6419 
    1 SNES Function norm 0.18286 
    2 SNES Function norm 5.7455e-06 
    3 SNES Function norm < 1.e-11
230 TS dt 0.01 time 2.29
    0 SNES Function norm 83.9457 
    1 SNES Function norm 0.170463 
    2 SNES Function norm 4.69323e-06 
    3 SNES Function norm 1.063e-11 
231 TS dt 0.01 time 2.3
    0 SNES Function norm 89.4685 
    1 SNES Function norm 0.157813 
    2 SNES Function norm 3.675e-06 
    3 SNES Function norm < 1.e-11
232 TS dt 0.01 time 2.31
    0 SNES Function norm 94.8266 
    1 SNES Function norm 0.145194 
    2 SNES Function norm 2.80793e-06 
    3 SNES Function norm 1.101e-11 
233 TS dt 0.01 time 2.32
    0 SNES Function norm 99.6924 
    1 SNES Function norm 0.132916 
    2 SNES Function norm 2.14889e-06 
    3 SNES Function norm < 1.e-11
234 TS dt 0.01 time 2.33
    0 SNES Function norm 103.794 
    1 SNES Function norm 0.121286 
    2 SNES Function norm 1.68631e-06 
    3 SNES Function norm 1.095e-11 
235 TS dt 0.01 time 2.34
    0 SNES Function norm 106.909 
    1 SNES Function norm 0.110569 
    2 SNES Function norm 1.36488e-06 
    3 SNES Function norm < 1.e-11
236 TS dt 0.01 time 2.35
    0 SNES Function norm 108.862 
    1 SNES Function norm 0.100952 
    2 SNES Function norm 1.12845e-06 
    3 SNES Function norm 1.006e-11 
237 TS dt 0.01 time 2.36
    0 SNES Function norm 109.514 
    1 SNES Function norm 0.0925107 
    2 SNES Function norm 9.43902e-07 
238 TS dt 0.01 time 2.37
    0 SNES Function norm 108.769 
    1 SNES Function norm 0.0851966 
    2 SNES Function norm 7.9841e-07 
239 TS dt 0.01 time 2.38
    0 SNES Function norm 106.563 
    1 SNES Function norm 0.0788525 
    2 SNES Function norm 6.92674e-07 
240 TS dt 0.01 time 2.39
    0 SNES Function norm 102.87 
    1 SNES Function norm 0.0732563 
    2 SNES Function norm 6.51569e-07 
241 TS dt 0.01 time 2.4
    0 SNES Function norm 97.7009 
    1 SNES Function norm 0.0681871 
    2 SNES Function norm 7.55037e-07 
242 TS dt 0.01 time 2.41
    0 SNES Function norm 91.1073 
    1 SNES Function norm 0.0634909 
    2 SNES Function norm 1.10277e-06 
    3 SNES Function norm < 1.e-11
243 TS dt 0.01 time 2.42
    0 SNES Function norm 83.1833 
    1 SNES Function norm 0.0591272 
    2 SNES Function norm 1.72092e-06 
    3 SNES Function norm < 1.e-11
244 TS dt 0.01 time 2.43
    0 SNES Function norm 74.0718 
    1 SNES Function norm 0.055181 
    2 SNES Function norm 2.57337e-06 
    3 SNES Function norm 1.308e-11 
245 TS dt 0.01 time 2.44
    0 SNES Function norm 63.973 
    1 SNES Function norm 0.0518292 
    2 SNES Function norm 3.58038e-06 
    3 SNES Function norm < 1.e-11
246 TS dt 0.01 time 2.45
    0 SNES Function norm 53.1649 
    1 SNES Function norm 0.0492596 
    2 SNES Function norm 4.61836e-06 
    3 SNES Function norm < 1.e-11
247 TS dt 0.01 time 2.46
    0 SNES Function norm 42.0585 
    1 SNES Function norm 0.0475631 
    2 SNES Function norm 5.5339e-06 
    3 SNES Function norm 1.755e-11 
248 TS dt 0.01 time 2.47
    0 SNES Function norm 31.3683 
    1 SNES Function norm 0.0466535 
    2 SNES Function norm 6.17402e-06 
    3 SNES Function norm 1.303e-11 
249 TS dt 0.01 time 2.48
    0 SNES Function norm 22.6673 
    1 SNES Function norm 0.0462718 
    2 SNES Function norm 6.42255e-06 
    3 SNES Function norm 1.741e-11 
250 TS dt 0.01 time 2.49
    0 SNES Function norm 19.3606 
    1 SNES Function norm 0.0460752 
    2 SNES Function norm 6.23044e-06 
    3 SNES Function norm < 1.e-11
251 TS dt 0.01 time 2.5
    0 SNES Function norm 23.5949 
    1 SNES Function norm 0.0457538 
    2 SNES Function norm 5.62957e-06 
    3 SNES Function norm 1.508e-11 
252 TS dt 0.01 time 2.51
    0 SNES Function norm 32.0031 
    1 SNES Function norm 0.0451146 
    2 SNES Function norm 4.72481e-06 
    3 SNES Function norm 1.771e-11 
253 TS dt 0.01 time 2.52
    0 SNES Function norm 41.4884 
    1 SNES Function norm 0.0441161 
    2 SNES Function norm 3.66661e-06 
    3 SNES Function norm 1.113e-11 
254 TS dt 0.01 time 2.53
    0 SNES Function norm 50.7675 
    1 SNES Function norm 0.0428608 
    2 SNES Function norm 2.61378e-06 
    3 SNES Function norm < 1.e-11
255 TS dt 0.01 time 2.54
    0 SNES Function norm 59.2791 
    1 SNES Function norm 0.0415627 
    2 SNES Function norm 1.69815e-06 
    3 SNES Function norm 1.811e-11 
256 TS dt 0.01 time 2.55
    0 SNES Function norm 66.7253 
    1 SNES Function norm 0.0404975 
    2 SNES Function norm 1.00203e-06 
    3 SNES Function norm < 1.e-11
257 TS dt 0.01 time 2.56
    0 SNES Function norm 72.9294 
    1 SNES Function norm 0.0399429 
    2 SNES Function norm 5.52846e-07 
258 TS dt 0.01 time 2.57
    0 SNES Function norm 77.7862 
    1 SNES Function norm 0.0401161 
    2 SNES Function norm 3.25738e-07 
259 TS dt 0.01 time 2.58
    0 SNES Function norm 81.2404 
    1 SNES Function norm 0.0411262 
    2 SNES Function norm 2.38158e-07 
260 TS dt 0.01 time 2.59
    0 SNES Function norm 83.2758 
    1 SNES Function norm 0.0429616 
    2 SNES Function norm 1.97564e-07 
261 TS dt 0.01 time 2.6
    0 SNES Function norm 83.9085 
    1 SNES Function norm 0.0455144 
    2 SNES Function norm 1.69397e-07 
262 TS dt 0.01 time 2.61
    0 SNES Function norm 83.1825 
    1 SNES Function norm 0.0486233 
    2 SNES Function norm 1.49351e-07 
263 TS dt 0.01 time 2.62
    0 SNES Function norm 81.1664 
    1 SNES Function norm 0.0521125 
    2 SNES Function norm 1.35939e-07 
264 TS dt 0.01 time 2.63
    0 SNES Function norm 77.952 
    1 SNES Function norm 0.0558157 
    2 SNES Function norm 1.29901e-07 
265 TS dt 0.01 time 2.64
    0 SNES Function norm 73.6531 
    1 SNES Function norm 0.0595864 
    2 SNES Function norm 1.52808e-07 
266 TS dt 0.01 time 2.65
    0 SNES Function norm 68.4075 
    1 SNES Function norm 0.0632993 
    2 SNES Function norm 2.59582e-07 
267 TS dt 0.01 time 2.66
    0 SNES Function norm 62.3798 
    1 SNES Function norm 0.066848 
    2 SNES Function norm 4.72345e-07 
268 TS dt 0.01 time 2.67
    0 SNES Function norm 55.7693 
    1 SNES Function norm 0.0701395 
    2 SNES Function norm 7.75412e-07 
    3 SNES Function norm < 1.e-11
269 TS dt 0.01 time 2.68
    0 SNES Function norm 48.8256 
    1 SNES Function norm 0.0730884 
    2 SNES Function norm 1.13422e-06 
    3 SNES Function norm < 1.e-11
270 TS dt 0.01 time 2.69
    0 SNES Function norm 41.8788 
    1 SNES Function norm 0.0756121 
    2 SNES Function norm 1.49809e-06 
    3 SNES Function norm 1.360e-11 
271 TS dt 0.01 time 2.7
    0 SNES Function norm 35.3955 
    1 SNES Function norm 0.0776284 
    2 SNES Function norm 1.80889e-06 
    3 SNES Function norm < 1.e-11
272 TS dt 0.01 time 2.71
    0 SNES Function norm 30.0596 
    1 SNES Function norm 0.0790576 
    2 SNES Function norm 2.01414e-06 
    3 SNES Function norm 1.038e-11 
273 TS dt 0.01 time 2.72
    0 SNES Function norm 26.7808 
    1 SNES Function norm 0.079829 
    2 SNES Function norm 2.07979e-06 
    3 SNES Function norm 1.064e-11 
274 TS dt 0.01 time 2.73
    0 SNES Function norm 26.3276 
    1 SNES Function norm 0.0798903 
    2 SNES Function norm 1.99815e-06 
    3 SNES Function norm < 1.e-11
275 TS dt 0.01 time 2.74
    0 SNES Function norm 28.6281 
    1 SNES Function norm 0.0792175 
    2 SNES Function norm 1.78861e-06 
    3 SNES Function norm 1.070e-11 
276 TS dt 0.01 time 2.75
    0 SNES Function norm 32.7844 
    1 SNES Function norm 0.0778225 
    2 SNES Function norm 1.49152e-06 
    3 SNES Function norm < 1.e-11
277 TS dt 0.01 time 2.76
    0 SNES Function norm 37.8067 
    1 SNES Function norm 0.0757572 
    2 SNES Function norm 1.15703e-06 
    3 SNES Function norm 1.412e-11 
278 TS dt 0.01 time 2.77
    0 SNES Function norm 42.9912 
    1 SNES Function norm 0.0731108 
    2 SNES Function norm 8.33234e-07 
    3 SNES Function norm < 1.e-11
279 TS dt 0.01 time 2.78
    0 SNES Function norm 47.8963 
    1 SNES Function norm 0.0700024 
    2 SNES Function norm 5.56456e-07 
    3 SNES Function norm < 1.e-11
280 TS dt 0.01 time 2.79
    0 SNES Function norm 52.2459 
    1 SNES Function norm 0.0665692 
    2 SNES Function norm 3.46612e-07 
281 TS dt 0.01 time 2.8
    0 SNES Function norm 55.8643 
    1 SNES Function norm 0.0629516 
    2 SNES Function norm 2.07457e-07 
282 TS dt 0.01 time 2.81
    0 SNES Function norm 58.6411 
    1 SNES Function norm 0.0592786 
    2 SNES Function norm 1.30471e-07 
283 TS dt 0.01 time 2.82
    0 SNES Function norm 60.5131 
    1 SNES Function norm 0.0556548 
    2 SNES Function norm 9.97006e-08 
284 TS dt 0.01 time 2.83
    0 SNES Function norm 61.455 
    1 SNES Function norm 0.0521526 
    2 SNES Function norm 9.76772e-08 
285 TS dt 0.01 time 2.84
    0 SNES Function norm 61.4743 
    1 SNES Function norm 0.0488097 
    2 SNES Function norm 1.1281e-07 
286 TS dt 0.01 time 2.85
    0 SNES Function norm 60.6089 
    1 SNES Function norm 0.0456333 
    2 SNES Function norm 1.38705e-07 
287 TS dt 0.01 time 2.86
    0 SNES Function norm 58.9264 
    1 SNES Function norm 0.0426097 
    2 SNES Function norm 1.7053e-07 
288 TS dt 0.01 time 2.87
    0 SNES Function norm 56.5249 
    1 SNES Function norm 0.0397155 
    2 SNES Function norm 2.04163e-07 
289 TS dt 0.01 time 2.88
    0 SNES Function norm 53.5344 
    1 SNES Function norm 0.0369288 
    2 SNES Function norm 2.36636e-07 
290 TS dt 0.01 time 2.89
    0 SNES Function norm 50.1195 
    1 SNES Function norm 0.0342358 
    2 SNES Function norm 2.66477e-07 
291 TS dt 0.01 time 2.9
    0 SNES Function norm 46.483 
    1 SNES Function norm 0.0316332 
    2 SNES Function norm 2.93035e-07 
292 TS dt 0.01 time 2.91
    0 SNES Function norm 42.8687 
    1 SNES Function norm 0.0291253 
    2 SNES Function norm 3.14744e-07 
293 TS dt 0.01 time 2.92
    0 SNES Function norm 39.5581 
    1 SNES Function norm 0.0267191 
    2 SNES Function norm 3.28138e-07 
294 TS dt 0.01 time 2.93
    0 SNES Function norm 36.8525 
    1 SNES Function norm 0.0244184 
    2 SNES Function norm 3.28423e-07 
295 TS dt 0.01 time 2.94
    0 SNES Function norm 35.0261 
    1 SNES Function norm 0.0222206 
    2 SNES Function norm 3.1193e-07 
296 TS dt 0.01 time 2.95
    0 SNES Function norm 34.2498 
    1 SNES Function norm 0.0201169 
    2 SNES Function norm 2.78219e-07 
297 TS dt 0.01 time 2.96
    0 SNES Function norm 34.5222 
    1 SNES Function norm 0.0180963 
    2 SNES Function norm 2.3072e-07 
298 TS dt 0.01 time 2.97
    0 SNES Function norm 35.6632 
    1 SNES Function norm 0.0161515 
    2 SNES Function norm 1.7608e-07 
299 TS dt 0.01 time 2.98
    0 SNES Function norm 37.38 
    1 SNES Function norm 0.0142848 
    2 SNES Function norm 1.22124e-07 
300 TS dt 0.01 time 2.99
    0 SNES Function norm 39.3558 
    1 SNES Function norm 0.0125116 
    2 SNES Function norm 7.56867e-08 
301 TS dt 0.01 time 3.
    0 SNES Function norm 41.3081 
    1 SNES Function norm 0.010861 
    2 SNES Function norm 4.09021e-08 
302 TS dt 0.01 time 3.01
    0 SNES Function norm 43.0116 
    1 SNES Function norm 0.00937301 
    2 SNES Function norm 1.8659e-08 
303 TS dt 0.01 time 3.02
    0 SNES Function norm 44.2986 
    1 SNES Function norm 0.00809089 
    2 SNES Function norm 7.08619e-09 
304 TS dt 0.01 time 3.03
    0 SNES Function norm 45.0521 
    1 SNES Function norm 0.00704977 
    2 SNES Function norm 2.96191e-09 
305 TS dt 0.01 time 3.04
    0 SNES Function norm 45.1973 
    1 SNES Function norm 0.00626087 
    2 SNES Function norm 2.22207e-09 
306 TS dt 0.01 time 3.05
    0 SNES Function norm 44.6947 
    1 SNES Function norm 0.00569896 
    2 SNES Function norm 2.06987e-09 
307 TS dt 0.01 time 3.06
    0 SNES Function norm 43.5344 
    1 SNES Function norm 0.00530475 
    2 SNES Function norm 3.97449e-09 
308 TS dt 0.01 time 3.07
    0 SNES Function norm 41.7331 
    1 SNES Function norm 0.00500559 
    2 SNES Function norm 1.06817e-08 
309 TS dt 0.01 time 3.08
    0 SNES Function norm 39.3312 
    1 SNES Function norm 0.00474207 
    2 SNES Function norm 2.41139e-08 
310 TS dt 0.01 time 3.09
    0 SNES Function norm 36.393 
    1 SNES Function norm 0.00448556 
    2 SNES Function norm 4.61181e-08 
311 TS dt 0.01 time 3.1
    0 SNES Function norm 33.0076 
    1 SNES Function norm 0.00424279 
    2 SNES Function norm 7.70994e-08 
312 TS dt 0.01 time 3.11
    0 SNES Function norm 29.2952 
    1 SNES Function norm 0.00404912 
    2 SNES Function norm 1.15081e-07 
313 TS dt 0.01 time 3.12
    0 SNES Function norm 25.419 
    1 SNES Function norm 0.00395053 
    2 SNES Function norm 1.55681e-07 
314 TS dt 0.01 time 3.13
    0 SNES Function norm 21.6117 
    1 SNES Function norm 0.00397623 
    2 SNES Function norm 1.93065e-07 
315 TS dt 0.01 time 3.14
    0 SNES Function norm 18.2226 
    1 SNES Function norm 0.00411618 
    2 SNES Function norm 2.21153e-07 
    3 SNES Function norm 1.151e-11 
316 TS dt 0.01 time 3.15
    0 SNES Function norm 15.7662 
    1 SNES Function norm 0.00432227 
    2 SNES Function norm 2.35297e-07 
    3 SNES Function norm 1.080e-11 
317 TS dt 0.01 time 3.16
    0 SNES Function norm 14.8319 
    1 SNES Function norm 0.00452965 
    2 SNES Function norm 2.33303e-07 
    3 SNES Function norm 1.169e-11 
318 TS dt 0.01 time 3.17
    0 SNES Function norm 15.6674 
    1 SNES Function norm 0.00467835 
    2 SNES Function norm 2.16045e-07 
    3 SNES Function norm 1.482e-11 
319 TS dt 0.01 time 3.18
    0 SNES Function norm 17.8931 
    1 SNES Function norm 0.0047249 
    2 SNES Function norm 1.86953e-07 
    3 SNES Function norm 1.885e-11 
320 TS dt 0.01 time 3.19
    0 SNES Function norm 20.8733 
    1 SNES Function norm 0.00464568 
    2 SNES Function norm 1.5116e-07 
321 TS dt 0.01 time 3.2
    0 SNES Function norm 24.1022 
    1 SNES Function norm 0.00443586 
    2 SNES Function norm 1.14123e-07 
322 TS dt 0.01 time 3.21
    0 SNES Function norm 27.2562 
    1 SNES Function norm 0.0041065 
    2 SNES Function norm 8.0479e-08 
323 TS dt 0.01 time 3.22
    0 SNES Function norm 30.1325 
    1 SNES Function norm 0.00368078 
    2 SNES Function norm 5.30656e-08 
324 TS dt 0.01 time 3.23
    0 SNES Function norm 32.6001 
    1 SNES Function norm 0.00318999 
    2 SNES Function norm 3.29596e-08 
325 TS dt 0.01 time 3.24
    0 SNES Function norm 34.573 
    1 SNES Function norm 0.0026702 
    2 SNES Function norm 1.95402e-08 
326 TS dt 0.01 time 3.25
    0 SNES Function norm 35.9959 
    1 SNES Function norm 0.00216101 
    2 SNES Function norm 1.13017e-08 
327 TS dt 0.01 time 3.26
    0 SNES Function norm 36.8372 
    1 SNES Function norm 0.00170916 
    2 SNES Function norm 6.57566e-09 
328 TS dt 0.01 time 3.27
    0 SNES Function norm 37.0854 
    1 SNES Function norm 0.0013795 
    2 SNES Function norm 4.00345e-09 
329 TS dt 0.01 time 3.28
    0 SNES Function norm 36.7465 
    1 SNES Function norm 0.00125674 
    2 SNES Function norm 2.63437e-09 
330 TS dt 0.01 time 3.29
    0 SNES Function norm 35.843 
    1 SNES Function norm 0.00138119 
    2 SNES Function norm 2.0141e-09 
331 TS dt 0.01 time 3.3
    0 SNES Function norm 34.4136 
    1 SNES Function norm 0.0016929 
    2 SNES Function norm 2.75116e-09 
332 TS dt 0.01 time 3.31
    0 SNES Function norm 32.5127 
    1 SNES Function norm 0.00210956 
    2 SNES Function norm 5.91073e-09 
333 TS dt 0.01 time 3.32
    0 SNES Function norm 30.2119 
    1 SNES Function norm 0.00257797 
    2 SNES Function norm 1.17805e-08 
334 TS dt 0.01 time 3.33
    0 SNES Function norm 27.6019 
    1 SNES Function norm 0.00306346 
    2 SNES Function norm 2.01831e-08 
335 TS dt 0.01 time 3.34
    0 SNES Function norm 24.7979 
    1 SNES Function norm 0.00353665 
    2 SNES Function norm 3.03614e-08 
336 TS dt 0.01 time 3.35
    0 SNES Function norm 21.9477 
    1 SNES Function norm 0.00396883 
    2 SNES Function norm 4.10258e-08 
337 TS dt 0.01 time 3.36
    0 SNES Function norm 19.2452 
    1 SNES Function norm 0.00433209 
    2 SNES Function norm 5.06037e-08 
338 TS dt 0.01 time 3.37
    0 SNES Function norm 16.9438 
    1 SNES Function norm 0.00460133 
    2 SNES Function norm 5.75609e-08 
339 TS dt 0.01 time 3.38
    0 SNES Function norm 15.3467 
    1 SNES Function norm 0.00475678 
    2 SNES Function norm 6.08526e-08 
340 TS dt 0.01 time 3.39
    0 SNES Function norm 14.7206 
    1 SNES Function norm 0.00478612 
    2 SNES Function norm 6.007e-08 
341 TS dt 0.01 time 3.4
    0 SNES Function norm 15.1354 
    1 SNES Function norm 0.00468617 
    2 SNES Function norm 5.56483e-08 
342 TS dt 0.01 time 3.41
    0 SNES Function norm 16.3951 
    1 SNES Function norm 0.00446376 
    2 SNES Function norm 4.85559e-08 
343 TS dt 0.01 time 3.42
    0 SNES Function norm 18.168 
    1 SNES Function norm 0.0041361 
    2 SNES Function norm 4.0146e-08 
344 TS dt 0.01 time 3.43
    0 SNES Function norm 20.1443 
    1 SNES Function norm 0.00373069 
    2 SNES Function norm 3.17453e-08 
345 TS dt 0.01 time 3.44
    0 SNES Function norm 22.0933 
    1 SNES Function norm 0.00328518 
    2 SNES Function norm 2.43191e-08 
346 TS dt 0.01 time 3.45
    0 SNES Function norm 23.8567 
    1 SNES Function norm 0.00284724 
    2 SNES Function norm 1.8346e-08 
347 TS dt 0.01 time 3.46
    0 SNES Function norm 25.3285 
    1 SNES Function norm 0.00247271 
    2 SNES Function norm 1.37935e-08 
348 TS dt 0.01 time 3.47
    0 SNES Function norm 26.439 
    1 SNES Function norm 0.00221644 
    2 SNES Function norm 1.04385e-08 
349 TS dt 0.01 time 3.48
    0 SNES Function norm 27.1452 
    1 SNES Function norm 0.00210888 
    2 SNES Function norm 8.01957e-09 
350 TS dt 0.01 time 3.49
    0 SNES Function norm 27.424 
    1 SNES Function norm 0.00213231 
    2 SNES Function norm 6.42501e-09 
351 TS dt 0.01 time 3.5
    0 SNES Function norm 27.2693 
    1 SNES Function norm 0.00223072 
    2 SNES Function norm 5.68508e-09 
352 TS dt 0.01 time 3.51
    0 SNES Function norm 26.6892 
    1 SNES Function norm 0.00234491 
    2 SNES Function norm 6.01295e-09 
353 TS dt 0.01 time 3.52
    0 SNES Function norm 25.7053 
    1 SNES Function norm 0.00243462 
    2 SNES Function norm 7.70448e-09 
354 TS dt 0.01 time 3.53
    0 SNES Function norm 24.3519 
    1 SNES Function norm 0.00248187 
    2 SNES Function norm 1.11446e-08 
355 TS dt 0.01 time 3.54
    0 SNES Function norm 22.6767 
    1 SNES Function norm 0.00248736 
    2 SNES Function norm 1.65129e-08 
356 TS dt 0.01 time 3.55
    0 SNES Function norm 20.7434 
    1 SNES Function norm 0.00246612 
    2 SNES Function norm 2.37392e-08 
357 TS dt 0.01 time 3.56
    0 SNES Function norm 18.636 
    1 SNES Function norm 0.00244273 
    2 SNES Function norm 3.22169e-08 
358 TS dt 0.01 time 3.57
    0 SNES Function norm 16.4681 
    1 SNES Function norm 0.00244466 
    2 SNES Function norm 4.1088e-08 
359 TS dt 0.01 time 3.58
    0 SNES Function norm 14.3987 
    1 SNES Function norm 0.00249347 
    2 SNES Function norm 4.91728e-08 
360 TS dt 0.01 time 3.59
    0 SNES Function norm 12.6515 
    1 SNES Function norm 0.00259689 
    2 SNES Function norm 5.53677e-08 
361 TS dt 0.01 time 3.6
    0 SNES Function norm 11.5144 
    1 SNES Function norm 0.00274712 
    2 SNES Function norm 5.87183e-08 
362 TS dt 0.01 time 3.61
    0 SNES Function norm 11.2543 
    1 SNES Function norm 0.00292599 
    2 SNES Function norm 5.87256e-08 
363 TS dt 0.01 time 3.62
    0 SNES Function norm 11.9406 
    1 SNES Function norm 0.00311316 
    2 SNES Function norm 5.54812e-08 
364 TS dt 0.01 time 3.63
    0 SNES Function norm 13.3856 
    1 SNES Function norm 0.00329239 
    2 SNES Function norm 4.95065e-08 
365 TS dt 0.01 time 3.64
    0 SNES Function norm 15.2947 
    1 SNES Function norm 0.00345517 
    2 SNES Function norm 4.18278e-08 
366 TS dt 0.01 time 3.65
    0 SNES Function norm 17.4125 
    1 SNES Function norm 0.003602 
    2 SNES Function norm 3.35779e-08 
367 TS dt 0.01 time 3.66
    0 SNES Function norm 19.5561 
    1 SNES Function norm 0.00374234 
    2 SNES Function norm 2.5956e-08 
368 TS dt 0.01 time 3.67
    0 SNES Function norm 21.6006 
    1 SNES Function norm 0.00389337 
    2 SNES Function norm 1.98654e-08 
369 TS dt 0.01 time 3.68
    0 SNES Function norm 23.459 
    1 SNES Function norm 0.00407743 
    2 SNES Function norm 1.57757e-08 
370 TS dt 0.01 time 3.69
    0 SNES Function norm 25.0695 
    1 SNES Function norm 0.00431813 
    2 SNES Function norm 1.33842e-08 
371 TS dt 0.01 time 3.7
    0 SNES Function norm 26.3879 
    1 SNES Function norm 0.0046358 
    2 SNES Function norm 1.19635e-08 
372 TS dt 0.01 time 3.71
    0 SNES Function norm 27.3831 
    1 SNES Function norm 0.00504381 
    2 SNES Function norm 1.09067e-08 
373 TS dt 0.01 time 3.72
    0 SNES Function norm 28.0349 
    1 SNES Function norm 0.00554697 
    2 SNES Function norm 9.97424e-09 
374 TS dt 0.01 time 3.73
    0 SNES Function norm 28.3327 
    1 SNES Function norm 0.00614221 
    2 SNES Function norm 9.15212e-09 
375 TS dt 0.01 time 3.74
    0 SNES Function norm 28.274 
    1 SNES Function norm 0.00682052 
    2 SNES Function norm 8.47167e-09 
376 TS dt 0.01 time 3.75
    0 SNES Function norm 27.8645 
    1 SNES Function norm 0.00756901 
    2 SNES Function norm 7.95514e-09 
377 TS dt 0.01 time 3.76
    0 SNES Function norm 27.117 
    1 SNES Function norm 0.00837234 
    2 SNES Function norm 7.62484e-09 
378 TS dt 0.01 time 3.77
    0 SNES Function norm 26.0513 
    1 SNES Function norm 0.00921369 
    2 SNES Function norm 7.51006e-09 
379 TS dt 0.01 time 3.78
    0 SNES Function norm 24.6942 
    1 SNES Function norm 0.0100753 
    2 SNES Function norm 7.64756e-09 
380 TS dt 0.01 time 3.79
    0 SNES Function norm 23.079 
    1 SNES Function norm 0.0109387 
    2 SNES Function norm 8.10316e-09 
381 TS dt 0.01 time 3.8
    0 SNES Function norm 21.2461 
    1 SNES Function norm 0.0117858 
    2 SNES Function norm 8.98028e-09 
382 TS dt 0.01 time 3.81
    0 SNES Function norm 19.2435 
    1 SNES Function norm 0.0125985 
    2 SNES Function norm 1.03496e-08 
383 TS dt 0.01 time 3.82
    0 SNES Function norm 17.1285 
    1 SNES Function norm 0.0133602 
    2 SNES Function norm 1.21509e-08 
384 TS dt 0.01 time 3.83
    0 SNES Function norm 14.9716 
    1 SNES Function norm 0.0140561 
    2 SNES Function norm 1.4206e-08 
385 TS dt 0.01 time 3.84
    0 SNES Function norm 12.8629 
    1 SNES Function norm 0.0146738 
    2 SNES Function norm 1.62578e-08 
386 TS dt 0.01 time 3.85
    0 SNES Function norm 10.9242 
    1 SNES Function norm 0.0152041 
    2 SNES Function norm 1.80603e-08 
387 TS dt 0.01 time 3.86
    0 SNES Function norm 9.32431 
    1 SNES Function norm 0.0156413 
    2 SNES Function norm 1.94407e-08 
388 TS dt 0.01 time 3.87
    0 SNES Function norm 8.27556 
    1 SNES Function norm 0.0159835 
    2 SNES Function norm 2.03202e-08 
389 TS dt 0.01 time 3.88
    0 SNES Function norm 7.95657 
    1 SNES Function norm 0.0162326 
    2 SNES Function norm 2.06931e-08 
390 TS dt 0.01 time 3.89
    0 SNES Function norm 8.3651 
    1 SNES Function norm 0.0163936 
    2 SNES Function norm 2.06178e-08 
391 TS dt 0.01 time 3.9
    0 SNES Function norm 9.29643 
    1 SNES Function norm 0.0164746 
    2 SNES Function norm 2.01525e-08 
392 TS dt 0.01 time 3.91
    0 SNES Function norm 10.4946 
    1 SNES Function norm 0.0164858 
    2 SNES Function norm 1.93696e-08 
393 TS dt 0.01 time 3.92
    0 SNES Function norm 11.7621 
    1 SNES Function norm 0.0164385 
    2 SNES Function norm 1.83334e-08 
394 TS dt 0.01 time 3.93
    0 SNES Function norm 12.9704 
    1 SNES Function norm 0.0163444 
    2 SNES Function norm 1.70939e-08 
395 TS dt 0.01 time 3.94
    0 SNES Function norm 14.0397 
    1 SNES Function norm 0.0162149 
    2 SNES Function norm 1.57244e-08 
396 TS dt 0.01 time 3.95
    0 SNES Function norm 14.9203 
    1 SNES Function norm 0.0160599 
    2 SNES Function norm 1.43032e-08 
397 TS dt 0.01 time 3.96
    0 SNES Function norm 15.5825 
    1 SNES Function norm 0.0158878 
    2 SNES Function norm 1.29139e-08 
398 TS dt 0.01 time 3.97
    0 SNES Function norm 16.0098 
    1 SNES Function norm 0.0157049 
    2 SNES Function norm 1.16313e-08 
399 TS dt 0.01 time 3.98
    0 SNES Function norm 16.1962 
    1 SNES Function norm 0.0155157 
    2 SNES Function norm 1.05115e-08 
400 TS dt 0.01 time 3.99
    0 SNES Function norm 16.1436 
    1 SNES Function norm 0.0153229 
    2 SNES Function norm 9.58781e-09 
401 TS dt 0.01 time 4.
    0 SNES Function norm 15.8614 
    1 SNES Function norm 0.0151278 
    2 SNES Function norm 8.87253e-09 
402 TS dt 0.01 time 4.01
    0 SNES Function norm 15.365 
    1 SNES Function norm 0.0149308 
    2 SNES Function norm 8.36016e-09 
403 TS dt 0.01 time 4.02
    0 SNES Function norm 14.6759 
    1 SNES Function norm 0.0147321 
    2 SNES Function norm 8.03571e-09 
404 TS dt 0.01 time 4.03
    0 SNES Function norm 13.822 
    1 SNES Function norm 0.0145316 
    2 SNES Function norm 7.8818e-09 
405 TS dt 0.01 time 4.04
    0 SNES Function norm 12.8375 
    1 SNES Function norm 0.0143293 
    2 SNES Function norm 7.88996e-09 
406 TS dt 0.01 time 4.05
    0 SNES Function norm 11.7643 
    1 SNES Function norm 0.0141256 
    2 SNES Function norm 8.03553e-09 
407 TS dt 0.01 time 4.06
    0 SNES Function norm 10.6543 
    1 SNES Function norm 0.0139215 
    2 SNES Function norm 8.28608e-09 
408 TS dt 0.01 time 4.07
    0 SNES Function norm 9.57152 
    1 SNES Function norm 0.013718 
    2 SNES Function norm 8.57773e-09 
409 TS dt 0.01 time 4.08
    0 SNES Function norm 8.59582 
    1 SNES Function norm 0.0135167 
    2 SNES Function norm 8.82107e-09 
410 TS dt 0.01 time 4.09
    0 SNES Function norm 7.82118 
    1 SNES Function norm 0.0133191 
    2 SNES Function norm 8.96259e-09 
411 TS dt 0.01 time 4.1
    0 SNES Function norm 7.34233 
    1 SNES Function norm 0.013127 
    2 SNES Function norm 8.93837e-09 
412 TS dt 0.01 time 4.11
    0 SNES Function norm 7.22186 
    1 SNES Function norm 0.0129423 
    2 SNES Function norm 8.75157e-09 
413 TS dt 0.01 time 4.12
    0 SNES Function norm 7.45508 
    1 SNES Function norm 0.0127668 
    2 SNES Function norm 8.40682e-09 
414 TS dt 0.01 time 4.13
    0 SNES Function norm 7.96945 
    1 SNES Function norm 0.0126024 
    2 SNES Function norm 7.95997e-09 
415 TS dt 0.01 time 4.14
    0 SNES Function norm 8.66112 
    1 SNES Function norm 0.0124507 
    2 SNES Function norm 7.47739e-09 
416 TS dt 0.01 time 4.15
    0 SNES Function norm 9.43117 
    1 SNES Function norm 0.0123132 
    2 SNES Function norm 7.01241e-09 
417 TS dt 0.01 time 4.16
    0 SNES Function norm 10.2008 
    1 SNES Function norm 0.0121912 
    2 SNES Function norm 6.59164e-09 
418 TS dt 0.01 time 4.17
    0 SNES Function norm 10.9119 
    1 SNES Function norm 0.0120854 
    2 SNES Function norm 6.23699e-09 
419 TS dt 0.01 time 4.18
    0 SNES Function norm 11.5228 
    1 SNES Function norm 0.0119962 
    2 SNES Function norm 5.9541e-09 
420 TS dt 0.01 time 4.19
    0 SNES Function norm 12.0046 
    1 SNES Function norm 0.0119233 
    2 SNES Function norm 5.73605e-09 
421 TS dt 0.01 time 4.2
    0 SNES Function norm 12.3376 
    1 SNES Function norm 0.0118657 
    2 SNES Function norm 5.58466e-09 
422 TS dt 0.01 time 4.21
    0 SNES Function norm 12.5097 
    1 SNES Function norm 0.0118217 
    2 SNES Function norm 5.50036e-09 
423 TS dt 0.01 time 4.22
    0 SNES Function norm 12.5151 
    1 SNES Function norm 0.011789 
    2 SNES Function norm 5.48477e-09 
424 TS dt 0.01 time 4.23
    0 SNES Function norm 12.3535 
    1 SNES Function norm 0.011765 
    2 SNES Function norm 5.53845e-09 
425 TS dt 0.01 time 4.24
    0 SNES Function norm 12.0293 
    1 SNES Function norm 0.0117462 
    2 SNES Function norm 5.66044e-09 
426 TS dt 0.01 time 4.25
    0 SNES Function norm 11.5519 
    1 SNES Function norm 0.0117291 
    2 SNES Function norm 5.84769e-09 
427 TS dt 0.01 time 4.26
    0 SNES Function norm 10.9353 
    1 SNES Function norm 0.0117102 
    2 SNES Function norm 6.09523e-09 
428 TS dt 0.01 time 4.27
    0 SNES Function norm 10.1985 
    1 SNES Function norm 0.0116856 
    2 SNES Function norm 6.39608e-09 
429 TS dt 0.01 time 4.28
    0 SNES Function norm 9.36639 
    1 SNES Function norm 0.011652 
    2 SNES Function norm 6.73956e-09 
430 TS dt 0.01 time 4.29
    0 SNES Function norm 8.47089 
    1 SNES Function norm 0.0116062 
    2 SNES Function norm 7.11036e-09 
431 TS dt 0.01 time 4.3
    0 SNES Function norm 7.55408 
    1 SNES Function norm 0.0115456 
    2 SNES Function norm 7.48743e-09 
432 TS dt 0.01 time 4.31
    0 SNES Function norm 6.67235 
    1 SNES Function norm 0.011468 
    2 SNES Function norm 7.84718e-09 
433 TS dt 0.01 time 4.32
    0 SNES Function norm 5.90168 
    1 SNES Function norm 0.0113719 
    2 SNES Function norm 8.1673e-09 
434 TS dt 0.01 time 4.33
    0 SNES Function norm 5.3382 
    1 SNES Function norm 0.0112567 
    2 SNES Function norm 8.42019e-09 
435 TS dt 0.01 time 4.34
    0 SNES Function norm 5.07891 
    1 SNES Function norm 0.0111224 
    2 SNES Function norm 8.5869e-09 
436 TS dt 0.01 time 4.35
    0 SNES Function norm 5.17332 
    1 SNES Function norm 0.0109698 
    2 SNES Function norm 8.65458e-09 
437 TS dt 0.01 time 4.36
    0 SNES Function norm 5.58602 
    1 SNES Function norm 0.0108005 
    2 SNES Function norm 8.61371e-09 
438 TS dt 0.01 time 4.37
    0 SNES Function norm 6.22151 
    1 SNES Function norm 0.0106166 
    2 SNES Function norm 8.46436e-09 
439 TS dt 0.01 time 4.38
    0 SNES Function norm 6.97752 
    1 SNES Function norm 0.0104209 
    2 SNES Function norm 8.21393e-09 
440 TS dt 0.01 time 4.39
    0 SNES Function norm 7.77276 
    1 SNES Function norm 0.0102166 
    2 SNES Function norm 7.87411e-09 
441 TS dt 0.01 time 4.4
    0 SNES Function norm 8.54923 
    1 SNES Function norm 0.0100071 
    2 SNES Function norm 7.46243e-09 
442 TS dt 0.01 time 4.41
    0 SNES Function norm 9.26649 
    1 SNES Function norm 0.00979579 
    2 SNES Function norm 6.9977e-09 
443 TS dt 0.01 time 4.42
    0 SNES Function norm 9.89627 
    1 SNES Function norm 0.009586 
    2 SNES Function norm 6.50069e-09 
444 TS dt 0.01 time 4.43
    0 SNES Function norm 10.4188 
    1 SNES Function norm 0.00938077 
    2 SNES Function norm 5.99261e-09 
445 TS dt 0.01 time 4.44
    0 SNES Function norm 10.8208 
    1 SNES Function norm 0.00918273 
    2 SNES Function norm 5.49152e-09 
446 TS dt 0.01 time 4.45
    0 SNES Function norm 11.0937 
    1 SNES Function norm 0.00899399 
    2 SNES Function norm 5.01308e-09 
447 TS dt 0.01 time 4.46
    0 SNES Function norm 11.2336 
    1 SNES Function norm 0.00881614 
    2 SNES Function norm 4.56831e-09 
448 TS dt 0.01 time 4.47
    0 SNES Function norm 11.2401 
    1 SNES Function norm 0.00865022 
    2 SNES Function norm 4.16371e-09 
449 TS dt 0.01 time 4.48
    0 SNES Function norm 11.1163 
    1 SNES Function norm 0.00849678 
    2 SNES Function norm 3.8023e-09 
450 TS dt 0.01 time 4.49
    0 SNES Function norm 10.8686 
    1 SNES Function norm 0.00835594 
    2 SNES Function norm 3.48358e-09 
451 TS dt 0.01 time 4.5
    0 SNES Function norm 10.5066 
    1 SNES Function norm 0.00822746 
    2 SNES Function norm 3.20531e-09 
452 TS dt 0.01 time 4.51
    0 SNES Function norm 10.0431 
    1 SNES Function norm 0.00811082 
    2 SNES Function norm 2.96374e-09 
453 TS dt 0.01 time 4.52
    0 SNES Function norm 9.49434 
    1 SNES Function norm 0.00800533 
    2 SNES Function norm 2.75496e-09 
454 TS dt 0.01 time 4.53
    0 SNES Function norm 8.88024 
    1 SNES Function norm 0.00791014 
    2 SNES Function norm 2.57875e-09 
455 TS dt 0.01 time 4.54
    0 SNES Function norm 8.22509 
    1 SNES Function norm 0.00782434 
    2 SNES Function norm 2.42886e-09 
456 TS dt 0.01 time 4.55
    0 SNES Function norm 7.55831 
    1 SNES Function norm 0.00774696 
    2 SNES Function norm 2.29954e-09 
457 TS dt 0.01 time 4.56
    0 SNES Function norm 6.91542 
    1 SNES Function norm 0.00767702 
    2 SNES Function norm 2.19441e-09 
458 TS dt 0.01 time 4.57
    0 SNES Function norm 6.33837 
    1 SNES Function norm 0.00761358 
    2 SNES Function norm 2.09631e-09 
459 TS dt 0.01 time 4.58
    0 SNES Function norm 5.87377 
    1 SNES Function norm 0.00755573 
    2 SNES Function norm 1.98998e-09 
460 TS dt 0.01 time 4.59
    0 SNES Function norm 5.5664 
    1 SNES Function norm 0.00750265 
    2 SNES Function norm 1.88147e-09 
461 TS dt 0.01 time 4.6
    0 SNES Function norm 5.44688 
    1 SNES Function norm 0.00745362 
    2 SNES Function norm 1.75858e-09 
462 TS dt 0.01 time 4.61
    0 SNES Function norm 5.51897 
    1 SNES Function norm 0.00740803 
    2 SNES Function norm 1.62289e-09 
463 TS dt 0.01 time 4.62
    0 SNES Function norm 5.75655 
    1 SNES Function norm 0.00736539 
    2 SNES Function norm 1.48743e-09 
464 TS dt 0.01 time 4.63
    0 SNES Function norm 6.11395 
    1 SNES Function norm 0.00732532 
    2 SNES Function norm 1.34761e-09 
465 TS dt 0.01 time 4.64
    0 SNES Function norm 6.54067 
    1 SNES Function norm 0.0072875 
    2 SNES Function norm 1.20924e-09 
466 TS dt 0.01 time 4.65
    0 SNES Function norm 6.99128 
    1 SNES Function norm 0.00725165 
    2 SNES Function norm 1.08938e-09 
467 TS dt 0.01 time 4.66
    0 SNES Function norm 7.42911 
    1 SNES Function norm 0.00721747 
    2 SNES Function norm 9.807e-10 
468 TS dt 0.01 time 4.67
    0 SNES Function norm 7.82612 
    1 SNES Function norm 0.00718456 
    2 SNES Function norm 8.861e-10 
469 TS dt 0.01 time 4.68
    0 SNES Function norm 8.16167 
    1 SNES Function norm 0.0071524 
    2 SNES Function norm 8.039e-10 
470 TS dt 0.01 time 4.69
    0 SNES Function norm 8.42114 
    1 SNES Function norm 0.00712027 
    2 SNES Function norm 7.335e-10 
471 TS dt 0.01 time 4.7
    0 SNES Function norm 8.59491 
    1 SNES Function norm 0.00708728 
    2 SNES Function norm 6.734e-10 
472 TS dt 0.01 time 4.71
    0 SNES Function norm 8.67763 
    1 SNES Function norm 0.00705227 
    2 SNES Function norm 6.238e-10 
473 TS dt 0.01 time 4.72
    0 SNES Function norm 8.66776 
    1 SNES Function norm 0.00701391 
    2 SNES Function norm 5.842e-10 
474 TS dt 0.01 time 4.73
    0 SNES Function norm 8.56732 
    1 SNES Function norm 0.0069707 
    2 SNES Function norm 5.538e-10 
475 TS dt 0.01 time 4.74
    0 SNES Function norm 8.38185 
    1 SNES Function norm 0.00692099 
    2 SNES Function norm 5.323e-10 
476 TS dt 0.01 time 4.75
    0 SNES Function norm 8.12042 
    1 SNES Function norm 0.0068631 
    2 SNES Function norm 5.191e-10 
477 TS dt 0.01 time 4.76
    0 SNES Function norm 7.79595 
    1 SNES Function norm 0.00679536 
    2 SNES Function norm 5.143e-10 
478 TS dt 0.01 time 4.77
    0 SNES Function norm 7.42549 
    1 SNES Function norm 0.00671619 
    2 SNES Function norm 5.168e-10 
479 TS dt 0.01 time 4.78
    0 SNES Function norm 7.03076 
    1 SNES Function norm 0.0066242 
    2 SNES Function norm 5.261e-10 
480 TS dt 0.01 time 4.79
    0 SNES Function norm 6.63848 
    1 SNES Function norm 0.0065182 
    2 SNES Function norm 5.432e-10 
481 TS dt 0.01 time 4.8
    0 SNES Function norm 6.28029 
    1 SNES Function norm 0.00639732 
    2 SNES Function norm 5.656e-10 
482 TS dt 0.01 time 4.81
    0 SNES Function norm 5.99117 
    1 SNES Function norm 0.00626105 
    2 SNES Function norm 5.947e-10 
483 TS dt 0.01 time 4.82
    0 SNES Function norm 5.80553 
    1 SNES Function norm 0.00610924 
    2 SNES Function norm 6.193e-10 
484 TS dt 0.01 time 4.83
    0 SNES Function norm 5.75042 
    1 SNES Function norm 0.00594217 
    2 SNES Function norm 6.408e-10 
485 TS dt 0.01 time 4.84
    0 SNES Function norm 5.83819 
    1 SNES Function norm 0.00576052 
    2 SNES Function norm 6.546e-10 
486 TS dt 0.01 time 4.85
    0 SNES Function norm 6.06277 
    1 SNES Function norm 0.00556537 
    2 SNES Function norm 6.566e-10 
487 TS dt 0.01 time 4.86
    0 SNES Function norm 6.4022 
    1 SNES Function norm 0.00535819 
    2 SNES Function norm 6.420e-10 
488 TS dt 0.01 time 4.87
    0 SNES Function norm 6.82558 
    1 SNES Function norm 0.00514075 
    2 SNES Function norm 6.167e-10 
489 TS dt 0.01 time 4.88
    0 SNES Function norm 7.29995 
    1 SNES Function norm 0.00491513 
    2 SNES Function norm 5.841e-10 
490 TS dt 0.01 time 4.89
    0 SNES Function norm 7.79477 
    1 SNES Function norm 0.00468358 
    2 SNES Function norm 5.396e-10 
491 TS dt 0.01 time 4.9
    0 SNES Function norm 8.28377 
    1 SNES Function norm 0.00444847 
    2 SNES Function norm 4.877e-10 
492 TS dt 0.01 time 4.91
    0 SNES Function norm 8.74527 
    1 SNES Function norm 0.00421218 
    2 SNES Function norm 4.332e-10 
493 TS dt 0.01 time 4.92
    0 SNES Function norm 9.16185 
    1 SNES Function norm 0.00397705 
    2 SNES Function norm 3.762e-10 
494 TS dt 0.01 time 4.93
    0 SNES Function norm 9.51987 
    1 SNES Function norm 0.00374524 
    2 SNES Function norm 3.214e-10 
495 TS dt 0.01 time 4.94
    0 SNES Function norm 9.80896 
    1 SNES Function norm 0.00351869 
    2 SNES Function norm 2.693e-10 
496 TS dt 0.01 time 4.95
    0 SNES Function norm 10.0216 
    1 SNES Function norm 0.00329904 
    2 SNES Function norm 2.216e-10 
497 TS dt 0.01 time 4.96
    0 SNES Function norm 10.153 
    1 SNES Function norm 0.00308759 
    2 SNES Function norm 1.806e-10 
498 TS dt 0.01 time 4.97
    0 SNES Function norm 10.2005 
    1 SNES Function norm 0.0028853 
    2 SNES Function norm 1.448e-10 
499 TS dt 0.01 time 4.98
    0 SNES Function norm 10.1639 
    1 SNES Function norm 0.00269277 
    2 SNES Function norm 1.163e-10 
500 TS dt 0.01 time 4.99
    0 SNES Function norm 10.0449 
    1 SNES Function norm 0.00251031 
    2 SNES Function norm 9.378e-11 
501 TS dt 0.01 time 5.
