
 sensitivity wrt initial conditions: 
Vec Object: 1 MPI processes
  type: seq
12.0182
0.0889896
-0.261012
-1.03543
-4.44089e-18
-3.55271e-17
0.346
7.21997
0.215548
6.66203
0.0919621
-0.0794117
-0.316973
8.88178e-18
1.77636e-17
0.263349
5.41105
0.163176
4.86192
0.135257
-0.0369848
-0.145594
-8.88178e-18
-8.88178e-18
0.195929
3.95889
0.120654
7.77156e-18
2.84217e-16
-1.11022e-18
0.
-1.29619e-16
0.
-3.55271e-17
-1.42109e-16
-7.10543e-17
0.
-1.77636e-17
2.13163e-16
1.06581e-16
7.10543e-16
0.
-4.26326e-16
1.77636e-16
0.
