  0 SNES Function norm 222.222 
    0 KSP Residual norm 222.222 
        0 KSP Residual norm 0.435315 
        1 KSP Residual norm 0.0222212 
        2 KSP Residual norm 0.00174918 
        3 KSP Residual norm 4.01496e-05 
        4 KSP Residual norm 3.6167e-06 
      0 KSP Residual norm 0.00263632 
        0 KSP Residual norm 10.7033 
        1 KSP Residual norm 1.00024 
        2 KSP Residual norm 0.0895262 
        3 KSP Residual norm 0.00975604 
        4 KSP Residual norm 0.00089002 
        5 KSP Residual norm 8.65213e-05 
      1 KSP Residual norm 0.000303407 
        0 KSP Residual norm 26.5758 
        1 KSP Residual norm 2.40452 
        2 KSP Residual norm 0.205894 
        3 KSP Residual norm 0.0366365 
        4 KSP Residual norm 0.00267478 
        5 KSP Residual norm 0.000150945 
      2 KSP Residual norm 7.10345e-05 
        0 KSP Residual norm 26.8239 
        1 KSP Residual norm 2.32905 
        2 KSP Residual norm 0.238669 
        3 KSP Residual norm 0.0345759 
        4 KSP Residual norm 0.00388317 
        5 KSP Residual norm 0.000191972 
      3 KSP Residual norm 1.31693e-05 
        0 KSP Residual norm 4.62589 
        1 KSP Residual norm 0.225038 
        2 KSP Residual norm 0.0310319 
        3 KSP Residual norm 0.00303309 
        4 KSP Residual norm 0.000168454 
        5 KSP Residual norm 2.10475e-05 
      4 KSP Residual norm 5.34342e-07 
        0 KSP Residual norm 34.1266 
        1 KSP Residual norm 2.9791 
        2 KSP Residual norm 0.391728 
        3 KSP Residual norm 0.0500956 
        4 KSP Residual norm 0.00431574 
        5 KSP Residual norm 0.00028847 
      5 KSP Residual norm 7.88295e-09 
        0 KSP Residual norm 0.43791 
        1 KSP Residual norm 0.0243428 
        2 KSP Residual norm 0.00191276 
        3 KSP Residual norm 3.86773e-05 
        4 KSP Residual norm 3.63667e-06 
    1 KSP Residual norm 0.00244187 
        0 KSP Residual norm 0.331323 
        1 KSP Residual norm 0.0410189 
        2 KSP Residual norm 0.00562557 
        3 KSP Residual norm 0.000159455 
        4 KSP Residual norm 5.53784e-06 
        5 KSP Residual norm 6.74999e-07 
      0 KSP Residual norm 0.0054201 
        0 KSP Residual norm 28.5821 
        1 KSP Residual norm 2.15988 
        2 KSP Residual norm 0.249659 
        3 KSP Residual norm 0.0361661 
        4 KSP Residual norm 0.00389627 
        5 KSP Residual norm 0.000214026 
      1 KSP Residual norm 0.00133308 
        0 KSP Residual norm 24.6065 
        1 KSP Residual norm 1.62191 
        2 KSP Residual norm 0.109382 
        3 KSP Residual norm 0.0231748 
        4 KSP Residual norm 0.00208604 
        5 KSP Residual norm 0.000117641 
      2 KSP Residual norm 0.000183891 
        0 KSP Residual norm 17.0772 
        1 KSP Residual norm 1.89193 
        2 KSP Residual norm 0.218344 
        3 KSP Residual norm 0.0297211 
        4 KSP Residual norm 0.00243267 
        5 KSP Residual norm 0.000181764 
        6 KSP Residual norm 1.39223e-05 
      3 KSP Residual norm 1.8294e-05 
        0 KSP Residual norm 17.0853 
        1 KSP Residual norm 1.82479 
        2 KSP Residual norm 0.15243 
        3 KSP Residual norm 0.0242955 
        4 KSP Residual norm 0.00154713 
        5 KSP Residual norm 9.9199e-05 
      4 KSP Residual norm 8.52211e-07 
        0 KSP Residual norm 24.4937 
        1 KSP Residual norm 1.85045 
        2 KSP Residual norm 0.217629 
        3 KSP Residual norm 0.0299214 
        4 KSP Residual norm 0.0026484 
        5 KSP Residual norm 0.000275273 
        6 KSP Residual norm 2.1441e-05 
      5 KSP Residual norm 8.01064e-08 
        0 KSP Residual norm 18.1952 
        1 KSP Residual norm 2.00066 
        2 KSP Residual norm 0.252679 
        3 KSP Residual norm 0.0316818 
        4 KSP Residual norm 0.00284119 
        5 KSP Residual norm 0.000219892 
        6 KSP Residual norm 1.80021e-05 
      6 KSP Residual norm 1.963e-10 
        0 KSP Residual norm 0.337599 
        1 KSP Residual norm 0.0512824 
        2 KSP Residual norm 0.00666129 
        3 KSP Residual norm 0.000358389 
        4 KSP Residual norm 3.34701e-05 
        5 KSP Residual norm 4.21162e-06 
        6 KSP Residual norm 1.69701e-07 
    2 KSP Residual norm 1.46286e-09 
  1 SNES Function norm 86.4218 
    0 KSP Residual norm 86.4218 
        0 KSP Residual norm 0.254607 
        1 KSP Residual norm 0.0137785 
        2 KSP Residual norm 0.00140321 
        3 KSP Residual norm 0.000160478 
        4 KSP Residual norm 2.35069e-05 
        5 KSP Residual norm 6.15102e-06 
        6 KSP Residual norm 8.72598e-07 
      0 KSP Residual norm 0.00379374 
        0 KSP Residual norm 6.3182 
        1 KSP Residual norm 0.585054 
        2 KSP Residual norm 0.0818241 
        3 KSP Residual norm 0.0120281 
        4 KSP Residual norm 0.00186426 
        5 KSP Residual norm 0.000505144 
        6 KSP Residual norm 3.64527e-05 
      1 KSP Residual norm 0.000221282 
        0 KSP Residual norm 13.6889 
        1 KSP Residual norm 1.3159 
        2 KSP Residual norm 0.151314 
        3 KSP Residual norm 0.03688 
        4 KSP Residual norm 0.00351428 
        5 KSP Residual norm 0.000115547 
      2 KSP Residual norm 7.15398e-05 
        0 KSP Residual norm 16.0118 
        1 KSP Residual norm 1.64329 
        2 KSP Residual norm 0.246879 
        3 KSP Residual norm 0.0524652 
        4 KSP Residual norm 0.00720897 
        5 KSP Residual norm 0.000273175 
        6 KSP Residual norm 4.31449e-05 
      3 KSP Residual norm 1.53443e-05 
        0 KSP Residual norm 10.6233 
        1 KSP Residual norm 0.610546 
        2 KSP Residual norm 0.0581012 
        3 KSP Residual norm 0.00633962 
        4 KSP Residual norm 0.00188577 
        5 KSP Residual norm 7.16148e-05 
      4 KSP Residual norm 8.69103e-07 
        0 KSP Residual norm 21.1961 
        1 KSP Residual norm 1.67095 
        2 KSP Residual norm 0.193101 
        3 KSP Residual norm 0.0499711 
        4 KSP Residual norm 0.00584899 
        5 KSP Residual norm 0.000298951 
        6 KSP Residual norm 2.70347e-05 
      5 KSP Residual norm < 1.e-11
        0 KSP Residual norm 0.269312 
        1 KSP Residual norm 0.0160676 
        2 KSP Residual norm 0.00161421 
        3 KSP Residual norm 0.000182878 
        4 KSP Residual norm 2.76514e-05 
        5 KSP Residual norm 7.19887e-06 
        6 KSP Residual norm 1.00403e-06 
    1 KSP Residual norm 0.000412255 
  2 SNES Function norm 4.45439 
    0 KSP Residual norm 4.45439 
        0 KSP Residual norm 0.279716 
        1 KSP Residual norm 0.0158217 
        2 KSP Residual norm 0.00148481 
        3 KSP Residual norm 0.000140055 
        4 KSP Residual norm 2.13656e-05 
        5 KSP Residual norm 4.67554e-06 
        6 KSP Residual norm 6.85011e-07 
      0 KSP Residual norm 0.00760324 
        0 KSP Residual norm 9.03542 
        1 KSP Residual norm 0.745635 
        2 KSP Residual norm 0.0762789 
        3 KSP Residual norm 0.0110039 
        4 KSP Residual norm 0.00136876 
        5 KSP Residual norm 0.000366455 
        6 KSP Residual norm 3.43859e-05 
      1 KSP Residual norm 0.000433667 
        0 KSP Residual norm 19.3794 
        1 KSP Residual norm 0.672436 
        2 KSP Residual norm 0.105102 
        3 KSP Residual norm 0.0109975 
        4 KSP Residual norm 0.00287758 
        5 KSP Residual norm 0.000154488 
      2 KSP Residual norm 0.000151981 
        0 KSP Residual norm 22.2367 
        1 KSP Residual norm 2.24993 
        2 KSP Residual norm 0.275518 
        3 KSP Residual norm 0.0655904 
        4 KSP Residual norm 0.00795487 
        5 KSP Residual norm 0.000269542 
        6 KSP Residual norm 4.40155e-05 
      3 KSP Residual norm 3.44038e-05 
        0 KSP Residual norm 10.3964 
        1 KSP Residual norm 0.772062 
        2 KSP Residual norm 0.0614946 
        3 KSP Residual norm 0.013399 
        4 KSP Residual norm 0.00104624 
        5 KSP Residual norm 3.8476e-05 
      4 KSP Residual norm 1.11805e-07 
        0 KSP Residual norm 13.8458 
        1 KSP Residual norm 1.15861 
        2 KSP Residual norm 0.107812 
        3 KSP Residual norm 0.0262767 
        4 KSP Residual norm 0.002756 
        5 KSP Residual norm 0.000144881 
        6 KSP Residual norm 8.68169e-06 
      5 KSP Residual norm < 1.e-11
        0 KSP Residual norm 0.338542 
        1 KSP Residual norm 0.0216275 
        2 KSP Residual norm 0.00198532 
        3 KSP Residual norm 0.00018533 
        4 KSP Residual norm 2.95377e-05 
        5 KSP Residual norm 6.33027e-06 
        6 KSP Residual norm 9.16999e-07 
    1 KSP Residual norm 1.67201e-05 
  3 SNES Function norm 0.01801 
    0 KSP Residual norm 0.01801 
        0 KSP Residual norm 0.27716 
        1 KSP Residual norm 0.0171301 
        2 KSP Residual norm 0.00157475 
        3 KSP Residual norm 0.000145827 
        4 KSP Residual norm 2.29425e-05 
        5 KSP Residual norm 4.88453e-06 
        6 KSP Residual norm 7.12025e-07 
      0 KSP Residual norm 0.0136948 
        0 KSP Residual norm 10.4415 
        1 KSP Residual norm 0.776282 
        2 KSP Residual norm 0.0735525 
        3 KSP Residual norm 0.00971697 
        4 KSP Residual norm 0.00123551 
        5 KSP Residual norm 0.000318277 
        6 KSP Residual norm 3.47446e-05 
      1 KSP Residual norm 0.0010307 
        0 KSP Residual norm 19.1038 
        1 KSP Residual norm 0.519157 
        2 KSP Residual norm 0.102087 
        3 KSP Residual norm 0.0114365 
        4 KSP Residual norm 0.000834073 
        5 KSP Residual norm 7.83707e-05 
      2 KSP Residual norm 0.000234861 
        0 KSP Residual norm 24.7809 
        1 KSP Residual norm 2.42042 
        2 KSP Residual norm 0.271088 
        3 KSP Residual norm 0.0683434 
        4 KSP Residual norm 0.00681946 
        5 KSP Residual norm 0.000267809 
        6 KSP Residual norm 3.87188e-05 
      3 KSP Residual norm 6.05079e-05 
        0 KSP Residual norm 11.5082 
        1 KSP Residual norm 0.866368 
        2 KSP Residual norm 0.0707331 
        3 KSP Residual norm 0.0160483 
        4 KSP Residual norm 0.00148414 
        5 KSP Residual norm 5.0636e-05 
      4 KSP Residual norm 3.63881e-06 
        0 KSP Residual norm 6.87569 
        1 KSP Residual norm 0.717337 
        2 KSP Residual norm 0.0880105 
        3 KSP Residual norm 0.0140316 
        4 KSP Residual norm 0.00129905 
        5 KSP Residual norm 8.29697e-05 
        6 KSP Residual norm 1.22371e-05 
      5 KSP Residual norm < 1.e-11
        0 KSP Residual norm 0.406307 
        1 KSP Residual norm 0.0277751 
        2 KSP Residual norm 0.00249966 
        3 KSP Residual norm 0.000229453 
        4 KSP Residual norm 3.76354e-05 
        5 KSP Residual norm 7.81601e-06 
        6 KSP Residual norm 1.12883e-06 
    1 KSP Residual norm 8.45119e-08 
  4 SNES Function norm 4.058e-07 
SNES Object:
  type: ls
    line search variant: SNESLineSearchCubic
    alpha=0.0001, maxstep=1e+08, minlambda=1e-12
  maximum iterations=50, maximum function evaluations=10000
  tolerances: relative=1e-08, absolute=1e-50, solution=1e-08
  total number of linear solver iterations=5
  total number of function evaluations=5
  KSP Object:
    type: fgmres
      GMRES: restart=30, using Classical (unmodified) Gram-Schmidt Orthogonalization with no iterative refinement
      GMRES: happy breakdown tolerance 1e-30
    maximum iterations=10000, initial guess is zero
    tolerances:  relative=1e-05, absolute=1e-50, divergence=10000
    right preconditioning
    using UNPRECONDITIONED norm type for convergence test
  PC Object:
    type: fieldsplit
      FieldSplit with Schur preconditioner, blocksize = -1
      Split info:
      Split number 0 Defined by IS
      Split number 1 Defined by IS
      KSP solver for A block 
        KSP Object:(fieldsplit_0_)
          type: gmres
            GMRES: restart=30, using Classical (unmodified) Gram-Schmidt Orthogonalization with no iterative refinement
            GMRES: happy breakdown tolerance 1e-30
          maximum iterations=10000, initial guess is zero
          tolerances:  relative=1e-05, absolute=1e-50, divergence=10000
          left preconditioning
          using PRECONDITIONED norm type for convergence test
        PC Object:(fieldsplit_0_)
          type: ilu
            ILU: out-of-place factorization
            0 levels of fill
            tolerance for zero pivot 1e-12
            using diagonal shift to prevent zero pivot
            matrix ordering: natural
            factor fill ratio given 1, needed 1
              Factored matrix follows:
                Matrix Object:
                  type=seqaij, rows=48, cols=48
                  package used to perform factorization: petsc
                  total: nonzeros=576, allocated nonzeros=576
                    using I-node routines: found 16 nodes, limit used is 5
          linear system matrix = precond matrix:
          Matrix Object:
            type=seqaij, rows=48, cols=48
            total: nonzeros=576, allocated nonzeros=576
              using I-node routines: found 16 nodes, limit used is 5
      KSP solver for S = D - C inv(A) B 
        KSP Object:(fieldsplit_1_)
          type: fgmres
            GMRES: restart=30, using Classical (unmodified) Gram-Schmidt Orthogonalization with no iterative refinement
            GMRES: happy breakdown tolerance 1e-30
          maximum iterations=10000, initial guess is zero
          tolerances:  relative=1e-05, absolute=1e-50, divergence=10000
          right preconditioning
          using UNPRECONDITIONED norm type for convergence test
        PC Object:(fieldsplit_1_)
          type: ilu
            ILU: out-of-place factorization
            0 levels of fill
            tolerance for zero pivot 1e-12
            using diagonal shift to prevent zero pivot
            matrix ordering: natural
            factor fill ratio given 1, needed 1
              Factored matrix follows:
                Matrix Object:
                  type=seqaij, rows=16, cols=16
                  package used to perform factorization: petsc
                  total: nonzeros=64, allocated nonzeros=64
                    not using I-node routines
          linear system matrix followed by preconditioner matrix:
          Matrix Object:
            type=schurcomplement, rows=16, cols=16
          Matrix Object:
            type=seqaij, rows=16, cols=16
            total: nonzeros=64, allocated nonzeros=64
              not using I-node routines
    linear system matrix = precond matrix:
    Matrix Object:
      type=seqaij, rows=64, cols=64
      total: nonzeros=696, allocated nonzeros=696
        using I-node routines: found 48 nodes, limit used is 5
Composite Physics: Number of Newton iterations = 4

