
---- Minimum Surface Area Problem -----
mx: 10     my: 10   

    0 SNES Function norm 2.077854860018e-01, Update norm 0.000000000000e+00, Objective 1.460759596221e+00
obj(X_A) = 1.436779e+00, ||F_A||_2 = 1.241177e-01, obj(X_M) = 1.434960e+00, ||F_M||_2 = 1.264682e-01
Additive solution: objective = 1.434960e+00
ascent restart: 1.518544e-03 > 0
    1 SNES Function norm 1.264681698114e-01, Update norm 0.000000000000e+00, Objective 1.434959550476e+00
obj(X_A) = 1.424882e+00, ||F_A||_2 = 7.796375e-02, obj(X_M) = 1.426428e+00, ||F_M||_2 = 1.066618e-01
Additive solution: objective = 1.424882e+00
    2 SNES Function norm 7.796374710091e-02, Update norm 4.422199212076e-02, Objective 1.424882479434e+00
obj(X_A) = 1.419742e+00, ||F_A||_2 = 4.347074e-02, obj(X_M) = 1.421567e+00, ||F_M||_2 = 7.436122e-02
Additive solution: objective = 1.419742e+00
    3 SNES Function norm 4.347074122987e-02, Update norm 5.696348120988e-02, Objective 1.419742262734e+00
obj(X_A) = 1.418492e+00, ||F_A||_2 = 9.214498e-03, obj(X_M) = 1.419090e+00, ||F_M||_2 = 3.189987e-02
Additive solution: objective = 1.418492e+00
    4 SNES Function norm 9.214498173450e-03, Update norm 5.017873108800e-02, Objective 1.418491813541e+00
obj(X_A) = 1.418471e+00, ||F_A||_2 = 2.436651e-03, obj(X_M) = 1.418474e+00, ||F_M||_2 = 3.673519e-03
Additive solution: objective = 1.418471e+00
    5 SNES Function norm 2.436651420771e-03, Update norm 3.052680961521e-03, Objective 1.418470824309e+00
obj(X_A) = 1.418470e+00, ||F_A||_2 = 8.291410e-04, obj(X_M) = 1.418470e+00, ||F_M||_2 = 1.147060e-03
Additive solution: objective = 1.418470e+00
    6 SNES Function norm 8.293354283371e-04, Update norm 5.099338363636e-04, Objective 1.418469624207e+00
obj(X_A) = 1.418469e+00, ||F_A||_2 = 3.391259e-04, obj(X_M) = 1.418469e+00, ||F_M||_2 = 4.815195e-04
Additive solution: objective = 1.418469e+00
    7 SNES Function norm 3.406858492527e-04, Update norm 1.053248460214e-04, Objective 1.418469475773e+00
obj(X_A) = 1.418469e+00, ||F_A||_2 = 2.001755e-04, obj(X_M) = 1.418469e+00, ||F_M||_2 = 2.952829e-04
Additive solution: objective = 1.418469e+00
    8 SNES Function norm 2.170517835079e-04, Update norm 5.565173723728e-05, Objective 1.418469446534e+00
obj(X_A) = 1.418469e+00, ||F_A||_2 = 1.217263e-04, obj(X_M) = 1.418469e+00, ||F_M||_2 = 2.109832e-04
Additive solution: objective = 1.418469e+00
    9 SNES Function norm 1.217262952535e-04, Update norm 5.476868303388e-05, Objective 1.418469430333e+00
obj(X_A) = 1.418469e+00, ||F_A||_2 = 4.974608e-05, obj(X_M) = 1.418469e+00, ||F_M||_2 = 1.080396e-04
Additive solution: objective = 1.418469e+00
   10 SNES Function norm 4.974608358592e-05, Update norm 5.687185471100e-05, Objective 1.418469423321e+00
    Nonlinear solve converged due to CONVERGED_FNORM_ABS iterations 10
Tao Object: 1 MPI process
  type: snes
  SNES Object: 1 MPI process
    type: ngmres
      Number of stored past updates: 30
      Additive line-search details:
    SNESLineSearch Object: (snes_ngmres_additive_) 1 MPI process
      type: secant
      maxlambda=1.000000e+00, minlambda=1.000000e-12
      tolerances: relative=1.000000e-08, absolute=1.000000e-15, lambda=1.000000e-08
      maximum iterations=1
    maximum iterations=10000, maximum function evaluations=30000
    tolerances: relative=1e-08, absolute=0.0001, solution=1e-08
    total number of function evaluations=20
    norm schedule ALWAYS
    SNESLineSearch Object: 1 MPI process
      type: basic
      maxlambda=1.000000e+00, minlambda=1.000000e-12
      tolerances: relative=1.000000e-08, absolute=1.000000e-15, lambda=1.000000e-08
      maximum iterations=1
    SNES Object: (npc_) 1 MPI process
      type: ncg
        type: FR
      maximum iterations=1, maximum function evaluations=30000
      tolerances: relative=0., absolute=0., solution=0.
      total number of function evaluations=20
      norm schedule FINALONLY
      SNESLineSearch Object: (npc_) 1 MPI process
        type: cp
        maxlambda=1.000000e+00, minlambda=1.000000e-12
        tolerances: relative=1.000000e-08, absolute=1.000000e-15, lambda=1.000000e-08
        maximum iterations=1
    solution vector:
      Vec Object: 1 MPI process
        type: seq
        length=100
        length=100
  solution vector:
    Vec Object: 1 MPI process
      type: seq
      length=100
      length=100
  convergence tolerances: gatol=1e-08,   grtol=1e-08,   steptol=0.,   gttol=0.
  Residual in Function/Gradient:=4.97461e-05
  Objective value=1.41847
  total number of iterations=10,                          (max: 10000)
  total number of function evaluations=90,                  (max: unlimited)
  total number of function/gradient evaluations=40,      (max: unlimited)
  Solution converged:    User Terminated
