
---- Minimum Surface Area Problem -----
mx: 10     my: 10   

    0 SNES Function norm 2.077854860018e-01, Update norm 0.000000000000e+00, Objective 1.460759596221e+00
picked X_A, obj(X_A) = 1.436779e+00, ||F_A||_2 = 1.241177e-01, obj(X_M) = 1.434960e+00, ||F_M||_2 = 1.264682e-01
    1 SNES Function norm 1.241176961065e-01, Update norm 1.773003362365e-01, Objective 1.436779471688e+00
picked X_A, obj(X_A) = 1.425044e+00, ||F_A||_2 = 7.831986e-02, obj(X_M) = 1.427033e+00, ||F_M||_2 = 1.002966e-01
    2 SNES Function norm 7.831986177103e-02, Update norm 1.422457926681e-01, Objective 1.425043983864e+00
picked X_A, obj(X_A) = 1.419749e+00, ||F_A||_2 = 4.369296e-02, obj(X_M) = 1.421659e+00, ||F_M||_2 = 7.488423e-02
    3 SNES Function norm 4.369295680639e-02, Update norm 1.169179222539e-01, Objective 1.419749030468e+00
picked X_A, obj(X_A) = 1.418495e+00, ||F_A||_2 = 9.588837e-03, obj(X_M) = 1.419089e+00, ||F_M||_2 = 3.222937e-02
    4 SNES Function norm 9.588836694970e-03, Update norm 6.986600798746e-02, Objective 1.418494542164e+00
picked X_A, obj(X_A) = 1.418471e+00, ||F_A||_2 = 2.517458e-03, obj(X_M) = 1.418475e+00, ||F_M||_2 = 3.924422e-03
    5 SNES Function norm 2.517458401170e-03, Update norm 5.565756566767e-03, Objective 1.418470935705e+00
picked X_A, obj(X_A) = 1.418470e+00, ||F_A||_2 = 8.450549e-04, obj(X_M) = 1.418470e+00, ||F_M||_2 = 1.177972e-03
    6 SNES Function norm 8.450549119937e-04, Update norm 1.084667327606e-03, Objective 1.418469633125e+00
picked X_A, obj(X_A) = 1.418469e+00, ||F_A||_2 = 3.467953e-04, obj(X_M) = 1.418469e+00, ||F_M||_2 = 4.857496e-04
    7 SNES Function norm 3.467953022838e-04, Update norm 3.267357496373e-04, Objective 1.418469479432e+00
picked X_A, obj(X_A) = 1.418469e+00, ||F_A||_2 = 2.073598e-04, obj(X_M) = 1.418469e+00, ||F_M||_2 = 3.021865e-04
    8 SNES Function norm 2.073598309620e-04, Update norm 1.357222255597e-04, Objective 1.418469448853e+00
picked X_A, obj(X_A) = 1.418469e+00, ||F_A||_2 = 1.245036e-04, obj(X_M) = 1.418469e+00, ||F_M||_2 = 2.195075e-04
    9 SNES Function norm 1.245035667785e-04, Update norm 1.356652906618e-04, Objective 1.418469430556e+00
picked X_A, obj(X_A) = 1.418469e+00, ||F_A||_2 = 5.260785e-05, obj(X_M) = 1.418469e+00, ||F_M||_2 = 1.100462e-04
   10 SNES Function norm 5.260785066371e-05, Update norm 1.092924308830e-04, Objective 1.418469423481e+00
    Nonlinear solve converged due to CONVERGED_FNORM_ABS iterations 10
Tao Object: 1 MPI process
  type: snes
  SNES Object: 1 MPI process
    type: ngmres
      Number of stored past updates: 30
      Residual selection: gammaA=2e+00, gammaC=2e+00
      Difference restart: epsilonB=1e-01, deltaB=9e-01
      Restart on F_M residual increase: FALSE
    maximum iterations=10000, maximum function evaluations=30000
    tolerances: relative=1e-08, absolute=0.0001, solution=1e-08
    total number of function evaluations=11
    norm schedule ALWAYS
    SNESLineSearch Object: 1 MPI process
      type: basic
      maxlambda=1.000000e+00, minlambda=1.000000e-12
      tolerances: relative=1.000000e-08, absolute=1.000000e-15, lambda=1.000000e-08
      maximum iterations=1
    SNES Object: (npc_) 1 MPI process
      type: ncg
        type: FR
      maximum iterations=1, maximum function evaluations=30000
      tolerances: relative=0., absolute=0., solution=0.
      total number of function evaluations=20
      norm schedule FINALONLY
      SNESLineSearch Object: (npc_) 1 MPI process
        type: cp
        maxlambda=1.000000e+00, minlambda=1.000000e-12
        tolerances: relative=1.000000e-08, absolute=1.000000e-15, lambda=1.000000e-08
        maximum iterations=1
    solution vector:
      Vec Object: 1 MPI process
        type: seq
        length=100
        length=100
  solution vector:
    Vec Object: 1 MPI process
      type: seq
      length=100
      length=100
  convergence tolerances: gatol=1e-08,   grtol=1e-08,   steptol=0.,   gttol=0.
  Residual in Function/Gradient:=5.26079e-05
  Objective value=1.41847
  total number of iterations=10,                          (max: 10000)
  total number of function evaluations=53,                  (max: unlimited)
  total number of function/gradient evaluations=31,      (max: unlimited)
  Solution converged:    User Terminated
