PetscSF Object: 4 MPI processes
  type: basic
  [0] Number of roots=3, leaves=2, remote ranks=2
  [0] 0 <- (3,1)
  [0] 1 <- (1,0)
  [1] Number of roots=2, leaves=3, remote ranks=2
  [1] 0 <- (0,1)
  [1] 1 <- (2,0)
  [1] 2 <- (0,2)
  [2] Number of roots=2, leaves=3, remote ranks=3
  [2] 0 <- (1,1)
  [2] 1 <- (3,0)
  [2] 2 <- (0,2)
  [3] Number of roots=2, leaves=3, remote ranks=2
  [3] 0 <- (2,1)
  [3] 1 <- (0,0)
  [3] 2 <- (0,2)
  [0] Roots referenced by my leaves, by rank
  [0] 1: 1 edges
  [0]    1 <- 0
  [0] 3: 1 edges
  [0]    0 <- 1
  [1] Roots referenced by my leaves, by rank
  [1] 0: 2 edges
  [1]    0 <- 1
  [1]    2 <- 2
  [1] 2: 1 edges
  [1]    1 <- 0
  [2] Roots referenced by my leaves, by rank
  [2] 0: 1 edges
  [2]    2 <- 2
  [2] 1: 1 edges
  [2]    0 <- 1
  [2] 3: 1 edges
  [2]    1 <- 0
  [3] Roots referenced by my leaves, by rank
  [3] 0: 2 edges
  [3]    1 <- 0
  [3]    2 <- 2
  [3] 2: 1 edges
  [3]    0 <- 1
  MultiSF sort=rank-order
## Pre-Reduce Rootdata
[0] 0: 100 101 102
[1] 0: 200 201
[2] 0: 300 301
[3] 0: 400 401
## Reduce Leafdata
[0] 0: 1000 1010
[1] 0: 2000 2010 2020
[2] 0: 3000 3010 3020
[3] 0: 4000 4010 4020
## Reduce Rootdata
[0] 0: 4110 2101 9162
[1] 0: 1210 3201
[2] 0: 2310 4301
[3] 0: 3410 1401
