PetscSF Object: 4 MPI processes
  type: basic
  [0] Number of roots=6, leaves=2, remote ranks=2
  [0] 0 <- (3,2)
  [0] 2 <- (1,0)
  [1] Number of roots=4, leaves=3, remote ranks=2
  [1] 0 <- (0,2)
  [1] 2 <- (2,0)
  [1] 4 <- (0,4)
  [2] Number of roots=4, leaves=3, remote ranks=3
  [2] 0 <- (1,2)
  [2] 2 <- (3,0)
  [2] 4 <- (0,4)
  [3] Number of roots=4, leaves=3, remote ranks=2
  [3] 0 <- (2,2)
  [3] 2 <- (0,0)
  [3] 4 <- (0,4)
  [0] Roots referenced by my leaves, by rank
  [0] 1: 1 edges
  [0]    2 <- 0
  [0] 3: 1 edges
  [0]    0 <- 2
  [1] Roots referenced by my leaves, by rank
  [1] 0: 2 edges
  [1]    0 <- 2
  [1]    4 <- 4
  [1] 2: 1 edges
  [1]    2 <- 0
  [2] Roots referenced by my leaves, by rank
  [2] 0: 1 edges
  [2]    4 <- 4
  [2] 1: 1 edges
  [2]    0 <- 2
  [2] 3: 1 edges
  [2]    2 <- 0
  [3] Roots referenced by my leaves, by rank
  [3] 0: 2 edges
  [3]    2 <- 0
  [3]    4 <- 4
  [3] 2: 1 edges
  [3]    0 <- 2
  MultiSF sort=rank-order
## Gathered data at multi-roots from leaves
[0] 0: 4001 2000 2002 3002 4002
[1] 0: 1001 3000
[2] 0: 2001 4000
[3] 0: 3001 1000
