PetscDualSpace Object: Lagrange dual space 1 MPI process
  type: lagrange
  Dual space with 1 components, size 10
  Discontinuous Lagrange dual space
    Dual basis vector 0
        Quadrature of order -1 on 1 points (dim 2)
        p0 (-0.897101, -0.897101) +1
    Dual basis vector 1
        Quadrature of order -1 on 1 points (dim 2)
        p0 (-0.412228, -0.849528) +1
    Dual basis vector 2
        Quadrature of order -1 on 1 points (dim 2)
        p0 (+0.261756, -0.849528) +1
    Dual basis vector 3
        Quadrature of order -1 on 1 points (dim 2)
        p0 (+0.794202, -0.897101) +1
    Dual basis vector 4
        Quadrature of order -1 on 1 points (dim 2)
        p0 (-0.849528, -0.412228) +1
    Dual basis vector 5
        Quadrature of order -1 on 1 points (dim 2)
        p0 (-0.333333, -0.333333) +1
    Dual basis vector 6
        Quadrature of order -1 on 1 points (dim 2)
        p0 (+0.261756, -0.412228) +1
    Dual basis vector 7
        Quadrature of order -1 on 1 points (dim 2)
        p0 (-0.849528, +0.261756) +1
    Dual basis vector 8
        Quadrature of order -1 on 1 points (dim 2)
        p0 (-0.412228, +0.261756) +1
    Dual basis vector 9
        Quadrature of order -1 on 1 points (dim 2)
        p0 (-0.897101, +0.794202) +1
