DM Object: 1 MPI process
  type: plex
  Number of 0-cells per rank: 4
  Number of 1-cells per rank: 4
  Number of 2-cells per rank: 1
Labels:
  marker: 1 strata with value/size (1 (8))
  Face Sets: 4 strata with value/size (4 (1), 2 (1), 1 (1), 3 (1))
  depth: 3 strata with value/size (0 (4), 1 (4), 2 (1))
  celltype: 3 strata with value/size (4 (1), 0 (4), 1 (4))
Field Q4:
  adjacency FEM
Vec Object: 1 MPI process
  type: seq
-1.
0.
1.
-1.
0.
1.
-1.
0.
1.
-2.
2.
-2.
2.
-1.
0.
1.
-1.
0.
1.
-2.
-2.
-2.
2.
2.
2.
