0 TS dt 9.53674e-09 time 0.
    0 SNES Function norm 1.000277752065e+11 
    1 SNES Function norm 1.823946009233e+05 
    2 SNES Function norm 6.377203252688e-02 
  Nonlinear solve converged due to CONVERGED_FNORM_RELATIVE iterations 2
1 TS dt 9.53674e-09 time 9.53674e-09
    0 SNES Function norm 2.014998745084e+08 
    1 SNES Function norm 2.404532149031e+02 
    2 SNES Function norm 5.434507529676e-06 
  Nonlinear solve converged due to CONVERGED_FNORM_RELATIVE iterations 2
2 TS dt 9.53674e-09 time 1.90735e-08
    0 SNES Function norm 4.678221202927e+07 
    1 SNES Function norm 4.865603786794e+00 
    2 SNES Function norm 2.012566625588e-06 
  Nonlinear solve converged due to CONVERGED_FNORM_RELATIVE iterations 2
3 TS dt 9.53674e-09 time 2.86102e-08
    0 SNES Function norm 2.822306109283e+07 
    1 SNES Function norm 3.045331700790e+01 
    2 SNES Function norm 7.159271883143e-06 
  Nonlinear solve converged due to CONVERGED_FNORM_RELATIVE iterations 2
4 TS dt 9.53674e-09 time 3.8147e-08
    0 SNES Function norm 2.055574674443e+07 
    1 SNES Function norm 1.356470479554e+01 
    2 SNES Function norm 5.474198692138e-06 
  Nonlinear solve converged due to CONVERGED_FNORM_RELATIVE iterations 2
5 TS dt 9.53674e-09 time 4.76837e-08
    0 SNES Function norm 1.631081011755e+07 
    1 SNES Function norm 1.325485167485e+01 
    2 SNES Function norm 4.152380591458e-06 
  Nonlinear solve converged due to CONVERGED_FNORM_RELATIVE iterations 2
6 TS dt 9.53674e-09 time 5.72204e-08
    0 SNES Function norm 1.359589219990e+07 
    1 SNES Function norm 8.228861826856e+00 
    2 SNES Function norm 2.735935750364e-06 
  Nonlinear solve converged due to CONVERGED_FNORM_RELATIVE iterations 2
7 TS dt 9.53674e-09 time 6.67572e-08
    0 SNES Function norm 1.169376358756e+07 
    1 SNES Function norm 6.482720262410e+00 
    2 SNES Function norm 1.940216109828e-06 
  Nonlinear solve converged due to CONVERGED_FNORM_RELATIVE iterations 2
8 TS dt 9.53674e-09 time 7.62939e-08
    0 SNES Function norm 1.027302509464e+07 
    1 SNES Function norm 5.639745013201e+00 
    2 SNES Function norm 2.321604077436e-07 
  Nonlinear solve converged due to CONVERGED_FNORM_RELATIVE iterations 2
9 TS dt 9.53674e-09 time 8.58307e-08
    0 SNES Function norm 9.162851473857e+06 
    1 SNES Function norm 7.029863327593e-01 
    2 SNES Function norm 2.092583024392e-07 
  Nonlinear solve converged due to CONVERGED_FNORM_RELATIVE iterations 2
10 TS dt 9.53674e-09 time 9.53674e-08
    0 SNES Function norm 8.268118770813e+06 
    1 SNES Function norm 4.786418121223e+00 
    2 SNES Function norm 2.260783400163e-06 
  Nonlinear solve converged due to CONVERGED_FNORM_RELATIVE iterations 2
11 TS dt 9.53674e-09 time 1.04904e-07
    0 SNES Function norm 7.531886670570e+06 
    1 SNES Function norm 3.157532468024e+00 
    2 SNES Function norm 8.355806650650e-07 
  Nonlinear solve converged due to CONVERGED_FNORM_RELATIVE iterations 2
12 TS dt 9.53674e-09 time 1.14441e-07
    0 SNES Function norm 6.917467983910e+06 
    1 SNES Function norm 2.792187998991e+00 
    2 SNES Function norm 5.868731804745e-07 
  Nonlinear solve converged due to CONVERGED_FNORM_RELATIVE iterations 2
13 TS dt 9.53674e-09 time 1.23978e-07
    0 SNES Function norm 6.399509453810e+06 
    1 SNES Function norm 1.689393274764e+00 
    2 SNES Function norm 1.532057289732e-07 
  Nonlinear solve converged due to CONVERGED_FNORM_RELATIVE iterations 2
14 TS dt 9.53674e-09 time 1.33514e-07
    0 SNES Function norm 5.959418510193e+06 
    1 SNES Function norm 3.458276746334e-01 
    2 SNES Function norm 1.183295344335e-07 
  Nonlinear solve converged due to CONVERGED_FNORM_RELATIVE iterations 2
15 TS dt 9.53674e-09 time 1.43051e-07
    0 SNES Function norm 5.582935776964e+06 
    1 SNES Function norm 1.412869684181e+00 
    2 SNES Function norm 3.096384184460e-07 
  Nonlinear solve converged due to CONVERGED_FNORM_RELATIVE iterations 2
16 TS dt 9.53674e-09 time 1.52588e-07
    0 SNES Function norm 5.258786033101e+06 
    1 SNES Function norm 1.706565290898e+00 
    2 SNES Function norm 3.735299344782e-07 
  Nonlinear solve converged due to CONVERGED_FNORM_RELATIVE iterations 2
17 TS dt 9.53674e-09 time 1.62125e-07
    0 SNES Function norm 4.977882059018e+06 
    1 SNES Function norm 1.218578329372e+00 
    2 SNES Function norm 2.646254856596e-07 
  Nonlinear solve converged due to CONVERGED_FNORM_RELATIVE iterations 2
18 TS dt 9.53674e-09 time 1.71661e-07
    0 SNES Function norm 4.732819556815e+06 
    1 SNES Function norm 1.089637568850e+00 
    2 SNES Function norm 2.240507506760e-07 
  Nonlinear solve converged due to CONVERGED_FNORM_RELATIVE iterations 2
19 TS dt 9.53674e-09 time 1.81198e-07
    0 SNES Function norm 4.517531298320e+06 
    1 SNES Function norm 1.030153950474e+00 
    2 SNES Function norm 2.403518880468e-07 
  Nonlinear solve converged due to CONVERGED_FNORM_RELATIVE iterations 2
20 TS dt 9.53674e-09 time 1.90735e-07
    0 SNES Function norm 4.327033331838e+06 
    1 SNES Function norm 9.577608161747e-01 
    2 SNES Function norm 1.783099964276e-07 
  Nonlinear solve converged due to CONVERGED_FNORM_RELATIVE iterations 2
21 TS dt 9.53674e-09 time 2.00272e-07
    0 SNES Function norm 4.157228495958e+06 
    1 SNES Function norm 8.921304548867e-01 
    2 SNES Function norm 1.016212938483e-07 
  Nonlinear solve converged due to CONVERGED_FNORM_RELATIVE iterations 2
22 TS dt 9.53674e-09 time 2.09808e-07
    0 SNES Function norm 4.004748783792e+06 
    1 SNES Function norm 7.279076082366e-02 
    2 SNES Function norm 1.119887715846e-07 
  Nonlinear solve converged due to CONVERGED_FNORM_RELATIVE iterations 2
23 TS dt 9.53674e-09 time 2.19345e-07
    0 SNES Function norm 3.866826279730e+06 
    1 SNES Function norm 8.932186314731e-01 
    2 SNES Function norm 1.984015164365e-07 
  Nonlinear solve converged due to CONVERGED_FNORM_RELATIVE iterations 2
24 TS dt 9.53674e-09 time 2.28882e-07
    0 SNES Function norm 3.741186485539e+06 
    1 SNES Function norm 7.508405525474e-01 
    2 SNES Function norm 1.580942554699e-07 
  Nonlinear solve converged due to CONVERGED_FNORM_RELATIVE iterations 2
25 TS dt 9.53674e-09 time 2.38418e-07
    0 SNES Function norm 3.625959914213e+06 
    1 SNES Function norm 6.787026817026e-01 
    2 SNES Function norm 1.657107651315e-07 
  Nonlinear solve converged due to CONVERGED_FNORM_RELATIVE iterations 2
26 TS dt 9.53674e-09 time 2.47955e-07
    0 SNES Function norm 3.519608901567e+06 
    1 SNES Function norm 8.022571313617e-01 
    2 SNES Function norm 2.468484813603e-07 
  Nonlinear solve converged due to CONVERGED_FNORM_RELATIVE iterations 2
27 TS dt 9.53674e-09 time 2.57492e-07
    0 SNES Function norm 3.420867189590e+06 
    1 SNES Function norm 7.540842081837e-01 
    2 SNES Function norm 1.141669273593e-07 
  Nonlinear solve converged due to CONVERGED_FNORM_RELATIVE iterations 2
28 TS dt 9.53674e-09 time 2.67029e-07
    0 SNES Function norm 3.328690226363e+06 
    1 SNES Function norm 6.263021971509e-02 
    2 SNES Function norm 1.026118202344e-07 
  Nonlinear solve converged due to CONVERGED_FNORM_RELATIVE iterations 2
29 TS dt 9.53674e-09 time 2.76565e-07
    0 SNES Function norm 3.242214421798e+06 
    1 SNES Function norm 7.922097163077e-01 
    2 SNES Function norm 2.814152140908e-07 
  Nonlinear solve converged due to CONVERGED_FNORM_RELATIVE iterations 2
30 TS dt 9.53674e-09 time 2.86102e-07
    0 SNES Function norm 3.160723846567e+06 
    1 SNES Function norm 5.637159584594e-01 
    2 SNES Function norm 1.169231185053e-07 
  Nonlinear solve converged due to CONVERGED_FNORM_RELATIVE iterations 2
31 TS dt 9.53674e-09 time 2.95639e-07
    0 SNES Function norm 3.083623081722e+06 
    1 SNES Function norm 1.789353754751e-01 
    2 SNES Function norm 1.087797981373e-07 
  Nonlinear solve converged due to CONVERGED_FNORM_RELATIVE iterations 2
32 TS dt 9.53674e-09 time 3.05176e-07
    0 SNES Function norm 3.010415124240e+06 
    1 SNES Function norm 1.949339949690e-01 
    2 SNES Function norm 1.045593572290e-07 
  Nonlinear solve converged due to CONVERGED_FNORM_RELATIVE iterations 2
33 TS dt 9.53674e-09 time 3.14712e-07
    0 SNES Function norm 2.940683429705e+06 
    1 SNES Function norm 6.773091176966e-01 
    2 SNES Function norm 1.659011262239e-07 
  Nonlinear solve converged due to CONVERGED_FNORM_RELATIVE iterations 2
34 TS dt 9.53674e-09 time 3.24249e-07
    0 SNES Function norm 2.874077327804e+06 
    1 SNES Function norm 4.870522235598e-01 
    2 SNES Function norm 1.686564100550e-07 
  Nonlinear solve converged due to CONVERGED_FNORM_RELATIVE iterations 2
35 TS dt 9.53674e-09 time 3.33786e-07
    0 SNES Function norm 2.810300179563e+06 
    1 SNES Function norm 6.550578595927e-01 
    2 SNES Function norm 9.744439330719e-08 
  Nonlinear solve converged due to CONVERGED_FNORM_RELATIVE iterations 2
36 TS dt 9.53674e-09 time 3.43323e-07
    0 SNES Function norm 2.749099758572e+06 
    1 SNES Function norm 2.884323439510e-02 
    2 SNES Function norm 9.761365715980e-08 
  Nonlinear solve converged due to CONVERGED_FNORM_RELATIVE iterations 2
37 TS dt 9.53674e-09 time 3.52859e-07
    0 SNES Function norm 2.690260433645e+06 
    1 SNES Function norm 4.184545774603e-01 
    2 SNES Function norm 1.270392855592e-07 
  Nonlinear solve converged due to CONVERGED_FNORM_RELATIVE iterations 2
38 TS dt 9.53674e-09 time 3.62396e-07
    0 SNES Function norm 2.633596809342e+06 
    1 SNES Function norm 5.181737215118e-01 
    2 SNES Function norm 1.472338570832e-07 
  Nonlinear solve converged due to CONVERGED_FNORM_RELATIVE iterations 2
39 TS dt 9.53674e-09 time 3.71933e-07
    0 SNES Function norm 2.578948545970e+06 
    1 SNES Function norm 4.276866900952e-01 
    2 SNES Function norm 1.509766327142e-07 
  Nonlinear solve converged due to CONVERGED_FNORM_RELATIVE iterations 2
40 TS dt 9.53674e-09 time 3.8147e-07
    0 SNES Function norm 2.526176133890e+06 
    1 SNES Function norm 3.862880276170e-01 
    2 SNES Function norm 1.336911314359e-07 
  Nonlinear solve converged due to CONVERGED_FNORM_RELATIVE iterations 2
41 TS dt 9.53674e-09 time 3.91006e-07
    0 SNES Function norm 2.475157440335e+06 
    1 SNES Function norm 4.734905220988e-01 
    2 SNES Function norm 1.448041608317e-07 
  Nonlinear solve converged due to CONVERGED_FNORM_RELATIVE iterations 2
42 TS dt 9.53674e-09 time 4.00543e-07
    0 SNES Function norm 2.425784882070e+06 
    1 SNES Function norm 3.604228536236e-01 
    2 SNES Function norm 1.159472317524e-07 
  Nonlinear solve converged due to CONVERGED_FNORM_RELATIVE iterations 2
43 TS dt 9.53674e-09 time 4.1008e-07
    0 SNES Function norm 2.377963105593e+06 
    1 SNES Function norm 2.468989712000e-02 
    2 SNES Function norm 1.011792538452e-07 
  Nonlinear solve converged due to CONVERGED_FNORM_RELATIVE iterations 2
44 TS dt 9.53674e-09 time 4.19617e-07
    0 SNES Function norm 2.331607079497e+06 
    1 SNES Function norm 4.678473834815e-02 
    2 SNES Function norm 9.717543544263e-08 
  Nonlinear solve converged due to CONVERGED_FNORM_RELATIVE iterations 2
45 TS dt 9.53674e-09 time 4.29153e-07
    0 SNES Function norm 2.286640521997e+06 
    1 SNES Function norm 3.093030074626e-01 
    2 SNES Function norm 1.193020783191e-07 
  Nonlinear solve converged due to CONVERGED_FNORM_RELATIVE iterations 2
46 TS dt 9.53674e-09 time 4.3869e-07
    0 SNES Function norm 2.242994601473e+06 
    1 SNES Function norm 3.946631443632e-01 
    2 SNES Function norm 9.529702710593e-08 
  Nonlinear solve converged due to CONVERGED_FNORM_RELATIVE iterations 2
47 TS dt 9.53674e-09 time 4.48227e-07
    0 SNES Function norm 2.200606859794e+06 
    1 SNES Function norm 1.848412297011e-02 
  Nonlinear solve converged due to CONVERGED_FNORM_RELATIVE iterations 1
48 TS dt 9.53674e-09 time 4.57764e-07
    0 SNES Function norm 2.159420317859e+06 
    1 SNES Function norm 2.647237017564e-01 
    2 SNES Function norm 1.023600027195e-07 
  Nonlinear solve converged due to CONVERGED_FNORM_RELATIVE iterations 2
49 TS dt 9.53674e-09 time 4.673e-07
    0 SNES Function norm 2.119382729593e+06 
    1 SNES Function norm 2.920507020264e-01 
    2 SNES Function norm 1.086526071616e-07 
  Nonlinear solve converged due to CONVERGED_FNORM_RELATIVE iterations 2
50 TS dt 9.53674e-09 time 4.76837e-07
