0 TS dt 9.53674e-09 time 0.
    0 SNES Function norm 9.947665379371e+10 
    1 SNES Function norm 8.741526056035e-05 
  Nonlinear solve converged due to CONVERGED_FNORM_RELATIVE iterations 1
1 TS dt 9.53674e-09 time 9.53674e-09
    0 SNES Function norm 2.147774905630e+08 
    1 SNES Function norm 2.204644732960e-07 
  Nonlinear solve converged due to CONVERGED_FNORM_RELATIVE iterations 1
2 TS dt 9.53674e-09 time 1.90735e-08
    0 SNES Function norm 4.850185001641e+07 
    1 SNES Function norm 7.057424771755e-08 
  Nonlinear solve converged due to CONVERGED_FNORM_RELATIVE iterations 1
3 TS dt 9.53674e-09 time 2.86102e-08
    0 SNES Function norm 2.895943650812e+07 
    1 SNES Function norm 4.533572600427e-09 
  Nonlinear solve converged due to CONVERGED_FNORM_RELATIVE iterations 1
4 TS dt 9.53674e-09 time 3.8147e-08
    0 SNES Function norm 2.099660737994e+07 
    1 SNES Function norm 4.582339212977e-10 
  Nonlinear solve converged due to CONVERGED_FNORM_RELATIVE iterations 1
5 TS dt 9.53674e-09 time 4.76837e-08
    0 SNES Function norm 1.661640794603e+07 
    1 SNES Function norm 1.283659792196e-08 
  Nonlinear solve converged due to CONVERGED_FNORM_RELATIVE iterations 1
6 TS dt 9.53674e-09 time 5.72204e-08
    0 SNES Function norm 1.382351119427e+07 
    1 SNES Function norm 1.495621995484e-09 
  Nonlinear solve converged due to CONVERGED_FNORM_RELATIVE iterations 1
7 TS dt 9.53674e-09 time 6.67572e-08
    0 SNES Function norm 1.186891061907e+07 
    1 SNES Function norm 6.039848597618e-09 
  Nonlinear solve converged due to CONVERGED_FNORM_RELATIVE iterations 1
8 TS dt 9.53674e-09 time 7.62939e-08
    0 SNES Function norm 1.041007671306e+07 
    1 SNES Function norm 1.328207575950e-09 
  Nonlinear solve converged due to CONVERGED_FNORM_RELATIVE iterations 1
9 TS dt 9.53674e-09 time 8.58307e-08
    0 SNES Function norm 9.271937514609e+06 
    1 SNES Function norm 4.361150659746e-09 
  Nonlinear solve converged due to CONVERGED_FNORM_RELATIVE iterations 1
10 TS dt 9.53674e-09 time 9.53674e-08
    0 SNES Function norm 8.357224642175e+06 
    1 SNES Function norm 3.438237753513e-09 
  Nonlinear solve converged due to CONVERGED_FNORM_RELATIVE iterations 1
11 TS dt 9.53674e-09 time 1.04904e-07
    0 SNES Function norm 7.607380759631e+06 
    1 SNES Function norm 3.455606469262e-09 
  Nonlinear solve converged due to CONVERGED_FNORM_RELATIVE iterations 1
12 TS dt 9.53674e-09 time 1.14441e-07
    0 SNES Function norm 6.984241662687e+06 
    1 SNES Function norm 2.668513176599e-09 
  Nonlinear solve converged due to CONVERGED_FNORM_RELATIVE iterations 1
13 TS dt 9.53674e-09 time 1.23978e-07
    0 SNES Function norm 6.461105802485e+06 
    1 SNES Function norm 3.638531967492e-10 
  Nonlinear solve converged due to CONVERGED_FNORM_RELATIVE iterations 1
14 TS dt 9.53674e-09 time 1.33514e-07
    0 SNES Function norm 6.018222871023e+06 
    1 SNES Function norm 1.406318634361e-09 
  Nonlinear solve converged due to CONVERGED_FNORM_RELATIVE iterations 1
15 TS dt 9.53674e-09 time 1.43051e-07
    0 SNES Function norm 5.640407332293e+06 
    1 SNES Function norm 1.311444162963e-09 
  Nonlinear solve converged due to CONVERGED_FNORM_RELATIVE iterations 1
16 TS dt 9.53674e-09 time 1.52588e-07
    0 SNES Function norm 5.315693785519e+06 
    1 SNES Function norm 2.187367170807e-10 
  Nonlinear solve converged due to CONVERGED_FNORM_RELATIVE iterations 1
17 TS dt 9.53674e-09 time 1.62125e-07
    0 SNES Function norm 5.034517421721e+06 
    1 SNES Function norm 1.083938295859e-09 
  Nonlinear solve converged due to CONVERGED_FNORM_RELATIVE iterations 1
18 TS dt 9.53674e-09 time 1.71661e-07
    0 SNES Function norm 4.789170959338e+06 
    1 SNES Function norm 9.639260310412e-11 
  Nonlinear solve converged due to CONVERGED_FNORM_RELATIVE iterations 1
19 TS dt 9.53674e-09 time 1.81198e-07
    0 SNES Function norm 4.573416983731e+06 
    1 SNES Function norm 1.426787196305e-09 
  Nonlinear solve converged due to CONVERGED_FNORM_RELATIVE iterations 1
20 TS dt 9.53674e-09 time 1.90735e-07
    0 SNES Function norm 4.382195381828e+06 
    1 SNES Function norm 8.938991588349e-10 
  Nonlinear solve converged due to CONVERGED_FNORM_RELATIVE iterations 1
21 TS dt 9.53674e-09 time 2.00272e-07
    0 SNES Function norm 4.211394537713e+06 
    1 SNES Function norm 8.356238641597e-10 
  Nonlinear solve converged due to CONVERGED_FNORM_RELATIVE iterations 1
22 TS dt 9.53674e-09 time 2.09808e-07
    0 SNES Function norm 4.057668823268e+06 
    1 SNES Function norm 2.422284546485e-10 
  Nonlinear solve converged due to CONVERGED_FNORM_RELATIVE iterations 1
23 TS dt 9.53674e-09 time 2.19345e-07
    0 SNES Function norm 3.918291656614e+06 
    1 SNES Function norm 1.980961028571e-10 
  Nonlinear solve converged due to CONVERGED_FNORM_RELATIVE iterations 1
24 TS dt 9.53674e-09 time 2.28882e-07
    0 SNES Function norm 3.791036809440e+06 
    1 SNES Function norm 9.724635206191e-10 
  Nonlinear solve converged due to CONVERGED_FNORM_RELATIVE iterations 1
25 TS dt 9.53674e-09 time 2.38418e-07
    0 SNES Function norm 3.674082512021e+06 
    1 SNES Function norm 8.041773312639e-11 
  Nonlinear solve converged due to CONVERGED_FNORM_RELATIVE iterations 1
26 TS dt 9.53674e-09 time 2.47955e-07
    0 SNES Function norm 3.565934058277e+06 
    1 SNES Function norm 6.095633799980e-10 
  Nonlinear solve converged due to CONVERGED_FNORM_RELATIVE iterations 1
27 TS dt 9.53674e-09 time 2.57492e-07
    0 SNES Function norm 3.465361423552e+06 
    1 SNES Function norm 5.884727938070e-10 
  Nonlinear solve converged due to CONVERGED_FNORM_RELATIVE iterations 1
28 TS dt 9.53674e-09 time 2.67029e-07
    0 SNES Function norm 3.371349036064e+06 
    1 SNES Function norm 8.796068631667e-10 
  Nonlinear solve converged due to CONVERGED_FNORM_RELATIVE iterations 1
29 TS dt 9.53674e-09 time 2.76565e-07
    0 SNES Function norm 3.283055357286e+06 
    1 SNES Function norm 7.676041270846e-10 
  Nonlinear solve converged due to CONVERGED_FNORM_RELATIVE iterations 1
30 TS dt 9.53674e-09 time 2.86102e-07
    0 SNES Function norm 3.199780356241e+06 
    1 SNES Function norm 5.075829592595e-10 
  Nonlinear solve converged due to CONVERGED_FNORM_RELATIVE iterations 1
31 TS dt 9.53674e-09 time 2.95639e-07
    0 SNES Function norm 3.120939322230e+06 
    1 SNES Function norm 1.747920064057e-10 
  Nonlinear solve converged due to CONVERGED_FNORM_RELATIVE iterations 1
32 TS dt 9.53674e-09 time 3.05176e-07
    0 SNES Function norm 3.046041759403e+06 
    1 SNES Function norm 2.640395908541e-11 
  Nonlinear solve converged due to CONVERGED_FNORM_RELATIVE iterations 1
33 TS dt 9.53674e-09 time 3.14712e-07
    0 SNES Function norm 2.974674352601e+06 
    1 SNES Function norm 4.704744053512e-10 
  Nonlinear solve converged due to CONVERGED_FNORM_RELATIVE iterations 1
34 TS dt 9.53674e-09 time 3.24249e-07
    0 SNES Function norm 2.906487194727e+06 
    1 SNES Function norm 4.401457464865e-10 
  Nonlinear solve converged due to CONVERGED_FNORM_RELATIVE iterations 1
35 TS dt 9.53674e-09 time 3.33786e-07
    0 SNES Function norm 2.841182628325e+06 
    1 SNES Function norm 5.520781095314e-10 
  Nonlinear solve converged due to CONVERGED_FNORM_RELATIVE iterations 1
36 TS dt 9.53674e-09 time 3.43323e-07
    0 SNES Function norm 2.778506184768e+06 
    1 SNES Function norm 4.414047107834e-10 
  Nonlinear solve converged due to CONVERGED_FNORM_RELATIVE iterations 1
37 TS dt 9.53674e-09 time 3.52859e-07
    0 SNES Function norm 2.718239208973e+06 
    1 SNES Function norm 4.098400570033e-10 
  Nonlinear solve converged due to CONVERGED_FNORM_RELATIVE iterations 1
38 TS dt 9.53674e-09 time 3.62396e-07
    0 SNES Function norm 2.660192840933e+06 
    1 SNES Function norm 4.663878736956e-10 
  Nonlinear solve converged due to CONVERGED_FNORM_RELATIVE iterations 1
39 TS dt 9.53674e-09 time 3.71933e-07
    0 SNES Function norm 2.604203091683e+06 
    1 SNES Function norm 4.213894909549e-10 
  Nonlinear solve converged due to CONVERGED_FNORM_RELATIVE iterations 1
40 TS dt 9.53674e-09 time 3.8147e-07
    0 SNES Function norm 2.550126804016e+06 
    1 SNES Function norm 1.421901715444e-10 
  Nonlinear solve converged due to CONVERGED_FNORM_RELATIVE iterations 1
41 TS dt 9.53674e-09 time 3.91006e-07
    0 SNES Function norm 2.497838330102e+06 
    1 SNES Function norm 1.468803223405e-10 
  Nonlinear solve converged due to CONVERGED_FNORM_RELATIVE iterations 1
42 TS dt 9.53674e-09 time 4.00543e-07
    0 SNES Function norm 2.447226791420e+06 
    1 SNES Function norm 4.133636978027e-11 
  Nonlinear solve converged due to CONVERGED_FNORM_RELATIVE iterations 1
43 TS dt 9.53674e-09 time 4.1008e-07
    0 SNES Function norm 2.398193812867e+06 
    1 SNES Function norm 1.607058299570e-10 
  Nonlinear solve converged due to CONVERGED_FNORM_RELATIVE iterations 1
44 TS dt 9.53674e-09 time 4.19617e-07
    0 SNES Function norm 2.350651643925e+06 
    1 SNES Function norm 2.920507654978e-10 
  Nonlinear solve converged due to CONVERGED_FNORM_RELATIVE iterations 1
45 TS dt 9.53674e-09 time 4.29153e-07
    0 SNES Function norm 2.304521596590e+06 
    1 SNES Function norm 1.747906632831e-10 
  Nonlinear solve converged due to CONVERGED_FNORM_RELATIVE iterations 1
46 TS dt 9.53674e-09 time 4.3869e-07
    0 SNES Function norm 2.259732743159e+06 
    1 SNES Function norm 3.542301155563e-10 
  Nonlinear solve converged due to CONVERGED_FNORM_RELATIVE iterations 1
47 TS dt 9.53674e-09 time 4.48227e-07
    0 SNES Function norm 2.216220827729e+06 
    1 SNES Function norm 3.029490609413e-10 
  Nonlinear solve converged due to CONVERGED_FNORM_RELATIVE iterations 1
48 TS dt 9.53674e-09 time 4.57764e-07
    0 SNES Function norm 2.173927353868e+06 
    1 SNES Function norm 2.265333164849e-10 
  Nonlinear solve converged due to CONVERGED_FNORM_RELATIVE iterations 1
49 TS dt 9.53674e-09 time 4.673e-07
    0 SNES Function norm 2.132798817875e+06 
    1 SNES Function norm 2.686828764906e-10 
  Nonlinear solve converged due to CONVERGED_FNORM_RELATIVE iterations 1
50 TS dt 9.53674e-09 time 4.76837e-07
