0 TS dt 0.000625 time 0.
    0 SNES Function norm 9.600000000000e+03 
    1 SNES Function norm 5.101711408018e-15 
  Nonlinear solve converged due to CONVERGED_FNORM_RELATIVE iterations 1
1 TS dt 0.000625 time 0.000625
    0 SNES Function norm 2.702787051875e+03 
    1 SNES Function norm 3.110541856581e-15 
  Nonlinear solve converged due to CONVERGED_FNORM_RELATIVE iterations 1
2 TS dt 0.000625 time 0.00125
    0 SNES Function norm 1.144752374760e+03 
    1 SNES Function norm 2.238966402843e-15 
  Nonlinear solve converged due to CONVERGED_FNORM_RELATIVE iterations 1
3 TS dt 0.000625 time 0.001875
    0 SNES Function norm 7.566144970017e+02 
    1 SNES Function norm 2.995649886392e-15 
  Nonlinear solve converged due to CONVERGED_FNORM_RELATIVE iterations 1
4 TS dt 0.000625 time 0.0025
    0 SNES Function norm 6.206450711653e+02 
    1 SNES Function norm 2.073971388568e-15 
  Nonlinear solve converged due to CONVERGED_FNORM_RELATIVE iterations 1
5 TS dt 0.000625 time 0.003125
    0 SNES Function norm 5.383860705586e+02 
    1 SNES Function norm 1.887154579441e-15 
  Nonlinear solve converged due to CONVERGED_FNORM_RELATIVE iterations 1
6 TS dt 0.000625 time 0.00375
    0 SNES Function norm 4.756985838890e+02 
    1 SNES Function norm 4.030108590536e-16 
  Nonlinear solve converged due to CONVERGED_FNORM_RELATIVE iterations 1
7 TS dt 0.000625 time 0.004375
    0 SNES Function norm 4.248558164609e+02 
    1 SNES Function norm 1.531746022005e-15 
  Nonlinear solve converged due to CONVERGED_FNORM_RELATIVE iterations 1
8 TS dt 0.000625 time 0.005
    0 SNES Function norm 3.826752231890e+02 
    1 SNES Function norm 1.190293749346e-15 
  Nonlinear solve converged due to CONVERGED_FNORM_RELATIVE iterations 1
9 TS dt 0.000625 time 0.005625
    0 SNES Function norm 3.472016185938e+02 
    1 SNES Function norm 1.025938529002e-15 
  Nonlinear solve converged due to CONVERGED_FNORM_RELATIVE iterations 1
10 TS dt 0.000625 time 0.00625
    0 SNES Function norm 3.170471465007e+02 
    1 SNES Function norm 1.089515080743e-15 
  Nonlinear solve converged due to CONVERGED_FNORM_RELATIVE iterations 1
11 TS dt 0.000625 time 0.006875
    0 SNES Function norm 2.911776806310e+02 
    1 SNES Function norm 4.978893435200e-16 
  Nonlinear solve converged due to CONVERGED_FNORM_RELATIVE iterations 1
12 TS dt 0.000625 time 0.0075
    0 SNES Function norm 2.688054679098e+02 
    1 SNES Function norm 4.380866618092e-16 
  Nonlinear solve converged due to CONVERGED_FNORM_RELATIVE iterations 1
13 TS dt 0.000625 time 0.008125
    0 SNES Function norm 2.493213449529e+02 
    1 SNES Function norm 4.028250936655e-16 
  Nonlinear solve converged due to CONVERGED_FNORM_RELATIVE iterations 1
14 TS dt 0.000625 time 0.00875
    0 SNES Function norm 2.322478760939e+02 
    1 SNES Function norm 5.124461728533e-16 
  Nonlinear solve converged due to CONVERGED_FNORM_RELATIVE iterations 1
15 TS dt 0.000625 time 0.009375
    0 SNES Function norm 2.172058124316e+02 
    1 SNES Function norm 3.817305213231e-16 
  Nonlinear solve converged due to CONVERGED_FNORM_RELATIVE iterations 1
16 TS dt 0.000625 time 0.01
    0 SNES Function norm 2.038897634607e+02 
    1 SNES Function norm 3.675485342110e-16 
  Nonlinear solve converged due to CONVERGED_FNORM_RELATIVE iterations 1
17 TS dt 0.000625 time 0.010625
    0 SNES Function norm 1.920504611888e+02 
    1 SNES Function norm 3.451659087872e-16 
  Nonlinear solve converged due to CONVERGED_FNORM_RELATIVE iterations 1
18 TS dt 0.000625 time 0.01125
    0 SNES Function norm 1.814817999562e+02 
    1 SNES Function norm 1.542451763158e-16 
  Nonlinear solve converged due to CONVERGED_FNORM_RELATIVE iterations 1
19 TS dt 0.000625 time 0.011875
    0 SNES Function norm 1.720113433117e+02 
    1 SNES Function norm 3.570697222145e-16 
  Nonlinear solve converged due to CONVERGED_FNORM_RELATIVE iterations 1
20 TS dt 0.000625 time 0.0125
    0 SNES Function norm 1.634933415072e+02 
    1 SNES Function norm 3.700011875544e-16 
  Nonlinear solve converged due to CONVERGED_FNORM_RELATIVE iterations 1
21 TS dt 0.000625 time 0.013125
    0 SNES Function norm 1.558035588367e+02 
    1 SNES Function norm 2.779965565604e-16 
  Nonlinear solve converged due to CONVERGED_FNORM_RELATIVE iterations 1
22 TS dt 0.000625 time 0.01375
    0 SNES Function norm 1.488353993347e+02 
    1 SNES Function norm 3.233552670046e-16 
  Nonlinear solve converged due to CONVERGED_FNORM_RELATIVE iterations 1
23 TS dt 0.000625 time 0.014375
    0 SNES Function norm 1.424969603220e+02 
    1 SNES Function norm 2.482711848189e-16 
  Nonlinear solve converged due to CONVERGED_FNORM_RELATIVE iterations 1
24 TS dt 0.000625 time 0.015
    0 SNES Function norm 1.367087480511e+02 
    1 SNES Function norm 2.198817934064e-16 
  Nonlinear solve converged due to CONVERGED_FNORM_RELATIVE iterations 1
25 TS dt 0.000625 time 0.015625
    0 SNES Function norm 1.314018670213e+02 
    1 SNES Function norm 2.335869794106e-16 
  Nonlinear solve converged due to CONVERGED_FNORM_RELATIVE iterations 1
26 TS dt 0.000625 time 0.01625
    0 SNES Function norm 1.265165509727e+02 
    1 SNES Function norm 2.024011892438e-16 
  Nonlinear solve converged due to CONVERGED_FNORM_RELATIVE iterations 1
27 TS dt 0.000625 time 0.016875
    0 SNES Function norm 1.220009441973e+02 
    1 SNES Function norm 1.911402143156e-16 
  Nonlinear solve converged due to CONVERGED_FNORM_RELATIVE iterations 1
28 TS dt 0.000625 time 0.0175
    0 SNES Function norm 1.178100705591e+02 
    1 SNES Function norm 2.063853179890e-16 
  Nonlinear solve converged due to CONVERGED_FNORM_RELATIVE iterations 1
29 TS dt 0.000625 time 0.018125
    0 SNES Function norm 1.139049475656e+02 
    1 SNES Function norm 1.099889862671e-16 
  Nonlinear solve converged due to CONVERGED_FNORM_RELATIVE iterations 1
30 TS dt 0.000625 time 0.01875
    0 SNES Function norm 1.102518163901e+02 
    1 SNES Function norm 1.799994476130e-16 
  Nonlinear solve converged due to CONVERGED_FNORM_RELATIVE iterations 1
31 TS dt 0.000625 time 0.019375
    0 SNES Function norm 1.068214677309e+02 
    1 SNES Function norm 2.060225865115e-16 
  Nonlinear solve converged due to CONVERGED_FNORM_RELATIVE iterations 1
32 TS dt 0.000625 time 0.02
    0 SNES Function norm 1.035886492333e+02 
    1 SNES Function norm 2.212994402613e-16 
  Nonlinear solve converged due to CONVERGED_FNORM_RELATIVE iterations 1
33 TS dt 0.000625 time 0.020625
Interpolated solution at time 0.02 between steps 32 and 33
