0 TS dt 0.00390625 time 0.
1 TS dt 0.00390625 time 0.00390625
2 TS dt 0.00390625 time 0.0078125
3 TS dt 0.00390625 time 0.0117188
4 TS dt 0.00390625 time 0.015625
5 TS dt 0.00390625 time 0.0195312
6 TS dt 0.00390625 time 0.0234375
7 TS dt 0.00390625 time 0.0273438
8 TS dt 0.00390625 time 0.03125
9 TS dt 0.00390625 time 0.0351562
10 TS dt 0.00390625 time 0.0390625
11 TS dt 0.00390625 time 0.0429688
12 TS dt 0.00390625 time 0.046875
13 TS dt 0.00390625 time 0.0507812
14 TS dt 0.00390625 time 0.0546875
15 TS dt 0.00390625 time 0.0585938
16 TS dt 0.00390625 time 0.0625
17 TS dt 0.00390625 time 0.0664062
18 TS dt 0.00390625 time 0.0703125
19 TS dt 0.00390625 time 0.0742188
20 TS dt 0.00390625 time 0.078125
21 TS dt 0.00390625 time 0.0820312
22 TS dt 0.00390625 time 0.0859375
23 TS dt 0.00390625 time 0.0898438
24 TS dt 0.00390625 time 0.09375
24 TS dt 0.0020927 time 0.09375 (r)
25 TS dt 2.07126e-06 time 0.0958427
26 TS dt 0.00181148 time 0.0958448
27 TS dt 0.00390625 time 0.0976562
28 TS dt 0.00390625 time 0.101562
29 TS dt 0.00390625 time 0.105469
30 TS dt 0.00390625 time 0.109375
31 TS dt 0.00390625 time 0.113281
31 TS dt 0.00163288 time 0.113281 (r)
32 TS dt 0.00227337 time 0.114914
33 TS dt 0.00390625 time 0.117188
34 TS dt 0.00390625 time 0.121094
35 TS dt 0.00390625 time 0.125
35 TS dt -0.00390625 time 0.125
34 TS dt -0.00390625 time 0.121094
33 TS dt -0.00227337 time 0.117188
32 TS dt -0.00163288 time 0.114914
31 TS dt -0.00390625 time 0.113281
30 TS dt -0.00390625 time 0.109375
29 TS dt -0.00390625 time 0.105469
28 TS dt -0.00390625 time 0.101562
27 TS dt -0.00181148 time 0.0976562
26 TS dt -2.07126e-06 time 0.0958448
25 TS dt -0.0020927 time 0.0958427
24 TS dt -0.00390625 time 0.09375
23 TS dt -0.00390625 time 0.0898438
22 TS dt -0.00390625 time 0.0859375
21 TS dt -0.00390625 time 0.0820312
20 TS dt -0.00390625 time 0.078125
19 TS dt -0.00390625 time 0.0742188
18 TS dt -0.00390625 time 0.0703125
17 TS dt -0.00390625 time 0.0664062
16 TS dt -0.00390625 time 0.0625
15 TS dt -0.00390625 time 0.0585938
14 TS dt -0.00390625 time 0.0546875
13 TS dt -0.00390625 time 0.0507812
12 TS dt -0.00390625 time 0.046875
11 TS dt -0.00390625 time 0.0429688
10 TS dt -0.00390625 time 0.0390625
9 TS dt -0.00390625 time 0.0351562
8 TS dt -0.00390625 time 0.03125
7 TS dt -0.00390625 time 0.0273438
6 TS dt -0.00390625 time 0.0234375
5 TS dt -0.00390625 time 0.0195312
4 TS dt -0.00390625 time 0.015625
3 TS dt -0.00390625 time 0.0117188
2 TS dt -0.00390625 time 0.0078125
1 TS dt -0.00390625 time 0.00390625
0 TS dt -0.00390625 time 0.
