MFEM mesh v1.1

dimension
3

elements
60
1 5 0 3 2 1 4 5 6 7
1 5 8 11 10 9 12 13 14 15
1 5 16 19 18 17 20 21 22 23
1 5 24 27 26 25 28 29 30 31
1 5 32 35 34 33 36 37 38 39
1 5 40 43 42 41 44 45 46 47
1 5 48 51 50 49 52 53 54 55
1 5 56 59 58 57 60 61 62 63
1 5 64 67 66 65 68 69 70 71
1 5 72 75 74 73 76 77 78 79
1 5 80 83 82 81 84 85 86 87
1 5 88 91 90 89 92 93 94 95
1 5 96 99 98 97 100 101 102 103
1 5 104 107 106 105 108 109 110 111
1 5 112 115 114 113 116 117 118 119
1 5 120 123 122 121 124 125 126 127
1 5 128 131 130 129 132 133 134 135
1 5 136 139 138 137 140 141 142 143
1 5 144 147 146 145 148 149 150 151
1 5 152 155 154 153 156 157 158 159
1 5 160 163 162 161 164 165 166 167
1 5 168 171 170 169 172 173 174 175
1 5 176 179 178 177 180 181 182 183
1 5 184 187 186 185 188 189 190 191
1 5 192 195 194 193 196 197 198 199
1 5 200 203 202 201 204 205 206 207
1 5 208 211 210 209 212 213 214 215
1 5 216 219 218 217 220 221 222 223
1 5 224 227 226 225 228 229 230 231
1 5 232 235 234 233 236 237 238 239
1 5 240 243 242 241 244 245 246 247
1 5 248 251 250 249 252 253 254 255
1 5 256 259 258 257 260 261 262 263
1 5 264 267 266 265 268 269 270 271
1 5 272 275 274 273 276 277 278 279
1 5 280 283 282 281 284 285 286 287
1 5 288 291 290 289 292 293 294 295
1 5 296 299 298 297 300 301 302 303
1 5 304 307 306 305 308 309 310 311
1 5 312 315 314 313 316 317 318 319
1 5 320 323 322 321 324 325 326 327
1 5 328 331 330 329 332 333 334 335
1 5 336 339 338 337 340 341 342 343
1 5 344 347 346 345 348 349 350 351
1 5 352 355 354 353 356 357 358 359
1 5 360 363 362 361 364 365 366 367
1 5 368 371 370 369 372 373 374 375
1 5 376 379 378 377 380 381 382 383
1 5 384 387 386 385 388 389 390 391
1 5 392 395 394 393 396 397 398 399
1 5 400 403 402 401 404 405 406 407
1 5 408 411 410 409 412 413 414 415
1 5 416 419 418 417 420 421 422 423
1 5 424 427 426 425 428 429 430 431
1 5 432 435 434 433 436 437 438 439
1 5 440 443 442 441 444 445 446 447
1 5 448 451 450 449 452 453 454 455
1 5 456 459 458 457 460 461 462 463
1 5 464 467 466 465 468 469 470 471
1 5 472 475 474 473 476 477 478 479

boundary
0

vertices
576
3
 0. 0. 0.
 0. 1. 0.
 1. 1. 0.
 1. 0. 0.
 0. 0. 1.
 1. 0. 1.
 1. 1. 1.
 0. 1. 1.
 1. 0. 0.
 1. 1. 0.
 2. 1. 0.
 2. 0. 0.
 1. 0. 1.
 2. 0. 1.
 2. 1. 1.
 1. 1. 1.
 0. 1. 0.
 0. 2. 0.
 1. 2. 0.
 1. 1. 0.
 0. 1. 1.
 1. 1. 1.
 1. 2. 1.
 0. 2. 1.
 1. 1. 0.
 1. 2. 0.
 2. 2. 0.
 2. 1. 0.
 1. 1. 1.
 2. 1. 1.
 2. 2. 1.
 1. 2. 1.
 0. 0. 1.
 0. 1. 1.
 1. 1. 1.
 1. 0. 1.
 0. 0. 2.
 1. 0. 2.
 1. 1. 2.
 0. 1. 2.
 1. 0. 1.
 1. 1. 1.
 2. 1. 1.
 2. 0. 1.
 1. 0. 2.
 2. 0. 2.
 2. 1. 2.
 1. 1. 2.
 0. 1. 1.
 0. 2. 1.
 1. 2. 1.
 1. 1. 1.
 0. 1. 2.
 1. 1. 2.
 1. 2. 2.
 0. 2. 2.
 1. 1. 1.
 1. 2. 1.
 2. 2. 1.
 2. 1. 1.
 1. 1. 2.
 2. 1. 2.
 2. 2. 2.
 1. 2. 2.
 2. 0. 0.
 2. 1. 0.
 3. 1. 0.
 3. 0. 0.
 2. 0. 1.
 3. 0. 1.
 3. 1. 1.
 2. 1. 1.
 2. 1. 0.
 2. 2. 0.
 3. 2. 0.
 3. 1. 0.
 2. 1. 1.
 3. 1. 1.
 3. 2. 1.
 2. 2. 1.
 2. 0. 1.
 2. 1. 1.
 3. 1. 1.
 3. 0. 1.
 2. 0. 2.
 3. 0. 2.
 3. 1. 2.
 2. 1. 2.
 2. 1. 1.
 2. 2. 1.
 3. 2. 1.
 3. 1. 1.
 2. 1. 2.
 3. 1. 2.
 3. 2. 2.
 2. 2. 2.
 0. 2. 0.
 0. 3. 0.
 1. 3. 0.
 1. 2. 0.
 0. 2. 1.
 1. 2. 1.
 1. 3. 1.
 0. 3. 1.
 1. 2. 0.
 1. 3. 0.
 2. 3. 0.
 2. 2. 0.
 1. 2. 1.
 2. 2. 1.
 2. 3. 1.
 1. 3. 1.
 0. 3. 0.
 0. 4. 0.
 1. 4. 0.
 1. 3. 0.
 0. 3. 1.
 1. 3. 1.
 1. 4. 1.
 0. 4. 1.
 1. 3. 0.
 1. 4. 0.
 2. 4. 0.
 2. 3. 0.
 1. 3. 1.
 2. 3. 1.
 2. 4. 1.
 1. 4. 1.
 0. 2. 1.
 0. 3. 1.
 1. 3. 1.
 1. 2. 1.
 0. 2. 2.
 1. 2. 2.
 1. 3. 2.
 0. 3. 2.
 1. 2. 1.
 1. 3. 1.
 2. 3. 1.
 2. 2. 1.
 1. 2. 2.
 2. 2. 2.
 2. 3. 2.
 1. 3. 2.
 0. 3. 1.
 0. 4. 1.
 1. 4. 1.
 1. 3. 1.
 0. 3. 2.
 1. 3. 2.
 1. 4. 2.
 0. 4. 2.
 1. 3. 1.
 1. 4. 1.
 2. 4. 1.
 2. 3. 1.
 1. 3. 2.
 2. 3. 2.
 2. 4. 2.
 1. 4. 2.
 2. 2. 0.
 2. 3. 0.
 3. 3. 0.
 3. 2. 0.
 2. 2. 1.
 3. 2. 1.
 3. 3. 1.
 2. 3. 1.
 2. 3. 0.
 2. 4. 0.
 3. 4. 0.
 3. 3. 0.
 2. 3. 1.
 3. 3. 1.
 3. 4. 1.
 2. 4. 1.
 2. 2. 1.
 2. 3. 1.
 3. 3. 1.
 3. 2. 1.
 2. 2. 2.
 3. 2. 2.
 3. 3. 2.
 2. 3. 2.
 2. 3. 1.
 2. 4. 1.
 3. 4. 1.
 3. 3. 1.
 2. 3. 2.
 3. 3. 2.
 3. 4. 2.
 2. 4. 2.
 0. 0. 2.
 0. 1. 2.
 1. 1. 2.
 1. 0. 2.
 0. 0. 3.
 1. 0. 3.
 1. 1. 3.
 0. 1. 3.
 1. 0. 2.
 1. 1. 2.
 2. 1. 2.
 2. 0. 2.
 1. 0. 3.
 2. 0. 3.
 2. 1. 3.
 1. 1. 3.
 0. 1. 2.
 0. 2. 2.
 1. 2. 2.
 1. 1. 2.
 0. 1. 3.
 1. 1. 3.
 1. 2. 3.
 0. 2. 3.
 1. 1. 2.
 1. 2. 2.
 2. 2. 2.
 2. 1. 2.
 1. 1. 3.
 2. 1. 3.
 2. 2. 3.
 1. 2. 3.
 0. 0. 3.
 0. 1. 3.
 1. 1. 3.
 1. 0. 3.
 0. 0. 4.
 1. 0. 4.
 1. 1. 4.
 0. 1. 4.
 1. 0. 3.
 1. 1. 3.
 2. 1. 3.
 2. 0. 3.
 1. 0. 4.
 2. 0. 4.
 2. 1. 4.
 1. 1. 4.
 0. 1. 3.
 0. 2. 3.
 1. 2. 3.
 1. 1. 3.
 0. 1. 4.
 1. 1. 4.
 1. 2. 4.
 0. 2. 4.
 1. 1. 3.
 1. 2. 3.
 2. 2. 3.
 2. 1. 3.
 1. 1. 4.
 2. 1. 4.
 2. 2. 4.
 1. 2. 4.
 2. 0. 2.
 2. 1. 2.
 3. 1. 2.
 3. 0. 2.
 2. 0. 3.
 3. 0. 3.
 3. 1. 3.
 2. 1. 3.
 2. 1. 2.
 2. 2. 2.
 3. 2. 2.
 3. 1. 2.
 2. 1. 3.
 3. 1. 3.
 3. 2. 3.
 2. 2. 3.
 2. 0. 3.
 2. 1. 3.
 3. 1. 3.
 3. 0. 3.
 2. 0. 4.
 3. 0. 4.
 3. 1. 4.
 2. 1. 4.
 2. 1. 3.
 2. 2. 3.
 3. 2. 3.
 3. 1. 3.
 2. 1. 4.
 3. 1. 4.
 3. 2. 4.
 2. 2. 4.
 0. 2. 2.
 0. 3. 2.
 1. 3. 2.
 1. 2. 2.
 0. 2. 3.
 1. 2. 3.
 1. 3. 3.
 0. 3. 3.
 1. 2. 2.
 1. 3. 2.
 2. 3. 2.
 2. 2. 2.
 1. 2. 3.
 2. 2. 3.
 2. 3. 3.
 1. 3. 3.
 0. 3. 2.
 0. 4. 2.
 1. 4. 2.
 1. 3. 2.
 0. 3. 3.
 1. 3. 3.
 1. 4. 3.
 0. 4. 3.
 1. 3. 2.
 1. 4. 2.
 2. 4. 2.
 2. 3. 2.
 1. 3. 3.
 2. 3. 3.
 2. 4. 3.
 1. 4. 3.
 0. 2. 3.
 0. 3. 3.
 1. 3. 3.
 1. 2. 3.
 0. 2. 4.
 1. 2. 4.
 1. 3. 4.
 0. 3. 4.
 1. 2. 3.
 1. 3. 3.
 2. 3. 3.
 2. 2. 3.
 1. 2. 4.
 2. 2. 4.
 2. 3. 4.
 1. 3. 4.
 0. 3. 3.
 0. 4. 3.
 1. 4. 3.
 1. 3. 3.
 0. 3. 4.
 1. 3. 4.
 1. 4. 4.
 0. 4. 4.
 1. 3. 3.
 1. 4. 3.
 2. 4. 3.
 2. 3. 3.
 1. 3. 4.
 2. 3. 4.
 2. 4. 4.
 1. 4. 4.
 2. 2. 2.
 2. 3. 2.
 3. 3. 2.
 3. 2. 2.
 2. 2. 3.
 3. 2. 3.
 3. 3. 3.
 2. 3. 3.
 2. 3. 2.
 2. 4. 2.
 3. 4. 2.
 3. 3. 2.
 2. 3. 3.
 3. 3. 3.
 3. 4. 3.
 2. 4. 3.
 2. 2. 3.
 2. 3. 3.
 3. 3. 3.
 3. 2. 3.
 2. 2. 4.
 3. 2. 4.
 3. 3. 4.
 2. 3. 4.
 2. 3. 3.
 2. 4. 3.
 3. 4. 3.
 3. 3. 3.
 2. 3. 4.
 3. 3. 4.
 3. 4. 4.
 2. 4. 4.
 0. 0. 4.
 0. 1. 4.
 1. 1. 4.
 1. 0. 4.
 0. 0. 5.
 1. 0. 5.
 1. 1. 5.
 0. 1. 5.
 1. 0. 4.
 1. 1. 4.
 2. 1. 4.
 2. 0. 4.
 1. 0. 5.
 2. 0. 5.
 2. 1. 5.
 1. 1. 5.
 0. 1. 4.
 0. 2. 4.
 1. 2. 4.
 1. 1. 4.
 0. 1. 5.
 1. 1. 5.
 1. 2. 5.
 0. 2. 5.
 1. 1. 4.
 1. 2. 4.
 2. 2. 4.
 2. 1. 4.
 1. 1. 5.
 2. 1. 5.
 2. 2. 5.
 1. 2. 5.
 2. 0. 4.
 2. 1. 4.
 3. 1. 4.
 3. 0. 4.
 2. 0. 5.
 3. 0. 5.
 3. 1. 5.
 2. 1. 5.
 2. 1. 4.
 2. 2. 4.
 3. 2. 4.
 3. 1. 4.
 2. 1. 5.
 3. 1. 5.
 3. 2. 5.
 2. 2. 5.
 0. 2. 4.
 0. 3. 4.
 1. 3. 4.
 1. 2. 4.
 0. 2. 5.
 1. 2. 5.
 1. 3. 5.
 0. 3. 5.
 1. 2. 4.
 1. 3. 4.
 2. 3. 4.
 2. 2. 4.
 1. 2. 5.
 2. 2. 5.
 2. 3. 5.
 1. 3. 5.
 0. 3. 4.
 0. 4. 4.
 1. 4. 4.
 1. 3. 4.
 0. 3. 5.
 1. 3. 5.
 1. 4. 5.
 0. 4. 5.
 1. 3. 4.
 1. 4. 4.
 2. 4. 4.
 2. 3. 4.
 1. 3. 5.
 2. 3. 5.
 2. 4. 5.
 1. 4. 5.
 2. 2. 4.
 2. 3. 4.
 3. 3. 4.
 3. 2. 4.
 2. 2. 5.
 3. 2. 5.
 3. 3. 5.
 2. 3. 5.
 2. 3. 4.
 2. 4. 4.
 3. 4. 4.
 3. 3. 4.
 2. 3. 5.
 3. 3. 5.
 3. 4. 5.
 2. 4. 5.
 0. 4. 0.
 1. 4. 0.
 0. 1. 0.
 1. 1. 0.
 0. 4. 1.
 1. 4. 1.
 0. 1. 1.
 1. 1. 1.
 2. 4. 0.
 2. 1. 0.
 2. 4. 1.
 2. 1. 1.
 0. 2. 0.
 1. 2. 0.
 0. 2. 1.
 1. 2. 1.
 2. 2. 0.
 2. 2. 1.
 0. 4. 2.
 1. 4. 2.
 0. 1. 2.
 1. 1. 2.
 2. 4. 2.
 2. 1. 2.
 0. 2. 2.
 1. 2. 2.
 2. 2. 2.
 3. 4. 0.
 3. 1. 0.
 3. 4. 1.
 3. 1. 1.
 3. 2. 0.
 3. 2. 1.
 3. 4. 2.
 3. 1. 2.
 3. 2. 2.
 0. 3. 0.
 1. 3. 0.
 0. 3. 1.
 1. 3. 1.
 2. 3. 0.
 2. 3. 1.
 0. 3. 2.
 1. 3. 2.
 2. 3. 2.
 3. 3. 0.
 3. 3. 1.
 3. 3. 2.
 0. 4. 3.
 1. 4. 3.
 0. 1. 3.
 1. 1. 3.
 2. 4. 3.
 2. 1. 3.
 0. 2. 3.
 1. 2. 3.
 2. 2. 3.
 0. 4. 4.
 1. 4. 4.
 0. 1. 4.
 1. 1. 4.
 2. 4. 4.
 2. 1. 4.
 0. 2. 4.
 1. 2. 4.
 2. 2. 4.
 3. 4. 3.
 3. 1. 3.
 3. 2. 3.
 3. 4. 4.
 3. 1. 4.
 3. 2. 4.
 0. 3. 3.
 1. 3. 3.
 2. 3. 3.
 0. 3. 4.
 1. 3. 4.
 2. 3. 4.
 3. 3. 3.
 3. 3. 4.
 0. 4. 5.
 1. 4. 5.
 0. 1. 5.
 1. 1. 5.
 2. 4. 5.
 2. 1. 5.
 0. 2. 5.
 1. 2. 5.
 2. 2. 5.
 3. 4. 5.
 3. 1. 5.
 3. 2. 5.
 0. 3. 5.
 1. 3. 5.
 2. 3. 5.
 3. 3. 5.
