Global Np = 100
Global X-cells = 10
Global V-cells = 10
c:0 [x_a,x_b] = 0.000000000000000,1.256640000000000 -> cell weight = 1.268395728819320
c:1 [x_a,x_b] = 1.256640000000000,2.513280000000000 -> cell weight = 1.263905419667826
c:2 [x_a,x_b] = 2.513280000000000,3.769920000000000 -> cell weight = 1.256639954596585
c:3 [x_a,x_b] = 3.769920000000000,5.026560000000000 -> cell weight = 1.249374506867984
c:4 [x_a,x_b] = 5.026560000000000,6.283200000000000 -> cell weight = 1.244884243120080
c:5 [x_a,x_b] = 6.283200000000000,7.539840000000000 -> cell weight = 1.244884299241914
c:6 [x_a,x_b] = 7.539840000000000,8.796479999999999 -> cell weight = 1.249374653796754
c:7 [x_a,x_b] = 8.796479999999999,10.053120000000000 -> cell weight = 1.256640136210245
c:8 [x_a,x_b] = 10.053120000000000,11.309760000000001 -> cell weight = 1.263905566595814
c:9 [x_a,x_b] = 11.309760000000001,12.566400000000000 -> cell weight = 1.268395784939883
particle weight sum = 12.5664002939 cell weight sum = 12.5664002939
dim = 1	totalWeight = 12.566400, user->charges[species[0]] = -1.000000	totalCharge = -12.566400, Total Area = 12.566400
sigma: 1.
(x0,v0,t0,m0,q0,phi0): (1.000000e+00, 1.000000e+00, 1.000000e+00, 1.000000e+00, 1.000000e+00, 0.000000e+00) - (P, V) = (1.000000e+00, 1.000000e+00)
Global Np = 100
Global X-cells = 10
Global V-cells = 10
c:0 [x_a,x_b] = 0.000000000000000,1.256640000000000 -> cell weight = 1.268395728819320
c:1 [x_a,x_b] = 1.256640000000000,2.513280000000000 -> cell weight = 1.263905419667826
c:2 [x_a,x_b] = 2.513280000000000,3.769920000000000 -> cell weight = 1.256639954596585
c:3 [x_a,x_b] = 3.769920000000000,5.026560000000000 -> cell weight = 1.249374506867984
c:4 [x_a,x_b] = 5.026560000000000,6.283200000000000 -> cell weight = 1.244884243120080
c:5 [x_a,x_b] = 6.283200000000000,7.539840000000000 -> cell weight = 1.244884299241914
c:6 [x_a,x_b] = 7.539840000000000,8.796479999999999 -> cell weight = 1.249374653796754
c:7 [x_a,x_b] = 8.796479999999999,10.053120000000000 -> cell weight = 1.256640136210245
c:8 [x_a,x_b] = 10.053120000000000,11.309760000000001 -> cell weight = 1.263905566595814
c:9 [x_a,x_b] = 11.309760000000001,12.566400000000000 -> cell weight = 1.268395784939883
particle weight sum = 12.5664002939 cell weight sum = 12.5664002939
========== PFAK u_f ==========
Mom 0: 12.5664
Mom x: 78.9572
Mom v: -7.1991e-16
Mom 2: 17.1533
Global Np = 100
Regular layout using 1 particles per cell
========== Remapped ==========
Mom 0: 12.5664 --> 12.5273
Mom 1: -3.41804e-16 --> -1.69632e-15
Mom 2: 17.1533 --> 17.0194
