Global Np = 360
c:0 [x_a,x_b] = 0.000000000000000,0.349066666666667 -> cell weight = 0.352539638258674
c:1 [x_a,x_b] = 0.349066666666667,0.698133333333333 -> cell weight = 0.352434113281987
c:2 [x_a,x_b] = 0.698133333333333,1.047200000000000 -> cell weight = 0.352226269666591
c:3 [x_a,x_b] = 1.047200000000000,1.396266666666667 -> cell weight = 0.351922422665025
c:4 [x_a,x_b] = 1.396266666666667,1.745333333333333 -> cell weight = 0.351531804557746
c:5 [x_a,x_b] = 1.745333333333333,2.094400000000000 -> cell weight = 0.351066284133648
c:6 [x_a,x_b] = 2.094400000000000,2.443466666666667 -> cell weight = 0.350540006061240
c:7 [x_a,x_b] = 2.443466666666667,2.792533333333333 -> cell weight = 0.349968961108035
c:8 [x_a,x_b] = 2.792533333333333,3.141600000000000 -> cell weight = 0.349370500266919
c:9 [x_a,x_b] = 3.141600000000000,3.490666666666666 -> cell weight = 0.348762807552540
c:10 [x_a,x_b] = 3.490666666666666,3.839733333333333 -> cell weight = 0.348164347486654
c:11 [x_a,x_b] = 3.839733333333333,4.188800000000000 -> cell weight = 0.347593304060354
c:12 [x_a,x_b] = 4.188800000000000,4.537866666666666 -> cell weight = 0.347067028220130
c:13 [x_a,x_b] = 4.537866666666666,4.886933333333333 -> cell weight = 0.346601510665674
c:14 [x_a,x_b] = 4.886933333333333,5.236000000000000 -> cell weight = 0.346210895978298
c:15 [x_a,x_b] = 5.236000000000000,5.585066666666666 -> cell weight = 0.345907052842987
c:16 [x_a,x_b] = 5.585066666666666,5.934133333333333 -> cell weight = 0.345699213422721
c:17 [x_a,x_b] = 5.934133333333333,6.283199999999999 -> cell weight = 0.345593692842573
c:18 [x_a,x_b] = 6.283199999999999,6.632266666666666 -> cell weight = 0.345593697306934
c:19 [x_a,x_b] = 6.632266666666666,6.981333333333333 -> cell weight = 0.345699226680153
c:20 [x_a,x_b] = 6.981333333333333,7.330399999999999 -> cell weight = 0.345907074490668
c:21 [x_a,x_b] = 7.330399999999999,7.679466666666666 -> cell weight = 0.346210925358473
c:22 [x_a,x_b] = 7.679466666666666,8.028533333333332 -> cell weight = 0.346601546885634
c:23 [x_a,x_b] = 8.028533333333332,8.377599999999999 -> cell weight = 0.347067070179348
c:24 [x_a,x_b] = 8.377599999999999,8.726666666666667 -> cell weight = 0.347593350483914
c:25 [x_a,x_b] = 8.726666666666667,9.075733333333332 -> cell weight = 0.348164396963990
c:26 [x_a,x_b] = 9.075733333333332,9.424799999999999 -> cell weight = 0.348762858580305
c:27 [x_a,x_b] = 9.424799999999999,9.773866666666667 -> cell weight = 0.349370551294651
c:28 [x_a,x_b] = 9.773866666666667,10.122933333333332 -> cell weight = 0.349969010585274
c:29 [x_a,x_b] = 10.122933333333332,10.472000000000000 -> cell weight = 0.350540052484640
c:30 [x_a,x_b] = 10.472000000000000,10.821066666666665 -> cell weight = 0.351066326092649
c:31 [x_a,x_b] = 10.821066666666665,11.170133333333332 -> cell weight = 0.351531840777441
c:32 [x_a,x_b] = 11.170133333333332,11.519200000000000 -> cell weight = 0.351922452044892
c:33 [x_a,x_b] = 11.519200000000000,11.868266666666665 -> cell weight = 0.352226291313931
c:34 [x_a,x_b] = 11.868266666666665,12.217333333333332 -> cell weight = 0.352434126539057
c:35 [x_a,x_b] = 12.217333333333332,12.566400000000000 -> cell weight = 0.352539642722659
particle weight sum = 12.5664002939 cell weight sum = 12.1983192887
dim = 2	totalWeight = 12.198319, user->charges[species[0]] = -1.000000	totalCharge = -12.198319, Total Area = 12.566400
sigma: 0.970709
(x0,v0,t0,m0,q0,phi0): (1.000000e+00, 1.000000e+00, 1.000000e+00, 1.000000e+00, 1.000000e+00, 0.000000e+00) - (P, V) = (1.000000e+00, 1.000000e+00)
Global Np = 360
c:0 [x_a,x_b] = 0.000000000000000,0.349066666666667 -> cell weight = 0.352539638258674
c:1 [x_a,x_b] = 0.349066666666667,0.698133333333333 -> cell weight = 0.352434113281987
c:2 [x_a,x_b] = 0.698133333333333,1.047200000000000 -> cell weight = 0.352226269666591
c:3 [x_a,x_b] = 1.047200000000000,1.396266666666667 -> cell weight = 0.351922422665025
c:4 [x_a,x_b] = 1.396266666666667,1.745333333333333 -> cell weight = 0.351531804557746
c:5 [x_a,x_b] = 1.745333333333333,2.094400000000000 -> cell weight = 0.351066284133648
c:6 [x_a,x_b] = 2.094400000000000,2.443466666666667 -> cell weight = 0.350540006061240
c:7 [x_a,x_b] = 2.443466666666667,2.792533333333333 -> cell weight = 0.349968961108035
c:8 [x_a,x_b] = 2.792533333333333,3.141600000000000 -> cell weight = 0.349370500266919
c:9 [x_a,x_b] = 3.141600000000000,3.490666666666666 -> cell weight = 0.348762807552540
c:10 [x_a,x_b] = 3.490666666666666,3.839733333333333 -> cell weight = 0.348164347486654
c:11 [x_a,x_b] = 3.839733333333333,4.188800000000000 -> cell weight = 0.347593304060354
c:12 [x_a,x_b] = 4.188800000000000,4.537866666666666 -> cell weight = 0.347067028220130
c:13 [x_a,x_b] = 4.537866666666666,4.886933333333333 -> cell weight = 0.346601510665674
c:14 [x_a,x_b] = 4.886933333333333,5.236000000000000 -> cell weight = 0.346210895978298
c:15 [x_a,x_b] = 5.236000000000000,5.585066666666666 -> cell weight = 0.345907052842987
c:16 [x_a,x_b] = 5.585066666666666,5.934133333333333 -> cell weight = 0.345699213422721
c:17 [x_a,x_b] = 5.934133333333333,6.283199999999999 -> cell weight = 0.345593692842573
c:18 [x_a,x_b] = 6.283199999999999,6.632266666666666 -> cell weight = 0.345593697306934
c:19 [x_a,x_b] = 6.632266666666666,6.981333333333333 -> cell weight = 0.345699226680153
c:20 [x_a,x_b] = 6.981333333333333,7.330399999999999 -> cell weight = 0.345907074490668
c:21 [x_a,x_b] = 7.330399999999999,7.679466666666666 -> cell weight = 0.346210925358473
c:22 [x_a,x_b] = 7.679466666666666,8.028533333333332 -> cell weight = 0.346601546885634
c:23 [x_a,x_b] = 8.028533333333332,8.377599999999999 -> cell weight = 0.347067070179348
c:24 [x_a,x_b] = 8.377599999999999,8.726666666666667 -> cell weight = 0.347593350483914
c:25 [x_a,x_b] = 8.726666666666667,9.075733333333332 -> cell weight = 0.348164396963990
c:26 [x_a,x_b] = 9.075733333333332,9.424799999999999 -> cell weight = 0.348762858580305
c:27 [x_a,x_b] = 9.424799999999999,9.773866666666667 -> cell weight = 0.349370551294651
c:28 [x_a,x_b] = 9.773866666666667,10.122933333333332 -> cell weight = 0.349969010585274
c:29 [x_a,x_b] = 10.122933333333332,10.472000000000000 -> cell weight = 0.350540052484640
c:30 [x_a,x_b] = 10.472000000000000,10.821066666666665 -> cell weight = 0.351066326092649
c:31 [x_a,x_b] = 10.821066666666665,11.170133333333332 -> cell weight = 0.351531840777441
c:32 [x_a,x_b] = 11.170133333333332,11.519200000000000 -> cell weight = 0.351922452044892
c:33 [x_a,x_b] = 11.519200000000000,11.868266666666665 -> cell weight = 0.352226291313931
c:34 [x_a,x_b] = 11.868266666666665,12.217333333333332 -> cell weight = 0.352434126539057
c:35 [x_a,x_b] = 12.217333333333332,12.566400000000000 -> cell weight = 0.352539642722659
particle weight sum = 12.5664002939 cell weight sum = 12.1983192887
