dim = 1	totalWeight = 12.566400, user->charges[species[0]] = -1.000000	totalCharge = -12.566400, Total Area = 12.566400
sigma: 1.
(x0,v0,t0,m0,q0,phi0): (1.000000e+00, 1.000000e+00, 1.000000e+00, 1.000000e+00, 1.000000e+00, 0.000000e+00) - (P, V) = (1.000000e+00, 1.000000e+00)
========== PFAK u_f ==========
Mom 0: 12.5664
Mom x: 78.9572
Mom v: 5.15611e-10
Mom 2: 12.5694
Regular layout using 4 particles per cell
========== Remapped ==========
Mom 0: 12.5664 --> 12.5664
Mom 1: 5.15624e-10 --> 5.15627e-10
Mom 2: 12.5694 --> 12.5677
========== PFAK u_f ==========
Mom 0: 12.5664
Mom x: 78.9572
Mom v: 7.43922e-10
Mom 2: 12.5694
Regular layout using 4 particles per cell
========== Remapped ==========
Mom 0: 12.5664 --> 12.5664
Mom 1: 7.43911e-10 --> 7.43943e-10
Mom 2: 12.5681 --> 12.5677
========== PFAK u_f ==========
Mom 0: 12.5664
Mom x: 78.9572
Mom v: 7.23457e-10
Mom 2: 12.5691
Regular layout using 4 particles per cell
========== Remapped ==========
Mom 0: 12.5664 --> 12.5664
Mom 1: 7.23419e-10 --> 7.2343e-10
Mom 2: 12.5677 --> 12.5674
========== PFAK u_f ==========
Mom 0: 12.5664
Mom x: 78.9572
Mom v: 9.47307e-10
Mom 2: 12.5691
Regular layout using 4 particles per cell
========== Remapped ==========
Mom 0: 12.5664 --> 12.5664
Mom 1: 9.4729e-10 --> 9.47304e-10
Mom 2: 12.5675 --> 12.5674
========== PFAK u_f ==========
Mom 0: 12.5664
Mom x: 78.9572
Mom v: 9.54118e-10
Mom 2: 12.5691
Regular layout using 4 particles per cell
========== Remapped ==========
Mom 0: 12.5664 --> 12.5664
Mom 1: 9.54128e-10 --> 9.54119e-10
Mom 2: 12.5675 --> 12.5674
