Approx err 0.
Approx err (diag) 0.
0: ||M*A - I|| NORM2 abs 0.999692 rel 1.
1: ||M*A - I|| NORM2 abs 0.999715 rel 1.00002
2: ||M*A - I|| NORM2 abs 0.999899 rel 1.00021
3: ||M*A - I|| NORM2 abs 0.999789 rel 1.0001
4: ||M*A - I|| NORM2 abs 0.999398 rel 0.999706
5: ||M*A - I|| NORM2 abs 0.998234 rel 0.998542
6: ||M*A - I|| NORM2 abs 0.994504 rel 0.994811
7: ||M*A - I|| NORM2 abs 0.9799 rel 0.980202
8: ||M*A - I|| NORM2 abs 0.92246 rel 0.922744
9: ||M*A - I|| NORM2 abs 0.724701 rel 0.724924
10: ||M*A - I|| NORM2 abs 0.276193 rel 0.276278
11: ||M*A - I|| NORM2 abs 0.0058492 rel 0.005851
Norm of error 5.68381e-05, Iterations 1
Approx err 0.
Approx err (diag) 0.
0: ||M*A - I|| NORM2 abs 0.502369 rel 1.
1: ||M*A - I|| NORM2 abs 0.0638297 rel 0.127057
2: ||M*A - I|| NORM2 abs 1.67151e-05 rel 3.32726e-05
Residual norm error 2.58753e-09, Iterations 1
