  0 KSP Residual norm 1352.43 
  1 KSP Residual norm 203.938 
  2 KSP Residual norm 140.301 
  3 KSP Residual norm 91.0791 
  4 KSP Residual norm 24.7999 
  5 KSP Residual norm 9.88895 
  6 KSP Residual norm 4.83373 
  7 KSP Residual norm 1.72978 
  8 KSP Residual norm 1.43434 
  9 KSP Residual norm 0.61234 
 10 KSP Residual norm 0.134901 
 11 KSP Residual norm 0.0703393 
 12 KSP Residual norm 0.014427 
 13 KSP Residual norm 0.0087479 
Linear solve converged due to CONVERGED_RTOL iterations 13
  0 KSP Residual norm 0.0135243 
  1 KSP Residual norm 0.00203938 
  2 KSP Residual norm 0.00140301 
  3 KSP Residual norm 0.000910791 
  4 KSP Residual norm 0.000247999 
  5 KSP Residual norm 9.88895e-05 
  6 KSP Residual norm 4.83373e-05 
  7 KSP Residual norm 1.72978e-05 
  8 KSP Residual norm 1.43434e-05 
  9 KSP Residual norm 6.1234e-06 
 10 KSP Residual norm 1.34901e-06 
 11 KSP Residual norm 7.03393e-07 
 12 KSP Residual norm 1.4427e-07 
 13 KSP Residual norm 8.7479e-08 
Linear solve converged due to CONVERGED_RTOL iterations 13
  0 KSP Residual norm 0.0135243 
  1 KSP Residual norm 0.00203938 
  2 KSP Residual norm 0.00140301 
  3 KSP Residual norm 0.000910791 
  4 KSP Residual norm 0.000247999 
  5 KSP Residual norm 9.88895e-05 
  6 KSP Residual norm 4.83373e-05 
  7 KSP Residual norm 1.72978e-05 
  8 KSP Residual norm 1.43434e-05 
  9 KSP Residual norm 6.1234e-06 
 10 KSP Residual norm 1.34901e-06 
 11 KSP Residual norm 7.03393e-07 
 12 KSP Residual norm 1.4427e-07 
 13 KSP Residual norm 8.7479e-08 
Linear solve converged due to CONVERGED_RTOL iterations 13
[0]main |b-Ax|/|b|=1.941811e-04, |b|=4.630910e+00, emax=1.000719e+00
