DM Object: Material Point Swarm 1 MPI process
  type: swarm
Material Point Swarm in 2 dimensions:
  Number of particles per rank: 4290
.... assemble
.... bc imposition
.... solve
.... max v 1.8567e-04 , dt 2.6929e+02 : [total] max v 1.8567e-04 , dt_max 2.0000e+00
.... advect
.... migrate
.... populate cells
.... ....pop cont: adjusted 30 cells
.... project
.... interp
step 1 : time 2.00e+00 
.... assemble
.... bc imposition
.... solve
.... max v 1.8806e-04 , dt 2.6587e+02 : [total] max v 1.8806e-04 , dt_max 2.0000e+00
.... advect
.... migrate
.... populate cells
.... project
.... interp
step 2 : time 4.00e+00 
.... assemble
.... bc imposition
.... solve
.... max v 1.9043e-04 , dt 2.6256e+02 : [total] max v 1.9043e-04 , dt_max 2.0000e+00
.... advect
.... migrate
.... populate cells
.... project
.... interp
step 3 : time 6.00e+00 
.... assemble
.... bc imposition
.... solve
.... max v 1.9279e-04 , dt 2.5935e+02 : [total] max v 1.9279e-04 , dt_max 2.0000e+00
.... advect
.... migrate
.... populate cells
.... project
.... interp
step 4 : time 8.00e+00 
.... assemble
.... bc imposition
.... solve
.... max v 1.9513e-04 , dt 2.5624e+02 : [total] max v 1.9513e-04 , dt_max 2.0000e+00
.... advect
.... migrate
.... populate cells
.... project
.... interp
step 5 : time 1.00e+01 
.... assemble
.... bc imposition
.... solve
.... max v 1.9744e-04 , dt 2.5324e+02 : [total] max v 1.9744e-04 , dt_max 2.0000e+00
.... advect
.... migrate
.... populate cells
.... project
.... interp
step 6 : time 1.20e+01 
.... assemble
.... bc imposition
.... solve
.... max v 1.9974e-04 , dt 2.5032e+02 : [total] max v 1.9974e-04 , dt_max 2.0000e+00
.... advect
.... migrate
.... populate cells
.... project
.... interp
step 7 : time 1.40e+01 
.... assemble
.... bc imposition
.... solve
.... max v 2.0202e-04 , dt 2.4750e+02 : [total] max v 2.0202e-04 , dt_max 2.0000e+00
.... advect
.... migrate
.... populate cells
.... project
.... interp
step 8 : time 1.60e+01 
.... assemble
.... bc imposition
.... solve
.... max v 2.0437e-04 , dt 2.4465e+02 : [total] max v 2.0437e-04 , dt_max 2.0000e+00
.... advect
.... migrate
.... populate cells
.... project
.... interp
step 9 : time 1.80e+01 
.... assemble
.... bc imposition
.... solve
.... max v 2.0692e-04 , dt 2.4164e+02 : [total] max v 2.0692e-04 , dt_max 2.0000e+00
.... advect
.... migrate
.... populate cells
.... project
.... interp
.... write XDMF, VTS
step 10 : time 2.00e+01 
