  0 KSP Residual norm 28.4955 
  1 KSP Residual norm 0.317321 
  2 KSP Residual norm 0.184779 
  3 KSP Residual norm 0.0833816 
  4 KSP Residual norm 0.040523 
  5 KSP Residual norm 0.0136334 
  6 KSP Residual norm 0.00689557 
  7 KSP Residual norm 0.00152984 
  8 KSP Residual norm 0.00083984 
  9 KSP Residual norm 0.000397359 
 10 KSP Residual norm 0.000128741 
 11 KSP Residual norm 6.11836e-05 
 12 KSP Residual norm 3.3492e-05 
 13 KSP Residual norm 1.20872e-05 
 14 KSP Residual norm 5.07805e-06 
 15 KSP Residual norm 2.30769e-06 
 16 KSP Residual norm 1.02476e-06 
 17 KSP Residual norm 4.25511e-07 
 18 KSP Residual norm 1.62588e-07 
 19 KSP Residual norm 7.50622e-08 
 20 KSP Residual norm 2.0802e-08 
 21 KSP Residual norm 7.91897e-09 
 22 KSP Residual norm 3.08208e-09 
 23 KSP Residual norm 8.142e-10 
 24 KSP Residual norm 2.031e-10 
 25 KSP Residual norm 7.205e-11 
 26 KSP Residual norm 1.612e-11 
 27 KSP Residual norm < 1.e-11
 28 KSP Residual norm < 1.e-11
 29 KSP Residual norm < 1.e-11
 30 KSP Residual norm < 1.e-11
 31 KSP Residual norm < 1.e-11
Number of iterations =  31
  Residual norm < 1.e-12
