  0 KSP Residual norm 63.8787 
  1 KSP Residual norm 2.82249 
  2 KSP Residual norm 0.353516 
  3 KSP Residual norm 0.127923 
  4 KSP Residual norm 0.0524287 
  5 KSP Residual norm 0.0247758 
  6 KSP Residual norm 0.0130401 
  7 KSP Residual norm 0.007073 
  8 KSP Residual norm 0.00333301 
  9 KSP Residual norm 0.00156581 
 10 KSP Residual norm 0.000705478 
 11 KSP Residual norm 0.00027075 
 12 KSP Residual norm 0.00012595 
 13 KSP Residual norm 7.0696e-05 
 14 KSP Residual norm 3.45963e-05 
 15 KSP Residual norm 1.43688e-05 
 16 KSP Residual norm 6.92329e-06 
 17 KSP Residual norm 3.04334e-06 
 18 KSP Residual norm 1.12459e-06 
 19 KSP Residual norm 4.40499e-07 
 20 KSP Residual norm 1.62787e-07 
 21 KSP Residual norm 5.06342e-08 
Number of iterations =  21
Residual norm 7.545e-07
