  0 KSP Residual norm 1.41061 
  1 KSP Residual norm 0.333571 
  2 KSP Residual norm 0.126258 
  3 KSP Residual norm 0.0480409 
  4 KSP Residual norm 0.00177708 
  5 KSP Residual norm 0.000546227 
  6 KSP Residual norm 0.00010281 
  7 KSP Residual norm 1.96127e-05 
  8 KSP Residual norm 6.30336e-06 
  9 KSP Residual norm 2.22564e-06 
 10 KSP Residual norm 7.88522e-07 
 11 KSP Residual norm 2.05288e-07 
 12 KSP Residual norm 4.44472e-08 
 13 KSP Residual norm 1.38043e-08 
 14 KSP Residual norm 2.99946e-09 
 15 KSP Residual norm 9.405e-10 
 16 KSP Residual norm 3.205e-10 
 17 KSP Residual norm 1.258e-10 
 18 KSP Residual norm 1.354e-11 
 19 KSP Residual norm < 1.e-11
 20 KSP Residual norm < 1.e-11
 21 KSP Residual norm < 1.e-11
 22 KSP Residual norm < 1.e-11
 23 KSP Residual norm < 1.e-11
 24 KSP Residual norm < 1.e-11
 25 KSP Residual norm < 1.e-11
Number of iterations =  25
  Residual norm < 1.e-12
