  0 KSP Residual norm 28.4822 
  1 KSP Residual norm 1.01801 
  2 KSP Residual norm 0.452545 
  3 KSP Residual norm 0.229817 
  4 KSP Residual norm 0.102545 
  5 KSP Residual norm 0.0453856 
  6 KSP Residual norm 0.0140706 
  7 KSP Residual norm 0.00316908 
  8 KSP Residual norm 0.000930794 
  9 KSP Residual norm 0.0003064 
 10 KSP Residual norm 0.000104533 
 11 KSP Residual norm 4.91165e-05 
 12 KSP Residual norm 1.049e-05 
 13 KSP Residual norm 3.92579e-06 
 14 KSP Residual norm 1.23347e-06 
 15 KSP Residual norm 3.87084e-07 
 16 KSP Residual norm 1.14632e-07 
 17 KSP Residual norm 2.99793e-08 
 18 KSP Residual norm 1.0088e-08 
 19 KSP Residual norm 3.0125e-09 
 20 KSP Residual norm 6.737e-10 
 21 KSP Residual norm 1.714e-10 
 22 KSP Residual norm 4.950e-11 
 23 KSP Residual norm < 1.e-11
 24 KSP Residual norm < 1.e-11
 25 KSP Residual norm < 1.e-11
 26 KSP Residual norm < 1.e-11
 27 KSP Residual norm < 1.e-11
Number of iterations =  27
  Residual norm < 1.e-12
