  0 KSP Residual norm 1.57265 
  1 KSP Residual norm 0.282796 
  2 KSP Residual norm 0.0239145 
  3 KSP Residual norm 0.00362371 
  4 KSP Residual norm 0.000187186 
  5 KSP Residual norm 2.18461e-05 
  6 KSP Residual norm 3.6162e-06 
  7 KSP Residual norm 5.14596e-07 
  8 KSP Residual norm 1.06997e-07 
  9 KSP Residual norm 1.53704e-08 
 10 KSP Residual norm 2.67481e-09 
 11 KSP Residual norm 2.885e-10 
 12 KSP Residual norm 3.894e-11 
 13 KSP Residual norm < 1.e-11
 14 KSP Residual norm < 1.e-11
 15 KSP Residual norm < 1.e-11
 16 KSP Residual norm < 1.e-11
 17 KSP Residual norm < 1.e-11
Number of iterations =  17
  Residual norm < 1.e-12
