  0 KSP Residual norm 28.4939 
  1 KSP Residual norm 0.370739 
  2 KSP Residual norm 0.168388 
  3 KSP Residual norm 0.0709147 
  4 KSP Residual norm 0.0324289 
  5 KSP Residual norm 0.0134926 
  6 KSP Residual norm 0.00856487 
  7 KSP Residual norm 0.00124926 
  8 KSP Residual norm 0.000397523 
  9 KSP Residual norm 0.000152668 
 10 KSP Residual norm 3.38947e-05 
 11 KSP Residual norm 1.36269e-05 
 12 KSP Residual norm 4.28402e-06 
 13 KSP Residual norm 1.20725e-06 
 14 KSP Residual norm 3.7051e-07 
 15 KSP Residual norm 1.37624e-07 
 16 KSP Residual norm 2.7406e-08 
 17 KSP Residual norm 1.29872e-08 
 18 KSP Residual norm 3.50094e-09 
 19 KSP Residual norm 8.816e-10 
 20 KSP Residual norm 2.347e-10 
 21 KSP Residual norm 4.182e-11 
 22 KSP Residual norm 1.144e-11 
 23 KSP Residual norm < 1.e-11
 24 KSP Residual norm < 1.e-11
 25 KSP Residual norm < 1.e-11
 26 KSP Residual norm < 1.e-11
Number of iterations =  26
  Residual norm < 1.e-12
