  0 KSP Residual norm 1.44737 
  1 KSP Residual norm 0.289441 
  2 KSP Residual norm 0.148545 
  3 KSP Residual norm 0.0662721 
  4 KSP Residual norm 0.0247608 
  5 KSP Residual norm 0.0024077 
  6 KSP Residual norm 0.00124046 
  7 KSP Residual norm 0.000555255 
  8 KSP Residual norm 0.000288798 
  9 KSP Residual norm 8.04861e-05 
 10 KSP Residual norm 4.79863e-05 
 11 KSP Residual norm 2.17469e-05 
 12 KSP Residual norm 8.12581e-06 
 13 KSP Residual norm 3.82665e-06 
 14 KSP Residual norm 1.82615e-06 
 15 KSP Residual norm 7.3238e-07 
 16 KSP Residual norm 3.67373e-07 
 17 KSP Residual norm 1.52024e-07 
 18 KSP Residual norm 6.98977e-08 
 19 KSP Residual norm 2.48951e-08 
 20 KSP Residual norm 1.14819e-08 
 21 KSP Residual norm 4.06994e-09 
 22 KSP Residual norm 1.69375e-09 
 23 KSP Residual norm 5.449e-10 
 24 KSP Residual norm 2.571e-10 
 25 KSP Residual norm 5.851e-11 
 26 KSP Residual norm 2.335e-11 
 27 KSP Residual norm < 1.e-11
 28 KSP Residual norm < 1.e-11
 29 KSP Residual norm < 1.e-11
 30 KSP Residual norm < 1.e-11
 31 KSP Residual norm < 1.e-11
 32 KSP Residual norm < 1.e-11
 33 KSP Residual norm < 1.e-11
 34 KSP Residual norm < 1.e-11
 35 KSP Residual norm < 1.e-11
Number of iterations =  35
  Residual norm < 1.e-12
