  0 KSP Residual norm 1.52106 
  1 KSP Residual norm 0.242742 
  2 KSP Residual norm 0.136877 
  3 KSP Residual norm 0.0697048 
  4 KSP Residual norm 0.0243421 
  5 KSP Residual norm 0.0101443 
  6 KSP Residual norm 0.00310125 
  7 KSP Residual norm 0.000998031 
  8 KSP Residual norm 0.000708131 
  9 KSP Residual norm 0.000236024 
 10 KSP Residual norm 0.000104363 
 11 KSP Residual norm 4.78815e-05 
 12 KSP Residual norm 2.69834e-05 
 13 KSP Residual norm 7.66101e-06 
 14 KSP Residual norm 4.14621e-06 
 15 KSP Residual norm 1.61396e-06 
 16 KSP Residual norm 8.27789e-07 
 17 KSP Residual norm 2.87762e-07 
 18 KSP Residual norm 1.31769e-07 
 19 KSP Residual norm 5.64826e-08 
 20 KSP Residual norm 1.60456e-08 
 21 KSP Residual norm 6.40112e-09 
 22 KSP Residual norm 2.27042e-09 
 23 KSP Residual norm 5.501e-10 
 24 KSP Residual norm 1.676e-10 
 25 KSP Residual norm 5.616e-11 
 26 KSP Residual norm 1.311e-11 
 27 KSP Residual norm < 1.e-11
 28 KSP Residual norm < 1.e-11
 29 KSP Residual norm < 1.e-11
 30 KSP Residual norm < 1.e-11
 31 KSP Residual norm < 1.e-11
 32 KSP Residual norm < 1.e-11
 33 KSP Residual norm < 1.e-11
Number of iterations =  33
  Residual norm < 1.e-12
