  0 KSP Residual norm 3.22583 
  1 KSP Residual norm 0.67169 
  2 KSP Residual norm 0.125145 
  3 KSP Residual norm 0.0237374 
  4 KSP Residual norm 0.00300951 
  5 KSP Residual norm 0.000135591 
  6 KSP Residual norm 6.72644e-05 
  7 KSP Residual norm 3.25968e-06 
  8 KSP Residual norm 7.11525e-07 
  9 KSP Residual norm 9.20016e-08 
 10 KSP Residual norm 1.5566e-08 
 11 KSP Residual norm 1.58545e-09 
 12 KSP Residual norm 1.143e-10 
 13 KSP Residual norm < 1.e-11
 14 KSP Residual norm < 1.e-11
 15 KSP Residual norm < 1.e-11
 16 KSP Residual norm < 1.e-11
 17 KSP Residual norm < 1.e-11
Number of iterations =  17
  Residual norm < 1.e-12
