  0 KSP Residual norm 3.78643 
  1 KSP Residual norm 1.32054 
  2 KSP Residual norm 0.581898 
  3 KSP Residual norm 0.158674 
  4 KSP Residual norm 0.0825684 
  5 KSP Residual norm 0.0251909 
  6 KSP Residual norm 0.00917771 
  7 KSP Residual norm 0.0043549 
  8 KSP Residual norm 0.00297884 
  9 KSP Residual norm 0.00037183 
 10 KSP Residual norm 0.000116772 
 11 KSP Residual norm 4.7484e-05 
 12 KSP Residual norm 1.17414e-05 
 13 KSP Residual norm 1.81823e-06 
 14 KSP Residual norm 7.30726e-07 
 15 KSP Residual norm 1.45614e-07 
 16 KSP Residual norm 3.94616e-08 
 17 KSP Residual norm 9.31707e-09 
 18 KSP Residual norm 3.48971e-09 
 19 KSP Residual norm 5.347e-10 
 20 KSP Residual norm 1.292e-10 
 21 KSP Residual norm 3.989e-11 
 22 KSP Residual norm 1.034e-11 
 23 KSP Residual norm < 1.e-11
 24 KSP Residual norm < 1.e-11
 25 KSP Residual norm < 1.e-11
 26 KSP Residual norm < 1.e-11
 27 KSP Residual norm < 1.e-11
 28 KSP Residual norm < 1.e-11
Number of iterations =  28
  Residual norm < 1.e-12
