Mat Object: 1 MPI process
  type: nest
  Matrix object:
    type=nest, rows=2, cols=2
    MatNest structure:
    (0,0) : type=seqaij, rows=3, cols=3
      Mat Object: 1 MPI process
        type: seqaij
row 0: (0, 0.)  (1, 1.)  (2, 2.) 
row 1: (0, 3.)  (1, 4.)  (2, 5.) 
row 2: (0, 6.)  (1, 7.)  (2, 8.) 
    (0,1) : type=seqaij, rows=3, cols=2
      Mat Object: 1 MPI process
        type: seqaij
row 0: (0, 0.)  (1, 1.) 
row 1: (0, 2.)  (1, 3.) 
row 2: (0, 4.)  (1, 5.) 
    (1,0) : type=seqaij, rows=2, cols=3
      Mat Object: 1 MPI process
        type: seqaij
row 0: (0, 0.)  (1, 1.)  (2, 2.) 
row 1: (0, 3.)  (1, 4.)  (2, 5.) 
    (1,1) : type=seqaij, rows=2, cols=2
      Mat Object: 1 MPI process
        type: seqaij
row 0: (0, 0.)  (1, 1.) 
row 1: (0, 2.)  (1, 3.) 
