masses:        e= 9.109e-31; ions in proton mass units:    2.000e+00  4.000e+00 ...
charges:       e=-1.602e-19; charges in elementary units:  1.000e+00  1.800e+01
n:             e:  1.000e+00                           i:  1.000e+00  1.000e-05
thermal T (K): e= 5.802e+07 i= 5.802e+07  5.802e+06. Normalization grid 1: v_0= 4.894e+05 ( 1.633e-03c) n_0= 1.000e+20 t_0= 3.920e-03 1 batched, view batch 0
Domain radius (AMR levels) grid 0: par= 3.029e+02 perp= 3.029e+02 (2) , 1: par= 5.000e+00 perp= 5.000e+00 (1) 
nu_beta:  4.356112e-16 4.356112e-16 1.411380e-13
alpha[i]*beta[j]:
alpha_nu[0,:]: 8.427101e+18:  3.670940e+03 3.670940e+03 1.189385e+06
alpha_nu[1,:]: 2.295625e+15:  1.000000e+00 1.000000e+00 3.240000e+02
alpha_nu[2,:]: 3.718912e+17:  1.620000e+02 1.620000e+02 5.248800e+04
0) FormLandau 352 IPs, 22 cells total, Nb=16, Nq=16, dim=2, Tab: Nb=16 Nf=3 Np=16 cdim=2 N=324
  0) species-0: charge density= -1.6024538233648e+01 z-momentum=  2.3543499171482e-19 energy=  1.2009868166183e+05
  0) species-1: charge density=  1.6068752193414e+01 z-momentum=  2.1010450387292e-17 energy=  1.1752123333205e+05
  0) species-2: charge density=  2.7152642046327e-04 z-momentum= -7.2783509642369e-22 energy=  1.1701658725855e+00
	  0) Total: charge density=  4.4485486187267e-02, momentum=  2.1245157543911e-17, energy=  2.3762108515975e+05 (m_i[0]/m_e = 3670.94, 14 cells on electron grid)
0 TS dt 0.001 time 0.
    0 SNES Function norm 3.596871591984e-01 
    1 SNES Function norm 2.097901589952e-03 
    2 SNES Function norm 2.372847314138e-05 
    3 SNES Function norm 7.197767119561e-07 
    4 SNES Function norm 3.089637058513e-08 
    5 SNES Function norm 1.478015913152e-09 
    6 SNES Function norm 6.926473077871e-11 
    7 SNES Function norm 3.312425455890e-12 
  Nonlinear ex1_ solve converged due to CONVERGED_SNORM_RELATIVE iterations 7
    0 SNES Function norm 2.220337125978e-01 
    1 SNES Function norm 4.299731174882e-04 
    2 SNES Function norm 3.831646727114e-06 
    3 SNES Function norm 6.615809803641e-08 
    4 SNES Function norm 1.515842682932e-09 
    5 SNES Function norm 3.936999666149e-11 
    6 SNES Function norm 1.016233678195e-12 
  Nonlinear ex1_ solve converged due to CONVERGED_SNORM_RELATIVE iterations 6
    0 SNES Function norm 2.488685268183e-01 
    1 SNES Function norm 5.956118947412e-04 
    2 SNES Function norm 5.450165944953e-06 
    3 SNES Function norm 9.215183422980e-08 
    4 SNES Function norm 2.043617352490e-09 
    5 SNES Function norm 5.328167746079e-11 
    6 SNES Function norm 1.308331582860e-12 
  Nonlinear ex1_ solve converged due to CONVERGED_SNORM_RELATIVE iterations 6
1 TS dt 0.00125 time 0.001
  1) species-0: charge density= -1.6024538233648e+01 z-momentum=  2.2213183186759e-19 energy=  1.2009863042921e+05
  1) species-1: charge density=  1.6068752193414e+01 z-momentum=  4.3405035175099e-17 energy=  1.1752123364413e+05
  1) species-2: charge density=  2.7152642046327e-04 z-momentum= -4.0507488997420e-22 energy=  1.2210864143211e+00
	  1) Total: charge density=  4.4485486187264e-02, momentum=  4.3626761932076e-17, energy=  2.3762108515975e+05 (m_i[0]/m_e = 3670.94, 14 cells on electron grid)
