masses:        e= 9.109e-31; ions in proton mass units:    2.000e+00  0.000e+00 ...
charges:       e=-1.602e-19; charges in elementary units:  1.000e+00  0.000e+00
thermal T (K): e= 5.802e+07 i= 5.802e+07 imp= 0.000e+00. v_0= 2.965e+07 ( 9.892e-02c) n_0= 1.000e+20 t_0= 6.470e-05 domain= 7.582e+00 c_0= 1.010938986116341e+01, classical, Intuitive
0 TS dt 0.1 time 0.
  0) species-0: charge density= -1.6060025942303e+01 z-momentum=  1.0280213550278e-19 energy=  1.1463213518682e+05
  0) species-1: charge density=  1.6042982531402e+01 z-momentum= -1.5984414950755e-17 energy=  1.1521625238030e+05
	  0) Total: charge density= -1.7043410901660e-02, momentum= -1.5881612815252e-17, energy=  2.2984838756712e+05 (m_i[0]/m_e = 3670.94, 62 cells)
[0]FormLandau: 558 IPs, 62 cells, totDim=18, Nb=9, Nq=9, elemMatSize=324, dim=2, Tab: Nb=9 Nf=2 Np=9 cdim=2 N=486 shift=0.
    0 SNES Function norm 2.261529472711e-02 
    1 SNES Function norm 1.695646144713e-04 
    2 SNES Function norm 6.443507248371e-06 
    3 SNES Function norm 3.895168411623e-07 
    4 SNES Function norm 2.746093194646e-08 
    5 SNES Function norm 2.055796044522e-09 
    6 SNES Function norm 1.589023578874e-10 
    7 SNES Function norm 1.249740968472e-11 
    8 SNES Function norm 9.936290234107e-13 
  Nonlinear solve converged due to CONVERGED_FNORM_RELATIVE iterations 8
    0 SNES Function norm 1.494970588112e-02 
    1 SNES Function norm 7.306095332638e-05 
    2 SNES Function norm 1.774663632009e-06 
    3 SNES Function norm 5.915624958343e-08 
    4 SNES Function norm 2.295392652908e-09 
    5 SNES Function norm 9.574683397605e-11 
    6 SNES Function norm 4.166869191323e-12 
    7 SNES Function norm 1.856029231908e-13 
  Nonlinear solve converged due to CONVERGED_FNORM_RELATIVE iterations 7
    0 SNES Function norm 1.652680377118e-02 
    1 SNES Function norm 7.753241864628e-05 
    2 SNES Function norm 1.746476960126e-06 
    3 SNES Function norm 5.581757856601e-08 
    4 SNES Function norm 2.131785062124e-09 
    5 SNES Function norm 8.816690859219e-11 
    6 SNES Function norm 3.818665102501e-12 
    7 SNES Function norm 1.699754923442e-13 
  Nonlinear solve converged due to CONVERGED_FNORM_RELATIVE iterations 7
[0] TSAdaptChoose_Basic(): Estimated scaled local truncation error 0.05122, accepting step of size 0.1
1 TS dt 0.125 time 0.1
  1) species-0: charge density= -1.6060025942303e+01 z-momentum= -8.7865073079295e-21 energy=  1.1463197349749e+05
  1) species-1: charge density=  1.6042982531402e+01 z-momentum= -5.5377462881031e-18 energy=  1.1521641406963e+05
	  1) Total: charge density= -1.7043410901671e-02, momentum= -5.5465327954110e-18, energy=  2.2984838756712e+05 (m_i[0]/m_e = 3670.94, 62 cells)
[0] parallel consistency check OK
0 TS dt 0.1 time 0.
  0) species-0: charge density= -1.6060025942303e+01 z-momentum=  1.0280213550278e-19 energy=  1.1463213518682e+05
  0) species-1: charge density=  1.6042982531402e+01 z-momentum= -1.5984414950755e-17 energy=  1.1521625238030e+05
	  0) Total: charge density= -1.7043410901660e-02, momentum= -1.5881612815252e-17, energy=  2.2984838756712e+05 (m_i[0]/m_e = 3670.94, 62 cells)
    0 SNES Function norm 2.261529472711e-02 
    1 SNES Function norm 1.695646144713e-04 
    2 SNES Function norm 6.443507248472e-06 
    3 SNES Function norm 3.895168411963e-07 
    4 SNES Function norm 2.746093163150e-08 
    5 SNES Function norm 2.055796139610e-09 
    6 SNES Function norm 1.589024213480e-10 
    7 SNES Function norm 1.249758160729e-11 
    8 SNES Function norm 9.934984355710e-13 
  Nonlinear solve converged due to CONVERGED_FNORM_RELATIVE iterations 8
    0 SNES Function norm 1.494970588112e-02 
    1 SNES Function norm 7.306095332687e-05 
    2 SNES Function norm 1.774663631816e-06 
    3 SNES Function norm 5.915624964610e-08 
    4 SNES Function norm 2.295392765451e-09 
    5 SNES Function norm 9.574662302207e-11 
    6 SNES Function norm 4.166757352016e-12 
    7 SNES Function norm 1.856026810403e-13 
  Nonlinear solve converged due to CONVERGED_FNORM_RELATIVE iterations 7
    0 SNES Function norm 1.652680377118e-02 
    1 SNES Function norm 7.753241864626e-05 
    2 SNES Function norm 1.746476960087e-06 
    3 SNES Function norm 5.581757864743e-08 
    4 SNES Function norm 2.131784855455e-09 
    5 SNES Function norm 8.816692262138e-11 
    6 SNES Function norm 3.818871911896e-12 
    7 SNES Function norm 1.700220678358e-13 
  Nonlinear solve converged due to CONVERGED_FNORM_RELATIVE iterations 7
[0] TSAdaptChoose_Basic(): Estimated scaled local truncation error 0.05122, accepting step of size 0.1
1 TS dt 0.125 time 0.1
    0 SNES Function norm 1.459310536800e-02 
    1 SNES Function norm 1.667397594484e-04 
    2 SNES Function norm 9.895479281985e-06 
    3 SNES Function norm 7.822514997403e-07 
    4 SNES Function norm 6.782586966120e-08 
    5 SNES Function norm 6.135555566947e-09 
    6 SNES Function norm 5.673541135464e-10 
    7 SNES Function norm 5.310349171802e-11 
    8 SNES Function norm 5.005866018841e-12 
    9 SNES Function norm 4.732007601798e-13 
  Nonlinear solve converged due to CONVERGED_FNORM_RELATIVE iterations 9
    0 SNES Function norm 1.241037614002e-02 
    1 SNES Function norm 8.286547927121e-05 
    2 SNES Function norm 2.823190358728e-06 
    3 SNES Function norm 1.253899318922e-07 
    4 SNES Function norm 6.135091826104e-09 
    5 SNES Function norm 3.161106797496e-10 
    6 SNES Function norm 1.679415629310e-11 
    7 SNES Function norm 9.091444834724e-13 
  Nonlinear solve converged due to CONVERGED_FNORM_RELATIVE iterations 7
    0 SNES Function norm 1.324492322338e-02 
    1 SNES Function norm 8.627644490809e-05 
    2 SNES Function norm 2.788954871175e-06 
    3 SNES Function norm 1.201094487606e-07 
    4 SNES Function norm 5.785284308901e-09 
    5 SNES Function norm 2.954424325627e-10 
    6 SNES Function norm 1.560731064108e-11 
    7 SNES Function norm 8.417960782402e-13 
  Nonlinear solve converged due to CONVERGED_FNORM_RELATIVE iterations 7
[0] TSAdaptChoose_Basic(): Estimated scaled local truncation error 0.0414145, accepting step of size 0.125
2 TS dt 0.15625 time 0.225
  2) species-0: charge density= -1.6060025971130e+01 z-momentum= -2.1907691554438e-19 energy=  1.1463176745919e+05
  2) species-1: charge density=  1.6042982543639e+01 z-momentum=  1.5087910918148e-18 energy=  1.1521662010864e+05
	  2) Total: charge density= -1.7043427491330e-02, momentum=  1.2897141762704e-18, energy=  2.2984838756782e+05 (m_i[0]/m_e = 3670.94, 62 cells)
[0] parallel consistency check OK
