masses:        e= 9.109e-31; ions in proton mass units:    2.000e+00  0.000e+00 ...
charges:       e=-1.602e-19; charges in elementary units:  1.000e+00  0.000e+00
n:             e:  2.000e+00                           i:  2.000e+00  0.000e+00
thermal T (K): e= 5.802e+07 i= 5.802e+07  0.000e+00. Normalization grid 0: v_0= 2.965e+07 ( 9.892e-02c) n_0= 5.000e+19 t_0= 1.363e-04 2 batched, view batch 0
Domain radius (AMR levels) grid 0: par= 5.000e+00 perp= 5.000e+00 (2) , 1: par= 8.252e-02 perp= 8.252e-02 (2) 
0) FormLandau 448 IPs, 28 cells total, Nb=16, Nq=16, dim=2, Tab: Nb=16 Nf=2 Np=16 cdim=2 N=568 nnz= 12616
0 TS dt 0.01 time 0.
  0) species-0: charge density= -1.6021654335867e+01 z-momentum=  1.2037515011863e-19 energy=  1.2007706778963e+05
  0) species-1: charge density=  1.6021654335867e+01 z-momentum=  1.3321879869830e-17 energy=  1.2007706778963e+05
	  0) Total: charge density= -3.5527136788005e-15, momentum=  1.3442255019949e-17, energy=  2.4015413557925e+05 (m_i[0]/m_e = 3670.94, 14 cells on electron grid)
    0 SNES Function norm 3.349529697739e-02
    1 SNES Function norm 1.408891343667e-04
    2 SNES Function norm 1.097605706991e-06
    3 SNES Function norm 1.089537691781e-08
    4 SNES Function norm 1.045095454110e-10
    5 SNES Function norm 1.544749415560e-12
    Nonlinear solve converged due to CONVERGED_FNORM_RELATIVE iterations 5
    0 SNES Function norm 2.457682575861e-02
    1 SNES Function norm 3.514793606334e-05
    2 SNES Function norm 2.135364967845e-07
    3 SNES Function norm 1.500655959313e-09
    4 SNES Function norm 1.058834271807e-11
    Nonlinear solve converged due to CONVERGED_FNORM_RELATIVE iterations 4
    0 SNES Function norm 2.678589684438e-02
    1 SNES Function norm 5.074794229838e-05
    2 SNES Function norm 3.098561779154e-07
    3 SNES Function norm 2.191154595165e-09
    4 SNES Function norm 1.532679408430e-11
    Nonlinear solve converged due to CONVERGED_FNORM_RELATIVE iterations 4
1 TS dt 0.0125 time 0.01
  1) species-0: charge density= -1.6021654335867e+01 z-momentum=  8.2300285117606e-20 energy=  1.2007706672963e+05
  1) species-1: charge density=  1.6021654335867e+01 z-momentum=  9.5588267918454e-18 energy=  1.2007706884962e+05
	  1) Total: charge density=  0.0000000000000e+00, momentum=  9.6411270769630e-18, energy=  2.4015413557925e+05 (m_i[0]/m_e = 3670.94, 14 cells on electron grid)
0 TS dt 0.01 time 0.
  0) species-0: charge density= -1.6021654335867e+01 z-momentum=  1.2037515011863e-19 energy=  1.2007706778963e+05
  0) species-1: charge density=  1.6021654335867e+01 z-momentum=  1.3321879869830e-17 energy=  1.2007706778963e+05
	  0) Total: charge density= -3.5527136788005e-15, momentum=  1.3442255019949e-17, energy=  2.4015413557925e+05 (m_i[0]/m_e = 3670.94, 14 cells on electron grid)
    0 SNES Function norm 3.349529697739e-02
    1 SNES Function norm 1.408891343667e-04
    2 SNES Function norm 1.097605706991e-06
    3 SNES Function norm 1.089537691781e-08
    4 SNES Function norm 1.045095454110e-10
    5 SNES Function norm 1.544749415560e-12
    Nonlinear solve converged due to CONVERGED_FNORM_RELATIVE iterations 5
    0 SNES Function norm 2.457682575861e-02
    1 SNES Function norm 3.514793606334e-05
    2 SNES Function norm 2.135364967845e-07
    3 SNES Function norm 1.500655959313e-09
    4 SNES Function norm 1.058834271807e-11
    Nonlinear solve converged due to CONVERGED_FNORM_RELATIVE iterations 4
    0 SNES Function norm 2.678589684438e-02
    1 SNES Function norm 5.074794229838e-05
    2 SNES Function norm 3.098561779154e-07
    3 SNES Function norm 2.191154595165e-09
    4 SNES Function norm 1.532679408430e-11
    Nonlinear solve converged due to CONVERGED_FNORM_RELATIVE iterations 4
1 TS dt 0.0125 time 0.01
    0 SNES Function norm 2.407904697450e-02
    1 SNES Function norm 4.680025857308e-05
    2 SNES Function norm 4.336584034671e-07
    3 SNES Function norm 5.768542546090e-09
    4 SNES Function norm 9.956645231846e-11
    5 SNES Function norm 2.150795414930e-12
    Nonlinear solve converged due to CONVERGED_FNORM_RELATIVE iterations 5
    0 SNES Function norm 2.109860207426e-02
    1 SNES Function norm 1.624442218683e-05
    2 SNES Function norm 9.659222794661e-08
    3 SNES Function norm 7.402302917382e-10
    4 SNES Function norm 6.732322566469e-12
    Nonlinear solve converged due to CONVERGED_FNORM_RELATIVE iterations 4
    0 SNES Function norm 2.222783937653e-02
    1 SNES Function norm 1.993810534136e-05
    2 SNES Function norm 1.254771090886e-07
    3 SNES Function norm 9.674865260121e-10
    4 SNES Function norm 8.564509422864e-12
    Nonlinear solve converged due to CONVERGED_FNORM_RELATIVE iterations 4
2 TS dt 0.015625 time 0.0225
  2) species-0: charge density= -1.6021654335867e+01 z-momentum=  1.7397284469700e-19 energy=  1.2007706545246e+05
  2) species-1: charge density=  1.6021654335867e+01 z-momentum=  8.6180635223492e-18 energy=  1.2007707012679e+05
	  2) Total: charge density= -3.5527136788005e-15, momentum=  8.7920363670462e-18, energy=  2.4015413557925e+05 (m_i[0]/m_e = 3670.94, 14 cells on electron grid)
