masses:        e= 9.109e-31; ions in proton mass units:    2.000e+00  0.000e+00 ...
charges:       e=-1.602e-19; charges in elementary units:  1.000e+00  0.000e+00
n:             e:  2.000e+00                           i:  2.000e+00  0.000e+00
thermal T (K): e= 5.802e+07 i= 5.802e+07  0.000e+00. v_0= 2.965e+07 ( 9.892e-02c) n_0= 5.000e+19 t_0= 1.294e-04, classical, Intuitive, 2 batched
Domain radius (AMR levels) grid 0: 5. (2) , 1:  8.252e-02 (2) 
Using field major order for GPU Jacobian
0) FormLandau 640 IPs, 40 cells total, Nb=16, Nq=16, dim=2, Tab: Nb=16 Nf=2 Np=16 cdim=2 N=772
0 TS dt 0.1 time 0.
  0) species-0: charge density= -1.6022857049771e+01 z-momentum=  1.8744548923583e-20 energy=  1.2007987071479e+05
  0) species-1: charge density=  1.6022857049771e+01 z-momentum=  1.3439475278517e-17 energy=  1.2007987071479e+05
	  0) Total: charge density=  0.0000000000000e+00, momentum=  1.3458219827441e-17, energy=  2.4015974142958e+05 (m_i[0]/m_e = 3670.94, 20 cells on electron grid)
    0 SNES Function norm 2.850594345055e-02 
    1 SNES Function norm 1.500804172449e-04 
    2 SNES Function norm 5.375624546150e-06 
    3 SNES Function norm 6.029753278703e-07 
    4 SNES Function norm 8.027419928261e-08 
    5 SNES Function norm 1.086292382712e-08 
    6 SNES Function norm 1.474766525940e-09 
    7 SNES Function norm 2.005294863440e-10 
    8 SNES Function norm 2.728777000187e-11 
    9 SNES Function norm 3.714312699381e-12 
   10 SNES Function norm 5.067678924547e-13 
  Nonlinear solve converged due to CONVERGED_FNORM_RELATIVE iterations 10
    0 SNES Function norm 1.586007330979e-02 
    1 SNES Function norm 5.359171355690e-05 
    2 SNES Function norm 1.062053326943e-06 
    3 SNES Function norm 4.931314653794e-08 
    4 SNES Function norm 3.532803358920e-09 
    5 SNES Function norm 2.776412379134e-10 
    6 SNES Function norm 2.227593287247e-11 
    7 SNES Function norm 1.804597586085e-12 
  Nonlinear solve converged due to CONVERGED_SNORM_RELATIVE iterations 7
    0 SNES Function norm 1.876969633925e-02 
    1 SNES Function norm 6.110207410320e-05 
    2 SNES Function norm 1.266759649367e-06 
    3 SNES Function norm 7.158511744246e-08 
    4 SNES Function norm 5.518650491475e-09 
    5 SNES Function norm 4.434214325558e-10 
    6 SNES Function norm 3.588906527801e-11 
    7 SNES Function norm 2.912430253987e-12 
  Nonlinear solve converged due to CONVERGED_SNORM_RELATIVE iterations 7
1 TS dt 0.10312 time 0.1
  1) species-0: charge density= -1.6022857049771e+01 z-momentum=  1.3121184246508e-19 energy=  1.2007986638583e+05
  1) species-1: charge density=  1.6022857049771e+01 z-momentum=  2.4191055501331e-17 energy=  1.2007987504376e+05
	  1) Total: charge density=  7.1054273576010e-15, momentum=  2.4322267343796e-17, energy=  2.4015974142958e+05 (m_i[0]/m_e = 3670.94, 20 cells on electron grid)
0 TS dt 0.1 time 0.
  0) species-0: charge density= -1.6022857049771e+01 z-momentum=  1.8744548923583e-20 energy=  1.2007987071479e+05
  0) species-1: charge density=  1.6022857049771e+01 z-momentum=  1.3439475278517e-17 energy=  1.2007987071479e+05
	  0) Total: charge density=  0.0000000000000e+00, momentum=  1.3458219827441e-17, energy=  2.4015974142958e+05 (m_i[0]/m_e = 3670.94, 20 cells on electron grid)
    0 SNES Function norm 2.850594345055e-02 
    1 SNES Function norm 1.500804172441e-04 
    2 SNES Function norm 5.375624548225e-06 
    3 SNES Function norm 6.029753265167e-07 
    4 SNES Function norm 8.027419797623e-08 
    5 SNES Function norm 1.086292523413e-08 
    6 SNES Function norm 1.474766874245e-09 
    7 SNES Function norm 2.005300664070e-10 
    8 SNES Function norm 2.728658346433e-11 
    9 SNES Function norm 3.715731797861e-12 
   10 SNES Function norm 5.058139827493e-13 
  Nonlinear solve converged due to CONVERGED_FNORM_RELATIVE iterations 10
    0 SNES Function norm 1.586007330979e-02 
    1 SNES Function norm 5.359171355716e-05 
    2 SNES Function norm 1.062053326807e-06 
    3 SNES Function norm 4.931314810431e-08 
    4 SNES Function norm 3.532801476727e-09 
    5 SNES Function norm 2.776410842544e-10 
    6 SNES Function norm 2.227733874719e-11 
    7 SNES Function norm 1.804307493406e-12 
  Nonlinear solve converged due to CONVERGED_SNORM_RELATIVE iterations 7
    0 SNES Function norm 1.876969633925e-02 
    1 SNES Function norm 6.110207410317e-05 
    2 SNES Function norm 1.266759650166e-06 
    3 SNES Function norm 7.158511668001e-08 
    4 SNES Function norm 5.518651329758e-09 
    5 SNES Function norm 4.434223355055e-10 
    6 SNES Function norm 3.588707618362e-11 
    7 SNES Function norm 2.912473022435e-12 
  Nonlinear solve converged due to CONVERGED_SNORM_RELATIVE iterations 7
1 TS dt 0.10312 time 0.1
    0 SNES Function norm 1.509417481222e-02 
    1 SNES Function norm 9.782521078482e-05 
    2 SNES Function norm 3.700904907861e-06 
    3 SNES Function norm 2.744965643509e-07 
    4 SNES Function norm 3.059331167808e-08 
    5 SNES Function norm 3.941290726255e-09 
    6 SNES Function norm 5.328354118491e-10 
    7 SNES Function norm 7.332103838532e-11 
    8 SNES Function norm 1.015613186447e-11 
    9 SNES Function norm 1.413002839690e-12 
  Nonlinear solve converged due to CONVERGED_FNORM_RELATIVE iterations 9
    0 SNES Function norm 1.143830235050e-02 
    1 SNES Function norm 4.695817943675e-05 
    2 SNES Function norm 9.425148670378e-07 
    3 SNES Function norm 3.106206879240e-08 
    4 SNES Function norm 1.339552998346e-09 
    5 SNES Function norm 6.519629190916e-11 
    6 SNES Function norm 3.353013512425e-12 
  Nonlinear solve converged due to CONVERGED_SNORM_RELATIVE iterations 6
    0 SNES Function norm 1.280552363822e-02 
    1 SNES Function norm 4.863166328159e-05 
    2 SNES Function norm 9.495561352063e-07 
    3 SNES Function norm 3.133347300205e-08 
    4 SNES Function norm 1.472804238222e-09 
    5 SNES Function norm 8.694061479988e-11 
    6 SNES Function norm 5.954746555376e-12 
  Nonlinear solve converged due to CONVERGED_SNORM_RELATIVE iterations 6
2 TS dt 0.1289 time 0.20312
  2) species-0: charge density= -1.6022857056943e+01 z-momentum=  5.8108101663107e-19 energy=  1.2007986169807e+05
  2) species-1: charge density=  1.6022857056943e+01 z-momentum=  1.0214001211673e-17 energy=  1.2007987973382e+05
	  2) Total: charge density=  1.4210854715202e-14, momentum=  1.0795082228304e-17, energy=  2.4015974143189e+05 (m_i[0]/m_e = 3670.94, 20 cells on electron grid)
