masses:        e= 9.109e-31; ions in proton mass units:    2.000e+00  0.000e+00 ...
charges:       e=-1.602e-19; charges in elementary units:  1.000e+00  0.000e+00
n:             e:  2.000e+00                           i:  2.000e+00  0.000e+00
thermal T (K): e= 5.802e+07 i= 5.802e+07  0.000e+00. Normalization grid 0: v_0= 2.965e+07 ( 9.892e-02c) n_0= 5.000e+19 t_0= 1.363e-04 2 batched, view batch 0
Domain radius (AMR levels) grid 0: par= 5.000e+00 perp= 5.000e+00 (1) , 1: par= 8.252e-02 perp= 8.252e-02 (2) 
0) FormLandau 550 IPs, 22 cells total, Nb=25, Nq=25, dim=2, Tab: Nb=25 Nf=2 Np=25 cdim=2 N=796 nnz= 25620
0 TS dt 0.01 time 0.
  0) species-0: charge density= -1.6016633673461e+01 z-momentum= -9.0032411548584e-19 energy=  1.2025738117898e+05
  0) species-1: charge density=  1.6021381694503e+01 z-momentum= -6.2829546927068e-18 energy=  1.2016085962237e+05
	  0) Total: charge density=  4.7480210418556e-03, momentum= -7.1832788081926e-18, energy=  2.4041824080135e+05 (m_i[0]/m_e = 3670.94, 8 cells on electron grid)
    0 SNES Function norm 8.382078473938e-02
    1 SNES Function norm 8.707209897041e-04
    2 SNES Function norm 1.059394160322e-05
    3 SNES Function norm 1.331344022375e-07
    4 SNES Function norm 1.702856284921e-09
    5 SNES Function norm 2.241207317784e-11
    Nonlinear solve converged due to CONVERGED_FNORM_RELATIVE iterations 5
    0 SNES Function norm 5.012226660337e-02
    1 SNES Function norm 2.681198052546e-04
    2 SNES Function norm 2.282634388937e-06
    3 SNES Function norm 1.971001531950e-08
    4 SNES Function norm 1.716560514674e-10
    5 SNES Function norm 1.513394940873e-12
    Nonlinear solve converged due to CONVERGED_FNORM_RELATIVE iterations 5
    0 SNES Function norm 5.979781618277e-02
    1 SNES Function norm 3.654456678252e-04
    2 SNES Function norm 3.095688120158e-06
    3 SNES Function norm 2.662869339775e-08
    4 SNES Function norm 2.310196057293e-10
    5 SNES Function norm 2.031094740577e-12
    Nonlinear solve converged due to CONVERGED_FNORM_RELATIVE iterations 5
1 TS dt 0.0125 time 0.01
  1) species-0: charge density= -1.6016633673461e+01 z-momentum= -3.6581158758680e-19 energy=  1.2025737990581e+05
  1) species-1: charge density=  1.6021381694503e+01 z-momentum= -2.8558884966849e-18 energy=  1.2016086089554e+05
	  1) Total: charge density=  4.7480210418520e-03, momentum= -3.2217000842717e-18, energy=  2.4041824080135e+05 (m_i[0]/m_e = 3670.94, 8 cells on electron grid)
0 TS dt 0.01 time 0.
  0) species-0: charge density= -1.6016633673461e+01 z-momentum= -9.0032411548584e-19 energy=  1.2025738117898e+05
  0) species-1: charge density=  1.6021381694503e+01 z-momentum= -6.2829546927068e-18 energy=  1.2016085962237e+05
	  0) Total: charge density=  4.7480210418556e-03, momentum= -7.1832788081926e-18, energy=  2.4041824080135e+05 (m_i[0]/m_e = 3670.94, 8 cells on electron grid)
    0 SNES Function norm 8.382078473938e-02
    1 SNES Function norm 8.707209897041e-04
    2 SNES Function norm 1.059394160322e-05
    3 SNES Function norm 1.331344022375e-07
    4 SNES Function norm 1.702856284921e-09
    5 SNES Function norm 2.241207317784e-11
    Nonlinear solve converged due to CONVERGED_FNORM_RELATIVE iterations 5
    0 SNES Function norm 5.012226660337e-02
    1 SNES Function norm 2.681198052546e-04
    2 SNES Function norm 2.282634388937e-06
    3 SNES Function norm 1.971001531950e-08
    4 SNES Function norm 1.716560514674e-10
    5 SNES Function norm 1.513394940873e-12
    Nonlinear solve converged due to CONVERGED_FNORM_RELATIVE iterations 5
    0 SNES Function norm 5.979781618277e-02
    1 SNES Function norm 3.654456678252e-04
    2 SNES Function norm 3.095688120158e-06
    3 SNES Function norm 2.662869339775e-08
    4 SNES Function norm 2.310196057293e-10
    5 SNES Function norm 2.031094740577e-12
    Nonlinear solve converged due to CONVERGED_FNORM_RELATIVE iterations 5
1 TS dt 0.0125 time 0.01
    0 SNES Function norm 4.742018334667e-02
    1 SNES Function norm 3.866634089767e-04
    2 SNES Function norm 5.425960006037e-06
    3 SNES Function norm 7.909933132760e-08
    4 SNES Function norm 1.150658470761e-09
    5 SNES Function norm 1.801760036431e-11
    Nonlinear solve converged due to CONVERGED_FNORM_RELATIVE iterations 5
    0 SNES Function norm 3.521507205065e-02
    1 SNES Function norm 1.217305665706e-04
    2 SNES Function norm 1.195429942481e-06
    3 SNES Function norm 1.215420112945e-08
    4 SNES Function norm 1.221126399364e-10
    5 SNES Function norm 1.294327580381e-12
    Nonlinear solve converged due to CONVERGED_FNORM_RELATIVE iterations 5
    0 SNES Function norm 3.937690508419e-02
    1 SNES Function norm 1.623644905570e-04
    2 SNES Function norm 1.600114887252e-06
    3 SNES Function norm 1.619242414728e-08
    4 SNES Function norm 1.632812727905e-10
    5 SNES Function norm 1.710034573473e-12
    Nonlinear solve converged due to CONVERGED_FNORM_RELATIVE iterations 5
2 TS dt 0.015625 time 0.0225
  2) species-0: charge density= -1.6016633673461e+01 z-momentum= -5.4154173374539e-19 energy=  1.2025737784076e+05
  2) species-1: charge density=  1.6021381694503e+01 z-momentum= -8.6516622105455e-18 energy=  1.2016086296059e+05
	  2) Total: charge density=  4.7480210418520e-03, momentum= -9.1932039442909e-18, energy=  2.4041824080135e+05 (m_i[0]/m_e = 3670.94, 8 cells on electron grid)
