Mat Object: 1 MPI process
  type: seqaij
row 0: (0, -1.)  (1, 4.)  (3, -1.) 
row 1: (0, -1.)  (1, 4.)  (2, -1.)  (4, -1.) 
row 2: (1, -1.)  (2, 4.)  (5, -1.) 
row 3: (0, -1.)  (3, 4.)  (4, -1.)  (6, -1.) 
row 4: (1, -1.)  (3, -1.)  (4, 4.)  (5, -1.)  (7, -1.) 
row 5: (2, -1.)  (4, -1.)  (5, 4.)  (8, -1.) 
row 6: (3, -1.)  (6, 4.)  (7, -1.)  (9, -1.) 
row 7: (4, -1.)  (6, -1.)  (7, 4.)  (8, -1.)  (10, -1.) 
row 8: (5, -1.)  (7, -1.)  (8, 4.)  (11, -1.) 
row 9: (6, -1.)  (9, 4.)  (10, -1.) 
row 10: (7, -1.)  (9, -1.)  (10, 4.)  (11, -1.) 
row 11: (8, -1.)  (10, -1.)  (11, 4.) 
Mat Object: 1 MPI process
  type: seqaij
row 0: (0, -1.)  (1, 4.)  (3, -1.)  (12, 2.) 
row 1: (0, -1.)  (1, 4.)  (2, -1.)  (4, -1.)  (12, 1.) 
row 2: (1, -1.)  (2, 4.)  (5, -1.)  (12, 2.) 
row 3: (0, -1.)  (3, 4.)  (4, -1.)  (6, -1.)  (12, 1.) 
row 4: (1, -1.)  (3, -1.)  (4, 4.)  (5, -1.)  (7, -1.) 
row 5: (2, -1.)  (4, -1.)  (5, 4.)  (8, -1.)  (12, 1.) 
row 6: (3, -1.)  (6, 4.)  (7, -1.)  (9, -1.)  (12, 1.) 
row 7: (4, -1.)  (6, -1.)  (7, 4.)  (8, -1.)  (10, -1.) 
row 8: (5, -1.)  (7, -1.)  (8, 4.)  (11, -1.)  (12, 1.) 
row 9: (6, -1.)  (9, 4.)  (10, -1.)  (12, 2.) 
row 10: (7, -1.)  (9, -1.)  (10, 4.)  (11, -1.)  (12, 1.) 
row 11: (8, -1.)  (10, -1.)  (11, 4.)  (12, 2.) 
row 12: (0, 2.)  (1, 1.)  (2, 2.)  (3, 1.)  (5, 1.)  (6, 1.)  (8, 1.)  (9, 2.)  (10, 1.)  (11, 2.)  (12, 3.) 
