IS Object: 3 MPI processes
  type: general
[0] Number of indices in set 34
[0] 0 0
[0] 1 0
[0] 2 0
[0] 3 0
[0] 4 0
[0] 5 0
[0] 6 0
[0] 7 0
[0] 8 0
[0] 9 0
[0] 10 1
[0] 11 1
[0] 12 1
[0] 13 1
[0] 14 1
[0] 15 1
[0] 16 1
[0] 17 1
[0] 18 1
[0] 19 1
[0] 20 3
[0] 21 3
[0] 22 3
[0] 23 3
[0] 24 3
[0] 25 3
[0] 26 3
[0] 27 3
[0] 28 3
[0] 29 3
[0] 30 2
[0] 31 2
[0] 32 2
[0] 33 2
[1] Number of indices in set 33
[1] 0 2
[1] 1 2
[1] 2 2
[1] 3 2
[1] 4 2
[1] 5 2
[1] 6 4
[1] 7 4
[1] 8 4
[1] 9 4
[1] 10 4
[1] 11 4
[1] 12 4
[1] 13 4
[1] 14 4
[1] 15 4
[1] 16 6
[1] 17 6
[1] 18 6
[1] 19 6
[1] 20 6
[1] 21 6
[1] 22 6
[1] 23 6
[1] 24 6
[1] 25 6
[1] 26 5
[1] 27 5
[1] 28 5
[1] 29 5
[1] 30 5
[1] 31 5
[1] 32 5
[2] Number of indices in set 33
[2] 0 5
[2] 1 5
[2] 2 5
[2] 3 7
[2] 4 7
[2] 5 7
[2] 6 7
[2] 7 7
[2] 8 7
[2] 9 7
[2] 10 7
[2] 11 7
[2] 12 7
[2] 13 9
[2] 14 9
[2] 15 9
[2] 16 9
[2] 17 9
[2] 18 9
[2] 19 9
[2] 20 9
[2] 21 9
[2] 22 9
[2] 23 8
[2] 24 8
[2] 25 8
[2] 26 8
[2] 27 8
[2] 28 8
[2] 29 8
[2] 30 8
[2] 31 8
[2] 32 8
