IS Object: 2 MPI processes
  type: general
[0] Number of indices in set 50
[0] 0 2
[0] 1 2
[0] 2 2
[0] 3 2
[0] 4 2
[0] 5 2
[0] 6 2
[0] 7 2
[0] 8 2
[0] 9 2
[0] 10 3
[0] 11 3
[0] 12 3
[0] 13 3
[0] 14 3
[0] 15 3
[0] 16 3
[0] 17 3
[0] 18 3
[0] 19 3
[0] 20 0
[0] 21 0
[0] 22 0
[0] 23 0
[0] 24 0
[0] 25 0
[0] 26 0
[0] 27 0
[0] 28 0
[0] 29 0
[0] 30 1
[0] 31 1
[0] 32 1
[0] 33 1
[0] 34 1
[0] 35 1
[0] 36 1
[0] 37 1
[0] 38 1
[0] 39 1
[0] 40 4
[0] 41 4
[0] 42 4
[0] 43 4
[0] 44 4
[0] 45 4
[0] 46 4
[0] 47 4
[0] 48 4
[0] 49 4
[1] Number of indices in set 50
[1] 0 5
[1] 1 5
[1] 2 5
[1] 3 5
[1] 4 5
[1] 5 5
[1] 6 5
[1] 7 5
[1] 8 5
[1] 9 5
[1] 10 6
[1] 11 6
[1] 12 6
[1] 13 6
[1] 14 6
[1] 15 6
[1] 16 6
[1] 17 6
[1] 18 6
[1] 19 6
[1] 20 7
[1] 21 7
[1] 22 7
[1] 23 7
[1] 24 7
[1] 25 7
[1] 26 7
[1] 27 7
[1] 28 7
[1] 29 7
[1] 30 8
[1] 31 8
[1] 32 8
[1] 33 8
[1] 34 8
[1] 35 8
[1] 36 8
[1] 37 8
[1] 38 8
[1] 39 8
[1] 40 9
[1] 41 9
[1] 42 9
[1] 43 9
[1] 44 9
[1] 45 9
[1] 46 9
[1] 47 9
[1] 48 9
[1] 49 9
