IS Object: 3 MPI processes
  type: general
[0] Number of indices in set 34
[0] 0 6
[0] 1 6
[0] 2 6
[0] 3 6
[0] 4 6
[0] 5 6
[0] 6 6
[0] 7 6
[0] 8 6
[0] 9 6
[0] 10 6
[0] 11 6
[0] 12 6
[0] 13 6
[0] 14 6
[0] 15 6
[0] 16 6
[0] 17 6
[0] 18 6
[0] 19 6
[0] 20 5
[0] 21 5
[0] 22 5
[0] 23 5
[0] 24 5
[0] 25 5
[0] 26 5
[0] 27 5
[0] 28 5
[0] 29 5
[0] 30 5
[0] 31 5
[0] 32 5
[0] 33 5
[1] Number of indices in set 33
[1] 0 5
[1] 1 5
[1] 2 5
[1] 3 4
[1] 4 4
[1] 5 4
[1] 6 4
[1] 7 4
[1] 8 4
[1] 9 4
[1] 10 4
[1] 11 4
[1] 12 4
[1] 13 9
[1] 14 9
[1] 15 9
[1] 16 9
[1] 17 9
[1] 18 9
[1] 19 9
[1] 20 9
[1] 21 9
[1] 22 9
[1] 23 8
[1] 24 8
[1] 25 8
[1] 26 8
[1] 27 8
[1] 28 8
[1] 29 8
[1] 30 8
[1] 31 8
[1] 32 8
[2] Number of indices in set 33
[2] 0 7
[2] 1 7
[2] 2 7
[2] 3 7
[2] 4 7
[2] 5 7
[2] 6 7
[2] 7 1
[2] 8 1
[2] 9 1
[2] 10 1
[2] 11 1
[2] 12 1
[2] 13 1
[2] 14 3
[2] 15 3
[2] 16 3
[2] 17 3
[2] 18 3
[2] 19 3
[2] 20 3
[2] 21 2
[2] 22 2
[2] 23 2
[2] 24 2
[2] 25 2
[2] 26 2
[2] 27 0
[2] 28 0
[2] 29 0
[2] 30 0
[2] 31 0
[2] 32 0
