IS Object: 3 MPI processes
  type: general
[0] Number of indices in set 34
[0] 0 0
[0] 1 0
[0] 2 0
[0] 3 0
[0] 4 0
[0] 5 0
[0] 6 0
[0] 7 0
[0] 8 0
[0] 9 0
[0] 10 2
[0] 11 2
[0] 12 2
[0] 13 2
[0] 14 2
[0] 15 2
[0] 16 2
[0] 17 2
[0] 18 2
[0] 19 2
[0] 20 3
[0] 21 3
[0] 22 3
[0] 23 3
[0] 24 3
[0] 25 3
[0] 26 3
[0] 27 3
[0] 28 3
[0] 29 3
[0] 30 1
[0] 31 1
[0] 32 1
[0] 33 1
[1] Number of indices in set 33
[1] 0 1
[1] 1 1
[1] 2 1
[1] 3 1
[1] 4 1
[1] 5 1
[1] 6 5
[1] 7 5
[1] 8 5
[1] 9 5
[1] 10 5
[1] 11 5
[1] 12 5
[1] 13 5
[1] 14 5
[1] 15 5
[1] 16 6
[1] 17 6
[1] 18 6
[1] 19 6
[1] 20 6
[1] 21 6
[1] 22 6
[1] 23 6
[1] 24 6
[1] 25 6
[1] 26 4
[1] 27 4
[1] 28 4
[1] 29 4
[1] 30 4
[1] 31 4
[1] 32 4
[2] Number of indices in set 33
[2] 0 4
[2] 1 4
[2] 2 4
[2] 3 8
[2] 4 8
[2] 5 8
[2] 6 8
[2] 7 8
[2] 8 8
[2] 9 8
[2] 10 8
[2] 11 8
[2] 12 8
[2] 13 9
[2] 14 9
[2] 15 9
[2] 16 9
[2] 17 9
[2] 18 9
[2] 19 9
[2] 20 9
[2] 21 9
[2] 22 9
[2] 23 7
[2] 24 7
[2] 25 7
[2] 26 7
[2] 27 7
[2] 28 7
[2] 29 7
[2] 30 7
[2] 31 7
[2] 32 7
