IS Object: 3 MPI processes
  type: general
[0] Number of indices in set 34
[0] 0 0
[0] 1 0
[0] 2 0
[0] 3 0
[0] 4 0
[0] 5 0
[0] 6 0
[0] 7 0
[0] 8 0
[0] 9 0
[0] 10 0
[0] 11 0
[0] 12 0
[0] 13 0
[0] 14 0
[0] 15 0
[0] 16 0
[0] 17 0
[0] 18 0
[0] 19 1
[0] 20 1
[0] 21 1
[0] 22 1
[0] 23 1
[0] 24 1
[0] 25 1
[0] 26 1
[0] 27 1
[0] 28 1
[0] 29 1
[0] 30 1
[0] 31 1
[0] 32 1
[0] 33 1
[1] Number of indices in set 33
[1] 0 1
[1] 1 1
[1] 2 3
[1] 3 3
[1] 4 3
[1] 5 3
[1] 6 3
[1] 7 3
[1] 8 3
[1] 9 3
[1] 10 3
[1] 11 3
[1] 12 2
[1] 13 2
[1] 14 2
[1] 15 2
[1] 16 2
[1] 17 2
[1] 18 2
[1] 19 2
[1] 20 2
[1] 21 2
[1] 22 9
[1] 23 9
[1] 24 9
[1] 25 9
[1] 26 9
[1] 27 9
[1] 28 9
[1] 29 9
[1] 30 9
[1] 31 9
[1] 32 8
[2] Number of indices in set 33
[2] 0 8
[2] 1 8
[2] 2 8
[2] 3 8
[2] 4 8
[2] 5 8
[2] 6 7
[2] 7 7
[2] 8 7
[2] 9 7
[2] 10 7
[2] 11 7
[2] 12 7
[2] 13 4
[2] 14 4
[2] 15 4
[2] 16 4
[2] 17 4
[2] 18 4
[2] 19 4
[2] 20 5
[2] 21 5
[2] 22 5
[2] 23 5
[2] 24 5
[2] 25 5
[2] 26 6
[2] 27 6
[2] 28 6
[2] 29 6
[2] 30 6
[2] 31 6
[2] 32 6
