Mat Object: 1 MPI processes
row 0: (0, 0.)  (1, 2.)  (2, 4.) 
row 1: (0, 1.)  (1, 6.)  (2, 6.)  (3, 5.) 
row 2: (0, 2.)  (1, 6.)  (2, 6.)  (3, 8.)  (4, 2.) 
row 3: (1, 4.)  (2, 4.)  (3, 12.)  (4, 4.) 
row 4: (2, 1.)  (3, 5.)  (4, 3.) 
Mat Object: 1 MPI processes
row 0: (0, 0.)  (1, 2.)  (2, 4.) 
row 1: (0, 1.)  (1, 6.)  (2, 6.)  (3, 5.) 
row 2: (0, 2.)  (1, 6.)  (2, 6.)  (3, 8.)  (4, 2.) 
row 3: (1, 4.)  (2, 4.)  (3, 12.)  (4, 4.) 
row 4: (2, 1.)  (3, 5.)  (4, 3.) 
Mat Object: 1 MPI processes
row 0: (0, 0.)  (1, 2.)  (2, 4.) 
row 1: (0, 1.)  (1, 6.)  (2, 6.)  (3, 5.) 
row 2: (0, 2.)  (1, 6.)  (2, 6.)  (3, 8.)  (4, 2.) 
row 3: (1, 4.)  (2, 4.)  (3, 12.)  (4, 4.) 
row 4: (2, 1.)  (3, 5.)  (4, 3.) 
Mat Object: 1 MPI processes
row 0: (0, 0.)  (1, 2.)  (2, 4.) 
row 1: (0, 1.)  (1, 6.)  (2, 6.)  (3, 5.) 
row 2: (0, 2.)  (1, 6.)  (2, 6.)  (3, 8.)  (4, 2.) 
row 3: (1, 4.)  (2, 4.)  (3, 12.)  (4, 4.) 
row 4: (2, 1.)  (3, 5.)  (4, 3.) 
