Mat Object: CPU MATRIX 2 MPI processes
  type: mpiaij
row 0: (0, 1.)  (1, -2.) 
row 1: (0, -3.)  (1, 6.)  (2, -4.) 
row 2: (1, -6.)  (2, 11.)  (3, -6.) 
row 3: (2, -9.)  (3, 16.)  (4, -8.) 
row 4: (3, -12.)  (4, 21.)  (5, -10.) 
row 5: (4, -15.)  (5, 20.) 
row 6: (5, -18.)  (6, 31.)  (7, -14.) 
row 7: (6, -21.)  (7, 36.)  (8, -16.) 
row 8: (7, -24.)  (8, 41.)  (9, -18.) 
row 9: (8, -27.)  (9, 46.)  (10, -20.) 
row 10: (9, -30.)  (10, 40.) 
Mat Object: GPU MATRIX 2 MPI processes
  type: mpiaij
row 0: (0, 1.)  (1, -2.) 
row 1: (0, -3.)  (1, 6.)  (2, -4.) 
row 2: (1, -6.)  (2, 11.)  (3, -6.) 
row 3: (2, -9.)  (3, 16.)  (4, -8.) 
row 4: (3, -12.)  (4, 21.)  (5, -10.) 
row 5: (4, -15.)  (5, 20.) 
row 6: (5, -18.)  (6, 31.)  (7, -14.) 
row 7: (6, -21.)  (7, 36.)  (8, -16.) 
row 8: (7, -24.)  (8, 41.)  (9, -18.) 
row 9: (8, -27.)  (9, 46.)  (10, -20.) 
row 10: (9, -30.)  (10, 40.) 
