0 TS dt 0.001 time 0
1 TS dt 0.01 time 0.001
2 TS dt 0.075686 time 0.011
3 TS dt 0.102154 time 0.086686
4 TS dt 0.141807 time 0.18884
5 TS dt 0.195488 time 0.330647
6 TS dt 0.250388 time 0.526136
7 TS dt 0.318878 time 0.776523
8 TS dt 0.443586 time 1.0954
9 TS dt 0.628921 time 1.53899
10 TS dt 0.717384 time 2.16791
11 TS dt 0.908125 time 2.88529
12 TS dt 1.1745 time 3.79342
13 TS dt 1.75611 time 4.96792
14 TS dt 2.4717 time 6.72403
15 TS dt 2.91697 time 9.19574
16 TS dt 3.44194 time 12.1127
17 TS dt 4.08724 time 15.5547
18 TS dt 4.79327 time 19.6419
19 TS dt 5.63276 time 24.4352
20 TS dt 6.68384 time 30.0679
21 TS dt 7.86684 time 36.7518
22 TS dt 9.24618 time 44.6186
23 TS dt 11.0332 time 53.8648
