
---- Minimum Surface Area With Plate Problem -----
mx:8, my:6, bmx:3, bmy:3, height:0.2
iter =   0, Function value 1.67039, Residual: 0.47529 
iter =   1, Function value 1.58436, Residual: 0.550192 
iter =   2, Function value 1.52951, Residual: 0.197301 
iter =   3, Function value 1.51894, Residual: 0.269016 
iter =   4, Function value 1.51123, Residual: 0.115929 
iter =   5, Function value 1.50982, Residual: 0.0829375 
iter =   6, Function value 1.50903, Residual: 0.0649885 
iter =   7, Function value 1.50882, Residual: 0.119294 
iter =   8, Function value 1.50811, Residual: 0.0939941 
iter =   9, Function value 1.50762, Residual: 0.0764948 
iter =  10, Function value 1.50726, Residual: 0.0631086 
iter =  11, Function value 1.50697, Residual: 0.0525453 
iter =  12, Function value 1.50675, Residual: 0.0441135 
iter =  13, Function value 1.50657, Residual: 0.0373388 
iter =  14, Function value 1.50642, Residual: 0.0334606 
iter =  15, Function value 1.5063, Residual: 0.0296537 
iter =  16, Function value 1.5062, Residual: 0.027241 
iter =  17, Function value 1.50611, Residual: 0.0243919 
iter =  18, Function value 1.50604, Residual: 0.0221644 
iter =  19, Function value 1.50598, Residual: 0.0198033 
iter =  20, Function value 1.50593, Residual: 0.0178618 
iter =  21, Function value 1.50589, Residual: 0.0166045 
iter =  22, Function value 1.50585, Residual: 0.0150219 
iter =  23, Function value 1.50582, Residual: 0.0139613 
iter =  24, Function value 1.5058, Residual: 0.0126252 
iter =  25, Function value 1.50577, Residual: 0.0117311 
iter =  26, Function value 1.50576, Residual: 0.0106044 
iter =  27, Function value 1.50574, Residual: 0.00985109 
iter =  28, Function value 1.50573, Residual: 0.00890211 
iter =  29, Function value 1.50572, Residual: 0.00826793 
iter =  30, Function value 1.50571, Residual: 0.00746941 
iter =  31, Function value 1.5057, Residual: 0.00693593 
iter =  32, Function value 1.5057, Residual: 0.0062646 
iter =  33, Function value 1.50569, Residual: 0.00581615 
iter =  34, Function value 1.50569, Residual: 0.00525217 
iter =  35, Function value 1.50568, Residual: 0.00487544 
iter =  36, Function value 1.50568, Residual: 0.00440195 
iter =  37, Function value 1.50568, Residual: 0.00408566 
iter =  38, Function value 1.50567, Residual: 0.00368836 
iter =  39, Function value 1.50567, Residual: 0.00342295 
iter =  40, Function value 1.50567, Residual: 0.00308973 
iter =  41, Function value 1.50567, Residual: 0.00286711 
iter =  42, Function value 1.50567, Residual: 0.00258774 
iter =  43, Function value 1.50567, Residual: 0.0024011 
iter =  44, Function value 1.50567, Residual: 0.00216696 
iter =  45, Function value 1.50567, Residual: 0.00201052 
iter =  46, Function value 1.50567, Residual: 0.00181434 
iter =  47, Function value 1.50567, Residual: 0.00168325 
iter =  48, Function value 1.50566, Residual: 0.00151892 
iter =  49, Function value 1.50566, Residual: 0.0014091 
iter =  50, Function value 1.50566, Residual: 0.00127148 
iter =  51, Function value 1.50566, Residual: 0.00117949 
iter =  52, Function value 1.50566, Residual: 0.00106425 
iter =  53, Function value 1.50566, Residual: 0.000987221 
iter =  54, Function value 1.50566, Residual: 0.000890741 
iter =  55, Function value 1.50566, Residual: 0.000826239 
iter =  56, Function value 1.50566, Residual: 0.000745473 
iter =  57, Function value 1.50566, Residual: 0.00069147 
iter =  58, Function value 1.50566, Residual: 0.000623865 
iter =  59, Function value 1.50566, Residual: 0.000578657 
iter =  60, Function value 1.50566, Residual: 0.000522073 
iter =  61, Function value 1.50566, Residual: 0.000484231 
iter =  62, Function value 1.50566, Residual: 0.000436874 
Tao Object: 1 MPI processes
  type: pgd
  TaoLineSearch Object: 1 MPI processes
    type: more-thuente
    maximum function evaluations=30
    tolerances: ftol=0.0001, rtol=1e-10, gtol=0.9
    total number of function evaluations=0
    total number of gradient evaluations=0
    total number of function/gradient evaluations=2
    using variable bounds
    Termination reason: 1
  Active Set subset type: subvec
  convergence tolerances: gatol=0.0001,   steptol=0.,   gttol=0.001
  Residual in Function/Gradient:=0.000436874
  Objective value=1.50566
  total number of iterations=62,                          (max: 2000)
  total number of function/gradient evaluations=131,      (max: 4000)
  Solution converged:    ||g(X)||/||g(X0)|| <= gttol
