
---- Minimum Surface Area With Plate Problem -----
mx:8, my:6, bmx:3, bmy:3, height:0.2
iter =   0, Function value 1.67039, Residual: 0.47529 
  iter =   0,   Function value 1.67039,   Residual: 0.47529 
  iter =   0,   Function value 1.57666,   Residual: 0.422933 
  iter =   1,   Function value 1.5357,   Residual: 0.235251 
  iter =   2,   Function value 1.52086,   Residual: 0.15742 
  iter =   3,   Function value 1.51361,   Residual: 0.261202 
iter =   1, Function value 1.50846, Residual: 0.0892734 
  iter =   0,   Function value 1.50846,   Residual: 0.0892734 
  iter =   1,   Function value 1.50774,   Residual: 0.122322 
  iter =   2,   Function value 1.50674,   Residual: 0.0501668 
  iter =   3,   Function value 1.50628,   Residual: 0.0251461 
iter =   2, Function value 1.50583, Residual: 0.0201038 
  iter =   0,   Function value 1.50583,   Residual: 0.0201038 
  iter =   1,   Function value 1.50578,   Residual: 0.0166168 
  iter =   2,   Function value 1.50573,   Residual: 0.0201163 
  iter =   3,   Function value 1.50569,   Residual: 0.0100951 
iter =   3, Function value 1.50566, Residual: 6.45547e-05 
  iter =   0,   Function value 1.50566,   Residual: 6.45547e-05 
  iter =   1,   Function value 1.50566,   Residual: 9.87536e-05 
  iter =   2,   Function value 1.50566,   Residual: 4.96751e-05 
  iter =   3,   Function value 1.50566,   Residual: 1.98677e-05 
iter =   4, Function value 1.50566, Residual: < 1.0e-6 
Tao Object: 1 MPI processes
  type: bnls
    Rejected BFGS updates: 0
    CG steps: 12
    Newton steps: 3
    BFGS steps: 0
    Scaled gradient steps: 1
    Gradient steps: 0
    KSP termination reasons:
      atol: 0
      rtol: 3
      ctol: 1
      negc: 0
      dtol: 0
      iter: 0
      othr: 0
  TaoLineSearch Object: 1 MPI processes
    type: more-thuente
    maximum function evaluations=30
    tolerances: ftol=0.0001, rtol=1e-10, gtol=0.9
    total number of function evaluations=0
    total number of gradient evaluations=0
    total number of function/gradient evaluations=1
    using variable bounds
    Termination reason: 1
  KSP Object: (tao_bnk_) 1 MPI processes
    type: stcg
    maximum iterations=10000, initial guess is zero
    tolerances:  relative=1e-05, absolute=1e-50, divergence=10000.
    left preconditioning
    using UNPRECONDITIONED norm type for convergence test
  PC Object: (tao_bnk_) 1 MPI processes
    type: lmvm
    Mat Object: (pc_lmvm_) 1 MPI processes
      type: lmvmbfgs
      rows=48, cols=48
        Scale type: diagonal
        Scale history: 1
        Scale params: alpha=1., beta=0.5, rho=1.
        Convex factors: phi=0., theta=0.125
        Max. storage: 5
        Used storage: 3
        Number of updates: 3
        Number of rejects: 0
        Number of resets: 1
        Mat Object: (J0_) 1 MPI processes
          type: lmvmdiagbrdn
          rows=48, cols=48
            Scale history: 1
            Scale params: alpha=1., beta=0.5, rho=1.
            Convex factor: theta=0.125
            Max. storage: 1
            Used storage: 1
            Number of updates: 3
            Number of rejects: 0
            Number of resets: 1
    linear system matrix = precond matrix:
    Mat Object: 1 MPI processes
      type: seqaij
      rows=40, cols=40
      total: nonzeros=190, allocated nonzeros=190
      total number of mallocs used during MatSetValues calls=0
        not using I-node routines
  total KSP iterations: 59
  Active Set subset type: subvec
  convergence tolerances: gatol=1e-05,   steptol=0.,   gttol=0.
  Residual in Function/Gradient:=2.07969e-08
  Objective value=1.50566
  total number of iterations=4,                          (max: 50)
  total number of function/gradient evaluations=35,      (max: 4000)
  total number of Hessian evaluations=4
  Solution converged:    ||g(X)|| <= gatol
