
---- Minimum Surface Area With Plate Problem -----
mx:8, my:6, bmx:3, bmy:3, height:0.2
iter =   0, Function value 1.67039, Residual: 0.47529 
iter =   0, Function value 1.57731, Residual: 1.00289 
iter =   1, Function value 1.54717, Residual: 0.320868 
iter =   2, Function value 1.51443, Residual: 0.157931 
iter =   3, Function value 1.50569, Residual: 0.0126248 
iter =   4, Function value 1.50566, Residual: 8.6042e-05 
iter =   5, Function value 1.50566, Residual: < 1.0e-6 
Tao Object: 1 MPI processes
  type: bntr
    Rejected matrix updates: 0
    Newton steps: 5
    BFGS steps: 0
    Scaled gradient steps: 0
    Gradient steps: 0
    KSP termination reasons:
      atol: 0
      rtol: 3
      ctol: 2
      negc: 0
      dtol: 0
      iter: 0
      othr: 0
  TaoLineSearch Object: 1 MPI processes
    type: more-thuente
    maximum function evaluations=30
    tolerances: ftol=0.0001, rtol=1e-10, gtol=0.9
    total number of function evaluations=0
    total number of gradient evaluations=0
    total number of function/gradient evaluations=0
    using variable bounds
    Termination reason: 0
  KSP Object: 1 MPI processes
    type: stcg
    maximum iterations=10000, initial guess is zero
    tolerances:  relative=1e-05, absolute=1e-50, divergence=10000.
    left preconditioning
    using UNPRECONDITIONED norm type for convergence test
  PC Object: 1 MPI processes
    type: shell
      bfgs
    linear system matrix = precond matrix:
    Mat Object: 1 MPI processes
      type: seqaij
      rows=48, cols=48
      total: nonzeros=282, allocated nonzeros=336
      total number of mallocs used during MatSetValues calls =0
        not using I-node routines
  total KSP iterations: 59
  Active Set subset type: subvec
  convergence tolerances: gatol=1e-05,   steptol=0.,   gttol=0.
  Residual in Function/Gradient:=7.31856e-09
  Objective value=1.50566
  total number of iterations=5,                          (max: 50)
  total number of function/gradient evaluations=17,      (max: 4000)
  total number of Hessian evaluations=6
  Solution converged:    ||g(X)|| <= gatol
