MFEM mesh v1.0

dimension
2

elements
35
1 3 0 1 7 6
1 3 1 2 8 7
1 3 2 3 9 8
1 3 3 4 10 9
1 3 4 5 11 10
1 3 6 7 13 12
1 3 7 8 14 13
1 3 8 9 15 14
1 3 9 10 16 15
1 3 10 11 17 16
1 3 12 13 19 18
1 3 13 14 20 19
1 3 14 15 21 20
1 3 15 16 22 21
1 3 16 17 23 22
1 3 18 19 25 24
1 3 19 20 26 25
1 3 20 21 27 26
1 3 21 22 28 27
1 3 22 23 29 28
1 3 24 25 31 30
1 3 25 26 32 31
1 3 26 27 33 32
1 3 27 28 34 33
1 3 28 29 35 34
1 3 30 31 37 36
1 3 31 32 38 37
1 3 32 33 39 38
1 3 33 34 40 39
1 3 34 35 41 40
1 3 36 37 43 42
1 3 37 38 44 43
1 3 38 39 45 44
1 3 39 40 46 45
1 3 40 41 47 46

boundary
0

vertices
48
2
 0. 0.
 0.2 0.
 0.4 0.
 0.6 0.
 0.8 0.
 1. 0.
 0. 0.142857
 0.2 0.142857
 0.4 0.142857
 0.6 0.142857
 0.8 0.142857
 1. 0.142857
 0. 0.285714
 0.2 0.285714
 0.4 0.285714
 0.6 0.285714
 0.8 0.285714
 1. 0.285714
 0. 0.428571
 0.2 0.428571
 0.4 0.428571
 0.6 0.428571
 0.8 0.428571
 1. 0.428571
 0. 0.571429
 0.2 0.571429
 0.4 0.571429
 0.6 0.571429
 0.8 0.571429
 1. 0.571429
 0. 0.714286
 0.2 0.714286
 0.4 0.714286
 0.6 0.714286
 0.8 0.714286
 1. 0.714286
 0. 0.857143
 0.2 0.857143
 0.4 0.857143
 0.6 0.857143
 0.8 0.857143
 1. 0.857143
 0. 1.
 0.2 1.
 0.4 1.
 0.6 1.
 0.8 1.
 1. 1.
FiniteElementSpace
FiniteElementCollection: L2_2D_P0
VDim: 1
Ordering: 1

 0.015102
 0.095102
 0.255102
 0.495102
 0.815102
 0.0559184
 0.135918
 0.295918
 0.535918
 0.855918
 0.137551
 0.217551
 0.377551
 0.617551
 0.937551
 0.26
 0.34
 0.5
 0.74
 1.06
 0.423265
 0.503265
 0.663265
 0.903265
 1.22327
 0.627347
 0.707347
 0.867347
 1.10735
 1.42735
 0.872245
 0.952245
 1.11224
 1.35224
 1.67224
