Local function:
Vec Object: 1 MPI process
  type: seq
0.
0.666667
0.666667
1.33333
0.666667
1.33333
1.33333
2.
Initial guess
Vec Object: potential 1 MPI process
  type: seq
L_2 Error: 0.338012
Residual:
Vec Object: 1 MPI process
  type: seq
0.
0.
0.
0.
0.
0.
0.
0.
Initial Residual
Vec Object: Residual, Iterate 0 1 MPI process
  type: seq
L_2 Residual: 0.
Residual:
Vec Object: 1 MPI process
  type: seq
0.
0.
0.
0.
0.
0.
0.
0.
Au - b = Au + F(0)
Vec Object: Residual, Iterate 0 1 MPI process
  type: seq
Linear L_2 Residual: 0.
