Local function:
Vec Object: 1 MPI processes
  type: seq
0.
0.666667
0.666667
1.33333
0.666667
1.33333
1.33333
2.
0.833333
0.833333
1.5
1.5
0.166667
0.166667
0.833333
0.833333
0.166667
0.833333
1.5
0.833333
0.208333
0.0416667
0.0416667
0.333333
0.708333
0.708333
1.
0.354167
0.333333
0.708333
0.708333
1.
1.375
1.04167
1.
0.780093
0.356771
0.113426
0.106771
1.04167
1.375
0.356771
0.780093
1.02344
0.690104
0.5
0.630787
1.02344
0.245443
0.234375
0.320964
0.208333
0.120443
0.180339
0.118634
0.177083
0.129051
0.208695
0.245443
0.255859
0.21875
0.208912
0.328776
0.912109
0.785301
0.875362
0.835938
0.745443
0.684389
0.875579
0.609375
0.528356
0.643808
0.747975
0.473669
1.13542
1.42708
1.20833
0.943359
1.18294
1.23503
0.677083
0.6875
0.677083
0.485026
0.495443
0.516276
0.104818
0.255208
0.245443
0.302083
0.380208
0.567708
0.760417
0.505208
0.785301
0.729745
0.0208333
0.0104167
0.0104167
0.0579427
0.0371094
0.0266927
0.537688
0.568359
0.490885
0.0630787
0.09375
0.118634
0.0793547
0.110026
0.208333
0.160301
0.203776
0.583912
0.708333
0.208333
0.375
0.416667
0.375
0.25
0.458333
0.104167
0.09375
0.0630787
0.785301
0.875
0.875579
0.583912
0.583333
0.708333
1.34375
1.15169
0.995443
0.985026
0.463542
0.375
0.927083
0.96875
0.875
0.706308
0.817419
0.0520833
0.0416667
0.495443
0.416667
0.537688
0.729745
0.438079
0.785301
0.46875
0.653646
0.713252
0.383391
0.875
0.927083
0.96875
0.776693
0.735026
0.849609
0.760417
0.729745
0.568359
0.760417
0.516276
0.729745
0.6875
0.541667
0.493634
1.13542
1.1875
1.18294
0.943359
0.995443
0.375
0.385417
0.485026
0.760417
1.04167
0.949363
0.802445
0.912109
1.15169
1.04167
1.17708
1.1875
0.511863
0.135417
0.677083
0.677083
1.04167
1.08333
0.791667
0.75
0.250579
0.375
0.416667
1.41667
1.70833
1.20833
1.125
0.916667
1.20833
1.41667
0.537109
0.703776
0.708333
0.583333
0.541667
0.495443
1.375
1.20833
0.916667
1.20833
1.08333
0.541667
1.04167
0.583333
0.875
0.708333
0.75
0.708333
0.370443
0.328776
0.703776
1.34375
1.17708
0.875362
1.23503
0.995443
0.370443
1.70833
1.41667
1.70833
1.20833
0.916667
0.995443
1.42708
Initial guess
Vec Object: potential 1 MPI processes
  type: seq
0.5
0.320964
0.180339
0.129051
0.255859
0.21875
0.835938
0.684389
0.609375
0.528356
0.643808
0.747975
0.943359
0.495443
0.104818
0.245443
0.302083
0.380208
0.0371094
0.537688
0.0793547
0.160301
0.583912
0.708333
0.375
0.25
0.458333
0.583912
0.583333
0.708333
0.995443
0.495443
0.537688
0.438079
0.653646
0.776693
0.493634
0.943359
0.995443
0.802445
0.511863
0.791667
0.250579
0.375
1.125
0.916667
0.537109
0.703776
0.708333
0.583333
0.916667
0.583333
0.370443
0.703776
0.370443
0.916667
L_2 Error: < 1.0e-11
Residual:
Vec Object: 1 MPI processes
  type: seq
0.
0.
0.
0.
0.
0.
0.
0.
0.
0.
0.
0.
0.
0.
0.
0.
0.
0.
0.
0.
0.
0.
0.
0.
0.
0.
0.
0.
0.
0.
0.
0.
0.
0.
0.
0.
0.
0.
0.
0.
0.
0.
0.
0.
0.
-0.0723146
0.
0.
0.
0.
0.00126094
0.
0.
0.00908746
0.
0.
0.00439001
0.
0.
0.00165157
0.000171803
0.
0.
0.
0.
0.
0.0205367
0.
0.00518302
0.
0.00901813
0.00897141
0.00165895
0.00827818
0.
0.
0.
0.
0.00309245
0.
0.
0.
0.
0.
0.
0.00600835
0.
0.00287589
0.
0.0157688
0.0106572
0.00506004
0.
0.
0.
0.
0.
0.
0.
0.
0.
0.000750054
0.
0.0212787
0.
0.
0.
0.
0.
0.000765878
0.
0.
0.00144495
0.
0.00719198
0.0311415
0.
0.
0.
0.0183521
0.0158565
-0.00277778
0.
0.
0.
0.
0.
0.
0.00732799
0.00393519
0.0366753
0.
0.
0.0119358
0.
0.
0.
0.
0.
0.
0.
0.
0.
0.
0.00512062
0.
0.0163619
0.
0.0153335
0.
0.
0.00379292
0.
0.
0.
0.
0.
0.00770399
0.
0.
0.
0.
0.
0.
0.
0.
0.
0.
0.00351382
0.
0.
0.
0.00589193
0.00342249
0.
0.
0.
0.
0.
0.
0.019118
0.
0.
0.
0.
0.
0.00930522
0.
0.
0.
0.
0.
0.00833333
0.
0.0135706
0.0134621
0.
0.
0.
0.
0.075
0.0331597
0.
0.
-0.000255443
0.00905852
0.0107639
-0.00425347
0.
0.
0.
0.
0.0277778
0.
0.
0.
0.
-0.00277778
0.
0.
0.
0.
0.00522427
0.
0.0180077
0.
0.
0.
0.
0.
0.00256212
0.
0.
0.
0.
0.0186632
0.
0.
Initial Residual
Vec Object: Residual, Iterate 0 1 MPI processes
  type: seq
-0.0723146
0.00126094
0.00908746
0.00439001
0.00165157
0.000171803
0.0205367
0.00518302
0.00901813
0.00897141
0.00165895
0.00827818
0.00309245
0.00600835
0.00287589
0.0157688
0.0106572
0.00506004
0.000750054
0.0212787
0.000765878
0.00144495
0.00719198
0.0311415
0.0183521
0.0158565
-0.00277778
0.00732799
0.00393519
0.0366753
0.0119358
0.00512062
0.0163619
0.0153335
0.00379292
0.00770399
0.00351382
0.00589193
0.00342249
0.019118
0.00930522
0.00833333
0.0135706
0.0134621
0.075
0.0331597
-0.000255443
0.00905852
0.0107639
-0.00425347
0.0277778
-0.00277778
0.00522427
0.0180077
0.00256212
0.0186632
L_2 Residual: 0.141648
Residual:
Vec Object: 1 MPI processes
  type: seq
0.
0.
0.
0.
0.
0.
0.
0.
0.
0.
0.
0.
0.
0.
0.
0.
0.
0.
0.
0.
0.
0.
0.
0.
0.
0.
0.
0.
0.
0.
0.
0.
0.
0.
0.
0.
0.
0.
0.
0.
0.
0.
0.
0.
0.
1.07442
0.
0.
0.
0.
-0.136203
0.
0.
-0.053332
0.
0.
-0.0325314
0.
0.
-0.165813
-0.0244883
0.
0.
0.
0.
0.
-0.866268
0.
-0.562027
0.
-0.0437833
-0.347717
-0.570995
-0.416436
0.
0.
0.
0.
-0.661653
0.
0.
0.
0.
0.
0.
-0.365513
0.
-0.00265363
0.
0.0356558
0.0368681
-0.013133
0.
0.
0.
0.
0.
0.
0.
0.
0.
0.00256627
0.
-0.419443
0.
0.
0.
0.
0.
0.00114615
0.
0.
-0.0202281
0.
-0.0609656
-0.329567
0.
0.
0.
0.000673209
-0.00942925
-0.244444
0.
0.
0.
0.
0.
0.
-0.231033
-0.274862
-0.351047
0.
0.
-0.812947
0.
0.
0.
0.
0.
0.
0.
0.
0.
0.
-0.346356
0.
-0.454601
0.
-0.203407
0.
0.
-0.744769
0.
0.
0.
0.
0.
-0.540877
0.
0.
0.
0.
0.
0.
0.
0.
0.
0.
-0.188694
0.
0.
0.
-1.35186
-1.63845
0.
0.
0.
0.
0.
0.
-1.13677
0.
0.
0.
0.
0.
-0.0497997
0.
0.
0.
0.
0.
-0.922222
0.
0.0228529
-0.00689601
0.
0.
0.
0.
-2.
-0.749684
0.
0.
-0.0908425
-0.150171
-0.340524
-0.0839098
0.
0.
0.
0.
-1.01667
0.
0.
0.
0.
-0.297222
0.
0.
0.
0.
0.0569567
0.
-0.174908
0.
0.
0.
0.
0.
0.0850565
0.
0.
0.
0.
-0.666915
0.
0.
Au - b = Au + F(0)
Vec Object: Residual, Iterate 0 1 MPI processes
  type: seq
-0.0723146
0.00126094
0.00908746
0.00439001
0.00165157
0.000171803
0.0205367
0.00518302
0.00901813
0.00897141
0.00165895
0.00827818
0.00309245
0.00600835
0.00287589
0.0157688
0.0106572
0.00506004
0.000750054
0.0212787
0.000765878
0.00144495
0.00719198
0.0311415
0.0183521
0.0158565
-0.00277778
0.00732799
0.00393519
0.0366753
0.0119358
0.00512062
0.0163619
0.0153335
0.00379292
0.00770399
0.00351382
0.00589193
0.00342249
0.019118
0.00930522
0.00833333
0.0135706
0.0134621
0.075
0.0331597
-0.000255443
0.00905852
0.0107639
-0.00425347
0.0277778
-0.00277778
0.00522427
0.0180077
0.00256212
0.0186632
Linear L_2 Residual: 0.141648
