DM Object: box 1 MPI process
  type: plex
box in 3 dimensions:
  Number of 0-cells per rank: 8
  Number of 1-cells per rank: 19
  Number of 2-cells per rank: 18
  Number of 3-cells per rank: 6
Labels:
  marker: 1 strata with value/size (1 (38))
  celltype: 4 strata with value/size (0 (8), 1 (19), 3 (18), 6 (6))
  depth: 4 strata with value/size (0 (8), 1 (19), 2 (18), 3 (6))
  Face Sets: 6 strata with value/size (1 (2), 2 (2), 3 (2), 4 (2), 5 (2), 6 (2))
  boundary: 1 strata with value/size (1 (38))
Local function:
Vec Object: 1 MPI process
  type: seq
0.
0.666667
0.666667
1.33333
0.666667
1.33333
1.33333
2.
Initial guess
Vec Object: potential 1 MPI process
  type: seq
0.
0.666667
0.666667
1.33333
0.666667
1.33333
1.33333
2.
L_2 Error: 0.33587
BdResidual:
Vec Object: 1 MPI process
  type: seq
0.333333
-0.333333
-0.333333
-0.333333
-0.333333
-0.333333
-0.333333
-0.333333
Residual:
Vec Object: 1 MPI process
  type: seq
0.333333
-0.333333
-0.333333
-0.333333
-0.333333
-0.333333
-0.333333
-0.333333
Initial Residual
Vec Object: Residual, Iterate 0 1 MPI process
  type: seq
0.333333
-0.333333
-0.333333
-0.333333
-0.333333
-0.333333
-0.333333
-0.333333
L_2 Residual: 0.942809
BdResidual:
Vec Object: 1 MPI process
  type: seq
0.333333
-0.333333
-0.333333
-0.333333
-0.333333
-0.333333
-0.333333
-0.333333
Residual:
Vec Object: 1 MPI process
  type: seq
0.333333
-0.333333
-0.333333
-0.333333
-0.333333
-0.333333
-0.333333
-0.333333
BdResidual:
Vec Object: 1 MPI process
  type: seq
0.333333
-0.333333
-0.333333
-0.333333
-0.333333
-0.333333
-0.333333
-0.333333
Residual:
Vec Object: 1 MPI process
  type: seq
0.333333
-0.333333
-0.333333
-0.333333
-0.333333
-0.333333
-0.333333
-0.333333
BdResidual:
Vec Object: 1 MPI process
  type: seq
0.333333
-0.333333
-0.333333
-0.333333
-0.333333
-0.333333
-0.333333
-0.333333
Residual:
Vec Object: 1 MPI process
  type: seq
0.333333
-0.333333
-0.333333
-0.333333
-0.333333
-0.333333
-0.333333
-0.333333
BdResidual:
Vec Object: 1 MPI process
  type: seq
0.333333
-0.333333
-0.333333
-0.333333
-0.333333
-0.333333
-0.333333
-0.333333
Residual:
Vec Object: 1 MPI process
  type: seq
0.333333
-0.333333
-0.333333
-0.333333
-0.333333
-0.333333
-0.333333
-0.333333
BdResidual:
Vec Object: 1 MPI process
  type: seq
0.333333
-0.333333
-0.333333
-0.333333
-0.333333
-0.333333
-0.333333
-0.333333
Residual:
Vec Object: 1 MPI process
  type: seq
0.333333
-0.333333
-0.333333
-0.333333
-0.333333
-0.333333
-0.333333
-0.333333
BdResidual:
Vec Object: 1 MPI process
  type: seq
0.333333
-0.333333
-0.333333
-0.333333
-0.333333
-0.333333
-0.333333
-0.333333
Residual:
Vec Object: 1 MPI process
  type: seq
0.333333
-0.333333
-0.333333
-0.333333
-0.333333
-0.333333
-0.333333
-0.333333
BdResidual:
Vec Object: 1 MPI process
  type: seq
0.333333
-0.333333
-0.333333
-0.333333
-0.333333
-0.333333
-0.333333
-0.333333
Residual:
Vec Object: 1 MPI process
  type: seq
0.333333
-0.333333
-0.333333
-0.333333
-0.333333
-0.333333
-0.333333
-0.333333
BdResidual:
Vec Object: 1 MPI process
  type: seq
0.333333
-0.333333
-0.333333
-0.333333
-0.333333
-0.333333
-0.333333
-0.333333
Residual:
Vec Object: 1 MPI process
  type: seq
0.333333
-0.333333
-0.333333
-0.333333
-0.333333
-0.333333
-0.333333
-0.333333
BdResidual:
Vec Object: 1 MPI process
  type: seq
0.333333
-0.333333
-0.333333
-0.333333
-0.333333
-0.333333
-0.333333
-0.333333
Residual:
Vec Object: 1 MPI process
  type: seq
0.333333
-0.333333
-0.333333
-0.333333
-0.333333
-0.333333
-0.333333
-0.333333
BdResidual:
Vec Object: 1 MPI process
  type: seq
1.
-0.333333
-0.333333
-0.333333
-0.333333
-0.333333
-0.333333
-1.
Residual:
Vec Object: 1 MPI process
  type: seq
1.
-0.333333
-0.333333
-0.333333
-0.333333
-0.333333
-0.333333
-1.
Au - b = Au + F(0)
Vec Object: Residual, Iterate 0 1 MPI process
  type: seq
0.333333
-0.333333
-0.333333
-0.333333
-0.333333
-0.333333
-0.333333
-0.333333
Linear L_2 Residual: 0.942809
