Local function:
Vec Object: 1 MPI processes
  type: seq
0.
0.666667
0.666667
1.33333
0.666667
1.33333
1.33333
2.
0.833333
0.833333
1.5
1.5
0.166667
0.166667
0.833333
0.833333
0.166667
0.833333
1.5
0.833333
0.208333
0.0416667
0.0416667
0.333333
0.708333
0.708333
1.
0.354167
0.333333
0.708333
0.708333
1.
1.375
1.04167
1.
0.780093
0.356771
0.113426
0.106771
1.04167
1.375
0.356771
0.780093
1.02344
0.690104
0.5
0.630787
1.02344
0.245443
0.234375
0.320964
0.208333
0.120443
0.180339
0.118634
0.177083
0.129051
0.208695
0.245443
0.255859
0.21875
0.208912
0.328776
0.912109
0.785301
0.875362
0.835938
0.745443
0.684389
0.875579
0.609375
0.528356
0.643808
0.747975
0.473669
1.13542
1.42708
1.20833
0.943359
1.18294
1.23503
0.677083
0.6875
0.677083
0.485026
0.495443
0.516276
0.104818
0.255208
0.245443
0.302083
0.380208
0.567708
0.760417
0.505208
0.785301
0.729745
0.0208333
0.0104167
0.0104167
0.0579427
0.0371094
0.0266927
0.537688
0.568359
0.490885
0.0630787
0.09375
0.118634
0.0793547
0.110026
0.208333
0.160301
0.203776
0.583912
0.708333
0.208333
0.375
0.416667
0.375
0.25
0.458333
0.104167
0.09375
0.0630787
0.785301
0.875
0.875579
0.583912
0.583333
0.708333
1.34375
1.15169
0.995443
0.985026
0.463542
0.375
0.927083
0.96875
0.875
0.706308
0.817419
0.0520833
0.0416667
0.495443
0.416667
0.537688
0.729745
0.438079
0.785301
0.46875
0.653646
0.713252
0.383391
0.875
0.927083
0.96875
0.776693
0.735026
0.849609
0.760417
0.729745
0.568359
0.760417
0.516276
0.729745
0.6875
0.541667
0.493634
1.13542
1.1875
1.18294
0.943359
0.995443
0.375
0.385417
0.485026
0.760417
1.04167
0.949363
0.802445
0.912109
1.15169
1.04167
1.17708
1.1875
0.511863
0.135417
0.677083
0.677083
1.04167
1.08333
0.791667
0.75
0.250579
0.375
0.416667
1.41667
1.70833
1.20833
1.125
0.916667
1.20833
1.41667
0.537109
0.703776
0.708333
0.583333
0.541667
0.495443
1.375
1.20833
0.916667
1.20833
1.08333
0.541667
1.04167
0.583333
0.875
0.708333
0.75
0.708333
0.370443
0.328776
0.703776
1.34375
1.17708
0.875362
1.23503
0.995443
0.370443
1.70833
1.41667
1.70833
1.20833
0.916667
0.995443
1.42708
Initial guess
Vec Object: potential 1 MPI processes
  type: seq
0.5
0.320964
0.180339
0.129051
0.255859
0.21875
0.835938
0.684389
0.609375
0.528356
0.643808
0.747975
0.943359
0.495443
0.104818
0.245443
0.302083
0.380208
0.0371094
0.537688
0.0793547
0.160301
0.583912
0.708333
0.375
0.25
0.458333
0.583912
0.583333
0.708333
0.995443
0.495443
0.537688
0.438079
0.653646
0.776693
0.493634
0.943359
0.995443
0.802445
0.511863
0.791667
0.250579
0.375
1.125
0.916667
0.537109
0.703776
0.708333
0.583333
0.916667
0.583333
0.370443
0.703776
0.370443
0.916667
L_2 Error: < 1.0e-11
Residual:
Vec Object: 1 MPI processes
  type: seq
0.
0.
0.
0.
0.
0.
0.
0.
0.
0.
0.
0.
0.
0.
0.
0.
0.
0.
0.
0.
0.
0.
0.
0.
0.
0.
0.
0.
0.
0.
0.
0.
0.
0.
0.
0.
0.
0.
0.
0.
0.
0.
0.
0.
0.
-0.0241976
0.
0.
0.
0.
0.00608995
0.
0.
0.00394965
0.
0.
0.0030721
0.
0.
0.00497404
0.00175204
0.
0.
0.
0.
0.
0.0068922
0.
0.00511816
0.
0.00416305
0.00662061
0.00293531
0.0111926
0.
0.
0.
0.
0.00625
0.
0.
0.
0.
0.
0.
0.0025037
0.
0.00411623
0.
0.00535371
0.0105354
0.00988511
0.
0.
0.
0.
0.
0.
0.
0.
0.
0.00116846
0.
0.00679555
0.
0.
0.
0.
0.
0.00227402
0.
0.
0.00121518
0.
0.00820394
0.0194659
0.
0.
0.
0.0114056
0.00339185
0.00833333
0.
0.
0.
0.
0.
0.
0.0116666
0.0079829
0.0195792
0.
0.
0.00347222
0.
0.
0.
0.
0.
0.
0.
0.
0.
0.
0.00258387
0.
0.00540244
0.
0.00757256
0.
0.
0.00755269
0.
0.
0.
0.
0.
0.00633681
0.
0.
0.
0.
0.
0.
0.
0.
0.
0.
0.00262758
0.
0.
0.
0.0115035
0.00632113
0.
0.
0.
0.
0.
0.
0.0110321
0.
0.
0.
0.
0.
0.0117972
0.
0.
0.
0.
0.
0.0166667
0.
0.00371777
0.00669855
0.
0.
0.
0.
0.025
0.0130498
0.
0.
0.00859919
0.00850825
0.0215278
0.00555556
0.
0.
0.
0.
0.0143519
0.
0.
0.
0.
0.00787037
0.
0.
0.
0.
0.00675571
0.
0.0107894
0.
0.
0.
0.
0.
0.00331006
0.
0.
0.
0.
0.0111111
0.
0.
Initial Residual
Vec Object: Residual, Iterate 0 1 MPI processes
  type: seq
-0.0241976
0.00608995
0.00394965
0.0030721
0.00497404
0.00175204
0.0068922
0.00511816
0.00416305
0.00662061
0.00293531
0.0111926
0.00625
0.0025037
0.00411623
0.00535371
0.0105354
0.00988511
0.00116846
0.00679555
0.00227402
0.00121518
0.00820394
0.0194659
0.0114056
0.00339185
0.00833333
0.0116666
0.0079829
0.0195792
0.00347222
0.00258387
0.00540244
0.00757256
0.00755269
0.00633681
0.00262758
0.0115035
0.00632113
0.0110321
0.0117972
0.0166667
0.00371777
0.00669855
0.025
0.0130498
0.00859919
0.00850825
0.0215278
0.00555556
0.0143519
0.00787037
0.00675571
0.0107894
0.00331006
0.0111111
L_2 Residual: 0.0742821
Residual:
Vec Object: 1 MPI processes
  type: seq
0.
0.
0.
0.
0.
0.
0.
0.
0.
0.
0.
0.
0.
0.
0.
0.
0.
0.
0.
0.
0.
0.
0.
0.
0.
0.
0.
0.
0.
0.
0.
0.
0.
0.
0.
0.
0.
0.
0.
0.
0.
0.
0.
0.
0.
1.16527
0.
0.
0.
0.
-0.151046
0.
0.
-0.0516556
0.
0.
-0.0294005
0.
0.
-0.168473
-0.0218352
0.
0.
0.
0.
0.
-0.885355
0.
-0.581094
0.
-0.0455174
-0.33419
-0.565377
-0.416668
0.
0.
0.
0.
-0.624242
0.
0.
0.
0.
0.
0.
-0.368412
0.
-0.00687026
0.
0.0416118
0.0383403
-0.0156528
0.
0.
0.
0.
0.
0.
0.
0.
0.
0.00276292
0.
-0.411427
0.
0.
0.
0.
0.
0.000948748
0.
0.
-0.0243894
0.
-0.0596782
-0.363459
0.
0.
0.
0.0186732
0.0140867
-0.17037
0.
0.
0.
0.
0.
0.
-0.233186
-0.279626
-0.420196
0.
0.
-0.845387
0.
0.
0.
0.
0.
0.
0.
0.
0.
0.
-0.361961
0.
-0.469947
0.
-0.163343
0.
0.
-0.750162
0.
0.
0.
0.
0.
-0.575716
0.
0.
0.
0.
0.
0.
0.
0.
0.
0.
-0.144847
0.
0.
0.
-1.31036
-1.62871
0.
0.
0.
0.
0.
0.
-1.13644
0.
0.
0.
0.
0.
-0.0660782
0.
0.
0.
0.
0.
-0.924074
0.
0.0231283
0.00316984
0.
0.
0.
0.
-2.2037
-0.848877
0.
0.
-0.1095
-0.134262
-0.346041
-0.0588704
0.
0.
0.
0.
-1.07176
0.
0.
0.
0.
-0.268981
0.
0.
0.
0.
0.0487624
0.
-0.176631
0.
0.
0.
0.
0.
0.0696488
0.
0.
0.
0.
-0.71461
0.
0.
Au - b = Au + F(0)
Vec Object: Residual, Iterate 0 1 MPI processes
  type: seq
-0.0241976
0.00608995
0.00394965
0.0030721
0.00497404
0.00175204
0.0068922
0.00511816
0.00416305
0.00662061
0.00293531
0.0111926
0.00625
0.0025037
0.00411623
0.00535371
0.0105354
0.00988511
0.00116846
0.00679555
0.00227402
0.00121518
0.00820394
0.0194659
0.0114056
0.00339185
0.00833333
0.0116666
0.0079829
0.0195792
0.00347222
0.00258387
0.00540244
0.00757256
0.00755269
0.00633681
0.00262758
0.0115035
0.00632113
0.0110321
0.0117972
0.0166667
0.00371777
0.00669855
0.025
0.0130498
0.00859919
0.00850825
0.0215278
0.00555556
0.0143519
0.00787037
0.00675571
0.0107894
0.00331006
0.0111111
Linear L_2 Residual: 0.0742821
