Initial guess
L_2 Error: < 1.0e-11
Initial Residual
L_2 Residual: 0.
Au - b = Au + F(0)
Linear L_2 Residual: 0.
MFEM mesh v1.1

dimension
2

elements
16
1 3 4 13 0 19
1 3 13 5 21 0
1 3 0 21 8 15
1 3 19 0 15 7
1 3 5 14 1 21
1 3 14 6 23 1
1 3 1 23 9 16
1 3 21 1 16 8
1 3 7 15 2 20
1 3 15 8 22 2
1 3 2 22 11 17
1 3 20 2 17 10
1 3 8 16 3 22
1 3 16 9 24 3
1 3 3 24 12 18
1 3 22 3 18 11

boundary
0

vertices
25
2
 0.25 0.25
 0.75 0.25
 0.25 0.75
 0.75 0.75
 0. 0.
 0.5 0.
 1. 0.
 0. 0.5
 0.5 0.5
 1. 0.5
 0. 1.
 0.5 1.
 1. 1.
 0.25 0.
 0.75 0.
 0.25 0.5
 0.75 0.5
 0.25 1.
 0.75 1.
 0. 0.25
 0. 0.75
 0.5 0.25
 0.5 0.75
 1. 0.25
 1. 0.75
FiniteElementSpace
FiniteElementCollection: H1_2D_P1
VDim: 1
Ordering: 1

 0.125
 0.625
 0.625
 1.125
 0.
 0.25
 1.
 0.25
 0.5
 1.25
 1.
 1.25
 2.
 0.0625
 0.5625
 0.3125
 0.8125
 1.0625
 1.5625
 0.0625
 0.5625
 0.3125
 0.8125
 1.0625
 1.5625
