  0 SNES Function norm 8.32828 
    0 KSP Residual norm 3.54338 
    1 KSP Residual norm 1.22753 
    2 KSP Residual norm 0.65343 
    3 KSP Residual norm 0.436808 
    4 KSP Residual norm 0.281836 
    5 KSP Residual norm 0.21726 
    6 KSP Residual norm 0.150479 
    7 KSP Residual norm 0.103817 
    8 KSP Residual norm 0.0729306 
    9 KSP Residual norm 0.0496385 
   10 KSP Residual norm 0.0229669 
   11 KSP Residual norm 0.00708517 
   12 KSP Residual norm 0.00281221 
   13 KSP Residual norm 0.00119442 
   14 KSP Residual norm 0.000350539 
   15 KSP Residual norm 0.000156076 
   16 KSP Residual norm 9.20252e-05 
   17 KSP Residual norm 4.53232e-05 
   18 KSP Residual norm 2.30605e-05 
   19 KSP Residual norm 1.2716e-05 
   20 KSP Residual norm 7.49914e-06 
   21 KSP Residual norm 3.21635e-06 
   22 KSP Residual norm 1.07762e-06 
   23 KSP Residual norm 4.24218e-07 
   24 KSP Residual norm 1.97567e-07 
   25 KSP Residual norm 6.39953e-08 
   26 KSP Residual norm 2.31642e-08 
   27 KSP Residual norm 7.83269e-09 
   28 KSP Residual norm 3.16336e-09 
  Linear solve converged due to CONVERGED_RTOL iterations 28
  1 SNES Function norm 1.03034e-08 
L_2 Error: 0.00131794
Nonlinear solve converged due to CONVERGED_FNORM_RELATIVE iterations 1
SNES Object: 1 MPI processes
  type: newtonls
  maximum iterations=50, maximum function evaluations=10000
  tolerances: relative=1e-08, absolute=1e-50, solution=1e-08
  total number of linear solver iterations=28
  total number of function evaluations=2
  norm schedule ALWAYS
  SNESLineSearch Object: 1 MPI processes
    type: bt
      interpolation: cubic
      alpha=1.000000e-04
    maxstep=1.000000e+08, minlambda=1.000000e-12
    tolerances: relative=1.000000e-08, absolute=1.000000e-15, lambda=1.000000e-08
    maximum iterations=40
  KSP Object: 1 MPI processes
    type: gmres
      restart=100, using Classical (unmodified) Gram-Schmidt Orthogonalization with no iterative refinement
      happy breakdown tolerance 1e-30
    maximum iterations=10000, initial guess is zero
    tolerances:  relative=1e-09, absolute=1e-50, divergence=10000.
    left preconditioning
    using PRECONDITIONED norm type for convergence test
  PC Object: 1 MPI processes
    type: asm
      total subdomain blocks = 4, amount of overlap = 1
      restriction/interpolation type - RESTRICT
      Local solve is same for all blocks, in the following KSP and PC objects:
      KSP Object: (sub_) 1 MPI processes
        type: preonly
        maximum iterations=10000, initial guess is zero
        tolerances:  relative=1e-05, absolute=1e-50, divergence=10000.
        left preconditioning
        using NONE norm type for convergence test
      PC Object: (sub_) 1 MPI processes
        type: sor
          type = local_symmetric, iterations = 1, local iterations = 1, omega = 1.
        linear system matrix = precond matrix:
        Mat Object: 1 MPI processes
          type: seqaij
          rows=223, cols=223
          total: nonzeros=1447, allocated nonzeros=1447
          total number of mallocs used during MatSetValues calls=0
            not using I-node routines
    linear system matrix = precond matrix:
    Mat Object: 1 MPI processes
      type: seqaij
      rows=225, cols=225
      total: nonzeros=1457, allocated nonzeros=1457
      total number of mallocs used during MatSetValues calls=0
        not using I-node routines
