DM Object: box 1 MPI processes
  type: plex
box in 2 dimensions:
  0-cells: 4225
  1-cells: 12416
  2-cells: 8192
Labels:
  celltype: 3 strata with value/size (1 (12416), 3 (8192), 0 (4225))
  depth: 3 strata with value/size (0 (4225), 1 (12416), 2 (8192))
  marker: 1 strata with value/size (1 (512))
  Face Sets: 1 strata with value/size (1 (504))
DM Object: box 1 MPI processes
  type: plex
box in 2 dimensions:
  0-cells: 5565
  1-cells: 16560
  2-cells: 10996
Labels:
  celltype: 3 strata with value/size (0 (5565), 3 (10996), 1 (16560))
  depth: 3 strata with value/size (0 (5565), 1 (16560), 2 (10996))
  marker: 1 strata with value/size (1 (264))
Field potential:
  adjacency FEM
L_2 Error: 0.00188986
Nonlinear solve converged due to CONVERGED_FNORM_RELATIVE iterations 1
