  0 SNES Function norm 18.865
    0 SNES Function norm 18.865
    1 SNES Function norm 0.000140897
      0 SNES Function norm 0.000152779
      1 SNES Function norm 1.07314e-09
        0 SNES Function norm 1.14977e-09
        1 SNES Function norm < 1.e-11
      0 SNES Function norm 8.114e-10
      1 SNES Function norm < 1.e-11
    0 SNES Function norm 0.000458332
    1 SNES Function norm 3.46405e-09
  1 SNES Function norm 3.46405e-09
L_2 Error: 5.26417e-10
Nonlinear solve converged due to CONVERGED_FNORM_RELATIVE iterations 1
SNES Object: 7 MPI processes
  type: fas
    type is MULTIPLICATIVE, levels=3, cycles=1
    Not using Galerkin computed coarse grid function evaluation
    Coarse grid solver -- level 0 -------------------------------
    SNES Object: (fas_coarse_) 7 MPI processes
      type: newtonls
      maximum iterations=50, maximum function evaluations=10000
      tolerances: relative=1e-08, absolute=1e-50, solution=1e-08
      total number of linear solver iterations=34
      total number of function evaluations=1
      SNESLineSearch Object: (fas_coarse_) 7 MPI processes
        type: basic
        maxstep=1.000000e+08, minlambda=1.000000e-12
        tolerances: relative=1.000000e-08, absolute=1.000000e-15, lambda=1.000000e-08
        maximum iterations=40
      KSP Object: (fas_coarse_) 7 MPI processes
        type: cg
        maximum iterations=10000, initial guess is zero
        tolerances:  relative=1e-05, absolute=1e-50, divergence=10000.
        left preconditioning
        using PRECONDITIONED norm type for convergence test
      PC Object: (fas_coarse_) 7 MPI processes
        type: jacobi
          type DIAGONAL
        linear system matrix = precond matrix:
        Mat Object: 7 MPI processes
          type: mpiaij
          rows=213, cols=213
          total: nonzeros=2865, allocated nonzeros=2865
          total number of mallocs used during MatSetValues calls=0
            not using I-node (on process 0) routines
    Down solver (pre-smoother) on level 1 -------------------------------
    SNES Object: (fas_levels_1_) 7 MPI processes
      type: newtonls
      maximum iterations=1, maximum function evaluations=30000
      tolerances: relative=0., absolute=0., solution=0.
      total number of linear solver iterations=44
      total number of function evaluations=2
      norm schedule FINALONLY
      SNESLineSearch Object: (fas_levels_1_) 7 MPI processes
        type: bt
          interpolation: cubic
          alpha=1.000000e-04
        maxstep=1.000000e+08, minlambda=1.000000e-12
        tolerances: relative=1.000000e-08, absolute=1.000000e-15, lambda=1.000000e-08
        maximum iterations=40
      KSP Object: (fas_levels_1_) 7 MPI processes
        type: cg
        maximum iterations=10000, initial guess is zero
        tolerances:  relative=1e-05, absolute=1e-50, divergence=10000.
        left preconditioning
        using PRECONDITIONED norm type for convergence test
      PC Object: (fas_levels_1_) 7 MPI processes
        type: jacobi
          type DIAGONAL
        linear system matrix = precond matrix:
        Mat Object: 7 MPI processes
          type: mpiaij
          rows=513, cols=513
          total: nonzeros=7409, allocated nonzeros=7409
          total number of mallocs used during MatSetValues calls=0
            not using I-node (on process 0) routines
    Up solver (post-smoother) same as down solver (pre-smoother)
    Down solver (pre-smoother) on level 2 -------------------------------
    SNES Object: (fas_levels_2_) 7 MPI processes
      type: newtonls
      maximum iterations=1, maximum function evaluations=30000
      tolerances: relative=0., absolute=0., solution=0.
      total number of linear solver iterations=84
      total number of function evaluations=2
      norm schedule FINALONLY
      SNESLineSearch Object: (fas_levels_2_) 7 MPI processes
        type: bt
          interpolation: cubic
          alpha=1.000000e-04
        maxstep=1.000000e+08, minlambda=1.000000e-12
        tolerances: relative=1.000000e-08, absolute=1.000000e-15, lambda=1.000000e-08
        maximum iterations=40
      KSP Object: (fas_levels_2_) 7 MPI processes
        type: cg
        maximum iterations=10000, initial guess is zero
        tolerances:  relative=1e-05, absolute=1e-50, divergence=10000.
        left preconditioning
        using PRECONDITIONED norm type for convergence test
      PC Object: (fas_levels_2_) 7 MPI processes
        type: jacobi
          type DIAGONAL
        linear system matrix = precond matrix:
        Mat Object: 7 MPI processes
          type: mpiaij
          rows=1485, cols=1485
          total: nonzeros=22683, allocated nonzeros=22683
          total number of mallocs used during MatSetValues calls=0
            not using I-node (on process 0) routines
    Up solver (post-smoother) same as down solver (pre-smoother)
  maximum iterations=20, maximum function evaluations=30000
  tolerances: relative=1e-08, absolute=1e-50, solution=1e-08
  total number of function evaluations=1
  norm schedule ALWAYS
