Initial guess
Vec Object: potential 1 MPI process
  type: seq
0.03125
0.078125
0.078125
0.0703125
0.0976562
0.0976562
0.0957031
0.110352
0.110352
0.109863
0.117432
0.117432
0.125
0.15625
0.265625
0.132812
0.126953
0.125488
0.133057
0.141602
0.160156
0.203125
0.3125
0.15625
0.132812
0.126953
0.125488
0.133057
0.141602
0.160156
0.203125
0.265625
0.3125
0.141113
0.158203
0.195312
0.28125
0.390625
0.390625
0.5
0.40625
0.578125
0.453125
0.507812
0.597656
0.535156
0.564453
0.610352
0.579102
0.594238
0.617432
0.601807
0.625
0.78125
0.695312
0.658203
0.641113
0.648682
0.672852
0.722656
0.828125
0.53125
0.570312
0.595703
0.609863
0.633057
0.641602
0.660156
0.703125
0.640625
0.8125
0.656738
0.689453
0.757812
0.90625
1.01562
0.40625
0.453125
0.578125
0.507812
0.535156
0.597656
0.564453
0.579102
0.610352
0.594238
0.601807
0.617432
0.625
0.53125
0.640625
0.570312
0.595703
0.609863
0.633057
0.641602
0.660156
0.703125
0.8125
0.78125
0.695312
0.658203
0.641113
0.648682
0.672852
0.722656
0.828125
0.656738
0.689453
0.757812
0.90625
1.01562
0.78125
0.953125
0.953125
0.945312
1.03516
1.03516
1.0332
1.0791
1.0791
1.07861
1.10181
1.10181
1.125
1.15625
1.13281
1.12695
1.12549
1.14868
1.17285
1.22266
1.32812
1.15625
1.13281
1.12695
1.12549
1.14868
1.17285
1.22266
1.32812
1.17236
1.2207
1.32031
1.53125
L_2 Error: 0.00466886
Initial Residual
Vec Object: Residual, Iterate 0 1 MPI process
  type: seq
0.00260417
0.00260417
0.00260417
-0.00195312
-0.00195312
-0.00195312
-0.000488281
-0.000488281
-0.000488281
-0.00016276
-0.00016276
-0.00016276
0.
0.00260417
0.
-0.00195313
-0.000488281
-0.00016276
-0.00016276
-0.000488281
-0.00195313
0.00260417
0.
0.00260417
-0.00195313
-0.000488281
-0.00016276
-0.00016276
-0.000488281
-0.00195313
0.00260417
0.
0.
-0.00016276
-0.000488281
-0.00195313
0.00260417
0.
0.
0.
0.00260417
0.00260417
0.00260417
-0.00195313
-0.00195312
-0.00195313
-0.000488281
-0.000488281
-0.000488281
-0.00016276
-0.00016276
-0.00016276
0.
0.00260417
-0.00195312
-0.000488281
-0.00016276
-0.00016276
-0.000488281
-0.00195312
0.00260417
0.00260417
-0.00195313
-0.000488281
-0.00016276
-0.00016276
-0.000488281
-0.00195312
0.00260417
0.
0.
-0.00016276
-0.000488281
-0.00195312
0.00260417
0.
0.00260417
0.00260417
0.00260417
-0.00195313
-0.00195313
-0.00195312
-0.000488281
-0.000488281
-0.000488281
-0.00016276
-0.00016276
-0.00016276
0.
0.00260417
0.
-0.00195313
-0.000488281
-0.00016276
-0.00016276
-0.000488281
-0.00195312
0.00260417
0.
0.00260417
-0.00195312
-0.000488281
-0.00016276
-0.00016276
-0.000488281
-0.00195312
0.00260417
-0.00016276
-0.000488281
-0.00195312
0.00260417
0.
0.00260417
0.00260417
0.00260417
-0.00195313
-0.00195313
-0.00195312
-0.000488281
-0.000488281
-0.000488281
-0.00016276
-0.00016276
-0.00016276
0.
0.00260417
-0.00195312
-0.000488281
-0.00016276
-0.00016276
-0.000488281
-0.00195312
0.00260417
0.00260417
-0.00195312
-0.000488281
-0.00016276
-0.00016276
-0.000488281
-0.00195312
0.00260417
-0.00016276
-0.000488281
-0.00195312
0.00260417
L_2 Residual: 0.018643
Au - b = Au + F(0)
Vec Object: Residual, Iterate 0 1 MPI process
  type: seq
0.00260417
0.00260417
0.00260417
-0.00195313
-0.00195312
-0.00195313
-0.000488281
-0.000488281
-0.000488281
-0.00016276
-0.00016276
-0.00016276
0.
0.00260417
0.
-0.00195313
-0.000488281
-0.00016276
-0.00016276
-0.000488281
-0.00195313
0.00260417
0.
0.00260417
-0.00195313
-0.000488281
-0.00016276
-0.00016276
-0.000488281
-0.00195313
0.00260417
0.
0.
-0.00016276
-0.000488281
-0.00195313
0.00260417
0.
0.
0.
0.00260417
0.00260417
0.00260417
-0.00195313
-0.00195313
-0.00195312
-0.000488281
-0.000488281
-0.000488281
-0.00016276
-0.00016276
-0.00016276
0.
0.00260417
-0.00195312
-0.000488281
-0.00016276
-0.00016276
-0.000488281
-0.00195312
0.00260417
0.00260417
-0.00195312
-0.000488281
-0.00016276
-0.00016276
-0.000488281
-0.00195312
0.00260417
0.
0.
-0.00016276
-0.000488281
-0.00195313
0.00260417
0.
0.00260417
0.00260417
0.00260417
-0.00195313
-0.00195313
-0.00195313
-0.000488281
-0.000488281
-0.000488281
-0.00016276
-0.00016276
-0.00016276
0.
0.00260417
0.
-0.00195313
-0.000488281
-0.00016276
-0.00016276
-0.000488281
-0.00195313
0.00260417
0.
0.00260417
-0.00195313
-0.000488281
-0.00016276
-0.00016276
-0.000488281
-0.00195313
0.00260417
-0.00016276
-0.000488281
-0.00195313
0.00260417
0.
0.00260417
0.00260417
0.00260417
-0.00195313
-0.00195313
-0.00195313
-0.000488281
-0.000488281
-0.000488281
-0.00016276
-0.00016276
-0.00016276
0.
0.00260417
-0.00195313
-0.000488281
-0.00016276
-0.00016276
-0.000488281
-0.00195312
0.00260417
0.00260417
-0.00195312
-0.000488281
-0.00016276
-0.00016276
-0.000488281
-0.00195312
0.00260417
-0.00016276
-0.000488281
-0.00195313
0.00260417
Linear L_2 Residual: 0.018643
