DM Object: box 1 MPI processes
  type: plex
box in 2 dimensions:
Supports:
[0] Max support size: 6
[0]: 8 ----> 17
[0]: 8 ----> 19
[0]: 9 ----> 17
[0]: 9 ----> 18
[0]: 9 ----> 23
[0]: 9 ----> 27
[0]: 10 ----> 24
[0]: 10 ----> 25
[0]: 10 ----> 27
[0]: 11 ----> 18
[0]: 11 ----> 19
[0]: 11 ----> 21
[0]: 11 ----> 22
[0]: 12 ----> 20
[0]: 12 ----> 22
[0]: 12 ----> 23
[0]: 12 ----> 24
[0]: 12 ----> 26
[0]: 12 ----> 31
[0]: 13 ----> 25
[0]: 13 ----> 26
[0]: 13 ----> 28
[0]: 13 ----> 29
[0]: 14 ----> 20
[0]: 14 ----> 21
[0]: 14 ----> 32
[0]: 15 ----> 28
[0]: 15 ----> 30
[0]: 15 ----> 31
[0]: 15 ----> 32
[0]: 16 ----> 29
[0]: 16 ----> 30
[0]: 17 ----> 0
[0]: 18 ----> 0
[0]: 18 ----> 2
[0]: 19 ----> 0
[0]: 20 ----> 1
[0]: 20 ----> 7
[0]: 21 ----> 1
[0]: 22 ----> 1
[0]: 22 ----> 2
[0]: 23 ----> 2
[0]: 23 ----> 4
[0]: 24 ----> 3
[0]: 24 ----> 4
[0]: 25 ----> 3
[0]: 26 ----> 3
[0]: 26 ----> 6
[0]: 27 ----> 4
[0]: 28 ----> 5
[0]: 28 ----> 6
[0]: 29 ----> 5
[0]: 30 ----> 5
[0]: 31 ----> 6
[0]: 31 ----> 7
[0]: 32 ----> 7
Cones:
[0] Max cone size: 3
[0]: 0 <---- 17 (0)
[0]: 0 <---- 18 (0)
[0]: 0 <---- 19 (0)
[0]: 1 <---- 20 (0)
[0]: 1 <---- 21 (0)
[0]: 1 <---- 22 (0)
[0]: 2 <---- 18 (-2)
[0]: 2 <---- 23 (0)
[0]: 2 <---- 22 (-2)
[0]: 3 <---- 24 (0)
[0]: 3 <---- 25 (0)
[0]: 3 <---- 26 (0)
[0]: 4 <---- 24 (-2)
[0]: 4 <---- 23 (-2)
[0]: 4 <---- 27 (0)
[0]: 5 <---- 28 (0)
[0]: 5 <---- 29 (0)
[0]: 5 <---- 30 (0)
[0]: 6 <---- 28 (-2)
[0]: 6 <---- 31 (0)
[0]: 6 <---- 26 (-2)
[0]: 7 <---- 31 (-2)
[0]: 7 <---- 32 (0)
[0]: 7 <---- 20 (-2)
[0]: 17 <---- 8 (0)
[0]: 17 <---- 9 (0)
[0]: 18 <---- 9 (0)
[0]: 18 <---- 11 (0)
[0]: 19 <---- 11 (0)
[0]: 19 <---- 8 (0)
[0]: 20 <---- 12 (0)
[0]: 20 <---- 14 (0)
[0]: 21 <---- 14 (0)
[0]: 21 <---- 11 (0)
[0]: 22 <---- 11 (0)
[0]: 22 <---- 12 (0)
[0]: 23 <---- 9 (0)
[0]: 23 <---- 12 (0)
[0]: 24 <---- 12 (0)
[0]: 24 <---- 10 (0)
[0]: 25 <---- 10 (0)
[0]: 25 <---- 13 (0)
[0]: 26 <---- 13 (0)
[0]: 26 <---- 12 (0)
[0]: 27 <---- 9 (0)
[0]: 27 <---- 10 (0)
[0]: 28 <---- 15 (0)
[0]: 28 <---- 13 (0)
[0]: 29 <---- 13 (0)
[0]: 29 <---- 16 (0)
[0]: 30 <---- 16 (0)
[0]: 30 <---- 15 (0)
[0]: 31 <---- 15 (0)
[0]: 31 <---- 12 (0)
[0]: 32 <---- 15 (0)
[0]: 32 <---- 14 (0)
coordinates with 1 fields
  field 0 with 2 components
Process 0:
  (   8) dim  2 offset   0 0. 0.
  (   9) dim  2 offset   2 0.5 0.
  (  10) dim  2 offset   4 1. 0.
  (  11) dim  2 offset   6 0. 0.5
  (  12) dim  2 offset   8 0.5 0.5
  (  13) dim  2 offset  10 1. 0.5
  (  14) dim  2 offset  12 0. 1.
  (  15) dim  2 offset  14 0.5 1.
  (  16) dim  2 offset  16 1. 1.
Labels:
Label 'celltype':
[0]: 8 (0)
[0]: 9 (0)
[0]: 10 (0)
[0]: 11 (0)
[0]: 12 (0)
[0]: 13 (0)
[0]: 14 (0)
[0]: 15 (0)
[0]: 16 (0)
[0]: 0 (3)
[0]: 1 (3)
[0]: 2 (3)
[0]: 3 (3)
[0]: 4 (3)
[0]: 5 (3)
[0]: 6 (3)
[0]: 7 (3)
[0]: 17 (1)
[0]: 18 (1)
[0]: 19 (1)
[0]: 20 (1)
[0]: 21 (1)
[0]: 22 (1)
[0]: 23 (1)
[0]: 24 (1)
[0]: 25 (1)
[0]: 26 (1)
[0]: 27 (1)
[0]: 28 (1)
[0]: 29 (1)
[0]: 30 (1)
[0]: 31 (1)
[0]: 32 (1)
Label 'marker':
[0]: 8 (1)
[0]: 9 (1)
[0]: 10 (1)
[0]: 11 (1)
[0]: 13 (1)
[0]: 14 (1)
[0]: 15 (1)
[0]: 16 (1)
[0]: 17 (1)
[0]: 19 (1)
[0]: 21 (1)
[0]: 25 (1)
[0]: 27 (1)
[0]: 29 (1)
[0]: 30 (1)
[0]: 32 (1)
Label 'Face Sets':
[0]: 17 (1)
[0]: 19 (1)
[0]: 21 (1)
[0]: 25 (1)
[0]: 27 (1)
[0]: 29 (1)
[0]: 30 (1)
[0]: 32 (1)
Label 'boundary':
[0]: 17 (1)
[0]: 19 (1)
[0]: 21 (1)
[0]: 25 (1)
[0]: 27 (1)
[0]: 29 (1)
[0]: 30 (1)
[0]: 32 (1)
Local function:
Vec Object: 1 MPI processes
  type: seq
0.
0.25
1.
0.25
0.5
1.25
1.
1.25
2.
Initial guess
Vec Object: potential 1 MPI processes
  type: seq
0.
0.25
1.
0.25
0.5
1.25
1.
1.25
2.
L_2 Error: 0.0842399
Residual:
Vec Object: 1 MPI processes
  type: seq
-0.0833333
0.
0.0833333
0.
0.
0.
0.0833333
0.
-0.0833333
Initial Residual
Vec Object: Residual, Iterate 0 1 MPI processes
  type: seq
-0.0833333
0.
0.0833333
0.
0.
0.
0.0833333
0.
-0.0833333
L_2 Residual: 0.166667
Residual:
Vec Object: 1 MPI processes
  type: seq
0.166667
0.5
-0.166667
0.5
1.
-0.5
-0.166667
-0.5
-0.833333
Au - b = Au + F(0)
Vec Object: Residual, Iterate 0 1 MPI processes
  type: seq
-0.0833333
0.
0.0833333
0.
0.
0.
0.0833333
0.
-0.0833333
Linear L_2 Residual: 0.166667
