Initial guess
Vec Object: potential 1 MPI processes
  type: seq
0.03125
0.15625
0.28125
0.15625
0.40625
0.78125
0.90625
0.53125
0.40625
0.53125
0.90625
0.78125
0.78125
1.15625
1.53125
1.15625
0.125
0.625
0.625
1.125
0.5
0.3125
0.8125
0.3125
0.8125
0.078125
0.203125
0.203125
0.078125
0.578125
0.828125
0.703125
0.453125
0.453125
0.703125
0.828125
0.578125
0.953125
1.32812
1.32812
0.953125
0.265625
0.390625
0.640625
1.01562
0.265625
0.390625
0.640625
1.01562
L_2 Error: 0.00520833
Initial Residual
Vec Object: Residual, Iterate 0 1 MPI processes
  type: seq
0.
0.
0.
0.
0.
0.
0.
0.
0.
0.
0.
0.
0.
0.
0.
0.
0.
0.
0.
0.
0.
0.
0.
0.
0.
0.
0.
0.
0.
0.
0.
0.
0.
0.
0.
0.
0.
0.
0.
0.
0.
0.
0.
0.
0.
0.
0.
0.
0.
L_2 Residual: 0.
Au - b = Au + F(0)
Vec Object: Residual, Iterate 0 1 MPI processes
  type: seq
0.
0.
0.
0.
0.
0.
0.
0.
0.
0.
0.
0.
0.
0.
0.
0.
0.
0.
0.
0.
0.
0.
0.
0.
0.
0.
0.
0.
0.
0.
0.
0.
0.
0.
0.
0.
0.
0.
0.
0.
0.
0.
0.
0.
0.
0.
0.
0.
0.
Linear L_2 Residual: 0.
