Local function:
Vec Object: 1 MPI process
  type: seq
0.
0.666667
0.666667
1.33333
0.666667
1.33333
1.33333
2.
0.5
0.333333
1.5
1.
0.166667
0.833333
0.333333
1.5
0.833333
0.166667
1.
0.166667
0.833333
1.
0.833333
0.333333
1.5
0.833333
0.833333
Initial guess
Vec Object: potential 1 MPI process
  type: seq
2.26671e-16
0.666667
0.666667
1.33333
0.666667
1.33333
1.33333
2.
0.5
0.333333
1.5
1.
0.166667
0.833333
0.333333
1.5
0.833333
0.166667
1.
0.166667
0.833333
1.
0.833333
0.333333
1.5
0.833333
0.833333
L_2 Error: 0.093636
Residual:
Vec Object: 1 MPI process
  type: seq
0.0416667
-0.0694444
-0.0694444
-0.0694444
-0.0694444
-0.0694444
-0.0694444
-0.125
-0.0833333
-0.111111
0.0138889
-0.180556
0.0277778
-0.0972222
-0.0138889
-0.138889
-0.111111
0.180556
-0.263889
0.180556
-0.166667
-0.277778
-0.0972222
-0.0972222
0.0138889
-0.111111
-0.166667
Initial Residual
Vec Object: Residual, Iterate 0 1 MPI process
  type: seq
0.0416667
-0.0694444
-0.0694444
-0.0694444
-0.0694444
-0.0694444
-0.0694444
-0.125
-0.0833333
-0.111111
0.0138889
-0.180556
0.0277778
-0.0972222
-0.0138889
-0.138889
-0.111111
0.180556
-0.263889
0.180556
-0.166667
-0.277778
-0.0972222
-0.0972222
0.0138889
-0.111111
-0.166667
L_2 Residual: 0.662894
Residual:
Vec Object: 1 MPI process
  type: seq
0.125
-0.125
-0.125
-0.125
-0.125
-0.125
-0.125
-0.375
0.583333
0.166667
-0.291667
-0.291667
0.166667
-0.125
0.208333
-0.333333
-0.166667
0.208333
-0.291667
0.208333
-0.166667
-0.333333
-0.125
0.208333
-0.291667
-0.166667
-0.166667
Au - b = Au + F(0)
Vec Object: Residual, Iterate 0 1 MPI process
  type: seq
0.0416667
-0.0694444
-0.0694444
-0.0694444
-0.0694444
-0.0694444
-0.0694444
-0.125
-0.0833333
-0.111111
0.0138889
-0.180556
0.0277778
-0.0972222
-0.0138889
-0.138889
-0.111111
0.180556
-0.263889
0.180556
-0.166667
-0.277778
-0.0972222
-0.0972222
0.0138889
-0.111111
-0.166667
Linear L_2 Residual: 0.662894
