            0 SNES Function norm 8.636957404136e+00 
            1 SNES Function norm 1.748642668974e-10 
          0 SNES Function norm 5.541436587521e+00 
          1 SNES Function norm 1.094233019287e+00 
            0 SNES Function norm 1.167425579425e+00 
            1 SNES Function norm 6.997237622541e-12 
          0 SNES Function norm 5.266980577894e-01 
          1 SNES Function norm 9.493979131518e-02 
        0 SNES Function norm 3.284823934394e+00 
        1 SNES Function norm 5.427677539562e-01 
          0 SNES Function norm 4.640877936609e-01 
          1 SNES Function norm 1.781321755176e-01 
            0 SNES Function norm 2.779396306423e-01 
            1 SNES Function norm 2.853445564701e-11 
          0 SNES Function norm 1.601877686087e-01 
          1 SNES Function norm 3.272497833816e-02 
        0 SNES Function norm 3.717876854972e-01 
        1 SNES Function norm 6.883572500596e-02 
      0 SNES Function norm 1.749330398969e+00 
      1 SNES Function norm 2.722134130524e-01 
        0 SNES Function norm 1.344876957110e-01 
        1 SNES Function norm 6.389588608257e-02 
          0 SNES Function norm 1.079547043694e-01 
          1 SNES Function norm 4.313028731314e-02 
            0 SNES Function norm 6.858816967821e-02 
            1 SNES Function norm 2.416770394235e-11 
          0 SNES Function norm 4.117539102596e-02 
          1 SNES Function norm 8.399464963577e-03 
        0 SNES Function norm 6.421942393719e-02 
        1 SNES Function norm 1.408203927595e-02 
      0 SNES Function norm 2.389088521488e-01 
      1 SNES Function norm 4.089092637736e-02 
    0 SNES Function norm 8.970381100113e-01 
    1 SNES Function norm 1.417057891478e-01 
      0 SNES Function norm 4.416858011858e-02 
      1 SNES Function norm 1.866390526322e-02 
        0 SNES Function norm 3.072521269234e-02 
        1 SNES Function norm 1.576898524339e-02 
          0 SNES Function norm 2.696764344110e-02 
          1 SNES Function norm 1.122848675354e-02 
            0 SNES Function norm 1.815879846188e-02 
            1 SNES Function norm 1.461048977793e-11 
          0 SNES Function norm 1.122122572900e-02 
          1 SNES Function norm 2.289078117032e-03 
        0 SNES Function norm 1.627675282183e-02 
        1 SNES Function norm 3.561834463789e-03 
      0 SNES Function norm 1.822095049354e-02 
      1 SNES Function norm 3.901437068633e-03 
    0 SNES Function norm 1.351801726721e-01 
    1 SNES Function norm 2.273916410231e-02 
