  0 SNES Function norm 0.199059
    Linear npc_ solve converged due to CONVERGED_RTOL iterations 18
  1 SNES Function norm 0.179922
    Linear npc_ solve converged due to CONVERGED_RTOL iterations 25
  2 SNES Function norm 0.162637
    Linear npc_ solve converged due to CONVERGED_RTOL iterations 30
  3 SNES Function norm 0.146998
    Linear npc_ solve converged due to CONVERGED_RTOL iterations 44
  4 SNES Function norm 0.119207
    Linear npc_ solve converged due to CONVERGED_RTOL iterations 54
  5 SNES Function norm 0.107748
    Linear npc_ solve converged due to CONVERGED_RTOL iterations 15
  6 SNES Function norm 0.0974011
    Linear npc_ solve converged due to CONVERGED_RTOL iterations 17
  7 SNES Function norm 0.086917
    Linear npc_ solve converged due to CONVERGED_RTOL iterations 20
  8 SNES Function norm 0.0759298
    Linear npc_ solve converged due to CONVERGED_RTOL iterations 22
  9 SNES Function norm 0.042725
    Linear npc_ solve converged due to CONVERGED_RTOL iterations 36
 10 SNES Function norm 0.0372591
    Linear npc_ solve converged due to CONVERGED_RTOL iterations 13
 11 SNES Function norm 0.0341753
    Linear npc_ solve converged due to CONVERGED_RTOL iterations 23
 12 SNES Function norm 0.0281742
    Linear npc_ solve converged due to CONVERGED_RTOL iterations 26
 13 SNES Function norm 0.00521328
    Linear npc_ solve converged due to CONVERGED_RTOL iterations 20
 14 SNES Function norm 0.0027625
    Linear npc_ solve converged due to CONVERGED_RTOL iterations 21
 15 SNES Function norm 0.000527972
    Linear npc_ solve converged due to CONVERGED_RTOL iterations 8
 16 SNES Function norm 4.12313e-05
    Linear npc_ solve converged due to CONVERGED_RTOL iterations 8
 17 SNES Function norm 1.46997e-07
    Linear npc_ solve converged due to CONVERGED_RTOL iterations 8
 18 SNES Function norm < 1.e-11
CONVERGED_FNORM_RELATIVE Number of nonlinear iterations = 18
