  0 SNES Function norm 0.690597
  Linear solve converged due to CONVERGED_STEP_LENGTH iterations 1
  1 SNES Function norm 0.789029
  Linear solve converged due to CONVERGED_STEP_LENGTH iterations 1
  2 SNES Function norm 0.235173
  Linear solve converged due to CONVERGED_STEP_LENGTH iterations 1
  3 SNES Function norm 0.180307
  Linear solve converged due to CONVERGED_STEP_LENGTH iterations 1
  4 SNES Function norm 0.144057
  Linear solve converged due to CONVERGED_STEP_LENGTH iterations 1
  Linear solve converged due to CONVERGED_STEP_LENGTH iterations 1
  5 SNES Function norm 0.0735584
  Linear solve converged due to CONVERGED_STEP_LENGTH iterations 1
  6 SNES Function norm 0.0848992
  Linear solve converged due to CONVERGED_STEP_LENGTH iterations 1
  Linear solve converged due to CONVERGED_STEP_LENGTH iterations 1
  7 SNES Function norm 0.04244
  Linear solve converged due to CONVERGED_STEP_LENGTH iterations 1
  8 SNES Function norm 0.0536625
  Linear solve converged due to CONVERGED_STEP_LENGTH iterations 1
  Linear solve converged due to CONVERGED_STEP_LENGTH iterations 1
  9 SNES Function norm 0.0233171
  Linear solve converged due to CONVERGED_STEP_LENGTH iterations 1
  Linear solve converged due to CONVERGED_STEP_LENGTH iterations 1
 10 SNES Function norm 0.0228043
  Linear solve converged due to CONVERGED_STEP_LENGTH iterations 1
 11 SNES Function norm 0.0165518
  Linear solve converged due to CONVERGED_STEP_LENGTH iterations 1
  Linear solve converged due to CONVERGED_STEP_LENGTH iterations 1
 12 SNES Function norm 0.0131201
  Linear solve converged due to CONVERGED_STEP_LENGTH iterations 1
 13 SNES Function norm 0.0173167
  Linear solve converged due to CONVERGED_STEP_LENGTH iterations 1
  Linear solve converged due to CONVERGED_STEP_LENGTH iterations 1
 14 SNES Function norm 0.00633829
  Linear solve converged due to CONVERGED_STEP_LENGTH iterations 1
  Linear solve converged due to CONVERGED_STEP_LENGTH iterations 1
 15 SNES Function norm 0.00596328
  Linear solve converged due to CONVERGED_STEP_LENGTH iterations 1
 16 SNES Function norm 0.00452974
  Linear solve converged due to CONVERGED_STEP_LENGTH iterations 1
  Linear solve converged due to CONVERGED_STEP_LENGTH iterations 1
 17 SNES Function norm 0.00312265
  Linear solve converged due to CONVERGED_STEP_LENGTH iterations 1
  Linear solve converged due to CONVERGED_STEP_LENGTH iterations 1
 18 SNES Function norm 0.00289392
  Linear solve converged due to CONVERGED_STEP_LENGTH iterations 1
 19 SNES Function norm 0.00227913
  Linear solve converged due to CONVERGED_STEP_LENGTH iterations 1
  Linear solve converged due to CONVERGED_STEP_LENGTH iterations 1
 20 SNES Function norm 0.00147746
  Linear solve converged due to CONVERGED_STEP_LENGTH iterations 1
  Linear solve converged due to CONVERGED_STEP_LENGTH iterations 1
 21 SNES Function norm 0.00131946
  Linear solve converged due to CONVERGED_STEP_LENGTH iterations 1
 22 SNES Function norm 0.00113987
  Linear solve converged due to CONVERGED_STEP_LENGTH iterations 1
  Linear solve converged due to CONVERGED_STEP_LENGTH iterations 1
 23 SNES Function norm 0.000658147
  Linear solve converged due to CONVERGED_STEP_LENGTH iterations 1
  Linear solve converged due to CONVERGED_STEP_LENGTH iterations 1
 24 SNES Function norm 0.000529749
  Linear solve converged due to CONVERGED_STEP_LENGTH iterations 1
 25 SNES Function norm 0.00059179
  Linear solve converged due to CONVERGED_RTOL iterations 8
 26 SNES Function norm 1.54674e-06
  Linear solve converged due to CONVERGED_RTOL iterations 10
 27 SNES Function norm 2.989e-11
CONVERGED_FNORM_RELATIVE Number of nonlinear iterations = 27
