lid velocity = 0.000106281, prandtl # = 1., grashof # = 1.
  0 SNES Function norm 1.036007954337e-02 
    0 KSP Residual norm 9.144944502871e-02 
    1 KSP Residual norm 2.593759906204e-02 
    2 KSP Residual norm 1.669815200495e-02 
    3 KSP Residual norm 1.510777951698e-02 
    4 KSP Residual norm 1.458401237884e-02 
    5 KSP Residual norm 1.418635322926e-02 
    6 KSP Residual norm 1.377436725003e-02 
    7 KSP Residual norm 1.332236907186e-02 
    8 KSP Residual norm 1.288602527920e-02 
    9 KSP Residual norm 1.240018288138e-02 
   10 KSP Residual norm 1.186798872492e-02 
   11 KSP Residual norm 1.126565820237e-02 
   12 KSP Residual norm 1.063916289485e-02 
   13 KSP Residual norm 9.975377414549e-03 
   14 KSP Residual norm 9.354874256053e-03 
   15 KSP Residual norm 8.779095086508e-03 
   16 KSP Residual norm 8.257220099779e-03 
   17 KSP Residual norm 7.721504294489e-03 
   18 KSP Residual norm 7.165931362294e-03 
   19 KSP Residual norm 6.614579158468e-03 
   20 KSP Residual norm 6.069852590203e-03 
   21 KSP Residual norm 5.532583715678e-03 
   22 KSP Residual norm 5.012542062575e-03 
   23 KSP Residual norm 4.469698743551e-03 
   24 KSP Residual norm 3.946112491958e-03 
   25 KSP Residual norm 3.431223373793e-03 
   26 KSP Residual norm 2.968213186086e-03 
   27 KSP Residual norm 2.622089571760e-03 
   28 KSP Residual norm 2.418543969985e-03 
   29 KSP Residual norm 2.310824403854e-03 
   30 KSP Residual norm 2.236309852146e-03 
   31 KSP Residual norm 2.197075836614e-03 
   32 KSP Residual norm 2.184744877441e-03 
   33 KSP Residual norm 2.184139801213e-03 
   34 KSP Residual norm 2.177357542486e-03 
   35 KSP Residual norm 2.165221418018e-03 
   36 KSP Residual norm 2.150741735309e-03 
   37 KSP Residual norm 2.135576712445e-03 
   38 KSP Residual norm 2.119308727352e-03 
   39 KSP Residual norm 2.106838711740e-03 
   40 KSP Residual norm 2.095968914022e-03 
   41 KSP Residual norm 2.087204866778e-03 
   42 KSP Residual norm 2.075535849832e-03 
   43 KSP Residual norm 2.056901852426e-03 
   44 KSP Residual norm 2.026534413197e-03 
   45 KSP Residual norm 1.986848633315e-03 
   46 KSP Residual norm 1.940721994942e-03 
   47 KSP Residual norm 1.883144499412e-03 
   48 KSP Residual norm 1.803002891048e-03 
   49 KSP Residual norm 1.710431551202e-03 
   50 KSP Residual norm 1.590925854814e-03 
   51 KSP Residual norm 1.451082323211e-03 
   52 KSP Residual norm 1.301330299614e-03 
   53 KSP Residual norm 1.182230084682e-03 
   54 KSP Residual norm 1.107680018677e-03 
   55 KSP Residual norm 1.066507531910e-03 
   56 KSP Residual norm 1.042227387049e-03 
   57 KSP Residual norm 1.018322560203e-03 
   58 KSP Residual norm 9.885570705392e-04 
   59 KSP Residual norm 9.548240372245e-04 
   60 KSP Residual norm 9.201938192905e-04 
   61 KSP Residual norm 9.067345082392e-04 
   62 KSP Residual norm 9.048664588409e-04 
   63 KSP Residual norm 9.048625048106e-04 
   64 KSP Residual norm 9.045786478382e-04 
   65 KSP Residual norm 9.025111529622e-04 
   66 KSP Residual norm 8.966677177120e-04 
   67 KSP Residual norm 8.874037824397e-04 
   68 KSP Residual norm 8.789188093430e-04 
   69 KSP Residual norm 8.717007141537e-04 
   70 KSP Residual norm 8.635394193756e-04 
   71 KSP Residual norm 8.549188412543e-04 
   72 KSP Residual norm 8.449007643802e-04 
   73 KSP Residual norm 8.306833639556e-04 
   74 KSP Residual norm 8.180866477839e-04 
   75 KSP Residual norm 8.062571853623e-04 
   76 KSP Residual norm 7.936883824218e-04 
   77 KSP Residual norm 7.780490917915e-04 
   78 KSP Residual norm 7.615878046973e-04 
   79 KSP Residual norm 7.442269316420e-04 
   80 KSP Residual norm 7.232115811673e-04 
   81 KSP Residual norm 6.988082322432e-04 
   82 KSP Residual norm 6.683230529966e-04 
   83 KSP Residual norm 6.362177125994e-04 
   84 KSP Residual norm 5.971822394607e-04 
   85 KSP Residual norm 5.563666831991e-04 
   86 KSP Residual norm 5.122378485297e-04 
   87 KSP Residual norm 4.641141819361e-04 
   88 KSP Residual norm 4.127674620013e-04 
   89 KSP Residual norm 3.767940694930e-04 
   90 KSP Residual norm 3.464891353455e-04 
   91 KSP Residual norm 3.328326373461e-04 
   92 KSP Residual norm 3.152057745476e-04 
   93 KSP Residual norm 3.046565182399e-04 
   94 KSP Residual norm 3.006541516591e-04 
   95 KSP Residual norm 2.987345416223e-04 
   96 KSP Residual norm 2.969106149950e-04 
   97 KSP Residual norm 2.959679010652e-04 
   98 KSP Residual norm 2.951910867025e-04 
   99 KSP Residual norm 2.941123180589e-04 
  100 KSP Residual norm 2.926765604512e-04 
  101 KSP Residual norm 2.900410156058e-04 
  102 KSP Residual norm 2.863626926022e-04 
  103 KSP Residual norm 2.810952824275e-04 
  104 KSP Residual norm 2.755878113867e-04 
  105 KSP Residual norm 2.712557488209e-04 
  106 KSP Residual norm 2.679296794391e-04 
  107 KSP Residual norm 2.642026368303e-04 
  108 KSP Residual norm 2.602137324935e-04 
  109 KSP Residual norm 2.541382700234e-04 
  110 KSP Residual norm 2.454344737954e-04 
  111 KSP Residual norm 2.335628910244e-04 
  112 KSP Residual norm 2.168004908802e-04 
  113 KSP Residual norm 1.993544334742e-04 
  114 KSP Residual norm 1.812661079898e-04 
  115 KSP Residual norm 1.614155068832e-04 
  116 KSP Residual norm 1.450176652465e-04 
  117 KSP Residual norm 1.271814682476e-04 
  118 KSP Residual norm 1.114893752683e-04 
  119 KSP Residual norm 1.016403410116e-04 
  120 KSP Residual norm 9.221659791770e-05 
  121 KSP Residual norm 8.791115165789e-05 
  122 KSP Residual norm 8.529594818471e-05 
  123 KSP Residual norm 8.439823024838e-05 
  124 KSP Residual norm 8.432330233590e-05 
  125 KSP Residual norm 8.432313969703e-05 
  126 KSP Residual norm 8.431433381217e-05 
  127 KSP Residual norm 8.424348778495e-05 
  128 KSP Residual norm 8.382806777182e-05 
  129 KSP Residual norm 8.337135217553e-05 
  130 KSP Residual norm 8.306671396769e-05 
  131 KSP Residual norm 8.299046396158e-05 
  132 KSP Residual norm 8.298022748488e-05 
  133 KSP Residual norm 8.296556620174e-05 
  134 KSP Residual norm 8.293318221137e-05 
  135 KSP Residual norm 8.289997195859e-05 
  136 KSP Residual norm 8.288650847461e-05 
  137 KSP Residual norm 8.287793944348e-05 
  138 KSP Residual norm 8.282009713924e-05 
  139 KSP Residual norm 8.231936644200e-05 
  140 KSP Residual norm 8.092917384457e-05 
  141 KSP Residual norm 7.810875275548e-05 
  142 KSP Residual norm 7.372335915736e-05 
  143 KSP Residual norm 6.920873807564e-05 
  144 KSP Residual norm 6.510777151187e-05 
  145 KSP Residual norm 6.142132751787e-05 
  146 KSP Residual norm 5.816161902635e-05 
  147 KSP Residual norm 5.516213050219e-05 
  148 KSP Residual norm 5.242284932630e-05 
  149 KSP Residual norm 4.986057648037e-05 
  150 KSP Residual norm 4.733288055568e-05 
  151 KSP Residual norm 4.601506226246e-05 
  152 KSP Residual norm 4.523121336508e-05 
  153 KSP Residual norm 4.507733287029e-05 
  154 KSP Residual norm 4.507097170108e-05 
  155 KSP Residual norm 4.506961467378e-05 
  156 KSP Residual norm 4.505696152433e-05 
  157 KSP Residual norm 4.501836545704e-05 
  158 KSP Residual norm 4.495626487199e-05 
  159 KSP Residual norm 4.490012973376e-05 
  160 KSP Residual norm 4.480136241466e-05 
  161 KSP Residual norm 4.458312996682e-05 
  162 KSP Residual norm 4.431767440291e-05 
  163 KSP Residual norm 4.407964983727e-05 
  164 KSP Residual norm 4.383992113924e-05 
  165 KSP Residual norm 4.357188317772e-05 
  166 KSP Residual norm 4.319522376980e-05 
  167 KSP Residual norm 4.261206561683e-05 
  168 KSP Residual norm 4.205899613192e-05 
  169 KSP Residual norm 4.138430977164e-05 
  170 KSP Residual norm 4.047346042359e-05 
  171 KSP Residual norm 3.933307539335e-05 
  172 KSP Residual norm 3.819767627834e-05 
  173 KSP Residual norm 3.702517997681e-05 
  174 KSP Residual norm 3.583191921804e-05 
  175 KSP Residual norm 3.458798761674e-05 
  176 KSP Residual norm 3.316083374306e-05 
  177 KSP Residual norm 3.173967896731e-05 
  178 KSP Residual norm 3.016354626802e-05 
  179 KSP Residual norm 2.866779750173e-05 
  180 KSP Residual norm 2.702938196877e-05 
  181 KSP Residual norm 2.618361138750e-05 
  182 KSP Residual norm 2.522495437254e-05 
  183 KSP Residual norm 2.426023897276e-05 
  184 KSP Residual norm 2.355948721907e-05 
  185 KSP Residual norm 2.319684487218e-05 
  186 KSP Residual norm 2.289784420766e-05 
  187 KSP Residual norm 2.267598687625e-05 
  188 KSP Residual norm 2.240641749204e-05 
  189 KSP Residual norm 2.212551730336e-05 
  190 KSP Residual norm 2.170264854588e-05 
  191 KSP Residual norm 2.112756030054e-05 
  192 KSP Residual norm 2.038822399814e-05 
  193 KSP Residual norm 1.962951220216e-05 
  194 KSP Residual norm 1.884493949304e-05 
  195 KSP Residual norm 1.799734026963e-05 
  196 KSP Residual norm 1.722254569823e-05 
  197 KSP Residual norm 1.660423842819e-05 
  198 KSP Residual norm 1.621056066730e-05 
  199 KSP Residual norm 1.591018158958e-05 
  200 KSP Residual norm 1.557926981647e-05 
  201 KSP Residual norm 1.510189268164e-05 
  202 KSP Residual norm 1.440759642876e-05 
  203 KSP Residual norm 1.349458967348e-05 
  204 KSP Residual norm 1.240308276374e-05 
  205 KSP Residual norm 1.118091740362e-05 
  206 KSP Residual norm 9.955874799398e-06 
  207 KSP Residual norm 8.667314210234e-06 
  208 KSP Residual norm 7.389939064823e-06 
  209 KSP Residual norm 6.261620050378e-06 
  210 KSP Residual norm 5.246555512523e-06 
  211 KSP Residual norm 4.721004890241e-06 
  212 KSP Residual norm 4.239837116741e-06 
  213 KSP Residual norm 3.816477467422e-06 
  214 KSP Residual norm 3.501683693279e-06 
  215 KSP Residual norm 3.305190215185e-06 
  216 KSP Residual norm 3.206138813817e-06 
  217 KSP Residual norm 3.174323738414e-06 
  218 KSP Residual norm 3.169528835126e-06 
  219 KSP Residual norm 3.169521851846e-06 
  220 KSP Residual norm 3.165241221321e-06 
  221 KSP Residual norm 3.145015122355e-06 
  222 KSP Residual norm 3.096044377523e-06 
  223 KSP Residual norm 3.018842023098e-06 
  224 KSP Residual norm 2.964634266861e-06 
  225 KSP Residual norm 2.957729966340e-06 
  226 KSP Residual norm 2.953877433705e-06 
  227 KSP Residual norm 2.925464755647e-06 
  228 KSP Residual norm 2.868821700731e-06 
  229 KSP Residual norm 2.782027517577e-06 
  230 KSP Residual norm 2.646127535134e-06 
  231 KSP Residual norm 2.482650898676e-06 
  232 KSP Residual norm 2.309998463210e-06 
  233 KSP Residual norm 2.154086486854e-06 
  234 KSP Residual norm 2.002548899717e-06 
  235 KSP Residual norm 1.885163787351e-06 
  236 KSP Residual norm 1.820671950047e-06 
  237 KSP Residual norm 1.781332450628e-06 
  238 KSP Residual norm 1.751510777513e-06 
  239 KSP Residual norm 1.723392579686e-06 
  240 KSP Residual norm 1.694083934428e-06 
  241 KSP Residual norm 1.677189950467e-06 
  242 KSP Residual norm 1.673111374168e-06 
  243 KSP Residual norm 1.671932556435e-06 
  244 KSP Residual norm 1.670372344826e-06 
  245 KSP Residual norm 1.668281814293e-06 
  246 KSP Residual norm 1.664401756910e-06 
  247 KSP Residual norm 1.655699903087e-06 
  248 KSP Residual norm 1.644879786465e-06 
  249 KSP Residual norm 1.638313410510e-06 
  250 KSP Residual norm 1.634433920669e-06 
  251 KSP Residual norm 1.632288417000e-06 
  252 KSP Residual norm 1.630803349524e-06 
  253 KSP Residual norm 1.629108012046e-06 
  254 KSP Residual norm 1.625738527055e-06 
  255 KSP Residual norm 1.620864125655e-06 
  256 KSP Residual norm 1.616268872661e-06 
  257 KSP Residual norm 1.611801733029e-06 
  258 KSP Residual norm 1.602497312803e-06 
  259 KSP Residual norm 1.575738098262e-06 
  260 KSP Residual norm 1.519104509227e-06 
  261 KSP Residual norm 1.431857168315e-06 
  262 KSP Residual norm 1.338744222187e-06 
  263 KSP Residual norm 1.262050256308e-06 
  264 KSP Residual norm 1.193091353420e-06 
  265 KSP Residual norm 1.139031579299e-06 
  266 KSP Residual norm 1.088471447383e-06 
  267 KSP Residual norm 1.035130328689e-06 
  268 KSP Residual norm 9.777098693277e-07 
  269 KSP Residual norm 9.155430511512e-07 
  270 KSP Residual norm 8.568922899017e-07 
  1 SNES Function norm 1.178751989614e-06 
    0 KSP Residual norm 1.748815715091e-06 
    1 KSP Residual norm 1.624620439395e-06 
    2 KSP Residual norm 1.456422465392e-06 
    3 KSP Residual norm 1.326030517472e-06 
    4 KSP Residual norm 1.134584001300e-06 
    5 KSP Residual norm 9.824370585989e-07 
    6 KSP Residual norm 8.882499873515e-07 
    7 KSP Residual norm 8.249609129314e-07 
    8 KSP Residual norm 7.838632525267e-07 
    9 KSP Residual norm 7.558367537184e-07 
   10 KSP Residual norm 7.352641428514e-07 
   11 KSP Residual norm 7.177890029352e-07 
   12 KSP Residual norm 7.027407189224e-07 
   13 KSP Residual norm 6.870092629142e-07 
   14 KSP Residual norm 6.712782681272e-07 
   15 KSP Residual norm 6.556064942447e-07 
   16 KSP Residual norm 6.413026840450e-07 
   17 KSP Residual norm 6.250492096162e-07 
   18 KSP Residual norm 6.087611627271e-07 
   19 KSP Residual norm 5.930996641661e-07 
   20 KSP Residual norm 5.781788025672e-07 
   21 KSP Residual norm 5.610549351106e-07 
   22 KSP Residual norm 5.401956055125e-07 
   23 KSP Residual norm 5.168528059550e-07 
   24 KSP Residual norm 4.913547400553e-07 
   25 KSP Residual norm 4.653072018102e-07 
   26 KSP Residual norm 4.457206633372e-07 
   27 KSP Residual norm 4.263897743643e-07 
   28 KSP Residual norm 4.072207343179e-07 
   29 KSP Residual norm 3.820129426326e-07 
   30 KSP Residual norm 3.524926057079e-07 
   31 KSP Residual norm 3.348441637200e-07 
   32 KSP Residual norm 3.208234358783e-07 
   33 KSP Residual norm 3.080653563509e-07 
   34 KSP Residual norm 2.969658623379e-07 
   35 KSP Residual norm 2.873838557550e-07 
   36 KSP Residual norm 2.784716738215e-07 
   37 KSP Residual norm 2.682605079585e-07 
   38 KSP Residual norm 2.582627271510e-07 
   39 KSP Residual norm 2.471851529652e-07 
   40 KSP Residual norm 2.364422933814e-07 
   41 KSP Residual norm 2.262205960981e-07 
   42 KSP Residual norm 2.177174676790e-07 
   43 KSP Residual norm 2.119314681575e-07 
   44 KSP Residual norm 2.086939643300e-07 
   45 KSP Residual norm 2.069589867774e-07 
   46 KSP Residual norm 2.051651483193e-07 
   47 KSP Residual norm 2.028925351652e-07 
   48 KSP Residual norm 1.994371389840e-07 
   49 KSP Residual norm 1.960711107273e-07 
   50 KSP Residual norm 1.934148114236e-07 
   51 KSP Residual norm 1.905853168179e-07 
   52 KSP Residual norm 1.867410083506e-07 
   53 KSP Residual norm 1.820712301605e-07 
   54 KSP Residual norm 1.769911631032e-07 
   55 KSP Residual norm 1.726229506451e-07 
   56 KSP Residual norm 1.684625473534e-07 
   57 KSP Residual norm 1.621405677874e-07 
   58 KSP Residual norm 1.531432035392e-07 
   59 KSP Residual norm 1.424389275969e-07 
   60 KSP Residual norm 1.310183104254e-07 
   61 KSP Residual norm 1.242656204932e-07 
   62 KSP Residual norm 1.179240873971e-07 
   63 KSP Residual norm 1.123101522446e-07 
   64 KSP Residual norm 1.054132720446e-07 
   65 KSP Residual norm 9.849626843795e-08 
   66 KSP Residual norm 9.197247865719e-08 
   67 KSP Residual norm 8.638142369566e-08 
   68 KSP Residual norm 8.305351990631e-08 
   69 KSP Residual norm 8.136422492034e-08 
   70 KSP Residual norm 8.002361575492e-08 
   71 KSP Residual norm 7.866116430480e-08 
   72 KSP Residual norm 7.722692892725e-08 
   73 KSP Residual norm 7.544381224969e-08 
   74 KSP Residual norm 7.354404089853e-08 
   75 KSP Residual norm 7.119435912763e-08 
   76 KSP Residual norm 6.867518671189e-08 
   77 KSP Residual norm 6.602411006203e-08 
   78 KSP Residual norm 6.337351313821e-08 
   79 KSP Residual norm 6.080224058330e-08 
   80 KSP Residual norm 5.890231340688e-08 
   81 KSP Residual norm 5.776735028390e-08 
   82 KSP Residual norm 5.681661116681e-08 
   83 KSP Residual norm 5.569418042042e-08 
   84 KSP Residual norm 5.415755708381e-08 
   85 KSP Residual norm 5.233260646242e-08 
   86 KSP Residual norm 5.021186255249e-08 
   87 KSP Residual norm 4.793874560013e-08 
   88 KSP Residual norm 4.567033260035e-08 
   89 KSP Residual norm 4.349813734988e-08 
   90 KSP Residual norm 4.106532397968e-08 
   91 KSP Residual norm 3.953311916974e-08 
   92 KSP Residual norm 3.782549069823e-08 
   93 KSP Residual norm 3.618014409136e-08 
   94 KSP Residual norm 3.473408466117e-08 
   95 KSP Residual norm 3.295298494632e-08 
   96 KSP Residual norm 3.116362368283e-08 
   97 KSP Residual norm 2.964729931235e-08 
   98 KSP Residual norm 2.843092504497e-08 
   99 KSP Residual norm 2.752698726769e-08 
  100 KSP Residual norm 2.677449961663e-08 
  101 KSP Residual norm 2.623140990700e-08 
  102 KSP Residual norm 2.574444690034e-08 
  103 KSP Residual norm 2.522405798326e-08 
  104 KSP Residual norm 2.457253380175e-08 
  105 KSP Residual norm 2.370264120442e-08 
  106 KSP Residual norm 2.262668411404e-08 
  107 KSP Residual norm 2.152259489644e-08 
  108 KSP Residual norm 2.036137945628e-08 
  109 KSP Residual norm 1.909454196392e-08 
  110 KSP Residual norm 1.787445336551e-08 
  111 KSP Residual norm 1.667394027353e-08 
  112 KSP Residual norm 1.559924659359e-08 
  113 KSP Residual norm 1.481283115471e-08 
  114 KSP Residual norm 1.435158522296e-08 
  115 KSP Residual norm 1.414878343957e-08 
  116 KSP Residual norm 1.407393287977e-08 
  117 KSP Residual norm 1.404447798640e-08 
  118 KSP Residual norm 1.403314447128e-08 
  119 KSP Residual norm 1.402765026958e-08 
  120 KSP Residual norm 1.402395814514e-08 
  121 KSP Residual norm 1.402351651527e-08 
  122 KSP Residual norm 1.402351613398e-08 
  123 KSP Residual norm 1.402327634838e-08 
  124 KSP Residual norm 1.402226170240e-08 
  125 KSP Residual norm 1.402020560080e-08 
  126 KSP Residual norm 1.401585203411e-08 
  127 KSP Residual norm 1.400213674922e-08 
  128 KSP Residual norm 1.396738912660e-08 
  129 KSP Residual norm 1.392184633617e-08 
  130 KSP Residual norm 1.386006552773e-08 
  131 KSP Residual norm 1.378213258746e-08 
  132 KSP Residual norm 1.368010395178e-08 
  133 KSP Residual norm 1.353666156547e-08 
  134 KSP Residual norm 1.329698812650e-08 
  135 KSP Residual norm 1.293880270293e-08 
  136 KSP Residual norm 1.237318583853e-08 
  137 KSP Residual norm 1.179161581684e-08 
  138 KSP Residual norm 1.134206743886e-08 
  139 KSP Residual norm 1.099888749064e-08 
  140 KSP Residual norm 1.066259659918e-08 
  141 KSP Residual norm 1.032068623282e-08 
  142 KSP Residual norm 9.954236804205e-09 
  143 KSP Residual norm 9.560912215756e-09 
  144 KSP Residual norm 9.145545126143e-09 
  145 KSP Residual norm 8.738420927086e-09 
  146 KSP Residual norm 8.409260212909e-09 
  147 KSP Residual norm 8.127321870356e-09 
  148 KSP Residual norm 7.898748854589e-09 
  149 KSP Residual norm 7.703865149553e-09 
  150 KSP Residual norm 7.486870703879e-09 
  151 KSP Residual norm 7.330560146692e-09 
  152 KSP Residual norm 7.128689079801e-09 
  153 KSP Residual norm 6.964286032888e-09 
  154 KSP Residual norm 6.785137395884e-09 
  155 KSP Residual norm 6.640351575110e-09 
  156 KSP Residual norm 6.511156528025e-09 
  157 KSP Residual norm 6.423541298314e-09 
  158 KSP Residual norm 6.345751133879e-09 
  159 KSP Residual norm 6.280901533539e-09 
  160 KSP Residual norm 6.207943324992e-09 
  161 KSP Residual norm 6.142867578714e-09 
  162 KSP Residual norm 6.087418250155e-09 
  163 KSP Residual norm 6.034648495317e-09 
  164 KSP Residual norm 5.977088198390e-09 
  165 KSP Residual norm 5.912054132468e-09 
  166 KSP Residual norm 5.836856906294e-09 
  167 KSP Residual norm 5.765552516298e-09 
  168 KSP Residual norm 5.679756378903e-09 
  169 KSP Residual norm 5.563707770725e-09 
  170 KSP Residual norm 5.405011361483e-09 
  171 KSP Residual norm 5.189986018558e-09 
  172 KSP Residual norm 4.908102634804e-09 
  173 KSP Residual norm 4.706174551357e-09 
  174 KSP Residual norm 4.546685413987e-09 
  175 KSP Residual norm 4.435455313583e-09 
  176 KSP Residual norm 4.332523827655e-09 
  177 KSP Residual norm 4.203498282754e-09 
  178 KSP Residual norm 4.058340805179e-09 
  179 KSP Residual norm 3.912110698046e-09 
  180 KSP Residual norm 3.754156543395e-09 
  181 KSP Residual norm 3.673186018443e-09 
  182 KSP Residual norm 3.613029839620e-09 
  183 KSP Residual norm 3.561927158378e-09 
  184 KSP Residual norm 3.500712553539e-09 
  185 KSP Residual norm 3.426672494749e-09 
  186 KSP Residual norm 3.351413827965e-09 
  187 KSP Residual norm 3.271649485418e-09 
  188 KSP Residual norm 3.188154724333e-09 
  189 KSP Residual norm 3.100224644403e-09 
  190 KSP Residual norm 3.010790734288e-09 
  191 KSP Residual norm 2.899860376120e-09 
  192 KSP Residual norm 2.795307867707e-09 
  193 KSP Residual norm 2.656859285349e-09 
  194 KSP Residual norm 2.478450141125e-09 
  195 KSP Residual norm 2.312417968425e-09 
  196 KSP Residual norm 2.135819348150e-09 
  197 KSP Residual norm 1.987345509540e-09 
  198 KSP Residual norm 1.882308219422e-09 
  199 KSP Residual norm 1.824720724119e-09 
  200 KSP Residual norm 1.793394737731e-09 
  201 KSP Residual norm 1.777603206282e-09 
  202 KSP Residual norm 1.767124708984e-09 
  203 KSP Residual norm 1.759460100944e-09 
  204 KSP Residual norm 1.754016726123e-09 
  205 KSP Residual norm 1.750274824009e-09 
  206 KSP Residual norm 1.747607840035e-09 
  207 KSP Residual norm 1.744480855293e-09 
  208 KSP Residual norm 1.741655356119e-09 
  209 KSP Residual norm 1.739290578624e-09 
  210 KSP Residual norm 1.734739843580e-09 
  211 KSP Residual norm 1.731591096986e-09 
  212 KSP Residual norm 1.728201695680e-09 
  213 KSP Residual norm 1.723790864899e-09 
  214 KSP Residual norm 1.713216135283e-09 
  215 KSP Residual norm 1.699328282646e-09 
  216 KSP Residual norm 1.678451518644e-09 
  217 KSP Residual norm 1.657901783704e-09 
  218 KSP Residual norm 1.635934083952e-09 
  219 KSP Residual norm 1.612202184752e-09 
  220 KSP Residual norm 1.567594145713e-09 
  221 KSP Residual norm 1.512642314015e-09 
  222 KSP Residual norm 1.457761603944e-09 
  223 KSP Residual norm 1.408111435897e-09 
  224 KSP Residual norm 1.356076746727e-09 
  225 KSP Residual norm 1.307962107684e-09 
  226 KSP Residual norm 1.266646107226e-09 
  227 KSP Residual norm 1.231345481628e-09 
  228 KSP Residual norm 1.187725733507e-09 
  229 KSP Residual norm 1.141044747451e-09 
  230 KSP Residual norm 1.099737269841e-09 
  231 KSP Residual norm 1.066786397851e-09 
  232 KSP Residual norm 1.030129878172e-09 
  233 KSP Residual norm 9.927434935483e-10 
  234 KSP Residual norm 9.473773325131e-10 
  235 KSP Residual norm 9.089690854957e-10 
  236 KSP Residual norm 8.759516453077e-10 
  237 KSP Residual norm 8.535012664712e-10 
  238 KSP Residual norm 8.308754136837e-10 
  239 KSP Residual norm 8.082501666452e-10 
  240 KSP Residual norm 7.754022320857e-10 
  241 KSP Residual norm 7.572112123056e-10 
  242 KSP Residual norm 7.442389885537e-10 
  243 KSP Residual norm 7.283799305392e-10 
  244 KSP Residual norm 7.073231969200e-10 
  245 KSP Residual norm 6.852558048466e-10 
  246 KSP Residual norm 6.637193841945e-10 
  247 KSP Residual norm 6.457535438239e-10 
  248 KSP Residual norm 6.348852218182e-10 
  249 KSP Residual norm 6.257254477629e-10 
  250 KSP Residual norm 6.158564534747e-10 
  251 KSP Residual norm 6.053446723415e-10 
  252 KSP Residual norm 5.965943232727e-10 
  253 KSP Residual norm 5.889879966631e-10 
  254 KSP Residual norm 5.798723091489e-10 
  255 KSP Residual norm 5.693837266918e-10 
  256 KSP Residual norm 5.572444317590e-10 
  257 KSP Residual norm 5.444694016783e-10 
  258 KSP Residual norm 5.294254215977e-10 
  259 KSP Residual norm 5.111579131674e-10 
  260 KSP Residual norm 4.907812169770e-10 
  261 KSP Residual norm 4.698943704786e-10 
  262 KSP Residual norm 4.516736830848e-10 
  263 KSP Residual norm 4.344099614072e-10 
  264 KSP Residual norm 4.205651998682e-10 
  265 KSP Residual norm 4.094400044417e-10 
  266 KSP Residual norm 4.007111452005e-10 
  267 KSP Residual norm 3.933386697206e-10 
  268 KSP Residual norm 3.859019001818e-10 
  269 KSP Residual norm 3.778293647154e-10 
  270 KSP Residual norm 3.685811905503e-10 
  271 KSP Residual norm 3.629152212256e-10 
  272 KSP Residual norm 3.564840338194e-10 
  273 KSP Residual norm 3.500495329589e-10 
  274 KSP Residual norm 3.431898068167e-10 
  275 KSP Residual norm 3.353565364446e-10 
  276 KSP Residual norm 3.263783927727e-10 
  277 KSP Residual norm 3.192763021450e-10 
  278 KSP Residual norm 3.122085426690e-10 
  279 KSP Residual norm 3.052760168605e-10 
  280 KSP Residual norm 2.980518819939e-10 
  281 KSP Residual norm 2.912439358242e-10 
  282 KSP Residual norm 2.849441584275e-10 
  283 KSP Residual norm 2.782808821251e-10 
  284 KSP Residual norm 2.710684441319e-10 
  285 KSP Residual norm 2.633874526828e-10 
  286 KSP Residual norm 2.553129453009e-10 
  287 KSP Residual norm 2.463101545110e-10 
  288 KSP Residual norm 2.377718932698e-10 
  289 KSP Residual norm 2.297278980842e-10 
  290 KSP Residual norm 2.216396694908e-10 
  291 KSP Residual norm 2.140852462454e-10 
  292 KSP Residual norm 2.058870942400e-10 
  293 KSP Residual norm 1.971167887405e-10 
  294 KSP Residual norm 1.884340894074e-10 
  295 KSP Residual norm 1.791613990270e-10 
  296 KSP Residual norm 1.688633513441e-10 
  297 KSP Residual norm 1.602704727320e-10 
  298 KSP Residual norm 1.541392323809e-10 
  299 KSP Residual norm 1.504896772477e-10 
  300 KSP Residual norm 1.483487862182e-10 
  301 KSP Residual norm 1.471763898232e-10 
  302 KSP Residual norm 1.458511285335e-10 
  303 KSP Residual norm 1.446834701991e-10 
  304 KSP Residual norm 1.422626457779e-10 
  305 KSP Residual norm 1.383238030475e-10 
  306 KSP Residual norm 1.340609360645e-10 
  307 KSP Residual norm 1.295566320698e-10 
  308 KSP Residual norm 1.254740222524e-10 
  309 KSP Residual norm 1.211504994547e-10 
  310 KSP Residual norm 1.174647456465e-10 
  311 KSP Residual norm 1.136881957093e-10 
  312 KSP Residual norm 1.097588329841e-10 
  313 KSP Residual norm 1.041565322506e-10 
  314 KSP Residual norm 9.702228215912e-11 
  315 KSP Residual norm 8.989484119100e-11 
  316 KSP Residual norm 8.190664018704e-11 
  317 KSP Residual norm 7.558818834442e-11 
  318 KSP Residual norm 6.957179676675e-11 
  319 KSP Residual norm 6.447734334845e-11 
  320 KSP Residual norm 6.116288878725e-11 
  321 KSP Residual norm 5.888979447543e-11 
  322 KSP Residual norm 5.764019417950e-11 
  323 KSP Residual norm 5.691872542062e-11 
  324 KSP Residual norm 5.660800677735e-11 
  325 KSP Residual norm 5.653667085624e-11 
  326 KSP Residual norm 5.653626356788e-11 
  327 KSP Residual norm 5.653235239410e-11 
  328 KSP Residual norm 5.653229638983e-11 
  329 KSP Residual norm 5.651625676369e-11 
  330 KSP Residual norm 5.646144096698e-11 
  331 KSP Residual norm 5.644627590998e-11 
  332 KSP Residual norm 5.644531324883e-11 
  333 KSP Residual norm 5.644497420702e-11 
  334 KSP Residual norm 5.644493580837e-11 
  335 KSP Residual norm 5.644470457969e-11 
  336 KSP Residual norm 5.644168745929e-11 
  337 KSP Residual norm 5.640053714959e-11 
  338 KSP Residual norm 5.626705339217e-11 
  339 KSP Residual norm 5.617632737039e-11 
  340 KSP Residual norm 5.610418525034e-11 
  341 KSP Residual norm 5.596338060631e-11 
  342 KSP Residual norm 5.565290829848e-11 
  343 KSP Residual norm 5.515768341466e-11 
  344 KSP Residual norm 5.442406254737e-11 
  345 KSP Residual norm 5.353934703450e-11 
  346 KSP Residual norm 5.271979463229e-11 
  347 KSP Residual norm 5.159719023218e-11 
  348 KSP Residual norm 5.050230595494e-11 
  349 KSP Residual norm 4.886604439750e-11 
  350 KSP Residual norm 4.701727019984e-11 
  351 KSP Residual norm 4.529669235590e-11 
  352 KSP Residual norm 4.321338221199e-11 
  353 KSP Residual norm 4.146974082227e-11 
  354 KSP Residual norm 3.989258303406e-11 
  355 KSP Residual norm 3.833287369436e-11 
  356 KSP Residual norm 3.696924118282e-11 
  357 KSP Residual norm 3.572876582097e-11 
  358 KSP Residual norm 3.466908142629e-11 
  359 KSP Residual norm 3.362405494859e-11 
  360 KSP Residual norm 3.248076664724e-11 
  361 KSP Residual norm 3.183961506680e-11 
  362 KSP Residual norm 3.105405824388e-11 
  363 KSP Residual norm 3.019347608164e-11 
  364 KSP Residual norm 2.915901620646e-11 
  365 KSP Residual norm 2.819671262899e-11 
  366 KSP Residual norm 2.737270822959e-11 
  367 KSP Residual norm 2.674106883731e-11 
  368 KSP Residual norm 2.627612843956e-11 
  369 KSP Residual norm 2.574335369953e-11 
  370 KSP Residual norm 2.523339840051e-11 
  371 KSP Residual norm 2.465910296336e-11 
  372 KSP Residual norm 2.407616725222e-11 
  373 KSP Residual norm 2.348589790024e-11 
  374 KSP Residual norm 2.305940230387e-11 
  375 KSP Residual norm 2.268699192687e-11 
  376 KSP Residual norm 2.227499543133e-11 
  377 KSP Residual norm 2.188320344640e-11 
  378 KSP Residual norm 2.152291481840e-11 
  379 KSP Residual norm 2.108875033860e-11 
  380 KSP Residual norm 2.062954609947e-11 
  381 KSP Residual norm 2.007204894177e-11 
  382 KSP Residual norm 1.941423359969e-11 
  383 KSP Residual norm 1.872835639533e-11 
  384 KSP Residual norm 1.794965148165e-11 
  385 KSP Residual norm 1.714082018695e-11 
  2 SNES Function norm 1.215516598864e-11 
SNES Object: 4 MPI processes
  type: newtonls
  maximum iterations=50, maximum function evaluations=10000
  tolerances: relative=1e-08, absolute=1e-50, solution=1e-08
  total number of linear solver iterations=655
  total number of function evaluations=3
  norm schedule ALWAYS
  Jacobian is built using colored finite differences on a DMDA
  SNESLineSearch Object: 4 MPI processes
    type: bt
      interpolation: cubic
      alpha=1.000000e-04
    maxstep=1.000000e+08, minlambda=1.000000e-12
    tolerances: relative=1.000000e-08, absolute=1.000000e-15, lambda=1.000000e-08
    maximum iterations=40
  KSP Object: 4 MPI processes
    type: gmres
      restart=30, using Classical (unmodified) Gram-Schmidt Orthogonalization with no iterative refinement
      happy breakdown tolerance 1e-30
    maximum iterations=10000, initial guess is zero
    tolerances:  relative=1e-05, absolute=1e-50, divergence=10000.
    left preconditioning
    using PRECONDITIONED norm type for convergence test
  PC Object: 4 MPI processes
    type: bjacobi
      number of blocks = 4
      Local solver is the same for all blocks, as in the following KSP and PC objects on rank 0:
    KSP Object: (sub_) 1 MPI processes
      type: preonly
      maximum iterations=10000, initial guess is zero
      tolerances:  relative=1e-05, absolute=1e-50, divergence=10000.
      left preconditioning
      using NONE norm type for convergence test
    PC Object: (sub_) 1 MPI processes
      type: ilu
        out-of-place factorization
        0 levels of fill
        tolerance for zero pivot 2.22045e-14
        matrix ordering: natural
        factor fill ratio given 1., needed 1.
          Factored matrix follows:
            Mat Object: 1 MPI processes
              type: seqaij
              rows=9604, cols=9604, bs=4
              package used to perform factorization: petsc
              total: nonzeros=188944, allocated nonzeros=188944
                using I-node routines: found 2401 nodes, limit used is 5
      linear system matrix = precond matrix:
      Mat Object: 1 MPI processes
        type: seqaij
        rows=9604, cols=9604, bs=4
        total: nonzeros=188944, allocated nonzeros=188944
        total number of mallocs used during MatSetValues calls=0
          using I-node routines: found 2401 nodes, limit used is 5
    linear system matrix = precond matrix:
    Mat Object: 4 MPI processes
      type: mpiaij
      rows=37636, cols=37636, bs=4
      total: nonzeros=746512, allocated nonzeros=746512
      total number of mallocs used during MatSetValues calls=0
Number of SNES iterations = 2
