lid velocity = 100., prandtl # = 1., grashof # = 40000.
  0 SNES Function norm 13847.1 
    0 KSP Residual norm 13847.1 
    1 KSP Residual norm 6080.8 
    2 KSP Residual norm 2825.52 
    3 KSP Residual norm 2217.26 
    4 KSP Residual norm 1642.5 
    5 KSP Residual norm 547.735 
    6 KSP Residual norm 292.394 
    7 KSP Residual norm 115.294 
    8 KSP Residual norm 59.973 
    9 KSP Residual norm 51.5066 
   10 KSP Residual norm 38.6749 
   11 KSP Residual norm 22.2114 
   12 KSP Residual norm 10.8496 
   13 KSP Residual norm 4.59774 
   14 KSP Residual norm 2.05081 
   15 KSP Residual norm 0.93134 
   16 KSP Residual norm 0.486414 
   17 KSP Residual norm 0.217556 
   18 KSP Residual norm 0.102179 
  1 SNES Function norm 2786.39 
    0 KSP Residual norm 2786.39 
    1 KSP Residual norm 964.605 
    2 KSP Residual norm 505.448 
    3 KSP Residual norm 317.207 
    4 KSP Residual norm 205.007 
    5 KSP Residual norm 98.2925 
    6 KSP Residual norm 48.6427 
    7 KSP Residual norm 29.5581 
    8 KSP Residual norm 22.9959 
    9 KSP Residual norm 13.1311 
   10 KSP Residual norm 6.37564 
   11 KSP Residual norm 4.53326 
   12 KSP Residual norm 4.03342 
   13 KSP Residual norm 1.88578 
   14 KSP Residual norm 0.854888 
   15 KSP Residual norm 0.34917 
   16 KSP Residual norm 0.198925 
   17 KSP Residual norm 0.0753107 
   18 KSP Residual norm 0.0444051 
   19 KSP Residual norm 0.012644 
  2 SNES Function norm 278.999 
    0 KSP Residual norm 278.999 
    1 KSP Residual norm 140.716 
    2 KSP Residual norm 91.8682 
    3 KSP Residual norm 62.2268 
    4 KSP Residual norm 35.4763 
    5 KSP Residual norm 19.693 
    6 KSP Residual norm 11.4897 
    7 KSP Residual norm 7.75247 
    8 KSP Residual norm 5.95052 
    9 KSP Residual norm 5.32887 
   10 KSP Residual norm 2.84932 
   11 KSP Residual norm 1.19413 
   12 KSP Residual norm 0.740708 
   13 KSP Residual norm 0.269575 
   14 KSP Residual norm 0.125229 
   15 KSP Residual norm 0.0694667 
   16 KSP Residual norm 0.042637 
   17 KSP Residual norm 0.0153107 
   18 KSP Residual norm 0.00846529 
   19 KSP Residual norm 0.00233776 
  3 SNES Function norm 5.02439 
    0 KSP Residual norm 5.02439 
    1 KSP Residual norm 1.71175 
    2 KSP Residual norm 0.855056 
    3 KSP Residual norm 0.411066 
    4 KSP Residual norm 0.27666 
    5 KSP Residual norm 0.133443 
    6 KSP Residual norm 0.105034 
    7 KSP Residual norm 0.0976977 
    8 KSP Residual norm 0.0674805 
    9 KSP Residual norm 0.0385316 
   10 KSP Residual norm 0.0200261 
   11 KSP Residual norm 0.0167752 
   12 KSP Residual norm 0.0093845 
   13 KSP Residual norm 0.00461048 
   14 KSP Residual norm 0.00236425 
   15 KSP Residual norm 0.0013851 
   16 KSP Residual norm 0.000627757 
   17 KSP Residual norm 0.000242055 
   18 KSP Residual norm 0.000146369 
   19 KSP Residual norm 5.2551e-05 
   20 KSP Residual norm 1.61392e-05 
  4 SNES Function norm 0.00111508 
    0 KSP Residual norm 0.00111508 
    1 KSP Residual norm 0.000414572 
    2 KSP Residual norm 0.000184195 
    3 KSP Residual norm 9.77927e-05 
    4 KSP Residual norm 6.6824e-05 
    5 KSP Residual norm 2.87531e-05 
    6 KSP Residual norm 1.49689e-05 
    7 KSP Residual norm 9.89918e-06 
    8 KSP Residual norm 8.0767e-06 
    9 KSP Residual norm 5.39307e-06 
   10 KSP Residual norm 3.63569e-06 
   11 KSP Residual norm 2.96401e-06 
   12 KSP Residual norm 1.43944e-06 
   13 KSP Residual norm 5.95404e-07 
   14 KSP Residual norm 3.17463e-07 
   15 KSP Residual norm 1.30395e-07 
   16 KSP Residual norm 5.88009e-08 
   17 KSP Residual norm 2.39493e-08 
   18 KSP Residual norm 1.29191e-08 
   19 KSP Residual norm 3.28155e-09 
  5 SNES Function norm 3.27683e-09 
Number of SNES iterations = 5
