  0 SNES Function norm 257. 
    Linear fieldsplit_u_ solve converged due to CONVERGED_RTOL iterations 3
    0 KSP Residual norm 13.4762 
    Linear fieldsplit_u_ solve converged due to CONVERGED_RTOL iterations 3
    1 KSP Residual norm 2.16509 
    Linear fieldsplit_u_ solve converged due to CONVERGED_RTOL iterations 4
    2 KSP Residual norm 0.0357158 
    Linear fieldsplit_u_ solve converged due to CONVERGED_RTOL iterations 4
    3 KSP Residual norm 0.00142297 
    Linear fieldsplit_u_ solve converged due to CONVERGED_RTOL iterations 4
    4 KSP Residual norm 5.40426e-05 
  1 SNES Function norm 0.040789 
    Linear fieldsplit_u_ solve converged due to CONVERGED_RTOL iterations 5
    0 KSP Residual norm 4.73377 
    Linear fieldsplit_u_ solve converged due to CONVERGED_RTOL iterations 5
    1 KSP Residual norm 2.21589 
    Linear fieldsplit_u_ solve converged due to CONVERGED_RTOL iterations 5
    2 KSP Residual norm 1.34369 
    Linear fieldsplit_u_ solve converged due to CONVERGED_RTOL iterations 5
    3 KSP Residual norm 0.790019 
    Linear fieldsplit_u_ solve converged due to CONVERGED_RTOL iterations 5
    4 KSP Residual norm 0.344869 
    Linear fieldsplit_u_ solve converged due to CONVERGED_RTOL iterations 5
    5 KSP Residual norm 0.124943 
    Linear fieldsplit_u_ solve converged due to CONVERGED_RTOL iterations 5
    6 KSP Residual norm 0.0436094 
    Linear fieldsplit_u_ solve converged due to CONVERGED_RTOL iterations 5
    7 KSP Residual norm 0.0153246 
    Linear fieldsplit_u_ solve converged due to CONVERGED_RTOL iterations 4
    8 KSP Residual norm 0.00545328 
    Linear fieldsplit_u_ solve converged due to CONVERGED_RTOL iterations 4
    9 KSP Residual norm 0.00197157 
    Linear fieldsplit_u_ solve converged due to CONVERGED_RTOL iterations 4
   10 KSP Residual norm 0.000730316 
    Linear fieldsplit_u_ solve converged due to CONVERGED_RTOL iterations 4
   11 KSP Residual norm 0.000281899 
    Linear fieldsplit_u_ solve converged due to CONVERGED_RTOL iterations 4
   12 KSP Residual norm 0.000115566 
    Linear fieldsplit_u_ solve converged due to CONVERGED_RTOL iterations 4
   13 KSP Residual norm 5.03853e-05 
    Linear fieldsplit_u_ solve converged due to CONVERGED_RTOL iterations 4
   14 KSP Residual norm 2.25106e-05 
  2 SNES Function norm 0.0315934 
    Linear fieldsplit_u_ solve converged due to CONVERGED_RTOL iterations 5
    0 KSP Residual norm 0.521201 
    Linear fieldsplit_u_ solve converged due to CONVERGED_RTOL iterations 5
    1 KSP Residual norm 0.118587 
    Linear fieldsplit_u_ solve converged due to CONVERGED_RTOL iterations 5
    2 KSP Residual norm 0.0157103 
    Linear fieldsplit_u_ solve converged due to CONVERGED_RTOL iterations 5
    3 KSP Residual norm 0.00163487 
    Linear fieldsplit_u_ solve converged due to CONVERGED_RTOL iterations 5
    4 KSP Residual norm 0.000225797 
    Linear fieldsplit_u_ solve converged due to CONVERGED_RTOL iterations 5
    5 KSP Residual norm 5.43282e-05 
    Linear fieldsplit_u_ solve converged due to CONVERGED_RTOL iterations 5
    6 KSP Residual norm 6.56889e-06 
    Linear fieldsplit_u_ solve converged due to CONVERGED_RTOL iterations 5
    7 KSP Residual norm 8.85074e-07 
  3 SNES Function norm 0.00489896 
    Linear fieldsplit_u_ solve converged due to CONVERGED_RTOL iterations 5
    0 KSP Residual norm 0.0814429 
    Linear fieldsplit_u_ solve converged due to CONVERGED_RTOL iterations 5
    1 KSP Residual norm 0.0164312 
    Linear fieldsplit_u_ solve converged due to CONVERGED_RTOL iterations 5
    2 KSP Residual norm 0.00206605 
    Linear fieldsplit_u_ solve converged due to CONVERGED_RTOL iterations 5
    3 KSP Residual norm 0.000283267 
    Linear fieldsplit_u_ solve converged due to CONVERGED_RTOL iterations 5
    4 KSP Residual norm 4.09094e-05 
    Linear fieldsplit_u_ solve converged due to CONVERGED_RTOL iterations 5
    5 KSP Residual norm 6.05485e-06 
    Linear fieldsplit_u_ solve converged due to CONVERGED_RTOL iterations 5
    6 KSP Residual norm 8.81873e-07 
    Linear fieldsplit_u_ solve converged due to CONVERGED_RTOL iterations 5
    7 KSP Residual norm 1.2484e-07 
  4 SNES Function norm 0.000141257 
    Linear fieldsplit_u_ solve converged due to CONVERGED_RTOL iterations 5
    0 KSP Residual norm 0.0022495 
    Linear fieldsplit_u_ solve converged due to CONVERGED_RTOL iterations 5
    1 KSP Residual norm 0.00021211 
    Linear fieldsplit_u_ solve converged due to CONVERGED_RTOL iterations 5
    2 KSP Residual norm 4.07568e-05 
    Linear fieldsplit_u_ solve converged due to CONVERGED_RTOL iterations 5
    3 KSP Residual norm 5.08948e-06 
    Linear fieldsplit_u_ solve converged due to CONVERGED_RTOL iterations 4
    4 KSP Residual norm 6.75136e-07 
    Linear fieldsplit_u_ solve converged due to CONVERGED_RTOL iterations 5
    5 KSP Residual norm 1.0296e-07 
    Linear fieldsplit_u_ solve converged due to CONVERGED_RTOL iterations 5
    6 KSP Residual norm 1.50336e-08 
  5 SNES Function norm 2.05418e-07 
Nonlinear solve converged due to CONVERGED_FNORM_RELATIVE iterations 5
