  0 SNES Function norm 13. 
      Residual norms for mg_levels_2_ solve.
      0 KSP Residual norm < 1.e-11
      1 KSP Residual norm < 1.e-11
      2 KSP Residual norm < 1.e-11
        Residual norms for mg_levels_1_ solve.
        0 KSP Residual norm < 1.e-11
        1 KSP Residual norm < 1.e-11
        2 KSP Residual norm < 1.e-11
        Residual norms for mg_levels_1_ solve.
        0 KSP Residual norm < 1.e-11
        1 KSP Residual norm < 1.e-11
        2 KSP Residual norm < 1.e-11
      Residual norms for mg_levels_2_ solve.
      0 KSP Residual norm < 1.e-11
      1 KSP Residual norm < 1.e-11
      2 KSP Residual norm < 1.e-11
    0 KSP Residual norm 65.0144 
      Residual norms for mg_levels_2_ solve.
      0 KSP Residual norm < 1.e-11
      1 KSP Residual norm < 1.e-11
      2 KSP Residual norm < 1.e-11
        Residual norms for mg_levels_1_ solve.
        0 KSP Residual norm < 1.e-11
        1 KSP Residual norm < 1.e-11
        2 KSP Residual norm < 1.e-11
        Residual norms for mg_levels_1_ solve.
        0 KSP Residual norm < 1.e-11
        1 KSP Residual norm < 1.e-11
        2 KSP Residual norm < 1.e-11
      Residual norms for mg_levels_2_ solve.
      0 KSP Residual norm < 1.e-11
      1 KSP Residual norm < 1.e-11
      2 KSP Residual norm < 1.e-11
    1 KSP Residual norm 5.5474 
      Residual norms for mg_levels_2_ solve.
      0 KSP Residual norm < 1.e-11
      1 KSP Residual norm < 1.e-11
      2 KSP Residual norm < 1.e-11
        Residual norms for mg_levels_1_ solve.
        0 KSP Residual norm < 1.e-11
        1 KSP Residual norm < 1.e-11
        2 KSP Residual norm < 1.e-11
        Residual norms for mg_levels_1_ solve.
        0 KSP Residual norm < 1.e-11
        1 KSP Residual norm < 1.e-11
        2 KSP Residual norm < 1.e-11
      Residual norms for mg_levels_2_ solve.
      0 KSP Residual norm < 1.e-11
      1 KSP Residual norm < 1.e-11
      2 KSP Residual norm < 1.e-11
    2 KSP Residual norm 0.377209 
      Residual norms for mg_levels_2_ solve.
      0 KSP Residual norm < 1.e-11
      1 KSP Residual norm < 1.e-11
      2 KSP Residual norm < 1.e-11
        Residual norms for mg_levels_1_ solve.
        0 KSP Residual norm < 1.e-11
        1 KSP Residual norm < 1.e-11
        2 KSP Residual norm < 1.e-11
        Residual norms for mg_levels_1_ solve.
        0 KSP Residual norm < 1.e-11
        1 KSP Residual norm < 1.e-11
        2 KSP Residual norm < 1.e-11
      Residual norms for mg_levels_2_ solve.
      0 KSP Residual norm < 1.e-11
      1 KSP Residual norm < 1.e-11
      2 KSP Residual norm < 1.e-11
    3 KSP Residual norm 0.02974 
      Residual norms for mg_levels_2_ solve.
      0 KSP Residual norm < 1.e-11
      1 KSP Residual norm < 1.e-11
      2 KSP Residual norm < 1.e-11
        Residual norms for mg_levels_1_ solve.
        0 KSP Residual norm < 1.e-11
        1 KSP Residual norm < 1.e-11
        2 KSP Residual norm < 1.e-11
        Residual norms for mg_levels_1_ solve.
        0 KSP Residual norm < 1.e-11
        1 KSP Residual norm < 1.e-11
        2 KSP Residual norm < 1.e-11
      Residual norms for mg_levels_2_ solve.
      0 KSP Residual norm < 1.e-11
      1 KSP Residual norm < 1.e-11
      2 KSP Residual norm < 1.e-11
    4 KSP Residual norm 0.00251186 
      Residual norms for mg_levels_2_ solve.
      0 KSP Residual norm < 1.e-11
      1 KSP Residual norm < 1.e-11
      2 KSP Residual norm < 1.e-11
        Residual norms for mg_levels_1_ solve.
        0 KSP Residual norm < 1.e-11
        1 KSP Residual norm < 1.e-11
        2 KSP Residual norm < 1.e-11
        Residual norms for mg_levels_1_ solve.
        0 KSP Residual norm < 1.e-11
        1 KSP Residual norm < 1.e-11
        2 KSP Residual norm < 1.e-11
      Residual norms for mg_levels_2_ solve.
      0 KSP Residual norm < 1.e-11
      1 KSP Residual norm < 1.e-11
      2 KSP Residual norm < 1.e-11
    5 KSP Residual norm 0.000210968 
  1 SNES Function norm 3.90234e-05 
      Residual norms for mg_levels_2_ solve.
      0 KSP Residual norm < 1.e-11
      1 KSP Residual norm < 1.e-11
      2 KSP Residual norm < 1.e-11
        Residual norms for mg_levels_1_ solve.
        0 KSP Residual norm < 1.e-11
        1 KSP Residual norm < 1.e-11
        2 KSP Residual norm < 1.e-11
        Residual norms for mg_levels_1_ solve.
        0 KSP Residual norm < 1.e-11
        1 KSP Residual norm < 1.e-11
        2 KSP Residual norm < 1.e-11
      Residual norms for mg_levels_2_ solve.
      0 KSP Residual norm < 1.e-11
      1 KSP Residual norm < 1.e-11
      2 KSP Residual norm < 1.e-11
    0 KSP Residual norm 0.000210968 
      Residual norms for mg_levels_2_ solve.
      0 KSP Residual norm < 1.e-11
      1 KSP Residual norm < 1.e-11
      2 KSP Residual norm < 1.e-11
        Residual norms for mg_levels_1_ solve.
        0 KSP Residual norm < 1.e-11
        1 KSP Residual norm < 1.e-11
        2 KSP Residual norm < 1.e-11
        Residual norms for mg_levels_1_ solve.
        0 KSP Residual norm < 1.e-11
        1 KSP Residual norm < 1.e-11
        2 KSP Residual norm < 1.e-11
      Residual norms for mg_levels_2_ solve.
      0 KSP Residual norm < 1.e-11
      1 KSP Residual norm < 1.e-11
      2 KSP Residual norm < 1.e-11
    1 KSP Residual norm 1.7375e-05 
      Residual norms for mg_levels_2_ solve.
      0 KSP Residual norm < 1.e-11
      1 KSP Residual norm < 1.e-11
      2 KSP Residual norm < 1.e-11
        Residual norms for mg_levels_1_ solve.
        0 KSP Residual norm < 1.e-11
        1 KSP Residual norm < 1.e-11
        2 KSP Residual norm < 1.e-11
        Residual norms for mg_levels_1_ solve.
        0 KSP Residual norm < 1.e-11
        1 KSP Residual norm < 1.e-11
        2 KSP Residual norm < 1.e-11
      Residual norms for mg_levels_2_ solve.
      0 KSP Residual norm < 1.e-11
      1 KSP Residual norm < 1.e-11
      2 KSP Residual norm < 1.e-11
    2 KSP Residual norm 1.40464e-06 
      Residual norms for mg_levels_2_ solve.
      0 KSP Residual norm < 1.e-11
      1 KSP Residual norm < 1.e-11
      2 KSP Residual norm < 1.e-11
        Residual norms for mg_levels_1_ solve.
        0 KSP Residual norm < 1.e-11
        1 KSP Residual norm < 1.e-11
        2 KSP Residual norm < 1.e-11
        Residual norms for mg_levels_1_ solve.
        0 KSP Residual norm < 1.e-11
        1 KSP Residual norm < 1.e-11
        2 KSP Residual norm < 1.e-11
      Residual norms for mg_levels_2_ solve.
      0 KSP Residual norm < 1.e-11
      1 KSP Residual norm < 1.e-11
      2 KSP Residual norm < 1.e-11
    3 KSP Residual norm 1.12911e-07 
      Residual norms for mg_levels_2_ solve.
      0 KSP Residual norm < 1.e-11
      1 KSP Residual norm < 1.e-11
      2 KSP Residual norm < 1.e-11
        Residual norms for mg_levels_1_ solve.
        0 KSP Residual norm < 1.e-11
        1 KSP Residual norm < 1.e-11
        2 KSP Residual norm < 1.e-11
        Residual norms for mg_levels_1_ solve.
        0 KSP Residual norm < 1.e-11
        1 KSP Residual norm < 1.e-11
        2 KSP Residual norm < 1.e-11
      Residual norms for mg_levels_2_ solve.
      0 KSP Residual norm < 1.e-11
      1 KSP Residual norm < 1.e-11
      2 KSP Residual norm < 1.e-11
    4 KSP Residual norm 9.24047e-09 
      Residual norms for mg_levels_2_ solve.
      0 KSP Residual norm < 1.e-11
      1 KSP Residual norm < 1.e-11
      2 KSP Residual norm < 1.e-11
        Residual norms for mg_levels_1_ solve.
        0 KSP Residual norm < 1.e-11
        1 KSP Residual norm < 1.e-11
        2 KSP Residual norm < 1.e-11
        Residual norms for mg_levels_1_ solve.
        0 KSP Residual norm < 1.e-11
        1 KSP Residual norm < 1.e-11
        2 KSP Residual norm < 1.e-11
      Residual norms for mg_levels_2_ solve.
      0 KSP Residual norm < 1.e-11
      1 KSP Residual norm < 1.e-11
      2 KSP Residual norm < 1.e-11
    5 KSP Residual norm 7.873e-10 
  2 SNES Function norm 1.577e-10 
