atol=1e-50, rtol=1e-08, stol=1e-08, maxit=50, maxf=10000
Vec Object: Exact Solution 2 MPI processes
  type: mpikokkos
Process [0]
0.
0.015625
0.125
Process [1]
0.421875
1.
Vec Object: Forcing function 2 MPI processes
  type: mpikokkos
Process [0]
1e-72
1.50024
3.01563
Process [1]
4.67798
7.
  0 SNES Function norm 5.414682427127e+00 
  1 SNES Function norm 2.952582418265e-01 
  2 SNES Function norm 4.502293658739e-04 
  3 SNES Function norm 1.389665806646e-09 
Number of SNES iterations = 3
Norm of error 1.49752e-10 Iterations 3
