Level 1 domain size (m)    1e+04 x    1e+04 x    1e+03, num elements 12 x 12 x 7 (1008), size (m) 833.333 x 833.333 x 166.667
  0 SNES Function norm 28.4846 
Level 0 domain size (m)    1e+04 x    1e+04 x    1e+03, num elements 6 x 6 x 4 (144), size (m) 1666.67 x 1666.67 x 333.333
    0 KSP Residual norm 28.4846 
    1 KSP Residual norm 0.112113 
    2 KSP Residual norm 0.00207342 
    3 KSP Residual norm 4.85694e-05 
  Linear solve converged due to CONVERGED_RTOL iterations 3
  1 SNES Function norm 24.6173 
    0 KSP Residual norm 24.6173 
    1 KSP Residual norm 0.562308 
    2 KSP Residual norm 0.0212385 
    3 KSP Residual norm 0.000740068 
    4 KSP Residual norm 2.11967e-05 
  Linear solve converged due to CONVERGED_RTOL iterations 4
  2 SNES Function norm 17.8364 
    0 KSP Residual norm 17.8364 
    1 KSP Residual norm 0.842118 
    2 KSP Residual norm 0.0338966 
    3 KSP Residual norm 0.00152866 
    4 KSP Residual norm 6.40985e-05 
  Linear solve converged due to CONVERGED_RTOL iterations 4
  3 SNES Function norm 9.17615 
    0 KSP Residual norm 9.17615 
    1 KSP Residual norm 0.541538 
    2 KSP Residual norm 0.0231725 
    3 KSP Residual norm 0.00123851 
    4 KSP Residual norm 5.99734e-05 
  Linear solve converged due to CONVERGED_RTOL iterations 4
  4 SNES Function norm 2.556 
    0 KSP Residual norm 2.556 
    1 KSP Residual norm 0.131068 
    2 KSP Residual norm 0.00612502 
    3 KSP Residual norm 0.000348275 
    4 KSP Residual norm 1.99121e-05 
  Linear solve converged due to CONVERGED_RTOL iterations 4
  5 SNES Function norm 0.212016 
    0 KSP Residual norm 0.212016 
    1 KSP Residual norm 0.00564043 
    2 KSP Residual norm 0.000437739 
    3 KSP Residual norm 1.46966e-05 
    4 KSP Residual norm 7.77524e-07 
  Linear solve converged due to CONVERGED_RTOL iterations 4
  6 SNES Function norm 0.00142979 
    0 KSP Residual norm 0.00142979 
    1 KSP Residual norm 1.83212e-05 
    2 KSP Residual norm 9.99305e-07 
    3 KSP Residual norm 5.91371e-08 
    4 KSP Residual norm 2.73301e-09 
  Linear solve converged due to CONVERGED_RTOL iterations 4
  7 SNES Function norm 5.87871e-08 
Nonlinear solve converged due to CONVERGED_FNORM_RELATIVE iterations 7
Solution statistics after solve: Full
CONVERGED_FNORM_RELATIVE: Number of SNES iterations = 7, total linear iterations = 27
|X|_2 526.976   -8.62365e-12 <= u <=  24.1956   -2.84931 <= v <=  2.84931   1.05205e-13 <= c <=  24.1956 
Surface statistics: u in [1.266369e+01, 2.419559e+01] mean 2.014198e+01
Global eta range   3.03128e+10 to 9.2273e+12 converged range 3.03128e+10 to 9.13859e+11
Global beta2 range 1e+100 to 0. converged range 1e+100 to 0.
