Mesh in 2 dimensions:
  Number of 0-cells per rank: 8 8
  Number of 1-cells per rank: 15 15
  Number of 2-cells per rank: 8 8
Labels:
  depth: 3 strata of sizes (8, 15, 8)
  marker: 2 strata of sizes (9, 1)
Mesh in 2 dimensions:
  Number of 0-cells per rank: 23 23
  Number of 1-cells per rank: 54 54
  Number of 2-cells per rank: 32 32
Labels:
  marker: 2 strata of sizes (17, 1)
  depth: 3 strata of sizes (23, 54, 32)
GPU layout grid(1,5,1) block(3,1,1) with 2 batches
 N_t: 3, N_cb: 2
GPU layout grid(1,5,1) block(3,1,1) with 2 batches
 N_t: 3, N_cb: 2
Residual:
Vec Object: 1 MPI processes
  type: seq
-0.03125
-0.0625
0.21875
0.09375
0.1875
0.34375
-0.125
-0.125
-0.125
-0.125
-0.0625
-0.125
0.1875
-0.125
0.4375
-0.125
-0.125
-0.0625
0.1875
-0.125
-0.125
-0.0625
-0.125
Vec Object: 1 MPI processes
  type: seq
-0.15625
-0.3125
0.09375
0.21875
0.4375
0.46875
-0.125
-0.125
-0.125
-0.0625
-0.125
-0.3125
-0.125
0.4375
-0.125
-0.125
-0.3125
-0.125
0.4375
-0.125
-0.125
-0.125
0.4375
