Mesh in 3 dimensions:
  Number of 0-cells per rank: 27
  Number of 3-cells per rank: 48
Labels:
  marker: 1 strata of sizes (26)
  depth: 2 strata of sizes (27, 48)
Residual:
Vec Object: 1 MPI processes
  type: seq
-0.145833
-0.145833
0.0208333
0.291667
0.125
0.0416667
0.125
0.291667
0.0416667
0.4375
0.4375
0.0625
-0.145833
-0.145833
-0.0208333
0.291667
0.125
-0.0416667
0.125
0.291667
-0.0416667
0.4375
0.4375
-0.0625
-0.0833333
3.46945e-18
-0.0416667
0
0
0
0
0
0
-0.0833333
3.46945e-18
0.0416667
0
0
0
-0.0833333
-0.0833333
-0.0416667
-0.0833333
-0.0833333
0.0416667
0
0
0
-0.0833333
-0.0833333
-0.0416667
0
-0.0833333
-0.0416667
-0.0833333
-0.0833333
0.0416667
1.73472e-18
-0.0833333
0.0416667
-0.208333
-0.25
-1.73472e-18
-0.25
-0.25
0
0.416667
0.125
-1.73472e-18
-0.25
-0.208333
0
-0.25
-0.25
0
0.125
0.416667
1.73472e-18
-0.5
-0.5
0