    0 KSP Residual norm 102.727
    1 KSP Residual norm 27.6164
    2 KSP Residual norm < 1.e-11
  Linear solve converged due to CONVERGED_RTOL iterations 2
    0 KSP Residual norm 283.583
    1 KSP Residual norm 14.6154
    2 KSP Residual norm 3.6117
    3 KSP Residual norm 0.691161
    4 KSP Residual norm 0.175646
    5 KSP Residual norm 0.0297945
    6 KSP Residual norm 0.0062181
    7 KSP Residual norm 0.00145611
    8 KSP Residual norm 0.000222996
    9 KSP Residual norm 4.48736e-05
   10 KSP Residual norm 9.02313e-06
   11 KSP Residual norm 1.49789e-06
   12 KSP Residual norm 3.28489e-07
   13 KSP Residual norm 7.02689e-08
   14 KSP Residual norm 1.37704e-08
  Linear solve converged due to CONVERGED_RTOL iterations 14
[0] 0) N=          27, max displ=4.1232123e+01, error=1.850e+01
[0] 1) N=         441, max displ=5.3174288e+01, disp diff= 1.19e+01, error=6.557e+00, rate=1.5
