  Linear solve converged due to CONVERGED_RTOL iterations 5
DM Object: box 1 MPI process
  type: plex
box in 3 dimensions:
  Number of 0-cells per rank: 18
  Number of 1-cells per rank: 33
  Number of 2-cells per rank: 20
  Number of 3-cells per rank: 4
Labels:
  marker: 1 strata with value/size (1 (66))
  Face Sets: 6 strata with value/size (1 (4), 2 (4), 3 (2), 4 (2), 5 (2), 6 (2))
  depth: 4 strata with value/size (0 (18), 1 (33), 2 (20), 3 (4))
  celltype: 4 strata with value/size (0 (18), 1 (33), 4 (20), 7 (4))
  boundary: 1 strata with value/size (1 (66))
Field deformation:
  adjacency FEM
DM Object: Mesh 1 MPI process
  type: plex
Mesh in 3 dimensions:
  Number of 0-cells per rank: 75
  Number of 1-cells per rank: 170
  Number of 2-cells per rank: 128
  Number of 3-cells per rank: 32
Labels:
  celltype: 4 strata with value/size (0 (75), 1 (170), 4 (128), 7 (32))
  depth: 4 strata with value/size (0 (75), 1 (170), 2 (128), 3 (32))
  marker: 1 strata with value/size (1 (258))
  Face Sets: 6 strata with value/size (1 (36), 2 (36), 3 (18), 4 (18), 5 (18), 6 (18))
  boundary: 1 strata with value/size (1 (258))
Field deformation:
  adjacency FEM
  Linear solve converged due to CONVERGED_RTOL iterations 6
[0] 0) N=          27, max displ=4.1232149e+01, error=1.852e+01
[0] 1) N=         441, max displ=5.3174244e+01, disp diff= 1.19e+01, error=6.580e+00, rate=1.5
