DM Object: box 4 MPI processes
  type: plex
box in 3 dimensions:
  Number of 0-cells per rank: 8 8 8 8
  Number of 1-cells per rank: 12 12 12 12
  Number of 2-cells per rank: 6 6 6 6
  Number of 3-cells per rank: 1 1 1 1
Labels:
  depth: 4 strata with value/size (0 (8), 1 (12), 2 (6), 3 (1))
  marker: 1 strata with value/size (1 (23))
  Face Sets: 4 strata with value/size (1 (1), 2 (1), 3 (1), 6 (1))
  celltype: 4 strata with value/size (0 (8), 1 (12), 4 (6), 7 (1))
  boundary: 1 strata with value/size (1 (4))
  0 SNES Function norm 70.6653 
    0 KSP Residual norm 70.6653 
    1 KSP Residual norm 14.206 
    2 KSP Residual norm 2.2402 
    3 KSP Residual norm 0.195379 
    4 KSP Residual norm 0.038632 
    5 KSP Residual norm 0.0051671 
    6 KSP Residual norm 0.00067671 
    7 KSP Residual norm 0.000111961 
    8 KSP Residual norm 1.65942e-05 
    9 KSP Residual norm 8.23274e-07 
   10 KSP Residual norm 2.36705e-08 
   11 KSP Residual norm 4.67794e-09 
  Linear solve converged due to CONVERGED_RTOL iterations 11
  1 SNES Function norm 4.67794e-09 
DM Object: Mesh 4 MPI processes
  type: plex
Mesh in 3 dimensions:
  Number of 0-cells per rank: 27 27 27 27
  Number of 1-cells per rank: 54 54 54 54
  Number of 2-cells per rank: 36 36 36 36
  Number of 3-cells per rank: 8 8 8 8
Labels:
  celltype: 4 strata with value/size (0 (27), 1 (54), 4 (36), 7 (8))
  depth: 4 strata with value/size (0 (27), 1 (54), 2 (36), 3 (8))
  marker: 1 strata with value/size (1 (77))
  Face Sets: 4 strata with value/size (1 (9), 2 (9), 3 (9), 6 (9))
  boundary: 1 strata with value/size (1 (77))
Field deformation:
  adjacency FEM
  0 SNES Function norm 28.7004 
    0 KSP Residual norm 28.7004 
    1 KSP Residual norm 7.39825 
    2 KSP Residual norm 1.3142 
    3 KSP Residual norm 0.256266 
    4 KSP Residual norm 0.0424653 
    5 KSP Residual norm 0.00687422 
    6 KSP Residual norm 0.00116347 
    7 KSP Residual norm 0.000198196 
    8 KSP Residual norm 3.58559e-05 
    9 KSP Residual norm 5.36111e-06 
   10 KSP Residual norm 9.85575e-07 
   11 KSP Residual norm 1.58537e-07 
   12 KSP Residual norm 2.68275e-08 
   13 KSP Residual norm 4.51026e-09 
   14 KSP Residual norm 8.044e-10 
  Linear solve converged due to CONVERGED_RTOL iterations 14
  1 SNES Function norm 8.044e-10 
[0] 0) N=          27, max displ=4.1232123e+01, error=1.850e+01
[0] 1) N=         441, max displ=5.3174288e+01, disp diff= 1.19e+01, error=6.557e+00, rate=1.5
