  0 SNES Function norm 1.17887 
    0 KSP Residual norm 0.883234 
    1 KSP Residual norm 0.44812 
    2 KSP Residual norm 0.298236 
    3 KSP Residual norm 0.22529 
    4 KSP Residual norm 0.184012 
    5 KSP Residual norm 0.149988 
    6 KSP Residual norm 0.126521 
    7 KSP Residual norm 0.112217 
    8 KSP Residual norm 0.10214 
    9 KSP Residual norm 0.0930165 
   10 KSP Residual norm 0.0852048 
   11 KSP Residual norm 0.0784234 
   12 KSP Residual norm 0.0723618 
   13 KSP Residual norm 0.0660766 
   14 KSP Residual norm 0.0600133 
   15 KSP Residual norm 0.0541635 
   16 KSP Residual norm 0.0467393 
   17 KSP Residual norm 0.0354622 
   18 KSP Residual norm 0.0249369 
   19 KSP Residual norm 0.0152774 
   20 KSP Residual norm 0.00857071 
   21 KSP Residual norm 0.00524707 
   22 KSP Residual norm 0.00305278 
   23 KSP Residual norm 0.00175313 
   24 KSP Residual norm 0.00108569 
   25 KSP Residual norm 0.000817469 
   26 KSP Residual norm 0.000704503 
   27 KSP Residual norm 0.000609619 
   28 KSP Residual norm 0.000502258 
   29 KSP Residual norm 0.000375851 
   30 KSP Residual norm 0.000273933 
   31 KSP Residual norm 0.000237259 
   32 KSP Residual norm 0.000201178 
   33 KSP Residual norm 0.000173121 
   34 KSP Residual norm 0.00014116 
   35 KSP Residual norm 0.000108873 
   36 KSP Residual norm 8.28662e-05 
   37 KSP Residual norm 6.57943e-05 
   38 KSP Residual norm 5.41101e-05 
   39 KSP Residual norm 4.14436e-05 
   40 KSP Residual norm 2.89727e-05 
   41 KSP Residual norm 1.96638e-05 
   42 KSP Residual norm 1.3378e-05 
   43 KSP Residual norm 9.55754e-06 
   44 KSP Residual norm 6.93145e-06 
  1 SNES Function norm 0.0141244 
    0 KSP Residual norm 0.0214326 
    1 KSP Residual norm 0.0185154 
    2 KSP Residual norm 0.0171988 
    3 KSP Residual norm 0.0161532 
    4 KSP Residual norm 0.0141491 
    5 KSP Residual norm 0.0121928 
    6 KSP Residual norm 0.0101734 
    7 KSP Residual norm 0.00746171 
    8 KSP Residual norm 0.00496401 
    9 KSP Residual norm 0.00315298 
   10 KSP Residual norm 0.00210847 
   11 KSP Residual norm 0.00153255 
   12 KSP Residual norm 0.00110999 
   13 KSP Residual norm 0.000785876 
   14 KSP Residual norm 0.000569361 
   15 KSP Residual norm 0.00041922 
   16 KSP Residual norm 0.000307375 
   17 KSP Residual norm 0.000226464 
   18 KSP Residual norm 0.00015296 
   19 KSP Residual norm 0.000102934 
   20 KSP Residual norm 8.17242e-05 
   21 KSP Residual norm 6.67023e-05 
   22 KSP Residual norm 5.75452e-05 
   23 KSP Residual norm 5.0125e-05 
   24 KSP Residual norm 3.99562e-05 
   25 KSP Residual norm 2.56985e-05 
   26 KSP Residual norm 1.49744e-05 
   27 KSP Residual norm 8.57573e-06 
   28 KSP Residual norm 4.52603e-06 
   29 KSP Residual norm 2.8194e-06 
   30 KSP Residual norm 1.99252e-06 
   31 KSP Residual norm 1.68214e-06 
   32 KSP Residual norm 1.28542e-06 
   33 KSP Residual norm 8.58371e-07 
   34 KSP Residual norm 5.53337e-07 
   35 KSP Residual norm 3.76969e-07 
   36 KSP Residual norm 2.77654e-07 
   37 KSP Residual norm 2.11554e-07 
  2 SNES Function norm 0.000221324 
    0 KSP Residual norm 0.000326248 
    1 KSP Residual norm 0.000277803 
    2 KSP Residual norm 0.000261125 
    3 KSP Residual norm 0.000249559 
    4 KSP Residual norm 0.000228422 
    5 KSP Residual norm 0.000206684 
    6 KSP Residual norm 0.000179994 
    7 KSP Residual norm 0.000139548 
    8 KSP Residual norm 0.000103774 
    9 KSP Residual norm 7.92689e-05 
   10 KSP Residual norm 6.20307e-05 
   11 KSP Residual norm 4.61796e-05 
   12 KSP Residual norm 3.01813e-05 
   13 KSP Residual norm 1.78126e-05 
   14 KSP Residual norm 9.71934e-06 
   15 KSP Residual norm 5.43991e-06 
   16 KSP Residual norm 3.3121e-06 
   17 KSP Residual norm 2.37423e-06 
   18 KSP Residual norm 1.82701e-06 
   19 KSP Residual norm 1.43651e-06 
   20 KSP Residual norm 1.21216e-06 
   21 KSP Residual norm 9.99104e-07 
   22 KSP Residual norm 8.17679e-07 
   23 KSP Residual norm 6.75596e-07 
   24 KSP Residual norm 5.45135e-07 
   25 KSP Residual norm 3.87003e-07 
   26 KSP Residual norm 2.42595e-07 
   27 KSP Residual norm 1.43018e-07 
   28 KSP Residual norm 7.94909e-08 
   29 KSP Residual norm 5.12463e-08 
   30 KSP Residual norm 3.85015e-08 
   31 KSP Residual norm 3.34569e-08 
   32 KSP Residual norm 2.70245e-08 
   33 KSP Residual norm 1.91752e-08 
   34 KSP Residual norm 1.30061e-08 
   35 KSP Residual norm 8.9127e-09 
   36 KSP Residual norm 6.4596e-09 
   37 KSP Residual norm 4.69014e-09 
   38 KSP Residual norm 3.34727e-09 
   39 KSP Residual norm 2.42356e-09 
  3 SNES Function norm 5.90544e-08 
    0 KSP Residual norm 8.61391e-08 
    1 KSP Residual norm 7.31983e-08 
    2 KSP Residual norm 6.87654e-08 
    3 KSP Residual norm 6.58536e-08 
    4 KSP Residual norm 6.07249e-08 
    5 KSP Residual norm 5.58517e-08 
    6 KSP Residual norm 5.03885e-08 
    7 KSP Residual norm 4.17527e-08 
    8 KSP Residual norm 3.33129e-08 
    9 KSP Residual norm 2.63281e-08 
   10 KSP Residual norm 2.06179e-08 
   11 KSP Residual norm 1.50221e-08 
   12 KSP Residual norm 9.54581e-09 
   13 KSP Residual norm 5.18522e-09 
   14 KSP Residual norm 2.70097e-09 
   15 KSP Residual norm 1.55602e-09 
   16 KSP Residual norm 9.428e-10 
   17 KSP Residual norm 6.656e-10 
   18 KSP Residual norm 5.251e-10 
   19 KSP Residual norm 4.156e-10 
   20 KSP Residual norm 3.335e-10 
   21 KSP Residual norm 2.727e-10 
   22 KSP Residual norm 2.259e-10 
   23 KSP Residual norm 1.895e-10 
   24 KSP Residual norm 1.566e-10 
   25 KSP Residual norm 1.171e-10 
   26 KSP Residual norm 7.891e-11 
   27 KSP Residual norm 5.122e-11 
   28 KSP Residual norm 3.312e-11 
   29 KSP Residual norm 2.398e-11 
   30 KSP Residual norm 1.796e-11 
   31 KSP Residual norm 1.493e-11 
   32 KSP Residual norm 1.166e-11 
   33 KSP Residual norm < 1.e-11
   34 KSP Residual norm < 1.e-11
   35 KSP Residual norm < 1.e-11
   36 KSP Residual norm < 1.e-11
   37 KSP Residual norm < 1.e-11
   38 KSP Residual norm < 1.e-11
   39 KSP Residual norm < 1.e-11
   40 KSP Residual norm < 1.e-11
   41 KSP Residual norm < 1.e-11
  4 SNES Function norm < 1.e-11
Nonlinear solve converged due to CONVERGED_FNORM_RELATIVE iterations 4
