SNES Object: 1 MPI processes
  type: newtonls
  maximum iterations=50, maximum function evaluations=10000
  tolerances: relative=1e-08, absolute=1e-50, solution=1e-08
  total number of linear solver iterations=1
  total number of function evaluations=2
  norm schedule ALWAYS
  SNESLineSearch Object: 1 MPI processes
    type: bt
      interpolation: cubic
      alpha=1.000000e-04
    maxstep=1.000000e+08, minlambda=1.000000e-12
    tolerances: relative=1.000000e-08, absolute=1.000000e-15, lambda=1.000000e-08
    maximum iterations=40
  KSP Object: 1 MPI processes
    type: fgmres
      restart=10, using Classical (unmodified) Gram-Schmidt Orthogonalization with no iterative refinement
      happy breakdown tolerance 1e-30
    maximum iterations=10000, initial guess is zero
    tolerances:  relative=1e-09, absolute=1e-50, divergence=10000.
    right preconditioning
    using UNPRECONDITIONED norm type for convergence test
  PC Object: 1 MPI processes
    type: fieldsplit
      FieldSplit with Schur preconditioner, factorization FULL
      Preconditioner for the Schur complement formed from A11
      Split info:
      Split number 0 Defined by IS
      Split number 1 Defined by IS
      KSP solver for A00 block
        KSP Object: (fieldsplit_velocity_) 1 MPI processes
          type: gmres
            restart=30, using Classical (unmodified) Gram-Schmidt Orthogonalization with no iterative refinement
            happy breakdown tolerance 1e-30
          maximum iterations=10000, initial guess is zero
          tolerances:  relative=1e-05, absolute=1e-50, divergence=10000.
          left preconditioning
          using PRECONDITIONED norm type for convergence test
        PC Object: (fieldsplit_velocity_) 1 MPI processes
          type: lu
            out-of-place factorization
            tolerance for zero pivot 2.22045e-14
            matrix ordering: nd
            factor fill ratio given 5., needed 1.23111
              Factored matrix follows:
                Mat Object: 1 MPI processes
                  type: seqaij
                  rows=50, cols=50, bs=2
                  package used to perform factorization: petsc
                  total: nonzeros=1108, allocated nonzeros=1108
                    using I-node routines: found 25 nodes, limit used is 5
          linear system matrix = precond matrix:
          Mat Object: (fieldsplit_velocity_) 1 MPI processes
            type: seqaij
            rows=50, cols=50, bs=2
            total: nonzeros=900, allocated nonzeros=900
            total number of mallocs used during MatSetValues calls=0
              using I-node routines: found 25 nodes, limit used is 5
      KSP solver for S = A11 - A10 inv(A00) A01 
        KSP Object: (fieldsplit_pressure_) 1 MPI processes
          type: gmres
            restart=30, using Classical (unmodified) Gram-Schmidt Orthogonalization with no iterative refinement
            happy breakdown tolerance 1e-30
          maximum iterations=10000, initial guess is zero
          tolerances:  relative=1e-10, absolute=1e-50, divergence=10000.
          left preconditioning
          using PRECONDITIONED norm type for convergence test
        PC Object: (fieldsplit_pressure_) 1 MPI processes
          type: jacobi
          linear system matrix followed by preconditioner matrix:
          Mat Object: (fieldsplit_pressure_) 1 MPI processes
            type: schurcomplement
            rows=16, cols=16
              has attached null space
              Schur complement A11 - A10 inv(A00) A01
              A11
                Mat Object: (fieldsplit_pressure_) 1 MPI processes
                  type: seqaij
                  rows=16, cols=16
                  total: nonzeros=100, allocated nonzeros=100
                  total number of mallocs used during MatSetValues calls=0
                    has attached null space
                    not using I-node routines
              A10
                Mat Object: 1 MPI processes
                  type: seqaij
                  rows=16, cols=50
                  total: nonzeros=288, allocated nonzeros=288
                  total number of mallocs used during MatSetValues calls=0
                    not using I-node routines
              KSP of A00
                KSP Object: (fieldsplit_velocity_) 1 MPI processes
                  type: gmres
                    restart=30, using Classical (unmodified) Gram-Schmidt Orthogonalization with no iterative refinement
                    happy breakdown tolerance 1e-30
                  maximum iterations=10000, initial guess is zero
                  tolerances:  relative=1e-05, absolute=1e-50, divergence=10000.
                  left preconditioning
                  using PRECONDITIONED norm type for convergence test
                PC Object: (fieldsplit_velocity_) 1 MPI processes
                  type: lu
                    out-of-place factorization
                    tolerance for zero pivot 2.22045e-14
                    matrix ordering: nd
                    factor fill ratio given 5., needed 1.23111
                      Factored matrix follows:
                        Mat Object: 1 MPI processes
                          type: seqaij
                          rows=50, cols=50, bs=2
                          package used to perform factorization: petsc
                          total: nonzeros=1108, allocated nonzeros=1108
                            using I-node routines: found 25 nodes, limit used is 5
                  linear system matrix = precond matrix:
                  Mat Object: (fieldsplit_velocity_) 1 MPI processes
                    type: seqaij
                    rows=50, cols=50, bs=2
                    total: nonzeros=900, allocated nonzeros=900
                    total number of mallocs used during MatSetValues calls=0
                      using I-node routines: found 25 nodes, limit used is 5
              A01
                Mat Object: 1 MPI processes
                  type: seqaij
                  rows=50, cols=16, rbs=2, cbs=1
                  total: nonzeros=288, allocated nonzeros=288
                  total number of mallocs used during MatSetValues calls=0
                    using I-node routines: found 25 nodes, limit used is 5
          Mat Object: (fieldsplit_pressure_) 1 MPI processes
            type: seqaij
            rows=16, cols=16
            total: nonzeros=100, allocated nonzeros=100
            total number of mallocs used during MatSetValues calls=0
              has attached null space
              not using I-node routines
    linear system matrix = precond matrix:
    Mat Object: 1 MPI processes
      type: seqaij
      rows=66, cols=66
      total: nonzeros=1576, allocated nonzeros=1576
      total number of mallocs used during MatSetValues calls=0
        has attached null space
        using I-node routines: found 37 nodes, limit used is 5
L_2 Error: 6.20331e-15 [6.13238e-16, 6.17293e-15]
