Local function:
Vec Object: 1 MPI processes
  type: seq
0.
0.
-1.
0.25
0.5
-0.5
1.
2.
0.
0.25
-2.77556e-17
-0.5
0.5
0.
0.
1.25
1.
0.5
1.
-1.11022e-16
0.
1.25
-0.5
0.5
2.
0.
1.
Initial guess
Vec Object: Solution 1 MPI processes
  type: seq
-1.
-0.5
0.
-0.5
0.5
0.
0.
0.5
0.
0.5
1.
L_2 Error: 0.157081
Residual:
Vec Object: 1 MPI processes
  type: seq
0.
0.
0.0208333
0.
0.
0.0208333
0.
0.
0.
0.
0.
0.0208333
0.
0.
0.
0.
0.
-0.0208333
0.
0.
0.
0.
0.
-0.0208333
0.
0.
-0.0208333
Initial Residual
Vec Object: Residual, Iterate 0 1 MPI processes
  type: seq
0.0208333
0.0208333
0.
0.0208333
0.
0.
0.
-0.0208333
0.
-0.0208333
-0.0208333
L_2 Residual: 0.051031
Residual:
Vec Object: 1 MPI processes
  type: seq
0.
0.
0.0208333
0.
0.
-0.0208333
0.
0.
0.0416667
0.
0.
-0.0625
-2.25
-0.25
0.
0.
0.
0.0625
0.
0.
-0.0416667
0.
0.
0.0208333
0.
0.
-0.0208333
Au - b = Au + F(0)
Vec Object: Residual, Iterate 0 1 MPI processes
  type: seq
0.0208333
0.0208333
0.
0.0208333
0.
0.
0.
-0.0208333
0.
-0.0208333
-0.0208333
Linear L_2 Residual: 0.051031
