Local function:
Vec Object: 1 MPI processes
  type: seq
0.
0.
0.
-1.5
1.
0.
1.
-0.5
1.
1.
1.
-0.5
2.
1.
2.
0.5
0.
1.
0.
-0.5
1.
1.
-1.
0.5
1.
2.
-1.
0.5
2.
2.
-2.
1.5
1.25
1.
1.25
0.
1.
1.25
0.
0.
2.
1.25
0.
1.
1.25
2.
-1.75
1.
0.
0.25
0.
-1.
0.25
0.
0.25
-1.
0.25
1.
-0.75
0.
1.
0.25
0.
0.
0.25
0.25
0.25
-1.
1.25
0.25
1.25
0.
0.25
1.25
-0.75
0.
1.25
1.25
-1.75
1.
0.25
0.25
-0.25
-0.5
0.5
1.25
-1.5
0.5
1.25
0.5
-0.25
0.5
0.25
0.5
-0.25
-0.5
0.5
0.25
0.5
-0.5
1.25
1.25
-0.25
0.5
0.5
0.5
-0.5
0.
Initial guess
Vec Object: Solution 1 MPI processes
  type: seq
-1.5
-0.5
-0.5
0.5
-0.5
0.5
0.5
1.5
0.
0.
1.
1.
-1.
-1.
0.
0.
-1.
0.
0.
1.
-0.5
0.5
0.5
-0.5
-0.5
0.5
0.5
0.5
-0.5
0.
L_2 Error: 0.165008
Residual:
Vec Object: 1 MPI processes
  type: seq
0.
0.
0.
0.
0.
0.
0.
0.
0.
0.
0.
0.
0.
0.
0.
0.
0.
0.
0.
0.
0.
0.
0.
0.
0.
0.
0.
0.
0.
0.
0.
0.
0.
0.
0.
0.
0.
0.
0.
0.
0.
0.
0.
-0.0208333
0.
0.
0.
0.
0.
0.
0.
0.0208333
0.
0.
0.
0.
0.
0.
0.
0.
0.
0.
0.
0.
0.
0.
0.
0.
0.
0.
0.
0.
0.
0.
0.
0.
0.
0.
0.
0.
0.
0.
0.
0.0208333
0.
0.
0.
0.
0.
0.
0.
-0.0208333
0.
0.
0.
0.0208333
0.
0.
0.
0.
0.
0.
0.
-0.0208333
0.333333
0.333333
0.333333
0.
Initial Residual
Vec Object: Residual, Iterate 0 1 MPI processes
  type: seq
0.
0.
0.
0.
0.
0.
0.
0.
0.
0.
-0.0208333
0.
0.0208333
0.
0.
0.
0.
0.
0.
0.
0.0208333
0.
-0.0208333
0.0208333
0.
-0.0208333
0.333333
0.333333
0.333333
0.
L_2 Residual: 0.579601
Residual:
Vec Object: 1 MPI processes
  type: seq
0.
0.
0.
-0.0104167
0.
0.
0.
0.0104167
0.
0.
0.
0.0104167
0.
0.
0.
0.03125
0.
0.
0.
-0.03125
0.
0.
0.
-0.0104167
0.
0.
0.
-0.0104167
0.
0.
0.
0.0104167
0.
0.
0.
0.0208333
0.
0.
0.
0.
0.
0.
0.
0.
0.
0.
0.
0.
0.
0.
0.
0.
0.
0.
0.
0.
0.
0.
0.
-0.0208333
0.
0.
0.
0.
0.
0.
0.
0.
0.
0.
0.
0.0208333
0.
0.
0.
-0.0208333
0.
0.
0.
0.
0.
0.
0.
-0.0208333
0.
0.
0.
-0.0416667
0.
0.
0.
0.0208333
0.
0.
0.
-0.0208333
0.
0.
0.
0.0416667
0.
0.
0.
0.0208333
-1.91667
-1.91667
2.08333
0.
Au - b = Au + F(0)
Vec Object: Residual, Iterate 0 1 MPI processes
  type: seq
0.
0.
0.
0.
0.
0.
0.
0.
0.
0.
-0.0208333
0.
0.0208333
0.
0.
0.
0.
0.
0.
0.
0.0208333
0.
-0.0208333
0.0208333
0.
-0.0208333
0.333333
0.333333
0.333333
0.
Linear L_2 Residual: 0.579601
