Initial guess
Vec Object: Solution 2 MPI processes
  type: mpi
Process [0]
0.5
0.5
1.
Process [1]
-1.
-0.5
0.
-0.5
0.5
0.
0.
0.
L_2 Error: 0.157081
Residual:
Vec Object: 2 MPI processes
  type: mpi
Process [0]
0.
0.
-0.0208333
-1.
0.
-0.0208333
0.
0.
-0.0208333
0.
0.
-0.0208333
0.
0.
-0.0208333
0.
0.
-0.0208333
Process [1]
0.
0.
0.0208333
0.
0.
0.0208333
0.
0.
0.0208333
0.
0.
0.0208333
1.
0.
0.0208333
0.
0.
0.0208333
Initial Residual
Vec Object: Residual, Iterate 0 2 MPI processes
  type: mpi
Process [0]
-0.0208333
-0.0208333
-0.0208333
Process [1]
0.0208333
0.0208333
0.
0.0208333
0.
0.
0.
0.
L_2 Residual: 0.051031
Residual:
Vec Object: 2 MPI processes
  type: mpi
Process [0]
0.
0.
0.0208333
-2.125
-0.125
0.0625
0.
0.
0.0625
0.
0.
-0.0208333
0.
0.
0.0208333
0.
0.
-0.0208333
Process [1]
0.
0.
0.0208333
0.
0.
-0.0208333
0.
0.
0.0208333
0.
0.
-0.0625
-0.125
-0.125
-0.0625
0.
0.
-0.0208333
Au - b = Au + F(0)
Vec Object: Residual, Iterate 0 2 MPI processes
  type: mpi
Process [0]
-0.0208333
-0.0208333
-0.0208333
Process [1]
0.0208333
0.0208333
0.
0.0208333
0.
0.
0.
0.
Linear L_2 Residual: 0.051031
