SNES Object: 5 MPI processes
  type: newtonls
  maximum iterations=50, maximum function evaluations=10000
  tolerances: relative=1e-08, absolute=1e-50, solution=1e-08
  total number of linear solver iterations=12
  total number of function evaluations=2
  norm schedule ALWAYS
  SNESLineSearch Object: 5 MPI processes
    type: bt
      interpolation: cubic
      alpha=1.000000e-04
    maxstep=1.000000e+08, minlambda=1.000000e-12
    tolerances: relative=1.000000e-08, absolute=1.000000e-15, lambda=1.000000e-08
    maximum iterations=40
  KSP Object: 5 MPI processes
    type: gmres
      restart=30, using Classical (unmodified) Gram-Schmidt Orthogonalization with no iterative refinement
      happy breakdown tolerance 1e-30
    maximum iterations=10000, initial guess is zero
    tolerances:  relative=1e-09, absolute=1e-50, divergence=10000.
    left preconditioning
    using PRECONDITIONED norm type for convergence test
  PC Object: 5 MPI processes
    type: jacobi
    linear system matrix = precond matrix:
    Mat Object: 5 MPI processes
      type: mpiaij
      rows=23, cols=23
      total: nonzeros=237, allocated nonzeros=237
      total number of mallocs used during MatSetValues calls=0
        has attached null space
        not using I-node (on process 0) routines
L_2 Error: 1.02552 [0.10013, 1.02062]
