SNES Object: 1 MPI processes
  type: newtonls
  maximum iterations=50, maximum function evaluations=10000
  tolerances: relative=1e-08, absolute=1e-50, solution=1e-08
  total number of linear solver iterations=29
  total number of function evaluations=2
  norm schedule ALWAYS
  SNESLineSearch Object: 1 MPI processes
    type: bt
      interpolation: cubic
      alpha=1.000000e-04
    maxstep=1.000000e+08, minlambda=1.000000e-12
    tolerances: relative=1.000000e-08, absolute=1.000000e-15, lambda=1.000000e-08
    maximum iterations=40
  KSP Object: 1 MPI processes
    type: gmres
      restart=30, using Classical (unmodified) Gram-Schmidt Orthogonalization with no iterative refinement
      happy breakdown tolerance 1e-30
    maximum iterations=10000, initial guess is zero
    tolerances:  relative=1e-09, absolute=1e-50, divergence=10000.
    left preconditioning
    using PRECONDITIONED norm type for convergence test
  PC Object: 1 MPI processes
    type: jacobi
    linear system matrix = precond matrix:
    Mat Object: 1 MPI processes
      type: seqaij
      rows=63, cols=63
      total: nonzeros=1213, allocated nonzeros=1213
      total number of mallocs used during MatSetValues calls=0
        has attached null space
        using I-node routines: found 33 nodes, limit used is 5
L_2 Error: 3.32578e-11 [2.2647e-11, 2.43556e-11]
