SNES Object: 1 MPI processes
  type: newtonls
  maximum iterations=50, maximum function evaluations=10000
  tolerances: relative=1e-08, absolute=1e-50, solution=1e-08
  total number of linear solver iterations=36
  total number of function evaluations=3
  norm schedule ALWAYS
  SNESLineSearch Object: 1 MPI processes
    type: bt
      interpolation: cubic
      alpha=1.000000e-04
    maxstep=1.000000e+08, minlambda=1.000000e-12
    tolerances: relative=1.000000e-08, absolute=1.000000e-15, lambda=1.000000e-08
    maximum iterations=40
  KSP Object: 1 MPI processes
    type: fgmres
      restart=100, using Classical (unmodified) Gram-Schmidt Orthogonalization with no iterative refinement
      happy breakdown tolerance 1e-30
    maximum iterations=10000, initial guess is zero
    tolerances:  relative=0.0001, absolute=1e-50, divergence=10000.
    right preconditioning
    using UNPRECONDITIONED norm type for convergence test
  PC Object: 1 MPI processes
    type: fieldsplit
      FieldSplit with ADDITIVE composition: total splits = 2
      Solver info for each split is in the following KSP objects:
    Split number 0 Defined by IS
    KSP Object: (fieldsplit_velocity_) 1 MPI processes
      type: preonly
      maximum iterations=10000, initial guess is zero
      tolerances:  relative=1e-05, absolute=1e-50, divergence=10000.
      left preconditioning
      using NONE norm type for convergence test
    PC Object: (fieldsplit_velocity_) 1 MPI processes
      type: lu
        out-of-place factorization
        tolerance for zero pivot 2.22045e-14
        matrix ordering: nd
        factor fill ratio given 5., needed 3.45047
          Factored matrix follows:
            Mat Object: 1 MPI processes
              type: seqaij
              rows=962, cols=962, bs=2
              package used to perform factorization: petsc
              total: nonzeros=68692, allocated nonzeros=68692
                using I-node routines: found 456 nodes, limit used is 5
      linear system matrix = precond matrix:
      Mat Object: (fieldsplit_velocity_) 1 MPI processes
        type: seqaij
        rows=962, cols=962, bs=2
        total: nonzeros=19908, allocated nonzeros=19908
        total number of mallocs used during MatSetValues calls=0
          using I-node routines: found 481 nodes, limit used is 5
    Split number 1 Defined by IS
    KSP Object: (fieldsplit_pressure_) 1 MPI processes
      type: preonly
      maximum iterations=10000, initial guess is zero
      tolerances:  relative=1e-05, absolute=1e-50, divergence=10000.
      left preconditioning
      using NONE norm type for convergence test
    PC Object: (fieldsplit_pressure_) 1 MPI processes
      type: jacobi
      linear system matrix = precond matrix:
      Mat Object: (fieldsplit_pressure_) 1 MPI processes
        type: seqaij
        rows=145, cols=145
        total: nonzeros=945, allocated nonzeros=945
        total number of mallocs used during MatSetValues calls=0
          has attached null space
          not using I-node routines
    linear system matrix = precond matrix:
    Mat Object: 1 MPI processes
      type: seqaij
      rows=1107, cols=1107
      total: nonzeros=29785, allocated nonzeros=29785
      total number of mallocs used during MatSetValues calls=0
        has attached null space
        using I-node routines: found 513 nodes, limit used is 5
L_2 Error: 5.95658e-06 [1.88415e-07, 5.9536e-06]
