DM Object: Mesh 1 MPI process
  type: plex
Mesh in 2 dimensions:
  Number of 0-cells per rank: 81
  Number of 1-cells per rank: 208
  Number of 2-cells per rank: 128
Labels:
  celltype: 3 strata with value/size (1 (208), 3 (128), 0 (81))
  depth: 3 strata with value/size (0 (81), 1 (208), 2 (128))
  marker: 4 strata with value/size (4 (17), 1 (15), 2 (17), 3 (15))
  Face Sets: 4 strata with value/size (1 (14), 4 (14), 2 (14), 3 (14))
  markerBottom: 1 strata with value/size (1 (15))
  markerRight: 1 strata with value/size (1 (17))
  markerTop: 1 strata with value/size (1 (15))
  markerLeft: 1 strata with value/size (1 (17))
Integral of pressure: 0.
SNES Object: 1 MPI process
  type: newtonls
  maximum iterations=50, maximum function evaluations=10000
  tolerances: relative=1e-08, absolute=1e-50, solution=1e-08
  total number of linear solver iterations=4
  total number of function evaluations=3
  norm schedule ALWAYS
  SNESLineSearch Object: 1 MPI process
    type: bt
      interpolation: cubic
      alpha=1.000000e-04
    maxstep=1.000000e+08, minlambda=1.000000e-12
    tolerances: relative=1.000000e-08, absolute=1.000000e-15, lambda=1.000000e-08
    maximum iterations=40
  KSP Object: 1 MPI process
    type: gmres
      restart=30, using Classical (unmodified) Gram-Schmidt Orthogonalization with no iterative refinement
      happy breakdown tolerance 1e-30
    maximum iterations=10000, initial guess is zero
    tolerances:  relative=1e-12, absolute=1e-10, divergence=10000.
    left preconditioning
    using PRECONDITIONED norm type for convergence test
  PC Object: 1 MPI process
    type: fieldsplit
      FieldSplit with Schur preconditioner, factorization FULL
      Preconditioner for the Schur complement formed from A11
      Split info:
      Split number 0 Defined by IS
      Split number 1 Defined by IS
      KSP solver for A00 block
        KSP Object: (fieldsplit_velocity_) 1 MPI process
          type: gmres
            restart=30, using Classical (unmodified) Gram-Schmidt Orthogonalization with no iterative refinement
            happy breakdown tolerance 1e-30
          maximum iterations=10000, initial guess is zero
          tolerances:  relative=1e-05, absolute=1e-50, divergence=10000.
          left preconditioning
          using PRECONDITIONED norm type for convergence test
        PC Object: (fieldsplit_velocity_) 1 MPI process
          type: lu
            out-of-place factorization
            tolerance for zero pivot 2.22045e-14
            matrix ordering: nd
            factor fill ratio given 5., needed 2.52379
              Factored matrix follows:
                Mat Object: 1 MPI process
                  type: seqaij
                  rows=510, cols=510
                  package used to perform factorization: petsc
                  total: nonzeros=25884, allocated nonzeros=25884
                    using I-node routines: found 279 nodes, limit used is 5
          linear system matrix followed by preconditioner matrix:
          Mat Object: 1 MPI process
            type: seqaij
            rows=510, cols=510
            total: nonzeros=10256, allocated nonzeros=10256
            total number of mallocs used during MatSetValues calls=0
              using I-node routines: found 284 nodes, limit used is 5
          Mat Object: (fieldsplit_velocity_) 1 MPI process
            type: seqaij
            rows=510, cols=510
            total: nonzeros=10256, allocated nonzeros=10256
            total number of mallocs used during MatSetValues calls=0
              using I-node routines: found 284 nodes, limit used is 5
      KSP solver for S = A11 - A10 inv(A00) A01 
        KSP Object: (fieldsplit_pressure_) 1 MPI process
          type: gmres
            restart=30, using Classical (unmodified) Gram-Schmidt Orthogonalization with no iterative refinement
            happy breakdown tolerance 1e-30
          maximum iterations=10000, initial guess is zero
          tolerances:  relative=1e-05, absolute=1e-50, divergence=10000.
          left preconditioning
          using PRECONDITIONED norm type for convergence test
        PC Object: (fieldsplit_pressure_) 1 MPI process
          type: lu
            out-of-place factorization
            tolerance for zero pivot 2.22045e-14
            matrix ordering: nd
            factor fill ratio given 5., needed 2.54527
              Factored matrix follows:
                Mat Object: 1 MPI process
                  type: seqaij
                  rows=81, cols=81
                  package used to perform factorization: petsc
                  total: nonzeros=1265, allocated nonzeros=1265
                    not using I-node routines
          linear system matrix followed by preconditioner matrix:
          Mat Object: (fieldsplit_pressure_) 1 MPI process
            type: schurcomplement
            rows=81, cols=81
              has attached null space
              Schur complement A11 - A10 inv(A00) A01
              A11
                Mat Object: 1 MPI process
                  type: seqaij
                  rows=81, cols=81
                  total: nonzeros=497, allocated nonzeros=497
                  total number of mallocs used during MatSetValues calls=0
                    has attached null space
                    not using I-node routines
              A10
                Mat Object: 1 MPI process
                  type: seqaij
                  rows=81, cols=510
                  total: nonzeros=2330, allocated nonzeros=2330
                  total number of mallocs used during MatSetValues calls=0
                    not using I-node routines
              KSP of A00
                KSP Object: (fieldsplit_velocity_) 1 MPI process
                  type: gmres
                    restart=30, using Classical (unmodified) Gram-Schmidt Orthogonalization with no iterative refinement
                    happy breakdown tolerance 1e-30
                  maximum iterations=10000, initial guess is zero
                  tolerances:  relative=1e-05, absolute=1e-50, divergence=10000.
                  left preconditioning
                  using PRECONDITIONED norm type for convergence test
                PC Object: (fieldsplit_velocity_) 1 MPI process
                  type: lu
                    out-of-place factorization
                    tolerance for zero pivot 2.22045e-14
                    matrix ordering: nd
                    factor fill ratio given 5., needed 2.52379
                      Factored matrix follows:
                        Mat Object: 1 MPI process
                          type: seqaij
                          rows=510, cols=510
                          package used to perform factorization: petsc
                          total: nonzeros=25884, allocated nonzeros=25884
                            using I-node routines: found 279 nodes, limit used is 5
                  linear system matrix followed by preconditioner matrix:
                  Mat Object: 1 MPI process
                    type: seqaij
                    rows=510, cols=510
                    total: nonzeros=10256, allocated nonzeros=10256
                    total number of mallocs used during MatSetValues calls=0
                      using I-node routines: found 284 nodes, limit used is 5
                  Mat Object: (fieldsplit_velocity_) 1 MPI process
                    type: seqaij
                    rows=510, cols=510
                    total: nonzeros=10256, allocated nonzeros=10256
                    total number of mallocs used during MatSetValues calls=0
                      using I-node routines: found 284 nodes, limit used is 5
              A01
                Mat Object: 1 MPI process
                  type: seqaij
                  rows=510, cols=81
                  total: nonzeros=2330, allocated nonzeros=2330
                  total number of mallocs used during MatSetValues calls=0
                    using I-node routines: found 284 nodes, limit used is 5
          Mat Object: (fieldsplit_pressure_) 1 MPI process
            type: seqaij
            rows=81, cols=81
            total: nonzeros=497, allocated nonzeros=497
            total number of mallocs used during MatSetValues calls=0
              not using I-node routines
    linear system matrix followed by preconditioner matrix:
    Mat Object: 1 MPI process
      type: seqaij
      rows=591, cols=591
      total: nonzeros=15413, allocated nonzeros=15413
      total number of mallocs used during MatSetValues calls=0
        has attached null space
        using I-node routines: found 288 nodes, limit used is 5
    Mat Object: 1 MPI process
      type: seqaij
      rows=591, cols=591
      total: nonzeros=15413, allocated nonzeros=15413
      total number of mallocs used during MatSetValues calls=0
        using I-node routines: found 288 nodes, limit used is 5
Number of SNES iterations=4
L_2 Error: 0.00151 [9.32e-06, 0.00151]
Integral of pressure: 0.
