  0 SNES Function norm 319.647 
    0 KSP Residual norm 319.647 
    1 KSP Residual norm 0.00336364 
    2 KSP Residual norm 2.04437e-08 
  1 SNES Function norm 82.1815 
    0 KSP Residual norm 82.1815 
    1 KSP Residual norm 0.0060829 
    2 KSP Residual norm 1.82909e-09 
  2 SNES Function norm 7.70871 
    0 KSP Residual norm 7.70871 
    1 KSP Residual norm 0.00100773 
    2 KSP Residual norm 5.769e-10 
  3 SNES Function norm 0.224462 
    0 KSP Residual norm 0.224462 
    1 KSP Residual norm 3.23133e-05 
    2 KSP Residual norm 2.226e-11 
  4 SNES Function norm 0.000223009 
    0 KSP Residual norm 0.000223009 
    1 KSP Residual norm 3.19136e-08 
    2 KSP Residual norm < 1.e-11
  5 SNES Function norm 2.168e-10 
Nonlinear solve converged due to CONVERGED_FNORM_RELATIVE iterations 5
Number of SNES iterations =     5
