  0 SNES Function norm 0.294628
    0 KSP Residual norm 0.294628
    1 KSP Residual norm 0.0278529
    2 KSP Residual norm < 1.e-11
    Linear solve converged due to CONVERGED_RTOL iterations 2
  1 SNES Function norm 0.117858
    0 KSP Residual norm 0.117858
    1 KSP Residual norm 0.00218783
    2 KSP Residual norm < 1.e-11
    Linear solve converged due to CONVERGED_RTOL iterations 2
  2 SNES Function norm 0.0360603
    0 KSP Residual norm 0.0360603
    1 KSP Residual norm 0.000870849
    2 KSP Residual norm < 1.e-11
    Linear solve converged due to CONVERGED_RTOL iterations 2
  3 SNES Function norm 0.00191581
    0 KSP Residual norm 0.00191581
    1 KSP Residual norm 1.80959e-05
    2 KSP Residual norm < 1.e-11
    Linear solve converged due to CONVERGED_RTOL iterations 2
  4 SNES Function norm 1.49002e-05
    0 KSP Residual norm 1.49002e-05
    1 KSP Residual norm 2.71385e-07
    2 KSP Residual norm < 1.e-11
    Linear solve converged due to CONVERGED_RTOL iterations 2
  5 SNES Function norm 3.795e-10
  Nonlinear solve converged due to CONVERGED_FNORM_RELATIVE iterations 5
Number of SNES iterations = 5
