  0 KSP Residual norm 2.191833563229e-02 
    Residual norms for fieldsplit_face_ solve.
    0 KSP Residual norm 5.516563676889e+01 
    1 KSP Residual norm 5.488389375493e-01 
    2 KSP Residual norm 1.236880737169e-02 
    3 KSP Residual norm 1.252672050160e-04 
  1 KSP Residual norm 1.225368627962e-03 
    Residual norms for fieldsplit_face_ solve.
    0 KSP Residual norm 1.350871848031e+03 
    1 KSP Residual norm 2.484619696742e+01 
    2 KSP Residual norm 2.203546289897e-01 
    3 KSP Residual norm 3.488821391986e-03 
  2 KSP Residual norm 4.101899473191e-04 
    Residual norms for fieldsplit_face_ solve.
    0 KSP Residual norm 5.522461371416e+02 
    1 KSP Residual norm 2.824743439581e+01 
    2 KSP Residual norm 1.856033132528e-01 
    3 KSP Residual norm 3.013693060687e-03 
  3 KSP Residual norm 2.267733139422e-04 
    Residual norms for fieldsplit_face_ solve.
    0 KSP Residual norm 4.711546001990e+02 
    1 KSP Residual norm 2.323566102942e+01 
    2 KSP Residual norm 4.432064918456e-01 
    3 KSP Residual norm 3.381319029956e-03 
  4 KSP Residual norm 9.998396332704e-05 
    Residual norms for fieldsplit_face_ solve.
    0 KSP Residual norm 3.070417262010e+02 
    1 KSP Residual norm 4.348736456942e+00 
    2 KSP Residual norm 1.548613702034e-01 
    3 KSP Residual norm 6.521879199011e-03 
    4 KSP Residual norm 1.076763302696e-04 
  5 KSP Residual norm 3.006163389377e-05 
    Residual norms for fieldsplit_face_ solve.
    0 KSP Residual norm 3.286860691216e+02 
    1 KSP Residual norm 1.180082746629e+01 
    2 KSP Residual norm 2.995117187356e-01 
    3 KSP Residual norm 1.664029661879e-02 
    4 KSP Residual norm 1.518029735615e-04 
  6 KSP Residual norm 1.065419723881e-05 
    Residual norms for fieldsplit_face_ solve.
    0 KSP Residual norm 2.613156960786e+02 
    1 KSP Residual norm 1.351048166781e+01 
    2 KSP Residual norm 2.212780976448e-01 
    3 KSP Residual norm 2.844369625526e-03 
    4 KSP Residual norm 5.070057202854e-05 
  7 KSP Residual norm 3.841669562210e-06 
    Residual norms for fieldsplit_face_ solve.
    0 KSP Residual norm 2.618107268072e+02 
    1 KSP Residual norm 9.861924170200e+00 
    2 KSP Residual norm 2.462562632162e-01 
    3 KSP Residual norm 9.084856305830e-03 
    4 KSP Residual norm 1.633708240645e-04 
  8 KSP Residual norm 8.825864378965e-07 
    Residual norms for fieldsplit_face_ solve.
    0 KSP Residual norm 1.834151443603e+02 
    1 KSP Residual norm 6.133490028646e+00 
    2 KSP Residual norm 2.585428771402e-01 
    3 KSP Residual norm 7.293544244160e-03 
    4 KSP Residual norm 8.557308662075e-05 
  9 KSP Residual norm 3.271591668531e-07 
    Residual norms for fieldsplit_face_ solve.
    0 KSP Residual norm 2.379574182410e+02 
    1 KSP Residual norm 5.520862554414e+00 
    2 KSP Residual norm 1.454483469360e-01 
    3 KSP Residual norm 2.900707681699e-03 
    4 KSP Residual norm 3.366444396387e-05 
 10 KSP Residual norm 1.237293517241e-07 
Linear solve converged due to CONVERGED_RTOL iterations 10
