iter = 0, Function value: 0.467657,  Residual: 0.28572   Constraint: 0.166495 
iter = 0, Function value: 0.467699,  Residual: 0.285699   Constraint: 5.13961e-06 
iter = 1, Function value: 0.39161,  Residual: 0.247891   Constraint: 0.131863 
iter = 1, Function value: 0.391507,  Residual: 0.247946   Constraint: 1.48242e-05 
iter = 2, Function value: 0.0863847,  Residual: 1.57195   Constraint: 9.83692 
iter = 2, Function value: 0.0799568,  Residual: 0.0857288   Constraint: 0.000836973 
iter = 3, Function value: 0.0561362,  Residual: 0.165495   Constraint: 1.0508 
iter = 3, Function value: 0.0556379,  Residual: 0.0526064   Constraint: 0.000114612 
iter = 4, Function value: 0.0451642,  Residual: 0.0680562   Constraint: 0.377578 
iter = 4, Function value: 0.0450958,  Residual: 0.0255641   Constraint: 3.51439e-05 
iter = 5, Function value: 0.0414255,  Residual: 0.024794   Constraint: 0.0687752 
iter = 5, Function value: 0.0414236,  Residual: 0.0205111   Constraint: 4.59676e-06 
iter = 6, Function value: 0.0358624,  Residual: 0.113938   Constraint: 0.494012 
iter = 6, Function value: 0.0358937,  Residual: 0.0144312   Constraint: 3.79446e-05 
iter = 7, Function value: 0.03542,  Residual: 0.0506517   Constraint: 0.204966 
iter = 7, Function value: 0.0353999,  Residual: 0.021981   Constraint: 2.1627e-05 
iter = 8, Function value: 0.0338488,  Residual: 0.00818771   Constraint: 0.032738 
iter = 8, Function value: 0.0338478,  Residual: 0.00646936   Constraint: 1.58434e-06 
iter = 9, Function value: 0.0335231,  Residual: 0.00370996   Constraint: 0.00667718 
iter = 9, Function value: 0.0335228,  Residual: 0.00343735   Constraint: 6.1952e-07 
iter = 10, Function value: 0.0333078,  Residual: 0.0041265   Constraint: 0.0139752 
iter = 10, Function value: 0.033309,  Residual: 0.00291041   Constraint: 1.45618e-06 
iter = 11, Function value: 0.0332466,  Residual: 0.00430017   Constraint: 0.00333634 
KSP Iterations = 677
KSP iterations within initialization: 27
TAO failed to converge.
