iter = 0, Function value: 0.467699,  Residual: 0.285674   Constraint: 3.1228e-06 
iter = 0, Function value: 0.467699,  Residual: 0.285674   Constraint: 3.82189e-13 
iter = 1, Function value: 0.391605,  Residual: 0.247887   Constraint: 0.131778 
iter = 1, Function value: 0.391507,  Residual: 0.247943   Constraint: 1.27855e-09 
iter = 2, Function value: 0.086402,  Residual: 1.57419   Constraint: 9.8356 
iter = 2, Function value: 0.0799892,  Residual: 0.0857819   Constraint: 9.45413e-08 
iter = 3, Function value: 0.0561438,  Residual: 0.165894   Constraint: 1.05179 
iter = 3, Function value: 0.055649,  Residual: 0.0526273   Constraint: 1.10461e-08 
iter = 4, Function value: 0.0451692,  Residual: 0.0681098   Constraint: 0.377406 
iter = 4, Function value: 0.0451012,  Residual: 0.0255617   Constraint: 4.08323e-09 
iter = 5, Function value: 0.0414305,  Residual: 0.024822   Constraint: 0.0689215 
iter = 5, Function value: 0.0414258,  Residual: 0.0205151   Constraint: 5.16714e-10 
iter = 6, Function value: 0.0358622,  Residual: 0.113722   Constraint: 0.493087 
iter = 6, Function value: 0.0358989,  Residual: 0.0144465   Constraint: 2.8801e-09 
iter = 7, Function value: 0.0354204,  Residual: 0.0507006   Constraint: 0.204901 
iter = 7, Function value: 0.0353996,  Residual: 0.0219711   Constraint: 1.80834e-09 
iter = 8, Function value: 0.0338495,  Residual: 0.00817277   Constraint: 0.0326305 
iter = 8, Function value: 0.0338492,  Residual: 0.00647629   Constraint: 3.67999e-10 
iter = 9, Function value: 0.0335234,  Residual: 0.00371589   Constraint: 0.00671089 
iter = 9, Function value: 0.0335233,  Residual: 0.00344026   Constraint: 3.09282e-11 
iter = 10, Function value: 0.0333092,  Residual: 0.00413249   Constraint: 0.0139817 
iter = 10, Function value: 0.0333093,  Residual: 0.0029151   Constraint: 1.15138e-10 
iter = 11, Function value: 0.0332472,  Residual: 0.00430169   Constraint: 0.00330794 
iter = 11, Function value: 0.0332476,  Residual: 0.00423544   Constraint: 3.00849e-11 
iter = 12, Function value: 0.0331786,  Residual: 0.00200217   Constraint: 0.00496571 
iter = 12, Function value: 0.0331788,  Residual: 0.00172358   Constraint: 4.43369e-11 
iter = 13, Function value: 0.033152,  Residual: 0.00118961   Constraint: 0.000890238 
iter = 13, Function value: 0.033152,  Residual: 0.00116509   Constraint: 9.08027e-12 
iter = 14, Function value: 0.0331292,  Residual: 0.00118582   Constraint: 0.00236569 
iter = 14, Function value: 0.0331293,  Residual: 0.000999862   Constraint: 2.63004e-11 
iter = 15, Function value: 0.0331242,  Residual: 0.000716254   Constraint: 0.000314087 
iter = 15, Function value: 0.0331242,  Residual: 0.000708964   Constraint: 1.20302e-12 
iter = 16, Function value: 0.0331216,  Residual: 0.000336112   Constraint: 6.85172e-05 
iter = 16, Function value: 0.0331216,  Residual: 0.000335305   Constraint: 3.74058e-13 
iter = 17, Function value: 0.0331203,  Residual: 0.0001945   Constraint: 6.07894e-05 
iter = 17, Function value: 0.0331203,  Residual: 0.000193227   Constraint: 4.2469e-13 
iter = 18, Function value: 0.0331198,  Residual: 0.000136747   Constraint: 2.61904e-05 
iter = 18, Function value: 0.0331198,  Residual: 0.000136431   Constraint: 3.80436e-13 
iter = 19, Function value: 0.0331197,  Residual: 0.000208016   Constraint: 2.27953e-05 
iter = 19, Function value: 0.0331197,  Residual: 0.00020794   Constraint: 3.63014e-13 
iter = 20, Function value: 0.0331195,  Residual: 0.000127153   Constraint: 3.01241e-06 
iter = 20, Function value: 0.0331195,  Residual: 0.000127212   Constraint: 3.5141e-13 
iter = 21, Function value: 0.0331195,  Residual: 4.36052e-05   Constraint: 5.59859e-07 
iter = 21, Function value: 0.0331195,  Residual: 4.36052e-05   Constraint: 5.59859e-07 
iter = 22, Function value: 0.0331195,  Residual: 3.49211e-05   Constraint: 6.37639e-07 
iter = 22, Function value: 0.0331195,  Residual: 3.4924e-05   Constraint: 3.59873e-13 
iter = 23, Function value: 0.0331195,  Residual: 2.62947e-05   Constraint: 1.54261e-06 
iter = 23, Function value: 0.0331195,  Residual: 2.62918e-05   Constraint: 1.39689e-06 
iter = 24, Function value: 0.0331195,  Residual: 2.62752e-05   Constraint: 1.93467e-06 
iter = 24, Function value: 0.0331195,  Residual: 2.62682e-05   Constraint: 1.10031e-06 
iter = 25, Function value: 0.0331195,  Residual: 2.3631e-05   Constraint: 1.20414e-06 
iter = 25, Function value: 0.0331195,  Residual: 2.36024e-05   Constraint: 3.66137e-13 
iter = 26, Function value: 0.0331194,  Residual: 5.90639e-06   Constraint: 5.83175e-08 
iter = 26, Function value: 0.0331194,  Residual: 5.90639e-06   Constraint: 5.83175e-08 
iter = 27, Function value: 0.0331194,  Residual: 4.18039e-06   Constraint: 5.88802e-08 
iter = 27, Function value: 0.0331194,  Residual: 4.18039e-06   Constraint: 5.88802e-08 
iter = 28, Function value: 0.0331194,  Residual: 8.53834e-06   Constraint: 7.28119e-08 
iter = 28, Function value: 0.0331194,  Residual: 8.53887e-06   Constraint: 3.90034e-13 
iter = 29, Function value: 0.0331194,  Residual: 7.03086e-06   Constraint: 8.72231e-09 
iter = 29, Function value: 0.0331194,  Residual: 7.03564e-06   Constraint: 8.71225e-09 
iter = 30, Function value: 0.0331194,  Residual: 2.06226e-06   Constraint: 7.11498e-09 
iter = 30, Function value: 0.0331194,  Residual: 2.06047e-06   Constraint: 3.52497e-13 
iter = 31, Function value: 0.0331194,  Residual: 1.4561e-06   Constraint: 1.61506e-10 
iter = 31, Function value: 0.0331194,  Residual: 1.45606e-06   Constraint: 3.83398e-13 
iter = 32, Function value: 0.0331194,  Residual: 1.33095e-06   Constraint: 2.69142e-09 
iter = 32, Function value: 0.0331194,  Residual: 1.32602e-06   Constraint: 3.78697e-13 
iter = 33, Function value: 0.0331194,  Residual: 8.03771e-07   Constraint: 1.11209e-09 
iter = 33, Function value: 0.0331194,  Residual: 8.02249e-07   Constraint: 3.47332e-13 
iter = 34, Function value: 0.0331194,  Residual: 8.96714e-07   Constraint: 1.33856e-09 
iter = 34, Function value: 0.0331194,  Residual: 8.91919e-07   Constraint: 3.48607e-13 
iter = 35, Function value: 0.0331194,  Residual: 2.74398e-07   Constraint: 7.26062e-11 
iter = 35, Function value: 0.0331194,  Residual: 2.74185e-07   Constraint: 3.67545e-13 
iter = 36, Function value: 0.0331194,  Residual: 2.02649e-07   Constraint: 1.46087e-11 
iter = 36, Function value: 0.0331194,  Residual: 2.02628e-07   Constraint: 3.44136e-13 
iter = 37, Function value: 0.0331194,  Residual: 1.57407e-07   Constraint: 6.07728e-11 
iter = 37, Function value: 0.0331194,  Residual: 1.56832e-07   Constraint: 3.6411e-13 
iter = 38, Function value: 0.0331194,  Residual: 1.34744e-07   Constraint: 6.99275e-12 
iter = 38, Function value: 0.0331194,  Residual: 1.3471e-07   Constraint: 3.4905e-13 
iter = 39, Function value: 0.0331194,  Residual: 8.23606e-08   Constraint: 7.35809e-12 
iter = 39, Function value: 0.0331194,  Residual: 8.23496e-08   Constraint: 3.73572e-13 
iter = 40, Function value: 0.0331194,  Residual: 1.02672e-07   Constraint: 3.30197e-12 
iter = 40, Function value: 0.0331194,  Residual: 1.02663e-07   Constraint: 3.47686e-13 
iter = 41, Function value: 0.0331194,  Residual: 2.92676e-08   Constraint: 7.55617e-13 
iter = 41, Function value: 0.0331194,  Residual: 2.92676e-08   Constraint: 3.56292e-13 
iter = 42, Function value: 0.0331194,  Residual: 2.11765e-08   Constraint: 5.25288e-13 
iter = 42, Function value: 0.0331194,  Residual: 2.11683e-08   Constraint: 4.35456e-13 
iter = 43, Function value: 0.0331194,  Residual: 1.52521e-08   Constraint: 7.2827e-13 
iter = 43, Function value: 0.0331194,  Residual: 1.52352e-08   Constraint: 3.37213e-13 
iter = 44, Function value: 0.0331194,  Residual: 2.26436e-08   Constraint: 7.52369e-13 
iter = 44, Function value: 0.0331194,  Residual: 2.26094e-08   Constraint: 3.35279e-13 
iter = 45, Function value: 0.0331194,  Residual: 1.83822e-08   Constraint: 5.33972e-13 
iter = 45, Function value: 0.0331194,  Residual: 1.83684e-08   Constraint: 3.34884e-13 
iter = 46, Function value: 0.0331194,  Residual: 3.53841e-09   Constraint: 4.98596e-13 
KSP Iterations = 4462
KSP iterations within initialization: 37
Optimization terminated with status 3.
