Initial L_2 Error: 0.614212
  0 SNES Function norm 6.566205633668e+00
  1 SNES Function norm 1.764394684149e+00
  2 SNES Function norm 3.351110625077e-02
  3 SNES Function norm 1.173402139488e-03
  4 SNES Function norm 5.161546063503e-06
  5 SNES Function norm 2.526984808815e-08
Final L_2 Error: 7.31511e-08
Vec Object: solution 1 MPI processes
  type: seq
0.5
1.
-1.16664e-09
0.125
-1.40622e-09
0.625
-5.33946e-10
0.3125
-1.27192e-09
0.3125
-1.27192e-09
0.625
-5.33946e-10
0.8125
-4.20297e-10
1.125
-1.43786e-10
0.8125
-4.20297e-10
