Linear laplace_ solve converged due to CONVERGED_ATOL iterations 0
Linear laplace_ solve converged due to CONVERGED_RTOL iterations 4
  0 TAO,  Function value: 0.000316722,  Residual: 0.000156891 
Linear laplace_ solve converged due to CONVERGED_RTOL iterations 1
Linear laplace_ solve converged due to CONVERGED_RTOL iterations 0
Linear laplace_ solve converged due to CONVERGED_RTOL iterations 0
Linear laplace_ solve converged due to CONVERGED_RTOL iterations 0
Linear laplace_ solve converged due to CONVERGED_RTOL iterations 0
Linear laplace_ solve converged due to CONVERGED_RTOL iterations 0
Linear laplace_ solve converged due to CONVERGED_RTOL iterations 0
Linear laplace_ solve converged due to CONVERGED_RTOL iterations 0
  1 TAO,  Function value: 0.000195676,  Residual: 6.16997e-05 
Linear laplace_ solve converged due to CONVERGED_RTOL iterations 2
Linear laplace_ solve converged due to CONVERGED_RTOL iterations 2
  2 TAO,  Function value: 1.05264e-06,  Residual: 2.96142e-06 
Linear laplace_ solve converged due to CONVERGED_RTOL iterations 1
Linear laplace_ solve converged due to CONVERGED_RTOL iterations 1
  3 TAO,  Function value: 5.8844e-07,  Residual: 1.8729e-06 
Linear laplace_ solve converged due to CONVERGED_RTOL iterations 2
Linear laplace_ solve converged due to CONVERGED_RTOL iterations 2
  4 TAO,  Function value: 2.44148e-07,  Residual: 1.33761e-07 
TAO solve converged due to CONVERGED_GATOL iterations 4
