PetscQuadrature Object: Test quadrature 1 MPI processes
  type not yet set
Quadrature on 4 points
  (-0.642883
, -0.689898
) 0.636083
-0.849938
, 0.289898
) 0.363917
0.33278
, -0.689898
) 0.636083
-0.43996
, 0.289898
) 0.363917
IS Object: FE Test Cells 1 MPI processes
  type: general
Number of indices in set 2
0 12
1 1
B:
 0:   9.8765e-01   9.8765e-01   9.8765e-01
 3:   9.8765e-01   9.8765e-02   9.8765e-02
 6:   9.8765e-02   9.8765e-02
D:
 0:   0.0000e+00   0.0000e+00   0.0000e+00
 3:   0.0000e+00   0.0000e+00   0.0000e+00
 6:   0.0000e+00   0.0000e+00   0.0000e+00
 9:   0.0000e+00   0.0000e+00   0.0000e+00
12:   0.0000e+00   0.0000e+00   0.0000e+00
15:   0.0000e+00
H:
 0:   0.0000e+00   0.0000e+00   0.0000e+00
 3:   0.0000e+00   0.0000e+00   0.0000e+00
 6:   0.0000e+00   0.0000e+00   0.0000e+00
 9:   0.0000e+00   0.0000e+00   0.0000e+00
12:   0.0000e+00   0.0000e+00   0.0000e+00
15:   0.0000e+00   0.0000e+00   0.0000e+00
18:   0.0000e+00   0.0000e+00   0.0000e+00
21:   0.0000e+00   0.0000e+00   0.0000e+00
24:   0.0000e+00   0.0000e+00   0.0000e+00
27:   0.0000e+00   0.0000e+00   0.0000e+00
30:   0.0000e+00   0.0000e+00
rB:
 0:   9.8765e-01   9.8765e-01   9.8765e-01   9.8765e-01   9.8765e-02
 5:   9.8765e-02   9.8765e-02   9.8765e-02
rD:
 0:   0.0000e+00   0.0000e+00   0.0000e+00   0.0000e+00   0.0000e+00
 5:   0.0000e+00   0.0000e+00   0.0000e+00   0.0000e+00   0.0000e+00
10:   0.0000e+00   0.0000e+00   0.0000e+00   0.0000e+00   0.0000e+00
15:   0.0000e+00
rH:
 0:   0.0000e+00   0.0000e+00   0.0000e+00   0.0000e+00   0.0000e+00
 5:   0.0000e+00   0.0000e+00   0.0000e+00   0.0000e+00   0.0000e+00
10:   0.0000e+00   0.0000e+00   0.0000e+00   0.0000e+00   0.0000e+00
15:   0.0000e+00   0.0000e+00   0.0000e+00   0.0000e+00   0.0000e+00
20:   0.0000e+00   0.0000e+00   0.0000e+00   0.0000e+00   0.0000e+00
25:   0.0000e+00   0.0000e+00   0.0000e+00   0.0000e+00   0.0000e+00
30:   0.0000e+00   0.0000e+00
