tensor_triangular_prism orientation -6
\documentclass[tikz]{standalone}

\usepackage{pgflibraryshapes}
\usetikzlibrary{backgrounds}
\usetikzlibrary{arrows}
\begin{document}
\begin{tikzpicture}[scale = 1.,font=\fontsize{8}{8}\selectfont]
\path (2.,2.,2.) node(3_0) [draw,shape=circle,color=gray] {3};
\path (-2.,2.,2.) node(4_0) [draw,shape=circle,color=gray] {4};
\path (-2.,2.,-2.) node(5_0) [draw,shape=circle,color=gray] {5};
\path (2.,-2.,2.) node(6_0) [draw,shape=circle,color=gray] {6};
\path (-2.,-2.,2.) node(7_0) [draw,shape=circle,color=gray] {7};
\path (-2.,-2.,-2.) node(8_0) [draw,shape=circle,color=gray] {8};
\path (-0.666667,2.,0.666667) node(9_0) [draw,shape=circle,color=gray] {9};
\path (-0.666667,-2.,0.666667) node(10_0) [draw,shape=circle,color=gray] {10};
\path (0.,2.,2.) node(11_0) [draw,shape=circle,color=gray] {11};
\path (-2.,2.,-0.) node(12_0) [draw,shape=circle,color=gray] {12};
\path (0.,2.,-0.) node(13_0) [draw,shape=circle,color=gray] {13};
\path (0.,-2.,2.) node(14_0) [draw,shape=circle,color=gray] {14};
\path (-2.,-2.,-0.) node(15_0) [draw,shape=circle,color=gray] {15};
\path (0.,-2.,-0.) node(16_0) [draw,shape=circle,color=gray] {16};
\draw[color=gray] (10_0) -- (9_0);
\draw[color=gray] (11_0) -- (9_0);
\draw[color=gray] (12_0) -- (9_0);
\draw[color=gray] (13_0) -- (9_0);
\draw[color=gray] (14_0) -- (10_0);
\draw[color=gray] (15_0) -- (10_0);
\draw[color=gray] (16_0) -- (10_0);
\draw[color=gray] (11_0) -- (14_0);
\draw[color=gray] (12_0) -- (15_0);
\draw[color=gray] (13_0) -- (16_0);
\draw[color=gray] (3_0) -- (11_0);
\draw[color=gray] (11_0) -- (4_0);
\draw[color=gray] (4_0) -- (12_0);
\draw[color=gray] (12_0) -- (5_0);
\draw[color=gray] (5_0) -- (13_0);
\draw[color=gray] (13_0) -- (3_0);
\draw[color=gray] (6_0) -- (14_0);
\draw[color=gray] (14_0) -- (7_0);
\draw[color=gray] (7_0) -- (15_0);
\draw[color=gray] (15_0) -- (8_0);
\draw[color=gray] (8_0) -- (16_0);
\draw[color=gray] (16_0) -- (6_0);
\draw[color=gray] (3_0) -- (6_0);
\draw[color=gray] (4_0) -- (7_0);
\draw[color=gray] (5_0) -- (8_0);
\path (-1.16667,0.,1.16667) node(0_0) [] {};
\path (0.333333,0.,1.16667) node(1_0) [] {};
\path (-1.16667,0.,-0.333333) node(2_0) [] {};
\end{tikzpicture}
\end{document}
tensor_triangular_prism orientation -5
\documentclass[tikz]{standalone}

\usepackage{pgflibraryshapes}
\usetikzlibrary{backgrounds}
\usetikzlibrary{arrows}
\begin{document}
\begin{tikzpicture}[scale = 1.,font=\fontsize{8}{8}\selectfont]
\path (-2.,2.,2.) node(3_0) [draw,shape=circle,color=gray] {3};
\path (-2.,2.,-2.) node(4_0) [draw,shape=circle,color=gray] {4};
\path (2.,2.,2.) node(5_0) [draw,shape=circle,color=gray] {5};
\path (-2.,-2.,2.) node(6_0) [draw,shape=circle,color=gray] {6};
\path (-2.,-2.,-2.) node(7_0) [draw,shape=circle,color=gray] {7};
\path (2.,-2.,2.) node(8_0) [draw,shape=circle,color=gray] {8};
\path (-0.666667,2.,0.666667) node(9_0) [draw,shape=circle,color=gray] {9};
\path (-0.666667,-2.,0.666667) node(10_0) [draw,shape=circle,color=gray] {10};
\path (-2.,2.,-0.) node(11_0) [draw,shape=circle,color=gray] {11};
\path (0.,2.,-0.) node(12_0) [draw,shape=circle,color=gray] {12};
\path (0.,2.,2.) node(13_0) [draw,shape=circle,color=gray] {13};
\path (-2.,-2.,-0.) node(14_0) [draw,shape=circle,color=gray] {14};
\path (0.,-2.,-0.) node(15_0) [draw,shape=circle,color=gray] {15};
\path (0.,-2.,2.) node(16_0) [draw,shape=circle,color=gray] {16};
\draw[color=gray] (10_0) -- (9_0);
\draw[color=gray] (11_0) -- (9_0);
\draw[color=gray] (12_0) -- (9_0);
\draw[color=gray] (13_0) -- (9_0);
\draw[color=gray] (14_0) -- (10_0);
\draw[color=gray] (15_0) -- (10_0);
\draw[color=gray] (16_0) -- (10_0);
\draw[color=gray] (11_0) -- (14_0);
\draw[color=gray] (12_0) -- (15_0);
\draw[color=gray] (13_0) -- (16_0);
\draw[color=gray] (3_0) -- (11_0);
\draw[color=gray] (11_0) -- (4_0);
\draw[color=gray] (4_0) -- (12_0);
\draw[color=gray] (12_0) -- (5_0);
\draw[color=gray] (5_0) -- (13_0);
\draw[color=gray] (13_0) -- (3_0);
\draw[color=gray] (6_0) -- (14_0);
\draw[color=gray] (14_0) -- (7_0);
\draw[color=gray] (7_0) -- (15_0);
\draw[color=gray] (15_0) -- (8_0);
\draw[color=gray] (8_0) -- (16_0);
\draw[color=gray] (16_0) -- (6_0);
\draw[color=gray] (3_0) -- (6_0);
\draw[color=gray] (4_0) -- (7_0);
\draw[color=gray] (5_0) -- (8_0);
\path (-1.16667,0.,1.16667) node(0_0) [] {};
\path (0.333333,0.,1.16667) node(1_0) [] {};
\path (-1.16667,0.,-0.333333) node(2_0) [] {};
\end{tikzpicture}
\end{document}
tensor_triangular_prism orientation -4
\documentclass[tikz]{standalone}

\usepackage{pgflibraryshapes}
\usetikzlibrary{backgrounds}
\usetikzlibrary{arrows}
\begin{document}
\begin{tikzpicture}[scale = 1.,font=\fontsize{8}{8}\selectfont]
\path (-2.,2.,-2.) node(3_0) [draw,shape=circle,color=gray] {3};
\path (2.,2.,2.) node(4_0) [draw,shape=circle,color=gray] {4};
\path (-2.,2.,2.) node(5_0) [draw,shape=circle,color=gray] {5};
\path (-2.,-2.,-2.) node(6_0) [draw,shape=circle,color=gray] {6};
\path (2.,-2.,2.) node(7_0) [draw,shape=circle,color=gray] {7};
\path (-2.,-2.,2.) node(8_0) [draw,shape=circle,color=gray] {8};
\path (-0.666667,2.,0.666667) node(9_0) [draw,shape=circle,color=gray] {9};
\path (-0.666667,-2.,0.666667) node(10_0) [draw,shape=circle,color=gray] {10};
\path (0.,2.,-0.) node(11_0) [draw,shape=circle,color=gray] {11};
\path (0.,2.,2.) node(12_0) [draw,shape=circle,color=gray] {12};
\path (-2.,2.,-0.) node(13_0) [draw,shape=circle,color=gray] {13};
\path (0.,-2.,-0.) node(14_0) [draw,shape=circle,color=gray] {14};
\path (0.,-2.,2.) node(15_0) [draw,shape=circle,color=gray] {15};
\path (-2.,-2.,-0.) node(16_0) [draw,shape=circle,color=gray] {16};
\draw[color=gray] (10_0) -- (9_0);
\draw[color=gray] (11_0) -- (9_0);
\draw[color=gray] (12_0) -- (9_0);
\draw[color=gray] (13_0) -- (9_0);
\draw[color=gray] (14_0) -- (10_0);
\draw[color=gray] (15_0) -- (10_0);
\draw[color=gray] (16_0) -- (10_0);
\draw[color=gray] (11_0) -- (14_0);
\draw[color=gray] (12_0) -- (15_0);
\draw[color=gray] (13_0) -- (16_0);
\draw[color=gray] (3_0) -- (11_0);
\draw[color=gray] (11_0) -- (4_0);
\draw[color=gray] (4_0) -- (12_0);
\draw[color=gray] (12_0) -- (5_0);
\draw[color=gray] (5_0) -- (13_0);
\draw[color=gray] (13_0) -- (3_0);
\draw[color=gray] (6_0) -- (14_0);
\draw[color=gray] (14_0) -- (7_0);
\draw[color=gray] (7_0) -- (15_0);
\draw[color=gray] (15_0) -- (8_0);
\draw[color=gray] (8_0) -- (16_0);
\draw[color=gray] (16_0) -- (6_0);
\draw[color=gray] (3_0) -- (6_0);
\draw[color=gray] (4_0) -- (7_0);
\draw[color=gray] (5_0) -- (8_0);
\path (-1.16667,0.,1.16667) node(0_0) [] {};
\path (0.333333,0.,1.16667) node(1_0) [] {};
\path (-1.16667,0.,-0.333333) node(2_0) [] {};
\end{tikzpicture}
\end{document}
tensor_triangular_prism orientation -3
\documentclass[tikz]{standalone}

\usepackage{pgflibraryshapes}
\usetikzlibrary{backgrounds}
\usetikzlibrary{arrows}
\begin{document}
\begin{tikzpicture}[scale = 1.,font=\fontsize{8}{8}\selectfont]
\path (2.,-2.,2.) node(3_0) [draw,shape=circle,color=gray] {3};
\path (-2.,-2.,2.) node(4_0) [draw,shape=circle,color=gray] {4};
\path (-2.,-2.,-2.) node(5_0) [draw,shape=circle,color=gray] {5};
\path (2.,2.,2.) node(6_0) [draw,shape=circle,color=gray] {6};
\path (-2.,2.,2.) node(7_0) [draw,shape=circle,color=gray] {7};
\path (-2.,2.,-2.) node(8_0) [draw,shape=circle,color=gray] {8};
\path (-0.666667,-2.,0.666667) node(9_0) [draw,shape=circle,color=gray] {9};
\path (-0.666667,2.,0.666667) node(10_0) [draw,shape=circle,color=gray] {10};
\path (0.,-2.,2.) node(11_0) [draw,shape=circle,color=gray] {11};
\path (-2.,-2.,-0.) node(12_0) [draw,shape=circle,color=gray] {12};
\path (0.,-2.,-0.) node(13_0) [draw,shape=circle,color=gray] {13};
\path (0.,2.,2.) node(14_0) [draw,shape=circle,color=gray] {14};
\path (-2.,2.,-0.) node(15_0) [draw,shape=circle,color=gray] {15};
\path (0.,2.,-0.) node(16_0) [draw,shape=circle,color=gray] {16};
\draw[color=gray] (9_0) -- (10_0);
\draw[color=gray] (11_0) -- (9_0);
\draw[color=gray] (12_0) -- (9_0);
\draw[color=gray] (13_0) -- (9_0);
\draw[color=gray] (14_0) -- (10_0);
\draw[color=gray] (15_0) -- (10_0);
\draw[color=gray] (16_0) -- (10_0);
\draw[color=gray] (11_0) -- (14_0);
\draw[color=gray] (12_0) -- (15_0);
\draw[color=gray] (13_0) -- (16_0);
\draw[color=gray] (3_0) -- (11_0);
\draw[color=gray] (11_0) -- (4_0);
\draw[color=gray] (4_0) -- (12_0);
\draw[color=gray] (12_0) -- (5_0);
\draw[color=gray] (5_0) -- (13_0);
\draw[color=gray] (13_0) -- (3_0);
\draw[color=gray] (6_0) -- (14_0);
\draw[color=gray] (14_0) -- (7_0);
\draw[color=gray] (7_0) -- (15_0);
\draw[color=gray] (15_0) -- (8_0);
\draw[color=gray] (8_0) -- (16_0);
\draw[color=gray] (16_0) -- (6_0);
\draw[color=gray] (3_0) -- (6_0);
\draw[color=gray] (4_0) -- (7_0);
\draw[color=gray] (5_0) -- (8_0);
\path (-1.16667,0.,1.16667) node(0_0) [] {};
\path (0.333333,0.,1.16667) node(1_0) [] {};
\path (-1.16667,0.,-0.333333) node(2_0) [] {};
\end{tikzpicture}
\end{document}
tensor_triangular_prism orientation -2
\documentclass[tikz]{standalone}

\usepackage{pgflibraryshapes}
\usetikzlibrary{backgrounds}
\usetikzlibrary{arrows}
\begin{document}
\begin{tikzpicture}[scale = 1.,font=\fontsize{8}{8}\selectfont]
\path (-2.,-2.,2.) node(3_0) [draw,shape=circle,color=gray] {3};
\path (-2.,-2.,-2.) node(4_0) [draw,shape=circle,color=gray] {4};
\path (2.,-2.,2.) node(5_0) [draw,shape=circle,color=gray] {5};
\path (-2.,2.,2.) node(6_0) [draw,shape=circle,color=gray] {6};
\path (-2.,2.,-2.) node(7_0) [draw,shape=circle,color=gray] {7};
\path (2.,2.,2.) node(8_0) [draw,shape=circle,color=gray] {8};
\path (-0.666667,-2.,0.666667) node(9_0) [draw,shape=circle,color=gray] {9};
\path (-0.666667,2.,0.666667) node(10_0) [draw,shape=circle,color=gray] {10};
\path (-2.,-2.,-0.) node(11_0) [draw,shape=circle,color=gray] {11};
\path (0.,-2.,-0.) node(12_0) [draw,shape=circle,color=gray] {12};
\path (0.,-2.,2.) node(13_0) [draw,shape=circle,color=gray] {13};
\path (-2.,2.,-0.) node(14_0) [draw,shape=circle,color=gray] {14};
\path (0.,2.,-0.) node(15_0) [draw,shape=circle,color=gray] {15};
\path (0.,2.,2.) node(16_0) [draw,shape=circle,color=gray] {16};
\draw[color=gray] (9_0) -- (10_0);
\draw[color=gray] (11_0) -- (9_0);
\draw[color=gray] (12_0) -- (9_0);
\draw[color=gray] (13_0) -- (9_0);
\draw[color=gray] (14_0) -- (10_0);
\draw[color=gray] (15_0) -- (10_0);
\draw[color=gray] (16_0) -- (10_0);
\draw[color=gray] (11_0) -- (14_0);
\draw[color=gray] (12_0) -- (15_0);
\draw[color=gray] (13_0) -- (16_0);
\draw[color=gray] (3_0) -- (11_0);
\draw[color=gray] (11_0) -- (4_0);
\draw[color=gray] (4_0) -- (12_0);
\draw[color=gray] (12_0) -- (5_0);
\draw[color=gray] (5_0) -- (13_0);
\draw[color=gray] (13_0) -- (3_0);
\draw[color=gray] (6_0) -- (14_0);
\draw[color=gray] (14_0) -- (7_0);
\draw[color=gray] (7_0) -- (15_0);
\draw[color=gray] (15_0) -- (8_0);
\draw[color=gray] (8_0) -- (16_0);
\draw[color=gray] (16_0) -- (6_0);
\draw[color=gray] (3_0) -- (6_0);
\draw[color=gray] (4_0) -- (7_0);
\draw[color=gray] (5_0) -- (8_0);
\path (-1.16667,0.,1.16667) node(0_0) [] {};
\path (0.333333,0.,1.16667) node(1_0) [] {};
\path (-1.16667,0.,-0.333333) node(2_0) [] {};
\end{tikzpicture}
\end{document}
tensor_triangular_prism orientation -1
\documentclass[tikz]{standalone}

\usepackage{pgflibraryshapes}
\usetikzlibrary{backgrounds}
\usetikzlibrary{arrows}
\begin{document}
\begin{tikzpicture}[scale = 1.,font=\fontsize{8}{8}\selectfont]
\path (-2.,-2.,-2.) node(3_0) [draw,shape=circle,color=gray] {3};
\path (2.,-2.,2.) node(4_0) [draw,shape=circle,color=gray] {4};
\path (-2.,-2.,2.) node(5_0) [draw,shape=circle,color=gray] {5};
\path (-2.,2.,-2.) node(6_0) [draw,shape=circle,color=gray] {6};
\path (2.,2.,2.) node(7_0) [draw,shape=circle,color=gray] {7};
\path (-2.,2.,2.) node(8_0) [draw,shape=circle,color=gray] {8};
\path (-0.666667,-2.,0.666667) node(9_0) [draw,shape=circle,color=gray] {9};
\path (-0.666667,2.,0.666667) node(10_0) [draw,shape=circle,color=gray] {10};
\path (0.,-2.,-0.) node(11_0) [draw,shape=circle,color=gray] {11};
\path (0.,-2.,2.) node(12_0) [draw,shape=circle,color=gray] {12};
\path (-2.,-2.,-0.) node(13_0) [draw,shape=circle,color=gray] {13};
\path (0.,2.,-0.) node(14_0) [draw,shape=circle,color=gray] {14};
\path (0.,2.,2.) node(15_0) [draw,shape=circle,color=gray] {15};
\path (-2.,2.,-0.) node(16_0) [draw,shape=circle,color=gray] {16};
\draw[color=gray] (9_0) -- (10_0);
\draw[color=gray] (11_0) -- (9_0);
\draw[color=gray] (12_0) -- (9_0);
\draw[color=gray] (13_0) -- (9_0);
\draw[color=gray] (14_0) -- (10_0);
\draw[color=gray] (15_0) -- (10_0);
\draw[color=gray] (16_0) -- (10_0);
\draw[color=gray] (11_0) -- (14_0);
\draw[color=gray] (12_0) -- (15_0);
\draw[color=gray] (13_0) -- (16_0);
\draw[color=gray] (3_0) -- (11_0);
\draw[color=gray] (11_0) -- (4_0);
\draw[color=gray] (4_0) -- (12_0);
\draw[color=gray] (12_0) -- (5_0);
\draw[color=gray] (5_0) -- (13_0);
\draw[color=gray] (13_0) -- (3_0);
\draw[color=gray] (6_0) -- (14_0);
\draw[color=gray] (14_0) -- (7_0);
\draw[color=gray] (7_0) -- (15_0);
\draw[color=gray] (15_0) -- (8_0);
\draw[color=gray] (8_0) -- (16_0);
\draw[color=gray] (16_0) -- (6_0);
\draw[color=gray] (3_0) -- (6_0);
\draw[color=gray] (4_0) -- (7_0);
\draw[color=gray] (5_0) -- (8_0);
\path (-1.16667,0.,1.16667) node(0_0) [] {};
\path (0.333333,0.,1.16667) node(1_0) [] {};
\path (-1.16667,0.,-0.333333) node(2_0) [] {};
\end{tikzpicture}
\end{document}
tensor_triangular_prism orientation 0
\documentclass[tikz]{standalone}

\usepackage{pgflibraryshapes}
\usetikzlibrary{backgrounds}
\usetikzlibrary{arrows}
\begin{document}
\begin{tikzpicture}[scale = 1.,font=\fontsize{8}{8}\selectfont]
\path (-2.,-2.,2.) node(3_0) [draw,shape=circle,color=gray] {3};
\path (2.,-2.,2.) node(4_0) [draw,shape=circle,color=gray] {4};
\path (-2.,-2.,-2.) node(5_0) [draw,shape=circle,color=gray] {5};
\path (-2.,2.,2.) node(6_0) [draw,shape=circle,color=gray] {6};
\path (2.,2.,2.) node(7_0) [draw,shape=circle,color=gray] {7};
\path (-2.,2.,-2.) node(8_0) [draw,shape=circle,color=gray] {8};
\path (-0.666667,-2.,0.666667) node(9_0) [draw,shape=circle,color=gray] {9};
\path (-0.666667,2.,0.666667) node(10_0) [draw,shape=circle,color=gray] {10};
\path (0.,-2.,2.) node(11_0) [draw,shape=circle,color=gray] {11};
\path (0.,-2.,-0.) node(12_0) [draw,shape=circle,color=gray] {12};
\path (-2.,-2.,-0.) node(13_0) [draw,shape=circle,color=gray] {13};
\path (0.,2.,2.) node(14_0) [draw,shape=circle,color=gray] {14};
\path (0.,2.,-0.) node(15_0) [draw,shape=circle,color=gray] {15};
\path (-2.,2.,-0.) node(16_0) [draw,shape=circle,color=gray] {16};
\draw[color=gray] (9_0) -- (10_0);
\draw[color=gray] (11_0) -- (9_0);
\draw[color=gray] (12_0) -- (9_0);
\draw[color=gray] (13_0) -- (9_0);
\draw[color=gray] (14_0) -- (10_0);
\draw[color=gray] (15_0) -- (10_0);
\draw[color=gray] (16_0) -- (10_0);
\draw[color=gray] (11_0) -- (14_0);
\draw[color=gray] (12_0) -- (15_0);
\draw[color=gray] (13_0) -- (16_0);
\draw[color=gray] (3_0) -- (11_0);
\draw[color=gray] (11_0) -- (4_0);
\draw[color=gray] (4_0) -- (12_0);
\draw[color=gray] (12_0) -- (5_0);
\draw[color=gray] (5_0) -- (13_0);
\draw[color=gray] (13_0) -- (3_0);
\draw[color=gray] (6_0) -- (14_0);
\draw[color=gray] (14_0) -- (7_0);
\draw[color=gray] (7_0) -- (15_0);
\draw[color=gray] (15_0) -- (8_0);
\draw[color=gray] (8_0) -- (16_0);
\draw[color=gray] (16_0) -- (6_0);
\draw[color=gray] (3_0) -- (6_0);
\draw[color=gray] (4_0) -- (7_0);
\draw[color=gray] (5_0) -- (8_0);
\path (-1.16667,0.,1.16667) node(0_0) [] {};
\path (0.333333,0.,1.16667) node(1_0) [] {};
\path (-1.16667,0.,-0.333333) node(2_0) [] {};
\end{tikzpicture}
\end{document}
tensor_triangular_prism orientation 1
\documentclass[tikz]{standalone}

\usepackage{pgflibraryshapes}
\usetikzlibrary{backgrounds}
\usetikzlibrary{arrows}
\begin{document}
\begin{tikzpicture}[scale = 1.,font=\fontsize{8}{8}\selectfont]
\path (-2.,-2.,-2.) node(3_0) [draw,shape=circle,color=gray] {3};
\path (-2.,-2.,2.) node(4_0) [draw,shape=circle,color=gray] {4};
\path (2.,-2.,2.) node(5_0) [draw,shape=circle,color=gray] {5};
\path (-2.,2.,-2.) node(6_0) [draw,shape=circle,color=gray] {6};
\path (-2.,2.,2.) node(7_0) [draw,shape=circle,color=gray] {7};
\path (2.,2.,2.) node(8_0) [draw,shape=circle,color=gray] {8};
\path (-0.666667,-2.,0.666667) node(9_0) [draw,shape=circle,color=gray] {9};
\path (-0.666667,2.,0.666667) node(10_0) [draw,shape=circle,color=gray] {10};
\path (-2.,-2.,-0.) node(11_0) [draw,shape=circle,color=gray] {11};
\path (0.,-2.,2.) node(12_0) [draw,shape=circle,color=gray] {12};
\path (0.,-2.,-0.) node(13_0) [draw,shape=circle,color=gray] {13};
\path (-2.,2.,-0.) node(14_0) [draw,shape=circle,color=gray] {14};
\path (0.,2.,2.) node(15_0) [draw,shape=circle,color=gray] {15};
\path (0.,2.,-0.) node(16_0) [draw,shape=circle,color=gray] {16};
\draw[color=gray] (9_0) -- (10_0);
\draw[color=gray] (11_0) -- (9_0);
\draw[color=gray] (12_0) -- (9_0);
\draw[color=gray] (13_0) -- (9_0);
\draw[color=gray] (14_0) -- (10_0);
\draw[color=gray] (15_0) -- (10_0);
\draw[color=gray] (16_0) -- (10_0);
\draw[color=gray] (11_0) -- (14_0);
\draw[color=gray] (12_0) -- (15_0);
\draw[color=gray] (13_0) -- (16_0);
\draw[color=gray] (3_0) -- (11_0);
\draw[color=gray] (11_0) -- (4_0);
\draw[color=gray] (4_0) -- (12_0);
\draw[color=gray] (12_0) -- (5_0);
\draw[color=gray] (5_0) -- (13_0);
\draw[color=gray] (13_0) -- (3_0);
\draw[color=gray] (6_0) -- (14_0);
\draw[color=gray] (14_0) -- (7_0);
\draw[color=gray] (7_0) -- (15_0);
\draw[color=gray] (15_0) -- (8_0);
\draw[color=gray] (8_0) -- (16_0);
\draw[color=gray] (16_0) -- (6_0);
\draw[color=gray] (3_0) -- (6_0);
\draw[color=gray] (4_0) -- (7_0);
\draw[color=gray] (5_0) -- (8_0);
\path (-1.16667,0.,1.16667) node(0_0) [] {};
\path (0.333333,0.,1.16667) node(1_0) [] {};
\path (-1.16667,0.,-0.333333) node(2_0) [] {};
\end{tikzpicture}
\end{document}
tensor_triangular_prism orientation 2
\documentclass[tikz]{standalone}

\usepackage{pgflibraryshapes}
\usetikzlibrary{backgrounds}
\usetikzlibrary{arrows}
\begin{document}
\begin{tikzpicture}[scale = 1.,font=\fontsize{8}{8}\selectfont]
\path (2.,-2.,2.) node(3_0) [draw,shape=circle,color=gray] {3};
\path (-2.,-2.,-2.) node(4_0) [draw,shape=circle,color=gray] {4};
\path (-2.,-2.,2.) node(5_0) [draw,shape=circle,color=gray] {5};
\path (2.,2.,2.) node(6_0) [draw,shape=circle,color=gray] {6};
\path (-2.,2.,-2.) node(7_0) [draw,shape=circle,color=gray] {7};
\path (-2.,2.,2.) node(8_0) [draw,shape=circle,color=gray] {8};
\path (-0.666667,-2.,0.666667) node(9_0) [draw,shape=circle,color=gray] {9};
\path (-0.666667,2.,0.666667) node(10_0) [draw,shape=circle,color=gray] {10};
\path (0.,-2.,-0.) node(11_0) [draw,shape=circle,color=gray] {11};
\path (-2.,-2.,-0.) node(12_0) [draw,shape=circle,color=gray] {12};
\path (0.,-2.,2.) node(13_0) [draw,shape=circle,color=gray] {13};
\path (0.,2.,-0.) node(14_0) [draw,shape=circle,color=gray] {14};
\path (-2.,2.,-0.) node(15_0) [draw,shape=circle,color=gray] {15};
\path (0.,2.,2.) node(16_0) [draw,shape=circle,color=gray] {16};
\draw[color=gray] (9_0) -- (10_0);
\draw[color=gray] (11_0) -- (9_0);
\draw[color=gray] (12_0) -- (9_0);
\draw[color=gray] (13_0) -- (9_0);
\draw[color=gray] (14_0) -- (10_0);
\draw[color=gray] (15_0) -- (10_0);
\draw[color=gray] (16_0) -- (10_0);
\draw[color=gray] (11_0) -- (14_0);
\draw[color=gray] (12_0) -- (15_0);
\draw[color=gray] (13_0) -- (16_0);
\draw[color=gray] (3_0) -- (11_0);
\draw[color=gray] (11_0) -- (4_0);
\draw[color=gray] (4_0) -- (12_0);
\draw[color=gray] (12_0) -- (5_0);
\draw[color=gray] (5_0) -- (13_0);
\draw[color=gray] (13_0) -- (3_0);
\draw[color=gray] (6_0) -- (14_0);
\draw[color=gray] (14_0) -- (7_0);
\draw[color=gray] (7_0) -- (15_0);
\draw[color=gray] (15_0) -- (8_0);
\draw[color=gray] (8_0) -- (16_0);
\draw[color=gray] (16_0) -- (6_0);
\draw[color=gray] (3_0) -- (6_0);
\draw[color=gray] (4_0) -- (7_0);
\draw[color=gray] (5_0) -- (8_0);
\path (-1.16667,0.,1.16667) node(0_0) [] {};
\path (0.333333,0.,1.16667) node(1_0) [] {};
\path (-1.16667,0.,-0.333333) node(2_0) [] {};
\end{tikzpicture}
\end{document}
tensor_triangular_prism orientation 3
\documentclass[tikz]{standalone}

\usepackage{pgflibraryshapes}
\usetikzlibrary{backgrounds}
\usetikzlibrary{arrows}
\begin{document}
\begin{tikzpicture}[scale = 1.,font=\fontsize{8}{8}\selectfont]
\path (-2.,2.,2.) node(3_0) [draw,shape=circle,color=gray] {3};
\path (2.,2.,2.) node(4_0) [draw,shape=circle,color=gray] {4};
\path (-2.,2.,-2.) node(5_0) [draw,shape=circle,color=gray] {5};
\path (-2.,-2.,2.) node(6_0) [draw,shape=circle,color=gray] {6};
\path (2.,-2.,2.) node(7_0) [draw,shape=circle,color=gray] {7};
\path (-2.,-2.,-2.) node(8_0) [draw,shape=circle,color=gray] {8};
\path (-0.666667,2.,0.666667) node(9_0) [draw,shape=circle,color=gray] {9};
\path (-0.666667,-2.,0.666667) node(10_0) [draw,shape=circle,color=gray] {10};
\path (0.,2.,2.) node(11_0) [draw,shape=circle,color=gray] {11};
\path (0.,2.,-0.) node(12_0) [draw,shape=circle,color=gray] {12};
\path (-2.,2.,-0.) node(13_0) [draw,shape=circle,color=gray] {13};
\path (0.,-2.,2.) node(14_0) [draw,shape=circle,color=gray] {14};
\path (0.,-2.,-0.) node(15_0) [draw,shape=circle,color=gray] {15};
\path (-2.,-2.,-0.) node(16_0) [draw,shape=circle,color=gray] {16};
\draw[color=gray] (10_0) -- (9_0);
\draw[color=gray] (11_0) -- (9_0);
\draw[color=gray] (12_0) -- (9_0);
\draw[color=gray] (13_0) -- (9_0);
\draw[color=gray] (14_0) -- (10_0);
\draw[color=gray] (15_0) -- (10_0);
\draw[color=gray] (16_0) -- (10_0);
\draw[color=gray] (11_0) -- (14_0);
\draw[color=gray] (12_0) -- (15_0);
\draw[color=gray] (13_0) -- (16_0);
\draw[color=gray] (3_0) -- (11_0);
\draw[color=gray] (11_0) -- (4_0);
\draw[color=gray] (4_0) -- (12_0);
\draw[color=gray] (12_0) -- (5_0);
\draw[color=gray] (5_0) -- (13_0);
\draw[color=gray] (13_0) -- (3_0);
\draw[color=gray] (6_0) -- (14_0);
\draw[color=gray] (14_0) -- (7_0);
\draw[color=gray] (7_0) -- (15_0);
\draw[color=gray] (15_0) -- (8_0);
\draw[color=gray] (8_0) -- (16_0);
\draw[color=gray] (16_0) -- (6_0);
\draw[color=gray] (3_0) -- (6_0);
\draw[color=gray] (4_0) -- (7_0);
\draw[color=gray] (5_0) -- (8_0);
\path (-1.16667,0.,1.16667) node(0_0) [] {};
\path (0.333333,0.,1.16667) node(1_0) [] {};
\path (-1.16667,0.,-0.333333) node(2_0) [] {};
\end{tikzpicture}
\end{document}
tensor_triangular_prism orientation 4
\documentclass[tikz]{standalone}

\usepackage{pgflibraryshapes}
\usetikzlibrary{backgrounds}
\usetikzlibrary{arrows}
\begin{document}
\begin{tikzpicture}[scale = 1.,font=\fontsize{8}{8}\selectfont]
\path (-2.,2.,-2.) node(3_0) [draw,shape=circle,color=gray] {3};
\path (-2.,2.,2.) node(4_0) [draw,shape=circle,color=gray] {4};
\path (2.,2.,2.) node(5_0) [draw,shape=circle,color=gray] {5};
\path (-2.,-2.,-2.) node(6_0) [draw,shape=circle,color=gray] {6};
\path (-2.,-2.,2.) node(7_0) [draw,shape=circle,color=gray] {7};
\path (2.,-2.,2.) node(8_0) [draw,shape=circle,color=gray] {8};
\path (-0.666667,2.,0.666667) node(9_0) [draw,shape=circle,color=gray] {9};
\path (-0.666667,-2.,0.666667) node(10_0) [draw,shape=circle,color=gray] {10};
\path (-2.,2.,-0.) node(11_0) [draw,shape=circle,color=gray] {11};
\path (0.,2.,2.) node(12_0) [draw,shape=circle,color=gray] {12};
\path (0.,2.,-0.) node(13_0) [draw,shape=circle,color=gray] {13};
\path (-2.,-2.,-0.) node(14_0) [draw,shape=circle,color=gray] {14};
\path (0.,-2.,2.) node(15_0) [draw,shape=circle,color=gray] {15};
\path (0.,-2.,-0.) node(16_0) [draw,shape=circle,color=gray] {16};
\draw[color=gray] (10_0) -- (9_0);
\draw[color=gray] (11_0) -- (9_0);
\draw[color=gray] (12_0) -- (9_0);
\draw[color=gray] (13_0) -- (9_0);
\draw[color=gray] (14_0) -- (10_0);
\draw[color=gray] (15_0) -- (10_0);
\draw[color=gray] (16_0) -- (10_0);
\draw[color=gray] (11_0) -- (14_0);
\draw[color=gray] (12_0) -- (15_0);
\draw[color=gray] (13_0) -- (16_0);
\draw[color=gray] (3_0) -- (11_0);
\draw[color=gray] (11_0) -- (4_0);
\draw[color=gray] (4_0) -- (12_0);
\draw[color=gray] (12_0) -- (5_0);
\draw[color=gray] (5_0) -- (13_0);
\draw[color=gray] (13_0) -- (3_0);
\draw[color=gray] (6_0) -- (14_0);
\draw[color=gray] (14_0) -- (7_0);
\draw[color=gray] (7_0) -- (15_0);
\draw[color=gray] (15_0) -- (8_0);
\draw[color=gray] (8_0) -- (16_0);
\draw[color=gray] (16_0) -- (6_0);
\draw[color=gray] (3_0) -- (6_0);
\draw[color=gray] (4_0) -- (7_0);
\draw[color=gray] (5_0) -- (8_0);
\path (-1.16667,0.,1.16667) node(0_0) [] {};
\path (0.333333,0.,1.16667) node(1_0) [] {};
\path (-1.16667,0.,-0.333333) node(2_0) [] {};
\end{tikzpicture}
\end{document}
tensor_triangular_prism orientation 5
\documentclass[tikz]{standalone}

\usepackage{pgflibraryshapes}
\usetikzlibrary{backgrounds}
\usetikzlibrary{arrows}
\begin{document}
\begin{tikzpicture}[scale = 1.,font=\fontsize{8}{8}\selectfont]
\path (2.,2.,2.) node(3_0) [draw,shape=circle,color=gray] {3};
\path (-2.,2.,-2.) node(4_0) [draw,shape=circle,color=gray] {4};
\path (-2.,2.,2.) node(5_0) [draw,shape=circle,color=gray] {5};
\path (2.,-2.,2.) node(6_0) [draw,shape=circle,color=gray] {6};
\path (-2.,-2.,-2.) node(7_0) [draw,shape=circle,color=gray] {7};
\path (-2.,-2.,2.) node(8_0) [draw,shape=circle,color=gray] {8};
\path (-0.666667,2.,0.666667) node(9_0) [draw,shape=circle,color=gray] {9};
\path (-0.666667,-2.,0.666667) node(10_0) [draw,shape=circle,color=gray] {10};
\path (0.,2.,-0.) node(11_0) [draw,shape=circle,color=gray] {11};
\path (-2.,2.,-0.) node(12_0) [draw,shape=circle,color=gray] {12};
\path (0.,2.,2.) node(13_0) [draw,shape=circle,color=gray] {13};
\path (0.,-2.,-0.) node(14_0) [draw,shape=circle,color=gray] {14};
\path (-2.,-2.,-0.) node(15_0) [draw,shape=circle,color=gray] {15};
\path (0.,-2.,2.) node(16_0) [draw,shape=circle,color=gray] {16};
\draw[color=gray] (10_0) -- (9_0);
\draw[color=gray] (11_0) -- (9_0);
\draw[color=gray] (12_0) -- (9_0);
\draw[color=gray] (13_0) -- (9_0);
\draw[color=gray] (14_0) -- (10_0);
\draw[color=gray] (15_0) -- (10_0);
\draw[color=gray] (16_0) -- (10_0);
\draw[color=gray] (11_0) -- (14_0);
\draw[color=gray] (12_0) -- (15_0);
\draw[color=gray] (13_0) -- (16_0);
\draw[color=gray] (3_0) -- (11_0);
\draw[color=gray] (11_0) -- (4_0);
\draw[color=gray] (4_0) -- (12_0);
\draw[color=gray] (12_0) -- (5_0);
\draw[color=gray] (5_0) -- (13_0);
\draw[color=gray] (13_0) -- (3_0);
\draw[color=gray] (6_0) -- (14_0);
\draw[color=gray] (14_0) -- (7_0);
\draw[color=gray] (7_0) -- (15_0);
\draw[color=gray] (15_0) -- (8_0);
\draw[color=gray] (8_0) -- (16_0);
\draw[color=gray] (16_0) -- (6_0);
\draw[color=gray] (3_0) -- (6_0);
\draw[color=gray] (4_0) -- (7_0);
\draw[color=gray] (5_0) -- (8_0);
\path (-1.16667,0.,1.16667) node(0_0) [] {};
\path (0.333333,0.,1.16667) node(1_0) [] {};
\path (-1.16667,0.,-0.333333) node(2_0) [] {};
\end{tikzpicture}
\end{document}
