pyramid orientation -4
\documentclass[tikz]{standalone}

\usepackage{pgflibraryshapes}
\usetikzlibrary{backgrounds}
\usetikzlibrary{arrows}
\begin{document}
\begin{tikzpicture}[scale = 0.5,font=\fontsize{8}{8}\selectfont]
\path (2.,-2.,-2.) node(1_0) [draw,shape=circle,color=gray] {1};
\path (-2.,-2.,-2.) node(2_0) [draw,shape=circle,color=gray] {2};
\path (-2.,-2.,2.) node(3_0) [draw,shape=circle,color=gray] {3};
\path (2.,-2.,2.) node(4_0) [draw,shape=circle,color=gray] {4};
\path (0.,2.,-0.) node(5_0) [draw,shape=circle,color=gray] {5};
\draw[color=gray] (1_0) -- (4_0);
\draw[color=gray] (4_0) -- (5_0);
\draw[color=gray] (5_0) -- (1_0);
\draw[color=gray] (4_0) -- (3_0);
\draw[color=gray] (3_0) -- (5_0);
\draw[color=gray] (3_0) -- (2_0);
\draw[color=gray] (2_0) -- (5_0);
\draw[color=gray] (2_0) -- (1_0);
\path (0.,-1.2,0.) node(0_0) [] {};
\end{tikzpicture}
\end{document}
pyramid orientation -3
\documentclass[tikz]{standalone}

\usepackage{pgflibraryshapes}
\usetikzlibrary{backgrounds}
\usetikzlibrary{arrows}
\begin{document}
\begin{tikzpicture}[scale = 0.5,font=\fontsize{8}{8}\selectfont]
\path (-2.,-2.,-2.) node(1_0) [draw,shape=circle,color=gray] {1};
\path (-2.,-2.,2.) node(2_0) [draw,shape=circle,color=gray] {2};
\path (2.,-2.,2.) node(3_0) [draw,shape=circle,color=gray] {3};
\path (2.,-2.,-2.) node(4_0) [draw,shape=circle,color=gray] {4};
\path (0.,2.,-0.) node(5_0) [draw,shape=circle,color=gray] {5};
\draw[color=gray] (1_0) -- (4_0);
\draw[color=gray] (4_0) -- (5_0);
\draw[color=gray] (5_0) -- (1_0);
\draw[color=gray] (4_0) -- (3_0);
\draw[color=gray] (3_0) -- (5_0);
\draw[color=gray] (3_0) -- (2_0);
\draw[color=gray] (2_0) -- (5_0);
\draw[color=gray] (2_0) -- (1_0);
\path (0.,-1.2,0.) node(0_0) [] {};
\end{tikzpicture}
\end{document}
pyramid orientation -2
\documentclass[tikz]{standalone}

\usepackage{pgflibraryshapes}
\usetikzlibrary{backgrounds}
\usetikzlibrary{arrows}
\begin{document}
\begin{tikzpicture}[scale = 0.5,font=\fontsize{8}{8}\selectfont]
\path (-2.,-2.,2.) node(1_0) [draw,shape=circle,color=gray] {1};
\path (2.,-2.,2.) node(2_0) [draw,shape=circle,color=gray] {2};
\path (2.,-2.,-2.) node(3_0) [draw,shape=circle,color=gray] {3};
\path (-2.,-2.,-2.) node(4_0) [draw,shape=circle,color=gray] {4};
\path (0.,2.,-0.) node(5_0) [draw,shape=circle,color=gray] {5};
\draw[color=gray] (1_0) -- (4_0);
\draw[color=gray] (4_0) -- (5_0);
\draw[color=gray] (5_0) -- (1_0);
\draw[color=gray] (4_0) -- (3_0);
\draw[color=gray] (3_0) -- (5_0);
\draw[color=gray] (3_0) -- (2_0);
\draw[color=gray] (2_0) -- (5_0);
\draw[color=gray] (2_0) -- (1_0);
\path (0.,-1.2,0.) node(0_0) [] {};
\end{tikzpicture}
\end{document}
pyramid orientation -1
\documentclass[tikz]{standalone}

\usepackage{pgflibraryshapes}
\usetikzlibrary{backgrounds}
\usetikzlibrary{arrows}
\begin{document}
\begin{tikzpicture}[scale = 0.5,font=\fontsize{8}{8}\selectfont]
\path (2.,-2.,2.) node(1_0) [draw,shape=circle,color=gray] {1};
\path (2.,-2.,-2.) node(2_0) [draw,shape=circle,color=gray] {2};
\path (-2.,-2.,-2.) node(3_0) [draw,shape=circle,color=gray] {3};
\path (-2.,-2.,2.) node(4_0) [draw,shape=circle,color=gray] {4};
\path (0.,2.,-0.) node(5_0) [draw,shape=circle,color=gray] {5};
\draw[color=gray] (1_0) -- (4_0);
\draw[color=gray] (4_0) -- (5_0);
\draw[color=gray] (5_0) -- (1_0);
\draw[color=gray] (4_0) -- (3_0);
\draw[color=gray] (3_0) -- (5_0);
\draw[color=gray] (3_0) -- (2_0);
\draw[color=gray] (2_0) -- (5_0);
\draw[color=gray] (2_0) -- (1_0);
\path (0.,-1.2,0.) node(0_0) [] {};
\end{tikzpicture}
\end{document}
pyramid orientation 0
\documentclass[tikz]{standalone}

\usepackage{pgflibraryshapes}
\usetikzlibrary{backgrounds}
\usetikzlibrary{arrows}
\begin{document}
\begin{tikzpicture}[scale = 0.5,font=\fontsize{8}{8}\selectfont]
\path (-2.,-2.,2.) node(1_0) [draw,shape=circle,color=gray] {1};
\path (-2.,-2.,-2.) node(2_0) [draw,shape=circle,color=gray] {2};
\path (2.,-2.,-2.) node(3_0) [draw,shape=circle,color=gray] {3};
\path (2.,-2.,2.) node(4_0) [draw,shape=circle,color=gray] {4};
\path (0.,2.,-0.) node(5_0) [draw,shape=circle,color=gray] {5};
\draw[color=gray] (1_0) -- (4_0);
\draw[color=gray] (4_0) -- (5_0);
\draw[color=gray] (5_0) -- (1_0);
\draw[color=gray] (4_0) -- (3_0);
\draw[color=gray] (3_0) -- (5_0);
\draw[color=gray] (3_0) -- (2_0);
\draw[color=gray] (2_0) -- (5_0);
\draw[color=gray] (2_0) -- (1_0);
\path (0.,-1.2,0.) node(0_0) [] {};
\end{tikzpicture}
\end{document}
pyramid orientation 1
\documentclass[tikz]{standalone}

\usepackage{pgflibraryshapes}
\usetikzlibrary{backgrounds}
\usetikzlibrary{arrows}
\begin{document}
\begin{tikzpicture}[scale = 0.5,font=\fontsize{8}{8}\selectfont]
\path (2.,-2.,2.) node(1_0) [draw,shape=circle,color=gray] {1};
\path (-2.,-2.,2.) node(2_0) [draw,shape=circle,color=gray] {2};
\path (-2.,-2.,-2.) node(3_0) [draw,shape=circle,color=gray] {3};
\path (2.,-2.,-2.) node(4_0) [draw,shape=circle,color=gray] {4};
\path (0.,2.,-0.) node(5_0) [draw,shape=circle,color=gray] {5};
\draw[color=gray] (1_0) -- (4_0);
\draw[color=gray] (4_0) -- (5_0);
\draw[color=gray] (5_0) -- (1_0);
\draw[color=gray] (4_0) -- (3_0);
\draw[color=gray] (3_0) -- (5_0);
\draw[color=gray] (3_0) -- (2_0);
\draw[color=gray] (2_0) -- (5_0);
\draw[color=gray] (2_0) -- (1_0);
\path (0.,-1.2,0.) node(0_0) [] {};
\end{tikzpicture}
\end{document}
pyramid orientation 2
\documentclass[tikz]{standalone}

\usepackage{pgflibraryshapes}
\usetikzlibrary{backgrounds}
\usetikzlibrary{arrows}
\begin{document}
\begin{tikzpicture}[scale = 0.5,font=\fontsize{8}{8}\selectfont]
\path (2.,-2.,-2.) node(1_0) [draw,shape=circle,color=gray] {1};
\path (2.,-2.,2.) node(2_0) [draw,shape=circle,color=gray] {2};
\path (-2.,-2.,2.) node(3_0) [draw,shape=circle,color=gray] {3};
\path (-2.,-2.,-2.) node(4_0) [draw,shape=circle,color=gray] {4};
\path (0.,2.,-0.) node(5_0) [draw,shape=circle,color=gray] {5};
\draw[color=gray] (1_0) -- (4_0);
\draw[color=gray] (4_0) -- (5_0);
\draw[color=gray] (5_0) -- (1_0);
\draw[color=gray] (4_0) -- (3_0);
\draw[color=gray] (3_0) -- (5_0);
\draw[color=gray] (3_0) -- (2_0);
\draw[color=gray] (2_0) -- (5_0);
\draw[color=gray] (2_0) -- (1_0);
\path (0.,-1.2,0.) node(0_0) [] {};
\end{tikzpicture}
\end{document}
pyramid orientation 3
\documentclass[tikz]{standalone}

\usepackage{pgflibraryshapes}
\usetikzlibrary{backgrounds}
\usetikzlibrary{arrows}
\begin{document}
\begin{tikzpicture}[scale = 0.5,font=\fontsize{8}{8}\selectfont]
\path (-2.,-2.,-2.) node(1_0) [draw,shape=circle,color=gray] {1};
\path (2.,-2.,-2.) node(2_0) [draw,shape=circle,color=gray] {2};
\path (2.,-2.,2.) node(3_0) [draw,shape=circle,color=gray] {3};
\path (-2.,-2.,2.) node(4_0) [draw,shape=circle,color=gray] {4};
\path (0.,2.,-0.) node(5_0) [draw,shape=circle,color=gray] {5};
\draw[color=gray] (1_0) -- (4_0);
\draw[color=gray] (4_0) -- (5_0);
\draw[color=gray] (5_0) -- (1_0);
\draw[color=gray] (4_0) -- (3_0);
\draw[color=gray] (3_0) -- (5_0);
\draw[color=gray] (3_0) -- (2_0);
\draw[color=gray] (2_0) -- (5_0);
\draw[color=gray] (2_0) -- (1_0);
\path (0.,-1.2,0.) node(0_0) [] {};
\end{tikzpicture}
\end{document}
