triangular_prism orientation -6
\documentclass[tikz]{standalone}

\usepackage{pgflibraryshapes}
\usetikzlibrary{backgrounds}
\usetikzlibrary{arrows}
\begin{document}
\begin{tikzpicture}[scale = 1.,font=\fontsize{8}{8}\selectfont]
\path (-0.666667,0.,0.666667) node(6_0) [draw,shape=circle,color=gray] {6};
\path (-2.,2.,-2.) node(7_0) [draw,shape=circle,color=gray] {7};
\path (2.,2.,2.) node(8_0) [draw,shape=circle,color=gray] {8};
\path (-2.,2.,2.) node(9_0) [draw,shape=circle,color=gray] {9};
\path (-2.,-2.,-2.) node(10_0) [draw,shape=circle,color=gray] {10};
\path (-2.,-2.,2.) node(11_0) [draw,shape=circle,color=gray] {11};
\path (2.,-2.,2.) node(12_0) [draw,shape=circle,color=gray] {12};
\path (-0.666667,2.,0.666667) node(13_0) [draw,shape=circle,color=gray] {13};
\path (-0.666667,-2.,0.666667) node(14_0) [draw,shape=circle,color=gray] {14};
\path (-2.,0.,-0.) node(15_0) [draw,shape=circle,color=gray] {15};
\path (0.,0.,2.) node(16_0) [draw,shape=circle,color=gray] {16};
\path (0.,0.,-0.) node(17_0) [draw,shape=circle,color=gray] {17};
\path (0.,2.,-0.) node(18_0) [draw,shape=circle,color=gray] {18};
\path (0.,2.,2.) node(19_0) [draw,shape=circle,color=gray] {19};
\path (-2.,2.,-0.) node(20_0) [draw,shape=circle,color=gray] {20};
\path (-2.,-2.,-0.) node(21_0) [draw,shape=circle,color=gray] {21};
\path (0.,-2.,2.) node(22_0) [draw,shape=circle,color=gray] {22};
\path (0.,-2.,-0.) node(23_0) [draw,shape=circle,color=gray] {23};
\path (-2.,0.,2.) node(24_0) [draw,shape=circle,color=gray] {24};
\path (-2.,0.,-2.) node(25_0) [draw,shape=circle,color=gray] {25};
\path (2.,0.,2.) node(26_0) [draw,shape=circle,color=gray] {26};
\draw[color=gray] (14_0) -- (6_0);
\draw[color=gray] (13_0) -- (6_0);
\draw[color=gray] (16_0) -- (6_0);
\draw[color=gray] (17_0) -- (6_0);
\draw[color=gray] (15_0) -- (6_0);
\draw[color=gray] (18_0) -- (13_0);
\draw[color=gray] (19_0) -- (13_0);
\draw[color=gray] (20_0) -- (13_0);
\draw[color=gray] (21_0) -- (14_0);
\draw[color=gray] (22_0) -- (14_0);
\draw[color=gray] (23_0) -- (14_0);
\draw[color=gray] (20_0) -- (15_0);
\draw[color=gray] (24_0) -- (15_0);
\draw[color=gray] (21_0) -- (15_0);
\draw[color=gray] (25_0) -- (15_0);
\draw[color=gray] (19_0) -- (16_0);
\draw[color=gray] (26_0) -- (16_0);
\draw[color=gray] (22_0) -- (16_0);
\draw[color=gray] (24_0) -- (16_0);
\draw[color=gray] (18_0) -- (17_0);
\draw[color=gray] (25_0) -- (17_0);
\draw[color=gray] (23_0) -- (17_0);
\draw[color=gray] (26_0) -- (17_0);
\draw[color=gray] (7_0) -- (18_0);
\draw[color=gray] (18_0) -- (8_0);
\draw[color=gray] (8_0) -- (19_0);
\draw[color=gray] (19_0) -- (9_0);
\draw[color=gray] (9_0) -- (20_0);
\draw[color=gray] (20_0) -- (7_0);
\draw[color=gray] (10_0) -- (21_0);
\draw[color=gray] (21_0) -- (11_0);
\draw[color=gray] (11_0) -- (22_0);
\draw[color=gray] (22_0) -- (12_0);
\draw[color=gray] (12_0) -- (23_0);
\draw[color=gray] (23_0) -- (10_0);
\draw[color=gray] (9_0) -- (24_0);
\draw[color=gray] (24_0) -- (11_0);
\draw[color=gray] (10_0) -- (25_0);
\draw[color=gray] (25_0) -- (7_0);
\draw[color=gray] (8_0) -- (26_0);
\draw[color=gray] (26_0) -- (12_0);
\path (-1.16667,-1.,1.16667) node(0_0) [] {};
\path (0.333333,-1.,1.16667) node(1_0) [] {};
\path (-1.16667,-1.,-0.333333) node(2_0) [] {};
\path (-1.16667,1.,1.16667) node(3_0) [] {};
\path (0.333333,1.,1.16667) node(4_0) [] {};
\path (-1.16667,1.,-0.333333) node(5_0) [] {};
\end{tikzpicture}
\end{document}
triangular_prism orientation -5
\documentclass[tikz]{standalone}

\usepackage{pgflibraryshapes}
\usetikzlibrary{backgrounds}
\usetikzlibrary{arrows}
\begin{document}
\begin{tikzpicture}[scale = 1.,font=\fontsize{8}{8}\selectfont]
\path (-0.666667,0.,0.666667) node(6_0) [draw,shape=circle,color=gray] {6};
\path (2.,2.,2.) node(7_0) [draw,shape=circle,color=gray] {7};
\path (-2.,2.,2.) node(8_0) [draw,shape=circle,color=gray] {8};
\path (-2.,2.,-2.) node(9_0) [draw,shape=circle,color=gray] {9};
\path (2.,-2.,2.) node(10_0) [draw,shape=circle,color=gray] {10};
\path (-2.,-2.,-2.) node(11_0) [draw,shape=circle,color=gray] {11};
\path (-2.,-2.,2.) node(12_0) [draw,shape=circle,color=gray] {12};
\path (-0.666667,2.,0.666667) node(13_0) [draw,shape=circle,color=gray] {13};
\path (-0.666667,-2.,0.666667) node(14_0) [draw,shape=circle,color=gray] {14};
\path (0.,0.,-0.) node(15_0) [draw,shape=circle,color=gray] {15};
\path (-2.,0.,-0.) node(16_0) [draw,shape=circle,color=gray] {16};
\path (0.,0.,2.) node(17_0) [draw,shape=circle,color=gray] {17};
\path (0.,2.,2.) node(18_0) [draw,shape=circle,color=gray] {18};
\path (-2.,2.,-0.) node(19_0) [draw,shape=circle,color=gray] {19};
\path (0.,2.,-0.) node(20_0) [draw,shape=circle,color=gray] {20};
\path (0.,-2.,-0.) node(21_0) [draw,shape=circle,color=gray] {21};
\path (-2.,-2.,-0.) node(22_0) [draw,shape=circle,color=gray] {22};
\path (0.,-2.,2.) node(23_0) [draw,shape=circle,color=gray] {23};
\path (-2.,0.,-2.) node(24_0) [draw,shape=circle,color=gray] {24};
\path (2.,0.,2.) node(25_0) [draw,shape=circle,color=gray] {25};
\path (-2.,0.,2.) node(26_0) [draw,shape=circle,color=gray] {26};
\draw[color=gray] (14_0) -- (6_0);
\draw[color=gray] (13_0) -- (6_0);
\draw[color=gray] (17_0) -- (6_0);
\draw[color=gray] (15_0) -- (6_0);
\draw[color=gray] (16_0) -- (6_0);
\draw[color=gray] (18_0) -- (13_0);
\draw[color=gray] (19_0) -- (13_0);
\draw[color=gray] (20_0) -- (13_0);
\draw[color=gray] (21_0) -- (14_0);
\draw[color=gray] (22_0) -- (14_0);
\draw[color=gray] (23_0) -- (14_0);
\draw[color=gray] (20_0) -- (15_0);
\draw[color=gray] (24_0) -- (15_0);
\draw[color=gray] (21_0) -- (15_0);
\draw[color=gray] (25_0) -- (15_0);
\draw[color=gray] (19_0) -- (16_0);
\draw[color=gray] (26_0) -- (16_0);
\draw[color=gray] (22_0) -- (16_0);
\draw[color=gray] (24_0) -- (16_0);
\draw[color=gray] (18_0) -- (17_0);
\draw[color=gray] (25_0) -- (17_0);
\draw[color=gray] (23_0) -- (17_0);
\draw[color=gray] (26_0) -- (17_0);
\draw[color=gray] (7_0) -- (18_0);
\draw[color=gray] (18_0) -- (8_0);
\draw[color=gray] (8_0) -- (19_0);
\draw[color=gray] (19_0) -- (9_0);
\draw[color=gray] (9_0) -- (20_0);
\draw[color=gray] (20_0) -- (7_0);
\draw[color=gray] (10_0) -- (21_0);
\draw[color=gray] (21_0) -- (11_0);
\draw[color=gray] (11_0) -- (22_0);
\draw[color=gray] (22_0) -- (12_0);
\draw[color=gray] (12_0) -- (23_0);
\draw[color=gray] (23_0) -- (10_0);
\draw[color=gray] (9_0) -- (24_0);
\draw[color=gray] (24_0) -- (11_0);
\draw[color=gray] (10_0) -- (25_0);
\draw[color=gray] (25_0) -- (7_0);
\draw[color=gray] (8_0) -- (26_0);
\draw[color=gray] (26_0) -- (12_0);
\path (-1.16667,-1.,1.16667) node(0_0) [] {};
\path (0.333333,-1.,1.16667) node(1_0) [] {};
\path (-1.16667,-1.,-0.333333) node(2_0) [] {};
\path (-1.16667,1.,1.16667) node(3_0) [] {};
\path (0.333333,1.,1.16667) node(4_0) [] {};
\path (-1.16667,1.,-0.333333) node(5_0) [] {};
\end{tikzpicture}
\end{document}
triangular_prism orientation -4
\documentclass[tikz]{standalone}

\usepackage{pgflibraryshapes}
\usetikzlibrary{backgrounds}
\usetikzlibrary{arrows}
\begin{document}
\begin{tikzpicture}[scale = 1.,font=\fontsize{8}{8}\selectfont]
\path (-0.666667,0.,0.666667) node(6_0) [draw,shape=circle,color=gray] {6};
\path (-2.,2.,2.) node(7_0) [draw,shape=circle,color=gray] {7};
\path (-2.,2.,-2.) node(8_0) [draw,shape=circle,color=gray] {8};
\path (2.,2.,2.) node(9_0) [draw,shape=circle,color=gray] {9};
\path (-2.,-2.,2.) node(10_0) [draw,shape=circle,color=gray] {10};
\path (2.,-2.,2.) node(11_0) [draw,shape=circle,color=gray] {11};
\path (-2.,-2.,-2.) node(12_0) [draw,shape=circle,color=gray] {12};
\path (-0.666667,2.,0.666667) node(13_0) [draw,shape=circle,color=gray] {13};
\path (-0.666667,-2.,0.666667) node(14_0) [draw,shape=circle,color=gray] {14};
\path (0.,0.,2.) node(15_0) [draw,shape=circle,color=gray] {15};
\path (0.,0.,-0.) node(16_0) [draw,shape=circle,color=gray] {16};
\path (-2.,0.,-0.) node(17_0) [draw,shape=circle,color=gray] {17};
\path (-2.,2.,-0.) node(18_0) [draw,shape=circle,color=gray] {18};
\path (0.,2.,-0.) node(19_0) [draw,shape=circle,color=gray] {19};
\path (0.,2.,2.) node(20_0) [draw,shape=circle,color=gray] {20};
\path (0.,-2.,2.) node(21_0) [draw,shape=circle,color=gray] {21};
\path (0.,-2.,-0.) node(22_0) [draw,shape=circle,color=gray] {22};
\path (-2.,-2.,-0.) node(23_0) [draw,shape=circle,color=gray] {23};
\path (2.,0.,2.) node(24_0) [draw,shape=circle,color=gray] {24};
\path (-2.,0.,2.) node(25_0) [draw,shape=circle,color=gray] {25};
\path (-2.,0.,-2.) node(26_0) [draw,shape=circle,color=gray] {26};
\draw[color=gray] (14_0) -- (6_0);
\draw[color=gray] (13_0) -- (6_0);
\draw[color=gray] (15_0) -- (6_0);
\draw[color=gray] (16_0) -- (6_0);
\draw[color=gray] (17_0) -- (6_0);
\draw[color=gray] (18_0) -- (13_0);
\draw[color=gray] (19_0) -- (13_0);
\draw[color=gray] (20_0) -- (13_0);
\draw[color=gray] (21_0) -- (14_0);
\draw[color=gray] (22_0) -- (14_0);
\draw[color=gray] (23_0) -- (14_0);
\draw[color=gray] (20_0) -- (15_0);
\draw[color=gray] (24_0) -- (15_0);
\draw[color=gray] (21_0) -- (15_0);
\draw[color=gray] (25_0) -- (15_0);
\draw[color=gray] (19_0) -- (16_0);
\draw[color=gray] (26_0) -- (16_0);
\draw[color=gray] (22_0) -- (16_0);
\draw[color=gray] (24_0) -- (16_0);
\draw[color=gray] (18_0) -- (17_0);
\draw[color=gray] (25_0) -- (17_0);
\draw[color=gray] (23_0) -- (17_0);
\draw[color=gray] (26_0) -- (17_0);
\draw[color=gray] (7_0) -- (18_0);
\draw[color=gray] (18_0) -- (8_0);
\draw[color=gray] (8_0) -- (19_0);
\draw[color=gray] (19_0) -- (9_0);
\draw[color=gray] (9_0) -- (20_0);
\draw[color=gray] (20_0) -- (7_0);
\draw[color=gray] (10_0) -- (21_0);
\draw[color=gray] (21_0) -- (11_0);
\draw[color=gray] (11_0) -- (22_0);
\draw[color=gray] (22_0) -- (12_0);
\draw[color=gray] (12_0) -- (23_0);
\draw[color=gray] (23_0) -- (10_0);
\draw[color=gray] (9_0) -- (24_0);
\draw[color=gray] (24_0) -- (11_0);
\draw[color=gray] (10_0) -- (25_0);
\draw[color=gray] (25_0) -- (7_0);
\draw[color=gray] (8_0) -- (26_0);
\draw[color=gray] (26_0) -- (12_0);
\path (-1.16667,-1.,1.16667) node(0_0) [] {};
\path (0.333333,-1.,1.16667) node(1_0) [] {};
\path (-1.16667,-1.,-0.333333) node(2_0) [] {};
\path (-1.16667,1.,1.16667) node(3_0) [] {};
\path (0.333333,1.,1.16667) node(4_0) [] {};
\path (-1.16667,1.,-0.333333) node(5_0) [] {};
\end{tikzpicture}
\end{document}
triangular_prism orientation -3
\documentclass[tikz]{standalone}

\usepackage{pgflibraryshapes}
\usetikzlibrary{backgrounds}
\usetikzlibrary{arrows}
\begin{document}
\begin{tikzpicture}[scale = 1.,font=\fontsize{8}{8}\selectfont]
\path (-0.666667,0.,0.666667) node(6_0) [draw,shape=circle,color=gray] {6};
\path (-2.,-2.,-2.) node(7_0) [draw,shape=circle,color=gray] {7};
\path (-2.,-2.,2.) node(8_0) [draw,shape=circle,color=gray] {8};
\path (2.,-2.,2.) node(9_0) [draw,shape=circle,color=gray] {9};
\path (-2.,2.,-2.) node(10_0) [draw,shape=circle,color=gray] {10};
\path (2.,2.,2.) node(11_0) [draw,shape=circle,color=gray] {11};
\path (-2.,2.,2.) node(12_0) [draw,shape=circle,color=gray] {12};
\path (-0.666667,-2.,0.666667) node(13_0) [draw,shape=circle,color=gray] {13};
\path (-0.666667,2.,0.666667) node(14_0) [draw,shape=circle,color=gray] {14};
\path (0.,0.,-0.) node(15_0) [draw,shape=circle,color=gray] {15};
\path (0.,0.,2.) node(16_0) [draw,shape=circle,color=gray] {16};
\path (-2.,0.,-0.) node(17_0) [draw,shape=circle,color=gray] {17};
\path (-2.,-2.,-0.) node(18_0) [draw,shape=circle,color=gray] {18};
\path (0.,-2.,2.) node(19_0) [draw,shape=circle,color=gray] {19};
\path (0.,-2.,-0.) node(20_0) [draw,shape=circle,color=gray] {20};
\path (0.,2.,-0.) node(21_0) [draw,shape=circle,color=gray] {21};
\path (0.,2.,2.) node(22_0) [draw,shape=circle,color=gray] {22};
\path (-2.,2.,-0.) node(23_0) [draw,shape=circle,color=gray] {23};
\path (2.,0.,2.) node(24_0) [draw,shape=circle,color=gray] {24};
\path (-2.,0.,-2.) node(25_0) [draw,shape=circle,color=gray] {25};
\path (-2.,0.,2.) node(26_0) [draw,shape=circle,color=gray] {26};
\draw[color=gray] (13_0) -- (6_0);
\draw[color=gray] (14_0) -- (6_0);
\draw[color=gray] (16_0) -- (6_0);
\draw[color=gray] (15_0) -- (6_0);
\draw[color=gray] (17_0) -- (6_0);
\draw[color=gray] (18_0) -- (13_0);
\draw[color=gray] (19_0) -- (13_0);
\draw[color=gray] (20_0) -- (13_0);
\draw[color=gray] (21_0) -- (14_0);
\draw[color=gray] (22_0) -- (14_0);
\draw[color=gray] (23_0) -- (14_0);
\draw[color=gray] (20_0) -- (15_0);
\draw[color=gray] (24_0) -- (15_0);
\draw[color=gray] (21_0) -- (15_0);
\draw[color=gray] (25_0) -- (15_0);
\draw[color=gray] (19_0) -- (16_0);
\draw[color=gray] (26_0) -- (16_0);
\draw[color=gray] (22_0) -- (16_0);
\draw[color=gray] (24_0) -- (16_0);
\draw[color=gray] (18_0) -- (17_0);
\draw[color=gray] (25_0) -- (17_0);
\draw[color=gray] (23_0) -- (17_0);
\draw[color=gray] (26_0) -- (17_0);
\draw[color=gray] (7_0) -- (18_0);
\draw[color=gray] (18_0) -- (8_0);
\draw[color=gray] (8_0) -- (19_0);
\draw[color=gray] (19_0) -- (9_0);
\draw[color=gray] (9_0) -- (20_0);
\draw[color=gray] (20_0) -- (7_0);
\draw[color=gray] (10_0) -- (21_0);
\draw[color=gray] (21_0) -- (11_0);
\draw[color=gray] (11_0) -- (22_0);
\draw[color=gray] (22_0) -- (12_0);
\draw[color=gray] (12_0) -- (23_0);
\draw[color=gray] (23_0) -- (10_0);
\draw[color=gray] (9_0) -- (24_0);
\draw[color=gray] (24_0) -- (11_0);
\draw[color=gray] (10_0) -- (25_0);
\draw[color=gray] (25_0) -- (7_0);
\draw[color=gray] (8_0) -- (26_0);
\draw[color=gray] (26_0) -- (12_0);
\path (-1.16667,-1.,1.16667) node(0_0) [] {};
\path (0.333333,-1.,1.16667) node(1_0) [] {};
\path (-1.16667,-1.,-0.333333) node(2_0) [] {};
\path (-1.16667,1.,1.16667) node(3_0) [] {};
\path (0.333333,1.,1.16667) node(4_0) [] {};
\path (-1.16667,1.,-0.333333) node(5_0) [] {};
\end{tikzpicture}
\end{document}
triangular_prism orientation -2
\documentclass[tikz]{standalone}

\usepackage{pgflibraryshapes}
\usetikzlibrary{backgrounds}
\usetikzlibrary{arrows}
\begin{document}
\begin{tikzpicture}[scale = 1.,font=\fontsize{8}{8}\selectfont]
\path (-0.666667,0.,0.666667) node(6_0) [draw,shape=circle,color=gray] {6};
\path (-2.,-2.,2.) node(7_0) [draw,shape=circle,color=gray] {7};
\path (2.,-2.,2.) node(8_0) [draw,shape=circle,color=gray] {8};
\path (-2.,-2.,-2.) node(9_0) [draw,shape=circle,color=gray] {9};
\path (-2.,2.,2.) node(10_0) [draw,shape=circle,color=gray] {10};
\path (-2.,2.,-2.) node(11_0) [draw,shape=circle,color=gray] {11};
\path (2.,2.,2.) node(12_0) [draw,shape=circle,color=gray] {12};
\path (-0.666667,-2.,0.666667) node(13_0) [draw,shape=circle,color=gray] {13};
\path (-0.666667,2.,0.666667) node(14_0) [draw,shape=circle,color=gray] {14};
\path (-2.,0.,-0.) node(15_0) [draw,shape=circle,color=gray] {15};
\path (0.,0.,-0.) node(16_0) [draw,shape=circle,color=gray] {16};
\path (0.,0.,2.) node(17_0) [draw,shape=circle,color=gray] {17};
\path (0.,-2.,2.) node(18_0) [draw,shape=circle,color=gray] {18};
\path (0.,-2.,-0.) node(19_0) [draw,shape=circle,color=gray] {19};
\path (-2.,-2.,-0.) node(20_0) [draw,shape=circle,color=gray] {20};
\path (-2.,2.,-0.) node(21_0) [draw,shape=circle,color=gray] {21};
\path (0.,2.,-0.) node(22_0) [draw,shape=circle,color=gray] {22};
\path (0.,2.,2.) node(23_0) [draw,shape=circle,color=gray] {23};
\path (-2.,0.,-2.) node(24_0) [draw,shape=circle,color=gray] {24};
\path (-2.,0.,2.) node(25_0) [draw,shape=circle,color=gray] {25};
\path (2.,0.,2.) node(26_0) [draw,shape=circle,color=gray] {26};
\draw[color=gray] (13_0) -- (6_0);
\draw[color=gray] (14_0) -- (6_0);
\draw[color=gray] (17_0) -- (6_0);
\draw[color=gray] (16_0) -- (6_0);
\draw[color=gray] (15_0) -- (6_0);
\draw[color=gray] (18_0) -- (13_0);
\draw[color=gray] (19_0) -- (13_0);
\draw[color=gray] (20_0) -- (13_0);
\draw[color=gray] (21_0) -- (14_0);
\draw[color=gray] (22_0) -- (14_0);
\draw[color=gray] (23_0) -- (14_0);
\draw[color=gray] (20_0) -- (15_0);
\draw[color=gray] (24_0) -- (15_0);
\draw[color=gray] (21_0) -- (15_0);
\draw[color=gray] (25_0) -- (15_0);
\draw[color=gray] (19_0) -- (16_0);
\draw[color=gray] (26_0) -- (16_0);
\draw[color=gray] (22_0) -- (16_0);
\draw[color=gray] (24_0) -- (16_0);
\draw[color=gray] (18_0) -- (17_0);
\draw[color=gray] (25_0) -- (17_0);
\draw[color=gray] (23_0) -- (17_0);
\draw[color=gray] (26_0) -- (17_0);
\draw[color=gray] (7_0) -- (18_0);
\draw[color=gray] (18_0) -- (8_0);
\draw[color=gray] (8_0) -- (19_0);
\draw[color=gray] (19_0) -- (9_0);
\draw[color=gray] (9_0) -- (20_0);
\draw[color=gray] (20_0) -- (7_0);
\draw[color=gray] (10_0) -- (21_0);
\draw[color=gray] (21_0) -- (11_0);
\draw[color=gray] (11_0) -- (22_0);
\draw[color=gray] (22_0) -- (12_0);
\draw[color=gray] (12_0) -- (23_0);
\draw[color=gray] (23_0) -- (10_0);
\draw[color=gray] (9_0) -- (24_0);
\draw[color=gray] (24_0) -- (11_0);
\draw[color=gray] (10_0) -- (25_0);
\draw[color=gray] (25_0) -- (7_0);
\draw[color=gray] (8_0) -- (26_0);
\draw[color=gray] (26_0) -- (12_0);
\path (-1.16667,-1.,1.16667) node(0_0) [] {};
\path (0.333333,-1.,1.16667) node(1_0) [] {};
\path (-1.16667,-1.,-0.333333) node(2_0) [] {};
\path (-1.16667,1.,1.16667) node(3_0) [] {};
\path (0.333333,1.,1.16667) node(4_0) [] {};
\path (-1.16667,1.,-0.333333) node(5_0) [] {};
\end{tikzpicture}
\end{document}
triangular_prism orientation -1
\documentclass[tikz]{standalone}

\usepackage{pgflibraryshapes}
\usetikzlibrary{backgrounds}
\usetikzlibrary{arrows}
\begin{document}
\begin{tikzpicture}[scale = 1.,font=\fontsize{8}{8}\selectfont]
\path (-0.666667,0.,0.666667) node(6_0) [draw,shape=circle,color=gray] {6};
\path (2.,-2.,2.) node(7_0) [draw,shape=circle,color=gray] {7};
\path (-2.,-2.,-2.) node(8_0) [draw,shape=circle,color=gray] {8};
\path (-2.,-2.,2.) node(9_0) [draw,shape=circle,color=gray] {9};
\path (2.,2.,2.) node(10_0) [draw,shape=circle,color=gray] {10};
\path (-2.,2.,2.) node(11_0) [draw,shape=circle,color=gray] {11};
\path (-2.,2.,-2.) node(12_0) [draw,shape=circle,color=gray] {12};
\path (-0.666667,-2.,0.666667) node(13_0) [draw,shape=circle,color=gray] {13};
\path (-0.666667,2.,0.666667) node(14_0) [draw,shape=circle,color=gray] {14};
\path (0.,0.,2.) node(15_0) [draw,shape=circle,color=gray] {15};
\path (-2.,0.,-0.) node(16_0) [draw,shape=circle,color=gray] {16};
\path (0.,0.,-0.) node(17_0) [draw,shape=circle,color=gray] {17};
\path (0.,-2.,-0.) node(18_0) [draw,shape=circle,color=gray] {18};
\path (-2.,-2.,-0.) node(19_0) [draw,shape=circle,color=gray] {19};
\path (0.,-2.,2.) node(20_0) [draw,shape=circle,color=gray] {20};
\path (0.,2.,2.) node(21_0) [draw,shape=circle,color=gray] {21};
\path (-2.,2.,-0.) node(22_0) [draw,shape=circle,color=gray] {22};
\path (0.,2.,-0.) node(23_0) [draw,shape=circle,color=gray] {23};
\path (-2.,0.,2.) node(24_0) [draw,shape=circle,color=gray] {24};
\path (2.,0.,2.) node(25_0) [draw,shape=circle,color=gray] {25};
\path (-2.,0.,-2.) node(26_0) [draw,shape=circle,color=gray] {26};
\draw[color=gray] (13_0) -- (6_0);
\draw[color=gray] (14_0) -- (6_0);
\draw[color=gray] (15_0) -- (6_0);
\draw[color=gray] (17_0) -- (6_0);
\draw[color=gray] (16_0) -- (6_0);
\draw[color=gray] (18_0) -- (13_0);
\draw[color=gray] (19_0) -- (13_0);
\draw[color=gray] (20_0) -- (13_0);
\draw[color=gray] (21_0) -- (14_0);
\draw[color=gray] (22_0) -- (14_0);
\draw[color=gray] (23_0) -- (14_0);
\draw[color=gray] (20_0) -- (15_0);
\draw[color=gray] (24_0) -- (15_0);
\draw[color=gray] (21_0) -- (15_0);
\draw[color=gray] (25_0) -- (15_0);
\draw[color=gray] (19_0) -- (16_0);
\draw[color=gray] (26_0) -- (16_0);
\draw[color=gray] (22_0) -- (16_0);
\draw[color=gray] (24_0) -- (16_0);
\draw[color=gray] (18_0) -- (17_0);
\draw[color=gray] (25_0) -- (17_0);
\draw[color=gray] (23_0) -- (17_0);
\draw[color=gray] (26_0) -- (17_0);
\draw[color=gray] (7_0) -- (18_0);
\draw[color=gray] (18_0) -- (8_0);
\draw[color=gray] (8_0) -- (19_0);
\draw[color=gray] (19_0) -- (9_0);
\draw[color=gray] (9_0) -- (20_0);
\draw[color=gray] (20_0) -- (7_0);
\draw[color=gray] (10_0) -- (21_0);
\draw[color=gray] (21_0) -- (11_0);
\draw[color=gray] (11_0) -- (22_0);
\draw[color=gray] (22_0) -- (12_0);
\draw[color=gray] (12_0) -- (23_0);
\draw[color=gray] (23_0) -- (10_0);
\draw[color=gray] (9_0) -- (24_0);
\draw[color=gray] (24_0) -- (11_0);
\draw[color=gray] (10_0) -- (25_0);
\draw[color=gray] (25_0) -- (7_0);
\draw[color=gray] (8_0) -- (26_0);
\draw[color=gray] (26_0) -- (12_0);
\path (-1.16667,-1.,1.16667) node(0_0) [] {};
\path (0.333333,-1.,1.16667) node(1_0) [] {};
\path (-1.16667,-1.,-0.333333) node(2_0) [] {};
\path (-1.16667,1.,1.16667) node(3_0) [] {};
\path (0.333333,1.,1.16667) node(4_0) [] {};
\path (-1.16667,1.,-0.333333) node(5_0) [] {};
\end{tikzpicture}
\end{document}
triangular_prism orientation 0
\documentclass[tikz]{standalone}

\usepackage{pgflibraryshapes}
\usetikzlibrary{backgrounds}
\usetikzlibrary{arrows}
\begin{document}
\begin{tikzpicture}[scale = 1.,font=\fontsize{8}{8}\selectfont]
\path (-0.666667,0.,0.666667) node(6_0) [draw,shape=circle,color=gray] {6};
\path (-2.,-2.,2.) node(7_0) [draw,shape=circle,color=gray] {7};
\path (-2.,-2.,-2.) node(8_0) [draw,shape=circle,color=gray] {8};
\path (2.,-2.,2.) node(9_0) [draw,shape=circle,color=gray] {9};
\path (-2.,2.,2.) node(10_0) [draw,shape=circle,color=gray] {10};
\path (2.,2.,2.) node(11_0) [draw,shape=circle,color=gray] {11};
\path (-2.,2.,-2.) node(12_0) [draw,shape=circle,color=gray] {12};
\path (-0.666667,-2.,0.666667) node(13_0) [draw,shape=circle,color=gray] {13};
\path (-0.666667,2.,0.666667) node(14_0) [draw,shape=circle,color=gray] {14};
\path (0.,0.,2.) node(15_0) [draw,shape=circle,color=gray] {15};
\path (0.,0.,-0.) node(16_0) [draw,shape=circle,color=gray] {16};
\path (-2.,0.,-0.) node(17_0) [draw,shape=circle,color=gray] {17};
\path (-2.,-2.,-0.) node(18_0) [draw,shape=circle,color=gray] {18};
\path (0.,-2.,-0.) node(19_0) [draw,shape=circle,color=gray] {19};
\path (0.,-2.,2.) node(20_0) [draw,shape=circle,color=gray] {20};
\path (0.,2.,2.) node(21_0) [draw,shape=circle,color=gray] {21};
\path (0.,2.,-0.) node(22_0) [draw,shape=circle,color=gray] {22};
\path (-2.,2.,-0.) node(23_0) [draw,shape=circle,color=gray] {23};
\path (2.,0.,2.) node(24_0) [draw,shape=circle,color=gray] {24};
\path (-2.,0.,2.) node(25_0) [draw,shape=circle,color=gray] {25};
\path (-2.,0.,-2.) node(26_0) [draw,shape=circle,color=gray] {26};
\draw[color=gray] (13_0) -- (6_0);
\draw[color=gray] (14_0) -- (6_0);
\draw[color=gray] (15_0) -- (6_0);
\draw[color=gray] (16_0) -- (6_0);
\draw[color=gray] (17_0) -- (6_0);
\draw[color=gray] (18_0) -- (13_0);
\draw[color=gray] (19_0) -- (13_0);
\draw[color=gray] (20_0) -- (13_0);
\draw[color=gray] (21_0) -- (14_0);
\draw[color=gray] (22_0) -- (14_0);
\draw[color=gray] (23_0) -- (14_0);
\draw[color=gray] (20_0) -- (15_0);
\draw[color=gray] (24_0) -- (15_0);
\draw[color=gray] (21_0) -- (15_0);
\draw[color=gray] (25_0) -- (15_0);
\draw[color=gray] (19_0) -- (16_0);
\draw[color=gray] (26_0) -- (16_0);
\draw[color=gray] (22_0) -- (16_0);
\draw[color=gray] (24_0) -- (16_0);
\draw[color=gray] (18_0) -- (17_0);
\draw[color=gray] (25_0) -- (17_0);
\draw[color=gray] (23_0) -- (17_0);
\draw[color=gray] (26_0) -- (17_0);
\draw[color=gray] (7_0) -- (18_0);
\draw[color=gray] (18_0) -- (8_0);
\draw[color=gray] (8_0) -- (19_0);
\draw[color=gray] (19_0) -- (9_0);
\draw[color=gray] (9_0) -- (20_0);
\draw[color=gray] (20_0) -- (7_0);
\draw[color=gray] (10_0) -- (21_0);
\draw[color=gray] (21_0) -- (11_0);
\draw[color=gray] (11_0) -- (22_0);
\draw[color=gray] (22_0) -- (12_0);
\draw[color=gray] (12_0) -- (23_0);
\draw[color=gray] (23_0) -- (10_0);
\draw[color=gray] (9_0) -- (24_0);
\draw[color=gray] (24_0) -- (11_0);
\draw[color=gray] (10_0) -- (25_0);
\draw[color=gray] (25_0) -- (7_0);
\draw[color=gray] (8_0) -- (26_0);
\draw[color=gray] (26_0) -- (12_0);
\path (-1.16667,-1.,1.16667) node(0_0) [] {};
\path (0.333333,-1.,1.16667) node(1_0) [] {};
\path (-1.16667,-1.,-0.333333) node(2_0) [] {};
\path (-1.16667,1.,1.16667) node(3_0) [] {};
\path (0.333333,1.,1.16667) node(4_0) [] {};
\path (-1.16667,1.,-0.333333) node(5_0) [] {};
\end{tikzpicture}
\end{document}
triangular_prism orientation 1
\documentclass[tikz]{standalone}

\usepackage{pgflibraryshapes}
\usetikzlibrary{backgrounds}
\usetikzlibrary{arrows}
\begin{document}
\begin{tikzpicture}[scale = 1.,font=\fontsize{8}{8}\selectfont]
\path (-0.666667,0.,0.666667) node(6_0) [draw,shape=circle,color=gray] {6};
\path (2.,-2.,2.) node(7_0) [draw,shape=circle,color=gray] {7};
\path (-2.,-2.,2.) node(8_0) [draw,shape=circle,color=gray] {8};
\path (-2.,-2.,-2.) node(9_0) [draw,shape=circle,color=gray] {9};
\path (2.,2.,2.) node(10_0) [draw,shape=circle,color=gray] {10};
\path (-2.,2.,-2.) node(11_0) [draw,shape=circle,color=gray] {11};
\path (-2.,2.,2.) node(12_0) [draw,shape=circle,color=gray] {12};
\path (-0.666667,-2.,0.666667) node(13_0) [draw,shape=circle,color=gray] {13};
\path (-0.666667,2.,0.666667) node(14_0) [draw,shape=circle,color=gray] {14};
\path (0.,0.,-0.) node(15_0) [draw,shape=circle,color=gray] {15};
\path (-2.,0.,-0.) node(16_0) [draw,shape=circle,color=gray] {16};
\path (0.,0.,2.) node(17_0) [draw,shape=circle,color=gray] {17};
\path (0.,-2.,2.) node(18_0) [draw,shape=circle,color=gray] {18};
\path (-2.,-2.,-0.) node(19_0) [draw,shape=circle,color=gray] {19};
\path (0.,-2.,-0.) node(20_0) [draw,shape=circle,color=gray] {20};
\path (0.,2.,-0.) node(21_0) [draw,shape=circle,color=gray] {21};
\path (-2.,2.,-0.) node(22_0) [draw,shape=circle,color=gray] {22};
\path (0.,2.,2.) node(23_0) [draw,shape=circle,color=gray] {23};
\path (-2.,0.,-2.) node(24_0) [draw,shape=circle,color=gray] {24};
\path (2.,0.,2.) node(25_0) [draw,shape=circle,color=gray] {25};
\path (-2.,0.,2.) node(26_0) [draw,shape=circle,color=gray] {26};
\draw[color=gray] (13_0) -- (6_0);
\draw[color=gray] (14_0) -- (6_0);
\draw[color=gray] (17_0) -- (6_0);
\draw[color=gray] (15_0) -- (6_0);
\draw[color=gray] (16_0) -- (6_0);
\draw[color=gray] (18_0) -- (13_0);
\draw[color=gray] (19_0) -- (13_0);
\draw[color=gray] (20_0) -- (13_0);
\draw[color=gray] (21_0) -- (14_0);
\draw[color=gray] (22_0) -- (14_0);
\draw[color=gray] (23_0) -- (14_0);
\draw[color=gray] (20_0) -- (15_0);
\draw[color=gray] (24_0) -- (15_0);
\draw[color=gray] (21_0) -- (15_0);
\draw[color=gray] (25_0) -- (15_0);
\draw[color=gray] (19_0) -- (16_0);
\draw[color=gray] (26_0) -- (16_0);
\draw[color=gray] (22_0) -- (16_0);
\draw[color=gray] (24_0) -- (16_0);
\draw[color=gray] (18_0) -- (17_0);
\draw[color=gray] (25_0) -- (17_0);
\draw[color=gray] (23_0) -- (17_0);
\draw[color=gray] (26_0) -- (17_0);
\draw[color=gray] (7_0) -- (18_0);
\draw[color=gray] (18_0) -- (8_0);
\draw[color=gray] (8_0) -- (19_0);
\draw[color=gray] (19_0) -- (9_0);
\draw[color=gray] (9_0) -- (20_0);
\draw[color=gray] (20_0) -- (7_0);
\draw[color=gray] (10_0) -- (21_0);
\draw[color=gray] (21_0) -- (11_0);
\draw[color=gray] (11_0) -- (22_0);
\draw[color=gray] (22_0) -- (12_0);
\draw[color=gray] (12_0) -- (23_0);
\draw[color=gray] (23_0) -- (10_0);
\draw[color=gray] (9_0) -- (24_0);
\draw[color=gray] (24_0) -- (11_0);
\draw[color=gray] (10_0) -- (25_0);
\draw[color=gray] (25_0) -- (7_0);
\draw[color=gray] (8_0) -- (26_0);
\draw[color=gray] (26_0) -- (12_0);
\path (-1.16667,-1.,1.16667) node(0_0) [] {};
\path (0.333333,-1.,1.16667) node(1_0) [] {};
\path (-1.16667,-1.,-0.333333) node(2_0) [] {};
\path (-1.16667,1.,1.16667) node(3_0) [] {};
\path (0.333333,1.,1.16667) node(4_0) [] {};
\path (-1.16667,1.,-0.333333) node(5_0) [] {};
\end{tikzpicture}
\end{document}
triangular_prism orientation 2
\documentclass[tikz]{standalone}

\usepackage{pgflibraryshapes}
\usetikzlibrary{backgrounds}
\usetikzlibrary{arrows}
\begin{document}
\begin{tikzpicture}[scale = 1.,font=\fontsize{8}{8}\selectfont]
\path (-0.666667,0.,0.666667) node(6_0) [draw,shape=circle,color=gray] {6};
\path (-2.,-2.,-2.) node(7_0) [draw,shape=circle,color=gray] {7};
\path (2.,-2.,2.) node(8_0) [draw,shape=circle,color=gray] {8};
\path (-2.,-2.,2.) node(9_0) [draw,shape=circle,color=gray] {9};
\path (-2.,2.,-2.) node(10_0) [draw,shape=circle,color=gray] {10};
\path (-2.,2.,2.) node(11_0) [draw,shape=circle,color=gray] {11};
\path (2.,2.,2.) node(12_0) [draw,shape=circle,color=gray] {12};
\path (-0.666667,-2.,0.666667) node(13_0) [draw,shape=circle,color=gray] {13};
\path (-0.666667,2.,0.666667) node(14_0) [draw,shape=circle,color=gray] {14};
\path (-2.,0.,-0.) node(15_0) [draw,shape=circle,color=gray] {15};
\path (0.,0.,2.) node(16_0) [draw,shape=circle,color=gray] {16};
\path (0.,0.,-0.) node(17_0) [draw,shape=circle,color=gray] {17};
\path (0.,-2.,-0.) node(18_0) [draw,shape=circle,color=gray] {18};
\path (0.,-2.,2.) node(19_0) [draw,shape=circle,color=gray] {19};
\path (-2.,-2.,-0.) node(20_0) [draw,shape=circle,color=gray] {20};
\path (-2.,2.,-0.) node(21_0) [draw,shape=circle,color=gray] {21};
\path (0.,2.,2.) node(22_0) [draw,shape=circle,color=gray] {22};
\path (0.,2.,-0.) node(23_0) [draw,shape=circle,color=gray] {23};
\path (-2.,0.,2.) node(24_0) [draw,shape=circle,color=gray] {24};
\path (-2.,0.,-2.) node(25_0) [draw,shape=circle,color=gray] {25};
\path (2.,0.,2.) node(26_0) [draw,shape=circle,color=gray] {26};
\draw[color=gray] (13_0) -- (6_0);
\draw[color=gray] (14_0) -- (6_0);
\draw[color=gray] (16_0) -- (6_0);
\draw[color=gray] (17_0) -- (6_0);
\draw[color=gray] (15_0) -- (6_0);
\draw[color=gray] (18_0) -- (13_0);
\draw[color=gray] (19_0) -- (13_0);
\draw[color=gray] (20_0) -- (13_0);
\draw[color=gray] (21_0) -- (14_0);
\draw[color=gray] (22_0) -- (14_0);
\draw[color=gray] (23_0) -- (14_0);
\draw[color=gray] (20_0) -- (15_0);
\draw[color=gray] (24_0) -- (15_0);
\draw[color=gray] (21_0) -- (15_0);
\draw[color=gray] (25_0) -- (15_0);
\draw[color=gray] (19_0) -- (16_0);
\draw[color=gray] (26_0) -- (16_0);
\draw[color=gray] (22_0) -- (16_0);
\draw[color=gray] (24_0) -- (16_0);
\draw[color=gray] (18_0) -- (17_0);
\draw[color=gray] (25_0) -- (17_0);
\draw[color=gray] (23_0) -- (17_0);
\draw[color=gray] (26_0) -- (17_0);
\draw[color=gray] (7_0) -- (18_0);
\draw[color=gray] (18_0) -- (8_0);
\draw[color=gray] (8_0) -- (19_0);
\draw[color=gray] (19_0) -- (9_0);
\draw[color=gray] (9_0) -- (20_0);
\draw[color=gray] (20_0) -- (7_0);
\draw[color=gray] (10_0) -- (21_0);
\draw[color=gray] (21_0) -- (11_0);
\draw[color=gray] (11_0) -- (22_0);
\draw[color=gray] (22_0) -- (12_0);
\draw[color=gray] (12_0) -- (23_0);
\draw[color=gray] (23_0) -- (10_0);
\draw[color=gray] (9_0) -- (24_0);
\draw[color=gray] (24_0) -- (11_0);
\draw[color=gray] (10_0) -- (25_0);
\draw[color=gray] (25_0) -- (7_0);
\draw[color=gray] (8_0) -- (26_0);
\draw[color=gray] (26_0) -- (12_0);
\path (-1.16667,-1.,1.16667) node(0_0) [] {};
\path (0.333333,-1.,1.16667) node(1_0) [] {};
\path (-1.16667,-1.,-0.333333) node(2_0) [] {};
\path (-1.16667,1.,1.16667) node(3_0) [] {};
\path (0.333333,1.,1.16667) node(4_0) [] {};
\path (-1.16667,1.,-0.333333) node(5_0) [] {};
\end{tikzpicture}
\end{document}
triangular_prism orientation 3
\documentclass[tikz]{standalone}

\usepackage{pgflibraryshapes}
\usetikzlibrary{backgrounds}
\usetikzlibrary{arrows}
\begin{document}
\begin{tikzpicture}[scale = 1.,font=\fontsize{8}{8}\selectfont]
\path (-0.666667,0.,0.666667) node(6_0) [draw,shape=circle,color=gray] {6};
\path (2.,2.,2.) node(7_0) [draw,shape=circle,color=gray] {7};
\path (-2.,2.,-2.) node(8_0) [draw,shape=circle,color=gray] {8};
\path (-2.,2.,2.) node(9_0) [draw,shape=circle,color=gray] {9};
\path (2.,-2.,2.) node(10_0) [draw,shape=circle,color=gray] {10};
\path (-2.,-2.,2.) node(11_0) [draw,shape=circle,color=gray] {11};
\path (-2.,-2.,-2.) node(12_0) [draw,shape=circle,color=gray] {12};
\path (-0.666667,2.,0.666667) node(13_0) [draw,shape=circle,color=gray] {13};
\path (-0.666667,-2.,0.666667) node(14_0) [draw,shape=circle,color=gray] {14};
\path (0.,0.,2.) node(15_0) [draw,shape=circle,color=gray] {15};
\path (-2.,0.,-0.) node(16_0) [draw,shape=circle,color=gray] {16};
\path (0.,0.,-0.) node(17_0) [draw,shape=circle,color=gray] {17};
\path (0.,2.,-0.) node(18_0) [draw,shape=circle,color=gray] {18};
\path (-2.,2.,-0.) node(19_0) [draw,shape=circle,color=gray] {19};
\path (0.,2.,2.) node(20_0) [draw,shape=circle,color=gray] {20};
\path (0.,-2.,2.) node(21_0) [draw,shape=circle,color=gray] {21};
\path (-2.,-2.,-0.) node(22_0) [draw,shape=circle,color=gray] {22};
\path (0.,-2.,-0.) node(23_0) [draw,shape=circle,color=gray] {23};
\path (-2.,0.,2.) node(24_0) [draw,shape=circle,color=gray] {24};
\path (2.,0.,2.) node(25_0) [draw,shape=circle,color=gray] {25};
\path (-2.,0.,-2.) node(26_0) [draw,shape=circle,color=gray] {26};
\draw[color=gray] (14_0) -- (6_0);
\draw[color=gray] (13_0) -- (6_0);
\draw[color=gray] (15_0) -- (6_0);
\draw[color=gray] (17_0) -- (6_0);
\draw[color=gray] (16_0) -- (6_0);
\draw[color=gray] (18_0) -- (13_0);
\draw[color=gray] (19_0) -- (13_0);
\draw[color=gray] (20_0) -- (13_0);
\draw[color=gray] (21_0) -- (14_0);
\draw[color=gray] (22_0) -- (14_0);
\draw[color=gray] (23_0) -- (14_0);
\draw[color=gray] (20_0) -- (15_0);
\draw[color=gray] (24_0) -- (15_0);
\draw[color=gray] (21_0) -- (15_0);
\draw[color=gray] (25_0) -- (15_0);
\draw[color=gray] (19_0) -- (16_0);
\draw[color=gray] (26_0) -- (16_0);
\draw[color=gray] (22_0) -- (16_0);
\draw[color=gray] (24_0) -- (16_0);
\draw[color=gray] (18_0) -- (17_0);
\draw[color=gray] (25_0) -- (17_0);
\draw[color=gray] (23_0) -- (17_0);
\draw[color=gray] (26_0) -- (17_0);
\draw[color=gray] (7_0) -- (18_0);
\draw[color=gray] (18_0) -- (8_0);
\draw[color=gray] (8_0) -- (19_0);
\draw[color=gray] (19_0) -- (9_0);
\draw[color=gray] (9_0) -- (20_0);
\draw[color=gray] (20_0) -- (7_0);
\draw[color=gray] (10_0) -- (21_0);
\draw[color=gray] (21_0) -- (11_0);
\draw[color=gray] (11_0) -- (22_0);
\draw[color=gray] (22_0) -- (12_0);
\draw[color=gray] (12_0) -- (23_0);
\draw[color=gray] (23_0) -- (10_0);
\draw[color=gray] (9_0) -- (24_0);
\draw[color=gray] (24_0) -- (11_0);
\draw[color=gray] (10_0) -- (25_0);
\draw[color=gray] (25_0) -- (7_0);
\draw[color=gray] (8_0) -- (26_0);
\draw[color=gray] (26_0) -- (12_0);
\path (-1.16667,-1.,1.16667) node(0_0) [] {};
\path (0.333333,-1.,1.16667) node(1_0) [] {};
\path (-1.16667,-1.,-0.333333) node(2_0) [] {};
\path (-1.16667,1.,1.16667) node(3_0) [] {};
\path (0.333333,1.,1.16667) node(4_0) [] {};
\path (-1.16667,1.,-0.333333) node(5_0) [] {};
\end{tikzpicture}
\end{document}
triangular_prism orientation 4
\documentclass[tikz]{standalone}

\usepackage{pgflibraryshapes}
\usetikzlibrary{backgrounds}
\usetikzlibrary{arrows}
\begin{document}
\begin{tikzpicture}[scale = 1.,font=\fontsize{8}{8}\selectfont]
\path (-0.666667,0.,0.666667) node(6_0) [draw,shape=circle,color=gray] {6};
\path (-2.,2.,2.) node(7_0) [draw,shape=circle,color=gray] {7};
\path (2.,2.,2.) node(8_0) [draw,shape=circle,color=gray] {8};
\path (-2.,2.,-2.) node(9_0) [draw,shape=circle,color=gray] {9};
\path (-2.,-2.,2.) node(10_0) [draw,shape=circle,color=gray] {10};
\path (-2.,-2.,-2.) node(11_0) [draw,shape=circle,color=gray] {11};
\path (2.,-2.,2.) node(12_0) [draw,shape=circle,color=gray] {12};
\path (-0.666667,2.,0.666667) node(13_0) [draw,shape=circle,color=gray] {13};
\path (-0.666667,-2.,0.666667) node(14_0) [draw,shape=circle,color=gray] {14};
\path (-2.,0.,-0.) node(15_0) [draw,shape=circle,color=gray] {15};
\path (0.,0.,-0.) node(16_0) [draw,shape=circle,color=gray] {16};
\path (0.,0.,2.) node(17_0) [draw,shape=circle,color=gray] {17};
\path (0.,2.,2.) node(18_0) [draw,shape=circle,color=gray] {18};
\path (0.,2.,-0.) node(19_0) [draw,shape=circle,color=gray] {19};
\path (-2.,2.,-0.) node(20_0) [draw,shape=circle,color=gray] {20};
\path (-2.,-2.,-0.) node(21_0) [draw,shape=circle,color=gray] {21};
\path (0.,-2.,-0.) node(22_0) [draw,shape=circle,color=gray] {22};
\path (0.,-2.,2.) node(23_0) [draw,shape=circle,color=gray] {23};
\path (-2.,0.,-2.) node(24_0) [draw,shape=circle,color=gray] {24};
\path (-2.,0.,2.) node(25_0) [draw,shape=circle,color=gray] {25};
\path (2.,0.,2.) node(26_0) [draw,shape=circle,color=gray] {26};
\draw[color=gray] (14_0) -- (6_0);
\draw[color=gray] (13_0) -- (6_0);
\draw[color=gray] (17_0) -- (6_0);
\draw[color=gray] (16_0) -- (6_0);
\draw[color=gray] (15_0) -- (6_0);
\draw[color=gray] (18_0) -- (13_0);
\draw[color=gray] (19_0) -- (13_0);
\draw[color=gray] (20_0) -- (13_0);
\draw[color=gray] (21_0) -- (14_0);
\draw[color=gray] (22_0) -- (14_0);
\draw[color=gray] (23_0) -- (14_0);
\draw[color=gray] (20_0) -- (15_0);
\draw[color=gray] (24_0) -- (15_0);
\draw[color=gray] (21_0) -- (15_0);
\draw[color=gray] (25_0) -- (15_0);
\draw[color=gray] (19_0) -- (16_0);
\draw[color=gray] (26_0) -- (16_0);
\draw[color=gray] (22_0) -- (16_0);
\draw[color=gray] (24_0) -- (16_0);
\draw[color=gray] (18_0) -- (17_0);
\draw[color=gray] (25_0) -- (17_0);
\draw[color=gray] (23_0) -- (17_0);
\draw[color=gray] (26_0) -- (17_0);
\draw[color=gray] (7_0) -- (18_0);
\draw[color=gray] (18_0) -- (8_0);
\draw[color=gray] (8_0) -- (19_0);
\draw[color=gray] (19_0) -- (9_0);
\draw[color=gray] (9_0) -- (20_0);
\draw[color=gray] (20_0) -- (7_0);
\draw[color=gray] (10_0) -- (21_0);
\draw[color=gray] (21_0) -- (11_0);
\draw[color=gray] (11_0) -- (22_0);
\draw[color=gray] (22_0) -- (12_0);
\draw[color=gray] (12_0) -- (23_0);
\draw[color=gray] (23_0) -- (10_0);
\draw[color=gray] (9_0) -- (24_0);
\draw[color=gray] (24_0) -- (11_0);
\draw[color=gray] (10_0) -- (25_0);
\draw[color=gray] (25_0) -- (7_0);
\draw[color=gray] (8_0) -- (26_0);
\draw[color=gray] (26_0) -- (12_0);
\path (-1.16667,-1.,1.16667) node(0_0) [] {};
\path (0.333333,-1.,1.16667) node(1_0) [] {};
\path (-1.16667,-1.,-0.333333) node(2_0) [] {};
\path (-1.16667,1.,1.16667) node(3_0) [] {};
\path (0.333333,1.,1.16667) node(4_0) [] {};
\path (-1.16667,1.,-0.333333) node(5_0) [] {};
\end{tikzpicture}
\end{document}
triangular_prism orientation 5
\documentclass[tikz]{standalone}

\usepackage{pgflibraryshapes}
\usetikzlibrary{backgrounds}
\usetikzlibrary{arrows}
\begin{document}
\begin{tikzpicture}[scale = 1.,font=\fontsize{8}{8}\selectfont]
\path (-0.666667,0.,0.666667) node(6_0) [draw,shape=circle,color=gray] {6};
\path (-2.,2.,-2.) node(7_0) [draw,shape=circle,color=gray] {7};
\path (-2.,2.,2.) node(8_0) [draw,shape=circle,color=gray] {8};
\path (2.,2.,2.) node(9_0) [draw,shape=circle,color=gray] {9};
\path (-2.,-2.,-2.) node(10_0) [draw,shape=circle,color=gray] {10};
\path (2.,-2.,2.) node(11_0) [draw,shape=circle,color=gray] {11};
\path (-2.,-2.,2.) node(12_0) [draw,shape=circle,color=gray] {12};
\path (-0.666667,2.,0.666667) node(13_0) [draw,shape=circle,color=gray] {13};
\path (-0.666667,-2.,0.666667) node(14_0) [draw,shape=circle,color=gray] {14};
\path (0.,0.,-0.) node(15_0) [draw,shape=circle,color=gray] {15};
\path (0.,0.,2.) node(16_0) [draw,shape=circle,color=gray] {16};
\path (-2.,0.,-0.) node(17_0) [draw,shape=circle,color=gray] {17};
\path (-2.,2.,-0.) node(18_0) [draw,shape=circle,color=gray] {18};
\path (0.,2.,2.) node(19_0) [draw,shape=circle,color=gray] {19};
\path (0.,2.,-0.) node(20_0) [draw,shape=circle,color=gray] {20};
\path (0.,-2.,-0.) node(21_0) [draw,shape=circle,color=gray] {21};
\path (0.,-2.,2.) node(22_0) [draw,shape=circle,color=gray] {22};
\path (-2.,-2.,-0.) node(23_0) [draw,shape=circle,color=gray] {23};
\path (2.,0.,2.) node(24_0) [draw,shape=circle,color=gray] {24};
\path (-2.,0.,-2.) node(25_0) [draw,shape=circle,color=gray] {25};
\path (-2.,0.,2.) node(26_0) [draw,shape=circle,color=gray] {26};
\draw[color=gray] (14_0) -- (6_0);
\draw[color=gray] (13_0) -- (6_0);
\draw[color=gray] (16_0) -- (6_0);
\draw[color=gray] (15_0) -- (6_0);
\draw[color=gray] (17_0) -- (6_0);
\draw[color=gray] (18_0) -- (13_0);
\draw[color=gray] (19_0) -- (13_0);
\draw[color=gray] (20_0) -- (13_0);
\draw[color=gray] (21_0) -- (14_0);
\draw[color=gray] (22_0) -- (14_0);
\draw[color=gray] (23_0) -- (14_0);
\draw[color=gray] (20_0) -- (15_0);
\draw[color=gray] (24_0) -- (15_0);
\draw[color=gray] (21_0) -- (15_0);
\draw[color=gray] (25_0) -- (15_0);
\draw[color=gray] (19_0) -- (16_0);
\draw[color=gray] (26_0) -- (16_0);
\draw[color=gray] (22_0) -- (16_0);
\draw[color=gray] (24_0) -- (16_0);
\draw[color=gray] (18_0) -- (17_0);
\draw[color=gray] (25_0) -- (17_0);
\draw[color=gray] (23_0) -- (17_0);
\draw[color=gray] (26_0) -- (17_0);
\draw[color=gray] (7_0) -- (18_0);
\draw[color=gray] (18_0) -- (8_0);
\draw[color=gray] (8_0) -- (19_0);
\draw[color=gray] (19_0) -- (9_0);
\draw[color=gray] (9_0) -- (20_0);
\draw[color=gray] (20_0) -- (7_0);
\draw[color=gray] (10_0) -- (21_0);
\draw[color=gray] (21_0) -- (11_0);
\draw[color=gray] (11_0) -- (22_0);
\draw[color=gray] (22_0) -- (12_0);
\draw[color=gray] (12_0) -- (23_0);
\draw[color=gray] (23_0) -- (10_0);
\draw[color=gray] (9_0) -- (24_0);
\draw[color=gray] (24_0) -- (11_0);
\draw[color=gray] (10_0) -- (25_0);
\draw[color=gray] (25_0) -- (7_0);
\draw[color=gray] (8_0) -- (26_0);
\draw[color=gray] (26_0) -- (12_0);
\path (-1.16667,-1.,1.16667) node(0_0) [] {};
\path (0.333333,-1.,1.16667) node(1_0) [] {};
\path (-1.16667,-1.,-0.333333) node(2_0) [] {};
\path (-1.16667,1.,1.16667) node(3_0) [] {};
\path (0.333333,1.,1.16667) node(4_0) [] {};
\path (-1.16667,1.,-0.333333) node(5_0) [] {};
\end{tikzpicture}
\end{document}
