hexahedron orientation -24
\documentclass[tikz]{standalone}

\usepackage{pgflibraryshapes}
\usetikzlibrary{backgrounds}
\usetikzlibrary{arrows}
\begin{document}
\begin{tikzpicture}[scale = 0.3,font=\fontsize{8}{8}\selectfont]
\path (-2.,-2.,-2.) node(1_0) [draw,shape=circle,color=gray] {1};
\path (-2.,2.,-2.) node(2_0) [draw,shape=circle,color=gray] {2};
\path (-2.,2.,2.) node(3_0) [draw,shape=circle,color=gray] {3};
\path (-2.,-2.,2.) node(4_0) [draw,shape=circle,color=gray] {4};
\path (2.,-2.,-2.) node(5_0) [draw,shape=circle,color=gray] {5};
\path (2.,-2.,2.) node(6_0) [draw,shape=circle,color=gray] {6};
\path (2.,2.,2.) node(7_0) [draw,shape=circle,color=gray] {7};
\path (2.,2.,-2.) node(8_0) [draw,shape=circle,color=gray] {8};
\draw[color=gray] (1_0) -- (2_0);
\draw[color=gray] (2_0) -- (3_0);
\draw[color=gray] (3_0) -- (4_0);
\draw[color=gray] (4_0) -- (1_0);
\draw[color=gray] (5_0) -- (6_0);
\draw[color=gray] (6_0) -- (7_0);
\draw[color=gray] (7_0) -- (8_0);
\draw[color=gray] (8_0) -- (5_0);
\draw[color=gray] (4_0) -- (6_0);
\draw[color=gray] (5_0) -- (1_0);
\draw[color=gray] (2_0) -- (8_0);
\draw[color=gray] (7_0) -- (3_0);
\path (0.,0.,0.) node(0_0) [] {};
\end{tikzpicture}
\end{document}
hexahedron orientation -23
\documentclass[tikz]{standalone}

\usepackage{pgflibraryshapes}
\usetikzlibrary{backgrounds}
\usetikzlibrary{arrows}
\begin{document}
\begin{tikzpicture}[scale = 0.3,font=\fontsize{8}{8}\selectfont]
\path (-2.,2.,2.) node(1_0) [draw,shape=circle,color=gray] {1};
\path (2.,2.,2.) node(2_0) [draw,shape=circle,color=gray] {2};
\path (2.,-2.,2.) node(3_0) [draw,shape=circle,color=gray] {3};
\path (-2.,-2.,2.) node(4_0) [draw,shape=circle,color=gray] {4};
\path (-2.,2.,-2.) node(5_0) [draw,shape=circle,color=gray] {5};
\path (-2.,-2.,-2.) node(6_0) [draw,shape=circle,color=gray] {6};
\path (2.,-2.,-2.) node(7_0) [draw,shape=circle,color=gray] {7};
\path (2.,2.,-2.) node(8_0) [draw,shape=circle,color=gray] {8};
\draw[color=gray] (1_0) -- (2_0);
\draw[color=gray] (2_0) -- (3_0);
\draw[color=gray] (3_0) -- (4_0);
\draw[color=gray] (4_0) -- (1_0);
\draw[color=gray] (5_0) -- (6_0);
\draw[color=gray] (6_0) -- (7_0);
\draw[color=gray] (7_0) -- (8_0);
\draw[color=gray] (8_0) -- (5_0);
\draw[color=gray] (4_0) -- (6_0);
\draw[color=gray] (5_0) -- (1_0);
\draw[color=gray] (2_0) -- (8_0);
\draw[color=gray] (7_0) -- (3_0);
\path (0.,0.,0.) node(0_0) [] {};
\end{tikzpicture}
\end{document}
hexahedron orientation -22
\documentclass[tikz]{standalone}

\usepackage{pgflibraryshapes}
\usetikzlibrary{backgrounds}
\usetikzlibrary{arrows}
\begin{document}
\begin{tikzpicture}[scale = 0.3,font=\fontsize{8}{8}\selectfont]
\path (-2.,-2.,-2.) node(1_0) [draw,shape=circle,color=gray] {1};
\path (2.,-2.,-2.) node(2_0) [draw,shape=circle,color=gray] {2};
\path (2.,2.,-2.) node(3_0) [draw,shape=circle,color=gray] {3};
\path (-2.,2.,-2.) node(4_0) [draw,shape=circle,color=gray] {4};
\path (-2.,-2.,2.) node(5_0) [draw,shape=circle,color=gray] {5};
\path (-2.,2.,2.) node(6_0) [draw,shape=circle,color=gray] {6};
\path (2.,2.,2.) node(7_0) [draw,shape=circle,color=gray] {7};
\path (2.,-2.,2.) node(8_0) [draw,shape=circle,color=gray] {8};
\draw[color=gray] (1_0) -- (2_0);
\draw[color=gray] (2_0) -- (3_0);
\draw[color=gray] (3_0) -- (4_0);
\draw[color=gray] (4_0) -- (1_0);
\draw[color=gray] (5_0) -- (6_0);
\draw[color=gray] (6_0) -- (7_0);
\draw[color=gray] (7_0) -- (8_0);
\draw[color=gray] (8_0) -- (5_0);
\draw[color=gray] (4_0) -- (6_0);
\draw[color=gray] (5_0) -- (1_0);
\draw[color=gray] (2_0) -- (8_0);
\draw[color=gray] (7_0) -- (3_0);
\path (0.,0.,0.) node(0_0) [] {};
\end{tikzpicture}
\end{document}
hexahedron orientation -21
\documentclass[tikz]{standalone}

\usepackage{pgflibraryshapes}
\usetikzlibrary{backgrounds}
\usetikzlibrary{arrows}
\begin{document}
\begin{tikzpicture}[scale = 0.3,font=\fontsize{8}{8}\selectfont]
\path (2.,2.,-2.) node(1_0) [draw,shape=circle,color=gray] {1};
\path (2.,-2.,-2.) node(2_0) [draw,shape=circle,color=gray] {2};
\path (2.,-2.,2.) node(3_0) [draw,shape=circle,color=gray] {3};
\path (2.,2.,2.) node(4_0) [draw,shape=circle,color=gray] {4};
\path (-2.,2.,-2.) node(5_0) [draw,shape=circle,color=gray] {5};
\path (-2.,2.,2.) node(6_0) [draw,shape=circle,color=gray] {6};
\path (-2.,-2.,2.) node(7_0) [draw,shape=circle,color=gray] {7};
\path (-2.,-2.,-2.) node(8_0) [draw,shape=circle,color=gray] {8};
\draw[color=gray] (1_0) -- (2_0);
\draw[color=gray] (2_0) -- (3_0);
\draw[color=gray] (3_0) -- (4_0);
\draw[color=gray] (4_0) -- (1_0);
\draw[color=gray] (5_0) -- (6_0);
\draw[color=gray] (6_0) -- (7_0);
\draw[color=gray] (7_0) -- (8_0);
\draw[color=gray] (8_0) -- (5_0);
\draw[color=gray] (4_0) -- (6_0);
\draw[color=gray] (5_0) -- (1_0);
\draw[color=gray] (2_0) -- (8_0);
\draw[color=gray] (7_0) -- (3_0);
\path (0.,0.,0.) node(0_0) [] {};
\end{tikzpicture}
\end{document}
hexahedron orientation -20
\documentclass[tikz]{standalone}

\usepackage{pgflibraryshapes}
\usetikzlibrary{backgrounds}
\usetikzlibrary{arrows}
\begin{document}
\begin{tikzpicture}[scale = 0.3,font=\fontsize{8}{8}\selectfont]
\path (-2.,2.,2.) node(1_0) [draw,shape=circle,color=gray] {1};
\path (-2.,-2.,2.) node(2_0) [draw,shape=circle,color=gray] {2};
\path (-2.,-2.,-2.) node(3_0) [draw,shape=circle,color=gray] {3};
\path (-2.,2.,-2.) node(4_0) [draw,shape=circle,color=gray] {4};
\path (2.,2.,2.) node(5_0) [draw,shape=circle,color=gray] {5};
\path (2.,2.,-2.) node(6_0) [draw,shape=circle,color=gray] {6};
\path (2.,-2.,-2.) node(7_0) [draw,shape=circle,color=gray] {7};
\path (2.,-2.,2.) node(8_0) [draw,shape=circle,color=gray] {8};
\draw[color=gray] (1_0) -- (2_0);
\draw[color=gray] (2_0) -- (3_0);
\draw[color=gray] (3_0) -- (4_0);
\draw[color=gray] (4_0) -- (1_0);
\draw[color=gray] (5_0) -- (6_0);
\draw[color=gray] (6_0) -- (7_0);
\draw[color=gray] (7_0) -- (8_0);
\draw[color=gray] (8_0) -- (5_0);
\draw[color=gray] (4_0) -- (6_0);
\draw[color=gray] (5_0) -- (1_0);
\draw[color=gray] (2_0) -- (8_0);
\draw[color=gray] (7_0) -- (3_0);
\path (0.,0.,0.) node(0_0) [] {};
\end{tikzpicture}
\end{document}
hexahedron orientation -19
\documentclass[tikz]{standalone}

\usepackage{pgflibraryshapes}
\usetikzlibrary{backgrounds}
\usetikzlibrary{arrows}
\begin{document}
\begin{tikzpicture}[scale = 0.3,font=\fontsize{8}{8}\selectfont]
\path (2.,2.,-2.) node(1_0) [draw,shape=circle,color=gray] {1};
\path (-2.,2.,-2.) node(2_0) [draw,shape=circle,color=gray] {2};
\path (-2.,-2.,-2.) node(3_0) [draw,shape=circle,color=gray] {3};
\path (2.,-2.,-2.) node(4_0) [draw,shape=circle,color=gray] {4};
\path (2.,2.,2.) node(5_0) [draw,shape=circle,color=gray] {5};
\path (2.,-2.,2.) node(6_0) [draw,shape=circle,color=gray] {6};
\path (-2.,-2.,2.) node(7_0) [draw,shape=circle,color=gray] {7};
\path (-2.,2.,2.) node(8_0) [draw,shape=circle,color=gray] {8};
\draw[color=gray] (1_0) -- (2_0);
\draw[color=gray] (2_0) -- (3_0);
\draw[color=gray] (3_0) -- (4_0);
\draw[color=gray] (4_0) -- (1_0);
\draw[color=gray] (5_0) -- (6_0);
\draw[color=gray] (6_0) -- (7_0);
\draw[color=gray] (7_0) -- (8_0);
\draw[color=gray] (8_0) -- (5_0);
\draw[color=gray] (4_0) -- (6_0);
\draw[color=gray] (5_0) -- (1_0);
\draw[color=gray] (2_0) -- (8_0);
\draw[color=gray] (7_0) -- (3_0);
\path (0.,0.,0.) node(0_0) [] {};
\end{tikzpicture}
\end{document}
hexahedron orientation -18
\documentclass[tikz]{standalone}

\usepackage{pgflibraryshapes}
\usetikzlibrary{backgrounds}
\usetikzlibrary{arrows}
\begin{document}
\begin{tikzpicture}[scale = 0.3,font=\fontsize{8}{8}\selectfont]
\path (2.,-2.,2.) node(1_0) [draw,shape=circle,color=gray] {1};
\path (2.,2.,2.) node(2_0) [draw,shape=circle,color=gray] {2};
\path (2.,2.,-2.) node(3_0) [draw,shape=circle,color=gray] {3};
\path (2.,-2.,-2.) node(4_0) [draw,shape=circle,color=gray] {4};
\path (-2.,-2.,2.) node(5_0) [draw,shape=circle,color=gray] {5};
\path (-2.,-2.,-2.) node(6_0) [draw,shape=circle,color=gray] {6};
\path (-2.,2.,-2.) node(7_0) [draw,shape=circle,color=gray] {7};
\path (-2.,2.,2.) node(8_0) [draw,shape=circle,color=gray] {8};
\draw[color=gray] (1_0) -- (2_0);
\draw[color=gray] (2_0) -- (3_0);
\draw[color=gray] (3_0) -- (4_0);
\draw[color=gray] (4_0) -- (1_0);
\draw[color=gray] (5_0) -- (6_0);
\draw[color=gray] (6_0) -- (7_0);
\draw[color=gray] (7_0) -- (8_0);
\draw[color=gray] (8_0) -- (5_0);
\draw[color=gray] (4_0) -- (6_0);
\draw[color=gray] (5_0) -- (1_0);
\draw[color=gray] (2_0) -- (8_0);
\draw[color=gray] (7_0) -- (3_0);
\path (0.,0.,0.) node(0_0) [] {};
\end{tikzpicture}
\end{document}
hexahedron orientation -17
\documentclass[tikz]{standalone}

\usepackage{pgflibraryshapes}
\usetikzlibrary{backgrounds}
\usetikzlibrary{arrows}
\begin{document}
\begin{tikzpicture}[scale = 0.3,font=\fontsize{8}{8}\selectfont]
\path (2.,-2.,2.) node(1_0) [draw,shape=circle,color=gray] {1};
\path (-2.,-2.,2.) node(2_0) [draw,shape=circle,color=gray] {2};
\path (-2.,2.,2.) node(3_0) [draw,shape=circle,color=gray] {3};
\path (2.,2.,2.) node(4_0) [draw,shape=circle,color=gray] {4};
\path (2.,-2.,-2.) node(5_0) [draw,shape=circle,color=gray] {5};
\path (2.,2.,-2.) node(6_0) [draw,shape=circle,color=gray] {6};
\path (-2.,2.,-2.) node(7_0) [draw,shape=circle,color=gray] {7};
\path (-2.,-2.,-2.) node(8_0) [draw,shape=circle,color=gray] {8};
\draw[color=gray] (1_0) -- (2_0);
\draw[color=gray] (2_0) -- (3_0);
\draw[color=gray] (3_0) -- (4_0);
\draw[color=gray] (4_0) -- (1_0);
\draw[color=gray] (5_0) -- (6_0);
\draw[color=gray] (6_0) -- (7_0);
\draw[color=gray] (7_0) -- (8_0);
\draw[color=gray] (8_0) -- (5_0);
\draw[color=gray] (4_0) -- (6_0);
\draw[color=gray] (5_0) -- (1_0);
\draw[color=gray] (2_0) -- (8_0);
\draw[color=gray] (7_0) -- (3_0);
\path (0.,0.,0.) node(0_0) [] {};
\end{tikzpicture}
\end{document}
hexahedron orientation -16
\documentclass[tikz]{standalone}

\usepackage{pgflibraryshapes}
\usetikzlibrary{backgrounds}
\usetikzlibrary{arrows}
\begin{document}
\begin{tikzpicture}[scale = 0.3,font=\fontsize{8}{8}\selectfont]
\path (-2.,2.,-2.) node(1_0) [draw,shape=circle,color=gray] {1};
\path (-2.,2.,2.) node(2_0) [draw,shape=circle,color=gray] {2};
\path (-2.,-2.,2.) node(3_0) [draw,shape=circle,color=gray] {3};
\path (-2.,-2.,-2.) node(4_0) [draw,shape=circle,color=gray] {4};
\path (2.,2.,-2.) node(5_0) [draw,shape=circle,color=gray] {5};
\path (2.,-2.,-2.) node(6_0) [draw,shape=circle,color=gray] {6};
\path (2.,-2.,2.) node(7_0) [draw,shape=circle,color=gray] {7};
\path (2.,2.,2.) node(8_0) [draw,shape=circle,color=gray] {8};
\draw[color=gray] (1_0) -- (2_0);
\draw[color=gray] (2_0) -- (3_0);
\draw[color=gray] (3_0) -- (4_0);
\draw[color=gray] (4_0) -- (1_0);
\draw[color=gray] (5_0) -- (6_0);
\draw[color=gray] (6_0) -- (7_0);
\draw[color=gray] (7_0) -- (8_0);
\draw[color=gray] (8_0) -- (5_0);
\draw[color=gray] (4_0) -- (6_0);
\draw[color=gray] (5_0) -- (1_0);
\draw[color=gray] (2_0) -- (8_0);
\draw[color=gray] (7_0) -- (3_0);
\path (0.,0.,0.) node(0_0) [] {};
\end{tikzpicture}
\end{document}
hexahedron orientation -15
\documentclass[tikz]{standalone}

\usepackage{pgflibraryshapes}
\usetikzlibrary{backgrounds}
\usetikzlibrary{arrows}
\begin{document}
\begin{tikzpicture}[scale = 0.3,font=\fontsize{8}{8}\selectfont]
\path (2.,-2.,-2.) node(1_0) [draw,shape=circle,color=gray] {1};
\path (2.,-2.,2.) node(2_0) [draw,shape=circle,color=gray] {2};
\path (2.,2.,2.) node(3_0) [draw,shape=circle,color=gray] {3};
\path (2.,2.,-2.) node(4_0) [draw,shape=circle,color=gray] {4};
\path (-2.,-2.,-2.) node(5_0) [draw,shape=circle,color=gray] {5};
\path (-2.,2.,-2.) node(6_0) [draw,shape=circle,color=gray] {6};
\path (-2.,2.,2.) node(7_0) [draw,shape=circle,color=gray] {7};
\path (-2.,-2.,2.) node(8_0) [draw,shape=circle,color=gray] {8};
\draw[color=gray] (1_0) -- (2_0);
\draw[color=gray] (2_0) -- (3_0);
\draw[color=gray] (3_0) -- (4_0);
\draw[color=gray] (4_0) -- (1_0);
\draw[color=gray] (5_0) -- (6_0);
\draw[color=gray] (6_0) -- (7_0);
\draw[color=gray] (7_0) -- (8_0);
\draw[color=gray] (8_0) -- (5_0);
\draw[color=gray] (4_0) -- (6_0);
\draw[color=gray] (5_0) -- (1_0);
\draw[color=gray] (2_0) -- (8_0);
\draw[color=gray] (7_0) -- (3_0);
\path (0.,0.,0.) node(0_0) [] {};
\end{tikzpicture}
\end{document}
hexahedron orientation -14
\documentclass[tikz]{standalone}

\usepackage{pgflibraryshapes}
\usetikzlibrary{backgrounds}
\usetikzlibrary{arrows}
\begin{document}
\begin{tikzpicture}[scale = 0.3,font=\fontsize{8}{8}\selectfont]
\path (-2.,2.,-2.) node(1_0) [draw,shape=circle,color=gray] {1};
\path (-2.,-2.,-2.) node(2_0) [draw,shape=circle,color=gray] {2};
\path (2.,-2.,-2.) node(3_0) [draw,shape=circle,color=gray] {3};
\path (2.,2.,-2.) node(4_0) [draw,shape=circle,color=gray] {4};
\path (-2.,2.,2.) node(5_0) [draw,shape=circle,color=gray] {5};
\path (2.,2.,2.) node(6_0) [draw,shape=circle,color=gray] {6};
\path (2.,-2.,2.) node(7_0) [draw,shape=circle,color=gray] {7};
\path (-2.,-2.,2.) node(8_0) [draw,shape=circle,color=gray] {8};
\draw[color=gray] (1_0) -- (2_0);
\draw[color=gray] (2_0) -- (3_0);
\draw[color=gray] (3_0) -- (4_0);
\draw[color=gray] (4_0) -- (1_0);
\draw[color=gray] (5_0) -- (6_0);
\draw[color=gray] (6_0) -- (7_0);
\draw[color=gray] (7_0) -- (8_0);
\draw[color=gray] (8_0) -- (5_0);
\draw[color=gray] (4_0) -- (6_0);
\draw[color=gray] (5_0) -- (1_0);
\draw[color=gray] (2_0) -- (8_0);
\draw[color=gray] (7_0) -- (3_0);
\path (0.,0.,0.) node(0_0) [] {};
\end{tikzpicture}
\end{document}
hexahedron orientation -13
\documentclass[tikz]{standalone}

\usepackage{pgflibraryshapes}
\usetikzlibrary{backgrounds}
\usetikzlibrary{arrows}
\begin{document}
\begin{tikzpicture}[scale = 0.3,font=\fontsize{8}{8}\selectfont]
\path (-2.,-2.,2.) node(1_0) [draw,shape=circle,color=gray] {1};
\path (-2.,2.,2.) node(2_0) [draw,shape=circle,color=gray] {2};
\path (2.,2.,2.) node(3_0) [draw,shape=circle,color=gray] {3};
\path (2.,-2.,2.) node(4_0) [draw,shape=circle,color=gray] {4};
\path (-2.,-2.,-2.) node(5_0) [draw,shape=circle,color=gray] {5};
\path (2.,-2.,-2.) node(6_0) [draw,shape=circle,color=gray] {6};
\path (2.,2.,-2.) node(7_0) [draw,shape=circle,color=gray] {7};
\path (-2.,2.,-2.) node(8_0) [draw,shape=circle,color=gray] {8};
\draw[color=gray] (1_0) -- (2_0);
\draw[color=gray] (2_0) -- (3_0);
\draw[color=gray] (3_0) -- (4_0);
\draw[color=gray] (4_0) -- (1_0);
\draw[color=gray] (5_0) -- (6_0);
\draw[color=gray] (6_0) -- (7_0);
\draw[color=gray] (7_0) -- (8_0);
\draw[color=gray] (8_0) -- (5_0);
\draw[color=gray] (4_0) -- (6_0);
\draw[color=gray] (5_0) -- (1_0);
\draw[color=gray] (2_0) -- (8_0);
\draw[color=gray] (7_0) -- (3_0);
\path (0.,0.,0.) node(0_0) [] {};
\end{tikzpicture}
\end{document}
hexahedron orientation -12
\documentclass[tikz]{standalone}

\usepackage{pgflibraryshapes}
\usetikzlibrary{backgrounds}
\usetikzlibrary{arrows}
\begin{document}
\begin{tikzpicture}[scale = 0.3,font=\fontsize{8}{8}\selectfont]
\path (-2.,2.,-2.) node(1_0) [draw,shape=circle,color=gray] {1};
\path (2.,2.,-2.) node(2_0) [draw,shape=circle,color=gray] {2};
\path (2.,2.,2.) node(3_0) [draw,shape=circle,color=gray] {3};
\path (-2.,2.,2.) node(4_0) [draw,shape=circle,color=gray] {4};
\path (-2.,-2.,-2.) node(5_0) [draw,shape=circle,color=gray] {5};
\path (-2.,-2.,2.) node(6_0) [draw,shape=circle,color=gray] {6};
\path (2.,-2.,2.) node(7_0) [draw,shape=circle,color=gray] {7};
\path (2.,-2.,-2.) node(8_0) [draw,shape=circle,color=gray] {8};
\draw[color=gray] (1_0) -- (2_0);
\draw[color=gray] (2_0) -- (3_0);
\draw[color=gray] (3_0) -- (4_0);
\draw[color=gray] (4_0) -- (1_0);
\draw[color=gray] (5_0) -- (6_0);
\draw[color=gray] (6_0) -- (7_0);
\draw[color=gray] (7_0) -- (8_0);
\draw[color=gray] (8_0) -- (5_0);
\draw[color=gray] (4_0) -- (6_0);
\draw[color=gray] (5_0) -- (1_0);
\draw[color=gray] (2_0) -- (8_0);
\draw[color=gray] (7_0) -- (3_0);
\path (0.,0.,0.) node(0_0) [] {};
\end{tikzpicture}
\end{document}
hexahedron orientation -11
\documentclass[tikz]{standalone}

\usepackage{pgflibraryshapes}
\usetikzlibrary{backgrounds}
\usetikzlibrary{arrows}
\begin{document}
\begin{tikzpicture}[scale = 0.3,font=\fontsize{8}{8}\selectfont]
\path (2.,2.,2.) node(1_0) [draw,shape=circle,color=gray] {1};
\path (-2.,2.,2.) node(2_0) [draw,shape=circle,color=gray] {2};
\path (-2.,2.,-2.) node(3_0) [draw,shape=circle,color=gray] {3};
\path (2.,2.,-2.) node(4_0) [draw,shape=circle,color=gray] {4};
\path (2.,-2.,2.) node(5_0) [draw,shape=circle,color=gray] {5};
\path (2.,-2.,-2.) node(6_0) [draw,shape=circle,color=gray] {6};
\path (-2.,-2.,-2.) node(7_0) [draw,shape=circle,color=gray] {7};
\path (-2.,-2.,2.) node(8_0) [draw,shape=circle,color=gray] {8};
\draw[color=gray] (1_0) -- (2_0);
\draw[color=gray] (2_0) -- (3_0);
\draw[color=gray] (3_0) -- (4_0);
\draw[color=gray] (4_0) -- (1_0);
\draw[color=gray] (5_0) -- (6_0);
\draw[color=gray] (6_0) -- (7_0);
\draw[color=gray] (7_0) -- (8_0);
\draw[color=gray] (8_0) -- (5_0);
\draw[color=gray] (4_0) -- (6_0);
\draw[color=gray] (5_0) -- (1_0);
\draw[color=gray] (2_0) -- (8_0);
\draw[color=gray] (7_0) -- (3_0);
\path (0.,0.,0.) node(0_0) [] {};
\end{tikzpicture}
\end{document}
hexahedron orientation -10
\documentclass[tikz]{standalone}

\usepackage{pgflibraryshapes}
\usetikzlibrary{backgrounds}
\usetikzlibrary{arrows}
\begin{document}
\begin{tikzpicture}[scale = 0.3,font=\fontsize{8}{8}\selectfont]
\path (-2.,-2.,2.) node(1_0) [draw,shape=circle,color=gray] {1};
\path (-2.,-2.,-2.) node(2_0) [draw,shape=circle,color=gray] {2};
\path (-2.,2.,-2.) node(3_0) [draw,shape=circle,color=gray] {3};
\path (-2.,2.,2.) node(4_0) [draw,shape=circle,color=gray] {4};
\path (2.,-2.,2.) node(5_0) [draw,shape=circle,color=gray] {5};
\path (2.,2.,2.) node(6_0) [draw,shape=circle,color=gray] {6};
\path (2.,2.,-2.) node(7_0) [draw,shape=circle,color=gray] {7};
\path (2.,-2.,-2.) node(8_0) [draw,shape=circle,color=gray] {8};
\draw[color=gray] (1_0) -- (2_0);
\draw[color=gray] (2_0) -- (3_0);
\draw[color=gray] (3_0) -- (4_0);
\draw[color=gray] (4_0) -- (1_0);
\draw[color=gray] (5_0) -- (6_0);
\draw[color=gray] (6_0) -- (7_0);
\draw[color=gray] (7_0) -- (8_0);
\draw[color=gray] (8_0) -- (5_0);
\draw[color=gray] (4_0) -- (6_0);
\draw[color=gray] (5_0) -- (1_0);
\draw[color=gray] (2_0) -- (8_0);
\draw[color=gray] (7_0) -- (3_0);
\path (0.,0.,0.) node(0_0) [] {};
\end{tikzpicture}
\end{document}
hexahedron orientation -9
\documentclass[tikz]{standalone}

\usepackage{pgflibraryshapes}
\usetikzlibrary{backgrounds}
\usetikzlibrary{arrows}
\begin{document}
\begin{tikzpicture}[scale = 0.3,font=\fontsize{8}{8}\selectfont]
\path (-2.,2.,2.) node(1_0) [draw,shape=circle,color=gray] {1};
\path (-2.,2.,-2.) node(2_0) [draw,shape=circle,color=gray] {2};
\path (2.,2.,-2.) node(3_0) [draw,shape=circle,color=gray] {3};
\path (2.,2.,2.) node(4_0) [draw,shape=circle,color=gray] {4};
\path (-2.,-2.,2.) node(5_0) [draw,shape=circle,color=gray] {5};
\path (2.,-2.,2.) node(6_0) [draw,shape=circle,color=gray] {6};
\path (2.,-2.,-2.) node(7_0) [draw,shape=circle,color=gray] {7};
\path (-2.,-2.,-2.) node(8_0) [draw,shape=circle,color=gray] {8};
\draw[color=gray] (1_0) -- (2_0);
\draw[color=gray] (2_0) -- (3_0);
\draw[color=gray] (3_0) -- (4_0);
\draw[color=gray] (4_0) -- (1_0);
\draw[color=gray] (5_0) -- (6_0);
\draw[color=gray] (6_0) -- (7_0);
\draw[color=gray] (7_0) -- (8_0);
\draw[color=gray] (8_0) -- (5_0);
\draw[color=gray] (4_0) -- (6_0);
\draw[color=gray] (5_0) -- (1_0);
\draw[color=gray] (2_0) -- (8_0);
\draw[color=gray] (7_0) -- (3_0);
\path (0.,0.,0.) node(0_0) [] {};
\end{tikzpicture}
\end{document}
hexahedron orientation -8
\documentclass[tikz]{standalone}

\usepackage{pgflibraryshapes}
\usetikzlibrary{backgrounds}
\usetikzlibrary{arrows}
\begin{document}
\begin{tikzpicture}[scale = 0.3,font=\fontsize{8}{8}\selectfont]
\path (2.,2.,2.) node(1_0) [draw,shape=circle,color=gray] {1};
\path (2.,2.,-2.) node(2_0) [draw,shape=circle,color=gray] {2};
\path (2.,-2.,-2.) node(3_0) [draw,shape=circle,color=gray] {3};
\path (2.,-2.,2.) node(4_0) [draw,shape=circle,color=gray] {4};
\path (-2.,2.,2.) node(5_0) [draw,shape=circle,color=gray] {5};
\path (-2.,-2.,2.) node(6_0) [draw,shape=circle,color=gray] {6};
\path (-2.,-2.,-2.) node(7_0) [draw,shape=circle,color=gray] {7};
\path (-2.,2.,-2.) node(8_0) [draw,shape=circle,color=gray] {8};
\draw[color=gray] (1_0) -- (2_0);
\draw[color=gray] (2_0) -- (3_0);
\draw[color=gray] (3_0) -- (4_0);
\draw[color=gray] (4_0) -- (1_0);
\draw[color=gray] (5_0) -- (6_0);
\draw[color=gray] (6_0) -- (7_0);
\draw[color=gray] (7_0) -- (8_0);
\draw[color=gray] (8_0) -- (5_0);
\draw[color=gray] (4_0) -- (6_0);
\draw[color=gray] (5_0) -- (1_0);
\draw[color=gray] (2_0) -- (8_0);
\draw[color=gray] (7_0) -- (3_0);
\path (0.,0.,0.) node(0_0) [] {};
\end{tikzpicture}
\end{document}
hexahedron orientation -7
\documentclass[tikz]{standalone}

\usepackage{pgflibraryshapes}
\usetikzlibrary{backgrounds}
\usetikzlibrary{arrows}
\begin{document}
\begin{tikzpicture}[scale = 0.3,font=\fontsize{8}{8}\selectfont]
\path (2.,2.,2.) node(1_0) [draw,shape=circle,color=gray] {1};
\path (2.,-2.,2.) node(2_0) [draw,shape=circle,color=gray] {2};
\path (-2.,-2.,2.) node(3_0) [draw,shape=circle,color=gray] {3};
\path (-2.,2.,2.) node(4_0) [draw,shape=circle,color=gray] {4};
\path (2.,2.,-2.) node(5_0) [draw,shape=circle,color=gray] {5};
\path (-2.,2.,-2.) node(6_0) [draw,shape=circle,color=gray] {6};
\path (-2.,-2.,-2.) node(7_0) [draw,shape=circle,color=gray] {7};
\path (2.,-2.,-2.) node(8_0) [draw,shape=circle,color=gray] {8};
\draw[color=gray] (1_0) -- (2_0);
\draw[color=gray] (2_0) -- (3_0);
\draw[color=gray] (3_0) -- (4_0);
\draw[color=gray] (4_0) -- (1_0);
\draw[color=gray] (5_0) -- (6_0);
\draw[color=gray] (6_0) -- (7_0);
\draw[color=gray] (7_0) -- (8_0);
\draw[color=gray] (8_0) -- (5_0);
\draw[color=gray] (4_0) -- (6_0);
\draw[color=gray] (5_0) -- (1_0);
\draw[color=gray] (2_0) -- (8_0);
\draw[color=gray] (7_0) -- (3_0);
\path (0.,0.,0.) node(0_0) [] {};
\end{tikzpicture}
\end{document}
hexahedron orientation -6
\documentclass[tikz]{standalone}

\usepackage{pgflibraryshapes}
\usetikzlibrary{backgrounds}
\usetikzlibrary{arrows}
\begin{document}
\begin{tikzpicture}[scale = 0.3,font=\fontsize{8}{8}\selectfont]
\path (2.,2.,-2.) node(1_0) [draw,shape=circle,color=gray] {1};
\path (2.,2.,2.) node(2_0) [draw,shape=circle,color=gray] {2};
\path (-2.,2.,2.) node(3_0) [draw,shape=circle,color=gray] {3};
\path (-2.,2.,-2.) node(4_0) [draw,shape=circle,color=gray] {4};
\path (2.,-2.,-2.) node(5_0) [draw,shape=circle,color=gray] {5};
\path (-2.,-2.,-2.) node(6_0) [draw,shape=circle,color=gray] {6};
\path (-2.,-2.,2.) node(7_0) [draw,shape=circle,color=gray] {7};
\path (2.,-2.,2.) node(8_0) [draw,shape=circle,color=gray] {8};
\draw[color=gray] (1_0) -- (2_0);
\draw[color=gray] (2_0) -- (3_0);
\draw[color=gray] (3_0) -- (4_0);
\draw[color=gray] (4_0) -- (1_0);
\draw[color=gray] (5_0) -- (6_0);
\draw[color=gray] (6_0) -- (7_0);
\draw[color=gray] (7_0) -- (8_0);
\draw[color=gray] (8_0) -- (5_0);
\draw[color=gray] (4_0) -- (6_0);
\draw[color=gray] (5_0) -- (1_0);
\draw[color=gray] (2_0) -- (8_0);
\draw[color=gray] (7_0) -- (3_0);
\path (0.,0.,0.) node(0_0) [] {};
\end{tikzpicture}
\end{document}
hexahedron orientation -5
\documentclass[tikz]{standalone}

\usepackage{pgflibraryshapes}
\usetikzlibrary{backgrounds}
\usetikzlibrary{arrows}
\begin{document}
\begin{tikzpicture}[scale = 0.3,font=\fontsize{8}{8}\selectfont]
\path (2.,-2.,-2.) node(1_0) [draw,shape=circle,color=gray] {1};
\path (2.,2.,-2.) node(2_0) [draw,shape=circle,color=gray] {2};
\path (-2.,2.,-2.) node(3_0) [draw,shape=circle,color=gray] {3};
\path (-2.,-2.,-2.) node(4_0) [draw,shape=circle,color=gray] {4};
\path (2.,-2.,2.) node(5_0) [draw,shape=circle,color=gray] {5};
\path (-2.,-2.,2.) node(6_0) [draw,shape=circle,color=gray] {6};
\path (-2.,2.,2.) node(7_0) [draw,shape=circle,color=gray] {7};
\path (2.,2.,2.) node(8_0) [draw,shape=circle,color=gray] {8};
\draw[color=gray] (1_0) -- (2_0);
\draw[color=gray] (2_0) -- (3_0);
\draw[color=gray] (3_0) -- (4_0);
\draw[color=gray] (4_0) -- (1_0);
\draw[color=gray] (5_0) -- (6_0);
\draw[color=gray] (6_0) -- (7_0);
\draw[color=gray] (7_0) -- (8_0);
\draw[color=gray] (8_0) -- (5_0);
\draw[color=gray] (4_0) -- (6_0);
\draw[color=gray] (5_0) -- (1_0);
\draw[color=gray] (2_0) -- (8_0);
\draw[color=gray] (7_0) -- (3_0);
\path (0.,0.,0.) node(0_0) [] {};
\end{tikzpicture}
\end{document}
hexahedron orientation -4
\documentclass[tikz]{standalone}

\usepackage{pgflibraryshapes}
\usetikzlibrary{backgrounds}
\usetikzlibrary{arrows}
\begin{document}
\begin{tikzpicture}[scale = 0.3,font=\fontsize{8}{8}\selectfont]
\path (2.,-2.,-2.) node(1_0) [draw,shape=circle,color=gray] {1};
\path (-2.,-2.,-2.) node(2_0) [draw,shape=circle,color=gray] {2};
\path (-2.,-2.,2.) node(3_0) [draw,shape=circle,color=gray] {3};
\path (2.,-2.,2.) node(4_0) [draw,shape=circle,color=gray] {4};
\path (2.,2.,-2.) node(5_0) [draw,shape=circle,color=gray] {5};
\path (2.,2.,2.) node(6_0) [draw,shape=circle,color=gray] {6};
\path (-2.,2.,2.) node(7_0) [draw,shape=circle,color=gray] {7};
\path (-2.,2.,-2.) node(8_0) [draw,shape=circle,color=gray] {8};
\draw[color=gray] (1_0) -- (2_0);
\draw[color=gray] (2_0) -- (3_0);
\draw[color=gray] (3_0) -- (4_0);
\draw[color=gray] (4_0) -- (1_0);
\draw[color=gray] (5_0) -- (6_0);
\draw[color=gray] (6_0) -- (7_0);
\draw[color=gray] (7_0) -- (8_0);
\draw[color=gray] (8_0) -- (5_0);
\draw[color=gray] (4_0) -- (6_0);
\draw[color=gray] (5_0) -- (1_0);
\draw[color=gray] (2_0) -- (8_0);
\draw[color=gray] (7_0) -- (3_0);
\path (0.,0.,0.) node(0_0) [] {};
\end{tikzpicture}
\end{document}
hexahedron orientation -3
\documentclass[tikz]{standalone}

\usepackage{pgflibraryshapes}
\usetikzlibrary{backgrounds}
\usetikzlibrary{arrows}
\begin{document}
\begin{tikzpicture}[scale = 0.3,font=\fontsize{8}{8}\selectfont]
\path (-2.,-2.,-2.) node(1_0) [draw,shape=circle,color=gray] {1};
\path (-2.,-2.,2.) node(2_0) [draw,shape=circle,color=gray] {2};
\path (2.,-2.,2.) node(3_0) [draw,shape=circle,color=gray] {3};
\path (2.,-2.,-2.) node(4_0) [draw,shape=circle,color=gray] {4};
\path (-2.,2.,-2.) node(5_0) [draw,shape=circle,color=gray] {5};
\path (2.,2.,-2.) node(6_0) [draw,shape=circle,color=gray] {6};
\path (2.,2.,2.) node(7_0) [draw,shape=circle,color=gray] {7};
\path (-2.,2.,2.) node(8_0) [draw,shape=circle,color=gray] {8};
\draw[color=gray] (1_0) -- (2_0);
\draw[color=gray] (2_0) -- (3_0);
\draw[color=gray] (3_0) -- (4_0);
\draw[color=gray] (4_0) -- (1_0);
\draw[color=gray] (5_0) -- (6_0);
\draw[color=gray] (6_0) -- (7_0);
\draw[color=gray] (7_0) -- (8_0);
\draw[color=gray] (8_0) -- (5_0);
\draw[color=gray] (4_0) -- (6_0);
\draw[color=gray] (5_0) -- (1_0);
\draw[color=gray] (2_0) -- (8_0);
\draw[color=gray] (7_0) -- (3_0);
\path (0.,0.,0.) node(0_0) [] {};
\end{tikzpicture}
\end{document}
hexahedron orientation -2
\documentclass[tikz]{standalone}

\usepackage{pgflibraryshapes}
\usetikzlibrary{backgrounds}
\usetikzlibrary{arrows}
\begin{document}
\begin{tikzpicture}[scale = 0.3,font=\fontsize{8}{8}\selectfont]
\path (-2.,-2.,2.) node(1_0) [draw,shape=circle,color=gray] {1};
\path (2.,-2.,2.) node(2_0) [draw,shape=circle,color=gray] {2};
\path (2.,-2.,-2.) node(3_0) [draw,shape=circle,color=gray] {3};
\path (-2.,-2.,-2.) node(4_0) [draw,shape=circle,color=gray] {4};
\path (-2.,2.,2.) node(5_0) [draw,shape=circle,color=gray] {5};
\path (-2.,2.,-2.) node(6_0) [draw,shape=circle,color=gray] {6};
\path (2.,2.,-2.) node(7_0) [draw,shape=circle,color=gray] {7};
\path (2.,2.,2.) node(8_0) [draw,shape=circle,color=gray] {8};
\draw[color=gray] (1_0) -- (2_0);
\draw[color=gray] (2_0) -- (3_0);
\draw[color=gray] (3_0) -- (4_0);
\draw[color=gray] (4_0) -- (1_0);
\draw[color=gray] (5_0) -- (6_0);
\draw[color=gray] (6_0) -- (7_0);
\draw[color=gray] (7_0) -- (8_0);
\draw[color=gray] (8_0) -- (5_0);
\draw[color=gray] (4_0) -- (6_0);
\draw[color=gray] (5_0) -- (1_0);
\draw[color=gray] (2_0) -- (8_0);
\draw[color=gray] (7_0) -- (3_0);
\path (0.,0.,0.) node(0_0) [] {};
\end{tikzpicture}
\end{document}
hexahedron orientation -1
\documentclass[tikz]{standalone}

\usepackage{pgflibraryshapes}
\usetikzlibrary{backgrounds}
\usetikzlibrary{arrows}
\begin{document}
\begin{tikzpicture}[scale = 0.3,font=\fontsize{8}{8}\selectfont]
\path (2.,-2.,2.) node(1_0) [draw,shape=circle,color=gray] {1};
\path (2.,-2.,-2.) node(2_0) [draw,shape=circle,color=gray] {2};
\path (-2.,-2.,-2.) node(3_0) [draw,shape=circle,color=gray] {3};
\path (-2.,-2.,2.) node(4_0) [draw,shape=circle,color=gray] {4};
\path (2.,2.,2.) node(5_0) [draw,shape=circle,color=gray] {5};
\path (-2.,2.,2.) node(6_0) [draw,shape=circle,color=gray] {6};
\path (-2.,2.,-2.) node(7_0) [draw,shape=circle,color=gray] {7};
\path (2.,2.,-2.) node(8_0) [draw,shape=circle,color=gray] {8};
\draw[color=gray] (1_0) -- (2_0);
\draw[color=gray] (2_0) -- (3_0);
\draw[color=gray] (3_0) -- (4_0);
\draw[color=gray] (4_0) -- (1_0);
\draw[color=gray] (5_0) -- (6_0);
\draw[color=gray] (6_0) -- (7_0);
\draw[color=gray] (7_0) -- (8_0);
\draw[color=gray] (8_0) -- (5_0);
\draw[color=gray] (4_0) -- (6_0);
\draw[color=gray] (5_0) -- (1_0);
\draw[color=gray] (2_0) -- (8_0);
\draw[color=gray] (7_0) -- (3_0);
\path (0.,0.,0.) node(0_0) [] {};
\end{tikzpicture}
\end{document}
hexahedron orientation 0
\documentclass[tikz]{standalone}

\usepackage{pgflibraryshapes}
\usetikzlibrary{backgrounds}
\usetikzlibrary{arrows}
\begin{document}
\begin{tikzpicture}[scale = 0.3,font=\fontsize{8}{8}\selectfont]
\path (-2.,-2.,2.) node(1_0) [draw,shape=circle,color=gray] {1};
\path (-2.,-2.,-2.) node(2_0) [draw,shape=circle,color=gray] {2};
\path (2.,-2.,-2.) node(3_0) [draw,shape=circle,color=gray] {3};
\path (2.,-2.,2.) node(4_0) [draw,shape=circle,color=gray] {4};
\path (-2.,2.,2.) node(5_0) [draw,shape=circle,color=gray] {5};
\path (2.,2.,2.) node(6_0) [draw,shape=circle,color=gray] {6};
\path (2.,2.,-2.) node(7_0) [draw,shape=circle,color=gray] {7};
\path (-2.,2.,-2.) node(8_0) [draw,shape=circle,color=gray] {8};
\draw[color=gray] (1_0) -- (2_0);
\draw[color=gray] (2_0) -- (3_0);
\draw[color=gray] (3_0) -- (4_0);
\draw[color=gray] (4_0) -- (1_0);
\draw[color=gray] (5_0) -- (6_0);
\draw[color=gray] (6_0) -- (7_0);
\draw[color=gray] (7_0) -- (8_0);
\draw[color=gray] (8_0) -- (5_0);
\draw[color=gray] (4_0) -- (6_0);
\draw[color=gray] (5_0) -- (1_0);
\draw[color=gray] (2_0) -- (8_0);
\draw[color=gray] (7_0) -- (3_0);
\path (0.,0.,0.) node(0_0) [] {};
\end{tikzpicture}
\end{document}
hexahedron orientation 1
\documentclass[tikz]{standalone}

\usepackage{pgflibraryshapes}
\usetikzlibrary{backgrounds}
\usetikzlibrary{arrows}
\begin{document}
\begin{tikzpicture}[scale = 0.3,font=\fontsize{8}{8}\selectfont]
\path (2.,-2.,2.) node(1_0) [draw,shape=circle,color=gray] {1};
\path (-2.,-2.,2.) node(2_0) [draw,shape=circle,color=gray] {2};
\path (-2.,-2.,-2.) node(3_0) [draw,shape=circle,color=gray] {3};
\path (2.,-2.,-2.) node(4_0) [draw,shape=circle,color=gray] {4};
\path (2.,2.,2.) node(5_0) [draw,shape=circle,color=gray] {5};
\path (2.,2.,-2.) node(6_0) [draw,shape=circle,color=gray] {6};
\path (-2.,2.,-2.) node(7_0) [draw,shape=circle,color=gray] {7};
\path (-2.,2.,2.) node(8_0) [draw,shape=circle,color=gray] {8};
\draw[color=gray] (1_0) -- (2_0);
\draw[color=gray] (2_0) -- (3_0);
\draw[color=gray] (3_0) -- (4_0);
\draw[color=gray] (4_0) -- (1_0);
\draw[color=gray] (5_0) -- (6_0);
\draw[color=gray] (6_0) -- (7_0);
\draw[color=gray] (7_0) -- (8_0);
\draw[color=gray] (8_0) -- (5_0);
\draw[color=gray] (4_0) -- (6_0);
\draw[color=gray] (5_0) -- (1_0);
\draw[color=gray] (2_0) -- (8_0);
\draw[color=gray] (7_0) -- (3_0);
\path (0.,0.,0.) node(0_0) [] {};
\end{tikzpicture}
\end{document}
hexahedron orientation 2
\documentclass[tikz]{standalone}

\usepackage{pgflibraryshapes}
\usetikzlibrary{backgrounds}
\usetikzlibrary{arrows}
\begin{document}
\begin{tikzpicture}[scale = 0.3,font=\fontsize{8}{8}\selectfont]
\path (2.,-2.,-2.) node(1_0) [draw,shape=circle,color=gray] {1};
\path (2.,-2.,2.) node(2_0) [draw,shape=circle,color=gray] {2};
\path (-2.,-2.,2.) node(3_0) [draw,shape=circle,color=gray] {3};
\path (-2.,-2.,-2.) node(4_0) [draw,shape=circle,color=gray] {4};
\path (2.,2.,-2.) node(5_0) [draw,shape=circle,color=gray] {5};
\path (-2.,2.,-2.) node(6_0) [draw,shape=circle,color=gray] {6};
\path (-2.,2.,2.) node(7_0) [draw,shape=circle,color=gray] {7};
\path (2.,2.,2.) node(8_0) [draw,shape=circle,color=gray] {8};
\draw[color=gray] (1_0) -- (2_0);
\draw[color=gray] (2_0) -- (3_0);
\draw[color=gray] (3_0) -- (4_0);
\draw[color=gray] (4_0) -- (1_0);
\draw[color=gray] (5_0) -- (6_0);
\draw[color=gray] (6_0) -- (7_0);
\draw[color=gray] (7_0) -- (8_0);
\draw[color=gray] (8_0) -- (5_0);
\draw[color=gray] (4_0) -- (6_0);
\draw[color=gray] (5_0) -- (1_0);
\draw[color=gray] (2_0) -- (8_0);
\draw[color=gray] (7_0) -- (3_0);
\path (0.,0.,0.) node(0_0) [] {};
\end{tikzpicture}
\end{document}
hexahedron orientation 3
\documentclass[tikz]{standalone}

\usepackage{pgflibraryshapes}
\usetikzlibrary{backgrounds}
\usetikzlibrary{arrows}
\begin{document}
\begin{tikzpicture}[scale = 0.3,font=\fontsize{8}{8}\selectfont]
\path (-2.,-2.,-2.) node(1_0) [draw,shape=circle,color=gray] {1};
\path (2.,-2.,-2.) node(2_0) [draw,shape=circle,color=gray] {2};
\path (2.,-2.,2.) node(3_0) [draw,shape=circle,color=gray] {3};
\path (-2.,-2.,2.) node(4_0) [draw,shape=circle,color=gray] {4};
\path (-2.,2.,-2.) node(5_0) [draw,shape=circle,color=gray] {5};
\path (-2.,2.,2.) node(6_0) [draw,shape=circle,color=gray] {6};
\path (2.,2.,2.) node(7_0) [draw,shape=circle,color=gray] {7};
\path (2.,2.,-2.) node(8_0) [draw,shape=circle,color=gray] {8};
\draw[color=gray] (1_0) -- (2_0);
\draw[color=gray] (2_0) -- (3_0);
\draw[color=gray] (3_0) -- (4_0);
\draw[color=gray] (4_0) -- (1_0);
\draw[color=gray] (5_0) -- (6_0);
\draw[color=gray] (6_0) -- (7_0);
\draw[color=gray] (7_0) -- (8_0);
\draw[color=gray] (8_0) -- (5_0);
\draw[color=gray] (4_0) -- (6_0);
\draw[color=gray] (5_0) -- (1_0);
\draw[color=gray] (2_0) -- (8_0);
\draw[color=gray] (7_0) -- (3_0);
\path (0.,0.,0.) node(0_0) [] {};
\end{tikzpicture}
\end{document}
hexahedron orientation 4
\documentclass[tikz]{standalone}

\usepackage{pgflibraryshapes}
\usetikzlibrary{backgrounds}
\usetikzlibrary{arrows}
\begin{document}
\begin{tikzpicture}[scale = 0.3,font=\fontsize{8}{8}\selectfont]
\path (-2.,-2.,-2.) node(1_0) [draw,shape=circle,color=gray] {1};
\path (-2.,2.,-2.) node(2_0) [draw,shape=circle,color=gray] {2};
\path (2.,2.,-2.) node(3_0) [draw,shape=circle,color=gray] {3};
\path (2.,-2.,-2.) node(4_0) [draw,shape=circle,color=gray] {4};
\path (-2.,-2.,2.) node(5_0) [draw,shape=circle,color=gray] {5};
\path (2.,-2.,2.) node(6_0) [draw,shape=circle,color=gray] {6};
\path (2.,2.,2.) node(7_0) [draw,shape=circle,color=gray] {7};
\path (-2.,2.,2.) node(8_0) [draw,shape=circle,color=gray] {8};
\draw[color=gray] (1_0) -- (2_0);
\draw[color=gray] (2_0) -- (3_0);
\draw[color=gray] (3_0) -- (4_0);
\draw[color=gray] (4_0) -- (1_0);
\draw[color=gray] (5_0) -- (6_0);
\draw[color=gray] (6_0) -- (7_0);
\draw[color=gray] (7_0) -- (8_0);
\draw[color=gray] (8_0) -- (5_0);
\draw[color=gray] (4_0) -- (6_0);
\draw[color=gray] (5_0) -- (1_0);
\draw[color=gray] (2_0) -- (8_0);
\draw[color=gray] (7_0) -- (3_0);
\path (0.,0.,0.) node(0_0) [] {};
\end{tikzpicture}
\end{document}
hexahedron orientation 5
\documentclass[tikz]{standalone}

\usepackage{pgflibraryshapes}
\usetikzlibrary{backgrounds}
\usetikzlibrary{arrows}
\begin{document}
\begin{tikzpicture}[scale = 0.3,font=\fontsize{8}{8}\selectfont]
\path (-2.,2.,-2.) node(1_0) [draw,shape=circle,color=gray] {1};
\path (-2.,2.,2.) node(2_0) [draw,shape=circle,color=gray] {2};
\path (2.,2.,2.) node(3_0) [draw,shape=circle,color=gray] {3};
\path (2.,2.,-2.) node(4_0) [draw,shape=circle,color=gray] {4};
\path (-2.,-2.,-2.) node(5_0) [draw,shape=circle,color=gray] {5};
\path (2.,-2.,-2.) node(6_0) [draw,shape=circle,color=gray] {6};
\path (2.,-2.,2.) node(7_0) [draw,shape=circle,color=gray] {7};
\path (-2.,-2.,2.) node(8_0) [draw,shape=circle,color=gray] {8};
\draw[color=gray] (1_0) -- (2_0);
\draw[color=gray] (2_0) -- (3_0);
\draw[color=gray] (3_0) -- (4_0);
\draw[color=gray] (4_0) -- (1_0);
\draw[color=gray] (5_0) -- (6_0);
\draw[color=gray] (6_0) -- (7_0);
\draw[color=gray] (7_0) -- (8_0);
\draw[color=gray] (8_0) -- (5_0);
\draw[color=gray] (4_0) -- (6_0);
\draw[color=gray] (5_0) -- (1_0);
\draw[color=gray] (2_0) -- (8_0);
\draw[color=gray] (7_0) -- (3_0);
\path (0.,0.,0.) node(0_0) [] {};
\end{tikzpicture}
\end{document}
hexahedron orientation 6
\documentclass[tikz]{standalone}

\usepackage{pgflibraryshapes}
\usetikzlibrary{backgrounds}
\usetikzlibrary{arrows}
\begin{document}
\begin{tikzpicture}[scale = 0.3,font=\fontsize{8}{8}\selectfont]
\path (-2.,2.,2.) node(1_0) [draw,shape=circle,color=gray] {1};
\path (-2.,-2.,2.) node(2_0) [draw,shape=circle,color=gray] {2};
\path (2.,-2.,2.) node(3_0) [draw,shape=circle,color=gray] {3};
\path (2.,2.,2.) node(4_0) [draw,shape=circle,color=gray] {4};
\path (-2.,2.,-2.) node(5_0) [draw,shape=circle,color=gray] {5};
\path (2.,2.,-2.) node(6_0) [draw,shape=circle,color=gray] {6};
\path (2.,-2.,-2.) node(7_0) [draw,shape=circle,color=gray] {7};
\path (-2.,-2.,-2.) node(8_0) [draw,shape=circle,color=gray] {8};
\draw[color=gray] (1_0) -- (2_0);
\draw[color=gray] (2_0) -- (3_0);
\draw[color=gray] (3_0) -- (4_0);
\draw[color=gray] (4_0) -- (1_0);
\draw[color=gray] (5_0) -- (6_0);
\draw[color=gray] (6_0) -- (7_0);
\draw[color=gray] (7_0) -- (8_0);
\draw[color=gray] (8_0) -- (5_0);
\draw[color=gray] (4_0) -- (6_0);
\draw[color=gray] (5_0) -- (1_0);
\draw[color=gray] (2_0) -- (8_0);
\draw[color=gray] (7_0) -- (3_0);
\path (0.,0.,0.) node(0_0) [] {};
\end{tikzpicture}
\end{document}
hexahedron orientation 7
\documentclass[tikz]{standalone}

\usepackage{pgflibraryshapes}
\usetikzlibrary{backgrounds}
\usetikzlibrary{arrows}
\begin{document}
\begin{tikzpicture}[scale = 0.3,font=\fontsize{8}{8}\selectfont]
\path (-2.,2.,2.) node(1_0) [draw,shape=circle,color=gray] {1};
\path (-2.,2.,-2.) node(2_0) [draw,shape=circle,color=gray] {2};
\path (-2.,-2.,-2.) node(3_0) [draw,shape=circle,color=gray] {3};
\path (-2.,-2.,2.) node(4_0) [draw,shape=circle,color=gray] {4};
\path (2.,2.,2.) node(5_0) [draw,shape=circle,color=gray] {5};
\path (2.,-2.,2.) node(6_0) [draw,shape=circle,color=gray] {6};
\path (2.,-2.,-2.) node(7_0) [draw,shape=circle,color=gray] {7};
\path (2.,2.,-2.) node(8_0) [draw,shape=circle,color=gray] {8};
\draw[color=gray] (1_0) -- (2_0);
\draw[color=gray] (2_0) -- (3_0);
\draw[color=gray] (3_0) -- (4_0);
\draw[color=gray] (4_0) -- (1_0);
\draw[color=gray] (5_0) -- (6_0);
\draw[color=gray] (6_0) -- (7_0);
\draw[color=gray] (7_0) -- (8_0);
\draw[color=gray] (8_0) -- (5_0);
\draw[color=gray] (4_0) -- (6_0);
\draw[color=gray] (5_0) -- (1_0);
\draw[color=gray] (2_0) -- (8_0);
\draw[color=gray] (7_0) -- (3_0);
\path (0.,0.,0.) node(0_0) [] {};
\end{tikzpicture}
\end{document}
hexahedron orientation 8
\documentclass[tikz]{standalone}

\usepackage{pgflibraryshapes}
\usetikzlibrary{backgrounds}
\usetikzlibrary{arrows}
\begin{document}
\begin{tikzpicture}[scale = 0.3,font=\fontsize{8}{8}\selectfont]
\path (2.,2.,2.) node(1_0) [draw,shape=circle,color=gray] {1};
\path (2.,2.,-2.) node(2_0) [draw,shape=circle,color=gray] {2};
\path (-2.,2.,-2.) node(3_0) [draw,shape=circle,color=gray] {3};
\path (-2.,2.,2.) node(4_0) [draw,shape=circle,color=gray] {4};
\path (2.,-2.,2.) node(5_0) [draw,shape=circle,color=gray] {5};
\path (-2.,-2.,2.) node(6_0) [draw,shape=circle,color=gray] {6};
\path (-2.,-2.,-2.) node(7_0) [draw,shape=circle,color=gray] {7};
\path (2.,-2.,-2.) node(8_0) [draw,shape=circle,color=gray] {8};
\draw[color=gray] (1_0) -- (2_0);
\draw[color=gray] (2_0) -- (3_0);
\draw[color=gray] (3_0) -- (4_0);
\draw[color=gray] (4_0) -- (1_0);
\draw[color=gray] (5_0) -- (6_0);
\draw[color=gray] (6_0) -- (7_0);
\draw[color=gray] (7_0) -- (8_0);
\draw[color=gray] (8_0) -- (5_0);
\draw[color=gray] (4_0) -- (6_0);
\draw[color=gray] (5_0) -- (1_0);
\draw[color=gray] (2_0) -- (8_0);
\draw[color=gray] (7_0) -- (3_0);
\path (0.,0.,0.) node(0_0) [] {};
\end{tikzpicture}
\end{document}
hexahedron orientation 9
\documentclass[tikz]{standalone}

\usepackage{pgflibraryshapes}
\usetikzlibrary{backgrounds}
\usetikzlibrary{arrows}
\begin{document}
\begin{tikzpicture}[scale = 0.3,font=\fontsize{8}{8}\selectfont]
\path (2.,-2.,2.) node(1_0) [draw,shape=circle,color=gray] {1};
\path (2.,-2.,-2.) node(2_0) [draw,shape=circle,color=gray] {2};
\path (2.,2.,-2.) node(3_0) [draw,shape=circle,color=gray] {3};
\path (2.,2.,2.) node(4_0) [draw,shape=circle,color=gray] {4};
\path (-2.,-2.,2.) node(5_0) [draw,shape=circle,color=gray] {5};
\path (-2.,2.,2.) node(6_0) [draw,shape=circle,color=gray] {6};
\path (-2.,2.,-2.) node(7_0) [draw,shape=circle,color=gray] {7};
\path (-2.,-2.,-2.) node(8_0) [draw,shape=circle,color=gray] {8};
\draw[color=gray] (1_0) -- (2_0);
\draw[color=gray] (2_0) -- (3_0);
\draw[color=gray] (3_0) -- (4_0);
\draw[color=gray] (4_0) -- (1_0);
\draw[color=gray] (5_0) -- (6_0);
\draw[color=gray] (6_0) -- (7_0);
\draw[color=gray] (7_0) -- (8_0);
\draw[color=gray] (8_0) -- (5_0);
\draw[color=gray] (4_0) -- (6_0);
\draw[color=gray] (5_0) -- (1_0);
\draw[color=gray] (2_0) -- (8_0);
\draw[color=gray] (7_0) -- (3_0);
\path (0.,0.,0.) node(0_0) [] {};
\end{tikzpicture}
\end{document}
hexahedron orientation 10
\documentclass[tikz]{standalone}

\usepackage{pgflibraryshapes}
\usetikzlibrary{backgrounds}
\usetikzlibrary{arrows}
\begin{document}
\begin{tikzpicture}[scale = 0.3,font=\fontsize{8}{8}\selectfont]
\path (-2.,2.,2.) node(1_0) [draw,shape=circle,color=gray] {1};
\path (2.,2.,2.) node(2_0) [draw,shape=circle,color=gray] {2};
\path (2.,2.,-2.) node(3_0) [draw,shape=circle,color=gray] {3};
\path (-2.,2.,-2.) node(4_0) [draw,shape=circle,color=gray] {4};
\path (-2.,-2.,2.) node(5_0) [draw,shape=circle,color=gray] {5};
\path (-2.,-2.,-2.) node(6_0) [draw,shape=circle,color=gray] {6};
\path (2.,-2.,-2.) node(7_0) [draw,shape=circle,color=gray] {7};
\path (2.,-2.,2.) node(8_0) [draw,shape=circle,color=gray] {8};
\draw[color=gray] (1_0) -- (2_0);
\draw[color=gray] (2_0) -- (3_0);
\draw[color=gray] (3_0) -- (4_0);
\draw[color=gray] (4_0) -- (1_0);
\draw[color=gray] (5_0) -- (6_0);
\draw[color=gray] (6_0) -- (7_0);
\draw[color=gray] (7_0) -- (8_0);
\draw[color=gray] (8_0) -- (5_0);
\draw[color=gray] (4_0) -- (6_0);
\draw[color=gray] (5_0) -- (1_0);
\draw[color=gray] (2_0) -- (8_0);
\draw[color=gray] (7_0) -- (3_0);
\path (0.,0.,0.) node(0_0) [] {};
\end{tikzpicture}
\end{document}
hexahedron orientation 11
\documentclass[tikz]{standalone}

\usepackage{pgflibraryshapes}
\usetikzlibrary{backgrounds}
\usetikzlibrary{arrows}
\begin{document}
\begin{tikzpicture}[scale = 0.3,font=\fontsize{8}{8}\selectfont]
\path (2.,2.,-2.) node(1_0) [draw,shape=circle,color=gray] {1};
\path (-2.,2.,-2.) node(2_0) [draw,shape=circle,color=gray] {2};
\path (-2.,2.,2.) node(3_0) [draw,shape=circle,color=gray] {3};
\path (2.,2.,2.) node(4_0) [draw,shape=circle,color=gray] {4};
\path (2.,-2.,-2.) node(5_0) [draw,shape=circle,color=gray] {5};
\path (2.,-2.,2.) node(6_0) [draw,shape=circle,color=gray] {6};
\path (-2.,-2.,2.) node(7_0) [draw,shape=circle,color=gray] {7};
\path (-2.,-2.,-2.) node(8_0) [draw,shape=circle,color=gray] {8};
\draw[color=gray] (1_0) -- (2_0);
\draw[color=gray] (2_0) -- (3_0);
\draw[color=gray] (3_0) -- (4_0);
\draw[color=gray] (4_0) -- (1_0);
\draw[color=gray] (5_0) -- (6_0);
\draw[color=gray] (6_0) -- (7_0);
\draw[color=gray] (7_0) -- (8_0);
\draw[color=gray] (8_0) -- (5_0);
\draw[color=gray] (4_0) -- (6_0);
\draw[color=gray] (5_0) -- (1_0);
\draw[color=gray] (2_0) -- (8_0);
\draw[color=gray] (7_0) -- (3_0);
\path (0.,0.,0.) node(0_0) [] {};
\end{tikzpicture}
\end{document}
hexahedron orientation 12
\documentclass[tikz]{standalone}

\usepackage{pgflibraryshapes}
\usetikzlibrary{backgrounds}
\usetikzlibrary{arrows}
\begin{document}
\begin{tikzpicture}[scale = 0.3,font=\fontsize{8}{8}\selectfont]
\path (2.,-2.,2.) node(1_0) [draw,shape=circle,color=gray] {1};
\path (2.,2.,2.) node(2_0) [draw,shape=circle,color=gray] {2};
\path (-2.,2.,2.) node(3_0) [draw,shape=circle,color=gray] {3};
\path (-2.,-2.,2.) node(4_0) [draw,shape=circle,color=gray] {4};
\path (2.,-2.,-2.) node(5_0) [draw,shape=circle,color=gray] {5};
\path (-2.,-2.,-2.) node(6_0) [draw,shape=circle,color=gray] {6};
\path (-2.,2.,-2.) node(7_0) [draw,shape=circle,color=gray] {7};
\path (2.,2.,-2.) node(8_0) [draw,shape=circle,color=gray] {8};
\draw[color=gray] (1_0) -- (2_0);
\draw[color=gray] (2_0) -- (3_0);
\draw[color=gray] (3_0) -- (4_0);
\draw[color=gray] (4_0) -- (1_0);
\draw[color=gray] (5_0) -- (6_0);
\draw[color=gray] (6_0) -- (7_0);
\draw[color=gray] (7_0) -- (8_0);
\draw[color=gray] (8_0) -- (5_0);
\draw[color=gray] (4_0) -- (6_0);
\draw[color=gray] (5_0) -- (1_0);
\draw[color=gray] (2_0) -- (8_0);
\draw[color=gray] (7_0) -- (3_0);
\path (0.,0.,0.) node(0_0) [] {};
\end{tikzpicture}
\end{document}
hexahedron orientation 13
\documentclass[tikz]{standalone}

\usepackage{pgflibraryshapes}
\usetikzlibrary{backgrounds}
\usetikzlibrary{arrows}
\begin{document}
\begin{tikzpicture}[scale = 0.3,font=\fontsize{8}{8}\selectfont]
\path (2.,2.,-2.) node(1_0) [draw,shape=circle,color=gray] {1};
\path (2.,-2.,-2.) node(2_0) [draw,shape=circle,color=gray] {2};
\path (-2.,-2.,-2.) node(3_0) [draw,shape=circle,color=gray] {3};
\path (-2.,2.,-2.) node(4_0) [draw,shape=circle,color=gray] {4};
\path (2.,2.,2.) node(5_0) [draw,shape=circle,color=gray] {5};
\path (-2.,2.,2.) node(6_0) [draw,shape=circle,color=gray] {6};
\path (-2.,-2.,2.) node(7_0) [draw,shape=circle,color=gray] {7};
\path (2.,-2.,2.) node(8_0) [draw,shape=circle,color=gray] {8};
\draw[color=gray] (1_0) -- (2_0);
\draw[color=gray] (2_0) -- (3_0);
\draw[color=gray] (3_0) -- (4_0);
\draw[color=gray] (4_0) -- (1_0);
\draw[color=gray] (5_0) -- (6_0);
\draw[color=gray] (6_0) -- (7_0);
\draw[color=gray] (7_0) -- (8_0);
\draw[color=gray] (8_0) -- (5_0);
\draw[color=gray] (4_0) -- (6_0);
\draw[color=gray] (5_0) -- (1_0);
\draw[color=gray] (2_0) -- (8_0);
\draw[color=gray] (7_0) -- (3_0);
\path (0.,0.,0.) node(0_0) [] {};
\end{tikzpicture}
\end{document}
hexahedron orientation 14
\documentclass[tikz]{standalone}

\usepackage{pgflibraryshapes}
\usetikzlibrary{backgrounds}
\usetikzlibrary{arrows}
\begin{document}
\begin{tikzpicture}[scale = 0.3,font=\fontsize{8}{8}\selectfont]
\path (-2.,-2.,-2.) node(1_0) [draw,shape=circle,color=gray] {1};
\path (-2.,-2.,2.) node(2_0) [draw,shape=circle,color=gray] {2};
\path (-2.,2.,2.) node(3_0) [draw,shape=circle,color=gray] {3};
\path (-2.,2.,-2.) node(4_0) [draw,shape=circle,color=gray] {4};
\path (2.,-2.,-2.) node(5_0) [draw,shape=circle,color=gray] {5};
\path (2.,2.,-2.) node(6_0) [draw,shape=circle,color=gray] {6};
\path (2.,2.,2.) node(7_0) [draw,shape=circle,color=gray] {7};
\path (2.,-2.,2.) node(8_0) [draw,shape=circle,color=gray] {8};
\draw[color=gray] (1_0) -- (2_0);
\draw[color=gray] (2_0) -- (3_0);
\draw[color=gray] (3_0) -- (4_0);
\draw[color=gray] (4_0) -- (1_0);
\draw[color=gray] (5_0) -- (6_0);
\draw[color=gray] (6_0) -- (7_0);
\draw[color=gray] (7_0) -- (8_0);
\draw[color=gray] (8_0) -- (5_0);
\draw[color=gray] (4_0) -- (6_0);
\draw[color=gray] (5_0) -- (1_0);
\draw[color=gray] (2_0) -- (8_0);
\draw[color=gray] (7_0) -- (3_0);
\path (0.,0.,0.) node(0_0) [] {};
\end{tikzpicture}
\end{document}
hexahedron orientation 15
\documentclass[tikz]{standalone}

\usepackage{pgflibraryshapes}
\usetikzlibrary{backgrounds}
\usetikzlibrary{arrows}
\begin{document}
\begin{tikzpicture}[scale = 0.3,font=\fontsize{8}{8}\selectfont]
\path (2.,2.,-2.) node(1_0) [draw,shape=circle,color=gray] {1};
\path (2.,2.,2.) node(2_0) [draw,shape=circle,color=gray] {2};
\path (2.,-2.,2.) node(3_0) [draw,shape=circle,color=gray] {3};
\path (2.,-2.,-2.) node(4_0) [draw,shape=circle,color=gray] {4};
\path (-2.,2.,-2.) node(5_0) [draw,shape=circle,color=gray] {5};
\path (-2.,-2.,-2.) node(6_0) [draw,shape=circle,color=gray] {6};
\path (-2.,-2.,2.) node(7_0) [draw,shape=circle,color=gray] {7};
\path (-2.,2.,2.) node(8_0) [draw,shape=circle,color=gray] {8};
\draw[color=gray] (1_0) -- (2_0);
\draw[color=gray] (2_0) -- (3_0);
\draw[color=gray] (3_0) -- (4_0);
\draw[color=gray] (4_0) -- (1_0);
\draw[color=gray] (5_0) -- (6_0);
\draw[color=gray] (6_0) -- (7_0);
\draw[color=gray] (7_0) -- (8_0);
\draw[color=gray] (8_0) -- (5_0);
\draw[color=gray] (4_0) -- (6_0);
\draw[color=gray] (5_0) -- (1_0);
\draw[color=gray] (2_0) -- (8_0);
\draw[color=gray] (7_0) -- (3_0);
\path (0.,0.,0.) node(0_0) [] {};
\end{tikzpicture}
\end{document}
hexahedron orientation 16
\documentclass[tikz]{standalone}

\usepackage{pgflibraryshapes}
\usetikzlibrary{backgrounds}
\usetikzlibrary{arrows}
\begin{document}
\begin{tikzpicture}[scale = 0.3,font=\fontsize{8}{8}\selectfont]
\path (-2.,-2.,2.) node(1_0) [draw,shape=circle,color=gray] {1};
\path (2.,-2.,2.) node(2_0) [draw,shape=circle,color=gray] {2};
\path (2.,2.,2.) node(3_0) [draw,shape=circle,color=gray] {3};
\path (-2.,2.,2.) node(4_0) [draw,shape=circle,color=gray] {4};
\path (-2.,-2.,-2.) node(5_0) [draw,shape=circle,color=gray] {5};
\path (-2.,2.,-2.) node(6_0) [draw,shape=circle,color=gray] {6};
\path (2.,2.,-2.) node(7_0) [draw,shape=circle,color=gray] {7};
\path (2.,-2.,-2.) node(8_0) [draw,shape=circle,color=gray] {8};
\draw[color=gray] (1_0) -- (2_0);
\draw[color=gray] (2_0) -- (3_0);
\draw[color=gray] (3_0) -- (4_0);
\draw[color=gray] (4_0) -- (1_0);
\draw[color=gray] (5_0) -- (6_0);
\draw[color=gray] (6_0) -- (7_0);
\draw[color=gray] (7_0) -- (8_0);
\draw[color=gray] (8_0) -- (5_0);
\draw[color=gray] (4_0) -- (6_0);
\draw[color=gray] (5_0) -- (1_0);
\draw[color=gray] (2_0) -- (8_0);
\draw[color=gray] (7_0) -- (3_0);
\path (0.,0.,0.) node(0_0) [] {};
\end{tikzpicture}
\end{document}
hexahedron orientation 17
\documentclass[tikz]{standalone}

\usepackage{pgflibraryshapes}
\usetikzlibrary{backgrounds}
\usetikzlibrary{arrows}
\begin{document}
\begin{tikzpicture}[scale = 0.3,font=\fontsize{8}{8}\selectfont]
\path (-2.,-2.,2.) node(1_0) [draw,shape=circle,color=gray] {1};
\path (-2.,2.,2.) node(2_0) [draw,shape=circle,color=gray] {2};
\path (-2.,2.,-2.) node(3_0) [draw,shape=circle,color=gray] {3};
\path (-2.,-2.,-2.) node(4_0) [draw,shape=circle,color=gray] {4};
\path (2.,-2.,2.) node(5_0) [draw,shape=circle,color=gray] {5};
\path (2.,-2.,-2.) node(6_0) [draw,shape=circle,color=gray] {6};
\path (2.,2.,-2.) node(7_0) [draw,shape=circle,color=gray] {7};
\path (2.,2.,2.) node(8_0) [draw,shape=circle,color=gray] {8};
\draw[color=gray] (1_0) -- (2_0);
\draw[color=gray] (2_0) -- (3_0);
\draw[color=gray] (3_0) -- (4_0);
\draw[color=gray] (4_0) -- (1_0);
\draw[color=gray] (5_0) -- (6_0);
\draw[color=gray] (6_0) -- (7_0);
\draw[color=gray] (7_0) -- (8_0);
\draw[color=gray] (8_0) -- (5_0);
\draw[color=gray] (4_0) -- (6_0);
\draw[color=gray] (5_0) -- (1_0);
\draw[color=gray] (2_0) -- (8_0);
\draw[color=gray] (7_0) -- (3_0);
\path (0.,0.,0.) node(0_0) [] {};
\end{tikzpicture}
\end{document}
hexahedron orientation 18
\documentclass[tikz]{standalone}

\usepackage{pgflibraryshapes}
\usetikzlibrary{backgrounds}
\usetikzlibrary{arrows}
\begin{document}
\begin{tikzpicture}[scale = 0.3,font=\fontsize{8}{8}\selectfont]
\path (-2.,2.,-2.) node(1_0) [draw,shape=circle,color=gray] {1};
\path (2.,2.,-2.) node(2_0) [draw,shape=circle,color=gray] {2};
\path (2.,-2.,-2.) node(3_0) [draw,shape=circle,color=gray] {3};
\path (-2.,-2.,-2.) node(4_0) [draw,shape=circle,color=gray] {4};
\path (-2.,2.,2.) node(5_0) [draw,shape=circle,color=gray] {5};
\path (-2.,-2.,2.) node(6_0) [draw,shape=circle,color=gray] {6};
\path (2.,-2.,2.) node(7_0) [draw,shape=circle,color=gray] {7};
\path (2.,2.,2.) node(8_0) [draw,shape=circle,color=gray] {8};
\draw[color=gray] (1_0) -- (2_0);
\draw[color=gray] (2_0) -- (3_0);
\draw[color=gray] (3_0) -- (4_0);
\draw[color=gray] (4_0) -- (1_0);
\draw[color=gray] (5_0) -- (6_0);
\draw[color=gray] (6_0) -- (7_0);
\draw[color=gray] (7_0) -- (8_0);
\draw[color=gray] (8_0) -- (5_0);
\draw[color=gray] (4_0) -- (6_0);
\draw[color=gray] (5_0) -- (1_0);
\draw[color=gray] (2_0) -- (8_0);
\draw[color=gray] (7_0) -- (3_0);
\path (0.,0.,0.) node(0_0) [] {};
\end{tikzpicture}
\end{document}
hexahedron orientation 19
\documentclass[tikz]{standalone}

\usepackage{pgflibraryshapes}
\usetikzlibrary{backgrounds}
\usetikzlibrary{arrows}
\begin{document}
\begin{tikzpicture}[scale = 0.3,font=\fontsize{8}{8}\selectfont]
\path (2.,2.,2.) node(1_0) [draw,shape=circle,color=gray] {1};
\path (2.,-2.,2.) node(2_0) [draw,shape=circle,color=gray] {2};
\path (2.,-2.,-2.) node(3_0) [draw,shape=circle,color=gray] {3};
\path (2.,2.,-2.) node(4_0) [draw,shape=circle,color=gray] {4};
\path (-2.,2.,2.) node(5_0) [draw,shape=circle,color=gray] {5};
\path (-2.,2.,-2.) node(6_0) [draw,shape=circle,color=gray] {6};
\path (-2.,-2.,-2.) node(7_0) [draw,shape=circle,color=gray] {7};
\path (-2.,-2.,2.) node(8_0) [draw,shape=circle,color=gray] {8};
\draw[color=gray] (1_0) -- (2_0);
\draw[color=gray] (2_0) -- (3_0);
\draw[color=gray] (3_0) -- (4_0);
\draw[color=gray] (4_0) -- (1_0);
\draw[color=gray] (5_0) -- (6_0);
\draw[color=gray] (6_0) -- (7_0);
\draw[color=gray] (7_0) -- (8_0);
\draw[color=gray] (8_0) -- (5_0);
\draw[color=gray] (4_0) -- (6_0);
\draw[color=gray] (5_0) -- (1_0);
\draw[color=gray] (2_0) -- (8_0);
\draw[color=gray] (7_0) -- (3_0);
\path (0.,0.,0.) node(0_0) [] {};
\end{tikzpicture}
\end{document}
hexahedron orientation 20
\documentclass[tikz]{standalone}

\usepackage{pgflibraryshapes}
\usetikzlibrary{backgrounds}
\usetikzlibrary{arrows}
\begin{document}
\begin{tikzpicture}[scale = 0.3,font=\fontsize{8}{8}\selectfont]
\path (-2.,2.,-2.) node(1_0) [draw,shape=circle,color=gray] {1};
\path (-2.,-2.,-2.) node(2_0) [draw,shape=circle,color=gray] {2};
\path (-2.,-2.,2.) node(3_0) [draw,shape=circle,color=gray] {3};
\path (-2.,2.,2.) node(4_0) [draw,shape=circle,color=gray] {4};
\path (2.,2.,-2.) node(5_0) [draw,shape=circle,color=gray] {5};
\path (2.,2.,2.) node(6_0) [draw,shape=circle,color=gray] {6};
\path (2.,-2.,2.) node(7_0) [draw,shape=circle,color=gray] {7};
\path (2.,-2.,-2.) node(8_0) [draw,shape=circle,color=gray] {8};
\draw[color=gray] (1_0) -- (2_0);
\draw[color=gray] (2_0) -- (3_0);
\draw[color=gray] (3_0) -- (4_0);
\draw[color=gray] (4_0) -- (1_0);
\draw[color=gray] (5_0) -- (6_0);
\draw[color=gray] (6_0) -- (7_0);
\draw[color=gray] (7_0) -- (8_0);
\draw[color=gray] (8_0) -- (5_0);
\draw[color=gray] (4_0) -- (6_0);
\draw[color=gray] (5_0) -- (1_0);
\draw[color=gray] (2_0) -- (8_0);
\draw[color=gray] (7_0) -- (3_0);
\path (0.,0.,0.) node(0_0) [] {};
\end{tikzpicture}
\end{document}
hexahedron orientation 21
\documentclass[tikz]{standalone}

\usepackage{pgflibraryshapes}
\usetikzlibrary{backgrounds}
\usetikzlibrary{arrows}
\begin{document}
\begin{tikzpicture}[scale = 0.3,font=\fontsize{8}{8}\selectfont]
\path (2.,-2.,-2.) node(1_0) [draw,shape=circle,color=gray] {1};
\path (-2.,-2.,-2.) node(2_0) [draw,shape=circle,color=gray] {2};
\path (-2.,2.,-2.) node(3_0) [draw,shape=circle,color=gray] {3};
\path (2.,2.,-2.) node(4_0) [draw,shape=circle,color=gray] {4};
\path (2.,-2.,2.) node(5_0) [draw,shape=circle,color=gray] {5};
\path (2.,2.,2.) node(6_0) [draw,shape=circle,color=gray] {6};
\path (-2.,2.,2.) node(7_0) [draw,shape=circle,color=gray] {7};
\path (-2.,-2.,2.) node(8_0) [draw,shape=circle,color=gray] {8};
\draw[color=gray] (1_0) -- (2_0);
\draw[color=gray] (2_0) -- (3_0);
\draw[color=gray] (3_0) -- (4_0);
\draw[color=gray] (4_0) -- (1_0);
\draw[color=gray] (5_0) -- (6_0);
\draw[color=gray] (6_0) -- (7_0);
\draw[color=gray] (7_0) -- (8_0);
\draw[color=gray] (8_0) -- (5_0);
\draw[color=gray] (4_0) -- (6_0);
\draw[color=gray] (5_0) -- (1_0);
\draw[color=gray] (2_0) -- (8_0);
\draw[color=gray] (7_0) -- (3_0);
\path (0.,0.,0.) node(0_0) [] {};
\end{tikzpicture}
\end{document}
hexahedron orientation 22
\documentclass[tikz]{standalone}

\usepackage{pgflibraryshapes}
\usetikzlibrary{backgrounds}
\usetikzlibrary{arrows}
\begin{document}
\begin{tikzpicture}[scale = 0.3,font=\fontsize{8}{8}\selectfont]
\path (2.,2.,2.) node(1_0) [draw,shape=circle,color=gray] {1};
\path (-2.,2.,2.) node(2_0) [draw,shape=circle,color=gray] {2};
\path (-2.,-2.,2.) node(3_0) [draw,shape=circle,color=gray] {3};
\path (2.,-2.,2.) node(4_0) [draw,shape=circle,color=gray] {4};
\path (2.,2.,-2.) node(5_0) [draw,shape=circle,color=gray] {5};
\path (2.,-2.,-2.) node(6_0) [draw,shape=circle,color=gray] {6};
\path (-2.,-2.,-2.) node(7_0) [draw,shape=circle,color=gray] {7};
\path (-2.,2.,-2.) node(8_0) [draw,shape=circle,color=gray] {8};
\draw[color=gray] (1_0) -- (2_0);
\draw[color=gray] (2_0) -- (3_0);
\draw[color=gray] (3_0) -- (4_0);
\draw[color=gray] (4_0) -- (1_0);
\draw[color=gray] (5_0) -- (6_0);
\draw[color=gray] (6_0) -- (7_0);
\draw[color=gray] (7_0) -- (8_0);
\draw[color=gray] (8_0) -- (5_0);
\draw[color=gray] (4_0) -- (6_0);
\draw[color=gray] (5_0) -- (1_0);
\draw[color=gray] (2_0) -- (8_0);
\draw[color=gray] (7_0) -- (3_0);
\path (0.,0.,0.) node(0_0) [] {};
\end{tikzpicture}
\end{document}
hexahedron orientation 23
\documentclass[tikz]{standalone}

\usepackage{pgflibraryshapes}
\usetikzlibrary{backgrounds}
\usetikzlibrary{arrows}
\begin{document}
\begin{tikzpicture}[scale = 0.3,font=\fontsize{8}{8}\selectfont]
\path (2.,-2.,-2.) node(1_0) [draw,shape=circle,color=gray] {1};
\path (2.,2.,-2.) node(2_0) [draw,shape=circle,color=gray] {2};
\path (2.,2.,2.) node(3_0) [draw,shape=circle,color=gray] {3};
\path (2.,-2.,2.) node(4_0) [draw,shape=circle,color=gray] {4};
\path (-2.,-2.,-2.) node(5_0) [draw,shape=circle,color=gray] {5};
\path (-2.,-2.,2.) node(6_0) [draw,shape=circle,color=gray] {6};
\path (-2.,2.,2.) node(7_0) [draw,shape=circle,color=gray] {7};
\path (-2.,2.,-2.) node(8_0) [draw,shape=circle,color=gray] {8};
\draw[color=gray] (1_0) -- (2_0);
\draw[color=gray] (2_0) -- (3_0);
\draw[color=gray] (3_0) -- (4_0);
\draw[color=gray] (4_0) -- (1_0);
\draw[color=gray] (5_0) -- (6_0);
\draw[color=gray] (6_0) -- (7_0);
\draw[color=gray] (7_0) -- (8_0);
\draw[color=gray] (8_0) -- (5_0);
\draw[color=gray] (4_0) -- (6_0);
\draw[color=gray] (5_0) -- (1_0);
\draw[color=gray] (2_0) -- (8_0);
\draw[color=gray] (7_0) -- (3_0);
\path (0.,0.,0.) node(0_0) [] {};
\end{tikzpicture}
\end{document}
