tetrahedron orientation 0
\documentclass[tikz]{standalone}

\usepackage{pgflibraryshapes}
\usetikzlibrary{backgrounds}
\usetikzlibrary{arrows}
\begin{document}
\begin{tikzpicture}[scale = 0.5,font=\fontsize{8}{8}\selectfont]
\path (-2.,-2.,2.) node(6_0) [draw,shape=circle,color=gray] {6};
\path (-2.,-2.,-2.) node(7_0) [draw,shape=circle,color=gray] {7};
\path (2.,-2.,2.) node(8_0) [draw,shape=circle,color=gray] {8};
\path (-2.,2.,2.) node(9_0) [draw,shape=circle,color=gray] {9};
\path (0.,-2.,-0.) node(10_0) [draw,shape=circle,color=gray] {10};
\path (-2.,0.,2.) node(11_0) [draw,shape=circle,color=gray] {11};
\path (-2.,0.,-0.) node(12_0) [draw,shape=circle,color=gray] {12};
\path (0.,0.,2.) node(13_0) [draw,shape=circle,color=gray] {13};
\draw[color=gray] (10_0) -- (11_0);
\draw[color=gray] (6_0) -- (10_0);
\draw[color=gray] (6_0) -- (12_0);
\draw[color=gray] (12_0) -- (11_0);
\draw[color=gray] (6_0) -- (13_0);
\draw[color=gray] (13_0) -- (11_0);
\draw[color=gray] (9_0) -- (10_0);
\draw[color=gray] (10_0) -- (13_0);
\draw[color=gray] (10_0) -- (12_0);
\draw[color=gray] (6_0) -- (7_0);
\draw[color=gray] (8_0) -- (6_0);
\draw[color=gray] (7_0) -- (10_0);
\draw[color=gray] (10_0) -- (8_0);
\draw[color=gray] (6_0) -- (11_0);
\draw[color=gray] (11_0) -- (9_0);
\draw[color=gray] (9_0) -- (12_0);
\draw[color=gray] (12_0) -- (7_0);
\draw[color=gray] (8_0) -- (13_0);
\draw[color=gray] (13_0) -- (9_0);
\path (-1.5,-1.5,0.) node(0_0) [] {};
\path (-1.5,-1.,1.) node(1_0) [] {};
\path (-1.5,0.,1.) node(2_0) [] {};
\path (0.,-1.5,1.5) node(3_0) [] {};
\path (-1.,-1.,1.5) node(4_0) [] {};
\path (-1.,0.,1.5) node(5_0) [] {};
\end{tikzpicture}
\end{document}
