PetscSection Object: 1 MPI process
  type not yet set
3 fields
  field 0 with 1 components
Process 0:
  (   0) dim  0 offset   0
  (   1) dim  0 offset   2
  (   2) dim  0 offset   4
  (   3) dim  0 offset   6
  (   4) dim  0 offset   8
  (   5) dim  0 offset  10
  (   6) dim  0 offset  12
  (   7) dim  0 offset  14
  (   8) dim  1 offset  16 constrained 0
  (   9) dim  1 offset  17 constrained 0
  (  10) dim  1 offset  18 constrained 0
  (  11) dim  1 offset  19 constrained 0
  (  12) dim  1 offset  20
  (  13) dim  1 offset  21 constrained 0
  (  14) dim  1 offset  22 constrained 0
  (  15) dim  1 offset  23 constrained 0
  (  16) dim  1 offset  24 constrained 0
  (  17) dim  0 offset  25
  (  18) dim  0 offset  26
  (  19) dim  0 offset  27
  (  20) dim  0 offset  28
  (  21) dim  0 offset  29
  (  22) dim  0 offset  30
  (  23) dim  0 offset  31
  (  24) dim  0 offset  32
  (  25) dim  0 offset  33
  (  26) dim  0 offset  34
  (  27) dim  0 offset  35
  (  28) dim  0 offset  36
  (  29) dim  0 offset  37
  (  30) dim  0 offset  38
  (  31) dim  0 offset  39
  (  32) dim  0 offset  40
  field 1 with 2 components
Process 0:
  (   0) dim  2 offset   0
  (   1) dim  2 offset   2
  (   2) dim  2 offset   4
  (   3) dim  2 offset   6
  (   4) dim  2 offset   8
  (   5) dim  2 offset  10
  (   6) dim  2 offset  12
  (   7) dim  2 offset  14
  (   8) dim  0 offset  17
  (   9) dim  0 offset  18
  (  10) dim  0 offset  19
  (  11) dim  0 offset  20
  (  12) dim  0 offset  21
  (  13) dim  0 offset  22
  (  14) dim  0 offset  23
  (  15) dim  0 offset  24
  (  16) dim  0 offset  25
  (  17) dim  0 offset  25
  (  18) dim  0 offset  26
  (  19) dim  0 offset  27
  (  20) dim  0 offset  28
  (  21) dim  0 offset  29
  (  22) dim  0 offset  30
  (  23) dim  0 offset  31
  (  24) dim  0 offset  32
  (  25) dim  0 offset  33
  (  26) dim  0 offset  34
  (  27) dim  0 offset  35
  (  28) dim  0 offset  36
  (  29) dim  0 offset  37
  (  30) dim  0 offset  38
  (  31) dim  0 offset  39
  (  32) dim  0 offset  40
  field 2 with 1 components
Process 0:
  (   0) dim  0 offset   2
  (   1) dim  0 offset   4
  (   2) dim  0 offset   6
  (   3) dim  0 offset   8
  (   4) dim  0 offset  10
  (   5) dim  0 offset  12
  (   6) dim  0 offset  14
  (   7) dim  0 offset  16
  (   8) dim  0 offset  17
  (   9) dim  0 offset  18
  (  10) dim  0 offset  19
  (  11) dim  0 offset  20
  (  12) dim  0 offset  21
  (  13) dim  0 offset  22
  (  14) dim  0 offset  23
  (  15) dim  0 offset  24
  (  16) dim  0 offset  25
  (  17) dim  1 offset  25
  (  18) dim  1 offset  26
  (  19) dim  1 offset  27
  (  20) dim  1 offset  28
  (  21) dim  1 offset  29
  (  22) dim  1 offset  30
  (  23) dim  1 offset  31
  (  24) dim  1 offset  32
  (  25) dim  1 offset  33
  (  26) dim  1 offset  34
  (  27) dim  1 offset  35
  (  28) dim  1 offset  36
  (  29) dim  1 offset  37
  (  30) dim  1 offset  38
  (  31) dim  1 offset  39
  (  32) dim  1 offset  40
[0] DMPlexGetFieldType_Internal(): Could not classify VTK output type of section field 2 "w"
