PetscSection Object: 1 MPI process
  type not yet set
3 fields
  field 0 "u" with 1 components
Process 0:
  (   0) dof  0 offset   0
  (   1) dof  0 offset   2
  (   2) dof  0 offset   4
  (   3) dof  0 offset   6
  (   4) dof  0 offset   8
  (   5) dof  0 offset  10
  (   6) dof  0 offset  12
  (   7) dof  0 offset  14
  (   8) dof  1 offset  16 constrained 0
  (   9) dof  1 offset  17 constrained 0
  (  10) dof  1 offset  18 constrained 0
  (  11) dof  1 offset  19 constrained 0
  (  12) dof  1 offset  20
  (  13) dof  1 offset  21 constrained 0
  (  14) dof  1 offset  22 constrained 0
  (  15) dof  1 offset  23 constrained 0
  (  16) dof  1 offset  24 constrained 0
  (  17) dof  0 offset  25
  (  18) dof  0 offset  26
  (  19) dof  0 offset  27
  (  20) dof  0 offset  28
  (  21) dof  0 offset  29
  (  22) dof  0 offset  30
  (  23) dof  0 offset  31
  (  24) dof  0 offset  32
  (  25) dof  0 offset  33
  (  26) dof  0 offset  34
  (  27) dof  0 offset  35
  (  28) dof  0 offset  36
  (  29) dof  0 offset  37
  (  30) dof  0 offset  38
  (  31) dof  0 offset  39
  (  32) dof  0 offset  40
  field 1 "v" with 2 components
Process 0:
  (   0) dof  2 offset   0
  (   1) dof  2 offset   2
  (   2) dof  2 offset   4
  (   3) dof  2 offset   6
  (   4) dof  2 offset   8
  (   5) dof  2 offset  10
  (   6) dof  2 offset  12
  (   7) dof  2 offset  14
  (   8) dof  0 offset  17
  (   9) dof  0 offset  18
  (  10) dof  0 offset  19
  (  11) dof  0 offset  20
  (  12) dof  0 offset  21
  (  13) dof  0 offset  22
  (  14) dof  0 offset  23
  (  15) dof  0 offset  24
  (  16) dof  0 offset  25
  (  17) dof  0 offset  25
  (  18) dof  0 offset  26
  (  19) dof  0 offset  27
  (  20) dof  0 offset  28
  (  21) dof  0 offset  29
  (  22) dof  0 offset  30
  (  23) dof  0 offset  31
  (  24) dof  0 offset  32
  (  25) dof  0 offset  33
  (  26) dof  0 offset  34
  (  27) dof  0 offset  35
  (  28) dof  0 offset  36
  (  29) dof  0 offset  37
  (  30) dof  0 offset  38
  (  31) dof  0 offset  39
  (  32) dof  0 offset  40
  field 2 "w" with 1 components
Process 0:
  (   0) dof  0 offset   2
  (   1) dof  0 offset   4
  (   2) dof  0 offset   6
  (   3) dof  0 offset   8
  (   4) dof  0 offset  10
  (   5) dof  0 offset  12
  (   6) dof  0 offset  14
  (   7) dof  0 offset  16
  (   8) dof  0 offset  17
  (   9) dof  0 offset  18
  (  10) dof  0 offset  19
  (  11) dof  0 offset  20
  (  12) dof  0 offset  21
  (  13) dof  0 offset  22
  (  14) dof  0 offset  23
  (  15) dof  0 offset  24
  (  16) dof  0 offset  25
  (  17) dof  1 offset  25
  (  18) dof  1 offset  26
  (  19) dof  1 offset  27
  (  20) dof  1 offset  28
  (  21) dof  1 offset  29
  (  22) dof  1 offset  30
  (  23) dof  1 offset  31
  (  24) dof  1 offset  32
  (  25) dof  1 offset  33
  (  26) dof  1 offset  34
  (  27) dof  1 offset  35
  (  28) dof  1 offset  36
  (  29) dof  1 offset  37
  (  30) dof  1 offset  38
  (  31) dof  1 offset  39
  (  32) dof  1 offset  40
[0] <dm:plex> DMPlexGetFieldType_Internal(): Could not classify VTK output type of section field 2 "w"
