Observation Operator H:
Mat Object: H_observation_operator 1 MPI process
  type: seqaij
row 0: (0, 1.) 
row 1: (2, 1.) 
row 2: (4, 1.) 
row 3: (6, 1.) 
row 4: (8, 1.) 
row 5: (18, 1.) 
row 6: (20, 1.) 
row 7: (22, 1.) 
row 8: (24, 1.) 
row 9: (26, 1.) 
row 10: (36, 1.) 
row 11: (38, 1.) 
row 12: (40, 1.) 
row 13: (42, 1.) 
row 14: (44, 1.) 
row 15: (54, 1.) 
row 16: (56, 1.) 
row 17: (58, 1.) 
row 18: (60, 1.) 
row 19: (62, 1.) 
row 20: (72, 1.) 
row 21: (74, 1.) 
row 22: (76, 1.) 
row 23: (78, 1.) 
row 24: (80, 1.) 
Localization Matrix Q:
Mat Object: Q_localization 1 MPI process
  type: mpiaij
  row 0:   (0, 0.99998)    (1, 0.823398)    (2, 0.466563)    (5, 0.826605)    (6, 0.683715)    (7, 0.384119)    (10, 0.470322)    (11, 0.385697)    (12, 0.208333)   
  row 1:   (0, 0.936819)    (1, 0.940521)    (2, 0.581708)    (3, 0.208333)    (5, 0.734344)    (6, 0.737165)    (7, 0.453916)    (10, 0.348898)    (11, 0.350333)   
  row 2:   (0, 0.734424)    (1, 0.99998)    (2, 0.740201)    (3, 0.291922)    (5, 0.541383)    (6, 0.735422)    (7, 0.545724)    (8, 0.208333)    (11, 0.287814)   
  row 3:   (0, 0.445532)    (1, 0.911123)    (2, 0.91359)    (3, 0.449237)    (5, 0.30637)    (6, 0.639829)    (7, 0.641539)    (8, 0.309031)    (12, 0.208333)   
  row 4:   (0, 0.208333)    (1, 0.682422)    (2, 0.999958)    (3, 0.692288)    (4, 0.21522)    (6, 0.469527)    (7, 0.688892)    (8, 0.476533)    (12, 0.212837)   
  row 5:   (1, 0.444323)    (2, 0.910756)    (3, 0.913508)    (4, 0.44845)    (6, 0.305833)    (7, 0.640216)    (8, 0.642126)    (9, 0.3088)    (13, 0.208333)   
  row 6:   (1, 0.289877)    (2, 0.737121)    (3, 0.999998)    (4, 0.738942)    (7, 0.545144)    (8, 0.737737)    (9, 0.546516)    (13, 0.290408)    (14, 0.208333)   
  row 7:   (1, 0.208333)    (2, 0.580308)    (3, 0.93899)    (4, 0.939118)    (7, 0.452462)    (8, 0.735476)    (9, 0.735574)    (13, 0.350396)    (14, 0.350446)   
  row 8:   (2, 0.468259)    (3, 0.825458)    (4, 1.)    (7, 0.385129)    (8, 0.684723)    (9, 0.825773)    (12, 0.208333)    (13, 0.385284)    (14, 0.468628)   
  row 9:   (0, 0.940761)    (1, 0.737156)    (2, 0.352282)    (5, 0.937874)    (6, 0.734957)    (7, 0.351158)    (10, 0.579296)    (11, 0.451865)    (15, 0.208333)   
  row 10:   (0, 0.846408)    (1, 0.841652)    (2, 0.42816)    (5, 0.84619)    (6, 0.841435)    (7, 0.428045)    (10, 0.432974)    (11, 0.430446)    (12, 0.208333)   
  row 11:   (0, 0.560814)    (1, 0.88665)    (2, 0.556243)    (5, 0.562152)    (6, 0.888757)    (7, 0.557571)    (10, 0.210248)    (11, 0.347558)    (12, 0.208333)   
  row 12:   (0, 0.212432)    (1, 0.738786)    (2, 0.731955)    (5, 0.215028)    (6, 0.746744)    (7, 0.739841)    (8, 0.208333)    (11, 0.215376)    (12, 0.21312)   
  row 13:   (1, 0.558916)    (2, 0.884919)    (3, 0.554331)    (6, 0.56203)    (7, 0.889828)    (8, 0.557421)    (11, 0.21026)    (12, 0.3481)    (13, 0.208333)   
  row 14:   (2, 0.736508)    (3, 0.741194)    (4, 0.212534)    (6, 0.208333)    (7, 0.737579)    (8, 0.742271)    (9, 0.212884)    (12, 0.210187)    (13, 0.211707)   
  row 15:   (2, 0.570417)    (3, 0.89373)    (4, 0.56311)    (7, 0.564523)    (8, 0.884522)    (9, 0.557285)    (12, 0.21136)    (13, 0.345992)    (14, 0.208333)   
  row 16:   (2, 0.429305)    (3, 0.842744)    (4, 0.841216)    (7, 0.429997)    (8, 0.84405)    (9, 0.842519)    (12, 0.208333)    (13, 0.429877)    (14, 0.429067)   
  row 17:   (2, 0.348977)    (3, 0.734399)    (4, 0.937002)    (7, 0.350294)    (8, 0.736989)    (9, 0.940401)    (13, 0.453774)    (14, 0.581598)    (19, 0.208333)   
  row 18:   (0, 0.740521)    (1, 0.54797)    (2, 0.208333)    (5, 0.999975)    (6, 0.73807)    (7, 0.289723)    (10, 0.733256)    (11, 0.542492)    (15, 0.285601)   
  row 19:   (0, 0.570407)    (1, 0.566219)    (2, 0.212464)    (5, 0.892244)    (6, 0.885711)    (7, 0.347092)    (10, 0.560481)    (11, 0.55636)    (12, 0.208333)   
  row 20:   (0, 0.212454)    (1, 0.476069)    (2, 0.215072)    (5, 0.469216)    (6, 0.999961)    (7, 0.474487)    (10, 0.208333)    (11, 0.467655)    (12, 0.210907)   
  row 21:   (1, 0.55925)    (2, 0.561599)    (3, 0.208333)    (5, 0.340293)    (6, 0.884833)    (7, 0.888534)    (8, 0.34484)    (11, 0.550518)    (12, 0.552834)   
  row 22:   (1, 0.209035)    (2, 0.467226)    (3, 0.208333)    (6, 0.471095)    (7, 0.999983)    (8, 0.469657)    (11, 0.21214)    (12, 0.473544)    (13, 0.21143)   
  row 23:   (2, 0.555313)    (3, 0.550353)    (6, 0.346523)    (7, 0.890389)    (8, 0.882482)    (9, 0.336828)    (11, 0.208333)    (12, 0.560183)    (13, 0.555183)   
  row 24:   (2, 0.214852)    (3, 0.470795)    (4, 0.208333)    (7, 0.479334)    (8, 0.999925)    (9, 0.466069)    (12, 0.21672)    (13, 0.474531)    (14, 0.210151)   
  row 25:   (2, 0.21211)    (3, 0.565432)    (4, 0.566819)    (7, 0.347738)    (8, 0.887359)    (9, 0.889529)    (12, 0.208333)    (13, 0.556416)    (14, 0.557782)   
  row 26:   (3, 0.544581)    (4, 0.737378)    (7, 0.289588)    (8, 0.73673)    (9, 0.999996)    (13, 0.545642)    (14, 0.738788)    (18, 0.208333)    (19, 0.29136)   
  row 27:   (0, 0.44356)    (1, 0.304359)    (5, 0.909446)    (6, 0.637514)    (10, 0.915561)    (11, 0.641747)    (12, 0.208333)    (15, 0.452756)    (16, 0.310955)   
  row 28:   (1, 0.208333)    (5, 0.731645)    (6, 0.740351)    (7, 0.213093)    (10, 0.737567)    (11, 0.746343)    (12, 0.21505)    (15, 0.211279)    (16, 0.214133)   
  row 29:   (1, 0.334608)    (5, 0.549402)    (6, 0.881066)    (7, 0.553272)    (10, 0.555851)    (11, 0.891346)    (12, 0.559762)    (16, 0.347192)    (17, 0.208333)   
  row 30:   (1, 0.208333)    (5, 0.213653)    (6, 0.740907)    (7, 0.730691)    (10, 0.215677)    (11, 0.747097)    (12, 0.736797)    (16, 0.214322)    (17, 0.210972)   
  row 31:   (2, 0.336048)    (6, 0.554475)    (7, 0.88198)    (8, 0.550064)    (11, 0.560009)    (12, 0.890737)    (13, 0.555558)    (16, 0.208333)    (17, 0.34678)   
  row 32:   (2, 0.208333)    (6, 0.209605)    (7, 0.738723)    (8, 0.736357)    (11, 0.210117)    (12, 0.74031)    (13, 0.737939)    (17, 0.209864)    (18, 0.2091)   
  row 33:   (2, 0.208333)    (3, 0.345602)    (7, 0.561339)    (8, 0.889976)    (9, 0.552794)    (12, 0.556614)    (13, 0.882522)    (14, 0.548135)    (18, 0.336474)   
  row 34:   (3, 0.208333)    (7, 0.210896)    (8, 0.737126)    (9, 0.736063)    (12, 0.213136)    (13, 0.744022)    (14, 0.74295)    (18, 0.215046)    (19, 0.214695)   
  row 35:   (3, 0.302382)    (4, 0.437959)    (8, 0.640627)    (9, 0.908187)    (12, 0.208333)    (13, 0.64481)    (14, 0.914191)    (18, 0.308832)    (19, 0.446905)   
  row 36:   (0, 0.209244)    (5, 0.685541)    (6, 0.468426)    (10, 0.999997)    (11, 0.684225)    (12, 0.208333)    (15, 0.685588)    (16, 0.468459)    (20, 0.209276)   
  row 37:   (5, 0.565912)    (6, 0.560476)    (7, 0.208932)    (10, 0.892994)    (11, 0.884447)    (12, 0.344817)    (15, 0.564463)    (16, 0.55904)    (17, 0.208333)   
  row 38:   (5, 0.216178)    (6, 0.470482)    (7, 0.208333)    (10, 0.482326)    (11, 0.999877)    (12, 0.466359)    (15, 0.220016)    (16, 0.47811)    (17, 0.212049)   
  row 39:   (5, 0.208333)    (6, 0.561624)    (7, 0.558173)    (10, 0.345086)    (11, 0.889172)    (12, 0.883733)    (13, 0.338416)    (16, 0.552491)    (17, 0.549091)   
  row 40:   (6, 0.21187)    (7, 0.468601)    (8, 0.208333)    (11, 0.4755)    (12, 0.999962)    (13, 0.468269)    (16, 0.215126)    (17, 0.475164)    (18, 0.211541)   
  row 41:   (7, 0.561495)    (8, 0.561999)    (9, 0.208333)    (11, 0.343124)    (12, 0.886572)    (13, 0.887365)    (14, 0.344101)    (17, 0.551909)    (18, 0.552405)   
  row 42:   (7, 0.209426)    (8, 0.465099)    (9, 0.208333)    (12, 0.474016)    (13, 0.999901)    (14, 0.471766)    (17, 0.217192)    (18, 0.480797)    (19, 0.216064)   
  row 43:   (7, 0.212581)    (8, 0.566434)    (9, 0.570941)    (12, 0.347059)    (13, 0.885533)    (14, 0.89256)    (17, 0.208333)    (18, 0.556297)    (19, 0.56073)   
  row 44:   (4, 0.209388)    (8, 0.466939)    (9, 0.684583)    (12, 0.208333)    (13, 0.683061)    (14, 0.999972)    (18, 0.469939)    (19, 0.688841)    (24, 0.212351)   
  row 45:   (5, 0.44704)    (6, 0.306307)    (10, 0.910865)    (11, 0.637442)    (15, 0.91502)    (16, 0.640313)    (17, 0.208333)    (20, 0.453311)    (21, 0.310797)   
  row 46:   (5, 0.213418)    (6, 0.216599)    (10, 0.738989)    (11, 0.7487)    (12, 0.216998)    (15, 0.73059)    (16, 0.740192)    (17, 0.214207)    (21, 0.208333)   
  row 47:   (6, 0.344833)    (7, 0.208333)    (10, 0.551907)    (11, 0.889)    (12, 0.561906)    (15, 0.548695)    (16, 0.883858)    (17, 0.558641)    (21, 0.338527)   
  row 48:   (6, 0.213544)    (7, 0.216171)    (10, 0.208333)    (11, 0.739683)    (12, 0.747707)    (13, 0.216129)    (16, 0.731618)    (17, 0.739555)    (18, 0.21346)   
  row 49:   (7, 0.336036)    (11, 0.553846)    (12, 0.881875)    (13, 0.550797)    (16, 0.55957)    (17, 0.890941)    (18, 0.556492)    (21, 0.208333)    (22, 0.347151)   
  row 50:   (11, 0.209233)    (12, 0.737585)    (13, 0.735409)    (16, 0.210443)    (17, 0.741337)    (18, 0.73915)    (19, 0.208333)    (22, 0.21095)    (23, 0.210243)   
  row 51:   (8, 0.344419)    (12, 0.559695)    (13, 0.886943)    (14, 0.555913)    (17, 0.560209)    (18, 0.887754)    (19, 0.556424)    (22, 0.208333)    (23, 0.345421)   
  row 52:   (8, 0.209969)    (9, 0.208449)    (12, 0.210949)    (13, 0.741333)    (14, 0.736609)    (17, 0.2104)    (18, 0.739635)    (19, 0.734922)    (23, 0.208333)   
  row 53:   (8, 0.311481)    (9, 0.453424)    (12, 0.208333)    (13, 0.642295)    (14, 0.916223)    (18, 0.63697)    (19, 0.908532)    (23, 0.303191)    (24, 0.441865)   
  row 54:   (5, 0.292084)    (6, 0.208333)    (10, 0.739938)    (11, 0.545245)    (15, 0.999979)    (16, 0.735049)    (17, 0.287878)    (20, 0.73558)    (21, 0.541971)   
  row 55:   (10, 0.56307)    (11, 0.560562)    (12, 0.20911)    (15, 0.890213)    (16, 0.886264)    (17, 0.345789)    (20, 0.561199)    (21, 0.558699)    (22, 0.208333)   
  row 56:   (10, 0.219866)    (11, 0.483201)    (12, 0.217116)    (15, 0.47694)    (16, 0.999863)    (17, 0.471485)    (20, 0.210985)    (21, 0.46536)    (22, 0.208333)   
  row 57:   (11, 0.555899)    (12, 0.552892)    (15, 0.346069)    (16, 0.889243)    (17, 0.884459)    (18, 0.340184)    (20, 0.208333)    (21, 0.560156)    (22, 0.557128)   
  row 58:   (11, 0.219376)    (12, 0.476299)    (13, 0.210596)    (16, 0.482869)    (17, 0.999869)    (18, 0.465208)    (21, 0.21703)    (22, 0.471641)    (23, 0.208333)   
  row 59:   (12, 0.552194)    (13, 0.548883)    (16, 0.344959)    (17, 0.889088)    (18, 0.883791)    (19, 0.338463)    (21, 0.208333)    (22, 0.561767)    (23, 0.558404)   
  row 60:   (12, 0.216243)    (13, 0.470125)    (14, 0.208333)    (17, 0.48282)    (18, 0.999865)    (19, 0.466709)    (22, 0.220877)    (23, 0.479322)    (24, 0.212817)   
  row 61:   (12, 0.212527)    (13, 0.565953)    (14, 0.565201)    (17, 0.348601)    (18, 0.888701)    (19, 0.887524)    (22, 0.208333)    (23, 0.555951)    (24, 0.555211)   
  row 62:   (9, 0.289885)    (12, 0.208333)    (13, 0.548643)    (14, 0.739599)    (17, 0.290109)    (18, 0.739859)    (19, 0.99994)    (23, 0.542479)    (24, 0.731443)   
  row 63:   (10, 0.580599)    (11, 0.455657)    (12, 0.208333)    (15, 0.940594)    (16, 0.741339)    (17, 0.353453)    (20, 0.935963)    (21, 0.737789)    (22, 0.351643)   
  row 64:   (10, 0.429896)    (11, 0.431033)    (12, 0.208333)    (15, 0.843287)    (16, 0.845432)    (17, 0.429574)    (20, 0.838411)    (21, 0.840542)    (22, 0.426989)   
  row 65:   (10, 0.208333)    (11, 0.348548)    (12, 0.21374)    (15, 0.555243)    (16, 0.887447)    (17, 0.568123)    (20, 0.556796)    (21, 0.889917)    (22, 0.569709)   
  row 66:   (11, 0.210518)    (15, 0.215598)    (16, 0.740756)    (17, 0.733336)    (18, 0.208333)    (20, 0.218288)    (21, 0.748914)    (22, 0.741413)    (23, 0.210943)   
  row 67:   (11, 0.208333)    (12, 0.34816)    (13, 0.211698)    (16, 0.556555)    (17, 0.888597)    (18, 0.564591)    (21, 0.555811)    (22, 0.887414)    (23, 0.563836)   
  row 68:   (12, 0.209867)    (13, 0.21032)    (16, 0.208333)    (17, 0.739155)    (18, 0.740559)    (19, 0.209686)    (22, 0.735798)    (23, 0.737195)    (24, 0.208604)   
  row 69:   (12, 0.208333)    (13, 0.348458)    (14, 0.21263)    (17, 0.555926)    (18, 0.888316)    (19, 0.566175)    (22, 0.555837)    (23, 0.888176)    (24, 0.566085)   
  row 70:   (12, 0.208333)    (13, 0.427852)    (14, 0.428058)    (17, 0.430495)    (18, 0.841162)    (19, 0.841552)    (22, 0.433361)    (23, 0.846549)    (24, 0.846942)   
  row 71:   (12, 0.208333)    (13, 0.452847)    (14, 0.576387)    (17, 0.354822)    (18, 0.739608)    (19, 0.937154)    (22, 0.356171)    (23, 0.74224)    (24, 0.940585)   
  row 72:   (10, 0.469616)    (11, 0.386328)    (12, 0.208333)    (15, 0.827884)    (16, 0.686832)    (17, 0.385337)    (20, 0.999972)    (21, 0.82587)    (22, 0.467261)   
  row 73:   (10, 0.350668)    (11, 0.352823)    (12, 0.208333)    (15, 0.736425)    (16, 0.740655)    (17, 0.45601)    (20, 0.935614)    (21, 0.941142)    (22, 0.581915)   
  row 74:   (10, 0.208333)    (11, 0.290418)    (15, 0.547182)    (16, 0.738642)    (17, 0.544494)    (20, 0.738913)    (21, 0.999991)    (22, 0.735352)    (23, 0.287593)   
  row 75:   (11, 0.208333)    (15, 0.308327)    (16, 0.643416)    (17, 0.641017)    (18, 0.304615)    (20, 0.446785)    (21, 0.91335)    (22, 0.909902)    (23, 0.441632)   
  row 76:   (12, 0.212984)    (16, 0.468772)    (17, 0.688454)    (18, 0.477591)    (20, 0.208333)    (21, 0.68178)    (22, 0.999938)    (23, 0.694208)    (24, 0.217032)   
  row 77:   (12, 0.208333)    (16, 0.30956)    (17, 0.644407)    (18, 0.639673)    (19, 0.302246)    (21, 0.448524)    (22, 0.914832)    (23, 0.908027)    (24, 0.438369)   
  row 78:   (13, 0.290261)    (14, 0.208333)    (17, 0.543036)    (18, 0.739832)    (19, 0.548355)    (21, 0.283753)    (22, 0.732213)    (23, 0.99995)    (24, 0.739251)   
  row 79:   (13, 0.346317)    (14, 0.34446)    (17, 0.451821)    (18, 0.733705)    (19, 0.730034)    (21, 0.208333)    (22, 0.582109)    (23, 0.940936)    (24, 0.936095)   
  row 80:   (12, 0.208333)    (13, 0.384728)    (14, 0.468189)    (17, 0.38494)    (18, 0.683469)    (19, 0.824639)    (22, 0.468692)    (23, 0.825069)    (24, 0.999987)   
