Begin cycle 0
DM Object: DMPlex Object (loaded_) 4 MPI processes
  type: plex
DMPlex Object in 3 dimensions:
  Number of 0-cells per rank: 45 45 45 45
  Number of 3-cells per rank: 14 14 14 14
Labels:
  depth: 2 strata with value/size (0 (45), 1 (14))
  celltype: 2 strata with value/size (0 (45), 7 (14))
Loaded mesh distributed? TRUE
DM Object: DMPlex Object (interpolated_) 4 MPI processes
  type: plex
DMPlex Object in 3 dimensions:
  Number of 0-cells per rank: 45 45 45 45
  Number of 1-cells per rank: 93 93 93 93
  Number of 2-cells per rank: 63 63 63 63
  Number of 3-cells per rank: 14 14 14 14
Labels:
  celltype: 4 strata with value/size (0 (45), 1 (93), 4 (63), 7 (14))
  depth: 4 strata with value/size (0 (45), 1 (93), 2 (63), 3 (14))
DM Object: DMPlex Object (redistributed_) 4 MPI processes
  type: plex
DMPlex Object in 3 dimensions:
  Number of 0-cells per rank: 41 46 42 42
  Number of 1-cells per rank: 86 95 88 88
  Number of 2-cells per rank: 60 64 61 61
  Number of 3-cells per rank: 14 14 14 14
Labels:
  depth: 4 strata with value/size (0 (41), 1 (86), 2 (60), 3 (14))
  celltype: 4 strata with value/size (0 (41), 1 (86), 4 (60), 7 (14))
End   cycle 0
--------
Begin cycle 1
DM Object: DMPlex Object (loaded_) 3 MPI processes
  type: plex
DMPlex Object in 3 dimensions:
  Number of 0-cells per rank: 69 71 54
  Number of 3-cells per rank: 19 19 18
Labels:
  depth: 2 strata with value/size (0 (69), 1 (19))
  celltype: 2 strata with value/size (0 (69), 7 (19))
Loaded mesh distributed? TRUE
DM Object: DMPlex Object (interpolated_) 3 MPI processes
  type: plex
DMPlex Object in 3 dimensions:
  Number of 0-cells per rank: 69 71 54
  Number of 1-cells per rank: 134 141 114
  Number of 2-cells per rank: 87 91 79
  Number of 3-cells per rank: 19 19 18
Labels:
  celltype: 4 strata with value/size (0 (69), 1 (134), 4 (87), 7 (19))
  depth: 4 strata with value/size (0 (69), 1 (134), 2 (87), 3 (19))
DM Object: DMPlex Object (redistributed_) 3 MPI processes
  type: plex
DMPlex Object in 3 dimensions:
  Number of 0-cells per rank: 51 49 60
  Number of 1-cells per rank: 109 107 126
  Number of 2-cells per rank: 77 78 86
  Number of 3-cells per rank: 18 19 19
Labels:
  depth: 4 strata with value/size (0 (51), 1 (109), 2 (77), 3 (18))
  celltype: 4 strata with value/size (0 (51), 1 (109), 4 (77), 7 (18))
End   cycle 1
--------
Begin cycle 2
DM Object: DMPlex Object (loaded_) 2 MPI processes
  type: plex
DMPlex Object in 3 dimensions:
  Number of 0-cells per rank: 75 80
  Number of 3-cells per rank: 28 28
Labels:
  depth: 2 strata with value/size (0 (75), 1 (28))
  celltype: 2 strata with value/size (0 (75), 7 (28))
Loaded mesh distributed? TRUE
DM Object: DMPlex Object (interpolated_) 2 MPI processes
  type: plex
DMPlex Object in 3 dimensions:
  Number of 0-cells per rank: 75 80
  Number of 1-cells per rank: 164 173
  Number of 2-cells per rank: 118 122
  Number of 3-cells per rank: 28 28
Labels:
  celltype: 4 strata with value/size (0 (75), 1 (164), 4 (118), 7 (28))
  depth: 4 strata with value/size (0 (75), 1 (164), 2 (118), 3 (28))
DM Object: DMPlex Object (redistributed_) 2 MPI processes
  type: plex
DMPlex Object in 3 dimensions:
  Number of 0-cells per rank: 70 80
  Number of 1-cells per rank: 156 174
  Number of 2-cells per rank: 115 123
  Number of 3-cells per rank: 28 28
Labels:
  depth: 4 strata with value/size (0 (70), 1 (156), 2 (115), 3 (28))
  celltype: 4 strata with value/size (0 (70), 1 (156), 4 (115), 7 (28))
End   cycle 2
--------
