Begin cycle 0
DM Object: DMPlex Object (loaded_) 4 MPI processes
  type: plex
DMPlex Object in 3 dimensions:
  0-cells: 45 45 45 45
  3-cells: 14 14 14 14
Labels:
  depth: 2 strata with value/size (0 (45), 1 (14))
  celltype: 2 strata with value/size (7 (14), 0 (45))
Loaded mesh distributed? TRUE
DM Object: DMPlex Object (interpolated_) 4 MPI processes
  type: plex
DMPlex Object in 3 dimensions:
  0-cells: 45 45 45 45
  1-cells: 93 93 93 93
  2-cells: 63 63 63 63
  3-cells: 14 14 14 14
Labels:
  celltype: 4 strata with value/size (0 (45), 7 (14), 4 (63), 1 (93))
  depth: 4 strata with value/size (0 (45), 1 (93), 2 (63), 3 (14))
DM Object: Parallel Mesh (redistributed_) 4 MPI processes
  type: plex
Parallel Mesh in 3 dimensions:
  0-cells: 42 42 46 41
  1-cells: 88 88 95 86
  2-cells: 61 61 64 60
  3-cells: 14 14 14 14
Labels:
  depth: 4 strata with value/size (0 (42), 1 (88), 2 (61), 3 (14))
  celltype: 4 strata with value/size (0 (42), 1 (88), 4 (61), 7 (14))
End   cycle 0
--------
Begin cycle 1
DM Object: DMPlex Object (loaded_) 4 MPI processes
  type: plex
DMPlex Object in 3 dimensions:
  0-cells: 125 0 0 0
  1-cells: 295 0 0 0
  2-cells: 226 0 0 0
  3-cells: 56 0 0 0
Labels:
  depth: 4 strata with value/size (0 (125), 1 (295), 2 (226), 3 (56))
  celltype: 4 strata with value/size (0 (125), 1 (295), 4 (226), 7 (56))
Loaded mesh distributed? FALSE
DM Object: DMPlex Object (interpolated_) 4 MPI processes
  type: plex
DMPlex Object in 3 dimensions:
  0-cells: 125 0 0 0
  1-cells: 295 0 0 0
  2-cells: 226 0 0 0
  3-cells: 56 0 0 0
Labels:
  depth: 4 strata with value/size (0 (125), 1 (295), 2 (226), 3 (56))
  celltype: 4 strata with value/size (0 (125), 1 (295), 4 (226), 7 (56))
DM Object: Parallel Mesh (redistributed_) 4 MPI processes
  type: plex
Parallel Mesh in 3 dimensions:
  0-cells: 42 42 41 46
  1-cells: 88 88 86 95
  2-cells: 61 61 60 64
  3-cells: 14 14 14 14
Labels:
  depth: 4 strata with value/size (0 (42), 1 (88), 2 (61), 3 (14))
  celltype: 4 strata with value/size (0 (42), 1 (88), 4 (61), 7 (14))
End   cycle 1
--------
Begin cycle 2
DM Object: DMPlex Object (loaded_) 4 MPI processes
  type: plex
DMPlex Object in 3 dimensions:
  0-cells: 125 0 0 0
  1-cells: 295 0 0 0
  2-cells: 226 0 0 0
  3-cells: 56 0 0 0
Labels:
  depth: 4 strata with value/size (0 (125), 1 (295), 2 (226), 3 (56))
  celltype: 4 strata with value/size (0 (125), 1 (295), 4 (226), 7 (56))
Loaded mesh distributed? FALSE
DM Object: DMPlex Object (interpolated_) 4 MPI processes
  type: plex
DMPlex Object in 3 dimensions:
  0-cells: 125 0 0 0
  1-cells: 295 0 0 0
  2-cells: 226 0 0 0
  3-cells: 56 0 0 0
Labels:
  depth: 4 strata with value/size (0 (125), 1 (295), 2 (226), 3 (56))
  celltype: 4 strata with value/size (0 (125), 1 (295), 4 (226), 7 (56))
DM Object: Parallel Mesh (redistributed_) 4 MPI processes
  type: plex
Parallel Mesh in 3 dimensions:
  0-cells: 42 42 46 41
  1-cells: 88 88 95 86
  2-cells: 61 61 64 60
  3-cells: 14 14 14 14
Labels:
  depth: 4 strata with value/size (0 (42), 1 (88), 2 (61), 3 (14))
  celltype: 4 strata with value/size (0 (42), 1 (88), 4 (61), 7 (14))
End   cycle 2
--------
