Begin cycle 0
DM Object: DMPlex Object (loaded_) 4 MPI processes
  type: plex
DMPlex Object in 3 dimensions:
  Number of 0-cells per rank: 45 45 45 45
  Number of 3-cells per rank: 14 14 14 14
Labels:
  depth: 2 strata with value/size (0 (45), 1 (14))
  celltype: 2 strata with value/size (7 (14), 0 (45))
Loaded mesh distributed? TRUE
DM Object: DMPlex Object (interpolated_) 4 MPI processes
  type: plex
DMPlex Object in 3 dimensions:
  Number of 0-cells per rank: 45 45 45 45
  Number of 1-cells per rank: 93 93 93 93
  Number of 2-cells per rank: 63 63 63 63
  Number of 3-cells per rank: 14 14 14 14
Labels:
  celltype: 4 strata with value/size (0 (45), 7 (14), 4 (63), 1 (93))
  depth: 4 strata with value/size (0 (45), 1 (93), 2 (63), 3 (14))
DM Object: Parallel Mesh (redistributed_) 4 MPI processes
  type: plex
Parallel Mesh in 3 dimensions:
  Number of 0-cells per rank: 45 45 45 45
  Number of 1-cells per rank: 93 93 93 93
  Number of 2-cells per rank: 63 63 63 63
  Number of 3-cells per rank: 14 14 14 14
Labels:
  depth: 4 strata with value/size (0 (45), 1 (93), 2 (63), 3 (14))
  celltype: 4 strata with value/size (0 (45), 1 (93), 4 (63), 7 (14))
End   cycle 0
--------
Begin cycle 1
DM Object: DMPlex Object (loaded_) 3 MPI processes
  type: plex
DMPlex Object in 3 dimensions:
  Number of 0-cells per rank: 57 72 55
  Number of 3-cells per rank: 19 19 18
Labels:
  depth: 2 strata with value/size (0 (57), 1 (19))
  celltype: 2 strata with value/size (7 (19), 0 (57))
Loaded mesh distributed? TRUE
DM Object: DMPlex Object (interpolated_) 3 MPI processes
  type: plex
DMPlex Object in 3 dimensions:
  Number of 0-cells per rank: 57 72 55
  Number of 1-cells per rank: 121 144 116
  Number of 2-cells per rank: 84 92 80
  Number of 3-cells per rank: 19 19 18
Labels:
  celltype: 4 strata with value/size (0 (57), 7 (19), 4 (84), 1 (121))
  depth: 4 strata with value/size (0 (57), 1 (121), 2 (84), 3 (19))
DM Object: Parallel Mesh (redistributed_) 3 MPI processes
  type: plex
Parallel Mesh in 3 dimensions:
  Number of 0-cells per rank: 57 72 55
  Number of 1-cells per rank: 121 144 116
  Number of 2-cells per rank: 84 92 80
  Number of 3-cells per rank: 19 19 18
Labels:
  depth: 4 strata with value/size (0 (57), 1 (121), 2 (84), 3 (19))
  celltype: 4 strata with value/size (0 (57), 1 (121), 4 (84), 7 (19))
End   cycle 1
--------
Begin cycle 2
DM Object: DMPlex Object (loaded_) 2 MPI processes
  type: plex
DMPlex Object in 3 dimensions:
  Number of 0-cells per rank: 75 75
  Number of 3-cells per rank: 28 28
Labels:
  depth: 2 strata with value/size (0 (75), 1 (28))
  celltype: 2 strata with value/size (7 (28), 0 (75))
Loaded mesh distributed? TRUE
DM Object: DMPlex Object (interpolated_) 2 MPI processes
  type: plex
DMPlex Object in 3 dimensions:
  Number of 0-cells per rank: 75 75
  Number of 1-cells per rank: 165 165
  Number of 2-cells per rank: 119 119
  Number of 3-cells per rank: 28 28
Labels:
  celltype: 4 strata with value/size (0 (75), 7 (28), 4 (119), 1 (165))
  depth: 4 strata with value/size (0 (75), 1 (165), 2 (119), 3 (28))
DM Object: Parallel Mesh (redistributed_) 2 MPI processes
  type: plex
Parallel Mesh in 3 dimensions:
  Number of 0-cells per rank: 75 75
  Number of 1-cells per rank: 165 165
  Number of 2-cells per rank: 119 119
  Number of 3-cells per rank: 28 28
Labels:
  depth: 4 strata with value/size (0 (75), 1 (165), 2 (119), 3 (28))
  celltype: 4 strata with value/size (0 (75), 1 (165), 4 (119), 7 (28))
End   cycle 2
--------
