DM Object: Parallel Mesh 2 MPI processes
  type: plex
Parallel Mesh in 3 dimensions:
Supports:
[0] Max support size: 8
[0]: 28 ----> 0
[0]: 28 ----> 7
[0]: 28 ----> 8
[0]: 28 ----> 14
[0]: 28 ----> 21
[0]: 28 ----> 22
[0]: 29 ----> 0
[0]: 29 ----> 1
[0]: 29 ----> 2
[0]: 29 ----> 14
[0]: 29 ----> 15
[0]: 29 ----> 16
[0]: 30 ----> 0
[0]: 30 ----> 1
[0]: 30 ----> 14
[0]: 30 ----> 15
[0]: 31 ----> 0
[0]: 31 ----> 7
[0]: 31 ----> 14
[0]: 31 ----> 21
[0]: 32 ----> 0
[0]: 32 ----> 7
[0]: 32 ----> 8
[0]: 33 ----> 0
[0]: 33 ----> 1
[0]: 33 ----> 2
[0]: 34 ----> 0
[0]: 34 ----> 1
[0]: 35 ----> 0
[0]: 35 ----> 7
[0]: 36 ----> 1
[0]: 36 ----> 2
[0]: 36 ----> 11
[0]: 36 ----> 12
[0]: 36 ----> 15
[0]: 36 ----> 16
[0]: 36 ----> 25
[0]: 36 ----> 26
[0]: 37 ----> 1
[0]: 37 ----> 12
[0]: 37 ----> 15
[0]: 37 ----> 26
[0]: 38 ----> 1
[0]: 38 ----> 2
[0]: 38 ----> 11
[0]: 38 ----> 12
[0]: 39 ----> 1
[0]: 39 ----> 12
[0]: 40 ----> 2
[0]: 40 ----> 3
[0]: 40 ----> 4
[0]: 40 ----> 16
[0]: 40 ----> 17
[0]: 40 ----> 18
[0]: 41 ----> 2
[0]: 41 ----> 3
[0]: 41 ----> 11
[0]: 41 ----> 16
[0]: 41 ----> 17
[0]: 41 ----> 25
[0]: 42 ----> 2
[0]: 42 ----> 3
[0]: 42 ----> 4
[0]: 43 ----> 2
[0]: 43 ----> 3
[0]: 43 ----> 11
[0]: 44 ----> 3
[0]: 44 ----> 4
[0]: 44 ----> 5
[0]: 44 ----> 17
[0]: 44 ----> 18
[0]: 44 ----> 19
[0]: 45 ----> 3
[0]: 45 ----> 11
[0]: 45 ----> 17
[0]: 45 ----> 25
[0]: 46 ----> 3
[0]: 46 ----> 4
[0]: 46 ----> 5
[0]: 47 ----> 3
[0]: 47 ----> 11
[0]: 48 ----> 4
[0]: 48 ----> 6
[0]: 48 ----> 13
[0]: 48 ----> 18
[0]: 48 ----> 20
[0]: 48 ----> 27
[0]: 49 ----> 4
[0]: 49 ----> 5
[0]: 49 ----> 6
[0]: 49 ----> 18
[0]: 49 ----> 19
[0]: 49 ----> 20
[0]: 50 ----> 4
[0]: 50 ----> 6
[0]: 50 ----> 13
[0]: 51 ----> 4
[0]: 51 ----> 5
[0]: 51 ----> 6
[0]: 52 ----> 5
[0]: 52 ----> 6
[0]: 52 ----> 19
[0]: 52 ----> 20
[0]: 53 ----> 5
[0]: 53 ----> 19
[0]: 54 ----> 5
[0]: 54 ----> 6
[0]: 55 ----> 5
[0]: 56 ----> 6
[0]: 56 ----> 13
[0]: 56 ----> 20
[0]: 56 ----> 27
[0]: 57 ----> 6
[0]: 57 ----> 13
[0]: 58 ----> 7
[0]: 58 ----> 21
[0]: 59 ----> 7
[0]: 59 ----> 8
[0]: 59 ----> 21
[0]: 59 ----> 22
[0]: 60 ----> 7
[0]: 61 ----> 7
[0]: 61 ----> 8
[0]: 62 ----> 8
[0]: 62 ----> 10
[0]: 62 ----> 22
[0]: 62 ----> 24
[0]: 63 ----> 8
[0]: 63 ----> 10
[0]: 63 ----> 22
[0]: 63 ----> 24
[0]: 64 ----> 8
[0]: 64 ----> 10
[0]: 65 ----> 8
[0]: 65 ----> 10
[0]: 66 ----> 9
[0]: 66 ----> 10
[0]: 66 ----> 23
[0]: 66 ----> 24
[0]: 67 ----> 9
[0]: 67 ----> 23
[0]: 68 ----> 9
[0]: 68 ----> 13
[0]: 68 ----> 23
[0]: 68 ----> 27
[0]: 69 ----> 9
[0]: 69 ----> 10
[0]: 69 ----> 13
[0]: 69 ----> 23
[0]: 69 ----> 24
[0]: 69 ----> 27
[0]: 70 ----> 9
[0]: 70 ----> 10
[0]: 71 ----> 9
[0]: 72 ----> 9
[0]: 72 ----> 13
[0]: 73 ----> 9
[0]: 73 ----> 10
[0]: 73 ----> 13
[0]: 74 ----> 11
[0]: 74 ----> 12
[0]: 74 ----> 25
[0]: 74 ----> 26
[0]: 75 ----> 11
[0]: 75 ----> 12
[0]: 76 ----> 12
[0]: 76 ----> 26
[0]: 77 ----> 12
[0]: 78 ----> 14
[0]: 78 ----> 21
[0]: 78 ----> 22
[0]: 79 ----> 14
[0]: 79 ----> 15
[0]: 79 ----> 16
[0]: 80 ----> 14
[0]: 80 ----> 15
[0]: 81 ----> 14
[0]: 81 ----> 21
[0]: 82 ----> 15
[0]: 82 ----> 16
[0]: 82 ----> 25
[0]: 82 ----> 26
[0]: 83 ----> 15
[0]: 83 ----> 26
[0]: 84 ----> 16
[0]: 84 ----> 17
[0]: 84 ----> 18
[0]: 85 ----> 16
[0]: 85 ----> 17
[0]: 85 ----> 25
[0]: 86 ----> 17
[0]: 86 ----> 18
[0]: 86 ----> 19
[0]: 87 ----> 17
[0]: 87 ----> 25
[0]: 88 ----> 18
[0]: 88 ----> 20
[0]: 88 ----> 27
[0]: 89 ----> 18
[0]: 89 ----> 19
[0]: 89 ----> 20
[0]: 90 ----> 19
[0]: 90 ----> 20
[0]: 91 ----> 19
[0]: 92 ----> 20
[0]: 92 ----> 27
[0]: 93 ----> 21
[0]: 94 ----> 21
[0]: 94 ----> 22
[0]: 95 ----> 22
[0]: 95 ----> 24
[0]: 96 ----> 22
[0]: 96 ----> 24
[0]: 97 ----> 23
[0]: 97 ----> 24
[0]: 98 ----> 23
[0]: 99 ----> 23
[0]: 99 ----> 27
[0]: 100 ----> 23
[0]: 100 ----> 24
[0]: 100 ----> 27
[0]: 101 ----> 25
[0]: 101 ----> 26
[0]: 102 ----> 26
[1] Max support size: 8
[1]: 28 ----> 0
[1]: 28 ----> 7
[1]: 28 ----> 8
[1]: 29 ----> 0
[1]: 29 ----> 1
[1]: 29 ----> 2
[1]: 30 ----> 0
[1]: 30 ----> 1
[1]: 31 ----> 0
[1]: 31 ----> 7
[1]: 32 ----> 1
[1]: 32 ----> 2
[1]: 32 ----> 11
[1]: 32 ----> 12
[1]: 33 ----> 1
[1]: 33 ----> 12
[1]: 34 ----> 2
[1]: 34 ----> 3
[1]: 34 ----> 4
[1]: 35 ----> 2
[1]: 35 ----> 3
[1]: 35 ----> 11
[1]: 36 ----> 3
[1]: 36 ----> 4
[1]: 36 ----> 5
[1]: 37 ----> 3
[1]: 37 ----> 11
[1]: 38 ----> 4
[1]: 38 ----> 6
[1]: 38 ----> 13
[1]: 39 ----> 4
[1]: 39 ----> 5
[1]: 39 ----> 6
[1]: 40 ----> 5
[1]: 40 ----> 6
[1]: 41 ----> 5
[1]: 42 ----> 6
[1]: 42 ----> 13
[1]: 43 ----> 7
[1]: 44 ----> 7
[1]: 44 ----> 8
[1]: 45 ----> 8
[1]: 45 ----> 10
[1]: 46 ----> 8
[1]: 46 ----> 10
[1]: 47 ----> 9
[1]: 47 ----> 10
[1]: 48 ----> 9
[1]: 49 ----> 9
[1]: 49 ----> 13
[1]: 50 ----> 9
[1]: 50 ----> 10
[1]: 50 ----> 13
[1]: 51 ----> 11
[1]: 51 ----> 12
[1]: 52 ----> 12
[1]: 53 ----> 0
[1]: 53 ----> 7
[1]: 53 ----> 8
[1]: 53 ----> 14
[1]: 53 ----> 21
[1]: 53 ----> 22
[1]: 54 ----> 0
[1]: 54 ----> 1
[1]: 54 ----> 2
[1]: 54 ----> 14
[1]: 54 ----> 15
[1]: 54 ----> 16
[1]: 55 ----> 0
[1]: 55 ----> 1
[1]: 55 ----> 14
[1]: 55 ----> 15
[1]: 56 ----> 0
[1]: 56 ----> 7
[1]: 56 ----> 14
[1]: 56 ----> 21
[1]: 57 ----> 1
[1]: 57 ----> 2
[1]: 57 ----> 11
[1]: 57 ----> 12
[1]: 57 ----> 15
[1]: 57 ----> 16
[1]: 57 ----> 25
[1]: 57 ----> 26
[1]: 58 ----> 1
[1]: 58 ----> 12
[1]: 58 ----> 15
[1]: 58 ----> 26
[1]: 59 ----> 2
[1]: 59 ----> 3
[1]: 59 ----> 4
[1]: 59 ----> 16
[1]: 59 ----> 17
[1]: 59 ----> 18
[1]: 60 ----> 2
[1]: 60 ----> 3
[1]: 60 ----> 11
[1]: 60 ----> 16
[1]: 60 ----> 17
[1]: 60 ----> 25
[1]: 61 ----> 3
[1]: 61 ----> 4
[1]: 61 ----> 5
[1]: 61 ----> 17
[1]: 61 ----> 18
[1]: 61 ----> 19
[1]: 62 ----> 3
[1]: 62 ----> 11
[1]: 62 ----> 17
[1]: 62 ----> 25
[1]: 63 ----> 4
[1]: 63 ----> 6
[1]: 63 ----> 13
[1]: 63 ----> 18
[1]: 63 ----> 20
[1]: 63 ----> 27
[1]: 64 ----> 4
[1]: 64 ----> 5
[1]: 64 ----> 6
[1]: 64 ----> 18
[1]: 64 ----> 19
[1]: 64 ----> 20
[1]: 65 ----> 5
[1]: 65 ----> 6
[1]: 65 ----> 19
[1]: 65 ----> 20
[1]: 66 ----> 5
[1]: 66 ----> 19
[1]: 67 ----> 6
[1]: 67 ----> 13
[1]: 67 ----> 20
[1]: 67 ----> 27
[1]: 68 ----> 7
[1]: 68 ----> 21
[1]: 69 ----> 7
[1]: 69 ----> 8
[1]: 69 ----> 21
[1]: 69 ----> 22
[1]: 70 ----> 8
[1]: 70 ----> 10
[1]: 70 ----> 22
[1]: 70 ----> 24
[1]: 71 ----> 8
[1]: 71 ----> 10
[1]: 71 ----> 22
[1]: 71 ----> 24
[1]: 72 ----> 9
[1]: 72 ----> 10
[1]: 72 ----> 23
[1]: 72 ----> 24
[1]: 73 ----> 9
[1]: 73 ----> 23
[1]: 74 ----> 9
[1]: 74 ----> 13
[1]: 74 ----> 23
[1]: 74 ----> 27
[1]: 75 ----> 9
[1]: 75 ----> 10
[1]: 75 ----> 13
[1]: 75 ----> 23
[1]: 75 ----> 24
[1]: 75 ----> 27
[1]: 76 ----> 11
[1]: 76 ----> 12
[1]: 76 ----> 25
[1]: 76 ----> 26
[1]: 77 ----> 12
[1]: 77 ----> 26
[1]: 78 ----> 14
[1]: 78 ----> 21
[1]: 78 ----> 22
[1]: 79 ----> 14
[1]: 79 ----> 15
[1]: 79 ----> 16
[1]: 80 ----> 14
[1]: 80 ----> 15
[1]: 81 ----> 14
[1]: 81 ----> 21
[1]: 82 ----> 15
[1]: 82 ----> 16
[1]: 82 ----> 25
[1]: 82 ----> 26
[1]: 83 ----> 15
[1]: 83 ----> 26
[1]: 84 ----> 16
[1]: 84 ----> 17
[1]: 84 ----> 18
[1]: 85 ----> 16
[1]: 85 ----> 17
[1]: 85 ----> 25
[1]: 86 ----> 17
[1]: 86 ----> 18
[1]: 86 ----> 19
[1]: 87 ----> 17
[1]: 87 ----> 25
[1]: 88 ----> 18
[1]: 88 ----> 20
[1]: 88 ----> 27
[1]: 89 ----> 18
[1]: 89 ----> 19
[1]: 89 ----> 20
[1]: 90 ----> 19
[1]: 90 ----> 20
[1]: 91 ----> 19
[1]: 92 ----> 20
[1]: 92 ----> 27
[1]: 93 ----> 21
[1]: 94 ----> 21
[1]: 94 ----> 22
[1]: 95 ----> 22
[1]: 95 ----> 24
[1]: 96 ----> 22
[1]: 96 ----> 24
[1]: 97 ----> 23
[1]: 97 ----> 24
[1]: 98 ----> 23
[1]: 99 ----> 23
[1]: 99 ----> 27
[1]: 100 ----> 23
[1]: 100 ----> 24
[1]: 100 ----> 27
[1]: 101 ----> 25
[1]: 101 ----> 26
[1]: 102 ----> 26
Cones:
[0] Max cone size: 8
[0]: 0 <---- 28 (0)
[0]: 0 <---- 31 (0)
[0]: 0 <---- 30 (0)
[0]: 0 <---- 29 (0)
[0]: 0 <---- 32 (0)
[0]: 0 <---- 33 (0)
[0]: 0 <---- 34 (0)
[0]: 0 <---- 35 (0)
[0]: 1 <---- 30 (0)
[0]: 1 <---- 37 (0)
[0]: 1 <---- 36 (0)
[0]: 1 <---- 29 (0)
[0]: 1 <---- 34 (0)
[0]: 1 <---- 33 (0)
[0]: 1 <---- 38 (0)
[0]: 1 <---- 39 (0)
[0]: 2 <---- 29 (0)
[0]: 2 <---- 36 (0)
[0]: 2 <---- 41 (0)
[0]: 2 <---- 40 (0)
[0]: 2 <---- 33 (0)
[0]: 2 <---- 42 (0)
[0]: 2 <---- 43 (0)
[0]: 2 <---- 38 (0)
[0]: 3 <---- 40 (0)
[0]: 3 <---- 41 (0)
[0]: 3 <---- 45 (0)
[0]: 3 <---- 44 (0)
[0]: 3 <---- 42 (0)
[0]: 3 <---- 46 (0)
[0]: 3 <---- 47 (0)
[0]: 3 <---- 43 (0)
[0]: 4 <---- 40 (0)
[0]: 4 <---- 44 (0)
[0]: 4 <---- 49 (0)
[0]: 4 <---- 48 (0)
[0]: 4 <---- 42 (0)
[0]: 4 <---- 50 (0)
[0]: 4 <---- 51 (0)
[0]: 4 <---- 46 (0)
[0]: 5 <---- 44 (0)
[0]: 5 <---- 53 (0)
[0]: 5 <---- 52 (0)
[0]: 5 <---- 49 (0)
[0]: 5 <---- 46 (0)
[0]: 5 <---- 51 (0)
[0]: 5 <---- 54 (0)
[0]: 5 <---- 55 (0)
[0]: 6 <---- 49 (0)
[0]: 6 <---- 52 (0)
[0]: 6 <---- 56 (0)
[0]: 6 <---- 48 (0)
[0]: 6 <---- 51 (0)
[0]: 6 <---- 50 (0)
[0]: 6 <---- 57 (0)
[0]: 6 <---- 54 (0)
[0]: 7 <---- 31 (0)
[0]: 7 <---- 28 (0)
[0]: 7 <---- 59 (0)
[0]: 7 <---- 58 (0)
[0]: 7 <---- 35 (0)
[0]: 7 <---- 60 (0)
[0]: 7 <---- 61 (0)
[0]: 7 <---- 32 (0)
[0]: 8 <---- 59 (0)
[0]: 8 <---- 28 (0)
[0]: 8 <---- 63 (0)
[0]: 8 <---- 62 (0)
[0]: 8 <---- 61 (0)
[0]: 8 <---- 64 (0)
[0]: 8 <---- 65 (0)
[0]: 8 <---- 32 (0)
[0]: 9 <---- 66 (0)
[0]: 9 <---- 69 (0)
[0]: 9 <---- 68 (0)
[0]: 9 <---- 67 (0)
[0]: 9 <---- 70 (0)
[0]: 9 <---- 71 (0)
[0]: 9 <---- 72 (0)
[0]: 9 <---- 73 (0)
[0]: 10 <---- 69 (0)
[0]: 10 <---- 66 (0)
[0]: 10 <---- 62 (0)
[0]: 10 <---- 63 (0)
[0]: 10 <---- 73 (0)
[0]: 10 <---- 65 (0)
[0]: 10 <---- 64 (0)
[0]: 10 <---- 70 (0)
[0]: 11 <---- 36 (0)
[0]: 11 <---- 74 (0)
[0]: 11 <---- 45 (0)
[0]: 11 <---- 41 (0)
[0]: 11 <---- 38 (0)
[0]: 11 <---- 43 (0)
[0]: 11 <---- 47 (0)
[0]: 11 <---- 75 (0)
[0]: 12 <---- 74 (0)
[0]: 12 <---- 36 (0)
[0]: 12 <---- 37 (0)
[0]: 12 <---- 76 (0)
[0]: 12 <---- 75 (0)
[0]: 12 <---- 77 (0)
[0]: 12 <---- 39 (0)
[0]: 12 <---- 38 (0)
[0]: 13 <---- 69 (0)
[0]: 13 <---- 48 (0)
[0]: 13 <---- 56 (0)
[0]: 13 <---- 68 (0)
[0]: 13 <---- 73 (0)
[0]: 13 <---- 72 (0)
[0]: 13 <---- 57 (0)
[0]: 13 <---- 50 (0)
[0]: 14 <---- 78 (0)
[0]: 14 <---- 81 (0)
[0]: 14 <---- 80 (0)
[0]: 14 <---- 79 (0)
[0]: 14 <---- 28 (0)
[0]: 14 <---- 29 (0)
[0]: 14 <---- 30 (0)
[0]: 14 <---- 31 (0)
[0]: 15 <---- 80 (0)
[0]: 15 <---- 83 (0)
[0]: 15 <---- 82 (0)
[0]: 15 <---- 79 (0)
[0]: 15 <---- 30 (0)
[0]: 15 <---- 29 (0)
[0]: 15 <---- 36 (0)
[0]: 15 <---- 37 (0)
[0]: 16 <---- 79 (0)
[0]: 16 <---- 82 (0)
[0]: 16 <---- 85 (0)
[0]: 16 <---- 84 (0)
[0]: 16 <---- 29 (0)
[0]: 16 <---- 40 (0)
[0]: 16 <---- 41 (0)
[0]: 16 <---- 36 (0)
[0]: 17 <---- 84 (0)
[0]: 17 <---- 85 (0)
[0]: 17 <---- 87 (0)
[0]: 17 <---- 86 (0)
[0]: 17 <---- 40 (0)
[0]: 17 <---- 44 (0)
[0]: 17 <---- 45 (0)
[0]: 17 <---- 41 (0)
[0]: 18 <---- 84 (0)
[0]: 18 <---- 86 (0)
[0]: 18 <---- 89 (0)
[0]: 18 <---- 88 (0)
[0]: 18 <---- 40 (0)
[0]: 18 <---- 48 (0)
[0]: 18 <---- 49 (0)
[0]: 18 <---- 44 (0)
[0]: 19 <---- 86 (0)
[0]: 19 <---- 91 (0)
[0]: 19 <---- 90 (0)
[0]: 19 <---- 89 (0)
[0]: 19 <---- 44 (0)
[0]: 19 <---- 49 (0)
[0]: 19 <---- 52 (0)
[0]: 19 <---- 53 (0)
[0]: 20 <---- 89 (0)
[0]: 20 <---- 90 (0)
[0]: 20 <---- 92 (0)
[0]: 20 <---- 88 (0)
[0]: 20 <---- 49 (0)
[0]: 20 <---- 48 (0)
[0]: 20 <---- 56 (0)
[0]: 20 <---- 52 (0)
[0]: 21 <---- 81 (0)
[0]: 21 <---- 78 (0)
[0]: 21 <---- 94 (0)
[0]: 21 <---- 93 (0)
[0]: 21 <---- 31 (0)
[0]: 21 <---- 58 (0)
[0]: 21 <---- 59 (0)
[0]: 21 <---- 28 (0)
[0]: 22 <---- 94 (0)
[0]: 22 <---- 78 (0)
[0]: 22 <---- 96 (0)
[0]: 22 <---- 95 (0)
[0]: 22 <---- 59 (0)
[0]: 22 <---- 62 (0)
[0]: 22 <---- 63 (0)
[0]: 22 <---- 28 (0)
[0]: 23 <---- 97 (0)
[0]: 23 <---- 100 (0)
[0]: 23 <---- 99 (0)
[0]: 23 <---- 98 (0)
[0]: 23 <---- 66 (0)
[0]: 23 <---- 67 (0)
[0]: 23 <---- 68 (0)
[0]: 23 <---- 69 (0)
[0]: 24 <---- 100 (0)
[0]: 24 <---- 97 (0)
[0]: 24 <---- 95 (0)
[0]: 24 <---- 96 (0)
[0]: 24 <---- 69 (0)
[0]: 24 <---- 63 (0)
[0]: 24 <---- 62 (0)
[0]: 24 <---- 66 (0)
[0]: 25 <---- 82 (0)
[0]: 25 <---- 101 (0)
[0]: 25 <---- 87 (0)
[0]: 25 <---- 85 (0)
[0]: 25 <---- 36 (0)
[0]: 25 <---- 41 (0)
[0]: 25 <---- 45 (0)
[0]: 25 <---- 74 (0)
[0]: 26 <---- 101 (0)
[0]: 26 <---- 82 (0)
[0]: 26 <---- 83 (0)
[0]: 26 <---- 102 (0)
[0]: 26 <---- 74 (0)
[0]: 26 <---- 76 (0)
[0]: 26 <---- 37 (0)
[0]: 26 <---- 36 (0)
[0]: 27 <---- 100 (0)
[0]: 27 <---- 88 (0)
[0]: 27 <---- 92 (0)
[0]: 27 <---- 99 (0)
[0]: 27 <---- 69 (0)
[0]: 27 <---- 68 (0)
[0]: 27 <---- 56 (0)
[0]: 27 <---- 48 (0)
[1] Max cone size: 8
[1]: 0 <---- 53 (0)
[1]: 0 <---- 56 (0)
[1]: 0 <---- 55 (0)
[1]: 0 <---- 54 (0)
[1]: 0 <---- 28 (0)
[1]: 0 <---- 29 (0)
[1]: 0 <---- 30 (0)
[1]: 0 <---- 31 (0)
[1]: 1 <---- 55 (0)
[1]: 1 <---- 58 (0)
[1]: 1 <---- 57 (0)
[1]: 1 <---- 54 (0)
[1]: 1 <---- 30 (0)
[1]: 1 <---- 29 (0)
[1]: 1 <---- 32 (0)
[1]: 1 <---- 33 (0)
[1]: 2 <---- 54 (0)
[1]: 2 <---- 57 (0)
[1]: 2 <---- 60 (0)
[1]: 2 <---- 59 (0)
[1]: 2 <---- 29 (0)
[1]: 2 <---- 34 (0)
[1]: 2 <---- 35 (0)
[1]: 2 <---- 32 (0)
[1]: 3 <---- 59 (0)
[1]: 3 <---- 60 (0)
[1]: 3 <---- 62 (0)
[1]: 3 <---- 61 (0)
[1]: 3 <---- 34 (0)
[1]: 3 <---- 36 (0)
[1]: 3 <---- 37 (0)
[1]: 3 <---- 35 (0)
[1]: 4 <---- 59 (0)
[1]: 4 <---- 61 (0)
[1]: 4 <---- 64 (0)
[1]: 4 <---- 63 (0)
[1]: 4 <---- 34 (0)
[1]: 4 <---- 38 (0)
[1]: 4 <---- 39 (0)
[1]: 4 <---- 36 (0)
[1]: 5 <---- 61 (0)
[1]: 5 <---- 66 (0)
[1]: 5 <---- 65 (0)
[1]: 5 <---- 64 (0)
[1]: 5 <---- 36 (0)
[1]: 5 <---- 39 (0)
[1]: 5 <---- 40 (0)
[1]: 5 <---- 41 (0)
[1]: 6 <---- 64 (0)
[1]: 6 <---- 65 (0)
[1]: 6 <---- 67 (0)
[1]: 6 <---- 63 (0)
[1]: 6 <---- 39 (0)
[1]: 6 <---- 38 (0)
[1]: 6 <---- 42 (0)
[1]: 6 <---- 40 (0)
[1]: 7 <---- 56 (0)
[1]: 7 <---- 53 (0)
[1]: 7 <---- 69 (0)
[1]: 7 <---- 68 (0)
[1]: 7 <---- 31 (0)
[1]: 7 <---- 43 (0)
[1]: 7 <---- 44 (0)
[1]: 7 <---- 28 (0)
[1]: 8 <---- 69 (0)
[1]: 8 <---- 53 (0)
[1]: 8 <---- 71 (0)
[1]: 8 <---- 70 (0)
[1]: 8 <---- 44 (0)
[1]: 8 <---- 45 (0)
[1]: 8 <---- 46 (0)
[1]: 8 <---- 28 (0)
[1]: 9 <---- 72 (0)
[1]: 9 <---- 75 (0)
[1]: 9 <---- 74 (0)
[1]: 9 <---- 73 (0)
[1]: 9 <---- 47 (0)
[1]: 9 <---- 48 (0)
[1]: 9 <---- 49 (0)
[1]: 9 <---- 50 (0)
[1]: 10 <---- 75 (0)
[1]: 10 <---- 72 (0)
[1]: 10 <---- 70 (0)
[1]: 10 <---- 71 (0)
[1]: 10 <---- 50 (0)
[1]: 10 <---- 46 (0)
[1]: 10 <---- 45 (0)
[1]: 10 <---- 47 (0)
[1]: 11 <---- 57 (0)
[1]: 11 <---- 76 (0)
[1]: 11 <---- 62 (0)
[1]: 11 <---- 60 (0)
[1]: 11 <---- 32 (0)
[1]: 11 <---- 35 (0)
[1]: 11 <---- 37 (0)
[1]: 11 <---- 51 (0)
[1]: 12 <---- 76 (0)
[1]: 12 <---- 57 (0)
[1]: 12 <---- 58 (0)
[1]: 12 <---- 77 (0)
[1]: 12 <---- 51 (0)
[1]: 12 <---- 52 (0)
[1]: 12 <---- 33 (0)
[1]: 12 <---- 32 (0)
[1]: 13 <---- 75 (0)
[1]: 13 <---- 63 (0)
[1]: 13 <---- 67 (0)
[1]: 13 <---- 74 (0)
[1]: 13 <---- 50 (0)
[1]: 13 <---- 49 (0)
[1]: 13 <---- 42 (0)
[1]: 13 <---- 38 (0)
[1]: 14 <---- 78 (0)
[1]: 14 <---- 81 (0)
[1]: 14 <---- 80 (0)
[1]: 14 <---- 79 (0)
[1]: 14 <---- 53 (0)
[1]: 14 <---- 54 (0)
[1]: 14 <---- 55 (0)
[1]: 14 <---- 56 (0)
[1]: 15 <---- 80 (0)
[1]: 15 <---- 83 (0)
[1]: 15 <---- 82 (0)
[1]: 15 <---- 79 (0)
[1]: 15 <---- 55 (0)
[1]: 15 <---- 54 (0)
[1]: 15 <---- 57 (0)
[1]: 15 <---- 58 (0)
[1]: 16 <---- 79 (0)
[1]: 16 <---- 82 (0)
[1]: 16 <---- 85 (0)
[1]: 16 <---- 84 (0)
[1]: 16 <---- 54 (0)
[1]: 16 <---- 59 (0)
[1]: 16 <---- 60 (0)
[1]: 16 <---- 57 (0)
[1]: 17 <---- 84 (0)
[1]: 17 <---- 85 (0)
[1]: 17 <---- 87 (0)
[1]: 17 <---- 86 (0)
[1]: 17 <---- 59 (0)
[1]: 17 <---- 61 (0)
[1]: 17 <---- 62 (0)
[1]: 17 <---- 60 (0)
[1]: 18 <---- 84 (0)
[1]: 18 <---- 86 (0)
[1]: 18 <---- 89 (0)
[1]: 18 <---- 88 (0)
[1]: 18 <---- 59 (0)
[1]: 18 <---- 63 (0)
[1]: 18 <---- 64 (0)
[1]: 18 <---- 61 (0)
[1]: 19 <---- 86 (0)
[1]: 19 <---- 91 (0)
[1]: 19 <---- 90 (0)
[1]: 19 <---- 89 (0)
[1]: 19 <---- 61 (0)
[1]: 19 <---- 64 (0)
[1]: 19 <---- 65 (0)
[1]: 19 <---- 66 (0)
[1]: 20 <---- 89 (0)
[1]: 20 <---- 90 (0)
[1]: 20 <---- 92 (0)
[1]: 20 <---- 88 (0)
[1]: 20 <---- 64 (0)
[1]: 20 <---- 63 (0)
[1]: 20 <---- 67 (0)
[1]: 20 <---- 65 (0)
[1]: 21 <---- 81 (0)
[1]: 21 <---- 78 (0)
[1]: 21 <---- 94 (0)
[1]: 21 <---- 93 (0)
[1]: 21 <---- 56 (0)
[1]: 21 <---- 68 (0)
[1]: 21 <---- 69 (0)
[1]: 21 <---- 53 (0)
[1]: 22 <---- 94 (0)
[1]: 22 <---- 78 (0)
[1]: 22 <---- 96 (0)
[1]: 22 <---- 95 (0)
[1]: 22 <---- 69 (0)
[1]: 22 <---- 70 (0)
[1]: 22 <---- 71 (0)
[1]: 22 <---- 53 (0)
[1]: 23 <---- 97 (0)
[1]: 23 <---- 100 (0)
[1]: 23 <---- 99 (0)
[1]: 23 <---- 98 (0)
[1]: 23 <---- 72 (0)
[1]: 23 <---- 73 (0)
[1]: 23 <---- 74 (0)
[1]: 23 <---- 75 (0)
[1]: 24 <---- 100 (0)
[1]: 24 <---- 97 (0)
[1]: 24 <---- 95 (0)
[1]: 24 <---- 96 (0)
[1]: 24 <---- 75 (0)
[1]: 24 <---- 71 (0)
[1]: 24 <---- 70 (0)
[1]: 24 <---- 72 (0)
[1]: 25 <---- 82 (0)
[1]: 25 <---- 101 (0)
[1]: 25 <---- 87 (0)
[1]: 25 <---- 85 (0)
[1]: 25 <---- 57 (0)
[1]: 25 <---- 60 (0)
[1]: 25 <---- 62 (0)
[1]: 25 <---- 76 (0)
[1]: 26 <---- 101 (0)
[1]: 26 <---- 82 (0)
[1]: 26 <---- 83 (0)
[1]: 26 <---- 102 (0)
[1]: 26 <---- 76 (0)
[1]: 26 <---- 77 (0)
[1]: 26 <---- 58 (0)
[1]: 26 <---- 57 (0)
[1]: 27 <---- 100 (0)
[1]: 27 <---- 88 (0)
[1]: 27 <---- 92 (0)
[1]: 27 <---- 99 (0)
[1]: 27 <---- 75 (0)
[1]: 27 <---- 74 (0)
[1]: 27 <---- 67 (0)
[1]: 27 <---- 63 (0)
coordinates with 1 fields
  field 0 with 3 components
Process 0:
  (  28) dim  3 offset   0 -0.25 0.433013 0.5
  (  29) dim  3 offset   3 0.25 0.433013 0.5
  (  30) dim  3 offset   6 0. 1. 0.5
  (  31) dim  3 offset   9 -0.5 1. 0.5
  (  32) dim  3 offset  12 -0.25 0.433013 1.
  (  33) dim  3 offset  15 0.25 0.433013 1.
  (  34) dim  3 offset  18 0. 1. 1.
  (  35) dim  3 offset  21 -0.5 1. 1.
  (  36) dim  3 offset  24 0.625878 0.519886 0.5
  (  37) dim  3 offset  27 0.5 1. 0.5
  (  38) dim  3 offset  30 0.625878 0.519886 1.
  (  39) dim  3 offset  33 0.5 1. 1.
  (  40) dim  3 offset  36 0.5 0. 0.5
  (  41) dim  3 offset  39 0.708626 0.173295 0.5
  (  42) dim  3 offset  42 0.5 0. 1.
  (  43) dim  3 offset  45 0.708626 0.173295 1.
  (  44) dim  3 offset  48 1. -0.5 0.5
  (  45) dim  3 offset  51 1. 0. 0.5
  (  46) dim  3 offset  54 1. -0.5 1.
  (  47) dim  3 offset  57 1. 0. 1.
  (  48) dim  3 offset  60 0.25 -0.433013 0.5
  (  49) dim  3 offset  63 0.583333 -0.644338 0.5
  (  50) dim  3 offset  66 0.25 -0.433013 1.
  (  51) dim  3 offset  69 0.583333 -0.644338 1.
  (  52) dim  3 offset  72 0.5 -1. 0.5
  (  53) dim  3 offset  75 1. -1. 0.5
  (  54) dim  3 offset  78 0.5 -1. 1.
  (  55) dim  3 offset  81 1. -1. 1.
  (  56) dim  3 offset  84 0. -1. 0.5
  (  57) dim  3 offset  87 0. -1. 1.
  (  58) dim  3 offset  90 -1. 1. 0.5
  (  59) dim  3 offset  93 -1. 0.5 0.5
  (  60) dim  3 offset  96 -1. 1. 1.
  (  61) dim  3 offset  99 -1. 0.5 1.
  (  62) dim  3 offset 102 -1. 0. 0.5
  (  63) dim  3 offset 105 -0.5 -3.06162e-17 0.5
  (  64) dim  3 offset 108 -1. 0. 1.
  (  65) dim  3 offset 111 -0.5 -6.12323e-17 1.
  (  66) dim  3 offset 114 -1. -0.5 0.5
  (  67) dim  3 offset 117 -1. -1. 0.5
  (  68) dim  3 offset 120 -0.5 -1. 0.5
  (  69) dim  3 offset 123 -0.25 -0.433013 0.5
  (  70) dim  3 offset 126 -1. -0.5 1.
  (  71) dim  3 offset 129 -1. -1. 1.
  (  72) dim  3 offset 132 -0.5 -1. 1.
  (  73) dim  3 offset 135 -0.25 -0.433013 1.
  (  74) dim  3 offset 138 1. 0.5 0.5
  (  75) dim  3 offset 141 1. 0.5 1.
  (  76) dim  3 offset 144 1. 1. 0.5
  (  77) dim  3 offset 147 1. 1. 1.
  (  78) dim  3 offset 150 -0.25 0.433013 0.
  (  79) dim  3 offset 153 0.25 0.433013 1.38778e-17
  (  80) dim  3 offset 156 0. 1. 0.
  (  81) dim  3 offset 159 -0.5 1. 0.
  (  82) dim  3 offset 162 0.625878 0.519886 2.71653e-18
  (  83) dim  3 offset 165 0.5 1. 0.
  (  84) dim  3 offset 168 0.5 0. 0.
  (  85) dim  3 offset 171 0.708626 0.173295 2.00929e-18
  (  86) dim  3 offset 174 1. -0.5 0.
  (  87) dim  3 offset 177 1. 0. 0.
  (  88) dim  3 offset 180 0.25 -0.433013 0.
  (  89) dim  3 offset 183 0.583333 -0.644338 -9.71055e-20
  (  90) dim  3 offset 186 0.5 -1. 0.
  (  91) dim  3 offset 189 1. -1. 0.
  (  92) dim  3 offset 192 0. -1. 0.
  (  93) dim  3 offset 195 -1. 1. 0.
  (  94) dim  3 offset 198 -1. 0.5 0.
  (  95) dim  3 offset 201 -1. 0. 0.
  (  96) dim  3 offset 204 -0.5 0. 0.
  (  97) dim  3 offset 207 -1. -0.5 0.
  (  98) dim  3 offset 210 -1. -1. 0.
  (  99) dim  3 offset 213 -0.5 -1. 0.
  ( 100) dim  3 offset 216 -0.25 -0.433013 0.
  ( 101) dim  3 offset 219 1. 0.5 0.
  ( 102) dim  3 offset 222 1. 1. 0.
Process 1:
  (  28) dim  3 offset   0 -0.25 0.433013 0.
  (  29) dim  3 offset   3 0.25 0.433013 1.38778e-17
  (  30) dim  3 offset   6 0. 1. 0.
  (  31) dim  3 offset   9 -0.5 1. 0.
  (  32) dim  3 offset  12 0.625878 0.519886 2.71653e-18
  (  33) dim  3 offset  15 0.5 1. 0.
  (  34) dim  3 offset  18 0.5 0. 0.
  (  35) dim  3 offset  21 0.708626 0.173295 2.00929e-18
  (  36) dim  3 offset  24 1. -0.5 0.
  (  37) dim  3 offset  27 1. 0. 0.
  (  38) dim  3 offset  30 0.25 -0.433013 0.
  (  39) dim  3 offset  33 0.583333 -0.644338 -9.71055e-20
  (  40) dim  3 offset  36 0.5 -1. 0.
  (  41) dim  3 offset  39 1. -1. 0.
  (  42) dim  3 offset  42 0. -1. 0.
  (  43) dim  3 offset  45 -1. 1. 0.
  (  44) dim  3 offset  48 -1. 0.5 0.
  (  45) dim  3 offset  51 -1. 0. 0.
  (  46) dim  3 offset  54 -0.5 0. 0.
  (  47) dim  3 offset  57 -1. -0.5 0.
  (  48) dim  3 offset  60 -1. -1. 0.
  (  49) dim  3 offset  63 -0.5 -1. 0.
  (  50) dim  3 offset  66 -0.25 -0.433013 0.
  (  51) dim  3 offset  69 1. 0.5 0.
  (  52) dim  3 offset  72 1. 1. 0.
  (  53) dim  3 offset  75 -0.25 0.433013 -0.5
  (  54) dim  3 offset  78 0.25 0.433013 -0.5
  (  55) dim  3 offset  81 0. 1. -0.5
  (  56) dim  3 offset  84 -0.5 1. -0.5
  (  57) dim  3 offset  87 0.625878 0.519886 -0.5
  (  58) dim  3 offset  90 0.5 1. -0.5
  (  59) dim  3 offset  93 0.5 0. -0.5
  (  60) dim  3 offset  96 0.708626 0.173295 -0.5
  (  61) dim  3 offset  99 1. -0.5 -0.5
  (  62) dim  3 offset 102 1. 0. -0.5
  (  63) dim  3 offset 105 0.25 -0.433013 -0.5
  (  64) dim  3 offset 108 0.583333 -0.644338 -0.5
  (  65) dim  3 offset 111 0.5 -1. -0.5
  (  66) dim  3 offset 114 1. -1. -0.5
  (  67) dim  3 offset 117 0. -1. -0.5
  (  68) dim  3 offset 120 -1. 1. -0.5
  (  69) dim  3 offset 123 -1. 0.5 -0.5
  (  70) dim  3 offset 126 -1. 0. -0.5
  (  71) dim  3 offset 129 -0.5 3.06162e-17 -0.5
  (  72) dim  3 offset 132 -1. -0.5 -0.5
  (  73) dim  3 offset 135 -1. -1. -0.5
  (  74) dim  3 offset 138 -0.5 -1. -0.5
  (  75) dim  3 offset 141 -0.25 -0.433013 -0.5
  (  76) dim  3 offset 144 1. 0.5 -0.5
  (  77) dim  3 offset 147 1. 1. -0.5
  (  78) dim  3 offset 150 -0.25 0.433013 -1.
  (  79) dim  3 offset 153 0.25 0.433013 -1.
  (  80) dim  3 offset 156 0. 1. -1.
  (  81) dim  3 offset 159 -0.5 1. -1.
  (  82) dim  3 offset 162 0.625701 0.51915 -1.
  (  83) dim  3 offset 165 0.5 1. -1.
  (  84) dim  3 offset 168 0.5 0. -1.
  (  85) dim  3 offset 171 0.708567 0.17305 -1.
  (  86) dim  3 offset 174 1. -0.5 -1.
  (  87) dim  3 offset 177 1. 0. -1.
  (  88) dim  3 offset 180 0.25 -0.433013 -1.
  (  89) dim  3 offset 183 0.583333 -0.644338 -1.
  (  90) dim  3 offset 186 0.5 -1. -1.
  (  91) dim  3 offset 189 1. -1. -1.
  (  92) dim  3 offset 192 0. -1. -1.
  (  93) dim  3 offset 195 -1. 1. -1.
  (  94) dim  3 offset 198 -1. 0.5 -1.
  (  95) dim  3 offset 201 -1. 0. -1.
  (  96) dim  3 offset 204 -0.5 6.12323e-17 -1.
  (  97) dim  3 offset 207 -1. -0.5 -1.
  (  98) dim  3 offset 210 -1. -1. -1.
  (  99) dim  3 offset 213 -0.5 -1. -1.
  ( 100) dim  3 offset 216 -0.25 -0.433013 -1.
  ( 101) dim  3 offset 219 1. 0.5 -1.
  ( 102) dim  3 offset 222 1. 1. -1.
Label 'celltype':
[0]: 28 (0)
[0]: 29 (0)
[0]: 30 (0)
[0]: 31 (0)
[0]: 32 (0)
[0]: 33 (0)
[0]: 34 (0)
[0]: 35 (0)
[0]: 36 (0)
[0]: 37 (0)
[0]: 38 (0)
[0]: 39 (0)
[0]: 40 (0)
[0]: 41 (0)
[0]: 42 (0)
[0]: 43 (0)
[0]: 44 (0)
[0]: 45 (0)
[0]: 46 (0)
[0]: 47 (0)
[0]: 48 (0)
[0]: 49 (0)
[0]: 50 (0)
[0]: 51 (0)
[0]: 52 (0)
[0]: 53 (0)
[0]: 54 (0)
[0]: 55 (0)
[0]: 56 (0)
[0]: 57 (0)
[0]: 58 (0)
[0]: 59 (0)
[0]: 60 (0)
[0]: 61 (0)
[0]: 62 (0)
[0]: 63 (0)
[0]: 64 (0)
[0]: 65 (0)
[0]: 66 (0)
[0]: 67 (0)
[0]: 68 (0)
[0]: 69 (0)
[0]: 70 (0)
[0]: 71 (0)
[0]: 72 (0)
[0]: 73 (0)
[0]: 74 (0)
[0]: 75 (0)
[0]: 76 (0)
[0]: 77 (0)
[0]: 78 (0)
[0]: 79 (0)
[0]: 80 (0)
[0]: 81 (0)
[0]: 82 (0)
[0]: 83 (0)
[0]: 84 (0)
[0]: 85 (0)
[0]: 86 (0)
[0]: 87 (0)
[0]: 88 (0)
[0]: 89 (0)
[0]: 90 (0)
[0]: 91 (0)
[0]: 92 (0)
[0]: 93 (0)
[0]: 94 (0)
[0]: 95 (0)
[0]: 96 (0)
[0]: 97 (0)
[0]: 98 (0)
[0]: 99 (0)
[0]: 100 (0)
[0]: 101 (0)
[0]: 102 (0)
[0]: 0 (7)
[0]: 1 (7)
[0]: 2 (7)
[0]: 3 (7)
[0]: 4 (7)
[0]: 5 (7)
[0]: 6 (7)
[0]: 7 (7)
[0]: 8 (7)
[0]: 9 (7)
[0]: 10 (7)
[0]: 11 (7)
[0]: 12 (7)
[0]: 13 (7)
[0]: 14 (7)
[0]: 15 (7)
[0]: 16 (7)
[0]: 17 (7)
[0]: 18 (7)
[0]: 19 (7)
[0]: 20 (7)
[0]: 21 (7)
[0]: 22 (7)
[0]: 23 (7)
[0]: 24 (7)
[0]: 25 (7)
[0]: 26 (7)
[0]: 27 (7)
[1]: 28 (0)
[1]: 29 (0)
[1]: 30 (0)
[1]: 31 (0)
[1]: 32 (0)
[1]: 33 (0)
[1]: 34 (0)
[1]: 35 (0)
[1]: 36 (0)
[1]: 37 (0)
[1]: 38 (0)
[1]: 39 (0)
[1]: 40 (0)
[1]: 41 (0)
[1]: 42 (0)
[1]: 43 (0)
[1]: 44 (0)
[1]: 45 (0)
[1]: 46 (0)
[1]: 47 (0)
[1]: 48 (0)
[1]: 49 (0)
[1]: 50 (0)
[1]: 51 (0)
[1]: 52 (0)
[1]: 53 (0)
[1]: 54 (0)
[1]: 55 (0)
[1]: 56 (0)
[1]: 57 (0)
[1]: 58 (0)
[1]: 59 (0)
[1]: 60 (0)
[1]: 61 (0)
[1]: 62 (0)
[1]: 63 (0)
[1]: 64 (0)
[1]: 65 (0)
[1]: 66 (0)
[1]: 67 (0)
[1]: 68 (0)
[1]: 69 (0)
[1]: 70 (0)
[1]: 71 (0)
[1]: 72 (0)
[1]: 73 (0)
[1]: 74 (0)
[1]: 75 (0)
[1]: 76 (0)
[1]: 77 (0)
[1]: 78 (0)
[1]: 79 (0)
[1]: 80 (0)
[1]: 81 (0)
[1]: 82 (0)
[1]: 83 (0)
[1]: 84 (0)
[1]: 85 (0)
[1]: 86 (0)
[1]: 87 (0)
[1]: 88 (0)
[1]: 89 (0)
[1]: 90 (0)
[1]: 91 (0)
[1]: 92 (0)
[1]: 93 (0)
[1]: 94 (0)
[1]: 95 (0)
[1]: 96 (0)
[1]: 97 (0)
[1]: 98 (0)
[1]: 99 (0)
[1]: 100 (0)
[1]: 101 (0)
[1]: 102 (0)
[1]: 0 (7)
[1]: 1 (7)
[1]: 2 (7)
[1]: 3 (7)
[1]: 4 (7)
[1]: 5 (7)
[1]: 6 (7)
[1]: 7 (7)
[1]: 8 (7)
[1]: 9 (7)
[1]: 10 (7)
[1]: 11 (7)
[1]: 12 (7)
[1]: 13 (7)
[1]: 14 (7)
[1]: 15 (7)
[1]: 16 (7)
[1]: 17 (7)
[1]: 18 (7)
[1]: 19 (7)
[1]: 20 (7)
[1]: 21 (7)
[1]: 22 (7)
[1]: 23 (7)
[1]: 24 (7)
[1]: 25 (7)
[1]: 26 (7)
[1]: 27 (7)
PetscSF Object: 2 MPI processes
  type: basic
    sort=rank-order
  [0] Number of roots=103, leaves=25, remote ranks=1
  [0] 78 <- (1,28)
  [0] 79 <- (1,29)
  [0] 80 <- (1,30)
  [0] 81 <- (1,31)
  [0] 82 <- (1,32)
  [0] 83 <- (1,33)
  [0] 84 <- (1,34)
  [0] 85 <- (1,35)
  [0] 86 <- (1,36)
  [0] 87 <- (1,37)
  [0] 88 <- (1,38)
  [0] 89 <- (1,39)
  [0] 90 <- (1,40)
  [0] 91 <- (1,41)
  [0] 92 <- (1,42)
  [0] 93 <- (1,43)
  [0] 94 <- (1,44)
  [0] 95 <- (1,45)
  [0] 96 <- (1,46)
  [0] 97 <- (1,47)
  [0] 98 <- (1,48)
  [0] 99 <- (1,49)
  [0] 100 <- (1,50)
  [0] 101 <- (1,51)
  [0] 102 <- (1,52)
  [1] Number of roots=103, leaves=0, remote ranks=0
  [0] Roots referenced by my leaves, by rank
  [0] 1: 25 edges
  [0]    78 <- 28
  [0]    79 <- 29
  [0]    80 <- 30
  [0]    81 <- 31
  [0]    82 <- 32
  [0]    83 <- 33
  [0]    84 <- 34
  [0]    85 <- 35
  [0]    86 <- 36
  [0]    87 <- 37
  [0]    88 <- 38
  [0]    89 <- 39
  [0]    90 <- 40
  [0]    91 <- 41
  [0]    92 <- 42
  [0]    93 <- 43
  [0]    94 <- 44
  [0]    95 <- 45
  [0]    96 <- 46
  [0]    97 <- 47
  [0]    98 <- 48
  [0]    99 <- 49
  [0]    100 <- 50
  [0]    101 <- 51
  [0]    102 <- 52
  [1] Roots referenced by my leaves, by rank
DM Object: Mesh_new (new_) 2 MPI processes
  type: plex
Mesh_new in 3 dimensions:
Supports:
[0] Max support size: 8
[0]: 56 ----> 0
[0]: 56 ----> 7
[0]: 56 ----> 8
[0]: 56 ----> 14
[0]: 56 ----> 21
[0]: 56 ----> 22
[0]: 57 ----> 0
[0]: 57 ----> 1
[0]: 57 ----> 2
[0]: 57 ----> 14
[0]: 57 ----> 15
[0]: 57 ----> 16
[0]: 58 ----> 0
[0]: 58 ----> 1
[0]: 58 ----> 14
[0]: 58 ----> 15
[0]: 59 ----> 0
[0]: 59 ----> 7
[0]: 59 ----> 14
[0]: 59 ----> 21
[0]: 60 ----> 0
[0]: 60 ----> 7
[0]: 60 ----> 8
[0]: 61 ----> 0
[0]: 61 ----> 1
[0]: 61 ----> 2
[0]: 62 ----> 0
[0]: 62 ----> 1
[0]: 63 ----> 0
[0]: 63 ----> 7
[0]: 64 ----> 1
[0]: 64 ----> 2
[0]: 64 ----> 11
[0]: 64 ----> 12
[0]: 64 ----> 15
[0]: 64 ----> 16
[0]: 64 ----> 25
[0]: 64 ----> 26
[0]: 65 ----> 1
[0]: 65 ----> 12
[0]: 65 ----> 15
[0]: 65 ----> 26
[0]: 66 ----> 1
[0]: 66 ----> 2
[0]: 66 ----> 11
[0]: 66 ----> 12
[0]: 67 ----> 1
[0]: 67 ----> 12
[0]: 68 ----> 2
[0]: 68 ----> 3
[0]: 68 ----> 4
[0]: 68 ----> 16
[0]: 68 ----> 17
[0]: 68 ----> 18
[0]: 69 ----> 2
[0]: 69 ----> 3
[0]: 69 ----> 11
[0]: 69 ----> 16
[0]: 69 ----> 17
[0]: 69 ----> 25
[0]: 70 ----> 2
[0]: 70 ----> 3
[0]: 70 ----> 4
[0]: 71 ----> 2
[0]: 71 ----> 3
[0]: 71 ----> 11
[0]: 72 ----> 3
[0]: 72 ----> 4
[0]: 72 ----> 5
[0]: 72 ----> 17
[0]: 72 ----> 18
[0]: 72 ----> 19
[0]: 73 ----> 3
[0]: 73 ----> 11
[0]: 73 ----> 17
[0]: 73 ----> 25
[0]: 74 ----> 3
[0]: 74 ----> 4
[0]: 74 ----> 5
[0]: 75 ----> 3
[0]: 75 ----> 11
[0]: 76 ----> 4
[0]: 76 ----> 6
[0]: 76 ----> 13
[0]: 76 ----> 18
[0]: 76 ----> 20
[0]: 76 ----> 27
[0]: 77 ----> 4
[0]: 77 ----> 5
[0]: 77 ----> 6
[0]: 77 ----> 18
[0]: 77 ----> 19
[0]: 77 ----> 20
[0]: 78 ----> 4
[0]: 78 ----> 6
[0]: 78 ----> 13
[0]: 79 ----> 4
[0]: 79 ----> 5
[0]: 79 ----> 6
[0]: 80 ----> 5
[0]: 80 ----> 6
[0]: 80 ----> 19
[0]: 80 ----> 20
[0]: 81 ----> 5
[0]: 81 ----> 19
[0]: 82 ----> 5
[0]: 82 ----> 6
[0]: 83 ----> 5
[0]: 84 ----> 6
[0]: 84 ----> 13
[0]: 84 ----> 20
[0]: 84 ----> 27
[0]: 85 ----> 6
[0]: 85 ----> 13
[0]: 86 ----> 7
[0]: 86 ----> 21
[0]: 87 ----> 7
[0]: 87 ----> 8
[0]: 87 ----> 21
[0]: 87 ----> 22
[0]: 88 ----> 7
[0]: 89 ----> 7
[0]: 89 ----> 8
[0]: 90 ----> 8
[0]: 90 ----> 10
[0]: 90 ----> 22
[0]: 90 ----> 24
[0]: 91 ----> 8
[0]: 91 ----> 10
[0]: 91 ----> 22
[0]: 91 ----> 24
[0]: 92 ----> 8
[0]: 92 ----> 10
[0]: 93 ----> 8
[0]: 93 ----> 10
[0]: 94 ----> 9
[0]: 94 ----> 10
[0]: 94 ----> 23
[0]: 94 ----> 24
[0]: 95 ----> 9
[0]: 95 ----> 23
[0]: 96 ----> 9
[0]: 96 ----> 13
[0]: 96 ----> 23
[0]: 96 ----> 27
[0]: 97 ----> 9
[0]: 97 ----> 10
[0]: 97 ----> 13
[0]: 97 ----> 23
[0]: 97 ----> 24
[0]: 97 ----> 27
[0]: 98 ----> 9
[0]: 98 ----> 10
[0]: 99 ----> 9
[0]: 100 ----> 9
[0]: 100 ----> 13
[0]: 101 ----> 9
[0]: 101 ----> 10
[0]: 101 ----> 13
[0]: 102 ----> 11
[0]: 102 ----> 12
[0]: 102 ----> 25
[0]: 102 ----> 26
[0]: 103 ----> 11
[0]: 103 ----> 12
[0]: 104 ----> 12
[0]: 104 ----> 26
[0]: 105 ----> 12
[0]: 106 ----> 14
[0]: 106 ----> 21
[0]: 106 ----> 22
[0]: 106 ----> 28
[0]: 106 ----> 35
[0]: 106 ----> 36
[0]: 107 ----> 14
[0]: 107 ----> 15
[0]: 107 ----> 16
[0]: 107 ----> 28
[0]: 107 ----> 29
[0]: 107 ----> 30
[0]: 108 ----> 14
[0]: 108 ----> 15
[0]: 108 ----> 28
[0]: 108 ----> 29
[0]: 109 ----> 14
[0]: 109 ----> 21
[0]: 109 ----> 28
[0]: 109 ----> 35
[0]: 110 ----> 15
[0]: 110 ----> 16
[0]: 110 ----> 25
[0]: 110 ----> 26
[0]: 110 ----> 29
[0]: 110 ----> 30
[0]: 110 ----> 39
[0]: 110 ----> 40
[0]: 111 ----> 15
[0]: 111 ----> 26
[0]: 111 ----> 29
[0]: 111 ----> 40
[0]: 112 ----> 16
[0]: 112 ----> 17
[0]: 112 ----> 18
[0]: 112 ----> 30
[0]: 112 ----> 31
[0]: 112 ----> 32
[0]: 113 ----> 16
[0]: 113 ----> 17
[0]: 113 ----> 25
[0]: 113 ----> 30
[0]: 113 ----> 31
[0]: 113 ----> 39
[0]: 114 ----> 17
[0]: 114 ----> 18
[0]: 114 ----> 19
[0]: 114 ----> 31
[0]: 114 ----> 32
[0]: 114 ----> 33
[0]: 115 ----> 17
[0]: 115 ----> 25
[0]: 115 ----> 31
[0]: 115 ----> 39
[0]: 116 ----> 18
[0]: 116 ----> 20
[0]: 116 ----> 27
[0]: 116 ----> 32
[0]: 116 ----> 34
[0]: 116 ----> 41
[0]: 117 ----> 18
[0]: 117 ----> 19
[0]: 117 ----> 20
[0]: 117 ----> 32
[0]: 117 ----> 33
[0]: 117 ----> 34
[0]: 118 ----> 19
[0]: 118 ----> 20
[0]: 118 ----> 33
[0]: 118 ----> 34
[0]: 119 ----> 19
[0]: 119 ----> 33
[0]: 120 ----> 20
[0]: 120 ----> 27
[0]: 120 ----> 34
[0]: 120 ----> 41
[0]: 121 ----> 21
[0]: 121 ----> 35
[0]: 122 ----> 21
[0]: 122 ----> 22
[0]: 122 ----> 35
[0]: 122 ----> 36
[0]: 123 ----> 22
[0]: 123 ----> 24
[0]: 123 ----> 36
[0]: 123 ----> 38
[0]: 124 ----> 22
[0]: 124 ----> 24
[0]: 124 ----> 36
[0]: 124 ----> 38
[0]: 125 ----> 23
[0]: 125 ----> 24
[0]: 125 ----> 37
[0]: 125 ----> 38
[0]: 126 ----> 23
[0]: 126 ----> 37
[0]: 127 ----> 23
[0]: 127 ----> 27
[0]: 127 ----> 37
[0]: 127 ----> 41
[0]: 128 ----> 23
[0]: 128 ----> 24
[0]: 128 ----> 27
[0]: 128 ----> 37
[0]: 128 ----> 38
[0]: 128 ----> 41
[0]: 129 ----> 25
[0]: 129 ----> 26
[0]: 129 ----> 39
[0]: 129 ----> 40
[0]: 130 ----> 26
[0]: 130 ----> 40
[0]: 131 ----> 28
[0]: 131 ----> 35
[0]: 131 ----> 36
[0]: 131 ----> 42
[0]: 131 ----> 49
[0]: 131 ----> 50
[0]: 132 ----> 28
[0]: 132 ----> 29
[0]: 132 ----> 30
[0]: 132 ----> 42
[0]: 132 ----> 43
[0]: 132 ----> 44
[0]: 133 ----> 28
[0]: 133 ----> 29
[0]: 133 ----> 42
[0]: 133 ----> 43
[0]: 134 ----> 28
[0]: 134 ----> 35
[0]: 134 ----> 42
[0]: 134 ----> 49
[0]: 135 ----> 29
[0]: 135 ----> 30
[0]: 135 ----> 39
[0]: 135 ----> 40
[0]: 135 ----> 43
[0]: 135 ----> 44
[0]: 135 ----> 53
[0]: 135 ----> 54
[0]: 136 ----> 29
[0]: 136 ----> 40
[0]: 136 ----> 43
[0]: 136 ----> 54
[0]: 137 ----> 30
[0]: 137 ----> 31
[0]: 137 ----> 32
[0]: 137 ----> 44
[0]: 137 ----> 45
[0]: 137 ----> 46
[0]: 138 ----> 30
[0]: 138 ----> 31
[0]: 138 ----> 39
[0]: 138 ----> 44
[0]: 138 ----> 45
[0]: 138 ----> 53
[0]: 139 ----> 31
[0]: 139 ----> 32
[0]: 139 ----> 33
[0]: 139 ----> 45
[0]: 139 ----> 46
[0]: 139 ----> 47
[0]: 140 ----> 31
[0]: 140 ----> 39
[0]: 140 ----> 45
[0]: 140 ----> 53
[0]: 141 ----> 32
[0]: 141 ----> 34
[0]: 141 ----> 41
[0]: 141 ----> 46
[0]: 141 ----> 48
[0]: 141 ----> 55
[0]: 142 ----> 32
[0]: 142 ----> 33
[0]: 142 ----> 34
[0]: 142 ----> 46
[0]: 142 ----> 47
[0]: 142 ----> 48
[0]: 143 ----> 33
[0]: 143 ----> 34
[0]: 143 ----> 47
[0]: 143 ----> 48
[0]: 144 ----> 33
[0]: 144 ----> 47
[0]: 145 ----> 34
[0]: 145 ----> 41
[0]: 145 ----> 48
[0]: 145 ----> 55
[0]: 146 ----> 35
[0]: 146 ----> 49
[0]: 147 ----> 35
[0]: 147 ----> 36
[0]: 147 ----> 49
[0]: 147 ----> 50
[0]: 148 ----> 36
[0]: 148 ----> 38
[0]: 148 ----> 50
[0]: 148 ----> 52
[0]: 149 ----> 36
[0]: 149 ----> 38
[0]: 149 ----> 50
[0]: 149 ----> 52
[0]: 150 ----> 37
[0]: 150 ----> 38
[0]: 150 ----> 51
[0]: 150 ----> 52
[0]: 151 ----> 37
[0]: 151 ----> 51
[0]: 152 ----> 37
[0]: 152 ----> 41
[0]: 152 ----> 51
[0]: 152 ----> 55
[0]: 153 ----> 37
[0]: 153 ----> 38
[0]: 153 ----> 41
[0]: 153 ----> 51
[0]: 153 ----> 52
[0]: 153 ----> 55
[0]: 154 ----> 39
[0]: 154 ----> 40
[0]: 154 ----> 53
[0]: 154 ----> 54
[0]: 155 ----> 40
[0]: 155 ----> 54
[0]: 156 ----> 42
[0]: 156 ----> 49
[0]: 156 ----> 50
[0]: 157 ----> 42
[0]: 157 ----> 43
[0]: 157 ----> 44
[0]: 158 ----> 42
[0]: 158 ----> 43
[0]: 159 ----> 42
[0]: 159 ----> 49
[0]: 160 ----> 43
[0]: 160 ----> 44
[0]: 160 ----> 53
[0]: 160 ----> 54
[0]: 161 ----> 43
[0]: 161 ----> 54
[0]: 162 ----> 44
[0]: 162 ----> 45
[0]: 162 ----> 46
[0]: 163 ----> 44
[0]: 163 ----> 45
[0]: 163 ----> 53
[0]: 164 ----> 45
[0]: 164 ----> 46
[0]: 164 ----> 47
[0]: 165 ----> 45
[0]: 165 ----> 53
[0]: 166 ----> 46
[0]: 166 ----> 48
[0]: 166 ----> 55
[0]: 167 ----> 46
[0]: 167 ----> 47
[0]: 167 ----> 48
[0]: 168 ----> 47
[0]: 168 ----> 48
[0]: 169 ----> 47
[0]: 170 ----> 48
[0]: 170 ----> 55
[0]: 171 ----> 49
[0]: 172 ----> 49
[0]: 172 ----> 50
[0]: 173 ----> 50
[0]: 173 ----> 52
[0]: 174 ----> 50
[0]: 174 ----> 52
[0]: 175 ----> 51
[0]: 175 ----> 52
[0]: 176 ----> 51
[0]: 177 ----> 51
[0]: 177 ----> 55
[0]: 178 ----> 51
[0]: 178 ----> 52
[0]: 178 ----> 55
[0]: 179 ----> 53
[0]: 179 ----> 54
[0]: 180 ----> 54
[1] Max support size: 0
Cones:
[0] Max cone size: 8
[0]: 0 <---- 56 (0)
[0]: 0 <---- 59 (0)
[0]: 0 <---- 58 (0)
[0]: 0 <---- 57 (0)
[0]: 0 <---- 60 (0)
[0]: 0 <---- 61 (0)
[0]: 0 <---- 62 (0)
[0]: 0 <---- 63 (0)
[0]: 1 <---- 58 (0)
[0]: 1 <---- 65 (0)
[0]: 1 <---- 64 (0)
[0]: 1 <---- 57 (0)
[0]: 1 <---- 62 (0)
[0]: 1 <---- 61 (0)
[0]: 1 <---- 66 (0)
[0]: 1 <---- 67 (0)
[0]: 2 <---- 57 (0)
[0]: 2 <---- 64 (0)
[0]: 2 <---- 69 (0)
[0]: 2 <---- 68 (0)
[0]: 2 <---- 61 (0)
[0]: 2 <---- 70 (0)
[0]: 2 <---- 71 (0)
[0]: 2 <---- 66 (0)
[0]: 3 <---- 68 (0)
[0]: 3 <---- 69 (0)
[0]: 3 <---- 73 (0)
[0]: 3 <---- 72 (0)
[0]: 3 <---- 70 (0)
[0]: 3 <---- 74 (0)
[0]: 3 <---- 75 (0)
[0]: 3 <---- 71 (0)
[0]: 4 <---- 68 (0)
[0]: 4 <---- 72 (0)
[0]: 4 <---- 77 (0)
[0]: 4 <---- 76 (0)
[0]: 4 <---- 70 (0)
[0]: 4 <---- 78 (0)
[0]: 4 <---- 79 (0)
[0]: 4 <---- 74 (0)
[0]: 5 <---- 72 (0)
[0]: 5 <---- 81 (0)
[0]: 5 <---- 80 (0)
[0]: 5 <---- 77 (0)
[0]: 5 <---- 74 (0)
[0]: 5 <---- 79 (0)
[0]: 5 <---- 82 (0)
[0]: 5 <---- 83 (0)
[0]: 6 <---- 77 (0)
[0]: 6 <---- 80 (0)
[0]: 6 <---- 84 (0)
[0]: 6 <---- 76 (0)
[0]: 6 <---- 79 (0)
[0]: 6 <---- 78 (0)
[0]: 6 <---- 85 (0)
[0]: 6 <---- 82 (0)
[0]: 7 <---- 59 (0)
[0]: 7 <---- 56 (0)
[0]: 7 <---- 87 (0)
[0]: 7 <---- 86 (0)
[0]: 7 <---- 63 (0)
[0]: 7 <---- 88 (0)
[0]: 7 <---- 89 (0)
[0]: 7 <---- 60 (0)
[0]: 8 <---- 87 (0)
[0]: 8 <---- 56 (0)
[0]: 8 <---- 91 (0)
[0]: 8 <---- 90 (0)
[0]: 8 <---- 89 (0)
[0]: 8 <---- 92 (0)
[0]: 8 <---- 93 (0)
[0]: 8 <---- 60 (0)
[0]: 9 <---- 94 (0)
[0]: 9 <---- 97 (0)
[0]: 9 <---- 96 (0)
[0]: 9 <---- 95 (0)
[0]: 9 <---- 98 (0)
[0]: 9 <---- 99 (0)
[0]: 9 <---- 100 (0)
[0]: 9 <---- 101 (0)
[0]: 10 <---- 97 (0)
[0]: 10 <---- 94 (0)
[0]: 10 <---- 90 (0)
[0]: 10 <---- 91 (0)
[0]: 10 <---- 101 (0)
[0]: 10 <---- 93 (0)
[0]: 10 <---- 92 (0)
[0]: 10 <---- 98 (0)
[0]: 11 <---- 64 (0)
[0]: 11 <---- 102 (0)
[0]: 11 <---- 73 (0)
[0]: 11 <---- 69 (0)
[0]: 11 <---- 66 (0)
[0]: 11 <---- 71 (0)
[0]: 11 <---- 75 (0)
[0]: 11 <---- 103 (0)
[0]: 12 <---- 102 (0)
[0]: 12 <---- 64 (0)
[0]: 12 <---- 65 (0)
[0]: 12 <---- 104 (0)
[0]: 12 <---- 103 (0)
[0]: 12 <---- 105 (0)
[0]: 12 <---- 67 (0)
[0]: 12 <---- 66 (0)
[0]: 13 <---- 97 (0)
[0]: 13 <---- 76 (0)
[0]: 13 <---- 84 (0)
[0]: 13 <---- 96 (0)
[0]: 13 <---- 101 (0)
[0]: 13 <---- 100 (0)
[0]: 13 <---- 85 (0)
[0]: 13 <---- 78 (0)
[0]: 14 <---- 106 (0)
[0]: 14 <---- 109 (0)
[0]: 14 <---- 108 (0)
[0]: 14 <---- 107 (0)
[0]: 14 <---- 56 (0)
[0]: 14 <---- 57 (0)
[0]: 14 <---- 58 (0)
[0]: 14 <---- 59 (0)
[0]: 15 <---- 108 (0)
[0]: 15 <---- 111 (0)
[0]: 15 <---- 110 (0)
[0]: 15 <---- 107 (0)
[0]: 15 <---- 58 (0)
[0]: 15 <---- 57 (0)
[0]: 15 <---- 64 (0)
[0]: 15 <---- 65 (0)
[0]: 16 <---- 107 (0)
[0]: 16 <---- 110 (0)
[0]: 16 <---- 113 (0)
[0]: 16 <---- 112 (0)
[0]: 16 <---- 57 (0)
[0]: 16 <---- 68 (0)
[0]: 16 <---- 69 (0)
[0]: 16 <---- 64 (0)
[0]: 17 <---- 112 (0)
[0]: 17 <---- 113 (0)
[0]: 17 <---- 115 (0)
[0]: 17 <---- 114 (0)
[0]: 17 <---- 68 (0)
[0]: 17 <---- 72 (0)
[0]: 17 <---- 73 (0)
[0]: 17 <---- 69 (0)
[0]: 18 <---- 112 (0)
[0]: 18 <---- 114 (0)
[0]: 18 <---- 117 (0)
[0]: 18 <---- 116 (0)
[0]: 18 <---- 68 (0)
[0]: 18 <---- 76 (0)
[0]: 18 <---- 77 (0)
[0]: 18 <---- 72 (0)
[0]: 19 <---- 114 (0)
[0]: 19 <---- 119 (0)
[0]: 19 <---- 118 (0)
[0]: 19 <---- 117 (0)
[0]: 19 <---- 72 (0)
[0]: 19 <---- 77 (0)
[0]: 19 <---- 80 (0)
[0]: 19 <---- 81 (0)
[0]: 20 <---- 117 (0)
[0]: 20 <---- 118 (0)
[0]: 20 <---- 120 (0)
[0]: 20 <---- 116 (0)
[0]: 20 <---- 77 (0)
[0]: 20 <---- 76 (0)
[0]: 20 <---- 84 (0)
[0]: 20 <---- 80 (0)
[0]: 21 <---- 109 (0)
[0]: 21 <---- 106 (0)
[0]: 21 <---- 122 (0)
[0]: 21 <---- 121 (0)
[0]: 21 <---- 59 (0)
[0]: 21 <---- 86 (0)
[0]: 21 <---- 87 (0)
[0]: 21 <---- 56 (0)
[0]: 22 <---- 122 (0)
[0]: 22 <---- 106 (0)
[0]: 22 <---- 124 (0)
[0]: 22 <---- 123 (0)
[0]: 22 <---- 87 (0)
[0]: 22 <---- 90 (0)
[0]: 22 <---- 91 (0)
[0]: 22 <---- 56 (0)
[0]: 23 <---- 125 (0)
[0]: 23 <---- 128 (0)
[0]: 23 <---- 127 (0)
[0]: 23 <---- 126 (0)
[0]: 23 <---- 94 (0)
[0]: 23 <---- 95 (0)
[0]: 23 <---- 96 (0)
[0]: 23 <---- 97 (0)
[0]: 24 <---- 128 (0)
[0]: 24 <---- 125 (0)
[0]: 24 <---- 123 (0)
[0]: 24 <---- 124 (0)
[0]: 24 <---- 97 (0)
[0]: 24 <---- 91 (0)
[0]: 24 <---- 90 (0)
[0]: 24 <---- 94 (0)
[0]: 25 <---- 110 (0)
[0]: 25 <---- 129 (0)
[0]: 25 <---- 115 (0)
[0]: 25 <---- 113 (0)
[0]: 25 <---- 64 (0)
[0]: 25 <---- 69 (0)
[0]: 25 <---- 73 (0)
[0]: 25 <---- 102 (0)
[0]: 26 <---- 129 (0)
[0]: 26 <---- 110 (0)
[0]: 26 <---- 111 (0)
[0]: 26 <---- 130 (0)
[0]: 26 <---- 102 (0)
[0]: 26 <---- 104 (0)
[0]: 26 <---- 65 (0)
[0]: 26 <---- 64 (0)
[0]: 27 <---- 128 (0)
[0]: 27 <---- 116 (0)
[0]: 27 <---- 120 (0)
[0]: 27 <---- 127 (0)
[0]: 27 <---- 97 (0)
[0]: 27 <---- 96 (0)
[0]: 27 <---- 84 (0)
[0]: 27 <---- 76 (0)
[0]: 28 <---- 131 (0)
[0]: 28 <---- 134 (0)
[0]: 28 <---- 133 (0)
[0]: 28 <---- 132 (0)
[0]: 28 <---- 106 (0)
[0]: 28 <---- 107 (0)
[0]: 28 <---- 108 (0)
[0]: 28 <---- 109 (0)
[0]: 29 <---- 133 (0)
[0]: 29 <---- 136 (0)
[0]: 29 <---- 135 (0)
[0]: 29 <---- 132 (0)
[0]: 29 <---- 108 (0)
[0]: 29 <---- 107 (0)
[0]: 29 <---- 110 (0)
[0]: 29 <---- 111 (0)
[0]: 30 <---- 132 (0)
[0]: 30 <---- 135 (0)
[0]: 30 <---- 138 (0)
[0]: 30 <---- 137 (0)
[0]: 30 <---- 107 (0)
[0]: 30 <---- 112 (0)
[0]: 30 <---- 113 (0)
[0]: 30 <---- 110 (0)
[0]: 31 <---- 137 (0)
[0]: 31 <---- 138 (0)
[0]: 31 <---- 140 (0)
[0]: 31 <---- 139 (0)
[0]: 31 <---- 112 (0)
[0]: 31 <---- 114 (0)
[0]: 31 <---- 115 (0)
[0]: 31 <---- 113 (0)
[0]: 32 <---- 137 (0)
[0]: 32 <---- 139 (0)
[0]: 32 <---- 142 (0)
[0]: 32 <---- 141 (0)
[0]: 32 <---- 112 (0)
[0]: 32 <---- 116 (0)
[0]: 32 <---- 117 (0)
[0]: 32 <---- 114 (0)
[0]: 33 <---- 139 (0)
[0]: 33 <---- 144 (0)
[0]: 33 <---- 143 (0)
[0]: 33 <---- 142 (0)
[0]: 33 <---- 114 (0)
[0]: 33 <---- 117 (0)
[0]: 33 <---- 118 (0)
[0]: 33 <---- 119 (0)
[0]: 34 <---- 142 (0)
[0]: 34 <---- 143 (0)
[0]: 34 <---- 145 (0)
[0]: 34 <---- 141 (0)
[0]: 34 <---- 117 (0)
[0]: 34 <---- 116 (0)
[0]: 34 <---- 120 (0)
[0]: 34 <---- 118 (0)
[0]: 35 <---- 134 (0)
[0]: 35 <---- 131 (0)
[0]: 35 <---- 147 (0)
[0]: 35 <---- 146 (0)
[0]: 35 <---- 109 (0)
[0]: 35 <---- 121 (0)
[0]: 35 <---- 122 (0)
[0]: 35 <---- 106 (0)
[0]: 36 <---- 147 (0)
[0]: 36 <---- 131 (0)
[0]: 36 <---- 149 (0)
[0]: 36 <---- 148 (0)
[0]: 36 <---- 122 (0)
[0]: 36 <---- 123 (0)
[0]: 36 <---- 124 (0)
[0]: 36 <---- 106 (0)
[0]: 37 <---- 150 (0)
[0]: 37 <---- 153 (0)
[0]: 37 <---- 152 (0)
[0]: 37 <---- 151 (0)
[0]: 37 <---- 125 (0)
[0]: 37 <---- 126 (0)
[0]: 37 <---- 127 (0)
[0]: 37 <---- 128 (0)
[0]: 38 <---- 153 (0)
[0]: 38 <---- 150 (0)
[0]: 38 <---- 148 (0)
[0]: 38 <---- 149 (0)
[0]: 38 <---- 128 (0)
[0]: 38 <---- 124 (0)
[0]: 38 <---- 123 (0)
[0]: 38 <---- 125 (0)
[0]: 39 <---- 135 (0)
[0]: 39 <---- 154 (0)
[0]: 39 <---- 140 (0)
[0]: 39 <---- 138 (0)
[0]: 39 <---- 110 (0)
[0]: 39 <---- 113 (0)
[0]: 39 <---- 115 (0)
[0]: 39 <---- 129 (0)
[0]: 40 <---- 154 (0)
[0]: 40 <---- 135 (0)
[0]: 40 <---- 136 (0)
[0]: 40 <---- 155 (0)
[0]: 40 <---- 129 (0)
[0]: 40 <---- 130 (0)
[0]: 40 <---- 111 (0)
[0]: 40 <---- 110 (0)
[0]: 41 <---- 153 (0)
[0]: 41 <---- 141 (0)
[0]: 41 <---- 145 (0)
[0]: 41 <---- 152 (0)
[0]: 41 <---- 128 (0)
[0]: 41 <---- 127 (0)
[0]: 41 <---- 120 (0)
[0]: 41 <---- 116 (0)
[0]: 42 <---- 156 (0)
[0]: 42 <---- 159 (0)
[0]: 42 <---- 158 (0)
[0]: 42 <---- 157 (0)
[0]: 42 <---- 131 (0)
[0]: 42 <---- 132 (0)
[0]: 42 <---- 133 (0)
[0]: 42 <---- 134 (0)
[0]: 43 <---- 158 (0)
[0]: 43 <---- 161 (0)
[0]: 43 <---- 160 (0)
[0]: 43 <---- 157 (0)
[0]: 43 <---- 133 (0)
[0]: 43 <---- 132 (0)
[0]: 43 <---- 135 (0)
[0]: 43 <---- 136 (0)
[0]: 44 <---- 157 (0)
[0]: 44 <---- 160 (0)
[0]: 44 <---- 163 (0)
[0]: 44 <---- 162 (0)
[0]: 44 <---- 132 (0)
[0]: 44 <---- 137 (0)
[0]: 44 <---- 138 (0)
[0]: 44 <---- 135 (0)
[0]: 45 <---- 162 (0)
[0]: 45 <---- 163 (0)
[0]: 45 <---- 165 (0)
[0]: 45 <---- 164 (0)
[0]: 45 <---- 137 (0)
[0]: 45 <---- 139 (0)
[0]: 45 <---- 140 (0)
[0]: 45 <---- 138 (0)
[0]: 46 <---- 162 (0)
[0]: 46 <---- 164 (0)
[0]: 46 <---- 167 (0)
[0]: 46 <---- 166 (0)
[0]: 46 <---- 137 (0)
[0]: 46 <---- 141 (0)
[0]: 46 <---- 142 (0)
[0]: 46 <---- 139 (0)
[0]: 47 <---- 164 (0)
[0]: 47 <---- 169 (0)
[0]: 47 <---- 168 (0)
[0]: 47 <---- 167 (0)
[0]: 47 <---- 139 (0)
[0]: 47 <---- 142 (0)
[0]: 47 <---- 143 (0)
[0]: 47 <---- 144 (0)
[0]: 48 <---- 167 (0)
[0]: 48 <---- 168 (0)
[0]: 48 <---- 170 (0)
[0]: 48 <---- 166 (0)
[0]: 48 <---- 142 (0)
[0]: 48 <---- 141 (0)
[0]: 48 <---- 145 (0)
[0]: 48 <---- 143 (0)
[0]: 49 <---- 159 (0)
[0]: 49 <---- 156 (0)
[0]: 49 <---- 172 (0)
[0]: 49 <---- 171 (0)
[0]: 49 <---- 134 (0)
[0]: 49 <---- 146 (0)
[0]: 49 <---- 147 (0)
[0]: 49 <---- 131 (0)
[0]: 50 <---- 172 (0)
[0]: 50 <---- 156 (0)
[0]: 50 <---- 174 (0)
[0]: 50 <---- 173 (0)
[0]: 50 <---- 147 (0)
[0]: 50 <---- 148 (0)
[0]: 50 <---- 149 (0)
[0]: 50 <---- 131 (0)
[0]: 51 <---- 175 (0)
[0]: 51 <---- 178 (0)
[0]: 51 <---- 177 (0)
[0]: 51 <---- 176 (0)
[0]: 51 <---- 150 (0)
[0]: 51 <---- 151 (0)
[0]: 51 <---- 152 (0)
[0]: 51 <---- 153 (0)
[0]: 52 <---- 178 (0)
[0]: 52 <---- 175 (0)
[0]: 52 <---- 173 (0)
[0]: 52 <---- 174 (0)
[0]: 52 <---- 153 (0)
[0]: 52 <---- 149 (0)
[0]: 52 <---- 148 (0)
[0]: 52 <---- 150 (0)
[0]: 53 <---- 160 (0)
[0]: 53 <---- 179 (0)
[0]: 53 <---- 165 (0)
[0]: 53 <---- 163 (0)
[0]: 53 <---- 135 (0)
[0]: 53 <---- 138 (0)
[0]: 53 <---- 140 (0)
[0]: 53 <---- 154 (0)
[0]: 54 <---- 179 (0)
[0]: 54 <---- 160 (0)
[0]: 54 <---- 161 (0)
[0]: 54 <---- 180 (0)
[0]: 54 <---- 154 (0)
[0]: 54 <---- 155 (0)
[0]: 54 <---- 136 (0)
[0]: 54 <---- 135 (0)
[0]: 55 <---- 178 (0)
[0]: 55 <---- 166 (0)
[0]: 55 <---- 170 (0)
[0]: 55 <---- 177 (0)
[0]: 55 <---- 153 (0)
[0]: 55 <---- 152 (0)
[0]: 55 <---- 145 (0)
[0]: 55 <---- 141 (0)
[1] Max cone size: 0
coordinates with 1 fields
  field 0 with 3 components
Process 0:
  (  56) dim  3 offset   0 -0.25 0.433013 0.5
  (  57) dim  3 offset   3 0.25 0.433013 0.5
  (  58) dim  3 offset   6 0. 1. 0.5
  (  59) dim  3 offset   9 -0.5 1. 0.5
  (  60) dim  3 offset  12 -0.25 0.433013 1.
  (  61) dim  3 offset  15 0.25 0.433013 1.
  (  62) dim  3 offset  18 0. 1. 1.
  (  63) dim  3 offset  21 -0.5 1. 1.
  (  64) dim  3 offset  24 0.625878 0.519886 0.5
  (  65) dim  3 offset  27 0.5 1. 0.5
  (  66) dim  3 offset  30 0.625878 0.519886 1.
  (  67) dim  3 offset  33 0.5 1. 1.
  (  68) dim  3 offset  36 0.5 0. 0.5
  (  69) dim  3 offset  39 0.708626 0.173295 0.5
  (  70) dim  3 offset  42 0.5 0. 1.
  (  71) dim  3 offset  45 0.708626 0.173295 1.
  (  72) dim  3 offset  48 1. -0.5 0.5
  (  73) dim  3 offset  51 1. 0. 0.5
  (  74) dim  3 offset  54 1. -0.5 1.
  (  75) dim  3 offset  57 1. 0. 1.
  (  76) dim  3 offset  60 0.25 -0.433013 0.5
  (  77) dim  3 offset  63 0.583333 -0.644338 0.5
  (  78) dim  3 offset  66 0.25 -0.433013 1.
  (  79) dim  3 offset  69 0.583333 -0.644338 1.
  (  80) dim  3 offset  72 0.5 -1. 0.5
  (  81) dim  3 offset  75 1. -1. 0.5
  (  82) dim  3 offset  78 0.5 -1. 1.
  (  83) dim  3 offset  81 1. -1. 1.
  (  84) dim  3 offset  84 0. -1. 0.5
  (  85) dim  3 offset  87 0. -1. 1.
  (  86) dim  3 offset  90 -1. 1. 0.5
  (  87) dim  3 offset  93 -1. 0.5 0.5
  (  88) dim  3 offset  96 -1. 1. 1.
  (  89) dim  3 offset  99 -1. 0.5 1.
  (  90) dim  3 offset 102 -1. 0. 0.5
  (  91) dim  3 offset 105 -0.5 -3.06162e-17 0.5
  (  92) dim  3 offset 108 -1. 0. 1.
  (  93) dim  3 offset 111 -0.5 -6.12323e-17 1.
  (  94) dim  3 offset 114 -1. -0.5 0.5
  (  95) dim  3 offset 117 -1. -1. 0.5
  (  96) dim  3 offset 120 -0.5 -1. 0.5
  (  97) dim  3 offset 123 -0.25 -0.433013 0.5
  (  98) dim  3 offset 126 -1. -0.5 1.
  (  99) dim  3 offset 129 -1. -1. 1.
  ( 100) dim  3 offset 132 -0.5 -1. 1.
  ( 101) dim  3 offset 135 -0.25 -0.433013 1.
  ( 102) dim  3 offset 138 1. 0.5 0.5
  ( 103) dim  3 offset 141 1. 0.5 1.
  ( 104) dim  3 offset 144 1. 1. 0.5
  ( 105) dim  3 offset 147 1. 1. 1.
  ( 106) dim  3 offset 150 -0.25 0.433013 0.
  ( 107) dim  3 offset 153 0.25 0.433013 1.38778e-17
  ( 108) dim  3 offset 156 0. 1. 0.
  ( 109) dim  3 offset 159 -0.5 1. 0.
  ( 110) dim  3 offset 162 0.625878 0.519886 2.71653e-18
  ( 111) dim  3 offset 165 0.5 1. 0.
  ( 112) dim  3 offset 168 0.5 0. 0.
  ( 113) dim  3 offset 171 0.708626 0.173295 2.00929e-18
  ( 114) dim  3 offset 174 1. -0.5 0.
  ( 115) dim  3 offset 177 1. 0. 0.
  ( 116) dim  3 offset 180 0.25 -0.433013 0.
  ( 117) dim  3 offset 183 0.583333 -0.644338 -9.71055e-20
  ( 118) dim  3 offset 186 0.5 -1. 0.
  ( 119) dim  3 offset 189 1. -1. 0.
  ( 120) dim  3 offset 192 0. -1. 0.
  ( 121) dim  3 offset 195 -1. 1. 0.
  ( 122) dim  3 offset 198 -1. 0.5 0.
  ( 123) dim  3 offset 201 -1. 0. 0.
  ( 124) dim  3 offset 204 -0.5 0. 0.
  ( 125) dim  3 offset 207 -1. -0.5 0.
  ( 126) dim  3 offset 210 -1. -1. 0.
  ( 127) dim  3 offset 213 -0.5 -1. 0.
  ( 128) dim  3 offset 216 -0.25 -0.433013 0.
  ( 129) dim  3 offset 219 1. 0.5 0.
  ( 130) dim  3 offset 222 1. 1. 0.
  ( 131) dim  3 offset 225 -0.25 0.433013 -0.5
  ( 132) dim  3 offset 228 0.25 0.433013 -0.5
  ( 133) dim  3 offset 231 0. 1. -0.5
  ( 134) dim  3 offset 234 -0.5 1. -0.5
  ( 135) dim  3 offset 237 0.625878 0.519886 -0.5
  ( 136) dim  3 offset 240 0.5 1. -0.5
  ( 137) dim  3 offset 243 0.5 0. -0.5
  ( 138) dim  3 offset 246 0.708626 0.173295 -0.5
  ( 139) dim  3 offset 249 1. -0.5 -0.5
  ( 140) dim  3 offset 252 1. 0. -0.5
  ( 141) dim  3 offset 255 0.25 -0.433013 -0.5
  ( 142) dim  3 offset 258 0.583333 -0.644338 -0.5
  ( 143) dim  3 offset 261 0.5 -1. -0.5
  ( 144) dim  3 offset 264 1. -1. -0.5
  ( 145) dim  3 offset 267 0. -1. -0.5
  ( 146) dim  3 offset 270 -1. 1. -0.5
  ( 147) dim  3 offset 273 -1. 0.5 -0.5
  ( 148) dim  3 offset 276 -1. 0. -0.5
  ( 149) dim  3 offset 279 -0.5 3.06162e-17 -0.5
  ( 150) dim  3 offset 282 -1. -0.5 -0.5
  ( 151) dim  3 offset 285 -1. -1. -0.5
  ( 152) dim  3 offset 288 -0.5 -1. -0.5
  ( 153) dim  3 offset 291 -0.25 -0.433013 -0.5
  ( 154) dim  3 offset 294 1. 0.5 -0.5
  ( 155) dim  3 offset 297 1. 1. -0.5
  ( 156) dim  3 offset 300 -0.25 0.433013 -1.
  ( 157) dim  3 offset 303 0.25 0.433013 -1.
  ( 158) dim  3 offset 306 0. 1. -1.
  ( 159) dim  3 offset 309 -0.5 1. -1.
  ( 160) dim  3 offset 312 0.625701 0.51915 -1.
  ( 161) dim  3 offset 315 0.5 1. -1.
  ( 162) dim  3 offset 318 0.5 0. -1.
  ( 163) dim  3 offset 321 0.708567 0.17305 -1.
  ( 164) dim  3 offset 324 1. -0.5 -1.
  ( 165) dim  3 offset 327 1. 0. -1.
  ( 166) dim  3 offset 330 0.25 -0.433013 -1.
  ( 167) dim  3 offset 333 0.583333 -0.644338 -1.
  ( 168) dim  3 offset 336 0.5 -1. -1.
  ( 169) dim  3 offset 339 1. -1. -1.
  ( 170) dim  3 offset 342 0. -1. -1.
  ( 171) dim  3 offset 345 -1. 1. -1.
  ( 172) dim  3 offset 348 -1. 0.5 -1.
  ( 173) dim  3 offset 351 -1. 0. -1.
  ( 174) dim  3 offset 354 -0.5 6.12323e-17 -1.
  ( 175) dim  3 offset 357 -1. -0.5 -1.
  ( 176) dim  3 offset 360 -1. -1. -1.
  ( 177) dim  3 offset 363 -0.5 -1. -1.
  ( 178) dim  3 offset 366 -0.25 -0.433013 -1.
  ( 179) dim  3 offset 369 1. 0.5 -1.
  ( 180) dim  3 offset 372 1. 1. -1.
Process 1:
Label 'celltype':
[0]: 56 (0)
[0]: 57 (0)
[0]: 58 (0)
[0]: 59 (0)
[0]: 60 (0)
[0]: 61 (0)
[0]: 62 (0)
[0]: 63 (0)
[0]: 64 (0)
[0]: 65 (0)
[0]: 66 (0)
[0]: 67 (0)
[0]: 68 (0)
[0]: 69 (0)
[0]: 70 (0)
[0]: 71 (0)
[0]: 72 (0)
[0]: 73 (0)
[0]: 74 (0)
[0]: 75 (0)
[0]: 76 (0)
[0]: 77 (0)
[0]: 78 (0)
[0]: 79 (0)
[0]: 80 (0)
[0]: 81 (0)
[0]: 82 (0)
[0]: 83 (0)
[0]: 84 (0)
[0]: 85 (0)
[0]: 86 (0)
[0]: 87 (0)
[0]: 88 (0)
[0]: 89 (0)
[0]: 90 (0)
[0]: 91 (0)
[0]: 92 (0)
[0]: 93 (0)
[0]: 94 (0)
[0]: 95 (0)
[0]: 96 (0)
[0]: 97 (0)
[0]: 98 (0)
[0]: 99 (0)
[0]: 100 (0)
[0]: 101 (0)
[0]: 102 (0)
[0]: 103 (0)
[0]: 104 (0)
[0]: 105 (0)
[0]: 106 (0)
[0]: 107 (0)
[0]: 108 (0)
[0]: 109 (0)
[0]: 110 (0)
[0]: 111 (0)
[0]: 112 (0)
[0]: 113 (0)
[0]: 114 (0)
[0]: 115 (0)
[0]: 116 (0)
[0]: 117 (0)
[0]: 118 (0)
[0]: 119 (0)
[0]: 120 (0)
[0]: 121 (0)
[0]: 122 (0)
[0]: 123 (0)
[0]: 124 (0)
[0]: 125 (0)
[0]: 126 (0)
[0]: 127 (0)
[0]: 128 (0)
[0]: 129 (0)
[0]: 130 (0)
[0]: 131 (0)
[0]: 132 (0)
[0]: 133 (0)
[0]: 134 (0)
[0]: 135 (0)
[0]: 136 (0)
[0]: 137 (0)
[0]: 138 (0)
[0]: 139 (0)
[0]: 140 (0)
[0]: 141 (0)
[0]: 142 (0)
[0]: 143 (0)
[0]: 144 (0)
[0]: 145 (0)
[0]: 146 (0)
[0]: 147 (0)
[0]: 148 (0)
[0]: 149 (0)
[0]: 150 (0)
[0]: 151 (0)
[0]: 152 (0)
[0]: 153 (0)
[0]: 154 (0)
[0]: 155 (0)
[0]: 156 (0)
[0]: 157 (0)
[0]: 158 (0)
[0]: 159 (0)
[0]: 160 (0)
[0]: 161 (0)
[0]: 162 (0)
[0]: 163 (0)
[0]: 164 (0)
[0]: 165 (0)
[0]: 166 (0)
[0]: 167 (0)
[0]: 168 (0)
[0]: 169 (0)
[0]: 170 (0)
[0]: 171 (0)
[0]: 172 (0)
[0]: 173 (0)
[0]: 174 (0)
[0]: 175 (0)
[0]: 176 (0)
[0]: 177 (0)
[0]: 178 (0)
[0]: 179 (0)
[0]: 180 (0)
[0]: 0 (7)
[0]: 1 (7)
[0]: 2 (7)
[0]: 3 (7)
[0]: 4 (7)
[0]: 5 (7)
[0]: 6 (7)
[0]: 7 (7)
[0]: 8 (7)
[0]: 9 (7)
[0]: 10 (7)
[0]: 11 (7)
[0]: 12 (7)
[0]: 13 (7)
[0]: 14 (7)
[0]: 15 (7)
[0]: 16 (7)
[0]: 17 (7)
[0]: 18 (7)
[0]: 19 (7)
[0]: 20 (7)
[0]: 21 (7)
[0]: 22 (7)
[0]: 23 (7)
[0]: 24 (7)
[0]: 25 (7)
[0]: 26 (7)
[0]: 27 (7)
[0]: 28 (7)
[0]: 29 (7)
[0]: 30 (7)
[0]: 31 (7)
[0]: 32 (7)
[0]: 33 (7)
[0]: 34 (7)
[0]: 35 (7)
[0]: 36 (7)
[0]: 37 (7)
[0]: 38 (7)
[0]: 39 (7)
[0]: 40 (7)
[0]: 41 (7)
[0]: 42 (7)
[0]: 43 (7)
[0]: 44 (7)
[0]: 45 (7)
[0]: 46 (7)
[0]: 47 (7)
[0]: 48 (7)
[0]: 49 (7)
[0]: 50 (7)
[0]: 51 (7)
[0]: 52 (7)
[0]: 53 (7)
[0]: 54 (7)
[0]: 55 (7)
PetscSF Object: (new_) 2 MPI processes
  type not yet set
  PetscSFSetGraph() has not been called yet
