Point 0: 31, 114, 115, 116, 117, 128, 129, 130, 131, 212, 213, 214, 215, 226, 227, 228, 229
Point 13: 14, 54, 55
Point 15: 22, 90, 91
Point 19: 54, 306, 307
Cell 0
  Field 0
60  61  62
55  56  57
50  51  52

35  36  37
30  31  32
25  26  27

10  11  12
 5   6   7
 0   1   2



  Field 1
300,301  308,309  310,311  312,313
244,245  294,295  296,297  298,299
230,231  238,239  240,241  242,243
216,217  224,225  226,227  228,229

202,203  210,211  212,213  214,215
146,147  196,197  198,199  200,201
132,133  140,141  142,143  144,145
118,119  126,127  128,129  130,131

104,105  112,113  114,115  116,117
48,49  98,99  100,101  102,103
34,35  42,43  44,45  46,47
20,21  28,29  30,31  32,33

 6, 7  14,15  16,17  18,19
61,62   0, 1   2, 3   4, 5
37,50  51,52  55,56  57,60
25,26  27,30  31,32  35,36





Cell 1
  Field 0
62  63  64
57  58  59
52  53  54

37  38  39
32  33  34
27  28  29

12  13  14
 7   8   9
 2   3   4



  Field 1
306,307  314,315  316,317  318,319
250,251  300,301  302,303  304,305
236,237  244,245  246,247  248,249
222,223  230,231  232,233  234,235

208,209  216,217  218,219  220,221
152,153  202,203  204,205  206,207
138,139  146,147  148,149  150,151
124,125  132,133  134,135  136,137

110,111  118,119  120,121  122,123
54,55  104,105  106,107  108,109
40,41  48,49  50,51  52,53
26,27  34,35  36,37  38,39

12,13  20,21  22,23  24,25
63,64   6, 7   8, 9  10,11
39,52  53,54  57,58  59,62
27,28  29,32  33,34  37,38





Cell 2
  Field 0
70  71  72
65  66  67
60  61  62

45  46  47
40  41  42
35  36  37

20  21  22
15  16  17
10  11  12



  Field 1
342,343  350,351  352,353  354,355
286,287  336,337  338,339  340,341
272,273  280,281  282,283  284,285
258,259  266,267  268,269  270,271

244,245  252,253  254,255  256,257
188,189  238,239  240,241  242,243
174,175  182,183  184,185  186,187
160,161  168,169  170,171  172,173

146,147  154,155  156,157  158,159
90,91  140,141  142,143  144,145
76,77  84,85  86,87  88,89
62,63  70,71  72,73  74,75

48,49  56,57  58,59  60,61
71,72  42,43  44,45  46,47
47,60  61,62  65,66  67,70
35,36  37,40  41,42  45,46





Cell 3
  Field 0
72  73  74
67  68  69
62  63  64

47  48  49
42  43  44
37  38  39

22  23  24
17  18  19
12  13  14



  Field 1
348,349  356,357  358,359  360,361
292,293  342,343  344,345  346,347
278,279  286,287  288,289  290,291
264,265  272,273  274,275  276,277

250,251  258,259  260,261  262,263
194,195  244,245  246,247  248,249
180,181  188,189  190,191  192,193
166,167  174,175  176,177  178,179

152,153  160,161  162,163  164,165
96,97  146,147  148,149  150,151
82,83  90,91  92,93  94,95
68,69  76,77  78,79  80,81

54,55  62,63  64,65  66,67
73,74  48,49  50,51  52,53
49,62  63,64  67,68  69,72
37,38  39,42  43,44  47,48





Cell 4
  Field 0
110  111  112
105  106  107
100  101  102

85  86  87
80  81  82
75  76  77

60  61  62
55  56  57
50  51  52



  Field 1
594,595  602,603  604,605  606,607
538,539  588,589  590,591  592,593
524,525  532,533  534,535  536,537
510,511  518,519  520,521  522,523

496,497  504,505  506,507  508,509
440,441  490,491  492,493  494,495
426,427  434,435  436,437  438,439
412,413  420,421  422,423  424,425

398,399  406,407  408,409  410,411
342,343  392,393  394,395  396,397
328,329  336,337  338,339  340,341
314,315  322,323  324,325  326,327

300,301  308,309  310,311  312,313
111,112  294,295  296,297  298,299
87,100  101,102  105,106  107,110
75,76  77,80  81,82  85,86





Cell 5
  Field 0
112  113  114
107  108  109
102  103  104

87  88  89
82  83  84
77  78  79

62  63  64
57  58  59
52  53  54



  Field 1
600,601  608,609  610,611  612,613
544,545  594,595  596,597  598,599
530,531  538,539  540,541  542,543
516,517  524,525  526,527  528,529

502,503  510,511  512,513  514,515
446,447  496,497  498,499  500,501
432,433  440,441  442,443  444,445
418,419  426,427  428,429  430,431

404,405  412,413  414,415  416,417
348,349  398,399  400,401  402,403
334,335  342,343  344,345  346,347
320,321  328,329  330,331  332,333

306,307  314,315  316,317  318,319
113,114  300,301  302,303  304,305
89,102  103,104  107,108  109,112
77,78  79,82  83,84  87,88





Cell 6
  Field 0
120  121  122
115  116  117
110  111  112

95  96  97
90  91  92
85  86  87

70  71  72
65  66  67
60  61  62



  Field 1
636,637  644,645  646,647  648,649
580,581  630,631  632,633  634,635
566,567  574,575  576,577  578,579
552,553  560,561  562,563  564,565

538,539  546,547  548,549  550,551
482,483  532,533  534,535  536,537
468,469  476,477  478,479  480,481
454,455  462,463  464,465  466,467

440,441  448,449  450,451  452,453
384,385  434,435  436,437  438,439
370,371  378,379  380,381  382,383
356,357  364,365  366,367  368,369

342,343  350,351  352,353  354,355
121,122  336,337  338,339  340,341
97,110  111,112  115,116  117,120
85,86  87,90  91,92  95,96





Cell 7
  Field 0
122  123  124
117  118  119
112  113  114

97  98  99
92  93  94
87  88  89

72  73  74
67  68  69
62  63  64



  Field 1
642,643  650,651  652,653  654,655
586,587  636,637  638,639  640,641
572,573  580,581  582,583  584,585
558,559  566,567  568,569  570,571

544,545  552,553  554,555  556,557
488,489  538,539  540,541  542,543
474,475  482,483  484,485  486,487
460,461  468,469  470,471  472,473

446,447  454,455  456,457  458,459
390,391  440,441  442,443  444,445
376,377  384,385  386,387  388,389
362,363  370,371  372,373  374,375

348,349  356,357  358,359  360,361
123,124  342,343  344,345  346,347
99,112  113,114  117,118  119,122
87,88  89,92  93,94  97,98





