DM Object: box 1 MPI process
  type: plex
box in 3 dimensions:
  Number of 0-cells per rank: 12
  Number of 1-cells per rank: 24
  Number of 2-cells per rank: 15
  Number of 3-cells per rank: 3
Periodic mesh (NONE, NONE, PERIODIC) coordinates localized
Labels:
  marker: 1 strata with value/size (1 (48))
  Face Sets: 4 strata with value/size (3 (3), 4 (3), 5 (3), 6 (3))
  depth: 4 strata with value/size (0 (12), 1 (24), 2 (15), 3 (3))
  celltype: 4 strata with value/size (0 (12), 1 (24), 4 (15), 7 (3))
Element #0
0: 0 1 2 3 4 5 6 7
Element #1
0: 4 5 6 7 8 9 10 11
Element #2
0: 8 9 10 11 0 1 2 3
========= Face restriction; marker: 6 ========
num_elem: 3, elem_size: 4, num_dof:  12
0: 0 4 2 6
0: 4 8 6 10
0: 8 0 10 2
========= Face restriction; marker: 5 ========
num_elem: 3, elem_size: 4, num_dof:  12
0: 1 3 5 7
0: 5 7 9 11
0: 9 11 1 3
========= Face restriction; marker: 3 ========
num_elem: 3, elem_size: 4, num_dof:  12
0: 0 1 4 5
0: 4 5 8 9
0: 8 9 0 1
========= Face restriction; marker: 4 ========
num_elem: 3, elem_size: 4, num_dof:  12
0: 2 6 3 7
0: 6 10 7 11
0: 10 2 11 3
Element #0 coordinates
 0:   0.0000e+00   0.0000e+00   0.0000e+00
 0:   0.0000e+00   1.0000e+00   0.0000e+00
 0:   1.0000e+00   1.0000e+00   0.0000e+00
 0:   1.0000e+00   0.0000e+00   0.0000e+00
 0:   0.0000e+00   0.0000e+00   3.3333e-01
 0:   1.0000e+00   0.0000e+00   3.3333e-01
 0:   1.0000e+00   1.0000e+00   3.3333e-01
 0:   0.0000e+00   1.0000e+00   3.3333e-01
Element #1 coordinates
 0:   0.0000e+00   0.0000e+00   3.3333e-01
 0:   0.0000e+00   1.0000e+00   3.3333e-01
 0:   1.0000e+00   1.0000e+00   3.3333e-01
 0:   1.0000e+00   0.0000e+00   3.3333e-01
 0:   0.0000e+00   0.0000e+00   6.6667e-01
 0:   1.0000e+00   0.0000e+00   6.6667e-01
 0:   1.0000e+00   1.0000e+00   6.6667e-01
 0:   0.0000e+00   1.0000e+00   6.6667e-01
Element #2 coordinates
 0:   0.0000e+00   0.0000e+00   6.6667e-01
 0:   0.0000e+00   1.0000e+00   6.6667e-01
 0:   1.0000e+00   1.0000e+00   6.6667e-01
 0:   1.0000e+00   0.0000e+00   6.6667e-01
 0:   0.0000e+00   0.0000e+00   1.0000e+00
 0:   1.0000e+00   0.0000e+00   1.0000e+00
 0:   1.0000e+00   1.0000e+00   1.0000e+00
 0:   0.0000e+00   1.0000e+00   1.0000e+00
DM box offsets: num_elem 3, size 8, comp 1, dof 12
0: 0 1 2 3 4 5 6 7
0: 4 5 6 7 8 9 10 11
0: 8 9 10 11 0 1 2 3
DM coords offsets: num_elem 3, size 8, comp 3, dof 36
0: 0 3 6 9 12 15 18 21
 0:   0.0000e+00   0.0000e+00   0.0000e+00
 0:   1.0000e+00   0.0000e+00   0.0000e+00
 0:   0.0000e+00   1.0000e+00   0.0000e+00
 0:   1.0000e+00   1.0000e+00   0.0000e+00
 0:   0.0000e+00   0.0000e+00   3.3333e-01
 0:   1.0000e+00   0.0000e+00   3.3333e-01
 0:   0.0000e+00   1.0000e+00   3.3333e-01
 0:   1.0000e+00   1.0000e+00   3.3333e-01
0: 12 15 18 21 24 27 30 33
 0:   0.0000e+00   0.0000e+00   3.3333e-01
 0:   1.0000e+00   0.0000e+00   3.3333e-01
 0:   0.0000e+00   1.0000e+00   3.3333e-01
 0:   1.0000e+00   1.0000e+00   3.3333e-01
 0:   0.0000e+00   0.0000e+00   6.6667e-01
 0:   1.0000e+00   0.0000e+00   6.6667e-01
 0:   0.0000e+00   1.0000e+00   6.6667e-01
 0:   1.0000e+00   1.0000e+00   6.6667e-01
0: 24 27 30 33 0 3 6 9
 0:   0.0000e+00   0.0000e+00   6.6667e-01
 0:   1.0000e+00   0.0000e+00   6.6667e-01
 0:   0.0000e+00   1.0000e+00   6.6667e-01
 0:   1.0000e+00   1.0000e+00   6.6667e-01
 0:   0.0000e+00   0.0000e+00   0.0000e+00
 0:   1.0000e+00   0.0000e+00   0.0000e+00
 0:   0.0000e+00   1.0000e+00   0.0000e+00
 0:   1.0000e+00   1.0000e+00   0.0000e+00
