DM Object: box 1 MPI process
  type: plex
box in 3 dimensions:
  Number of 0-cells per rank: 12
  Number of 1-cells per rank: 32
  Number of 2-cells per rank: 28
  Number of 3-cells per rank: 8
Periodic mesh (PERIODIC, NONE, PERIODIC) coordinates not localized
Labels:
  marker: 1 strata with value/size (1 (24))
  Face Sets: 2 strata with value/size (3 (4), 4 (4))
  depth: 4 strata with value/size (0 (12), 1 (32), 2 (28), 3 (8))
  celltype: 4 strata with value/size (7 (8), 0 (12), 4 (28), 1 (32))
Element #0
0: 8 48 9 60 40 62 10 50 11 68 28 70 20 0 21 72 29 74 14 54
20: 15 64 41 66 16 56 17
Element #1
0: 9 49 8 62 42 60 11 51 10 70 31 68 21 1 20 74 32 72 15 55
20: 14 66 43 64 17 57 16
Element #2
0: 10 50 11 61 44 63 12 52 13 72 29 74 22 2 23 76 30 78 16 56
20: 17 65 45 67 18 58 19
Element #3
0: 11 51 10 63 46 61 13 53 12 74 32 72 23 3 22 78 33 76 17 57
20: 16 67 47 65 19 59 18
Element #4
0: 14 54 15 64 41 66 16 56 17 69 34 71 24 4 25 73 35 75 8 48
20: 9 60 40 62 10 50 11
Element #5
0: 15 55 14 66 43 64 17 57 16 71 37 69 25 5 24 75 38 73 9 49
20: 8 62 42 60 11 51 10
Element #6
0: 16 56 17 65 45 67 18 58 19 73 35 75 26 6 27 77 36 79 10 50
20: 11 61 44 63 12 52 13
Element #7
0: 17 57 16 67 47 65 19 59 18 75 38 73 27 7 26 79 39 77 11 51
20: 10 63 46 61 13 53 12
