Label 'Orthogonal_Quality':
[0]: 12 (1)
[0]: 23 (1)
[0]: 126 (1)
[0]: 143 (1)
Vec Object: 1 MPI process
  type: seq
0.998672
0.999759
0.999158
0.998476
0.997698
0.99836
0.999574
0.997646
0.993574
0.984253
0.976656
0.967718
0.945782
0.981521
0.977336
0.989652
0.995546
0.996939
0.997584
0.994398
0.985487
0.971042
0.962409
0.948149
0.990107
0.998492
0.999874
0.999952
0.999975
0.986283
0.986957
0.989328
0.990716
0.991734
0.992737
0.995338
0.997087
0.996922
0.997502
0.995167
0.992562
0.990322
0.987822
0.986113
0.986945
0.988345
0.991044
0.995244
0.999903
0.999934
0.999877
0.999837
0.999771
0.998839
0.996764
0.993768
0.990594
0.986837
0.997797
0.997854
0.986892
0.982783
0.979905
0.983964
0.986455
0.958099
0.989891
0.997089
0.999433
0.999415
0.997744
0.993281
0.983849
0.965161
0.962723
0.988667
0.998289
0.999824
0.999935
0.990038
0.9912
0.992065
0.992168
0.993324
0.996577
0.998232
0.997645
0.999115
0.99668
0.991546
0.991639
0.989012
0.98638
0.984028
0.994388
0.992918
0.997161
0.997696
0.998061
0.988988
0.999593
0.998712
0.999691
0.999924
0.999594
0.997946
0.995602
0.992644
0.967643
0.998483
0.999362
0.99913
0.993745
0.99343
0.992107
0.992966
0.9959
0.999445
0.99596
0.991276
0.993788
0.99345
0.992835
0.989262
0.982893
0.963288
0.896173
0.981756
0.962992
0.988493
0.98814
0.988394
0.994482
0.992152
0.997265
0.998861
0.997861
0.997396
0.998767
0.99374
0.994439
0.992982
0.950401
0.898244
0.998581
0.999049
0.997989
0.999805
0.998445
0.996127
0.994837
0.991757
0.990059
0.994683
0.998561
0.994619
0.983174
0.992925
0.993764
0.994006
0.997331
0.996224
0.978511
0.970473
0.993703
0.998172
0.985748
0.980607
0.998974
0.99725
0.994544
0.992431
0.992924
0.996096
0.994303
0.958734
0.964198
0.996925
0.995853
0.981722
0.995213
0.99174
0.956171
0.989004
