Initial L_2 Error: 0.614213
  0 SNES Function norm 6.566208362579e+00 
  1 SNES Function norm 1.764392375946e+00 
  2 SNES Function norm 3.351065516472e-02 
  3 SNES Function norm 1.173509983346e-03 
  4 SNES Function norm 5.219626473263e-06 
Final L_2 Error: 1.48402e-05
Vec Object: solution 1 MPI processes
  type: seq
0.500005
1.00004
-2.32842e-07
0.125005
-2.79928e-07
0.625002
-1.08258e-07
0.312506
-2.47695e-07
0.312506
-2.49138e-07
0.625002
-1.09361e-07
0.8125
-8.6183e-08
1.125
-3.00536e-08
0.8125
-8.59233e-08
