  0 KSP Residual norm 2.97202 
  1 KSP Residual norm 0.74123 
  2 KSP Residual norm 0.324986 
  3 KSP Residual norm 0.0716632 
  4 KSP Residual norm 0.04494 
  5 KSP Residual norm 0.00901056 
  6 KSP Residual norm 0.00656908 
  7 KSP Residual norm 0.00229774 
  8 KSP Residual norm 0.000902477 
  9 KSP Residual norm 0.000162121 
 10 KSP Residual norm 8.20858e-05 
 11 KSP Residual norm 1.09086e-05 
 12 KSP Residual norm 3.86726e-06 
 13 KSP Residual norm 1.75316e-06 
 14 KSP Residual norm 2.38162e-07 
 15 KSP Residual norm 9.78584e-08 
 16 KSP Residual norm 3.13916e-08 
 17 KSP Residual norm 6.07966e-09 
 18 KSP Residual norm 1.89864e-09 
 19 KSP Residual norm 4.524e-10 
 20 KSP Residual norm 1.087e-10 
 21 KSP Residual norm 2.126e-11 
 22 KSP Residual norm < 1.e-11
 23 KSP Residual norm < 1.e-11
 24 KSP Residual norm < 1.e-11
 25 KSP Residual norm < 1.e-11
 26 KSP Residual norm < 1.e-11
 27 KSP Residual norm < 1.e-11
Number of iterations =  27
  Residual norm < 1.e-12
