  0 KSP Residual norm 1.27897 
  1 KSP Residual norm 0.206458 
  2 KSP Residual norm 0.163216 
  3 KSP Residual norm 0.0655381 
  4 KSP Residual norm 0.0278102 
  5 KSP Residual norm 0.00661712 
  6 KSP Residual norm 0.003633 
  7 KSP Residual norm 0.00171924 
  8 KSP Residual norm 0.000494165 
  9 KSP Residual norm 0.000310366 
 10 KSP Residual norm 0.000122678 
 11 KSP Residual norm 5.99255e-05 
 12 KSP Residual norm 3.94164e-05 
 13 KSP Residual norm 1.0674e-05 
  0 KSP Residual norm 1.27897 
  1 KSP Residual norm 0.206458 
  2 KSP Residual norm 0.163216 
  3 KSP Residual norm 0.0655381 
  4 KSP Residual norm 0.0278102 
  5 KSP Residual norm 0.00661712 
  6 KSP Residual norm 0.003633 
  7 KSP Residual norm 0.00171924 
  8 KSP Residual norm 0.000494165 
  9 KSP Residual norm 0.000310366 
 10 KSP Residual norm 0.000122678 
 11 KSP Residual norm 5.99255e-05 
 12 KSP Residual norm 3.94164e-05 
 13 KSP Residual norm 1.0674e-05 
  0 KSP Residual norm 1.92584 
  0 KSP Residual norm 0.664109 
  1 KSP Residual norm 0.107204 
  2 KSP Residual norm 0.0847506 
  3 KSP Residual norm 0.0340308 
  4 KSP Residual norm 0.0144405 
  5 KSP Residual norm 0.00343554 
  6 KSP Residual norm 0.00188651 
  7 KSP Residual norm 0.000892832 
  8 KSP Residual norm 0.000256605 
  9 KSP Residual norm 0.000161189 
 10 KSP Residual norm 6.3706e-05 
 11 KSP Residual norm 3.1119e-05 
 12 KSP Residual norm 2.04704e-05 
 13 KSP Residual norm 5.5427e-06 
  1 KSP Residual norm 3.31578e-05 
  0 KSP Residual norm 0.322196 
  1 KSP Residual norm 0.208119 
  2 KSP Residual norm 0.136287 
  3 KSP Residual norm 0.0414391 
  4 KSP Residual norm 0.0271348 
  5 KSP Residual norm 0.0157586 
  6 KSP Residual norm 0.00669657 
  7 KSP Residual norm 0.00347773 
  8 KSP Residual norm 0.00152007 
  9 KSP Residual norm 0.00102927 
 10 KSP Residual norm 0.000546309 
 11 KSP Residual norm 0.00028202 
 12 KSP Residual norm 0.000103255 
 13 KSP Residual norm 4.7164e-05 
 14 KSP Residual norm 3.32956e-05 
 15 KSP Residual norm 1.30229e-05 
 16 KSP Residual norm 6.78885e-06 
 17 KSP Residual norm 3.45866e-06 
 18 KSP Residual norm 1.44967e-06 
  2 KSP Residual norm 1.661e-10 
KSP Object:
  type: gmres
    GMRES: restart=30, using Classical (unmodified) Gram-Schmidt Orthogonalization with no iterative refinement
    GMRES: happy breakdown tolerance 1e-30
  maximum iterations=10000
  tolerances:  relative=1e-05, absolute=1e-50, divergence=10000
  left preconditioning
PC Object:
  type: openmp
    Size of solver nodes 2
    Parallel sub-solver given next
  KSP Object:(openmp_)
    type: gmres
      GMRES: restart=30, using Classical (unmodified) Gram-Schmidt Orthogonalization with no iterative refinement
      GMRES: happy breakdown tolerance 1e-30
    maximum iterations=10000, initial guess is zero
    tolerances:  relative=1e-05, absolute=1e-50, divergence=10000
    left preconditioning
  PC Object:(openmp_)
    type: sor
      SOR: type = local_symmetric, iterations = 1, omega = 1
    linear system matrix = precond matrix:
    Matrix Object:
      type=mpiaij, rows=181, cols=181
      total: nonzeros=2245, allocated nonzeros=2245
        using I-node (on process 0) routines: found 31 nodes, limit used is 5
  linear system matrix = precond matrix:
  Matrix Object:
    type=seqaij, rows=181, cols=181
    total: nonzeros=2245, allocated nonzeros=2245
      using I-node routines: found 61 nodes, limit used is 5
Number of iterations =   2
Residual norm 8.35419e-08
