  0 KSP Residual norm 3.31481 
  1 KSP Residual norm 0.799669 
  2 KSP Residual norm 0.509009 
  3 KSP Residual norm 0.0828063 
  4 KSP Residual norm 0.0770776 
  5 KSP Residual norm 0.038025 
  6 KSP Residual norm 0.0365063 
  7 KSP Residual norm 0.00294153 
  8 KSP Residual norm 0.00159099 
  9 KSP Residual norm 0.000468034 
 10 KSP Residual norm 0.000256035 
 11 KSP Residual norm 6.46253e-05 
 12 KSP Residual norm 4.23675e-05 
 13 KSP Residual norm 1.16548e-05 
 14 KSP Residual norm 6.23819e-06 
 15 KSP Residual norm 2.88526e-06 
 16 KSP Residual norm 1.01515e-06 
 17 KSP Residual norm 4.28844e-07 
 18 KSP Residual norm 1.94944e-07 
 19 KSP Residual norm 6.65527e-08 
 20 KSP Residual norm 3.59799e-08 
 21 KSP Residual norm 1.4089e-08 
 22 KSP Residual norm 4.00109e-09 
 23 KSP Residual norm 1.44805e-09 
 24 KSP Residual norm 6.045e-10 
 25 KSP Residual norm 9.232e-11 
 26 KSP Residual norm 3.208e-11 
 27 KSP Residual norm 1.187e-11 
 28 KSP Residual norm < 1.e-11
 29 KSP Residual norm < 1.e-11
 30 KSP Residual norm < 1.e-11
 31 KSP Residual norm < 1.e-11
 32 KSP Residual norm < 1.e-11
 33 KSP Residual norm < 1.e-11
 34 KSP Residual norm < 1.e-11
 35 KSP Residual norm < 1.e-11
 36 KSP Residual norm < 1.e-11
Number of iterations =  36
  Residual norm < 1.e-12
