  0 KSP Residual norm 28.5234 
  1 KSP Residual norm 0.797053 
  2 KSP Residual norm 0.538217 
  3 KSP Residual norm 0.121549 
  4 KSP Residual norm 0.0854348 
  5 KSP Residual norm 0.0475024 
  6 KSP Residual norm 0.0160333 
  7 KSP Residual norm 0.0042922 
  8 KSP Residual norm 0.00121741 
  9 KSP Residual norm 0.000582152 
 10 KSP Residual norm 0.000284626 
 11 KSP Residual norm 0.000137325 
 12 KSP Residual norm 6.5102e-05 
 13 KSP Residual norm 1.72781e-05 
 14 KSP Residual norm 8.42553e-06 
 15 KSP Residual norm 3.11198e-06 
 16 KSP Residual norm 1.41522e-06 
 17 KSP Residual norm 6.20759e-07 
 18 KSP Residual norm 2.27907e-07 
 19 KSP Residual norm 7.16546e-08 
 20 KSP Residual norm 2.57236e-08 
 21 KSP Residual norm 8.75833e-09 
 22 KSP Residual norm 2.56906e-09 
 23 KSP Residual norm 1.36209e-09 
 24 KSP Residual norm 4.972e-10 
 25 KSP Residual norm 1.286e-10 
 26 KSP Residual norm 4.745e-11 
 27 KSP Residual norm < 1.e-11
 28 KSP Residual norm < 1.e-11
 29 KSP Residual norm < 1.e-11
 30 KSP Residual norm < 1.e-11
 31 KSP Residual norm < 1.e-11
Number of iterations =  31
  Residual norm < 1.e-12
