  0 KSP Residual norm 2544.97 
  1 KSP Residual norm 2.63058e-08 
KSP Object: 8 MPI processes
  type: gmres
    restart=30, using Classical (unmodified) Gram-Schmidt Orthogonalization with no iterative refinement
    happy breakdown tolerance 1e-30
  maximum iterations=10000, initial guess is zero
  tolerances:  relative=1e-05, absolute=1e-50, divergence=10000.
  left preconditioning
  using PRECONDITIONED norm type for convergence test
PC Object: 8 MPI processes
  type: tfs
  linear system matrix = precond matrix:
  Mat Object: 8 MPI processes
    type: mpiaij
    rows=1501, cols=1501
    total: nonzeros=26131, allocated nonzeros=26131
    total number of mallocs used during MatSetValues calls =0
      using I-node (on process 0) routines: found 63 nodes, limit used is 5
Number of iterations =   1
Residual norm 7.62063e-10
