  0 KSP Residual norm 5.58832 
  1 KSP Residual norm 1.07543 
  2 KSP Residual norm 0.44332 
  3 KSP Residual norm 0.172514 
  4 KSP Residual norm 0.0168186 
  5 KSP Residual norm 0.00225878 
  6 KSP Residual norm 0.000130256 
  7 KSP Residual norm 2.61552e-05 
  8 KSP Residual norm 3.16567e-06 
  9 KSP Residual norm 1.00715e-06 
 10 KSP Residual norm 1.91998e-07 
 11 KSP Residual norm 1.26689e-08 
 12 KSP Residual norm 3.80235e-09 
 13 KSP Residual norm 4.194e-10 
 14 KSP Residual norm 6.888e-11 
 15 KSP Residual norm < 1.e-11
 16 KSP Residual norm < 1.e-11
 17 KSP Residual norm < 1.e-11
 18 KSP Residual norm < 1.e-11
Number of iterations =  18
  Residual norm < 1.e-12
