Number of iterations =   1
Residual norm < 1.e-12
Number of iterations =   1
Residual norm < 1.e-12
WARNING! There are options you set that were not used!
WARNING! could be spelling mistake, etc!
Option left: name:-matload_block_size value: 3
Number of iterations =   1
Residual norm < 1.e-12
Number of iterations =   1
Residual norm < 1.e-12
WARNING! There are options you set that were not used!
WARNING! could be spelling mistake, etc!
Option left: name:-matload_block_size value: 3
Number of iterations =   1
Residual norm < 1.e-12
Number of iterations =   1
Residual norm < 1.e-12
WARNING! There are options you set that were not used!
WARNING! could be spelling mistake, etc!
Option left: name:-matload_block_size value: 3
Number of iterations =   1
Residual norm < 1.e-12
Number of iterations =   1
Residual norm < 1.e-12
WARNING! There are options you set that were not used!
WARNING! could be spelling mistake, etc!
Option left: name:-matload_block_size value: 3
Number of iterations =   1
Residual norm < 1.e-12
Number of iterations =   1
Residual norm < 1.e-12
WARNING! There are options you set that were not used!
WARNING! could be spelling mistake, etc!
Option left: name:-matload_block_size value: 3
Number of iterations =   1
Residual norm < 1.e-12
Number of iterations =   1
Residual norm < 1.e-12
WARNING! There are options you set that were not used!
WARNING! could be spelling mistake, etc!
Option left: name:-matload_block_size value: 3
Number of iterations =   1
Residual norm < 1.e-12
Number of iterations =   1
Residual norm < 1.e-12
WARNING! There are options you set that were not used!
WARNING! could be spelling mistake, etc!
Option left: name:-matload_block_size value: 3
Number of iterations =   1
Residual norm < 1.e-12
Number of iterations =   1
Residual norm < 1.e-12
WARNING! There are options you set that were not used!
WARNING! could be spelling mistake, etc!
Option left: name:-matload_block_size value: 3
