  0 KSP Residual norm 28.5147 
  1 KSP Residual norm 0.704377 
  2 KSP Residual norm 0.184156 
  3 KSP Residual norm 0.101145 
  4 KSP Residual norm 0.0671963 
  5 KSP Residual norm 0.0131696 
  6 KSP Residual norm 0.00221454 
  7 KSP Residual norm 0.000565499 
  8 KSP Residual norm 0.000118336 
  9 KSP Residual norm 5.00416e-05 
 10 KSP Residual norm 3.0474e-05 
 11 KSP Residual norm 8.76178e-06 
 12 KSP Residual norm 5.1018e-06 
 13 KSP Residual norm 2.27434e-06 
 14 KSP Residual norm 8.37239e-07 
 15 KSP Residual norm 4.54583e-07 
 16 KSP Residual norm 2.11673e-07 
 17 KSP Residual norm 6.29981e-08 
 18 KSP Residual norm 3.50567e-08 
 19 KSP Residual norm 1.46351e-08 
 20 KSP Residual norm 3.20328e-09 
 21 KSP Residual norm 1.69808e-09 
 22 KSP Residual norm 7.545e-10 
 23 KSP Residual norm 1.609e-10 
 24 KSP Residual norm 1.073e-10 
 25 KSP Residual norm 4.112e-11 
 26 KSP Residual norm 1.018e-11 
 27 KSP Residual norm < 1.e-11
 28 KSP Residual norm < 1.e-11
 29 KSP Residual norm < 1.e-11
 30 KSP Residual norm < 1.e-11
 31 KSP Residual norm < 1.e-11
 32 KSP Residual norm < 1.e-11
Number of iterations =  32
  Residual norm < 1.e-12
