  0 KSP Residual norm 1.41421 
  1 KSP Residual norm 0.632456 
  2 KSP Residual norm 0.377964 
  3 KSP Residual norm 0.258199 
  4 KSP Residual norm 0.190693 
  5 KSP Residual norm < 1.e-11
KSP Object: 1 MPI processes
  type: gmres
    restart=30, using Classical (unmodified) Gram-Schmidt Orthogonalization with one step of iterative refinement
    happy breakdown tolerance 1e-30
  maximum iterations=10000, initial guess is zero
  tolerances:  relative=1e-05, absolute=1e-50, divergence=10000.
  right preconditioning
  using UNPRECONDITIONED norm type for convergence test
PC Object: 1 MPI processes
  type: jacobi
  linear system matrix = precond matrix:
  Mat Object: 1 MPI processes
    type: seqaij
    rows=10, cols=10
    total: nonzeros=28, allocated nonzeros=50
    total number of mallocs used during MatSetValues calls=0
      not using I-node routines
Norm of error 2.90785e-15, Iterations 5
