  0 KSP Residual norm 0.0527344 
      Residual norms for mg_levels_1_ solve.
      0 KSP Residual norm 0.264171 
      1 KSP Residual norm 1.08061 
      2 KSP Residual norm 0.279295 
      Residual norms for mg_levels_1_ solve.
      0 KSP Residual norm 0.045851 
      1 KSP Residual norm 0.133392 
      2 KSP Residual norm 0.0450789 
    Residual norms for mg_levels_2_ solve.
    0 KSP Residual norm 1.14074 
    1 KSP Residual norm 0.263319 
    2 KSP Residual norm 0.218452 
      Residual norms for mg_levels_1_ solve.
      0 KSP Residual norm 0.0237711 
      1 KSP Residual norm 0.0795626 
      2 KSP Residual norm 0.0243924 
      Residual norms for mg_levels_1_ solve.
      0 KSP Residual norm 0.00388848 
      1 KSP Residual norm 0.00970834 
      2 KSP Residual norm 0.00376785 
    Residual norms for mg_levels_2_ solve.
    0 KSP Residual norm 0.121727 
    1 KSP Residual norm 0.062903 
    2 KSP Residual norm 0.0472274 
  1 KSP Residual norm 0.0011364 
      Residual norms for mg_levels_1_ solve.
      0 KSP Residual norm 0.168273 
      1 KSP Residual norm 0.598685 
      2 KSP Residual norm 0.164121 
      Residual norms for mg_levels_1_ solve.
      0 KSP Residual norm 0.00809131 
      1 KSP Residual norm 0.0391612 
      2 KSP Residual norm 0.00854376 
    Residual norms for mg_levels_2_ solve.
    0 KSP Residual norm 0.756342 
    1 KSP Residual norm 0.211536 
    2 KSP Residual norm 0.305534 
      Residual norms for mg_levels_1_ solve.
      0 KSP Residual norm 0.0153807 
      1 KSP Residual norm 0.0356206 
      2 KSP Residual norm 0.0147631 
      Residual norms for mg_levels_1_ solve.
      0 KSP Residual norm 0.00139432 
      1 KSP Residual norm 0.00516223 
      2 KSP Residual norm 0.0014134 
    Residual norms for mg_levels_2_ solve.
    0 KSP Residual norm 0.146118 
    1 KSP Residual norm 0.0594567 
    2 KSP Residual norm 0.0712604 
  2 KSP Residual norm 2.46921e-05 
      Residual norms for mg_levels_1_ solve.
      0 KSP Residual norm 0.164769 
      1 KSP Residual norm 0.47959 
      2 KSP Residual norm 0.158359 
      Residual norms for mg_levels_1_ solve.
      0 KSP Residual norm 0.00747944 
      1 KSP Residual norm 0.0324501 
      2 KSP Residual norm 0.00774169 
    Residual norms for mg_levels_2_ solve.
    0 KSP Residual norm 0.708769 
    1 KSP Residual norm 0.408689 
    2 KSP Residual norm 0.393936 
      Residual norms for mg_levels_1_ solve.
      0 KSP Residual norm 0.0128153 
      1 KSP Residual norm 0.048511 
      2 KSP Residual norm 0.0128061 
      Residual norms for mg_levels_1_ solve.
      0 KSP Residual norm 0.00117158 
      1 KSP Residual norm 0.00496037 
      2 KSP Residual norm 0.0012265 
    Residual norms for mg_levels_2_ solve.
    0 KSP Residual norm 0.180198 
    1 KSP Residual norm 0.0818284 
    2 KSP Residual norm 0.0959497 
  3 KSP Residual norm 5.47693e-07 
      Residual norms for mg_levels_1_ solve.
      0 KSP Residual norm 0.0927584 
      1 KSP Residual norm 0.283989 
      2 KSP Residual norm 0.089694 
      Residual norms for mg_levels_1_ solve.
      0 KSP Residual norm 0.00470445 
      1 KSP Residual norm 0.0198961 
      2 KSP Residual norm 0.0049114 
    Residual norms for mg_levels_2_ solve.
    0 KSP Residual norm 0.812595 
    1 KSP Residual norm 0.327226 
    2 KSP Residual norm 0.401124 
      Residual norms for mg_levels_1_ solve.
      0 KSP Residual norm 0.016817 
      1 KSP Residual norm 0.0431294 
      2 KSP Residual norm 0.0160678 
      Residual norms for mg_levels_1_ solve.
      0 KSP Residual norm 0.00102948 
      1 KSP Residual norm 0.00392133 
      2 KSP Residual norm 0.00105939 
    Residual norms for mg_levels_2_ solve.
    0 KSP Residual norm 0.187845 
    1 KSP Residual norm 0.0788444 
    2 KSP Residual norm 0.100797 
  4 KSP Residual norm 1.00072e-08 
