Failed to load initial guess, so use a vector of all zeros.
  0 KSP Residual norm 0.00471115 
  1 KSP Residual norm 0.000751328 
  2 KSP Residual norm 0.000484035 
  3 KSP Residual norm 0.000383247 
  4 KSP Residual norm 0.000328354 
  5 KSP Residual norm 0.000291255 
  6 KSP Residual norm 0.000262242 
  7 KSP Residual norm 0.00024299 
  8 KSP Residual norm 0.000229463 
  9 KSP Residual norm 0.000220391 
 10 KSP Residual norm 0.000210031 
 11 KSP Residual norm 0.000197955 
 12 KSP Residual norm 0.000183004 
 13 KSP Residual norm 0.000166522 
 14 KSP Residual norm 0.000153632 
 15 KSP Residual norm 0.000143591 
 16 KSP Residual norm 0.000133196 
 17 KSP Residual norm 0.000123897 
 18 KSP Residual norm 0.000116721 
 19 KSP Residual norm 0.000110664 
 20 KSP Residual norm 0.000106574 
 21 KSP Residual norm 0.000103612 
 22 KSP Residual norm 0.000101169 
 23 KSP Residual norm 9.9178e-05 
 24 KSP Residual norm 9.73333e-05 
 25 KSP Residual norm 9.54482e-05 
 26 KSP Residual norm 9.25163e-05 
 27 KSP Residual norm 8.99524e-05 
 28 KSP Residual norm 8.67525e-05 
 29 KSP Residual norm 8.29527e-05 
 30 KSP Residual norm 7.92519e-05 
 31 KSP Residual norm 7.70276e-05 
 32 KSP Residual norm 7.52325e-05 
 33 KSP Residual norm 7.38103e-05 
 34 KSP Residual norm 7.21145e-05 
 35 KSP Residual norm 7.05852e-05 
 36 KSP Residual norm 6.93801e-05 
 37 KSP Residual norm 6.78645e-05 
 38 KSP Residual norm 6.58187e-05 
 39 KSP Residual norm 6.40661e-05 
 40 KSP Residual norm 6.19195e-05 
 41 KSP Residual norm 5.96571e-05 
 42 KSP Residual norm 5.70704e-05 
 43 KSP Residual norm 5.4332e-05 
 44 KSP Residual norm 5.16111e-05 
 45 KSP Residual norm 5.00363e-05 
 46 KSP Residual norm 4.87748e-05 
 47 KSP Residual norm 4.78608e-05 
 48 KSP Residual norm 4.71382e-05 
 49 KSP Residual norm 4.64355e-05 
 50 KSP Residual norm 4.5653e-05 
 51 KSP Residual norm 4.48827e-05 
 52 KSP Residual norm 4.36734e-05 
 53 KSP Residual norm 4.29485e-05 
 54 KSP Residual norm 4.16081e-05 
 55 KSP Residual norm 4.0606e-05 
 56 KSP Residual norm 3.95981e-05 
 57 KSP Residual norm 3.84478e-05 
 58 KSP Residual norm 3.78472e-05 
 59 KSP Residual norm 3.72944e-05 
 60 KSP Residual norm 3.68873e-05 
 61 KSP Residual norm 3.65578e-05 
 62 KSP Residual norm 3.63173e-05 
 63 KSP Residual norm 3.60844e-05 
 64 KSP Residual norm 3.58944e-05 
 65 KSP Residual norm 3.57624e-05 
 66 KSP Residual norm 3.56137e-05 
 67 KSP Residual norm 3.55021e-05 
 68 KSP Residual norm 3.5425e-05 
 69 KSP Residual norm 3.53162e-05 
 70 KSP Residual norm 3.52294e-05 
 71 KSP Residual norm 3.51534e-05 
 72 KSP Residual norm 3.50833e-05 
 73 KSP Residual norm 3.50011e-05 
 74 KSP Residual norm 3.4935e-05 
 75 KSP Residual norm 3.48441e-05 
 76 KSP Residual norm 3.47638e-05 
 77 KSP Residual norm 3.4672e-05 
 78 KSP Residual norm 3.45837e-05 
 79 KSP Residual norm 3.44823e-05 
 80 KSP Residual norm 3.43703e-05 
 81 KSP Residual norm 3.42388e-05 
 82 KSP Residual norm 3.40683e-05 
 83 KSP Residual norm 3.38668e-05 
 84 KSP Residual norm 3.35702e-05 
 85 KSP Residual norm 3.3199e-05 
 86 KSP Residual norm 3.26592e-05 
 87 KSP Residual norm 3.16456e-05 
 88 KSP Residual norm 3.04866e-05 
 89 KSP Residual norm 2.91006e-05 
 90 KSP Residual norm 2.73344e-05 
 91 KSP Residual norm 2.55696e-05 
 92 KSP Residual norm 2.38019e-05 
 93 KSP Residual norm 2.21787e-05 
 94 KSP Residual norm 2.10327e-05 
 95 KSP Residual norm 2.03492e-05 
 96 KSP Residual norm 1.97451e-05 
 97 KSP Residual norm 1.92549e-05 
 98 KSP Residual norm 1.89793e-05 
 99 KSP Residual norm 1.87602e-05 
100 KSP Residual norm 1.85355e-05 
Linear solve did not converge due to DIVERGED_ITS iterations 100
KSP type: lsqr
Number of iterations = 100
Residual norm 1.85355e-05
