Failed to load initial guess, so use a vector of all zeros.
  0 KSP Residual norm 25.4951 
  1 KSP Residual norm 0.749856 
  2 KSP Residual norm < 1.e-11
Linear solve converged due to CONVERGED_RTOL iterations 2
KSP Object: 2 MPI processes
  type: cg
  maximum iterations=10, initial guess is zero
  tolerances:  relative=1e-05, absolute=1e-50, divergence=10000.
  left preconditioning
  using PRECONDITIONED norm type for convergence test
PC Object: 2 MPI processes
  type: none
  linear system matrix = precond matrix:
  Mat Object: 2 MPI processes
    type: normal
    rows=4, cols=4
KSP type: cg
Number of iterations =   2
Residual norm 3.55271e-15
