  0 KSP Residual norm 0.241755 
    Residual norms for ksp_ solve.
    0 KSP Residual norm 1.893860657294e+01 
    1 KSP Residual norm 1.650411576005e+01 
    2 KSP Residual norm 6.359525820284e+00 
    3 KSP Residual norm 3.886071595016e+00 
    4 KSP Residual norm 2.767418608469e+00 
    5 KSP Residual norm 1.859138952145e+00 
    Residual norms for ksp_ solve.
    0 KSP Residual norm 1.859138952145e+00 
    1 KSP Residual norm 1.326021097963e+00 
    2 KSP Residual norm 1.002560997374e+00 
    3 KSP Residual norm 7.399533146065e-01 
    4 KSP Residual norm 5.946835243315e-01 
    5 KSP Residual norm 4.119517662296e-01 
    6 KSP Residual norm 3.683956470348e-01 
    7 KSP Residual norm 2.926125447960e-01 
    8 KSP Residual norm 1.558050251947e-01 
  1 KSP Residual norm 0.0493021 
    Residual norms for ksp_ solve.
    0 KSP Residual norm 7.529240576644e-01 
    1 KSP Residual norm 3.905234091258e-01 
    2 KSP Residual norm 2.156551385426e-01 
    3 KSP Residual norm 1.457410674316e-01 
    4 KSP Residual norm 1.152395302206e-01 
    5 KSP Residual norm 7.694253891430e-02 
    6 KSP Residual norm 5.624955696009e-02 
  2 KSP Residual norm 0.00485694 
    Residual norms for ksp_ solve.
    0 KSP Residual norm 5.781993811009e-01 
    1 KSP Residual norm 4.212280714718e-01 
    2 KSP Residual norm 4.100571941882e-01 
    3 KSP Residual norm 3.639762751845e-01 
    4 KSP Residual norm 2.874511873819e-01 
    5 KSP Residual norm 2.192791654774e-01 
    6 KSP Residual norm 1.880628314302e-01 
    7 KSP Residual norm 1.175996883268e-01 
    8 KSP Residual norm 8.786750199105e-02 
    9 KSP Residual norm 7.105563591037e-02 
   10 KSP Residual norm 6.292144193097e-02 
   11 KSP Residual norm 6.108418776796e-02 
   12 KSP Residual norm 5.144901752573e-02 
  3 KSP Residual norm 0.000347793 
    Residual norms for ksp_ solve.
    0 KSP Residual norm 7.216609810599e-01 
    1 KSP Residual norm 4.768874169782e-01 
    2 KSP Residual norm 3.494137113450e-01 
    3 KSP Residual norm 2.991469831135e-01 
    4 KSP Residual norm 2.265418338902e-01 
    5 KSP Residual norm 2.249441854795e-01 
    6 KSP Residual norm 1.811588702906e-01 
    7 KSP Residual norm 1.364438316113e-01 
    8 KSP Residual norm 9.902121113466e-02 
    9 KSP Residual norm 7.623655314591e-02 
   10 KSP Residual norm 6.226930963572e-02 
  4 KSP Residual norm 3.22494e-05 
    Residual norms for ksp_ solve.
    0 KSP Residual norm 7.128811447769e-01 
    1 KSP Residual norm 5.117908777445e-01 
    2 KSP Residual norm 4.761118040434e-01 
    3 KSP Residual norm 4.356347334362e-01 
    4 KSP Residual norm 4.090117465975e-01 
    5 KSP Residual norm 3.320051939907e-01 
    6 KSP Residual norm 2.422077470076e-01 
    7 KSP Residual norm 1.762395395249e-01 
    8 KSP Residual norm 1.441434642394e-01 
    9 KSP Residual norm 1.265937050658e-01 
   10 KSP Residual norm 1.266415240392e-01 
   11 KSP Residual norm 1.013568715851e-01 
   12 KSP Residual norm 7.654103652284e-02 
   13 KSP Residual norm 6.164936537497e-02 
  5 KSP Residual norm 2.34444e-06 
    Residual norms for ksp_ solve.
    0 KSP Residual norm 8.205876673110e+00 
    1 KSP Residual norm 6.070388617453e+00 
    2 KSP Residual norm 5.793776948038e+00 
    3 KSP Residual norm 5.600359447028e+00 
    4 KSP Residual norm 5.336602753763e+00 
    5 KSP Residual norm 4.095619963366e+00 
    6 KSP Residual norm 2.805551799687e+00 
    7 KSP Residual norm 2.229201392876e+00 
    8 KSP Residual norm 1.958764779036e+00 
    9 KSP Residual norm 1.675979710655e+00 
   10 KSP Residual norm 1.433859161396e+00 
   11 KSP Residual norm 1.270608646028e+00 
   12 KSP Residual norm 8.835429229470e-01 
   13 KSP Residual norm 6.461939278574e-01 
    Residual norms for ksp_ solve.
    0 KSP Residual norm 6.461939278574e-01 
    1 KSP Residual norm 5.733669569762e-01 
    2 KSP Residual norm 5.734141618210e-01 
    3 KSP Residual norm 4.925581520271e-01 
    4 KSP Residual norm 4.550986474424e-01 
    5 KSP Residual norm 4.681805824990e-01 
    6 KSP Residual norm 4.576804836271e-01 
    7 KSP Residual norm 4.234123825145e-01 
    8 KSP Residual norm 4.014926206100e-01 
    9 KSP Residual norm 2.948219345715e-01 
   10 KSP Residual norm 2.200227273224e-01 
   11 KSP Residual norm 1.509656470803e-01 
   12 KSP Residual norm 1.258951511818e-01 
   13 KSP Residual norm 1.214923893062e-01 
   14 KSP Residual norm 1.109976208820e-01 
   15 KSP Residual norm 1.001865160240e-01 
   16 KSP Residual norm 8.049034195000e-02 
   17 KSP Residual norm 7.828626762824e-02 
   18 KSP Residual norm 7.091781243678e-02 
   19 KSP Residual norm 5.866743993965e-02 
  6 KSP Residual norm 1.5524e-07 
    Residual norms for ksp_ solve.
    0 KSP Residual norm 8.859950327159e-01 
    1 KSP Residual norm 6.911372893862e-01 
    2 KSP Residual norm 6.985929312032e-01 
    3 KSP Residual norm 7.250030825320e-01 
    4 KSP Residual norm 6.797258259672e-01 
    5 KSP Residual norm 6.010367611339e-01 
    6 KSP Residual norm 6.054401199471e-01 
    7 KSP Residual norm 6.231885409269e-01 
    8 KSP Residual norm 5.897632116340e-01 
    9 KSP Residual norm 5.343998644499e-01 
   10 KSP Residual norm 5.342324888980e-01 
   11 KSP Residual norm 4.960610699552e-01 
   12 KSP Residual norm 3.945644640345e-01 
   13 KSP Residual norm 2.887522291805e-01 
   14 KSP Residual norm 2.203346121253e-01 
   15 KSP Residual norm 1.748630638807e-01 
   16 KSP Residual norm 1.507099152179e-01 
   17 KSP Residual norm 1.347974517328e-01 
   18 KSP Residual norm 1.072609816970e-01 
   19 KSP Residual norm 9.903844864754e-02 
   20 KSP Residual norm 1.087408320560e-01 
   21 KSP Residual norm 1.084574631534e-01 
   22 KSP Residual norm 1.013920911519e-01 
   23 KSP Residual norm 8.021104749962e-02 
  7 KSP Residual norm 1.61496e-08 
    Residual norms for ksp_ solve.
    0 KSP Residual norm 7.706926013016e-01 
    1 KSP Residual norm 5.361383930691e-01 
    2 KSP Residual norm 4.246362021148e-01 
    3 KSP Residual norm 3.958922286458e-01 
    4 KSP Residual norm 3.400969006532e-01 
    5 KSP Residual norm 3.007902832082e-01 
    6 KSP Residual norm 2.503470188547e-01 
    7 KSP Residual norm 1.924312457656e-01 
    8 KSP Residual norm 1.676476929495e-01 
    9 KSP Residual norm 1.653234252805e-01 
   10 KSP Residual norm 1.724365334410e-01 
   11 KSP Residual norm 1.557954367866e-01 
   12 KSP Residual norm 1.283611464845e-01 
   13 KSP Residual norm 1.056071050779e-01 
   14 KSP Residual norm 8.982456580844e-02 
   15 KSP Residual norm 8.118475525650e-02 
   16 KSP Residual norm 6.746711529184e-02 
  8 KSP Residual norm 1.41621e-09 
    Residual norms for ksp_ solve.
    0 KSP Residual norm 7.675471499261e-01 
    1 KSP Residual norm 5.262897928913e-01 
    2 KSP Residual norm 4.315438993043e-01 
    3 KSP Residual norm 3.967219757682e-01 
    4 KSP Residual norm 3.455637703390e-01 
    5 KSP Residual norm 3.069723614705e-01 
    6 KSP Residual norm 2.547275013306e-01 
    7 KSP Residual norm 2.266738383103e-01 
    8 KSP Residual norm 2.449731920529e-01 
    9 KSP Residual norm 2.566348233475e-01 
   10 KSP Residual norm 2.663530583726e-01 
   11 KSP Residual norm 2.549841713193e-01 
   12 KSP Residual norm 2.325192930368e-01 
   13 KSP Residual norm 2.041822751440e-01 
   14 KSP Residual norm 1.675052532227e-01 
   15 KSP Residual norm 1.356067686958e-01 
   16 KSP Residual norm 1.264636418552e-01 
   17 KSP Residual norm 1.013803501952e-01 
   18 KSP Residual norm 6.934908629146e-02 
  9 KSP Residual norm 1.285e-10 
    Residual norms for ksp_ solve.
    0 KSP Residual norm 7.721903475405e-01 
    1 KSP Residual norm 6.022665290814e-01 
    2 KSP Residual norm 4.051210386414e-01 
    3 KSP Residual norm 3.053599046614e-01 
    4 KSP Residual norm 2.667210323084e-01 
    5 KSP Residual norm 2.438394372474e-01 
    6 KSP Residual norm 2.110725377023e-01 
    7 KSP Residual norm 1.831220250411e-01 
    8 KSP Residual norm 1.618717810299e-01 
    9 KSP Residual norm 1.370085814066e-01 
   10 KSP Residual norm 1.223427700870e-01 
   11 KSP Residual norm 1.144974483416e-01 
   12 KSP Residual norm 1.138461365961e-01 
   13 KSP Residual norm 1.049555961068e-01 
   14 KSP Residual norm 9.163389565184e-02 
   15 KSP Residual norm 7.600902867214e-02 
 10 KSP Residual norm 1.083e-11 
Residual norm 1.08268e-11
Error norm 0.00817277
Error norm 0.00221111
Error norm 1.73395e-05
