Mat Object: 1 MPI processes
  type: mpiaij
row 0: (0, 1)  (1, -0.5)  (10, -0.5) 
row 1: (0, -0.5)  (1, 2)  (2, -0.5)  (10, 0)  (11, -1) 
row 2: (1, -0.5)  (2, 2)  (3, -0.5)  (11, 0)  (12, -1) 
row 3: (2, -0.5)  (3, 2)  (4, -0.5)  (12, 0)  (13, -1) 
row 4: (3, -0.5)  (4, 2)  (5, -0.5)  (13, 0)  (14, -1) 
row 5: (4, -0.5)  (5, 2)  (6, -0.5)  (14, 0)  (15, -1) 
row 6: (5, -0.5)  (6, 2)  (7, -0.5)  (15, 0)  (16, -1) 
row 7: (6, -0.5)  (7, 2)  (8, -0.5)  (16, 0)  (17, -1) 
row 8: (7, -0.5)  (8, 2)  (9, -0.5)  (17, 0)  (18, -1) 
row 9: (8, -0.5)  (9, 1)  (18, 0)  (19, -0.5) 
row 10: (0, -0.5)  (1, 0)  (10, 2)  (11, -1)  (20, -0.5) 
row 11: (1, -1)  (2, 0)  (10, -1)  (11, 4)  (12, -1)  (20, 0)  (21, -1) 
row 12: (2, -1)  (3, 0)  (11, -1)  (12, 4)  (13, -1)  (21, 0)  (22, -1) 
row 13: (3, -1)  (4, 0)  (12, -1)  (13, 4)  (14, -1)  (22, 0)  (23, -1) 
row 14: (4, -1)  (5, 0)  (13, -1)  (14, 4)  (15, -1)  (23, 0)  (24, -1) 
row 15: (5, -1)  (6, 0)  (14, -1)  (15, 4)  (16, -1)  (24, 0)  (25, -1) 
row 16: (6, -1)  (7, 0)  (15, -1)  (16, 4)  (17, -1)  (25, 0)  (26, -1) 
row 17: (7, -1)  (8, 0)  (16, -1)  (17, 4)  (18, -1)  (26, 0)  (27, -1) 
row 18: (8, -1)  (9, 0)  (17, -1)  (18, 4)  (19, -1)  (27, 0)  (28, -1) 
row 19: (9, -0.5)  (18, -1)  (19, 2)  (28, 0)  (29, -0.5) 
row 20: (10, -0.5)  (11, 0)  (20, 2)  (21, -1)  (30, -0.5) 
row 21: (11, -1)  (12, 0)  (20, -1)  (21, 4)  (22, -1)  (30, 0)  (31, -1) 
row 22: (12, -1)  (13, 0)  (21, -1)  (22, 4)  (23, -1)  (31, 0)  (32, -1) 
row 23: (13, -1)  (14, 0)  (22, -1)  (23, 4)  (24, -1)  (32, 0)  (33, -1) 
row 24: (14, -1)  (15, 0)  (23, -1)  (24, 4)  (25, -1)  (33, 0)  (34, -1) 
row 25: (15, -1)  (16, 0)  (24, -1)  (25, 4)  (26, -1)  (34, 0)  (35, -1) 
row 26: (16, -1)  (17, 0)  (25, -1)  (26, 4)  (27, -1)  (35, 0)  (36, -1) 
row 27: (17, -1)  (18, 0)  (26, -1)  (27, 4)  (28, -1)  (36, 0)  (37, -1) 
row 28: (18, -1)  (19, 0)  (27, -1)  (28, 4)  (29, -1)  (37, 0)  (38, -1) 
row 29: (19, -0.5)  (28, -1)  (29, 2)  (38, 0)  (39, -0.5) 
row 30: (20, -0.5)  (21, 0)  (30, 2)  (31, -1)  (40, -0.5) 
row 31: (21, -1)  (22, 0)  (30, -1)  (31, 4)  (32, -1)  (40, 0)  (41, -1) 
row 32: (22, -1)  (23, 0)  (31, -1)  (32, 4)  (33, -1)  (41, 0)  (42, -1) 
row 33: (23, -1)  (24, 0)  (32, -1)  (33, 4)  (34, -1)  (42, 0)  (43, -1) 
row 34: (24, -1)  (25, 0)  (33, -1)  (34, 4)  (35, -1)  (43, 0)  (44, -1) 
row 35: (25, -1)  (26, 0)  (34, -1)  (35, 4)  (36, -1)  (44, 0)  (45, -1) 
row 36: (26, -1)  (27, 0)  (35, -1)  (36, 4)  (37, -1)  (45, 0)  (46, -1) 
row 37: (27, -1)  (28, 0)  (36, -1)  (37, 4)  (38, -1)  (46, 0)  (47, -1) 
row 38: (28, -1)  (29, 0)  (37, -1)  (38, 4)  (39, -1)  (47, 0)  (48, -1) 
row 39: (29, -0.5)  (38, -1)  (39, 2)  (48, 0)  (49, -0.5) 
row 40: (30, -0.5)  (31, 0)  (40, 2)  (41, -1)  (50, -0.5) 
row 41: (31, -1)  (32, 0)  (40, -1)  (41, 4)  (42, -1)  (50, 0)  (51, -1) 
row 42: (32, -1)  (33, 0)  (41, -1)  (42, 4)  (43, -1)  (51, 0)  (52, -1) 
row 43: (33, -1)  (34, 0)  (42, -1)  (43, 4)  (44, -1)  (52, 0)  (53, -1) 
row 44: (34, -1)  (35, 0)  (43, -1)  (44, 4)  (45, -1)  (53, 0)  (54, -1) 
row 45: (35, -1)  (36, 0)  (44, -1)  (45, 4)  (46, -1)  (54, 0)  (55, -1) 
row 46: (36, -1)  (37, 0)  (45, -1)  (46, 4)  (47, -1)  (55, 0)  (56, -1) 
row 47: (37, -1)  (38, 0)  (46, -1)  (47, 4)  (48, -1)  (56, 0)  (57, -1) 
row 48: (38, -1)  (39, 0)  (47, -1)  (48, 4)  (49, -1)  (57, 0)  (58, -1) 
row 49: (39, -0.5)  (48, -1)  (49, 2)  (58, 0)  (59, -0.5) 
row 50: (40, -0.5)  (41, 0)  (50, 2)  (51, -1)  (60, -0.5) 
row 51: (41, -1)  (42, 0)  (50, -1)  (51, 4)  (52, -1)  (60, 0)  (61, -1) 
row 52: (42, -1)  (43, 0)  (51, -1)  (52, 4)  (53, -1)  (61, 0)  (62, -1) 
row 53: (43, -1)  (44, 0)  (52, -1)  (53, 4)  (54, -1)  (62, 0)  (63, -1) 
row 54: (44, -1)  (45, 0)  (53, -1)  (54, 4)  (55, -1)  (63, 0)  (64, -1) 
row 55: (45, -1)  (46, 0)  (54, -1)  (55, 4)  (56, -1)  (64, 0)  (65, -1) 
row 56: (46, -1)  (47, 0)  (55, -1)  (56, 4)  (57, -1)  (65, 0)  (66, -1) 
row 57: (47, -1)  (48, 0)  (56, -1)  (57, 4)  (58, -1)  (66, 0)  (67, -1) 
row 58: (48, -1)  (49, 0)  (57, -1)  (58, 4)  (59, -1)  (67, 0)  (68, -1) 
row 59: (49, -0.5)  (58, -1)  (59, 2)  (68, 0)  (69, -0.5) 
row 60: (50, -0.5)  (51, 0)  (60, 2)  (61, -1)  (70, -0.5) 
row 61: (51, -1)  (52, 0)  (60, -1)  (61, 4)  (62, -1)  (70, 0)  (71, -1) 
row 62: (52, -1)  (53, 0)  (61, -1)  (62, 4)  (63, -1)  (71, 0)  (72, -1) 
row 63: (53, -1)  (54, 0)  (62, -1)  (63, 4)  (64, -1)  (72, 0)  (73, -1) 
row 64: (54, -1)  (55, 0)  (63, -1)  (64, 4)  (65, -1)  (73, 0)  (74, -1) 
row 65: (55, -1)  (56, 0)  (64, -1)  (65, 4)  (66, -1)  (74, 0)  (75, -1) 
row 66: (56, -1)  (57, 0)  (65, -1)  (66, 4)  (67, -1)  (75, 0)  (76, -1) 
row 67: (57, -1)  (58, 0)  (66, -1)  (67, 4)  (68, -1)  (76, 0)  (77, -1) 
row 68: (58, -1)  (59, 0)  (67, -1)  (68, 4)  (69, -1)  (77, 0)  (78, -1) 
row 69: (59, -0.5)  (68, -1)  (69, 2)  (78, 0)  (79, -0.5) 
row 70: (60, -0.5)  (61, 0)  (70, 2)  (71, -1)  (80, -0.5) 
row 71: (61, -1)  (62, 0)  (70, -1)  (71, 4)  (72, -1)  (80, 0)  (81, -1) 
row 72: (62, -1)  (63, 0)  (71, -1)  (72, 4)  (73, -1)  (81, 0)  (82, -1) 
row 73: (63, -1)  (64, 0)  (72, -1)  (73, 4)  (74, -1)  (82, 0)  (83, -1) 
row 74: (64, -1)  (65, 0)  (73, -1)  (74, 4)  (75, -1)  (83, 0)  (84, -1) 
row 75: (65, -1)  (66, 0)  (74, -1)  (75, 4)  (76, -1)  (84, 0)  (85, -1) 
row 76: (66, -1)  (67, 0)  (75, -1)  (76, 4)  (77, -1)  (85, 0)  (86, -1) 
row 77: (67, -1)  (68, 0)  (76, -1)  (77, 4)  (78, -1)  (86, 0)  (87, -1) 
row 78: (68, -1)  (69, 0)  (77, -1)  (78, 4)  (79, -1)  (87, 0)  (88, -1) 
row 79: (69, -0.5)  (78, -1)  (79, 2)  (88, 0)  (89, -0.5) 
row 80: (70, -0.5)  (71, 0)  (80, 2)  (81, -1)  (90, -0.5) 
row 81: (71, -1)  (72, 0)  (80, -1)  (81, 4)  (82, -1)  (90, 0)  (91, -1) 
row 82: (72, -1)  (73, 0)  (81, -1)  (82, 4)  (83, -1)  (91, 0)  (92, -1) 
row 83: (73, -1)  (74, 0)  (82, -1)  (83, 4)  (84, -1)  (92, 0)  (93, -1) 
row 84: (74, -1)  (75, 0)  (83, -1)  (84, 4)  (85, -1)  (93, 0)  (94, -1) 
row 85: (75, -1)  (76, 0)  (84, -1)  (85, 4)  (86, -1)  (94, 0)  (95, -1) 
row 86: (76, -1)  (77, 0)  (85, -1)  (86, 4)  (87, -1)  (95, 0)  (96, -1) 
row 87: (77, -1)  (78, 0)  (86, -1)  (87, 4)  (88, -1)  (96, 0)  (97, -1) 
row 88: (78, -1)  (79, 0)  (87, -1)  (88, 4)  (89, -1)  (97, 0)  (98, -1) 
row 89: (79, -0.5)  (88, -1)  (89, 2)  (98, 0)  (99, -0.5) 
row 90: (80, -0.5)  (81, 0)  (90, 1)  (91, -0.5) 
row 91: (81, -1)  (82, 0)  (90, -0.5)  (91, 2)  (92, -0.5) 
row 92: (82, -1)  (83, 0)  (91, -0.5)  (92, 2)  (93, -0.5) 
row 93: (83, -1)  (84, 0)  (92, -0.5)  (93, 2)  (94, -0.5) 
row 94: (84, -1)  (85, 0)  (93, -0.5)  (94, 2)  (95, -0.5) 
row 95: (85, -1)  (86, 0)  (94, -0.5)  (95, 2)  (96, -0.5) 
row 96: (86, -1)  (87, 0)  (95, -0.5)  (96, 2)  (97, -0.5) 
row 97: (87, -1)  (88, 0)  (96, -0.5)  (97, 2)  (98, -0.5) 
row 98: (88, -1)  (89, 0)  (97, -0.5)  (98, 2)  (99, -0.5) 
row 99: (89, -0.5)  (98, -0.5)  (99, 1) 
Mat Object: 1 MPI processes
  type: mpiaij
row 0: (0, 1)  (1, -0.5)  (10, -0.5)  (11, 0) 
row 1: (0, -0.5)  (1, 2)  (2, -0.5)  (10, 0)  (11, -1)  (12, 0) 
row 2: (1, -0.5)  (2, 2)  (3, -0.5)  (11, 0)  (12, -1)  (13, 0) 
row 3: (2, -0.5)  (3, 2)  (4, -0.5)  (12, 0)  (13, -1)  (14, 0) 
row 4: (3, -0.5)  (4, 2)  (5, -0.5)  (13, 0)  (14, -1)  (15, 0) 
row 5: (4, -0.5)  (5, 2)  (6, -0.5)  (14, 0)  (15, -1)  (16, 0) 
row 6: (5, -0.5)  (6, 2)  (7, -0.5)  (15, 0)  (16, -1)  (17, 0) 
row 7: (6, -0.5)  (7, 2)  (8, -0.5)  (16, 0)  (17, -1)  (18, 0) 
row 8: (7, -0.5)  (8, 2)  (9, -0.5)  (17, 0)  (18, -1)  (19, 0) 
row 9: (8, -0.5)  (9, 1)  (18, 0)  (19, -0.5) 
row 10: (0, -0.5)  (1, 0)  (10, 2)  (11, -1)  (20, -0.5)  (21, 0) 
row 11: (0, 0)  (1, -1)  (2, 0)  (10, -1)  (11, 4)  (12, -1)  (20, 0)  (21, -1)  (22, 0) 
row 12: (1, 0)  (2, -1)  (3, 0)  (11, -1)  (12, 4)  (13, -1)  (21, 0)  (22, -1)  (23, 0) 
row 13: (2, 0)  (3, -1)  (4, 0)  (12, -1)  (13, 4)  (14, -1)  (22, 0)  (23, -1)  (24, 0) 
row 14: (3, 0)  (4, -1)  (5, 0)  (13, -1)  (14, 4)  (15, -1)  (23, 0)  (24, -1)  (25, 0) 
row 15: (4, 0)  (5, -1)  (6, 0)  (14, -1)  (15, 4)  (16, -1)  (24, 0)  (25, -1)  (26, 0) 
row 16: (5, 0)  (6, -1)  (7, 0)  (15, -1)  (16, 4)  (17, -1)  (25, 0)  (26, -1)  (27, 0) 
row 17: (6, 0)  (7, -1)  (8, 0)  (16, -1)  (17, 4)  (18, -1)  (26, 0)  (27, -1)  (28, 0) 
row 18: (7, 0)  (8, -1)  (9, 0)  (17, -1)  (18, 4)  (19, -1)  (27, 0)  (28, -1)  (29, 0) 
row 19: (8, 0)  (9, -0.5)  (18, -1)  (19, 2)  (28, 0)  (29, -0.5) 
row 20: (10, -0.5)  (11, 0)  (20, 2)  (21, -1)  (30, -0.5)  (31, 0) 
row 21: (10, 0)  (11, -1)  (12, 0)  (20, -1)  (21, 4)  (22, -1)  (30, 0)  (31, -1)  (32, 0) 
row 22: (11, 0)  (12, -1)  (13, 0)  (21, -1)  (22, 4)  (23, -1)  (31, 0)  (32, -1)  (33, 0) 
row 23: (12, 0)  (13, -1)  (14, 0)  (22, -1)  (23, 4)  (24, -1)  (32, 0)  (33, -1)  (34, 0) 
row 24: (13, 0)  (14, -1)  (15, 0)  (23, -1)  (24, 4)  (25, -1)  (33, 0)  (34, -1)  (35, 0) 
row 25: (14, 0)  (15, -1)  (16, 0)  (24, -1)  (25, 4)  (26, -1)  (34, 0)  (35, -1)  (36, 0) 
row 26: (15, 0)  (16, -1)  (17, 0)  (25, -1)  (26, 4)  (27, -1)  (35, 0)  (36, -1)  (37, 0) 
row 27: (16, 0)  (17, -1)  (18, 0)  (26, -1)  (27, 4)  (28, -1)  (36, 0)  (37, -1)  (38, 0) 
row 28: (17, 0)  (18, -1)  (19, 0)  (27, -1)  (28, 4)  (29, -1)  (37, 0)  (38, -1)  (39, 0) 
row 29: (18, 0)  (19, -0.5)  (28, -1)  (29, 2)  (38, 0)  (39, -0.5) 
row 30: (20, -0.5)  (21, 0)  (30, 2)  (31, -1)  (40, -0.5)  (41, 0) 
row 31: (20, 0)  (21, -1)  (22, 0)  (30, -1)  (31, 4)  (32, -1)  (40, 0)  (41, -1)  (42, 0) 
row 32: (21, 0)  (22, -1)  (23, 0)  (31, -1)  (32, 4)  (33, -1)  (41, 0)  (42, -1)  (43, 0) 
row 33: (22, 0)  (23, -1)  (24, 0)  (32, -1)  (33, 4)  (34, -1)  (42, 0)  (43, -1)  (44, 0) 
row 34: (23, 0)  (24, -1)  (25, 0)  (33, -1)  (34, 4)  (35, -1)  (43, 0)  (44, -1)  (45, 0) 
row 35: (24, 0)  (25, -1)  (26, 0)  (34, -1)  (35, 4)  (36, -1)  (44, 0)  (45, -1)  (46, 0) 
row 36: (25, 0)  (26, -1)  (27, 0)  (35, -1)  (36, 4)  (37, -1)  (45, 0)  (46, -1)  (47, 0) 
row 37: (26, 0)  (27, -1)  (28, 0)  (36, -1)  (37, 4)  (38, -1)  (46, 0)  (47, -1)  (48, 0) 
row 38: (27, 0)  (28, -1)  (29, 0)  (37, -1)  (38, 4)  (39, -1)  (47, 0)  (48, -1)  (49, 0) 
row 39: (28, 0)  (29, -0.5)  (38, -1)  (39, 2)  (48, 0)  (49, -0.5) 
row 40: (30, -0.5)  (31, 0)  (40, 2)  (41, -1)  (50, -0.5)  (51, 0) 
row 41: (30, 0)  (31, -1)  (32, 0)  (40, -1)  (41, 4)  (42, -1)  (50, 0)  (51, -1)  (52, 0) 
row 42: (31, 0)  (32, -1)  (33, 0)  (41, -1)  (42, 4)  (43, -1)  (51, 0)  (52, -1)  (53, 0) 
row 43: (32, 0)  (33, -1)  (34, 0)  (42, -1)  (43, 4)  (44, -1)  (52, 0)  (53, -1)  (54, 0) 
row 44: (33, 0)  (34, -1)  (35, 0)  (43, -1)  (44, 4)  (45, -1)  (53, 0)  (54, -1)  (55, 0) 
row 45: (34, 0)  (35, -1)  (36, 0)  (44, -1)  (45, 4)  (46, -1)  (54, 0)  (55, -1)  (56, 0) 
row 46: (35, 0)  (36, -1)  (37, 0)  (45, -1)  (46, 4)  (47, -1)  (55, 0)  (56, -1)  (57, 0) 
row 47: (36, 0)  (37, -1)  (38, 0)  (46, -1)  (47, 4)  (48, -1)  (56, 0)  (57, -1)  (58, 0) 
row 48: (37, 0)  (38, -1)  (39, 0)  (47, -1)  (48, 4)  (49, -1)  (57, 0)  (58, -1)  (59, 0) 
row 49: (38, 0)  (39, -0.5)  (48, -1)  (49, 2)  (58, 0)  (59, -0.5) 
row 50: (40, -0.5)  (41, 0)  (50, 2)  (51, -1)  (60, -0.5)  (61, 0) 
row 51: (40, 0)  (41, -1)  (42, 0)  (50, -1)  (51, 4)  (52, -1)  (60, 0)  (61, -1)  (62, 0) 
row 52: (41, 0)  (42, -1)  (43, 0)  (51, -1)  (52, 4)  (53, -1)  (61, 0)  (62, -1)  (63, 0) 
row 53: (42, 0)  (43, -1)  (44, 0)  (52, -1)  (53, 4)  (54, -1)  (62, 0)  (63, -1)  (64, 0) 
row 54: (43, 0)  (44, -1)  (45, 0)  (53, -1)  (54, 4)  (55, -1)  (63, 0)  (64, -1)  (65, 0) 
row 55: (44, 0)  (45, -1)  (46, 0)  (54, -1)  (55, 4)  (56, -1)  (64, 0)  (65, -1)  (66, 0) 
row 56: (45, 0)  (46, -1)  (47, 0)  (55, -1)  (56, 4)  (57, -1)  (65, 0)  (66, -1)  (67, 0) 
row 57: (46, 0)  (47, -1)  (48, 0)  (56, -1)  (57, 4)  (58, -1)  (66, 0)  (67, -1)  (68, 0) 
row 58: (47, 0)  (48, -1)  (49, 0)  (57, -1)  (58, 4)  (59, -1)  (67, 0)  (68, -1)  (69, 0) 
row 59: (48, 0)  (49, -0.5)  (58, -1)  (59, 2)  (68, 0)  (69, -0.5) 
row 60: (50, -0.5)  (51, 0)  (60, 2)  (61, -1)  (70, -0.5)  (71, 0) 
row 61: (50, 0)  (51, -1)  (52, 0)  (60, -1)  (61, 4)  (62, -1)  (70, 0)  (71, -1)  (72, 0) 
row 62: (51, 0)  (52, -1)  (53, 0)  (61, -1)  (62, 4)  (63, -1)  (71, 0)  (72, -1)  (73, 0) 
row 63: (52, 0)  (53, -1)  (54, 0)  (62, -1)  (63, 4)  (64, -1)  (72, 0)  (73, -1)  (74, 0) 
row 64: (53, 0)  (54, -1)  (55, 0)  (63, -1)  (64, 4)  (65, -1)  (73, 0)  (74, -1)  (75, 0) 
row 65: (54, 0)  (55, -1)  (56, 0)  (64, -1)  (65, 4)  (66, -1)  (74, 0)  (75, -1)  (76, 0) 
row 66: (55, 0)  (56, -1)  (57, 0)  (65, -1)  (66, 4)  (67, -1)  (75, 0)  (76, -1)  (77, 0) 
row 67: (56, 0)  (57, -1)  (58, 0)  (66, -1)  (67, 4)  (68, -1)  (76, 0)  (77, -1)  (78, 0) 
row 68: (57, 0)  (58, -1)  (59, 0)  (67, -1)  (68, 4)  (69, -1)  (77, 0)  (78, -1)  (79, 0) 
row 69: (58, 0)  (59, -0.5)  (68, -1)  (69, 2)  (78, 0)  (79, -0.5) 
row 70: (60, -0.5)  (61, 0)  (70, 2)  (71, -1)  (80, -0.5)  (81, 0) 
row 71: (60, 0)  (61, -1)  (62, 0)  (70, -1)  (71, 4)  (72, -1)  (80, 0)  (81, -1)  (82, 0) 
row 72: (61, 0)  (62, -1)  (63, 0)  (71, -1)  (72, 4)  (73, -1)  (81, 0)  (82, -1)  (83, 0) 
row 73: (62, 0)  (63, -1)  (64, 0)  (72, -1)  (73, 4)  (74, -1)  (82, 0)  (83, -1)  (84, 0) 
row 74: (63, 0)  (64, -1)  (65, 0)  (73, -1)  (74, 4)  (75, -1)  (83, 0)  (84, -1)  (85, 0) 
row 75: (64, 0)  (65, -1)  (66, 0)  (74, -1)  (75, 4)  (76, -1)  (84, 0)  (85, -1)  (86, 0) 
row 76: (65, 0)  (66, -1)  (67, 0)  (75, -1)  (76, 4)  (77, -1)  (85, 0)  (86, -1)  (87, 0) 
row 77: (66, 0)  (67, -1)  (68, 0)  (76, -1)  (77, 4)  (78, -1)  (86, 0)  (87, -1)  (88, 0) 
row 78: (67, 0)  (68, -1)  (69, 0)  (77, -1)  (78, 4)  (79, -1)  (87, 0)  (88, -1)  (89, 0) 
row 79: (68, 0)  (69, -0.5)  (78, -1)  (79, 2)  (88, 0)  (89, -0.5) 
row 80: (70, -0.5)  (71, 0)  (80, 2)  (81, -1)  (90, -0.5)  (91, 0) 
row 81: (70, 0)  (71, -1)  (72, 0)  (80, -1)  (81, 4)  (82, -1)  (90, 0)  (91, -1)  (92, 0) 
row 82: (71, 0)  (72, -1)  (73, 0)  (81, -1)  (82, 4)  (83, -1)  (91, 0)  (92, -1)  (93, 0) 
row 83: (72, 0)  (73, -1)  (74, 0)  (82, -1)  (83, 4)  (84, -1)  (92, 0)  (93, -1)  (94, 0) 
row 84: (73, 0)  (74, -1)  (75, 0)  (83, -1)  (84, 4)  (85, -1)  (93, 0)  (94, -1)  (95, 0) 
row 85: (74, 0)  (75, -1)  (76, 0)  (84, -1)  (85, 4)  (86, -1)  (94, 0)  (95, -1)  (96, 0) 
row 86: (75, 0)  (76, -1)  (77, 0)  (85, -1)  (86, 4)  (87, -1)  (95, 0)  (96, -1)  (97, 0) 
row 87: (76, 0)  (77, -1)  (78, 0)  (86, -1)  (87, 4)  (88, -1)  (96, 0)  (97, -1)  (98, 0) 
row 88: (77, 0)  (78, -1)  (79, 0)  (87, -1)  (88, 4)  (89, -1)  (97, 0)  (98, -1)  (99, 0) 
row 89: (78, 0)  (79, -0.5)  (88, -1)  (89, 2)  (98, 0)  (99, -0.5) 
row 90: (80, -0.5)  (81, 0)  (90, 1)  (91, -0.5) 
row 91: (80, 0)  (81, -1)  (82, 0)  (90, -0.5)  (91, 2)  (92, -0.5) 
row 92: (81, 0)  (82, -1)  (83, 0)  (91, -0.5)  (92, 2)  (93, -0.5) 
row 93: (82, 0)  (83, -1)  (84, 0)  (92, -0.5)  (93, 2)  (94, -0.5) 
row 94: (83, 0)  (84, -1)  (85, 0)  (93, -0.5)  (94, 2)  (95, -0.5) 
row 95: (84, 0)  (85, -1)  (86, 0)  (94, -0.5)  (95, 2)  (96, -0.5) 
row 96: (85, 0)  (86, -1)  (87, 0)  (95, -0.5)  (96, 2)  (97, -0.5) 
row 97: (86, 0)  (87, -1)  (88, 0)  (96, -0.5)  (97, 2)  (98, -0.5) 
row 98: (87, 0)  (88, -1)  (89, 0)  (97, -0.5)  (98, 2)  (99, -0.5) 
row 99: (88, 0)  (89, -0.5)  (98, -0.5)  (99, 1) 
