  0 KSP Residual norm 2885.15 
  1 KSP Residual norm 1565.14 
  2 KSP Residual norm 305.339 
  3 KSP Residual norm 202.645 
  4 KSP Residual norm 35.6557 
  5 KSP Residual norm 10.2921 
  6 KSP Residual norm 4.5538 
  7 KSP Residual norm 2.11443 
  8 KSP Residual norm 1.1013 
  9 KSP Residual norm 0.148797 
 10 KSP Residual norm 0.0319475 
 11 KSP Residual norm 0.00425079 
Linear solve converged due to CONVERGED_RTOL iterations 11
  0 KSP Residual norm 0.0288515 
  1 KSP Residual norm 0.0156514 
  2 KSP Residual norm 0.00305339 
  3 KSP Residual norm 0.00202645 
  4 KSP Residual norm 0.000356557 
  5 KSP Residual norm 0.000102921 
  6 KSP Residual norm 4.5538e-05 
  7 KSP Residual norm 2.11443e-05 
  8 KSP Residual norm 1.1013e-05 
  9 KSP Residual norm 1.48797e-06 
 10 KSP Residual norm 3.19475e-07 
 11 KSP Residual norm 4.25079e-08 
Linear solve converged due to CONVERGED_RTOL iterations 11
  0 KSP Residual norm 2.88515e-07 
  1 KSP Residual norm 1.56514e-07 
  2 KSP Residual norm 3.05339e-08 
  3 KSP Residual norm 2.02645e-08 
  4 KSP Residual norm 3.56557e-09 
  5 KSP Residual norm 1.02921e-09 
  6 KSP Residual norm 4.554e-10 
  7 KSP Residual norm 2.114e-10 
  8 KSP Residual norm 1.101e-10 
  9 KSP Residual norm 1.488e-11 
 10 KSP Residual norm < 1.e-11
 11 KSP Residual norm < 1.e-11
Linear solve converged due to CONVERGED_RTOL iterations 11
[0]main |b-Ax|/|b|=4.613898e-05, |b|=3.916255e+00, emax=9.967540e-01
