IS Object: 4 MPI processes
  type: general
[0] Number of indices in set 100
[0] 0 0
[0] 1 0
[0] 2 0
[0] 3 0
[0] 4 0
[0] 5 0
[0] 6 0
[0] 7 0
[0] 8 0
[0] 9 0
[0] 10 0
[0] 11 0
[0] 12 0
[0] 13 0
[0] 14 0
[0] 15 0
[0] 16 0
[0] 17 0
[0] 18 0
[0] 19 0
[0] 20 0
[0] 21 0
[0] 22 0
[0] 23 0
[0] 24 0
[0] 25 0
[0] 26 0
[0] 27 0
[0] 28 0
[0] 29 0
[0] 30 0
[0] 31 0
[0] 32 0
[0] 33 0
[0] 34 0
[0] 35 0
[0] 36 0
[0] 37 0
[0] 38 0
[0] 39 0
[0] 40 0
[0] 41 0
[0] 42 0
[0] 43 0
[0] 44 0
[0] 45 0
[0] 46 0
[0] 47 0
[0] 48 0
[0] 49 0
[0] 50 0
[0] 51 0
[0] 52 0
[0] 53 0
[0] 54 0
[0] 55 0
[0] 56 0
[0] 57 0
[0] 58 0
[0] 59 0
[0] 60 0
[0] 61 0
[0] 62 0
[0] 63 0
[0] 64 0
[0] 65 0
[0] 66 0
[0] 67 0
[0] 68 0
[0] 69 0
[0] 70 0
[0] 71 0
[0] 72 0
[0] 73 0
[0] 74 0
[0] 75 0
[0] 76 0
[0] 77 0
[0] 78 0
[0] 79 0
[0] 80 0
[0] 81 0
[0] 82 0
[0] 83 0
[0] 84 0
[0] 85 0
[0] 86 0
[0] 87 0
[0] 88 0
[0] 89 0
[0] 90 0
[0] 91 0
[0] 92 0
[0] 93 0
[0] 94 0
[0] 95 0
[0] 96 0
[0] 97 0
[0] 98 0
[0] 99 0
[1] Number of indices in set 100
[1] 0 0
[1] 1 0
[1] 2 0
[1] 3 0
[1] 4 0
[1] 5 0
[1] 6 0
[1] 7 0
[1] 8 0
[1] 9 0
[1] 10 0
[1] 11 0
[1] 12 0
[1] 13 0
[1] 14 0
[1] 15 0
[1] 16 0
[1] 17 0
[1] 18 0
[1] 19 0
[1] 20 0
[1] 21 0
[1] 22 0
[1] 23 0
[1] 24 0
[1] 25 0
[1] 26 0
[1] 27 0
[1] 28 0
[1] 29 0
[1] 30 0
[1] 31 0
[1] 32 0
[1] 33 0
[1] 34 0
[1] 35 0
[1] 36 0
[1] 37 0
[1] 38 0
[1] 39 0
[1] 40 0
[1] 41 0
[1] 42 0
[1] 43 0
[1] 44 0
[1] 45 0
[1] 46 0
[1] 47 0
[1] 48 0
[1] 49 0
[1] 50 0
[1] 51 0
[1] 52 0
[1] 53 0
[1] 54 0
[1] 55 0
[1] 56 0
[1] 57 0
[1] 58 0
[1] 59 0
[1] 60 0
[1] 61 0
[1] 62 0
[1] 63 0
[1] 64 0
[1] 65 0
[1] 66 0
[1] 67 0
[1] 68 0
[1] 69 0
[1] 70 0
[1] 71 0
[1] 72 0
[1] 73 0
[1] 74 0
[1] 75 0
[1] 76 0
[1] 77 0
[1] 78 0
[1] 79 0
[1] 80 1
[1] 81 1
[1] 82 1
[1] 83 1
[1] 84 1
[1] 85 1
[1] 86 1
[1] 87 1
[1] 88 1
[1] 89 1
[1] 90 1
[1] 91 0
[1] 92 0
[1] 93 0
[1] 94 0
[1] 95 0
[1] 96 0
[1] 97 0
[1] 98 0
[1] 99 0
[2] Number of indices in set 100
[2] 0 1
[2] 1 1
[2] 2 1
[2] 3 1
[2] 4 1
[2] 5 1
[2] 6 1
[2] 7 1
[2] 8 1
[2] 9 1
[2] 10 1
[2] 11 1
[2] 12 1
[2] 13 0
[2] 14 0
[2] 15 0
[2] 16 0
[2] 17 0
[2] 18 0
[2] 19 0
[2] 20 1
[2] 21 1
[2] 22 1
[2] 23 1
[2] 24 1
[2] 25 1
[2] 26 1
[2] 27 1
[2] 28 1
[2] 29 1
[2] 30 1
[2] 31 1
[2] 32 1
[2] 33 0
[2] 34 0
[2] 35 0
[2] 36 0
[2] 37 0
[2] 38 0
[2] 39 0
[2] 40 1
[2] 41 1
[2] 42 1
[2] 43 1
[2] 44 1
[2] 45 1
[2] 46 1
[2] 47 1
[2] 48 1
[2] 49 1
[2] 50 1
[2] 51 1
[2] 52 1
[2] 53 1
[2] 54 1
[2] 55 1
[2] 56 1
[2] 57 1
[2] 58 1
[2] 59 1
[2] 60 1
[2] 61 1
[2] 62 1
[2] 63 1
[2] 64 1
[2] 65 1
[2] 66 1
[2] 67 1
[2] 68 1
[2] 69 1
[2] 70 1
[2] 71 1
[2] 72 1
[2] 73 1
[2] 74 1
[2] 75 1
[2] 76 1
[2] 77 1
[2] 78 1
[2] 79 1
[2] 80 1
[2] 81 1
[2] 82 1
[2] 83 1
[2] 84 1
[2] 85 1
[2] 86 1
[2] 87 1
[2] 88 1
[2] 89 1
[2] 90 1
[2] 91 1
[2] 92 1
[2] 93 1
[2] 94 1
[2] 95 1
[2] 96 1
[2] 97 1
[2] 98 1
[2] 99 1
[3] Number of indices in set 100
[3] 0 1
[3] 1 1
[3] 2 1
[3] 3 1
[3] 4 1
[3] 5 1
[3] 6 1
[3] 7 1
[3] 8 1
[3] 9 1
[3] 10 1
[3] 11 1
[3] 12 1
[3] 13 1
[3] 14 1
[3] 15 1
[3] 16 1
[3] 17 1
[3] 18 1
[3] 19 1
[3] 20 1
[3] 21 1
[3] 22 1
[3] 23 1
[3] 24 1
[3] 25 1
[3] 26 1
[3] 27 1
[3] 28 1
[3] 29 1
[3] 30 1
[3] 31 1
[3] 32 1
[3] 33 1
[3] 34 1
[3] 35 1
[3] 36 1
[3] 37 1
[3] 38 1
[3] 39 1
[3] 40 1
[3] 41 1
[3] 42 1
[3] 43 1
[3] 44 1
[3] 45 1
[3] 46 1
[3] 47 1
[3] 48 1
[3] 49 1
[3] 50 1
[3] 51 1
[3] 52 1
[3] 53 1
[3] 54 1
[3] 55 1
[3] 56 1
[3] 57 1
[3] 58 1
[3] 59 1
[3] 60 1
[3] 61 1
[3] 62 1
[3] 63 1
[3] 64 1
[3] 65 1
[3] 66 1
[3] 67 1
[3] 68 1
[3] 69 1
[3] 70 1
[3] 71 1
[3] 72 1
[3] 73 1
[3] 74 1
[3] 75 1
[3] 76 1
[3] 77 1
[3] 78 1
[3] 79 1
[3] 80 1
[3] 81 1
[3] 82 1
[3] 83 1
[3] 84 1
[3] 85 1
[3] 86 1
[3] 87 1
[3] 88 1
[3] 89 1
[3] 90 1
[3] 91 1
[3] 92 1
[3] 93 1
[3] 94 1
[3] 95 1
[3] 96 1
[3] 97 1
[3] 98 1
[3] 99 1
IS Object: 4 MPI processes
  type: general
[0] Number of indices in set 100
[0] 0 1
[0] 1 1
[0] 2 1
[0] 3 1
[0] 4 1
[0] 5 1
[0] 6 1
[0] 7 1
[0] 8 1
[0] 9 1
[0] 10 1
[0] 11 0
[0] 12 0
[0] 13 0
[0] 14 0
[0] 15 0
[0] 16 0
[0] 17 0
[0] 18 0
[0] 19 0
[0] 20 1
[0] 21 1
[0] 22 1
[0] 23 1
[0] 24 1
[0] 25 1
[0] 26 1
[0] 27 1
[0] 28 1
[0] 29 1
[0] 30 1
[0] 31 0
[0] 32 0
[0] 33 0
[0] 34 0
[0] 35 0
[0] 36 0
[0] 37 0
[0] 38 0
[0] 39 0
[0] 40 1
[0] 41 1
[0] 42 1
[0] 43 1
[0] 44 1
[0] 45 1
[0] 46 1
[0] 47 1
[0] 48 1
[0] 49 1
[0] 50 1
[0] 51 0
[0] 52 0
[0] 53 0
[0] 54 0
[0] 55 0
[0] 56 0
[0] 57 0
[0] 58 0
[0] 59 0
[0] 60 1
[0] 61 1
[0] 62 1
[0] 63 1
[0] 64 1
[0] 65 1
[0] 66 1
[0] 67 1
[0] 68 1
[0] 69 1
[0] 70 1
[0] 71 0
[0] 72 0
[0] 73 0
[0] 74 0
[0] 75 0
[0] 76 0
[0] 77 0
[0] 78 0
[0] 79 0
[0] 80 1
[0] 81 1
[0] 82 1
[0] 83 1
[0] 84 1
[0] 85 1
[0] 86 1
[0] 87 1
[0] 88 1
[0] 89 1
[0] 90 1
[0] 91 0
[0] 92 0
[0] 93 0
[0] 94 0
[0] 95 0
[0] 96 0
[0] 97 0
[0] 98 0
[0] 99 0
[1] Number of indices in set 100
[1] 0 1
[1] 1 1
[1] 2 1
[1] 3 1
[1] 4 1
[1] 5 1
[1] 6 1
[1] 7 1
[1] 8 1
[1] 9 1
[1] 10 1
[1] 11 0
[1] 12 0
[1] 13 0
[1] 14 0
[1] 15 0
[1] 16 0
[1] 17 0
[1] 18 0
[1] 19 0
[1] 20 1
[1] 21 1
[1] 22 1
[1] 23 1
[1] 24 1
[1] 25 1
[1] 26 1
[1] 27 1
[1] 28 1
[1] 29 1
[1] 30 1
[1] 31 0
[1] 32 0
[1] 33 0
[1] 34 0
[1] 35 0
[1] 36 0
[1] 37 0
[1] 38 0
[1] 39 0
[1] 40 1
[1] 41 1
[1] 42 1
[1] 43 1
[1] 44 1
[1] 45 1
[1] 46 1
[1] 47 1
[1] 48 1
[1] 49 1
[1] 50 1
[1] 51 0
[1] 52 0
[1] 53 0
[1] 54 0
[1] 55 0
[1] 56 0
[1] 57 0
[1] 58 0
[1] 59 0
[1] 60 1
[1] 61 1
[1] 62 1
[1] 63 1
[1] 64 1
[1] 65 1
[1] 66 1
[1] 67 1
[1] 68 1
[1] 69 1
[1] 70 1
[1] 71 0
[1] 72 0
[1] 73 0
[1] 74 0
[1] 75 0
[1] 76 0
[1] 77 0
[1] 78 0
[1] 79 0
[1] 80 1
[1] 81 1
[1] 82 1
[1] 83 1
[1] 84 1
[1] 85 1
[1] 86 1
[1] 87 1
[1] 88 1
[1] 89 0
[1] 90 0
[1] 91 0
[1] 92 0
[1] 93 0
[1] 94 0
[1] 95 0
[1] 96 0
[1] 97 0
[1] 98 0
[1] 99 0
[2] Number of indices in set 100
[2] 0 1
[2] 1 1
[2] 2 1
[2] 3 1
[2] 4 1
[2] 5 1
[2] 6 1
[2] 7 1
[2] 8 1
[2] 9 0
[2] 10 0
[2] 11 0
[2] 12 0
[2] 13 0
[2] 14 0
[2] 15 0
[2] 16 0
[2] 17 0
[2] 18 0
[2] 19 0
[2] 20 1
[2] 21 1
[2] 22 1
[2] 23 1
[2] 24 1
[2] 25 1
[2] 26 1
[2] 27 1
[2] 28 1
[2] 29 0
[2] 30 0
[2] 31 0
[2] 32 0
[2] 33 0
[2] 34 0
[2] 35 0
[2] 36 0
[2] 37 0
[2] 38 0
[2] 39 0
[2] 40 1
[2] 41 1
[2] 42 1
[2] 43 1
[2] 44 1
[2] 45 1
[2] 46 1
[2] 47 1
[2] 48 1
[2] 49 0
[2] 50 0
[2] 51 0
[2] 52 0
[2] 53 0
[2] 54 0
[2] 55 0
[2] 56 0
[2] 57 0
[2] 58 0
[2] 59 0
[2] 60 1
[2] 61 1
[2] 62 1
[2] 63 1
[2] 64 1
[2] 65 1
[2] 66 1
[2] 67 1
[2] 68 1
[2] 69 0
[2] 70 0
[2] 71 0
[2] 72 0
[2] 73 0
[2] 74 0
[2] 75 0
[2] 76 0
[2] 77 0
[2] 78 0
[2] 79 0
[2] 80 1
[2] 81 1
[2] 82 1
[2] 83 1
[2] 84 1
[2] 85 1
[2] 86 1
[2] 87 1
[2] 88 1
[2] 89 0
[2] 90 0
[2] 91 0
[2] 92 0
[2] 93 0
[2] 94 0
[2] 95 0
[2] 96 0
[2] 97 0
[2] 98 0
[2] 99 0
[3] Number of indices in set 100
[3] 0 1
[3] 1 1
[3] 2 1
[3] 3 1
[3] 4 1
[3] 5 1
[3] 6 1
[3] 7 1
[3] 8 1
[3] 9 0
[3] 10 0
[3] 11 0
[3] 12 0
[3] 13 0
[3] 14 0
[3] 15 0
[3] 16 0
[3] 17 0
[3] 18 0
[3] 19 0
[3] 20 1
[3] 21 1
[3] 22 1
[3] 23 1
[3] 24 1
[3] 25 1
[3] 26 1
[3] 27 1
[3] 28 1
[3] 29 0
[3] 30 0
[3] 31 0
[3] 32 0
[3] 33 0
[3] 34 0
[3] 35 0
[3] 36 0
[3] 37 0
[3] 38 0
[3] 39 0
[3] 40 1
[3] 41 1
[3] 42 1
[3] 43 1
[3] 44 1
[3] 45 1
[3] 46 1
[3] 47 1
[3] 48 1
[3] 49 0
[3] 50 0
[3] 51 0
[3] 52 0
[3] 53 0
[3] 54 0
[3] 55 0
[3] 56 0
[3] 57 0
[3] 58 0
[3] 59 0
[3] 60 1
[3] 61 1
[3] 62 1
[3] 63 1
[3] 64 1
[3] 65 1
[3] 66 1
[3] 67 1
[3] 68 1
[3] 69 0
[3] 70 0
[3] 71 0
[3] 72 0
[3] 73 0
[3] 74 0
[3] 75 0
[3] 76 0
[3] 77 0
[3] 78 0
[3] 79 0
[3] 80 1
[3] 81 1
[3] 82 1
[3] 83 1
[3] 84 1
[3] 85 1
[3] 86 1
[3] 87 1
[3] 88 1
[3] 89 0
[3] 90 0
[3] 91 0
[3] 92 0
[3] 93 0
[3] 94 0
[3] 95 0
[3] 96 0
[3] 97 0
[3] 98 0
[3] 99 0
IS Object: 4 MPI processes
  type: general
[0] Number of indices in set 100
[0] 0 1
[0] 1 1
[0] 2 1
[0] 3 1
[0] 4 1
[0] 5 1
[0] 6 1
[0] 7 1
[0] 8 1
[0] 9 1
[0] 10 1
[0] 11 0
[0] 12 0
[0] 13 0
[0] 14 0
[0] 15 0
[0] 16 0
[0] 17 0
[0] 18 0
[0] 19 0
[0] 20 1
[0] 21 1
[0] 22 1
[0] 23 1
[0] 24 1
[0] 25 1
[0] 26 1
[0] 27 1
[0] 28 1
[0] 29 1
[0] 30 1
[0] 31 0
[0] 32 0
[0] 33 0
[0] 34 0
[0] 35 0
[0] 36 0
[0] 37 0
[0] 38 0
[0] 39 0
[0] 40 1
[0] 41 1
[0] 42 1
[0] 43 1
[0] 44 1
[0] 45 1
[0] 46 1
[0] 47 1
[0] 48 1
[0] 49 1
[0] 50 1
[0] 51 0
[0] 52 0
[0] 53 0
[0] 54 0
[0] 55 0
[0] 56 0
[0] 57 0
[0] 58 0
[0] 59 0
[0] 60 1
[0] 61 1
[0] 62 1
[0] 63 1
[0] 64 1
[0] 65 1
[0] 66 1
[0] 67 1
[0] 68 1
[0] 69 1
[0] 70 1
[0] 71 0
[0] 72 0
[0] 73 0
[0] 74 0
[0] 75 0
[0] 76 0
[0] 77 0
[0] 78 0
[0] 79 0
[0] 80 1
[0] 81 1
[0] 82 1
[0] 83 1
[0] 84 1
[0] 85 1
[0] 86 1
[0] 87 1
[0] 88 1
[0] 89 1
[0] 90 1
[0] 91 0
[0] 92 0
[0] 93 0
[0] 94 0
[0] 95 0
[0] 96 0
[0] 97 0
[0] 98 0
[0] 99 0
[1] Number of indices in set 100
[1] 0 1
[1] 1 1
[1] 2 1
[1] 3 1
[1] 4 1
[1] 5 1
[1] 6 1
[1] 7 1
[1] 8 1
[1] 9 1
[1] 10 1
[1] 11 0
[1] 12 0
[1] 13 0
[1] 14 0
[1] 15 0
[1] 16 0
[1] 17 0
[1] 18 0
[1] 19 0
[1] 20 1
[1] 21 1
[1] 22 1
[1] 23 1
[1] 24 1
[1] 25 1
[1] 26 1
[1] 27 1
[1] 28 1
[1] 29 1
[1] 30 1
[1] 31 0
[1] 32 0
[1] 33 0
[1] 34 0
[1] 35 0
[1] 36 0
[1] 37 0
[1] 38 0
[1] 39 0
[1] 40 1
[1] 41 1
[1] 42 1
[1] 43 1
[1] 44 1
[1] 45 1
[1] 46 1
[1] 47 1
[1] 48 1
[1] 49 1
[1] 50 1
[1] 51 0
[1] 52 0
[1] 53 0
[1] 54 0
[1] 55 0
[1] 56 0
[1] 57 0
[1] 58 0
[1] 59 0
[1] 60 1
[1] 61 1
[1] 62 1
[1] 63 1
[1] 64 1
[1] 65 1
[1] 66 1
[1] 67 1
[1] 68 1
[1] 69 1
[1] 70 1
[1] 71 0
[1] 72 0
[1] 73 0
[1] 74 0
[1] 75 0
[1] 76 0
[1] 77 0
[1] 78 0
[1] 79 0
[1] 80 3
[1] 81 3
[1] 82 3
[1] 83 3
[1] 84 3
[1] 85 3
[1] 86 3
[1] 87 3
[1] 88 3
[1] 89 2
[1] 90 2
[1] 91 0
[1] 92 0
[1] 93 0
[1] 94 0
[1] 95 0
[1] 96 0
[1] 97 0
[1] 98 0
[1] 99 0
[2] Number of indices in set 100
[2] 0 3
[2] 1 3
[2] 2 3
[2] 3 3
[2] 4 3
[2] 5 3
[2] 6 3
[2] 7 3
[2] 8 3
[2] 9 2
[2] 10 2
[2] 11 2
[2] 12 2
[2] 13 0
[2] 14 0
[2] 15 0
[2] 16 0
[2] 17 0
[2] 18 0
[2] 19 0
[2] 20 3
[2] 21 3
[2] 22 3
[2] 23 3
[2] 24 3
[2] 25 3
[2] 26 3
[2] 27 3
[2] 28 3
[2] 29 2
[2] 30 2
[2] 31 2
[2] 32 2
[2] 33 0
[2] 34 0
[2] 35 0
[2] 36 0
[2] 37 0
[2] 38 0
[2] 39 0
[2] 40 3
[2] 41 3
[2] 42 3
[2] 43 3
[2] 44 3
[2] 45 3
[2] 46 3
[2] 47 3
[2] 48 3
[2] 49 2
[2] 50 2
[2] 51 2
[2] 52 2
[2] 53 2
[2] 54 2
[2] 55 2
[2] 56 2
[2] 57 2
[2] 58 2
[2] 59 2
[2] 60 3
[2] 61 3
[2] 62 3
[2] 63 3
[2] 64 3
[2] 65 3
[2] 66 3
[2] 67 3
[2] 68 3
[2] 69 2
[2] 70 2
[2] 71 2
[2] 72 2
[2] 73 2
[2] 74 2
[2] 75 2
[2] 76 2
[2] 77 2
[2] 78 2
[2] 79 2
[2] 80 3
[2] 81 3
[2] 82 3
[2] 83 3
[2] 84 3
[2] 85 3
[2] 86 3
[2] 87 3
[2] 88 3
[2] 89 2
[2] 90 2
[2] 91 2
[2] 92 2
[2] 93 2
[2] 94 2
[2] 95 2
[2] 96 2
[2] 97 2
[2] 98 2
[2] 99 2
[3] Number of indices in set 100
[3] 0 3
[3] 1 3
[3] 2 3
[3] 3 3
[3] 4 3
[3] 5 3
[3] 6 3
[3] 7 3
[3] 8 3
[3] 9 2
[3] 10 2
[3] 11 2
[3] 12 2
[3] 13 2
[3] 14 2
[3] 15 2
[3] 16 2
[3] 17 2
[3] 18 2
[3] 19 2
[3] 20 3
[3] 21 3
[3] 22 3
[3] 23 3
[3] 24 3
[3] 25 3
[3] 26 3
[3] 27 3
[3] 28 3
[3] 29 2
[3] 30 2
[3] 31 2
[3] 32 2
[3] 33 2
[3] 34 2
[3] 35 2
[3] 36 2
[3] 37 2
[3] 38 2
[3] 39 2
[3] 40 3
[3] 41 3
[3] 42 3
[3] 43 3
[3] 44 3
[3] 45 3
[3] 46 3
[3] 47 3
[3] 48 3
[3] 49 2
[3] 50 2
[3] 51 2
[3] 52 2
[3] 53 2
[3] 54 2
[3] 55 2
[3] 56 2
[3] 57 2
[3] 58 2
[3] 59 2
[3] 60 3
[3] 61 3
[3] 62 3
[3] 63 3
[3] 64 3
[3] 65 3
[3] 66 3
[3] 67 3
[3] 68 3
[3] 69 2
[3] 70 2
[3] 71 2
[3] 72 2
[3] 73 2
[3] 74 2
[3] 75 2
[3] 76 2
[3] 77 2
[3] 78 2
[3] 79 2
[3] 80 3
[3] 81 3
[3] 82 3
[3] 83 3
[3] 84 3
[3] 85 3
[3] 86 3
[3] 87 3
[3] 88 3
[3] 89 2
[3] 90 2
[3] 91 2
[3] 92 2
[3] 93 2
[3] 94 2
[3] 95 2
[3] 96 2
[3] 97 2
[3] 98 2
[3] 99 2
IS Object: 4 MPI processes
  type: general
[0] Index set is permutation
[0] Number of indices in set 100
[0] 0 104
[0] 1 105
[0] 2 106
[0] 3 107
[0] 4 108
[0] 5 109
[0] 6 110
[0] 7 111
[0] 8 112
[0] 9 113
[0] 10 114
[0] 11 0
[0] 12 1
[0] 13 2
[0] 14 3
[0] 15 4
[0] 16 5
[0] 17 6
[0] 18 7
[0] 19 8
[0] 20 115
[0] 21 116
[0] 22 117
[0] 23 118
[0] 24 119
[0] 25 120
[0] 26 121
[0] 27 122
[0] 28 123
[0] 29 124
[0] 30 125
[0] 31 9
[0] 32 10
[0] 33 11
[0] 34 12
[0] 35 13
[0] 36 14
[0] 37 15
[0] 38 16
[0] 39 17
[0] 40 126
[0] 41 127
[0] 42 128
[0] 43 129
[0] 44 130
[0] 45 131
[0] 46 132
[0] 47 133
[0] 48 134
[0] 49 135
[0] 50 136
[0] 51 18
[0] 52 19
[0] 53 20
[0] 54 21
[0] 55 22
[0] 56 23
[0] 57 24
[0] 58 25
[0] 59 26
[0] 60 137
[0] 61 138
[0] 62 139
[0] 63 140
[0] 64 141
[0] 65 142
[0] 66 143
[0] 67 144
[0] 68 145
[0] 69 146
[0] 70 147
[0] 71 27
[0] 72 28
[0] 73 29
[0] 74 30
[0] 75 31
[0] 76 32
[0] 77 33
[0] 78 34
[0] 79 35
[0] 80 148
[0] 81 149
[0] 82 150
[0] 83 151
[0] 84 152
[0] 85 153
[0] 86 154
[0] 87 155
[0] 88 156
[0] 89 157
[0] 90 158
[0] 91 36
[0] 92 37
[0] 93 38
[0] 94 39
[0] 95 40
[0] 96 41
[0] 97 42
[0] 98 43
[0] 99 44
[1] Index set is permutation
[1] Number of indices in set 100
[1] 0 159
[1] 1 160
[1] 2 161
[1] 3 162
[1] 4 163
[1] 5 164
[1] 6 165
[1] 7 166
[1] 8 167
[1] 9 168
[1] 10 169
[1] 11 45
[1] 12 46
[1] 13 47
[1] 14 48
[1] 15 49
[1] 16 50
[1] 17 51
[1] 18 52
[1] 19 53
[1] 20 170
[1] 21 171
[1] 22 172
[1] 23 173
[1] 24 174
[1] 25 175
[1] 26 176
[1] 27 177
[1] 28 178
[1] 29 179
[1] 30 180
[1] 31 54
[1] 32 55
[1] 33 56
[1] 34 57
[1] 35 58
[1] 36 59
[1] 37 60
[1] 38 61
[1] 39 62
[1] 40 181
[1] 41 182
[1] 42 183
[1] 43 184
[1] 44 185
[1] 45 186
[1] 46 187
[1] 47 188
[1] 48 189
[1] 49 190
[1] 50 191
[1] 51 63
[1] 52 64
[1] 53 65
[1] 54 66
[1] 55 67
[1] 56 68
[1] 57 69
[1] 58 70
[1] 59 71
[1] 60 192
[1] 61 193
[1] 62 194
[1] 63 195
[1] 64 196
[1] 65 197
[1] 66 198
[1] 67 199
[1] 68 200
[1] 69 201
[1] 70 202
[1] 71 72
[1] 72 73
[1] 73 74
[1] 74 75
[1] 75 76
[1] 76 77
[1] 77 78
[1] 78 79
[1] 79 80
[1] 80 301
[1] 81 302
[1] 82 303
[1] 83 304
[1] 84 305
[1] 85 306
[1] 86 307
[1] 87 308
[1] 88 309
[1] 89 203
[1] 90 204
[1] 91 81
[1] 92 82
[1] 93 83
[1] 94 84
[1] 95 85
[1] 96 86
[1] 97 87
[1] 98 88
[1] 99 89
[2] Index set is permutation
[2] Number of indices in set 100
[2] 0 310
[2] 1 311
[2] 2 312
[2] 3 313
[2] 4 314
[2] 5 315
[2] 6 316
[2] 7 317
[2] 8 318
[2] 9 205
[2] 10 206
[2] 11 207
[2] 12 208
[2] 13 90
[2] 14 91
[2] 15 92
[2] 16 93
[2] 17 94
[2] 18 95
[2] 19 96
[2] 20 319
[2] 21 320
[2] 22 321
[2] 23 322
[2] 24 323
[2] 25 324
[2] 26 325
[2] 27 326
[2] 28 327
[2] 29 209
[2] 30 210
[2] 31 211
[2] 32 212
[2] 33 97
[2] 34 98
[2] 35 99
[2] 36 100
[2] 37 101
[2] 38 102
[2] 39 103
[2] 40 328
[2] 41 329
[2] 42 330
[2] 43 331
[2] 44 332
[2] 45 333
[2] 46 334
[2] 47 335
[2] 48 336
[2] 49 213
[2] 50 214
[2] 51 215
[2] 52 216
[2] 53 217
[2] 54 218
[2] 55 219
[2] 56 220
[2] 57 221
[2] 58 222
[2] 59 223
[2] 60 337
[2] 61 338
[2] 62 339
[2] 63 340
[2] 64 341
[2] 65 342
[2] 66 343
[2] 67 344
[2] 68 345
[2] 69 224
[2] 70 225
[2] 71 226
[2] 72 227
[2] 73 228
[2] 74 229
[2] 75 230
[2] 76 231
[2] 77 232
[2] 78 233
[2] 79 234
[2] 80 346
[2] 81 347
[2] 82 348
[2] 83 349
[2] 84 350
[2] 85 351
[2] 86 352
[2] 87 353
[2] 88 354
[2] 89 235
[2] 90 236
[2] 91 237
[2] 92 238
[2] 93 239
[2] 94 240
[2] 95 241
[2] 96 242
[2] 97 243
[2] 98 244
[2] 99 245
[3] Index set is permutation
[3] Number of indices in set 100
[3] 0 355
[3] 1 356
[3] 2 357
[3] 3 358
[3] 4 359
[3] 5 360
[3] 6 361
[3] 7 362
[3] 8 363
[3] 9 246
[3] 10 247
[3] 11 248
[3] 12 249
[3] 13 250
[3] 14 251
[3] 15 252
[3] 16 253
[3] 17 254
[3] 18 255
[3] 19 256
[3] 20 364
[3] 21 365
[3] 22 366
[3] 23 367
[3] 24 368
[3] 25 369
[3] 26 370
[3] 27 371
[3] 28 372
[3] 29 257
[3] 30 258
[3] 31 259
[3] 32 260
[3] 33 261
[3] 34 262
[3] 35 263
[3] 36 264
[3] 37 265
[3] 38 266
[3] 39 267
[3] 40 373
[3] 41 374
[3] 42 375
[3] 43 376
[3] 44 377
[3] 45 378
[3] 46 379
[3] 47 380
[3] 48 381
[3] 49 268
[3] 50 269
[3] 51 270
[3] 52 271
[3] 53 272
[3] 54 273
[3] 55 274
[3] 56 275
[3] 57 276
[3] 58 277
[3] 59 278
[3] 60 382
[3] 61 383
[3] 62 384
[3] 63 385
[3] 64 386
[3] 65 387
[3] 66 388
[3] 67 389
[3] 68 390
[3] 69 279
[3] 70 280
[3] 71 281
[3] 72 282
[3] 73 283
[3] 74 284
[3] 75 285
[3] 76 286
[3] 77 287
[3] 78 288
[3] 79 289
[3] 80 391
[3] 81 392
[3] 82 393
[3] 83 394
[3] 84 395
[3] 85 396
[3] 86 397
[3] 87 398
[3] 88 399
[3] 89 290
[3] 90 291
[3] 91 292
[3] 92 293
[3] 93 294
[3] 94 295
[3] 95 296
[3] 96 297
[3] 97 298
[3] 98 299
[3] 99 300
Mat Object: 4 MPI processes
  type: mpiaij
row 0: (0, 4)  (1, -1)  (9, -1)  (114, -1) 
row 1: (0, -1)  (1, 4)  (2, -1)  (10, -1) 
row 2: (1, -1)  (2, 4)  (3, -1)  (11, -1) 
row 3: (2, -1)  (3, 4)  (4, -1)  (12, -1) 
row 4: (3, -1)  (4, 4)  (5, -1)  (13, -1) 
row 5: (4, -1)  (5, 4)  (6, -1)  (14, -1) 
row 6: (5, -1)  (6, 4)  (7, -1)  (15, -1) 
row 7: (6, -1)  (7, 4)  (8, -1)  (16, -1) 
row 8: (7, -1)  (8, 4)  (17, -1) 
row 9: (0, -1)  (9, 4)  (10, -1)  (18, -1)  (125, -1) 
row 10: (1, -1)  (9, -1)  (10, 4)  (11, -1)  (19, -1) 
row 11: (2, -1)  (10, -1)  (11, 4)  (12, -1)  (20, -1) 
row 12: (3, -1)  (11, -1)  (12, 4)  (13, -1)  (21, -1) 
row 13: (4, -1)  (12, -1)  (13, 4)  (14, -1)  (22, -1) 
row 14: (5, -1)  (13, -1)  (14, 4)  (15, -1)  (23, -1) 
row 15: (6, -1)  (14, -1)  (15, 4)  (16, -1)  (24, -1) 
row 16: (7, -1)  (15, -1)  (16, 4)  (17, -1)  (25, -1) 
row 17: (8, -1)  (16, -1)  (17, 4)  (26, -1) 
row 18: (9, -1)  (18, 4)  (19, -1)  (27, -1)  (136, -1) 
row 19: (10, -1)  (18, -1)  (19, 4)  (20, -1)  (28, -1) 
row 20: (11, -1)  (19, -1)  (20, 4)  (21, -1)  (29, -1) 
row 21: (12, -1)  (20, -1)  (21, 4)  (22, -1)  (30, -1) 
row 22: (13, -1)  (21, -1)  (22, 4)  (23, -1)  (31, -1) 
row 23: (14, -1)  (22, -1)  (23, 4)  (24, -1)  (32, -1) 
row 24: (15, -1)  (23, -1)  (24, 4)  (25, -1)  (33, -1) 
row 25: (16, -1)  (24, -1)  (25, 4)  (26, -1)  (34, -1) 
row 26: (17, -1)  (25, -1)  (26, 4)  (35, -1) 
row 27: (18, -1)  (27, 4)  (28, -1)  (36, -1)  (147, -1) 
row 28: (19, -1)  (27, -1)  (28, 4)  (29, -1)  (37, -1) 
row 29: (20, -1)  (28, -1)  (29, 4)  (30, -1)  (38, -1) 
row 30: (21, -1)  (29, -1)  (30, 4)  (31, -1)  (39, -1) 
row 31: (22, -1)  (30, -1)  (31, 4)  (32, -1)  (40, -1) 
row 32: (23, -1)  (31, -1)  (32, 4)  (33, -1)  (41, -1) 
row 33: (24, -1)  (32, -1)  (33, 4)  (34, -1)  (42, -1) 
row 34: (25, -1)  (33, -1)  (34, 4)  (35, -1)  (43, -1) 
row 35: (26, -1)  (34, -1)  (35, 4)  (44, -1) 
row 36: (27, -1)  (36, 4)  (37, -1)  (45, -1)  (158, -1) 
row 37: (28, -1)  (36, -1)  (37, 4)  (38, -1)  (46, -1) 
row 38: (29, -1)  (37, -1)  (38, 4)  (39, -1)  (47, -1) 
row 39: (30, -1)  (38, -1)  (39, 4)  (40, -1)  (48, -1) 
row 40: (31, -1)  (39, -1)  (40, 4)  (41, -1)  (49, -1) 
row 41: (32, -1)  (40, -1)  (41, 4)  (42, -1)  (50, -1) 
row 42: (33, -1)  (41, -1)  (42, 4)  (43, -1)  (51, -1) 
row 43: (34, -1)  (42, -1)  (43, 4)  (44, -1)  (52, -1) 
row 44: (35, -1)  (43, -1)  (44, 4)  (53, -1) 
row 45: (36, -1)  (45, 4)  (46, -1)  (54, -1)  (169, -1) 
row 46: (37, -1)  (45, -1)  (46, 4)  (47, -1)  (55, -1) 
row 47: (38, -1)  (46, -1)  (47, 4)  (48, -1)  (56, -1) 
row 48: (39, -1)  (47, -1)  (48, 4)  (49, -1)  (57, -1) 
row 49: (40, -1)  (48, -1)  (49, 4)  (50, -1)  (58, -1) 
row 50: (41, -1)  (49, -1)  (50, 4)  (51, -1)  (59, -1) 
row 51: (42, -1)  (50, -1)  (51, 4)  (52, -1)  (60, -1) 
row 52: (43, -1)  (51, -1)  (52, 4)  (53, -1)  (61, -1) 
row 53: (44, -1)  (52, -1)  (53, 4)  (62, -1) 
row 54: (45, -1)  (54, 4)  (55, -1)  (63, -1)  (180, -1) 
row 55: (46, -1)  (54, -1)  (55, 4)  (56, -1)  (64, -1) 
row 56: (47, -1)  (55, -1)  (56, 4)  (57, -1)  (65, -1) 
row 57: (48, -1)  (56, -1)  (57, 4)  (58, -1)  (66, -1) 
row 58: (49, -1)  (57, -1)  (58, 4)  (59, -1)  (67, -1) 
row 59: (50, -1)  (58, -1)  (59, 4)  (60, -1)  (68, -1) 
row 60: (51, -1)  (59, -1)  (60, 4)  (61, -1)  (69, -1) 
row 61: (52, -1)  (60, -1)  (61, 4)  (62, -1)  (70, -1) 
row 62: (53, -1)  (61, -1)  (62, 4)  (71, -1) 
row 63: (54, -1)  (63, 4)  (64, -1)  (72, -1)  (191, -1) 
row 64: (55, -1)  (63, -1)  (64, 4)  (65, -1)  (73, -1) 
row 65: (56, -1)  (64, -1)  (65, 4)  (66, -1)  (74, -1) 
row 66: (57, -1)  (65, -1)  (66, 4)  (67, -1)  (75, -1) 
row 67: (58, -1)  (66, -1)  (67, 4)  (68, -1)  (76, -1) 
row 68: (59, -1)  (67, -1)  (68, 4)  (69, -1)  (77, -1) 
row 69: (60, -1)  (68, -1)  (69, 4)  (70, -1)  (78, -1) 
row 70: (61, -1)  (69, -1)  (70, 4)  (71, -1)  (79, -1) 
row 71: (62, -1)  (70, -1)  (71, 4)  (80, -1) 
row 72: (63, -1)  (72, 4)  (73, -1)  (81, -1)  (202, -1) 
row 73: (64, -1)  (72, -1)  (73, 4)  (74, -1)  (82, -1) 
row 74: (65, -1)  (73, -1)  (74, 4)  (75, -1)  (83, -1) 
row 75: (66, -1)  (74, -1)  (75, 4)  (76, -1)  (84, -1) 
row 76: (67, -1)  (75, -1)  (76, 4)  (77, -1)  (85, -1) 
row 77: (68, -1)  (76, -1)  (77, 4)  (78, -1)  (86, -1) 
row 78: (69, -1)  (77, -1)  (78, 4)  (79, -1)  (87, -1) 
row 79: (70, -1)  (78, -1)  (79, 4)  (80, -1)  (88, -1) 
row 80: (71, -1)  (79, -1)  (80, 4)  (89, -1) 
row 81: (72, -1)  (81, 4)  (82, -1)  (204, -1)  (207, -1) 
row 82: (73, -1)  (81, -1)  (82, 4)  (83, -1)  (208, -1) 
row 83: (74, -1)  (82, -1)  (83, 4)  (84, -1)  (90, -1) 
row 84: (75, -1)  (83, -1)  (84, 4)  (85, -1)  (91, -1) 
row 85: (76, -1)  (84, -1)  (85, 4)  (86, -1)  (92, -1) 
row 86: (77, -1)  (85, -1)  (86, 4)  (87, -1)  (93, -1) 
row 87: (78, -1)  (86, -1)  (87, 4)  (88, -1)  (94, -1) 
row 88: (79, -1)  (87, -1)  (88, 4)  (89, -1)  (95, -1) 
row 89: (80, -1)  (88, -1)  (89, 4)  (96, -1) 
row 90: (83, -1)  (90, 4)  (91, -1)  (97, -1)  (208, -1) 
row 91: (84, -1)  (90, -1)  (91, 4)  (92, -1)  (98, -1) 
row 92: (85, -1)  (91, -1)  (92, 4)  (93, -1)  (99, -1) 
row 93: (86, -1)  (92, -1)  (93, 4)  (94, -1)  (100, -1) 
row 94: (87, -1)  (93, -1)  (94, 4)  (95, -1)  (101, -1) 
row 95: (88, -1)  (94, -1)  (95, 4)  (96, -1)  (102, -1) 
row 96: (89, -1)  (95, -1)  (96, 4)  (103, -1) 
row 97: (90, -1)  (97, 4)  (98, -1)  (212, -1)  (217, -1) 
row 98: (91, -1)  (97, -1)  (98, 4)  (99, -1)  (218, -1) 
row 99: (92, -1)  (98, -1)  (99, 4)  (100, -1)  (219, -1) 
row 100: (93, -1)  (99, -1)  (100, 4)  (101, -1)  (220, -1) 
row 101: (94, -1)  (100, -1)  (101, 4)  (102, -1)  (221, -1) 
row 102: (95, -1)  (101, -1)  (102, 4)  (103, -1)  (222, -1) 
row 103: (96, -1)  (102, -1)  (103, 4)  (223, -1) 
row 104: (104, 4)  (105, -1)  (115, -1) 
row 105: (104, -1)  (105, 4)  (106, -1)  (116, -1) 
row 106: (105, -1)  (106, 4)  (107, -1)  (117, -1) 
row 107: (106, -1)  (107, 4)  (108, -1)  (118, -1) 
row 108: (107, -1)  (108, 4)  (109, -1)  (119, -1) 
row 109: (108, -1)  (109, 4)  (110, -1)  (120, -1) 
row 110: (109, -1)  (110, 4)  (111, -1)  (121, -1) 
row 111: (110, -1)  (111, 4)  (112, -1)  (122, -1) 
row 112: (111, -1)  (112, 4)  (113, -1)  (123, -1) 
row 113: (112, -1)  (113, 4)  (114, -1)  (124, -1) 
row 114: (0, -1)  (113, -1)  (114, 4)  (125, -1) 
row 115: (104, -1)  (115, 4)  (116, -1)  (126, -1) 
row 116: (105, -1)  (115, -1)  (116, 4)  (117, -1)  (127, -1) 
row 117: (106, -1)  (116, -1)  (117, 4)  (118, -1)  (128, -1) 
row 118: (107, -1)  (117, -1)  (118, 4)  (119, -1)  (129, -1) 
row 119: (108, -1)  (118, -1)  (119, 4)  (120, -1)  (130, -1) 
row 120: (109, -1)  (119, -1)  (120, 4)  (121, -1)  (131, -1) 
row 121: (110, -1)  (120, -1)  (121, 4)  (122, -1)  (132, -1) 
row 122: (111, -1)  (121, -1)  (122, 4)  (123, -1)  (133, -1) 
row 123: (112, -1)  (122, -1)  (123, 4)  (124, -1)  (134, -1) 
row 124: (113, -1)  (123, -1)  (124, 4)  (125, -1)  (135, -1) 
row 125: (9, -1)  (114, -1)  (124, -1)  (125, 4)  (136, -1) 
row 126: (115, -1)  (126, 4)  (127, -1)  (137, -1) 
row 127: (116, -1)  (126, -1)  (127, 4)  (128, -1)  (138, -1) 
row 128: (117, -1)  (127, -1)  (128, 4)  (129, -1)  (139, -1) 
row 129: (118, -1)  (128, -1)  (129, 4)  (130, -1)  (140, -1) 
row 130: (119, -1)  (129, -1)  (130, 4)  (131, -1)  (141, -1) 
row 131: (120, -1)  (130, -1)  (131, 4)  (132, -1)  (142, -1) 
row 132: (121, -1)  (131, -1)  (132, 4)  (133, -1)  (143, -1) 
row 133: (122, -1)  (132, -1)  (133, 4)  (134, -1)  (144, -1) 
row 134: (123, -1)  (133, -1)  (134, 4)  (135, -1)  (145, -1) 
row 135: (124, -1)  (134, -1)  (135, 4)  (136, -1)  (146, -1) 
row 136: (18, -1)  (125, -1)  (135, -1)  (136, 4)  (147, -1) 
row 137: (126, -1)  (137, 4)  (138, -1)  (148, -1) 
row 138: (127, -1)  (137, -1)  (138, 4)  (139, -1)  (149, -1) 
row 139: (128, -1)  (138, -1)  (139, 4)  (140, -1)  (150, -1) 
row 140: (129, -1)  (139, -1)  (140, 4)  (141, -1)  (151, -1) 
row 141: (130, -1)  (140, -1)  (141, 4)  (142, -1)  (152, -1) 
row 142: (131, -1)  (141, -1)  (142, 4)  (143, -1)  (153, -1) 
row 143: (132, -1)  (142, -1)  (143, 4)  (144, -1)  (154, -1) 
row 144: (133, -1)  (143, -1)  (144, 4)  (145, -1)  (155, -1) 
row 145: (134, -1)  (144, -1)  (145, 4)  (146, -1)  (156, -1) 
row 146: (135, -1)  (145, -1)  (146, 4)  (147, -1)  (157, -1) 
row 147: (27, -1)  (136, -1)  (146, -1)  (147, 4)  (158, -1) 
row 148: (137, -1)  (148, 4)  (149, -1)  (159, -1) 
row 149: (138, -1)  (148, -1)  (149, 4)  (150, -1)  (160, -1) 
row 150: (139, -1)  (149, -1)  (150, 4)  (151, -1)  (161, -1) 
row 151: (140, -1)  (150, -1)  (151, 4)  (152, -1)  (162, -1) 
row 152: (141, -1)  (151, -1)  (152, 4)  (153, -1)  (163, -1) 
row 153: (142, -1)  (152, -1)  (153, 4)  (154, -1)  (164, -1) 
row 154: (143, -1)  (153, -1)  (154, 4)  (155, -1)  (165, -1) 
row 155: (144, -1)  (154, -1)  (155, 4)  (156, -1)  (166, -1) 
row 156: (145, -1)  (155, -1)  (156, 4)  (157, -1)  (167, -1) 
row 157: (146, -1)  (156, -1)  (157, 4)  (158, -1)  (168, -1) 
row 158: (36, -1)  (147, -1)  (157, -1)  (158, 4)  (169, -1) 
row 159: (148, -1)  (159, 4)  (160, -1)  (170, -1) 
row 160: (149, -1)  (159, -1)  (160, 4)  (161, -1)  (171, -1) 
row 161: (150, -1)  (160, -1)  (161, 4)  (162, -1)  (172, -1) 
row 162: (151, -1)  (161, -1)  (162, 4)  (163, -1)  (173, -1) 
row 163: (152, -1)  (162, -1)  (163, 4)  (164, -1)  (174, -1) 
row 164: (153, -1)  (163, -1)  (164, 4)  (165, -1)  (175, -1) 
row 165: (154, -1)  (164, -1)  (165, 4)  (166, -1)  (176, -1) 
row 166: (155, -1)  (165, -1)  (166, 4)  (167, -1)  (177, -1) 
row 167: (156, -1)  (166, -1)  (167, 4)  (168, -1)  (178, -1) 
row 168: (157, -1)  (167, -1)  (168, 4)  (169, -1)  (179, -1) 
row 169: (45, -1)  (158, -1)  (168, -1)  (169, 4)  (180, -1) 
row 170: (159, -1)  (170, 4)  (171, -1)  (181, -1) 
row 171: (160, -1)  (170, -1)  (171, 4)  (172, -1)  (182, -1) 
row 172: (161, -1)  (171, -1)  (172, 4)  (173, -1)  (183, -1) 
row 173: (162, -1)  (172, -1)  (173, 4)  (174, -1)  (184, -1) 
row 174: (163, -1)  (173, -1)  (174, 4)  (175, -1)  (185, -1) 
row 175: (164, -1)  (174, -1)  (175, 4)  (176, -1)  (186, -1) 
row 176: (165, -1)  (175, -1)  (176, 4)  (177, -1)  (187, -1) 
row 177: (166, -1)  (176, -1)  (177, 4)  (178, -1)  (188, -1) 
row 178: (167, -1)  (177, -1)  (178, 4)  (179, -1)  (189, -1) 
row 179: (168, -1)  (178, -1)  (179, 4)  (180, -1)  (190, -1) 
row 180: (54, -1)  (169, -1)  (179, -1)  (180, 4)  (191, -1) 
row 181: (170, -1)  (181, 4)  (182, -1)  (192, -1) 
row 182: (171, -1)  (181, -1)  (182, 4)  (183, -1)  (193, -1) 
row 183: (172, -1)  (182, -1)  (183, 4)  (184, -1)  (194, -1) 
row 184: (173, -1)  (183, -1)  (184, 4)  (185, -1)  (195, -1) 
row 185: (174, -1)  (184, -1)  (185, 4)  (186, -1)  (196, -1) 
row 186: (175, -1)  (185, -1)  (186, 4)  (187, -1)  (197, -1) 
row 187: (176, -1)  (186, -1)  (187, 4)  (188, -1)  (198, -1) 
row 188: (177, -1)  (187, -1)  (188, 4)  (189, -1)  (199, -1) 
row 189: (178, -1)  (188, -1)  (189, 4)  (190, -1)  (200, -1) 
row 190: (179, -1)  (189, -1)  (190, 4)  (191, -1)  (201, -1) 
row 191: (63, -1)  (180, -1)  (190, -1)  (191, 4)  (202, -1) 
row 192: (181, -1)  (192, 4)  (193, -1)  (301, -1) 
row 193: (182, -1)  (192, -1)  (193, 4)  (194, -1)  (302, -1) 
row 194: (183, -1)  (193, -1)  (194, 4)  (195, -1)  (303, -1) 
row 195: (184, -1)  (194, -1)  (195, 4)  (196, -1)  (304, -1) 
row 196: (185, -1)  (195, -1)  (196, 4)  (197, -1)  (305, -1) 
row 197: (186, -1)  (196, -1)  (197, 4)  (198, -1)  (306, -1) 
row 198: (187, -1)  (197, -1)  (198, 4)  (199, -1)  (307, -1) 
row 199: (188, -1)  (198, -1)  (199, 4)  (200, -1)  (308, -1) 
row 200: (189, -1)  (199, -1)  (200, 4)  (201, -1)  (309, -1) 
row 201: (190, -1)  (200, -1)  (201, 4)  (202, -1)  (203, -1) 
row 202: (72, -1)  (191, -1)  (201, -1)  (202, 4)  (204, -1) 
row 203: (201, -1)  (203, 4)  (204, -1)  (205, -1)  (309, -1) 
row 204: (81, -1)  (202, -1)  (203, -1)  (204, 4)  (206, -1) 
row 205: (203, -1)  (205, 4)  (206, -1)  (209, -1)  (318, -1) 
row 206: (204, -1)  (205, -1)  (206, 4)  (207, -1)  (210, -1) 
row 207: (81, -1)  (206, -1)  (207, 4)  (208, -1)  (211, -1) 
row 208: (82, -1)  (90, -1)  (207, -1)  (208, 4)  (212, -1) 
row 209: (205, -1)  (209, 4)  (210, -1)  (213, -1)  (327, -1) 
row 210: (206, -1)  (209, -1)  (210, 4)  (211, -1)  (214, -1) 
row 211: (207, -1)  (210, -1)  (211, 4)  (212, -1)  (215, -1) 
row 212: (97, -1)  (208, -1)  (211, -1)  (212, 4)  (216, -1) 
row 213: (209, -1)  (213, 4)  (214, -1)  (224, -1)  (336, -1) 
row 214: (210, -1)  (213, -1)  (214, 4)  (215, -1)  (225, -1) 
row 215: (211, -1)  (214, -1)  (215, 4)  (216, -1)  (226, -1) 
row 216: (212, -1)  (215, -1)  (216, 4)  (217, -1)  (227, -1) 
row 217: (97, -1)  (216, -1)  (217, 4)  (218, -1)  (228, -1) 
row 218: (98, -1)  (217, -1)  (218, 4)  (219, -1)  (229, -1) 
row 219: (99, -1)  (218, -1)  (219, 4)  (220, -1)  (230, -1) 
row 220: (100, -1)  (219, -1)  (220, 4)  (221, -1)  (231, -1) 
row 221: (101, -1)  (220, -1)  (221, 4)  (222, -1)  (232, -1) 
row 222: (102, -1)  (221, -1)  (222, 4)  (223, -1)  (233, -1) 
row 223: (103, -1)  (222, -1)  (223, 4)  (234, -1) 
row 224: (213, -1)  (224, 4)  (225, -1)  (235, -1)  (345, -1) 
row 225: (214, -1)  (224, -1)  (225, 4)  (226, -1)  (236, -1) 
row 226: (215, -1)  (225, -1)  (226, 4)  (227, -1)  (237, -1) 
row 227: (216, -1)  (226, -1)  (227, 4)  (228, -1)  (238, -1) 
row 228: (217, -1)  (227, -1)  (228, 4)  (229, -1)  (239, -1) 
row 229: (218, -1)  (228, -1)  (229, 4)  (230, -1)  (240, -1) 
row 230: (219, -1)  (229, -1)  (230, 4)  (231, -1)  (241, -1) 
row 231: (220, -1)  (230, -1)  (231, 4)  (232, -1)  (242, -1) 
row 232: (221, -1)  (231, -1)  (232, 4)  (233, -1)  (243, -1) 
row 233: (222, -1)  (232, -1)  (233, 4)  (234, -1)  (244, -1) 
row 234: (223, -1)  (233, -1)  (234, 4)  (245, -1) 
row 235: (224, -1)  (235, 4)  (236, -1)  (246, -1)  (354, -1) 
row 236: (225, -1)  (235, -1)  (236, 4)  (237, -1)  (247, -1) 
row 237: (226, -1)  (236, -1)  (237, 4)  (238, -1)  (248, -1) 
row 238: (227, -1)  (237, -1)  (238, 4)  (239, -1)  (249, -1) 
row 239: (228, -1)  (238, -1)  (239, 4)  (240, -1)  (250, -1) 
row 240: (229, -1)  (239, -1)  (240, 4)  (241, -1)  (251, -1) 
row 241: (230, -1)  (240, -1)  (241, 4)  (242, -1)  (252, -1) 
row 242: (231, -1)  (241, -1)  (242, 4)  (243, -1)  (253, -1) 
row 243: (232, -1)  (242, -1)  (243, 4)  (244, -1)  (254, -1) 
row 244: (233, -1)  (243, -1)  (244, 4)  (245, -1)  (255, -1) 
row 245: (234, -1)  (244, -1)  (245, 4)  (256, -1) 
row 246: (235, -1)  (246, 4)  (247, -1)  (257, -1)  (363, -1) 
row 247: (236, -1)  (246, -1)  (247, 4)  (248, -1)  (258, -1) 
row 248: (237, -1)  (247, -1)  (248, 4)  (249, -1)  (259, -1) 
row 249: (238, -1)  (248, -1)  (249, 4)  (250, -1)  (260, -1) 
row 250: (239, -1)  (249, -1)  (250, 4)  (251, -1)  (261, -1) 
row 251: (240, -1)  (250, -1)  (251, 4)  (252, -1)  (262, -1) 
row 252: (241, -1)  (251, -1)  (252, 4)  (253, -1)  (263, -1) 
row 253: (242, -1)  (252, -1)  (253, 4)  (254, -1)  (264, -1) 
row 254: (243, -1)  (253, -1)  (254, 4)  (255, -1)  (265, -1) 
row 255: (244, -1)  (254, -1)  (255, 4)  (256, -1)  (266, -1) 
row 256: (245, -1)  (255, -1)  (256, 4)  (267, -1) 
row 257: (246, -1)  (257, 4)  (258, -1)  (268, -1)  (372, -1) 
row 258: (247, -1)  (257, -1)  (258, 4)  (259, -1)  (269, -1) 
row 259: (248, -1)  (258, -1)  (259, 4)  (260, -1)  (270, -1) 
row 260: (249, -1)  (259, -1)  (260, 4)  (261, -1)  (271, -1) 
row 261: (250, -1)  (260, -1)  (261, 4)  (262, -1)  (272, -1) 
row 262: (251, -1)  (261, -1)  (262, 4)  (263, -1)  (273, -1) 
row 263: (252, -1)  (262, -1)  (263, 4)  (264, -1)  (274, -1) 
row 264: (253, -1)  (263, -1)  (264, 4)  (265, -1)  (275, -1) 
row 265: (254, -1)  (264, -1)  (265, 4)  (266, -1)  (276, -1) 
row 266: (255, -1)  (265, -1)  (266, 4)  (267, -1)  (277, -1) 
row 267: (256, -1)  (266, -1)  (267, 4)  (278, -1) 
row 268: (257, -1)  (268, 4)  (269, -1)  (279, -1)  (381, -1) 
row 269: (258, -1)  (268, -1)  (269, 4)  (270, -1)  (280, -1) 
row 270: (259, -1)  (269, -1)  (270, 4)  (271, -1)  (281, -1) 
row 271: (260, -1)  (270, -1)  (271, 4)  (272, -1)  (282, -1) 
row 272: (261, -1)  (271, -1)  (272, 4)  (273, -1)  (283, -1) 
row 273: (262, -1)  (272, -1)  (273, 4)  (274, -1)  (284, -1) 
row 274: (263, -1)  (273, -1)  (274, 4)  (275, -1)  (285, -1) 
row 275: (264, -1)  (274, -1)  (275, 4)  (276, -1)  (286, -1) 
row 276: (265, -1)  (275, -1)  (276, 4)  (277, -1)  (287, -1) 
row 277: (266, -1)  (276, -1)  (277, 4)  (278, -1)  (288, -1) 
row 278: (267, -1)  (277, -1)  (278, 4)  (289, -1) 
row 279: (268, -1)  (279, 4)  (280, -1)  (290, -1)  (390, -1) 
row 280: (269, -1)  (279, -1)  (280, 4)  (281, -1)  (291, -1) 
row 281: (270, -1)  (280, -1)  (281, 4)  (282, -1)  (292, -1) 
row 282: (271, -1)  (281, -1)  (282, 4)  (283, -1)  (293, -1) 
row 283: (272, -1)  (282, -1)  (283, 4)  (284, -1)  (294, -1) 
row 284: (273, -1)  (283, -1)  (284, 4)  (285, -1)  (295, -1) 
row 285: (274, -1)  (284, -1)  (285, 4)  (286, -1)  (296, -1) 
row 286: (275, -1)  (285, -1)  (286, 4)  (287, -1)  (297, -1) 
row 287: (276, -1)  (286, -1)  (287, 4)  (288, -1)  (298, -1) 
row 288: (277, -1)  (287, -1)  (288, 4)  (289, -1)  (299, -1) 
row 289: (278, -1)  (288, -1)  (289, 4)  (300, -1) 
row 290: (279, -1)  (290, 4)  (291, -1)  (399, -1) 
row 291: (280, -1)  (290, -1)  (291, 4)  (292, -1) 
row 292: (281, -1)  (291, -1)  (292, 4)  (293, -1) 
row 293: (282, -1)  (292, -1)  (293, 4)  (294, -1) 
row 294: (283, -1)  (293, -1)  (294, 4)  (295, -1) 
row 295: (284, -1)  (294, -1)  (295, 4)  (296, -1) 
row 296: (285, -1)  (295, -1)  (296, 4)  (297, -1) 
row 297: (286, -1)  (296, -1)  (297, 4)  (298, -1) 
row 298: (287, -1)  (297, -1)  (298, 4)  (299, -1) 
row 299: (288, -1)  (298, -1)  (299, 4)  (300, -1) 
row 300: (289, -1)  (299, -1)  (300, 4) 
row 301: (192, -1)  (301, 4)  (302, -1)  (310, -1) 
row 302: (193, -1)  (301, -1)  (302, 4)  (303, -1)  (311, -1) 
row 303: (194, -1)  (302, -1)  (303, 4)  (304, -1)  (312, -1) 
row 304: (195, -1)  (303, -1)  (304, 4)  (305, -1)  (313, -1) 
row 305: (196, -1)  (304, -1)  (305, 4)  (306, -1)  (314, -1) 
row 306: (197, -1)  (305, -1)  (306, 4)  (307, -1)  (315, -1) 
row 307: (198, -1)  (306, -1)  (307, 4)  (308, -1)  (316, -1) 
row 308: (199, -1)  (307, -1)  (308, 4)  (309, -1)  (317, -1) 
row 309: (200, -1)  (203, -1)  (308, -1)  (309, 4)  (318, -1) 
row 310: (301, -1)  (310, 4)  (311, -1)  (319, -1) 
row 311: (302, -1)  (310, -1)  (311, 4)  (312, -1)  (320, -1) 
row 312: (303, -1)  (311, -1)  (312, 4)  (313, -1)  (321, -1) 
row 313: (304, -1)  (312, -1)  (313, 4)  (314, -1)  (322, -1) 
row 314: (305, -1)  (313, -1)  (314, 4)  (315, -1)  (323, -1) 
row 315: (306, -1)  (314, -1)  (315, 4)  (316, -1)  (324, -1) 
row 316: (307, -1)  (315, -1)  (316, 4)  (317, -1)  (325, -1) 
row 317: (308, -1)  (316, -1)  (317, 4)  (318, -1)  (326, -1) 
row 318: (205, -1)  (309, -1)  (317, -1)  (318, 4)  (327, -1) 
row 319: (310, -1)  (319, 4)  (320, -1)  (328, -1) 
row 320: (311, -1)  (319, -1)  (320, 4)  (321, -1)  (329, -1) 
row 321: (312, -1)  (320, -1)  (321, 4)  (322, -1)  (330, -1) 
row 322: (313, -1)  (321, -1)  (322, 4)  (323, -1)  (331, -1) 
row 323: (314, -1)  (322, -1)  (323, 4)  (324, -1)  (332, -1) 
row 324: (315, -1)  (323, -1)  (324, 4)  (325, -1)  (333, -1) 
row 325: (316, -1)  (324, -1)  (325, 4)  (326, -1)  (334, -1) 
row 326: (317, -1)  (325, -1)  (326, 4)  (327, -1)  (335, -1) 
row 327: (209, -1)  (318, -1)  (326, -1)  (327, 4)  (336, -1) 
row 328: (319, -1)  (328, 4)  (329, -1)  (337, -1) 
row 329: (320, -1)  (328, -1)  (329, 4)  (330, -1)  (338, -1) 
row 330: (321, -1)  (329, -1)  (330, 4)  (331, -1)  (339, -1) 
row 331: (322, -1)  (330, -1)  (331, 4)  (332, -1)  (340, -1) 
row 332: (323, -1)  (331, -1)  (332, 4)  (333, -1)  (341, -1) 
row 333: (324, -1)  (332, -1)  (333, 4)  (334, -1)  (342, -1) 
row 334: (325, -1)  (333, -1)  (334, 4)  (335, -1)  (343, -1) 
row 335: (326, -1)  (334, -1)  (335, 4)  (336, -1)  (344, -1) 
row 336: (213, -1)  (327, -1)  (335, -1)  (336, 4)  (345, -1) 
row 337: (328, -1)  (337, 4)  (338, -1)  (346, -1) 
row 338: (329, -1)  (337, -1)  (338, 4)  (339, -1)  (347, -1) 
row 339: (330, -1)  (338, -1)  (339, 4)  (340, -1)  (348, -1) 
row 340: (331, -1)  (339, -1)  (340, 4)  (341, -1)  (349, -1) 
row 341: (332, -1)  (340, -1)  (341, 4)  (342, -1)  (350, -1) 
row 342: (333, -1)  (341, -1)  (342, 4)  (343, -1)  (351, -1) 
row 343: (334, -1)  (342, -1)  (343, 4)  (344, -1)  (352, -1) 
row 344: (335, -1)  (343, -1)  (344, 4)  (345, -1)  (353, -1) 
row 345: (224, -1)  (336, -1)  (344, -1)  (345, 4)  (354, -1) 
row 346: (337, -1)  (346, 4)  (347, -1)  (355, -1) 
row 347: (338, -1)  (346, -1)  (347, 4)  (348, -1)  (356, -1) 
row 348: (339, -1)  (347, -1)  (348, 4)  (349, -1)  (357, -1) 
row 349: (340, -1)  (348, -1)  (349, 4)  (350, -1)  (358, -1) 
row 350: (341, -1)  (349, -1)  (350, 4)  (351, -1)  (359, -1) 
row 351: (342, -1)  (350, -1)  (351, 4)  (352, -1)  (360, -1) 
row 352: (343, -1)  (351, -1)  (352, 4)  (353, -1)  (361, -1) 
row 353: (344, -1)  (352, -1)  (353, 4)  (354, -1)  (362, -1) 
row 354: (235, -1)  (345, -1)  (353, -1)  (354, 4)  (363, -1) 
row 355: (346, -1)  (355, 4)  (356, -1)  (364, -1) 
row 356: (347, -1)  (355, -1)  (356, 4)  (357, -1)  (365, -1) 
row 357: (348, -1)  (356, -1)  (357, 4)  (358, -1)  (366, -1) 
row 358: (349, -1)  (357, -1)  (358, 4)  (359, -1)  (367, -1) 
row 359: (350, -1)  (358, -1)  (359, 4)  (360, -1)  (368, -1) 
row 360: (351, -1)  (359, -1)  (360, 4)  (361, -1)  (369, -1) 
row 361: (352, -1)  (360, -1)  (361, 4)  (362, -1)  (370, -1) 
row 362: (353, -1)  (361, -1)  (362, 4)  (363, -1)  (371, -1) 
row 363: (246, -1)  (354, -1)  (362, -1)  (363, 4)  (372, -1) 
row 364: (355, -1)  (364, 4)  (365, -1)  (373, -1) 
row 365: (356, -1)  (364, -1)  (365, 4)  (366, -1)  (374, -1) 
row 366: (357, -1)  (365, -1)  (366, 4)  (367, -1)  (375, -1) 
row 367: (358, -1)  (366, -1)  (367, 4)  (368, -1)  (376, -1) 
row 368: (359, -1)  (367, -1)  (368, 4)  (369, -1)  (377, -1) 
row 369: (360, -1)  (368, -1)  (369, 4)  (370, -1)  (378, -1) 
row 370: (361, -1)  (369, -1)  (370, 4)  (371, -1)  (379, -1) 
row 371: (362, -1)  (370, -1)  (371, 4)  (372, -1)  (380, -1) 
row 372: (257, -1)  (363, -1)  (371, -1)  (372, 4)  (381, -1) 
row 373: (364, -1)  (373, 4)  (374, -1)  (382, -1) 
row 374: (365, -1)  (373, -1)  (374, 4)  (375, -1)  (383, -1) 
row 375: (366, -1)  (374, -1)  (375, 4)  (376, -1)  (384, -1) 
row 376: (367, -1)  (375, -1)  (376, 4)  (377, -1)  (385, -1) 
row 377: (368, -1)  (376, -1)  (377, 4)  (378, -1)  (386, -1) 
row 378: (369, -1)  (377, -1)  (378, 4)  (379, -1)  (387, -1) 
row 379: (370, -1)  (378, -1)  (379, 4)  (380, -1)  (388, -1) 
row 380: (371, -1)  (379, -1)  (380, 4)  (381, -1)  (389, -1) 
row 381: (268, -1)  (372, -1)  (380, -1)  (381, 4)  (390, -1) 
row 382: (373, -1)  (382, 4)  (383, -1)  (391, -1) 
row 383: (374, -1)  (382, -1)  (383, 4)  (384, -1)  (392, -1) 
row 384: (375, -1)  (383, -1)  (384, 4)  (385, -1)  (393, -1) 
row 385: (376, -1)  (384, -1)  (385, 4)  (386, -1)  (394, -1) 
row 386: (377, -1)  (385, -1)  (386, 4)  (387, -1)  (395, -1) 
row 387: (378, -1)  (386, -1)  (387, 4)  (388, -1)  (396, -1) 
row 388: (379, -1)  (387, -1)  (388, 4)  (389, -1)  (397, -1) 
row 389: (380, -1)  (388, -1)  (389, 4)  (390, -1)  (398, -1) 
row 390: (279, -1)  (381, -1)  (389, -1)  (390, 4)  (399, -1) 
row 391: (382, -1)  (391, 4)  (392, -1) 
row 392: (383, -1)  (391, -1)  (392, 4)  (393, -1) 
row 393: (384, -1)  (392, -1)  (393, 4)  (394, -1) 
row 394: (385, -1)  (393, -1)  (394, 4)  (395, -1) 
row 395: (386, -1)  (394, -1)  (395, 4)  (396, -1) 
row 396: (387, -1)  (395, -1)  (396, 4)  (397, -1) 
row 397: (388, -1)  (396, -1)  (397, 4)  (398, -1) 
row 398: (389, -1)  (397, -1)  (398, 4)  (399, -1) 
row 399: (290, -1)  (390, -1)  (398, -1)  (399, 4) 
  0 KSP Residual norm 5.725694287751e+00 
  1 KSP Residual norm 2.142524779459e+00 
  2 KSP Residual norm 1.169014079308e+00 
  3 KSP Residual norm 7.746680164328e-01 
  4 KSP Residual norm 5.505143628818e-01 
  5 KSP Residual norm 4.210966073897e-01 
  6 KSP Residual norm 3.120626608542e-01 
  7 KSP Residual norm 2.233734841927e-01 
  8 KSP Residual norm 1.279603820014e-01 
  9 KSP Residual norm 5.187629092749e-02 
 10 KSP Residual norm 2.510974477613e-02 
 11 KSP Residual norm 1.483474358017e-02 
 12 KSP Residual norm 8.413205175811e-03 
 13 KSP Residual norm 5.299308989246e-03 
 14 KSP Residual norm 3.206424362238e-03 
 15 KSP Residual norm 1.817040377627e-03 
 16 KSP Residual norm 9.973026280072e-04 
 17 KSP Residual norm 4.871206608212e-04 
 18 KSP Residual norm 2.069981641771e-04 
 19 KSP Residual norm 9.252049482230e-05 
 20 KSP Residual norm 4.639484734123e-05 
KSP Object: 4 MPI processes
  type: gmres
    GMRES: restart=30, using Classical (unmodified) Gram-Schmidt Orthogonalization with no iterative refinement
    GMRES: happy breakdown tolerance 1e-30
  maximum iterations=10000, initial guess is zero
  tolerances:  relative=1e-05, absolute=1e-50, divergence=10000
  left preconditioning
  using PRECONDITIONED norm type for convergence test
PC Object: 4 MPI processes
  type: gasm
  Generalized additive Schwarz:
  Restriction/interpolation type: RESTRICT
  requested amount of overlap = 0
  total number of subdomains = 2
  max number of local subdomains = 1
  [0|4] number of locally-supported subdomains = 1
  [1|4] number of locally-supported subdomains = 1
  [2|4] number of locally-supported subdomains = 1
  [3|4] number of locally-supported subdomains = 1
  Subdomain solver info is as follows:
    - - - - - - - - - - - - - - - - - -
    [0|4] (subcomm [0|2]) local subdomain number 0, local size = 104
    [1|4] (subcomm [1|2]) local subdomain number 0, local size = 99
    KSP Object:    (sub_)     2 MPI processes
      type: preonly
      maximum iterations=10000, initial guess is zero
      tolerances:  relative=1e-05, absolute=1e-50, divergence=10000
      left preconditioning
      using NONE norm type for convergence test
    PC Object:    (sub_)     2 MPI processes
      type: bjacobi
        block Jacobi: number of blocks = 2
        Local solve is same for all blocks, in the following KSP and PC objects:
      KSP Object:      (sub_sub_)       1 MPI processes
        type: preonly
        maximum iterations=10000, initial guess is zero
        tolerances:  relative=1e-05, absolute=1e-50, divergence=10000
        left preconditioning
        using NONE norm type for convergence test
      PC Object:      (sub_sub_)       1 MPI processes
        type: ilu
          ILU: out-of-place factorization
          0 levels of fill
          tolerance for zero pivot 2.22045e-14
          matrix ordering: natural
          factor fill ratio given 1, needed 1
            Factored matrix follows:
              Mat Object:               1 MPI processes
                type: seqaij
                rows=104, cols=104
                package used to perform factorization: petsc
                total: nonzeros=478, allocated nonzeros=478
                total number of mallocs used during MatSetValues calls =0
                  not using I-node routines
        linear system matrix = precond matrix:
        Mat Object:         1 MPI processes
          type: seqaij
          rows=104, cols=104
          total: nonzeros=478, allocated nonzeros=478
          total number of mallocs used during MatSetValues calls =0
            not using I-node routines
      linear system matrix = precond matrix:
      Mat Object:       2 MPI processes
        type: mpiaij
        rows=203, cols=203
        total: nonzeros=951, allocated nonzeros=951
        total number of mallocs used during MatSetValues calls =0
          not using I-node (on process 0) routines
    - - - - - - - - - - - - - - - - - -
    [2|4] (subcomm [0|2]) local subdomain number 0, local size = 98
    [3|4] (subcomm [1|2]) local subdomain number 0, local size = 99
    KSP Object:    (sub_)     2 MPI processes
      type: preonly
      maximum iterations=10000, initial guess is zero
      tolerances:  relative=1e-05, absolute=1e-50, divergence=10000
      left preconditioning
      using NONE norm type for convergence test
    PC Object:    (sub_)     2 MPI processes
      type: bjacobi
        block Jacobi: number of blocks = 2
        Local solve is same for all blocks, in the following KSP and PC objects:
      KSP Object:      (sub_sub_)       1 MPI processes
        type: preonly
        maximum iterations=10000, initial guess is zero
        tolerances:  relative=1e-05, absolute=1e-50, divergence=10000
        left preconditioning
        using NONE norm type for convergence test
      PC Object:      (sub_sub_)       1 MPI processes
        type: ilu
          ILU: out-of-place factorization
          0 levels of fill
          tolerance for zero pivot 2.22045e-14
          matrix ordering: natural
          factor fill ratio given 1, needed 1
            Factored matrix follows:
              Mat Object:               1 MPI processes
                type: seqaij
                rows=98, cols=98
                package used to perform factorization: petsc
                total: nonzeros=446, allocated nonzeros=446
                total number of mallocs used during MatSetValues calls =0
                  not using I-node routines
        linear system matrix = precond matrix:
        Mat Object:         1 MPI processes
          type: seqaij
          rows=98, cols=98
          total: nonzeros=446, allocated nonzeros=446
          total number of mallocs used during MatSetValues calls =0
            not using I-node routines
      linear system matrix = precond matrix:
      Mat Object:       2 MPI processes
        type: mpiaij
        rows=197, cols=197
        total: nonzeros=923, allocated nonzeros=923
        total number of mallocs used during MatSetValues calls =0
          not using I-node (on process 0) routines
    - - - - - - - - - - - - - - - - - -
  linear system matrix = precond matrix:
  Mat Object:   4 MPI processes
    type: mpiaij
    rows=400, cols=400
    total: nonzeros=1920, allocated nonzeros=1920
    total number of mallocs used during MatSetValues calls =0
      not using I-node (on process 0) routines
