  0 KSP preconditioned resid norm 9.487491765477e-01 true resid norm 2.449489742783e+00 ||r(i)||/||b|| 1.000000000000e+00
  1 KSP preconditioned resid norm 8.494487725005e-03 true resid norm 1.698892137427e+00 ||r(i)||/||b|| 6.935698107871e-01
  2 KSP preconditioned resid norm 4.614670864867e-03 true resid norm 9.229294160608e-01 ||r(i)||/||b|| 3.767843563256e-01
  3 KSP preconditioned resid norm 6.279237098968e-04 true resid norm 1.255847375850e-01 ||r(i)||/||b|| 5.126975442745e-02
  4 KSP preconditioned resid norm 1.496355718273e-04 true resid norm 2.992708421213e-02 ||r(i)||/||b|| 1.221768096817e-02
  5 KSP preconditioned resid norm 3.138304686706e-17 true resid norm 5.750698067284e-15 ||r(i)||/||b|| 2.347712654942e-15
Linear solve converged due to CONVERGED_RTOL iterations 5
KSP Object: 1 MPI processes
  type: gmres
    restart=30, using Classical (unmodified) Gram-Schmidt Orthogonalization with no iterative refinement
    happy breakdown tolerance 1e-30
  maximum iterations=12, initial guess is zero
  tolerances:  relative=1e-14, absolute=1e-50, divergence=10000.
  left preconditioning
  using PRECONDITIONED norm type for convergence test
PC Object: 1 MPI processes
  type: jacobi
  linear system matrix = precond matrix:
  Mat Object: 1 MPI processes
    type: seqaij
    rows=10, cols=10
    total: nonzeros=55, allocated nonzeros=65
    total number of mallocs used during MatSetValues calls=1
      has attached null space
      has attached transposed null space
      not using I-node routines
  0 KSP preconditioned resid norm 1.118033988750e-02 true resid norm 2.236067977500e+00 ||r(i)||/||b|| 1.000000000000e+00
  1 KSP preconditioned resid norm 6.181028234444e-03 true resid norm 1.236205646889e+00 ||r(i)||/||b|| 5.528479721225e-01
  2 KSP preconditioned resid norm 1.991998584490e-03 true resid norm 3.983997168981e-01 ||r(i)||/||b|| 1.781697698402e-01
  3 KSP preconditioned resid norm 6.187026894135e-04 true resid norm 1.237405378827e-01 ||r(i)||/||b|| 5.533845085562e-02
  4 KSP preconditioned resid norm 1.016487153337e-18 true resid norm 8.308148362110e-16 ||r(i)||/||b|| 3.715516900966e-16
Linear solve converged due to CONVERGED_RTOL iterations 4
KSP Object: 1 MPI processes
  type: gmres
    restart=30, using Classical (unmodified) Gram-Schmidt Orthogonalization with no iterative refinement
    happy breakdown tolerance 1e-30
  maximum iterations=12, initial guess is zero
  tolerances:  relative=1e-14, absolute=1e-50, divergence=10000.
  left preconditioning
  using PRECONDITIONED norm type for convergence test
PC Object: 1 MPI processes
  type: jacobi
  linear system matrix = precond matrix:
  Mat Object: 1 MPI processes
    type: seqaij
    rows=10, cols=10
    total: nonzeros=55, allocated nonzeros=65
    total number of mallocs used during MatSetValues calls=1
      has attached null space
      has attached transposed null space
      not using I-node routines
