Matrix Object: 1 MPI processes
  type: seqaij
row 0: (0, 4)  (1, -1)  (3, -1) 
row 1: (0, -1)  (1, 4)  (2, -1)  (4, -1) 
row 2: (1, -1)  (2, 4)  (5, -1) 
row 3: (0, -1)  (3, 4)  (4, -1)  (6, -1) 
row 4: (1, -1)  (3, -1)  (4, 4)  (5, -1)  (7, -1) 
row 5: (2, -1)  (4, -1)  (5, 4)  (8, -1) 
row 6: (3, -1)  (6, 4)  (7, -1) 
row 7: (4, -1)  (6, -1)  (7, 4)  (8, -1) 
row 8: (5, -1)  (7, -1)  (8, 4) 
previous matrix: preconditioning
next matrix: defines linear system
Matrix Object: 1 MPI processes
  type: seqaij
row 0: (0, 6)  (1, -1)  (3, -1) 
row 1: (0, -1)  (1, 6)  (2, -1)  (4, -1) 
row 2: (1, -1)  (2, 6)  (5, -1) 
row 3: (0, -1)  (3, 6)  (4, -1)  (6, -1) 
row 4: (1, -1)  (3, -1)  (4, 6)  (5, -1)  (7, -1) 
row 5: (2, -1)  (4, -1)  (5, 6)  (8, -1) 
row 6: (3, -1)  (6, 6)  (7, -1) 
row 7: (4, -1)  (6, -1)  (7, 6)  (8, -1) 
row 8: (5, -1)  (7, -1)  (8, 6) 
  0 KSP Residual norm 2.54951 
  1 KSP Residual norm 0.74957 
  2 KSP Residual norm 0.138146 
  3 KSP Residual norm < 1.e-11
next matrix: defines linear system
Matrix Object: 1 MPI processes
  type: seqaij
row 0: (0, 8)  (1, -1)  (3, -1) 
row 1: (0, -1)  (1, 8)  (2, -1)  (4, -1) 
row 2: (1, -1)  (2, 8)  (5, -1) 
row 3: (0, -1)  (3, 8)  (4, -1)  (6, -1) 
row 4: (1, -1)  (3, -1)  (4, 8)  (5, -1)  (7, -1) 
row 5: (2, -1)  (4, -1)  (5, 8)  (8, -1) 
row 6: (3, -1)  (6, 8)  (7, -1) 
row 7: (4, -1)  (6, -1)  (7, 8)  (8, -1) 
row 8: (5, -1)  (7, -1)  (8, 8) 
  0 KSP Residual norm 4.03113 
  1 KSP Residual norm 0.700889 
  2 KSP Residual norm 0.0815029 
  3 KSP Residual norm < 1.e-11
