Mat Object: 9 MPI processes
  type: mpiaij
row 0: (0, 1.)  (1, 0.)  (2, 0.)  (3, 0.)  (4, 0.)  (5, 0.)  (6, 0.)  (7, 0.) 
row 1: (0, 0.)  (1, 1.)  (2, 0.)  (3, 0.)  (4, 0.)  (5, 0.)  (6, 0.)  (7, 0.) 
row 2: (0, 0.)  (1, 0.)  (2, 2.66667)  (3, 0.)  (4, 0.)  (5, 0.)  (6, -1.33333)  (7, 0.)  (12, -0.833333)  (13, 0.)  (16, 0.166667)  (17, 0.) 
row 3: (0, 0.)  (1, 0.)  (2, 0.)  (3, 2.66667)  (4, 0.)  (5, 0.)  (6, 0.)  (7, -1.33333)  (12, 0.)  (13, 0.166667)  (16, 0.)  (17, -0.833333) 
row 4: (0, 0.)  (1, 0.)  (2, 0.)  (3, 0.)  (4, 1.)  (5, 0.)  (6, 0.)  (7, 0.)  (8, 0.)  (9, 0.)  (10, 0.)  (11, 0.) 
row 5: (0, 0.)  (1, 0.)  (2, 0.)  (3, 0.)  (4, 0.)  (5, 1.)  (6, 0.)  (7, 0.)  (8, 0.)  (9, 0.)  (10, 0.)  (11, 0.) 
row 6: (0, 0.)  (1, 0.)  (2, -1.33333)  (3, 0.)  (4, 0.)  (5, 0.)  (6, 5.33333)  (7, 0.)  (8, 0.)  (9, 0.)  (10, -1.33333)  (11, 0.)  (12, 0.166667)  (13, 0.)  (16, -1.66667)  (17, 0.)  (20, 0.166667)  (21, 0.) 
row 7: (0, 0.)  (1, 0.)  (2, 0.)  (3, -1.33333)  (4, 0.)  (5, 0.)  (6, 0.)  (7, 5.33333)  (8, 0.)  (9, 0.)  (10, 0.)  (11, -1.33333)  (12, 0.)  (13, -0.833333)  (16, 0.)  (17, 0.333333)  (20, 0.)  (21, -0.833333) 
row 8: (4, 0.)  (5, 0.)  (6, 0.)  (7, 0.)  (8, 1.)  (9, 0.)  (10, 0.)  (11, 0.)  (36, 0.)  (37, 0.)  (38, 0.)  (39, 0.) 
row 9: (4, 0.)  (5, 0.)  (6, 0.)  (7, 0.)  (8, 0.)  (9, 1.)  (10, 0.)  (11, 0.)  (36, 0.)  (37, 0.)  (38, 0.)  (39, 0.) 
row 10: (4, 0.)  (5, 0.)  (6, -1.33333)  (7, 0.)  (8, 0.)  (9, 0.)  (10, 5.33333)  (11, 0.)  (16, 0.166667)  (17, 0.)  (20, -1.66667)  (21, 0.)  (36, 0.)  (37, 0.)  (38, -1.33333)  (39, 0.)  (48, 0.166667)  (49, 0.) 
row 11: (4, 0.)  (5, 0.)  (6, 0.)  (7, -1.33333)  (8, 0.)  (9, 0.)  (10, 0.)  (11, 5.33333)  (16, 0.)  (17, -0.833333)  (20, 0.)  (21, 0.333333)  (36, 0.)  (37, 0.)  (38, 0.)  (39, -1.33333)  (48, 0.)  (49, -0.833333) 
row 12: (2, -0.833333)  (3, 0.)  (6, 0.166667)  (7, 0.)  (12, 2.66667)  (13, 0.)  (14, -0.833333)  (15, 0.)  (16, -1.33333)  (17, 0.)  (18, 0.166667)  (19, 0.) 
row 13: (2, 0.)  (3, 0.166667)  (6, 0.)  (7, -0.833333)  (12, 0.)  (13, 2.66667)  (14, 0.)  (15, 0.166667)  (16, 0.)  (17, -1.33333)  (18, 0.)  (19, -0.833333) 
row 14: (12, -0.833333)  (13, 0.)  (14, 2.66667)  (15, 0.)  (16, 0.166667)  (17, 0.)  (18, -1.33333)  (19, 0.)  (24, -0.833333)  (25, 0.)  (28, 0.166667)  (29, 0.) 
row 15: (12, 0.)  (13, 0.166667)  (14, 0.)  (15, 2.66667)  (16, 0.)  (17, -0.833333)  (18, 0.)  (19, -1.33333)  (24, 0.)  (25, 0.166667)  (28, 0.)  (29, -0.833333) 
row 16: (2, 0.166667)  (3, 0.)  (6, -1.66667)  (7, 0.)  (10, 0.166667)  (11, 0.)  (12, -1.33333)  (13, 0.)  (14, 0.166667)  (15, 0.)  (16, 5.33333)  (17, 0.)  (18, -1.66667)  (19, 0.)  (20, -1.33333)  (21, 0.)  (22, 0.166667)  (23, 0.) 
row 17: (2, 0.)  (3, -0.833333)  (6, 0.)  (7, 0.333333)  (10, 0.)  (11, -0.833333)  (12, 0.)  (13, -1.33333)  (14, 0.)  (15, -0.833333)  (16, 0.)  (17, 5.33333)  (18, 0.)  (19, 0.333333)  (20, 0.)  (21, -1.33333)  (22, 0.)  (23, -0.833333) 
row 18: (12, 0.166667)  (13, 0.)  (14, -1.33333)  (15, 0.)  (16, -1.66667)  (17, 0.)  (18, 5.33333)  (19, 0.)  (20, 0.166667)  (21, 0.)  (22, -1.33333)  (23, 0.)  (24, 0.166667)  (25, 0.)  (28, -1.66667)  (29, 0.)  (32, 0.166667)  (33, 0.) 
row 19: (12, 0.)  (13, -0.833333)  (14, 0.)  (15, -1.33333)  (16, 0.)  (17, 0.333333)  (18, 0.)  (19, 5.33333)  (20, 0.)  (21, -0.833333)  (22, 0.)  (23, -1.33333)  (24, 0.)  (25, -0.833333)  (28, 0.)  (29, 0.333333)  (32, 0.)  (33, -0.833333) 
row 20: (6, 0.166667)  (7, 0.)  (10, -1.66667)  (11, 0.)  (16, -1.33333)  (17, 0.)  (18, 0.166667)  (19, 0.)  (20, 5.33333)  (21, 0.)  (22, -1.66667)  (23, 0.)  (38, 0.166667)  (39, 0.)  (48, -1.33333)  (49, 0.)  (50, 0.166667)  (51, 0.) 
row 21: (6, 0.)  (7, -0.833333)  (10, 0.)  (11, 0.333333)  (16, 0.)  (17, -1.33333)  (18, 0.)  (19, -0.833333)  (20, 0.)  (21, 5.33333)  (22, 0.)  (23, 0.333333)  (38, 0.)  (39, -0.833333)  (48, 0.)  (49, -1.33333)  (50, 0.)  (51, -0.833333) 
row 22: (16, 0.166667)  (17, 0.)  (18, -1.33333)  (19, 0.)  (20, -1.66667)  (21, 0.)  (22, 5.33333)  (23, 0.)  (28, 0.166667)  (29, 0.)  (32, -1.66667)  (33, 0.)  (48, 0.166667)  (49, 0.)  (50, -1.33333)  (51, 0.)  (60, 0.166667)  (61, 0.) 
row 23: (16, 0.)  (17, -0.833333)  (18, 0.)  (19, -1.33333)  (20, 0.)  (21, 0.333333)  (22, 0.)  (23, 5.33333)  (28, 0.)  (29, -0.833333)  (32, 0.)  (33, 0.333333)  (48, 0.)  (49, -0.833333)  (50, 0.)  (51, -1.33333)  (60, 0.)  (61, -0.833333) 
row 24: (14, -0.833333)  (15, 0.)  (18, 0.166667)  (19, 0.)  (24, 2.66667)  (25, 0.)  (26, -0.833333)  (27, 0.)  (28, -1.33333)  (29, 0.)  (30, 0.166667)  (31, 0.) 
row 25: (14, 0.)  (15, 0.166667)  (18, 0.)  (19, -0.833333)  (24, 0.)  (25, 2.66667)  (26, 0.)  (27, 0.166667)  (28, 0.)  (29, -1.33333)  (30, 0.)  (31, -0.833333) 
row 26: (24, -0.833333)  (25, 0.)  (26, 1.33333)  (27, -0.5)  (28, 0.166667)  (29, 0.)  (30, -0.666667)  (31, 0.5) 
row 27: (24, 0.)  (25, 0.166667)  (26, -0.5)  (27, 1.33333)  (28, 0.)  (29, -0.833333)  (30, 0.5)  (31, -0.666667) 
row 28: (14, 0.166667)  (15, 0.)  (18, -1.66667)  (19, 0.)  (22, 0.166667)  (23, 0.)  (24, -1.33333)  (25, 0.)  (26, 0.166667)  (27, 0.)  (28, 5.33333)  (29, 0.)  (30, -1.66667)  (31, 0.)  (32, -1.33333)  (33, 0.)  (34, 0.166667)  (35, 0.) 
row 29: (14, 0.)  (15, -0.833333)  (18, 0.)  (19, 0.333333)  (22, 0.)  (23, -0.833333)  (24, 0.)  (25, -1.33333)  (26, 0.)  (27, -0.833333)  (28, 0.)  (29, 5.33333)  (30, 0.)  (31, 0.333333)  (32, 0.)  (33, -1.33333)  (34, 0.)  (35, -0.833333) 
row 30: (24, 0.166667)  (25, 0.)  (26, -0.666667)  (27, 0.5)  (28, -1.66667)  (29, 0.)  (30, 2.66667)  (31, -1.)  (32, 0.166667)  (33, 0.)  (34, -0.666667)  (35, 0.5) 
row 31: (24, 0.)  (25, -0.833333)  (26, 0.5)  (27, -0.666667)  (28, 0.)  (29, 0.333333)  (30, -1.)  (31, 2.66667)  (32, 0.)  (33, -0.833333)  (34, 0.5)  (35, -0.666667) 
row 32: (18, 0.166667)  (19, 0.)  (22, -1.66667)  (23, 0.)  (28, -1.33333)  (29, 0.)  (30, 0.166667)  (31, 0.)  (32, 5.33333)  (33, 0.)  (34, -1.66667)  (35, 0.)  (50, 0.166667)  (51, 0.)  (60, -1.33333)  (61, 0.)  (62, 0.166667)  (63, 0.) 
row 33: (18, 0.)  (19, -0.833333)  (22, 0.)  (23, 0.333333)  (28, 0.)  (29, -1.33333)  (30, 0.)  (31, -0.833333)  (32, 0.)  (33, 5.33333)  (34, 0.)  (35, 0.333333)  (50, 0.)  (51, -0.833333)  (60, 0.)  (61, -1.33333)  (62, 0.)  (63, -0.833333) 
row 34: (28, 0.166667)  (29, 0.)  (30, -0.666667)  (31, 0.5)  (32, -1.66667)  (33, 0.)  (34, 2.66667)  (35, -1.)  (60, 0.166667)  (61, 0.)  (62, -0.666667)  (63, 0.5) 
row 35: (28, 0.)  (29, -0.833333)  (30, 0.5)  (31, -0.666667)  (32, 0.)  (33, 0.333333)  (34, -1.)  (35, 2.66667)  (60, 0.)  (61, -0.833333)  (62, 0.5)  (63, -0.666667) 
row 36: (8, 0.)  (9, 0.)  (10, 0.)  (11, 0.)  (36, 1.)  (37, 0.)  (38, 0.)  (39, 0.)  (40, 0.)  (41, 0.)  (42, 0.)  (43, 0.) 
row 37: (8, 0.)  (9, 0.)  (10, 0.)  (11, 0.)  (36, 0.)  (37, 1.)  (38, 0.)  (39, 0.)  (40, 0.)  (41, 0.)  (42, 0.)  (43, 0.) 
row 38: (8, 0.)  (9, 0.)  (10, -1.33333)  (11, 0.)  (20, 0.166667)  (21, 0.)  (36, 0.)  (37, 0.)  (38, 5.33333)  (39, 0.)  (40, 0.)  (41, 0.)  (42, -1.33333)  (43, 0.)  (48, -1.66667)  (49, 0.)  (52, 0.166667)  (53, 0.) 
row 39: (8, 0.)  (9, 0.)  (10, 0.)  (11, -1.33333)  (20, 0.)  (21, -0.833333)  (36, 0.)  (37, 0.)  (38, 0.)  (39, 5.33333)  (40, 0.)  (41, 0.)  (42, 0.)  (43, -1.33333)  (48, 0.)  (49, 0.333333)  (52, 0.)  (53, -0.833333) 
row 40: (36, 0.)  (37, 0.)  (38, 0.)  (39, 0.)  (40, 1.)  (41, 0.)  (42, 0.)  (43, 0.)  (44, 0.)  (45, 0.)  (46, 0.)  (47, 0.) 
row 41: (36, 0.)  (37, 0.)  (38, 0.)  (39, 0.)  (40, 0.)  (41, 1.)  (42, 0.)  (43, 0.)  (44, 0.)  (45, 0.)  (46, 0.)  (47, 0.) 
row 42: (36, 0.)  (37, 0.)  (38, -1.33333)  (39, 0.)  (40, 0.)  (41, 0.)  (42, 5.33333)  (43, 0.)  (44, 0.)  (45, 0.)  (46, -1.33333)  (47, 0.)  (48, 0.166667)  (49, 0.)  (52, -1.66667)  (53, 0.)  (56, 0.166667)  (57, 0.) 
row 43: (36, 0.)  (37, 0.)  (38, 0.)  (39, -1.33333)  (40, 0.)  (41, 0.)  (42, 0.)  (43, 5.33333)  (44, 0.)  (45, 0.)  (46, 0.)  (47, -1.33333)  (48, 0.)  (49, -0.833333)  (52, 0.)  (53, 0.333333)  (56, 0.)  (57, -0.833333) 
row 44: (40, 0.)  (41, 0.)  (42, 0.)  (43, 0.)  (44, 1.)  (45, 0.)  (46, 0.)  (47, 0.)  (72, 0.)  (73, 0.)  (74, 0.)  (75, 0.) 
row 45: (40, 0.)  (41, 0.)  (42, 0.)  (43, 0.)  (44, 0.)  (45, 1.)  (46, 0.)  (47, 0.)  (72, 0.)  (73, 0.)  (74, 0.)  (75, 0.) 
row 46: (40, 0.)  (41, 0.)  (42, -1.33333)  (43, 0.)  (44, 0.)  (45, 0.)  (46, 5.33333)  (47, 0.)  (52, 0.166667)  (53, 0.)  (56, -1.66667)  (57, 0.)  (72, 0.)  (73, 0.)  (74, -1.33333)  (75, 0.)  (80, 0.166667)  (81, 0.) 
row 47: (40, 0.)  (41, 0.)  (42, 0.)  (43, -1.33333)  (44, 0.)  (45, 0.)  (46, 0.)  (47, 5.33333)  (52, 0.)  (53, -0.833333)  (56, 0.)  (57, 0.333333)  (72, 0.)  (73, 0.)  (74, 0.)  (75, -1.33333)  (80, 0.)  (81, -0.833333) 
row 48: (10, 0.166667)  (11, 0.)  (20, -1.33333)  (21, 0.)  (22, 0.166667)  (23, 0.)  (38, -1.66667)  (39, 0.)  (42, 0.166667)  (43, 0.)  (48, 5.33333)  (49, 0.)  (50, -1.66667)  (51, 0.)  (52, -1.33333)  (53, 0.)  (54, 0.166667)  (55, 0.) 
row 49: (10, 0.)  (11, -0.833333)  (20, 0.)  (21, -1.33333)  (22, 0.)  (23, -0.833333)  (38, 0.)  (39, 0.333333)  (42, 0.)  (43, -0.833333)  (48, 0.)  (49, 5.33333)  (50, 0.)  (51, 0.333333)  (52, 0.)  (53, -1.33333)  (54, 0.)  (55, -0.833333) 
row 50: (20, 0.166667)  (21, 0.)  (22, -1.33333)  (23, 0.)  (32, 0.166667)  (33, 0.)  (48, -1.66667)  (49, 0.)  (50, 5.33333)  (51, 0.)  (52, 0.166667)  (53, 0.)  (54, -1.33333)  (55, 0.)  (60, -1.66667)  (61, 0.)  (64, 0.166667)  (65, 0.) 
row 51: (20, 0.)  (21, -0.833333)  (22, 0.)  (23, -1.33333)  (32, 0.)  (33, -0.833333)  (48, 0.)  (49, 0.333333)  (50, 0.)  (51, 5.33333)  (52, 0.)  (53, -0.833333)  (54, 0.)  (55, -1.33333)  (60, 0.)  (61, 0.333333)  (64, 0.)  (65, -0.833333) 
row 52: (38, 0.166667)  (39, 0.)  (42, -1.66667)  (43, 0.)  (46, 0.166667)  (47, 0.)  (48, -1.33333)  (49, 0.)  (50, 0.166667)  (51, 0.)  (52, 5.33333)  (53, 0.)  (54, -1.66667)  (55, 0.)  (56, -1.33333)  (57, 0.)  (58, 0.166667)  (59, 0.) 
row 53: (38, 0.)  (39, -0.833333)  (42, 0.)  (43, 0.333333)  (46, 0.)  (47, -0.833333)  (48, 0.)  (49, -1.33333)  (50, 0.)  (51, -0.833333)  (52, 0.)  (53, 5.33333)  (54, 0.)  (55, 0.333333)  (56, 0.)  (57, -1.33333)  (58, 0.)  (59, -0.833333) 
row 54: (48, 0.166667)  (49, 0.)  (50, -1.33333)  (51, 0.)  (52, -1.66667)  (53, 0.)  (54, 5.33333)  (55, 0.)  (56, 0.166667)  (57, 0.)  (58, -1.33333)  (59, 0.)  (60, 0.166667)  (61, 0.)  (64, -1.66667)  (65, 0.)  (68, 0.166667)  (69, 0.) 
row 55: (48, 0.)  (49, -0.833333)  (50, 0.)  (51, -1.33333)  (52, 0.)  (53, 0.333333)  (54, 0.)  (55, 5.33333)  (56, 0.)  (57, -0.833333)  (58, 0.)  (59, -1.33333)  (60, 0.)  (61, -0.833333)  (64, 0.)  (65, 0.333333)  (68, 0.)  (69, -0.833333) 
row 56: (42, 0.166667)  (43, 0.)  (46, -1.66667)  (47, 0.)  (52, -1.33333)  (53, 0.)  (54, 0.166667)  (55, 0.)  (56, 5.33333)  (57, 0.)  (58, -1.66667)  (59, 0.)  (74, 0.166667)  (75, 0.)  (80, -1.33333)  (81, 0.)  (82, 0.166667)  (83, 0.) 
row 57: (42, 0.)  (43, -0.833333)  (46, 0.)  (47, 0.333333)  (52, 0.)  (53, -1.33333)  (54, 0.)  (55, -0.833333)  (56, 0.)  (57, 5.33333)  (58, 0.)  (59, 0.333333)  (74, 0.)  (75, -0.833333)  (80, 0.)  (81, -1.33333)  (82, 0.)  (83, -0.833333) 
row 58: (52, 0.166667)  (53, 0.)  (54, -1.33333)  (55, 0.)  (56, -1.66667)  (57, 0.)  (58, 5.33333)  (59, 0.)  (64, 0.166667)  (65, 0.)  (68, -1.66667)  (69, 0.)  (80, 0.166667)  (81, 0.)  (82, -1.33333)  (83, 0.)  (88, 0.166667)  (89, 0.) 
row 59: (52, 0.)  (53, -0.833333)  (54, 0.)  (55, -1.33333)  (56, 0.)  (57, 0.333333)  (58, 0.)  (59, 5.33333)  (64, 0.)  (65, -0.833333)  (68, 0.)  (69, 0.333333)  (80, 0.)  (81, -0.833333)  (82, 0.)  (83, -1.33333)  (88, 0.)  (89, -0.833333) 
row 60: (22, 0.166667)  (23, 0.)  (32, -1.33333)  (33, 0.)  (34, 0.166667)  (35, 0.)  (50, -1.66667)  (51, 0.)  (54, 0.166667)  (55, 0.)  (60, 5.33333)  (61, 0.)  (62, -1.66667)  (63, 0.)  (64, -1.33333)  (65, 0.)  (66, 0.166667)  (67, 0.) 
row 61: (22, 0.)  (23, -0.833333)  (32, 0.)  (33, -1.33333)  (34, 0.)  (35, -0.833333)  (50, 0.)  (51, 0.333333)  (54, 0.)  (55, -0.833333)  (60, 0.)  (61, 5.33333)  (62, 0.)  (63, 0.333333)  (64, 0.)  (65, -1.33333)  (66, 0.)  (67, -0.833333) 
row 62: (32, 0.166667)  (33, 0.)  (34, -0.666667)  (35, 0.5)  (60, -1.66667)  (61, 0.)  (62, 2.66667)  (63, -1.)  (64, 0.166667)  (65, 0.)  (66, -0.666667)  (67, 0.5) 
row 63: (32, 0.)  (33, -0.833333)  (34, 0.5)  (35, -0.666667)  (60, 0.)  (61, 0.333333)  (62, -1.)  (63, 2.66667)  (64, 0.)  (65, -0.833333)  (66, 0.5)  (67, -0.666667) 
row 64: (50, 0.166667)  (51, 0.)  (54, -1.66667)  (55, 0.)  (58, 0.166667)  (59, 0.)  (60, -1.33333)  (61, 0.)  (62, 0.166667)  (63, 0.)  (64, 5.33333)  (65, 0.)  (66, -1.66667)  (67, 0.)  (68, -1.33333)  (69, 0.)  (70, 0.166667)  (71, 0.) 
row 65: (50, 0.)  (51, -0.833333)  (54, 0.)  (55, 0.333333)  (58, 0.)  (59, -0.833333)  (60, 0.)  (61, -1.33333)  (62, 0.)  (63, -0.833333)  (64, 0.)  (65, 5.33333)  (66, 0.)  (67, 0.333333)  (68, 0.)  (69, -1.33333)  (70, 0.)  (71, -0.833333) 
row 66: (60, 0.166667)  (61, 0.)  (62, -0.666667)  (63, 0.5)  (64, -1.66667)  (65, 0.)  (66, 2.66667)  (67, -1.)  (68, 0.166667)  (69, 0.)  (70, -0.666667)  (71, 0.5) 
row 67: (60, 0.)  (61, -0.833333)  (62, 0.5)  (63, -0.666667)  (64, 0.)  (65, 0.333333)  (66, -1.)  (67, 2.66667)  (68, 0.)  (69, -0.833333)  (70, 0.5)  (71, -0.666667) 
row 68: (54, 0.166667)  (55, 0.)  (58, -1.66667)  (59, 0.)  (64, -1.33333)  (65, 0.)  (66, 0.166667)  (67, 0.)  (68, 5.33333)  (69, 0.)  (70, -1.66667)  (71, 0.)  (82, 0.166667)  (83, 0.)  (88, -1.33333)  (89, 0.)  (90, 0.166667)  (91, 0.) 
row 69: (54, 0.)  (55, -0.833333)  (58, 0.)  (59, 0.333333)  (64, 0.)  (65, -1.33333)  (66, 0.)  (67, -0.833333)  (68, 0.)  (69, 5.33333)  (70, 0.)  (71, 0.333333)  (82, 0.)  (83, -0.833333)  (88, 0.)  (89, -1.33333)  (90, 0.)  (91, -0.833333) 
row 70: (64, 0.166667)  (65, 0.)  (66, -0.666667)  (67, 0.5)  (68, -1.66667)  (69, 0.)  (70, 2.66667)  (71, -1.)  (88, 0.166667)  (89, 0.)  (90, -0.666667)  (91, 0.5) 
row 71: (64, 0.)  (65, -0.833333)  (66, 0.5)  (67, -0.666667)  (68, 0.)  (69, 0.333333)  (70, -1.)  (71, 2.66667)  (88, 0.)  (89, -0.833333)  (90, 0.5)  (91, -0.666667) 
row 72: (44, 0.)  (45, 0.)  (46, 0.)  (47, 0.)  (72, 1.)  (73, 0.)  (74, 0.)  (75, 0.)  (76, 0.)  (77, 0.)  (78, 0.)  (79, 0.) 
row 73: (44, 0.)  (45, 0.)  (46, 0.)  (47, 0.)  (72, 0.)  (73, 1.)  (74, 0.)  (75, 0.)  (76, 0.)  (77, 0.)  (78, 0.)  (79, 0.) 
row 74: (44, 0.)  (45, 0.)  (46, -1.33333)  (47, 0.)  (56, 0.166667)  (57, 0.)  (72, 0.)  (73, 0.)  (74, 5.33333)  (75, 0.)  (76, 0.)  (77, 0.)  (78, -1.33333)  (79, 0.)  (80, -1.66667)  (81, 0.)  (84, 0.166667)  (85, 0.) 
row 75: (44, 0.)  (45, 0.)  (46, 0.)  (47, -1.33333)  (56, 0.)  (57, -0.833333)  (72, 0.)  (73, 0.)  (74, 0.)  (75, 5.33333)  (76, 0.)  (77, 0.)  (78, 0.)  (79, -1.33333)  (80, 0.)  (81, 0.333333)  (84, 0.)  (85, -0.833333) 
row 76: (72, 0.)  (73, 0.)  (74, 0.)  (75, 0.)  (76, 1.)  (77, 0.)  (78, 0.)  (79, 0.) 
row 77: (72, 0.)  (73, 0.)  (74, 0.)  (75, 0.)  (76, 0.)  (77, 1.)  (78, 0.)  (79, 0.) 
row 78: (72, 0.)  (73, 0.)  (74, -1.33333)  (75, 0.)  (76, 0.)  (77, 0.)  (78, 2.66667)  (79, 0.)  (80, 0.166667)  (81, 0.)  (84, -0.833333)  (85, 0.) 
row 79: (72, 0.)  (73, 0.)  (74, 0.)  (75, -1.33333)  (76, 0.)  (77, 0.)  (78, 0.)  (79, 2.66667)  (80, 0.)  (81, -0.833333)  (84, 0.)  (85, 0.166667) 
row 80: (46, 0.166667)  (47, 0.)  (56, -1.33333)  (57, 0.)  (58, 0.166667)  (59, 0.)  (74, -1.66667)  (75, 0.)  (78, 0.166667)  (79, 0.)  (80, 5.33333)  (81, 0.)  (82, -1.66667)  (83, 0.)  (84, -1.33333)  (85, 0.)  (86, 0.166667)  (87, 0.) 
row 81: (46, 0.)  (47, -0.833333)  (56, 0.)  (57, -1.33333)  (58, 0.)  (59, -0.833333)  (74, 0.)  (75, 0.333333)  (78, 0.)  (79, -0.833333)  (80, 0.)  (81, 5.33333)  (82, 0.)  (83, 0.333333)  (84, 0.)  (85, -1.33333)  (86, 0.)  (87, -0.833333) 
row 82: (56, 0.166667)  (57, 0.)  (58, -1.33333)  (59, 0.)  (68, 0.166667)  (69, 0.)  (80, -1.66667)  (81, 0.)  (82, 5.33333)  (83, 0.)  (84, 0.166667)  (85, 0.)  (86, -1.33333)  (87, 0.)  (88, -1.66667)  (89, 0.)  (92, 0.166667)  (93, 0.) 
row 83: (56, 0.)  (57, -0.833333)  (58, 0.)  (59, -1.33333)  (68, 0.)  (69, -0.833333)  (80, 0.)  (81, 0.333333)  (82, 0.)  (83, 5.33333)  (84, 0.)  (85, -0.833333)  (86, 0.)  (87, -1.33333)  (88, 0.)  (89, 0.333333)  (92, 0.)  (93, -0.833333) 
row 84: (74, 0.166667)  (75, 0.)  (78, -0.833333)  (79, 0.)  (80, -1.33333)  (81, 0.)  (82, 0.166667)  (83, 0.)  (84, 2.66667)  (85, 0.)  (86, -0.833333)  (87, 0.) 
row 85: (74, 0.)  (75, -0.833333)  (78, 0.)  (79, 0.166667)  (80, 0.)  (81, -1.33333)  (82, 0.)  (83, -0.833333)  (84, 0.)  (85, 2.66667)  (86, 0.)  (87, 0.166667) 
row 86: (80, 0.166667)  (81, 0.)  (82, -1.33333)  (83, 0.)  (84, -0.833333)  (85, 0.)  (86, 2.66667)  (87, 0.)  (88, 0.166667)  (89, 0.)  (92, -0.833333)  (93, 0.) 
row 87: (80, 0.)  (81, -0.833333)  (82, 0.)  (83, -1.33333)  (84, 0.)  (85, 0.166667)  (86, 0.)  (87, 2.66667)  (88, 0.)  (89, -0.833333)  (92, 0.)  (93, 0.166667) 
row 88: (58, 0.166667)  (59, 0.)  (68, -1.33333)  (69, 0.)  (70, 0.166667)  (71, 0.)  (82, -1.66667)  (83, 0.)  (86, 0.166667)  (87, 0.)  (88, 5.33333)  (89, 0.)  (90, -1.66667)  (91, 0.)  (92, -1.33333)  (93, 0.)  (94, 0.166667)  (95, 0.) 
row 89: (58, 0.)  (59, -0.833333)  (68, 0.)  (69, -1.33333)  (70, 0.)  (71, -0.833333)  (82, 0.)  (83, 0.333333)  (86, 0.)  (87, -0.833333)  (88, 0.)  (89, 5.33333)  (90, 0.)  (91, 0.333333)  (92, 0.)  (93, -1.33333)  (94, 0.)  (95, -0.833333) 
row 90: (68, 0.166667)  (69, 0.)  (70, -0.666667)  (71, 0.5)  (88, -1.66667)  (89, 0.)  (90, 2.66667)  (91, -1.)  (92, 0.166667)  (93, 0.)  (94, -0.666667)  (95, 0.5) 
row 91: (68, 0.)  (69, -0.833333)  (70, 0.5)  (71, -0.666667)  (88, 0.)  (89, 0.333333)  (90, -1.)  (91, 2.66667)  (92, 0.)  (93, -0.833333)  (94, 0.5)  (95, -0.666667) 
row 92: (82, 0.166667)  (83, 0.)  (86, -0.833333)  (87, 0.)  (88, -1.33333)  (89, 0.)  (90, 0.166667)  (91, 0.)  (92, 2.66667)  (93, 0.)  (94, -0.833333)  (95, 0.) 
row 93: (82, 0.)  (83, -0.833333)  (86, 0.)  (87, 0.166667)  (88, 0.)  (89, -1.33333)  (90, 0.)  (91, -0.833333)  (92, 0.)  (93, 2.66667)  (94, 0.)  (95, 0.166667) 
row 94: (88, 0.166667)  (89, 0.)  (90, -0.666667)  (91, 0.5)  (92, -0.833333)  (93, 0.)  (94, 1.33333)  (95, -0.5) 
row 95: (88, 0.)  (89, -0.833333)  (90, 0.5)  (91, -0.666667)  (92, 0.)  (93, 0.166667)  (94, -0.5)  (95, 1.33333) 
