Mat Object: 9 MPI processes
  type: mpiaij
row 0: (0, 1.)  (1, 0.)  (2, 0.)  (3, 0.) 
row 1: (0, 0.)  (1, 1.33333)  (2, 0.)  (3, -0.666667)  (6, -0.166667)  (8, -0.166667) 
row 2: (0, 0.)  (1, 0.)  (2, 1.)  (3, 0.)  (4, 0.)  (5, 0.) 
row 3: (0, 0.)  (1, -0.666667)  (2, 0.)  (3, 2.66667)  (4, 0.)  (5, -0.666667)  (6, -0.166667)  (8, -0.333333)  (10, -0.166667) 
row 4: (2, 0.)  (3, 0.)  (4, 1.)  (5, 0.)  (18, 0.)  (19, 0.) 
row 5: (2, 0.)  (3, -0.666667)  (4, 0.)  (5, 2.66667)  (8, -0.166667)  (10, -0.333333)  (18, 0.)  (19, -0.666667)  (24, -0.166667) 
row 6: (1, -0.166667)  (3, -0.166667)  (6, 1.33333)  (7, -0.166667)  (8, -0.666667)  (9, -0.166667) 
row 7: (6, -0.166667)  (7, 1.33333)  (8, -0.166667)  (9, -0.666667)  (12, -0.166667)  (14, -0.166667) 
row 8: (1, -0.166667)  (3, -0.333333)  (5, -0.166667)  (6, -0.666667)  (7, -0.166667)  (8, 2.66667)  (9, -0.333333)  (10, -0.666667)  (11, -0.166667) 
row 9: (6, -0.166667)  (7, -0.666667)  (8, -0.333333)  (9, 2.66667)  (10, -0.166667)  (11, -0.666667)  (12, -0.166667)  (14, -0.333333)  (16, -0.166667) 
row 10: (3, -0.166667)  (5, -0.333333)  (8, -0.666667)  (9, -0.166667)  (10, 2.66667)  (11, -0.333333)  (19, -0.166667)  (24, -0.666667)  (25, -0.166667) 
row 11: (8, -0.166667)  (9, -0.666667)  (10, -0.333333)  (11, 2.66667)  (14, -0.166667)  (16, -0.333333)  (24, -0.166667)  (25, -0.666667)  (30, -0.166667) 
row 12: (7, -0.166667)  (9, -0.166667)  (12, 1.33333)  (13, -0.166667)  (14, -0.666667)  (15, -0.166667) 
row 13: (12, -0.166667)  (13, 0.666667)  (14, -0.166667)  (15, -0.333333) 
row 14: (7, -0.166667)  (9, -0.333333)  (11, -0.166667)  (12, -0.666667)  (13, -0.166667)  (14, 2.66667)  (15, -0.333333)  (16, -0.666667)  (17, -0.166667) 
row 15: (12, -0.166667)  (13, -0.333333)  (14, -0.333333)  (15, 1.33333)  (16, -0.166667)  (17, -0.333333) 
row 16: (9, -0.166667)  (11, -0.333333)  (14, -0.666667)  (15, -0.166667)  (16, 2.66667)  (17, -0.333333)  (25, -0.166667)  (30, -0.666667)  (31, -0.166667) 
row 17: (14, -0.166667)  (15, -0.333333)  (16, -0.333333)  (17, 1.33333)  (30, -0.166667)  (31, -0.333333) 
row 18: (4, 0.)  (5, 0.)  (18, 1.)  (19, 0.)  (20, 0.)  (21, 0.) 
row 19: (4, 0.)  (5, -0.666667)  (10, -0.166667)  (18, 0.)  (19, 2.66667)  (20, 0.)  (21, -0.666667)  (24, -0.333333)  (26, -0.166667) 
row 20: (18, 0.)  (19, 0.)  (20, 1.)  (21, 0.)  (22, 0.)  (23, 0.) 
row 21: (18, 0.)  (19, -0.666667)  (20, 0.)  (21, 2.66667)  (22, 0.)  (23, -0.666667)  (24, -0.166667)  (26, -0.333333)  (28, -0.166667) 
row 22: (20, 0.)  (21, 0.)  (22, 1.)  (23, 0.)  (36, 0.)  (37, 0.) 
row 23: (20, 0.)  (21, -0.666667)  (22, 0.)  (23, 2.66667)  (26, -0.166667)  (28, -0.333333)  (36, 0.)  (37, -0.666667)  (40, -0.166667) 
row 24: (5, -0.166667)  (10, -0.666667)  (11, -0.166667)  (19, -0.333333)  (21, -0.166667)  (24, 2.66667)  (25, -0.333333)  (26, -0.666667)  (27, -0.166667) 
row 25: (10, -0.166667)  (11, -0.666667)  (16, -0.166667)  (24, -0.333333)  (25, 2.66667)  (26, -0.166667)  (27, -0.666667)  (30, -0.333333)  (32, -0.166667) 
row 26: (19, -0.166667)  (21, -0.333333)  (23, -0.166667)  (24, -0.666667)  (25, -0.166667)  (26, 2.66667)  (27, -0.333333)  (28, -0.666667)  (29, -0.166667) 
row 27: (24, -0.166667)  (25, -0.666667)  (26, -0.333333)  (27, 2.66667)  (28, -0.166667)  (29, -0.666667)  (30, -0.166667)  (32, -0.333333)  (34, -0.166667) 
row 28: (21, -0.166667)  (23, -0.333333)  (26, -0.666667)  (27, -0.166667)  (28, 2.66667)  (29, -0.333333)  (37, -0.166667)  (40, -0.666667)  (41, -0.166667) 
row 29: (26, -0.166667)  (27, -0.666667)  (28, -0.333333)  (29, 2.66667)  (32, -0.166667)  (34, -0.333333)  (40, -0.166667)  (41, -0.666667)  (44, -0.166667) 
row 30: (11, -0.166667)  (16, -0.666667)  (17, -0.166667)  (25, -0.333333)  (27, -0.166667)  (30, 2.66667)  (31, -0.333333)  (32, -0.666667)  (33, -0.166667) 
row 31: (16, -0.166667)  (17, -0.333333)  (30, -0.333333)  (31, 1.33333)  (32, -0.166667)  (33, -0.333333) 
row 32: (25, -0.166667)  (27, -0.333333)  (29, -0.166667)  (30, -0.666667)  (31, -0.166667)  (32, 2.66667)  (33, -0.333333)  (34, -0.666667)  (35, -0.166667) 
row 33: (30, -0.166667)  (31, -0.333333)  (32, -0.333333)  (33, 1.33333)  (34, -0.166667)  (35, -0.333333) 
row 34: (27, -0.166667)  (29, -0.333333)  (32, -0.666667)  (33, -0.166667)  (34, 2.66667)  (35, -0.333333)  (41, -0.166667)  (44, -0.666667)  (45, -0.166667) 
row 35: (32, -0.166667)  (33, -0.333333)  (34, -0.333333)  (35, 1.33333)  (44, -0.166667)  (45, -0.333333) 
row 36: (22, 0.)  (23, 0.)  (36, 1.)  (37, 0.)  (38, 0.)  (39, 0.) 
row 37: (22, 0.)  (23, -0.666667)  (28, -0.166667)  (36, 0.)  (37, 2.66667)  (38, 0.)  (39, -0.666667)  (40, -0.333333)  (42, -0.166667) 
row 38: (36, 0.)  (37, 0.)  (38, 1.)  (39, 0.) 
row 39: (36, 0.)  (37, -0.666667)  (38, 0.)  (39, 1.33333)  (40, -0.166667)  (42, -0.166667) 
row 40: (23, -0.166667)  (28, -0.666667)  (29, -0.166667)  (37, -0.333333)  (39, -0.166667)  (40, 2.66667)  (41, -0.333333)  (42, -0.666667)  (43, -0.166667) 
row 41: (28, -0.166667)  (29, -0.666667)  (34, -0.166667)  (40, -0.333333)  (41, 2.66667)  (42, -0.166667)  (43, -0.666667)  (44, -0.333333)  (46, -0.166667) 
row 42: (37, -0.166667)  (39, -0.166667)  (40, -0.666667)  (41, -0.166667)  (42, 1.33333)  (43, -0.166667) 
row 43: (40, -0.166667)  (41, -0.666667)  (42, -0.166667)  (43, 1.33333)  (44, -0.166667)  (46, -0.166667) 
row 44: (29, -0.166667)  (34, -0.666667)  (35, -0.166667)  (41, -0.333333)  (43, -0.166667)  (44, 2.66667)  (45, -0.333333)  (46, -0.666667)  (47, -0.166667) 
row 45: (34, -0.166667)  (35, -0.333333)  (44, -0.333333)  (45, 1.33333)  (46, -0.166667)  (47, -0.333333) 
row 46: (41, -0.166667)  (43, -0.166667)  (44, -0.666667)  (45, -0.166667)  (46, 1.33333)  (47, -0.166667) 
row 47: (44, -0.166667)  (45, -0.333333)  (46, -0.166667)  (47, 0.666667) 
