  0 KSP Residual norm 3.37763 
  1 KSP Residual norm 0.676516 
  2 KSP Residual norm 0.501962 
  3 KSP Residual norm 0.080321 
  4 KSP Residual norm 0.0725666 
  5 KSP Residual norm 0.0389572 
  6 KSP Residual norm 0.0228631 
  7 KSP Residual norm 0.00404252 
  8 KSP Residual norm 0.00139313 
  9 KSP Residual norm 0.000488559 
 10 KSP Residual norm 0.000243817 
 11 KSP Residual norm 0.000117774 
 12 KSP Residual norm 4.19723e-05 
 13 KSP Residual norm 1.89844e-05 
 14 KSP Residual norm 1.06867e-05 
 15 KSP Residual norm 3.10031e-06 
 16 KSP Residual norm 1.47384e-06 
 17 KSP Residual norm 7.63828e-07 
 18 KSP Residual norm 2.03139e-07 
 19 KSP Residual norm 9.8301e-08 
 20 KSP Residual norm 4.36005e-08 
 21 KSP Residual norm 1.66e-08 
 22 KSP Residual norm 6.45397e-09 
 23 KSP Residual norm 2.81908e-09 
 24 KSP Residual norm 5.097e-10 
 25 KSP Residual norm 2.101e-10 
 26 KSP Residual norm 5.880e-11 
 27 KSP Residual norm 1.714e-11 
 28 KSP Residual norm < 1.e-11
 29 KSP Residual norm < 1.e-11
 30 KSP Residual norm < 1.e-11
 31 KSP Residual norm < 1.e-11
 32 KSP Residual norm < 1.e-11
 33 KSP Residual norm < 1.e-11
 34 KSP Residual norm < 1.e-11
 35 KSP Residual norm < 1.e-11
Number of iterations =  35
  Residual norm < 1.e-12
