  0 KSP Residual norm 28.489 
  1 KSP Residual norm 0.370155 
  2 KSP Residual norm 0.204012 
  3 KSP Residual norm 0.0797582 
  4 KSP Residual norm 0.0485443 
  5 KSP Residual norm 0.0124793 
  6 KSP Residual norm 0.00149684 
  7 KSP Residual norm 0.0008029 
  8 KSP Residual norm 0.000386547 
  9 KSP Residual norm 0.000138884 
 10 KSP Residual norm 5.55027e-05 
 11 KSP Residual norm 3.06885e-05 
 12 KSP Residual norm 9.82556e-06 
 13 KSP Residual norm 4.87408e-06 
 14 KSP Residual norm 2.20816e-06 
 15 KSP Residual norm 9.58272e-07 
 16 KSP Residual norm 4.41753e-07 
 17 KSP Residual norm 1.87966e-07 
 18 KSP Residual norm 8.78648e-08 
 19 KSP Residual norm 3.26301e-08 
 20 KSP Residual norm 1.40156e-08 
 21 KSP Residual norm 5.47472e-09 
 22 KSP Residual norm 2.13059e-09 
 23 KSP Residual norm 6.831e-10 
 24 KSP Residual norm 3.200e-10 
 25 KSP Residual norm 7.443e-11 
 26 KSP Residual norm 2.925e-11 
 27 KSP Residual norm < 1.e-11
 28 KSP Residual norm < 1.e-11
 29 KSP Residual norm < 1.e-11
 30 KSP Residual norm < 1.e-11
 31 KSP Residual norm < 1.e-11
 32 KSP Residual norm < 1.e-11
Number of iterations =  32
  Residual norm < 1.e-12
