  0 KSP Residual norm 1.63358 
  1 KSP Residual norm 0.237752 
  2 KSP Residual norm 0.0370187 
  3 KSP Residual norm 0.00969234 
  4 KSP Residual norm 0.00129387 
  5 KSP Residual norm 0.000365177 
  6 KSP Residual norm 3.77559e-05 
  7 KSP Residual norm 6.78075e-06 
  8 KSP Residual norm 7.14242e-07 
  9 KSP Residual norm 1.03135e-07 
 10 KSP Residual norm 2.20982e-08 
 11 KSP Residual norm 3.10351e-09 
 12 KSP Residual norm 6.440e-10 
 13 KSP Residual norm 6.720e-11 
 14 KSP Residual norm < 1.e-11
 15 KSP Residual norm < 1.e-11
 16 KSP Residual norm < 1.e-11
 17 KSP Residual norm < 1.e-11
 18 KSP Residual norm < 1.e-11
 19 KSP Residual norm < 1.e-11
Number of iterations =  19
  Residual norm < 1.e-12
