  0 KSP Residual norm 3.53941 
  1 KSP Residual norm 0.994618 
  2 KSP Residual norm 0.51787 
  3 KSP Residual norm 0.353466 
  4 KSP Residual norm 0.0947009 
  5 KSP Residual norm 0.0314161 
  6 KSP Residual norm 0.0151307 
  7 KSP Residual norm 0.00391868 
  8 KSP Residual norm 0.00034028 
  9 KSP Residual norm 0.000117369 
 10 KSP Residual norm 5.39594e-05 
 11 KSP Residual norm 1.81086e-05 
 12 KSP Residual norm 5.09468e-06 
 13 KSP Residual norm 1.13561e-06 
 14 KSP Residual norm 4.50234e-07 
 15 KSP Residual norm 1.35795e-07 
 16 KSP Residual norm 2.2583e-08 
 17 KSP Residual norm 5.28988e-09 
 18 KSP Residual norm 1.62971e-09 
 19 KSP Residual norm 2.293e-10 
 20 KSP Residual norm 4.368e-11 
 21 KSP Residual norm 1.578e-11 
 22 KSP Residual norm < 1.e-11
 23 KSP Residual norm < 1.e-11
 24 KSP Residual norm < 1.e-11
 25 KSP Residual norm < 1.e-11
 26 KSP Residual norm < 1.e-11
 27 KSP Residual norm < 1.e-11
Number of iterations =  27
  Residual norm < 1.e-12
