  0 KSP Residual norm 1.57265 
  1 KSP Residual norm 0.282796 
  2 KSP Residual norm 0.0239145 
  3 KSP Residual norm 0.00362371 
  4 KSP Residual norm 0.000187186 
  5 KSP Residual norm 2.18461e-05 
  6 KSP Residual norm 3.6162e-06 
  7 KSP Residual norm 5.14596e-07 
  8 KSP Residual norm 1.06997e-07 
  9 KSP Residual norm 1.53704e-08 
 10 KSP Residual norm 2.67481e-09 
 11 KSP Residual norm 2.885e-10 
 12 KSP Residual norm 3.894e-11 
 13 KSP Residual norm < 1.e-11
 14 KSP Residual norm < 1.e-11
 15 KSP Residual norm < 1.e-11
 16 KSP Residual norm < 1.e-11
 17 KSP Residual norm < 1.e-11
Number of iterations =  17
Residual norm < 1.e-12
  0 KSP Residual norm 28.5043 
  1 KSP Residual norm 0.405721 
  2 KSP Residual norm 0.0324142 
  3 KSP Residual norm 0.00513804 
  4 KSP Residual norm 0.000438129 
  5 KSP Residual norm 2.99699e-05 
  6 KSP Residual norm 5.34094e-06 
  7 KSP Residual norm 7.94155e-07 
  8 KSP Residual norm 1.44154e-07 
  9 KSP Residual norm 2.49169e-08 
 10 KSP Residual norm 3.72751e-09 
 11 KSP Residual norm 4.622e-10 
 12 KSP Residual norm 5.459e-11 
 13 KSP Residual norm < 1.e-11
 14 KSP Residual norm < 1.e-11
 15 KSP Residual norm < 1.e-11
 16 KSP Residual norm < 1.e-11
Number of iterations =  16
Residual norm < 1.e-12
  0 KSP Residual norm 1.45159 
  1 KSP Residual norm 0.286242 
  2 KSP Residual norm 0.150116 
  3 KSP Residual norm 0.0668934 
  4 KSP Residual norm 0.00510569 
  5 KSP Residual norm 0.00152348 
  6 KSP Residual norm 0.000379782 
  7 KSP Residual norm 6.39434e-05 
  8 KSP Residual norm 2.41884e-05 
  9 KSP Residual norm 1.42357e-05 
 10 KSP Residual norm 6.91464e-06 
 11 KSP Residual norm 2.35897e-06 
 12 KSP Residual norm 1.06015e-06 
 13 KSP Residual norm 4.45028e-07 
 14 KSP Residual norm 1.70051e-07 
 15 KSP Residual norm 6.11092e-08 
 16 KSP Residual norm 2.20277e-08 
 17 KSP Residual norm 8.0282e-09 
 18 KSP Residual norm 3.27661e-09 
 19 KSP Residual norm 1.4404e-09 
 20 KSP Residual norm 7.371e-10 
 21 KSP Residual norm 2.674e-10 
 22 KSP Residual norm 6.716e-11 
 23 KSP Residual norm 3.093e-11 
 24 KSP Residual norm < 1.e-11
 25 KSP Residual norm < 1.e-11
 26 KSP Residual norm < 1.e-11
 27 KSP Residual norm < 1.e-11
 28 KSP Residual norm < 1.e-11
 29 KSP Residual norm < 1.e-11
 30 KSP Residual norm < 1.e-11
 31 KSP Residual norm < 1.e-11
 32 KSP Residual norm < 1.e-11
 33 KSP Residual norm < 1.e-11
Number of iterations =  33
Residual norm < 1.e-12
  0 KSP Residual norm 28.4884 
  1 KSP Residual norm 0.427849 
  2 KSP Residual norm 0.208884 
  3 KSP Residual norm 0.107895 
  4 KSP Residual norm 0.0565632 
  5 KSP Residual norm 0.00204974 
  6 KSP Residual norm 0.000710228 
  7 KSP Residual norm 0.00016819 
  8 KSP Residual norm 5.24499e-05 
  9 KSP Residual norm 3.15531e-05 
 10 KSP Residual norm 1.33682e-05 
 11 KSP Residual norm 4.18512e-06 
 12 KSP Residual norm 1.82276e-06 
 13 KSP Residual norm 7.90357e-07 
 14 KSP Residual norm 2.98623e-07 
 15 KSP Residual norm 1.23499e-07 
 16 KSP Residual norm 5.91707e-08 
 17 KSP Residual norm 2.00593e-08 
 18 KSP Residual norm 9.3462e-09 
 19 KSP Residual norm 4.20211e-09 
 20 KSP Residual norm 1.87593e-09 
 21 KSP Residual norm 6.274e-10 
 22 KSP Residual norm 2.524e-10 
 23 KSP Residual norm 8.320e-11 
 24 KSP Residual norm 2.848e-11 
 25 KSP Residual norm 1.295e-11 
 26 KSP Residual norm < 1.e-11
 27 KSP Residual norm < 1.e-11
 28 KSP Residual norm < 1.e-11
 29 KSP Residual norm < 1.e-11
 30 KSP Residual norm < 1.e-11
 31 KSP Residual norm < 1.e-11
Number of iterations =  31
Residual norm < 1.e-12
  0 KSP Residual norm 1.41061 
  1 KSP Residual norm 0.333571 
  2 KSP Residual norm 0.126258 
  3 KSP Residual norm 0.0480409 
  4 KSP Residual norm 0.00177708 
  5 KSP Residual norm 0.000546227 
  6 KSP Residual norm 0.00010281 
  7 KSP Residual norm 1.96127e-05 
  8 KSP Residual norm 6.30336e-06 
  9 KSP Residual norm 2.22564e-06 
 10 KSP Residual norm 7.88522e-07 
 11 KSP Residual norm 2.05288e-07 
 12 KSP Residual norm 4.44472e-08 
 13 KSP Residual norm 1.38043e-08 
 14 KSP Residual norm 2.99946e-09 
 15 KSP Residual norm 9.405e-10 
 16 KSP Residual norm 3.205e-10 
 17 KSP Residual norm 1.258e-10 
 18 KSP Residual norm 1.354e-11 
 19 KSP Residual norm < 1.e-11
 20 KSP Residual norm < 1.e-11
 21 KSP Residual norm < 1.e-11
 22 KSP Residual norm < 1.e-11
 23 KSP Residual norm < 1.e-11
 24 KSP Residual norm < 1.e-11
 25 KSP Residual norm < 1.e-11
Number of iterations =  25
Residual norm < 1.e-12
  0 KSP Residual norm 28.4857 
  1 KSP Residual norm 0.509078 
  2 KSP Residual norm 0.225558 
  3 KSP Residual norm 0.0805513 
  4 KSP Residual norm 0.031433 
  5 KSP Residual norm 0.000748707 
  6 KSP Residual norm 0.000246414 
  7 KSP Residual norm 4.05951e-05 
  8 KSP Residual norm 1.38862e-05 
  9 KSP Residual norm 3.69196e-06 
 10 KSP Residual norm 1.32815e-06 
 11 KSP Residual norm 3.13565e-07 
 12 KSP Residual norm 7.77047e-08 
 13 KSP Residual norm 2.46458e-08 
 14 KSP Residual norm 5.36105e-09 
 15 KSP Residual norm 1.59134e-09 
 16 KSP Residual norm 5.387e-10 
 17 KSP Residual norm 1.953e-10 
 18 KSP Residual norm 2.259e-11 
 19 KSP Residual norm < 1.e-11
 20 KSP Residual norm < 1.e-11
 21 KSP Residual norm < 1.e-11
 22 KSP Residual norm < 1.e-11
 23 KSP Residual norm < 1.e-11
Number of iterations =  23
Residual norm < 1.e-12
  0 KSP Residual norm 3.22583 
  1 KSP Residual norm 0.67169 
  2 KSP Residual norm 0.125145 
  3 KSP Residual norm 0.0237374 
  4 KSP Residual norm 0.00300951 
  5 KSP Residual norm 0.000135591 
  6 KSP Residual norm 6.72644e-05 
  7 KSP Residual norm 3.25968e-06 
  8 KSP Residual norm 7.11525e-07 
  9 KSP Residual norm 9.20016e-08 
 10 KSP Residual norm 1.5566e-08 
 11 KSP Residual norm 1.58545e-09 
 12 KSP Residual norm 1.143e-10 
 13 KSP Residual norm < 1.e-11
 14 KSP Residual norm < 1.e-11
 15 KSP Residual norm < 1.e-11
 16 KSP Residual norm < 1.e-11
 17 KSP Residual norm < 1.e-11
Number of iterations =  17
Residual norm < 1.e-12
  0 KSP Residual norm 28.4873 
  1 KSP Residual norm 0.795505 
  2 KSP Residual norm 0.1072 
  3 KSP Residual norm 0.0181121 
  4 KSP Residual norm 0.00236064 
  5 KSP Residual norm 0.000452342 
  6 KSP Residual norm 8.20837e-05 
  7 KSP Residual norm 8.53616e-06 
  8 KSP Residual norm 2.03606e-06 
  9 KSP Residual norm 2.47507e-07 
 10 KSP Residual norm 3.18012e-08 
 11 KSP Residual norm 3.1113e-09 
 12 KSP Residual norm 4.542e-10 
 13 KSP Residual norm 5.864e-11 
 14 KSP Residual norm < 1.e-11
 15 KSP Residual norm < 1.e-11
 16 KSP Residual norm < 1.e-11
 17 KSP Residual norm < 1.e-11
Number of iterations =  17
Residual norm < 1.e-12
  0 KSP Residual norm 3.37763 
  1 KSP Residual norm 0.676516 
  2 KSP Residual norm 0.501962 
  3 KSP Residual norm 0.080321 
  4 KSP Residual norm 0.0725666 
  5 KSP Residual norm 0.0389572 
  6 KSP Residual norm 0.0228631 
  7 KSP Residual norm 0.00404252 
  8 KSP Residual norm 0.00139313 
  9 KSP Residual norm 0.000488559 
 10 KSP Residual norm 0.000243817 
 11 KSP Residual norm 0.000117774 
 12 KSP Residual norm 4.19723e-05 
 13 KSP Residual norm 1.89844e-05 
 14 KSP Residual norm 1.06867e-05 
 15 KSP Residual norm 3.10031e-06 
 16 KSP Residual norm 1.47384e-06 
 17 KSP Residual norm 7.63828e-07 
 18 KSP Residual norm 2.03139e-07 
 19 KSP Residual norm 9.8301e-08 
 20 KSP Residual norm 4.36005e-08 
 21 KSP Residual norm 1.66e-08 
 22 KSP Residual norm 6.45397e-09 
 23 KSP Residual norm 2.81908e-09 
 24 KSP Residual norm 5.097e-10 
 25 KSP Residual norm 2.101e-10 
 26 KSP Residual norm 5.880e-11 
 27 KSP Residual norm 1.714e-11 
 28 KSP Residual norm < 1.e-11
 29 KSP Residual norm < 1.e-11
 30 KSP Residual norm < 1.e-11
 31 KSP Residual norm < 1.e-11
 32 KSP Residual norm < 1.e-11
 33 KSP Residual norm < 1.e-11
 34 KSP Residual norm < 1.e-11
 35 KSP Residual norm < 1.e-11
Number of iterations =  35
Residual norm < 1.e-12
  0 KSP Residual norm 28.4814 
  1 KSP Residual norm 0.841854 
  2 KSP Residual norm 0.33392 
  3 KSP Residual norm 0.123227 
  4 KSP Residual norm 0.0923158 
  5 KSP Residual norm 0.0553661 
  6 KSP Residual norm 0.0237535 
  7 KSP Residual norm 0.00505874 
  8 KSP Residual norm 0.00157903 
  9 KSP Residual norm 0.000451359 
 10 KSP Residual norm 0.000245682 
 11 KSP Residual norm 0.000134209 
 12 KSP Residual norm 5.08749e-05 
 13 KSP Residual norm 2.11065e-05 
 14 KSP Residual norm 1.09205e-05 
 15 KSP Residual norm 4.26463e-06 
 16 KSP Residual norm 1.74808e-06 
 17 KSP Residual norm 8.33439e-07 
 18 KSP Residual norm 4.34664e-07 
 19 KSP Residual norm 1.35927e-07 
 20 KSP Residual norm 7.23142e-08 
 21 KSP Residual norm 2.90916e-08 
 22 KSP Residual norm 8.40859e-09 
 23 KSP Residual norm 2.68958e-09 
 24 KSP Residual norm 1.27319e-09 
 25 KSP Residual norm 3.795e-10 
 26 KSP Residual norm 8.972e-11 
 27 KSP Residual norm 3.618e-11 
 28 KSP Residual norm 1.914e-11 
 29 KSP Residual norm < 1.e-11
 30 KSP Residual norm < 1.e-11
 31 KSP Residual norm < 1.e-11
 32 KSP Residual norm < 1.e-11
 33 KSP Residual norm < 1.e-11
 34 KSP Residual norm < 1.e-11
 35 KSP Residual norm < 1.e-11
 36 KSP Residual norm < 1.e-11
Number of iterations =  36
Residual norm < 1.e-12
  0 KSP Residual norm 3.53941 
  1 KSP Residual norm 0.994618 
  2 KSP Residual norm 0.51787 
  3 KSP Residual norm 0.353466 
  4 KSP Residual norm 0.0947009 
  5 KSP Residual norm 0.0314161 
  6 KSP Residual norm 0.0151307 
  7 KSP Residual norm 0.00391868 
  8 KSP Residual norm 0.00034028 
  9 KSP Residual norm 0.000117369 
 10 KSP Residual norm 5.39594e-05 
 11 KSP Residual norm 1.81086e-05 
 12 KSP Residual norm 5.09468e-06 
 13 KSP Residual norm 1.13561e-06 
 14 KSP Residual norm 4.50234e-07 
 15 KSP Residual norm 1.35795e-07 
 16 KSP Residual norm 2.2583e-08 
 17 KSP Residual norm 5.28988e-09 
 18 KSP Residual norm 1.62971e-09 
 19 KSP Residual norm 2.293e-10 
 20 KSP Residual norm 4.368e-11 
 21 KSP Residual norm 1.578e-11 
 22 KSP Residual norm < 1.e-11
 23 KSP Residual norm < 1.e-11
 24 KSP Residual norm < 1.e-11
 25 KSP Residual norm < 1.e-11
 26 KSP Residual norm < 1.e-11
 27 KSP Residual norm < 1.e-11
Number of iterations =  27
Residual norm < 1.e-12
  0 KSP Residual norm 28.4822 
  1 KSP Residual norm 1.01801 
  2 KSP Residual norm 0.452545 
  3 KSP Residual norm 0.229817 
  4 KSP Residual norm 0.102545 
  5 KSP Residual norm 0.0453856 
  6 KSP Residual norm 0.0140706 
  7 KSP Residual norm 0.00316908 
  8 KSP Residual norm 0.000930794 
  9 KSP Residual norm 0.0003064 
 10 KSP Residual norm 0.000104533 
 11 KSP Residual norm 4.91165e-05 
 12 KSP Residual norm 1.049e-05 
 13 KSP Residual norm 3.92579e-06 
 14 KSP Residual norm 1.23347e-06 
 15 KSP Residual norm 3.87084e-07 
 16 KSP Residual norm 1.14632e-07 
 17 KSP Residual norm 2.99793e-08 
 18 KSP Residual norm 1.0088e-08 
 19 KSP Residual norm 3.0125e-09 
 20 KSP Residual norm 6.737e-10 
 21 KSP Residual norm 1.714e-10 
 22 KSP Residual norm 4.950e-11 
 23 KSP Residual norm < 1.e-11
 24 KSP Residual norm < 1.e-11
 25 KSP Residual norm < 1.e-11
 26 KSP Residual norm < 1.e-11
 27 KSP Residual norm < 1.e-11
Number of iterations =  27
Residual norm < 1.e-12
  0 KSP Residual norm 1.57265 
  1 KSP Residual norm 0.282796 
  2 KSP Residual norm 0.0239145 
  3 KSP Residual norm 0.00362371 
  4 KSP Residual norm 0.000187186 
  5 KSP Residual norm 2.18461e-05 
  6 KSP Residual norm 3.6162e-06 
  7 KSP Residual norm 5.14596e-07 
  8 KSP Residual norm 1.06997e-07 
  9 KSP Residual norm 1.53704e-08 
 10 KSP Residual norm 2.67481e-09 
 11 KSP Residual norm 2.885e-10 
 12 KSP Residual norm 3.894e-11 
 13 KSP Residual norm < 1.e-11
 14 KSP Residual norm < 1.e-11
 15 KSP Residual norm < 1.e-11
 16 KSP Residual norm < 1.e-11
 17 KSP Residual norm < 1.e-11
Number of iterations =  17
Residual norm < 1.e-12
  0 KSP Residual norm 28.5043 
  1 KSP Residual norm 0.405721 
  2 KSP Residual norm 0.0324142 
  3 KSP Residual norm 0.00513804 
  4 KSP Residual norm 0.000438129 
  5 KSP Residual norm 2.99699e-05 
  6 KSP Residual norm 5.34094e-06 
  7 KSP Residual norm 7.94155e-07 
  8 KSP Residual norm 1.44154e-07 
  9 KSP Residual norm 2.49169e-08 
 10 KSP Residual norm 3.72751e-09 
 11 KSP Residual norm 4.622e-10 
 12 KSP Residual norm 5.459e-11 
 13 KSP Residual norm < 1.e-11
 14 KSP Residual norm < 1.e-11
 15 KSP Residual norm < 1.e-11
 16 KSP Residual norm < 1.e-11
Number of iterations =  16
Residual norm < 1.e-12
  0 KSP Residual norm 1.44737 
  1 KSP Residual norm 0.289441 
  2 KSP Residual norm 0.148545 
  3 KSP Residual norm 0.0662721 
  4 KSP Residual norm 0.0247608 
  5 KSP Residual norm 0.0024077 
  6 KSP Residual norm 0.00124046 
  7 KSP Residual norm 0.000555255 
  8 KSP Residual norm 0.000288798 
  9 KSP Residual norm 8.04861e-05 
 10 KSP Residual norm 4.79863e-05 
 11 KSP Residual norm 2.17469e-05 
 12 KSP Residual norm 8.12581e-06 
 13 KSP Residual norm 3.82665e-06 
 14 KSP Residual norm 1.82615e-06 
 15 KSP Residual norm 7.3238e-07 
 16 KSP Residual norm 3.67373e-07 
 17 KSP Residual norm 1.52024e-07 
 18 KSP Residual norm 6.98977e-08 
 19 KSP Residual norm 2.48951e-08 
 20 KSP Residual norm 1.14819e-08 
 21 KSP Residual norm 4.06994e-09 
 22 KSP Residual norm 1.69375e-09 
 23 KSP Residual norm 5.449e-10 
 24 KSP Residual norm 2.571e-10 
 25 KSP Residual norm 5.851e-11 
 26 KSP Residual norm 2.335e-11 
 27 KSP Residual norm < 1.e-11
 28 KSP Residual norm < 1.e-11
 29 KSP Residual norm < 1.e-11
 30 KSP Residual norm < 1.e-11
 31 KSP Residual norm < 1.e-11
 32 KSP Residual norm < 1.e-11
 33 KSP Residual norm < 1.e-11
 34 KSP Residual norm < 1.e-11
 35 KSP Residual norm < 1.e-11
Number of iterations =  35
Residual norm < 1.e-12
  0 KSP Residual norm 28.489 
  1 KSP Residual norm 0.370155 
  2 KSP Residual norm 0.204012 
  3 KSP Residual norm 0.0797582 
  4 KSP Residual norm 0.0485443 
  5 KSP Residual norm 0.0124793 
  6 KSP Residual norm 0.00149684 
  7 KSP Residual norm 0.0008029 
  8 KSP Residual norm 0.000386547 
  9 KSP Residual norm 0.000138884 
 10 KSP Residual norm 5.55027e-05 
 11 KSP Residual norm 3.06885e-05 
 12 KSP Residual norm 9.82556e-06 
 13 KSP Residual norm 4.87408e-06 
 14 KSP Residual norm 2.20816e-06 
 15 KSP Residual norm 9.58272e-07 
 16 KSP Residual norm 4.41753e-07 
 17 KSP Residual norm 1.87966e-07 
 18 KSP Residual norm 8.78648e-08 
 19 KSP Residual norm 3.26301e-08 
 20 KSP Residual norm 1.40156e-08 
 21 KSP Residual norm 5.47472e-09 
 22 KSP Residual norm 2.13059e-09 
 23 KSP Residual norm 6.831e-10 
 24 KSP Residual norm 3.200e-10 
 25 KSP Residual norm 7.443e-11 
 26 KSP Residual norm 2.925e-11 
 27 KSP Residual norm < 1.e-11
 28 KSP Residual norm < 1.e-11
 29 KSP Residual norm < 1.e-11
 30 KSP Residual norm < 1.e-11
 31 KSP Residual norm < 1.e-11
 32 KSP Residual norm < 1.e-11
Number of iterations =  32
Residual norm < 1.e-12
  0 KSP Residual norm 1.40927 
  1 KSP Residual norm 0.328167 
  2 KSP Residual norm 0.125597 
  3 KSP Residual norm 0.0517246 
  4 KSP Residual norm 0.0168826 
  5 KSP Residual norm 0.00644235 
  6 KSP Residual norm 0.00169245 
  7 KSP Residual norm 0.00054592 
  8 KSP Residual norm 0.000169035 
  9 KSP Residual norm 6.36108e-05 
 10 KSP Residual norm 1.75183e-05 
 11 KSP Residual norm 4.02052e-06 
 12 KSP Residual norm 1.81041e-06 
 13 KSP Residual norm 4.48423e-07 
 14 KSP Residual norm 1.1629e-07 
 15 KSP Residual norm 3.34637e-08 
 16 KSP Residual norm 9.63122e-09 
 17 KSP Residual norm 2.84748e-09 
 18 KSP Residual norm 5.972e-10 
 19 KSP Residual norm 1.409e-10 
 20 KSP Residual norm 2.712e-11 
 21 KSP Residual norm < 1.e-11
 22 KSP Residual norm < 1.e-11
 23 KSP Residual norm < 1.e-11
 24 KSP Residual norm < 1.e-11
 25 KSP Residual norm < 1.e-11
 26 KSP Residual norm < 1.e-11
 27 KSP Residual norm < 1.e-11
Number of iterations =  27
Residual norm < 1.e-12
  0 KSP Residual norm 28.4869 
  1 KSP Residual norm 0.424973 
  2 KSP Residual norm 0.168667 
  3 KSP Residual norm 0.0625005 
  4 KSP Residual norm 0.0286139 
  5 KSP Residual norm 0.00903211 
  6 KSP Residual norm 0.00538577 
  7 KSP Residual norm 0.000721295 
  8 KSP Residual norm 0.000305899 
  9 KSP Residual norm 7.87591e-05 
 10 KSP Residual norm 3.21333e-05 
 11 KSP Residual norm 5.01701e-06 
 12 KSP Residual norm 2.39206e-06 
 13 KSP Residual norm 5.87739e-07 
 14 KSP Residual norm 1.69961e-07 
 15 KSP Residual norm 4.3968e-08 
 16 KSP Residual norm 1.37022e-08 
 17 KSP Residual norm 3.79608e-09 
 18 KSP Residual norm 9.053e-10 
 19 KSP Residual norm 1.837e-10 
 20 KSP Residual norm 3.596e-11 
 21 KSP Residual norm 1.229e-11 
 22 KSP Residual norm < 1.e-11
 23 KSP Residual norm < 1.e-11
 24 KSP Residual norm < 1.e-11
 25 KSP Residual norm < 1.e-11
Number of iterations =  25
Residual norm < 1.e-12
  0 KSP Residual norm 3.16608 
  1 KSP Residual norm 0.772934 
  2 KSP Residual norm 0.286145 
  3 KSP Residual norm 0.0122404 
  4 KSP Residual norm 0.00146111 
  5 KSP Residual norm 0.000144195 
  6 KSP Residual norm 1.07264e-05 
  7 KSP Residual norm 6.11009e-07 
  8 KSP Residual norm 1.15359e-07 
  9 KSP Residual norm 9.41469e-09 
 10 KSP Residual norm 6.479e-10 
 11 KSP Residual norm 4.614e-11 
 12 KSP Residual norm < 1.e-11
 13 KSP Residual norm < 1.e-11
 14 KSP Residual norm < 1.e-11
 15 KSP Residual norm < 1.e-11
Number of iterations =  15
Residual norm < 1.e-12
  0 KSP Residual norm 28.5303 
  1 KSP Residual norm 0.68308 
  2 KSP Residual norm 0.0972811 
  3 KSP Residual norm 0.00686454 
  4 KSP Residual norm 0.000877311 
  5 KSP Residual norm 7.96203e-05 
  6 KSP Residual norm 9.24215e-06 
  7 KSP Residual norm 6.64154e-07 
  8 KSP Residual norm 5.85343e-08 
  9 KSP Residual norm 5.79603e-09 
 10 KSP Residual norm 3.367e-10 
 11 KSP Residual norm 2.113e-11 
 12 KSP Residual norm < 1.e-11
 13 KSP Residual norm < 1.e-11
 14 KSP Residual norm < 1.e-11
Number of iterations =  14
Residual norm < 1.e-12
  0 KSP Residual norm 3.31481 
  1 KSP Residual norm 0.799669 
  2 KSP Residual norm 0.509009 
  3 KSP Residual norm 0.0828063 
  4 KSP Residual norm 0.0770776 
  5 KSP Residual norm 0.038025 
  6 KSP Residual norm 0.0365063 
  7 KSP Residual norm 0.00294153 
  8 KSP Residual norm 0.00159099 
  9 KSP Residual norm 0.000468034 
 10 KSP Residual norm 0.000256035 
 11 KSP Residual norm 6.46253e-05 
 12 KSP Residual norm 4.23675e-05 
 13 KSP Residual norm 1.16548e-05 
 14 KSP Residual norm 6.23819e-06 
 15 KSP Residual norm 2.88526e-06 
 16 KSP Residual norm 1.01515e-06 
 17 KSP Residual norm 4.28844e-07 
 18 KSP Residual norm 1.94944e-07 
 19 KSP Residual norm 6.65527e-08 
 20 KSP Residual norm 3.59799e-08 
 21 KSP Residual norm 1.4089e-08 
 22 KSP Residual norm 4.00109e-09 
 23 KSP Residual norm 1.44805e-09 
 24 KSP Residual norm 6.045e-10 
 25 KSP Residual norm 9.232e-11 
 26 KSP Residual norm 3.208e-11 
 27 KSP Residual norm 1.187e-11 
 28 KSP Residual norm < 1.e-11
 29 KSP Residual norm < 1.e-11
 30 KSP Residual norm < 1.e-11
 31 KSP Residual norm < 1.e-11
 32 KSP Residual norm < 1.e-11
 33 KSP Residual norm < 1.e-11
 34 KSP Residual norm < 1.e-11
 35 KSP Residual norm < 1.e-11
 36 KSP Residual norm < 1.e-11
Number of iterations =  36
Residual norm < 1.e-12
  0 KSP Residual norm 28.5175 
  1 KSP Residual norm 0.768084 
  2 KSP Residual norm 0.33418 
  3 KSP Residual norm 0.12015 
  4 KSP Residual norm 0.0915038 
  5 KSP Residual norm 0.0547964 
  6 KSP Residual norm 0.0214098 
  7 KSP Residual norm 0.00321067 
  8 KSP Residual norm 0.00102408 
  9 KSP Residual norm 0.00034817 
 10 KSP Residual norm 0.000221061 
 11 KSP Residual norm 9.45282e-05 
 12 KSP Residual norm 4.50798e-05 
 13 KSP Residual norm 1.62807e-05 
 14 KSP Residual norm 6.8552e-06 
 15 KSP Residual norm 2.43077e-06 
 16 KSP Residual norm 1.51756e-06 
 17 KSP Residual norm 5.90967e-07 
 18 KSP Residual norm 2.19112e-07 
 19 KSP Residual norm 9.38054e-08 
 20 KSP Residual norm 3.2193e-08 
 21 KSP Residual norm 8.37964e-09 
 22 KSP Residual norm 3.85003e-09 
 23 KSP Residual norm 1.32388e-09 
 24 KSP Residual norm 4.255e-10 
 25 KSP Residual norm 1.459e-10 
 26 KSP Residual norm 4.674e-11 
 27 KSP Residual norm 2.465e-11 
 28 KSP Residual norm < 1.e-11
 29 KSP Residual norm < 1.e-11
 30 KSP Residual norm < 1.e-11
 31 KSP Residual norm < 1.e-11
 32 KSP Residual norm < 1.e-11
 33 KSP Residual norm < 1.e-11
 34 KSP Residual norm < 1.e-11
Number of iterations =  34
Residual norm < 1.e-12
  0 KSP Residual norm 2.97202 
  1 KSP Residual norm 0.74123 
  2 KSP Residual norm 0.324986 
  3 KSP Residual norm 0.0716632 
  4 KSP Residual norm 0.04494 
  5 KSP Residual norm 0.00901056 
  6 KSP Residual norm 0.00656908 
  7 KSP Residual norm 0.00229774 
  8 KSP Residual norm 0.000902477 
  9 KSP Residual norm 0.000162121 
 10 KSP Residual norm 8.20858e-05 
 11 KSP Residual norm 1.09086e-05 
 12 KSP Residual norm 3.86726e-06 
 13 KSP Residual norm 1.75316e-06 
 14 KSP Residual norm 2.38162e-07 
 15 KSP Residual norm 9.78584e-08 
 16 KSP Residual norm 3.13916e-08 
 17 KSP Residual norm 6.07966e-09 
 18 KSP Residual norm 1.89864e-09 
 19 KSP Residual norm 4.524e-10 
 20 KSP Residual norm 1.087e-10 
 21 KSP Residual norm 2.126e-11 
 22 KSP Residual norm < 1.e-11
 23 KSP Residual norm < 1.e-11
 24 KSP Residual norm < 1.e-11
 25 KSP Residual norm < 1.e-11
 26 KSP Residual norm < 1.e-11
 27 KSP Residual norm < 1.e-11
Number of iterations =  27
Residual norm < 1.e-12
  0 KSP Residual norm 28.5028 
  1 KSP Residual norm 0.965447 
  2 KSP Residual norm 0.1933 
  3 KSP Residual norm 0.0970192 
  4 KSP Residual norm 0.0352523 
  5 KSP Residual norm 0.0124149 
  6 KSP Residual norm 0.00699704 
  7 KSP Residual norm 0.00352875 
  8 KSP Residual norm 0.000924407 
  9 KSP Residual norm 0.000292494 
 10 KSP Residual norm 0.000111882 
 11 KSP Residual norm 2.16833e-05 
 12 KSP Residual norm 8.05982e-06 
 13 KSP Residual norm 3.07871e-06 
 14 KSP Residual norm 7.24388e-07 
 15 KSP Residual norm 2.10133e-07 
 16 KSP Residual norm 6.38311e-08 
 17 KSP Residual norm 1.7028e-08 
 18 KSP Residual norm 5.3158e-09 
 19 KSP Residual norm 1.64903e-09 
 20 KSP Residual norm 2.736e-10 
 21 KSP Residual norm 5.113e-11 
 22 KSP Residual norm 1.486e-11 
 23 KSP Residual norm < 1.e-11
 24 KSP Residual norm < 1.e-11
 25 KSP Residual norm < 1.e-11
 26 KSP Residual norm < 1.e-11
Number of iterations =  26
Residual norm < 1.e-12
  0 KSP Residual norm 1.85559 
  1 KSP Residual norm 0.184582 
  2 KSP Residual norm 0.0193076 
  3 KSP Residual norm 0.00213352 
  4 KSP Residual norm 0.000146475 
  5 KSP Residual norm 1.13075e-05 
  6 KSP Residual norm 7.53763e-07 
  7 KSP Residual norm 5.29961e-08 
  8 KSP Residual norm 5.49557e-09 
  9 KSP Residual norm 4.226e-10 
 10 KSP Residual norm < 1.e-11
 11 KSP Residual norm < 1.e-11
 12 KSP Residual norm < 1.e-11
 13 KSP Residual norm < 1.e-11
Number of iterations =  13
Residual norm < 1.e-12
  0 KSP Residual norm 28.5262 
  1 KSP Residual norm 0.143894 
  2 KSP Residual norm 0.0275078 
  3 KSP Residual norm 0.00228995 
  4 KSP Residual norm 0.000161215 
  5 KSP Residual norm 1.44216e-05 
  6 KSP Residual norm 7.76634e-07 
  7 KSP Residual norm 8.70795e-08 
  8 KSP Residual norm 5.61143e-09 
  9 KSP Residual norm 5.074e-10 
 10 KSP Residual norm 2.536e-11 
 11 KSP Residual norm < 1.e-11
 12 KSP Residual norm < 1.e-11
 13 KSP Residual norm < 1.e-11
Number of iterations =  13
Residual norm < 1.e-12
  0 KSP Residual norm 3.23118 
  1 KSP Residual norm 0.352483 
  2 KSP Residual norm 0.31512 
  3 KSP Residual norm 0.0720622 
  4 KSP Residual norm 0.0632282 
  5 KSP Residual norm 0.0231119 
  6 KSP Residual norm 0.0109401 
  7 KSP Residual norm 0.0044068 
  8 KSP Residual norm 0.00180619 
  9 KSP Residual norm 0.000609885 
 10 KSP Residual norm 0.000412156 
 11 KSP Residual norm 0.000119087 
 12 KSP Residual norm 5.79359e-05 
 13 KSP Residual norm 2.77448e-05 
 14 KSP Residual norm 8.65976e-06 
 15 KSP Residual norm 3.64442e-06 
 16 KSP Residual norm 2.27276e-06 
 17 KSP Residual norm 5.62741e-07 
 18 KSP Residual norm 3.21672e-07 
 19 KSP Residual norm 1.37286e-07 
 20 KSP Residual norm 2.77648e-08 
 21 KSP Residual norm 1.15947e-08 
 22 KSP Residual norm 4.55856e-09 
 23 KSP Residual norm 6.018e-10 
 24 KSP Residual norm 2.952e-10 
 25 KSP Residual norm 1.030e-10 
 26 KSP Residual norm 1.030e-11 
 27 KSP Residual norm < 1.e-11
 28 KSP Residual norm < 1.e-11
 29 KSP Residual norm < 1.e-11
 30 KSP Residual norm < 1.e-11
 31 KSP Residual norm < 1.e-11
 32 KSP Residual norm < 1.e-11
Number of iterations =  32
Residual norm < 1.e-12
  0 KSP Residual norm 28.5234 
  1 KSP Residual norm 0.797053 
  2 KSP Residual norm 0.538217 
  3 KSP Residual norm 0.121549 
  4 KSP Residual norm 0.0854348 
  5 KSP Residual norm 0.0475024 
  6 KSP Residual norm 0.0160333 
  7 KSP Residual norm 0.0042922 
  8 KSP Residual norm 0.00121741 
  9 KSP Residual norm 0.000582152 
 10 KSP Residual norm 0.000284626 
 11 KSP Residual norm 0.000137325 
 12 KSP Residual norm 6.5102e-05 
 13 KSP Residual norm 1.72781e-05 
 14 KSP Residual norm 8.42553e-06 
 15 KSP Residual norm 3.11198e-06 
 16 KSP Residual norm 1.41522e-06 
 17 KSP Residual norm 6.20759e-07 
 18 KSP Residual norm 2.27907e-07 
 19 KSP Residual norm 7.16546e-08 
 20 KSP Residual norm 2.57236e-08 
 21 KSP Residual norm 8.75833e-09 
 22 KSP Residual norm 2.56906e-09 
 23 KSP Residual norm 1.36209e-09 
 24 KSP Residual norm 4.972e-10 
 25 KSP Residual norm 1.286e-10 
 26 KSP Residual norm 4.745e-11 
 27 KSP Residual norm < 1.e-11
 28 KSP Residual norm < 1.e-11
 29 KSP Residual norm < 1.e-11
 30 KSP Residual norm < 1.e-11
 31 KSP Residual norm < 1.e-11
Number of iterations =  31
Residual norm < 1.e-12
  0 KSP Residual norm 3.78643 
  1 KSP Residual norm 1.32054 
  2 KSP Residual norm 0.581898 
  3 KSP Residual norm 0.158674 
  4 KSP Residual norm 0.0825684 
  5 KSP Residual norm 0.0251909 
  6 KSP Residual norm 0.00917771 
  7 KSP Residual norm 0.0043549 
  8 KSP Residual norm 0.00297884 
  9 KSP Residual norm 0.00037183 
 10 KSP Residual norm 0.000116772 
 11 KSP Residual norm 4.7484e-05 
 12 KSP Residual norm 1.17414e-05 
 13 KSP Residual norm 1.81823e-06 
 14 KSP Residual norm 7.30726e-07 
 15 KSP Residual norm 1.45614e-07 
 16 KSP Residual norm 3.94616e-08 
 17 KSP Residual norm 9.31707e-09 
 18 KSP Residual norm 3.48971e-09 
 19 KSP Residual norm 5.347e-10 
 20 KSP Residual norm 1.292e-10 
 21 KSP Residual norm 3.989e-11 
 22 KSP Residual norm 1.034e-11 
 23 KSP Residual norm < 1.e-11
 24 KSP Residual norm < 1.e-11
 25 KSP Residual norm < 1.e-11
 26 KSP Residual norm < 1.e-11
 27 KSP Residual norm < 1.e-11
 28 KSP Residual norm < 1.e-11
Number of iterations =  28
Residual norm < 1.e-12
  0 KSP Residual norm 28.5317 
  1 KSP Residual norm 1.36964 
  2 KSP Residual norm 0.873576 
  3 KSP Residual norm 0.197058 
  4 KSP Residual norm 0.125779 
  5 KSP Residual norm 0.0358887 
  6 KSP Residual norm 0.0184469 
  7 KSP Residual norm 0.00320988 
  8 KSP Residual norm 0.000929186 
  9 KSP Residual norm 0.000271696 
 10 KSP Residual norm 9.85631e-05 
 11 KSP Residual norm 5.9872e-05 
 12 KSP Residual norm 1.96231e-05 
 13 KSP Residual norm 8.54386e-06 
 14 KSP Residual norm 2.85065e-06 
 15 KSP Residual norm 6.69488e-07 
 16 KSP Residual norm 2.27924e-07 
 17 KSP Residual norm 7.15155e-08 
 18 KSP Residual norm 1.62125e-08 
 19 KSP Residual norm 5.7572e-09 
 20 KSP Residual norm 1.87506e-09 
 21 KSP Residual norm 4.445e-10 
 22 KSP Residual norm 1.033e-10 
 23 KSP Residual norm 3.242e-11 
 24 KSP Residual norm < 1.e-11
 25 KSP Residual norm < 1.e-11
 26 KSP Residual norm < 1.e-11
 27 KSP Residual norm < 1.e-11
 28 KSP Residual norm < 1.e-11
Number of iterations =  28
Residual norm < 1.e-12
  0 KSP Residual norm 1.70018 
  1 KSP Residual norm 0.196394 
  2 KSP Residual norm 0.0144784 
  3 KSP Residual norm 0.00231186 
  4 KSP Residual norm 0.000101227 
  5 KSP Residual norm 1.10779e-05 
  6 KSP Residual norm 8.70982e-07 
  7 KSP Residual norm 9.35862e-08 
  8 KSP Residual norm 8.24462e-09 
  9 KSP Residual norm 6.965e-10 
 10 KSP Residual norm 7.346e-11 
 11 KSP Residual norm < 1.e-11
 12 KSP Residual norm < 1.e-11
 13 KSP Residual norm < 1.e-11
 14 KSP Residual norm < 1.e-11
 15 KSP Residual norm < 1.e-11
Number of iterations =  15
Residual norm < 1.e-12
  0 KSP Residual norm 28.5146 
  1 KSP Residual norm 0.30269 
  2 KSP Residual norm 0.0194149 
  3 KSP Residual norm 0.0030826 
  4 KSP Residual norm 0.000169218 
  5 KSP Residual norm 1.47646e-05 
  6 KSP Residual norm 1.61632e-06 
  7 KSP Residual norm 1.31994e-07 
  8 KSP Residual norm 1.27915e-08 
  9 KSP Residual norm 1.20056e-09 
 10 KSP Residual norm 9.492e-11 
 11 KSP Residual norm 1.142e-11 
 12 KSP Residual norm < 1.e-11
 13 KSP Residual norm < 1.e-11
 14 KSP Residual norm < 1.e-11
Number of iterations =  14
Residual norm < 1.e-12
  0 KSP Residual norm 1.52106 
  1 KSP Residual norm 0.242742 
  2 KSP Residual norm 0.136877 
  3 KSP Residual norm 0.0697048 
  4 KSP Residual norm 0.0243421 
  5 KSP Residual norm 0.0101443 
  6 KSP Residual norm 0.00310125 
  7 KSP Residual norm 0.000998031 
  8 KSP Residual norm 0.000708131 
  9 KSP Residual norm 0.000236024 
 10 KSP Residual norm 0.000104363 
 11 KSP Residual norm 4.78815e-05 
 12 KSP Residual norm 2.69834e-05 
 13 KSP Residual norm 7.66101e-06 
 14 KSP Residual norm 4.14621e-06 
 15 KSP Residual norm 1.61396e-06 
 16 KSP Residual norm 8.27789e-07 
 17 KSP Residual norm 2.87762e-07 
 18 KSP Residual norm 1.31769e-07 
 19 KSP Residual norm 5.64826e-08 
 20 KSP Residual norm 1.60456e-08 
 21 KSP Residual norm 6.40112e-09 
 22 KSP Residual norm 2.27042e-09 
 23 KSP Residual norm 5.501e-10 
 24 KSP Residual norm 1.676e-10 
 25 KSP Residual norm 5.616e-11 
 26 KSP Residual norm 1.311e-11 
 27 KSP Residual norm < 1.e-11
 28 KSP Residual norm < 1.e-11
 29 KSP Residual norm < 1.e-11
 30 KSP Residual norm < 1.e-11
 31 KSP Residual norm < 1.e-11
 32 KSP Residual norm < 1.e-11
 33 KSP Residual norm < 1.e-11
Number of iterations =  33
Residual norm < 1.e-12
  0 KSP Residual norm 28.4955 
  1 KSP Residual norm 0.317321 
  2 KSP Residual norm 0.184779 
  3 KSP Residual norm 0.0833816 
  4 KSP Residual norm 0.040523 
  5 KSP Residual norm 0.0136334 
  6 KSP Residual norm 0.00689557 
  7 KSP Residual norm 0.00152984 
  8 KSP Residual norm 0.00083984 
  9 KSP Residual norm 0.000397359 
 10 KSP Residual norm 0.000128741 
 11 KSP Residual norm 6.11836e-05 
 12 KSP Residual norm 3.3492e-05 
 13 KSP Residual norm 1.20872e-05 
 14 KSP Residual norm 5.07805e-06 
 15 KSP Residual norm 2.30769e-06 
 16 KSP Residual norm 1.02476e-06 
 17 KSP Residual norm 4.25511e-07 
 18 KSP Residual norm 1.62588e-07 
 19 KSP Residual norm 7.50622e-08 
 20 KSP Residual norm 2.0802e-08 
 21 KSP Residual norm 7.91897e-09 
 22 KSP Residual norm 3.08208e-09 
 23 KSP Residual norm 8.142e-10 
 24 KSP Residual norm 2.031e-10 
 25 KSP Residual norm 7.205e-11 
 26 KSP Residual norm 1.612e-11 
 27 KSP Residual norm < 1.e-11
 28 KSP Residual norm < 1.e-11
 29 KSP Residual norm < 1.e-11
 30 KSP Residual norm < 1.e-11
 31 KSP Residual norm < 1.e-11
Number of iterations =  31
Residual norm < 1.e-12
  0 KSP Residual norm 1.49463 
  1 KSP Residual norm 0.279255 
  2 KSP Residual norm 0.130556 
  3 KSP Residual norm 0.0582736 
  4 KSP Residual norm 0.0232522 
  5 KSP Residual norm 0.010956 
  6 KSP Residual norm 0.00285788 
  7 KSP Residual norm 0.00074055 
  8 KSP Residual norm 0.000286483 
  9 KSP Residual norm 9.18684e-05 
 10 KSP Residual norm 2.30034e-05 
 11 KSP Residual norm 9.3178e-06 
 12 KSP Residual norm 2.85703e-06 
 13 KSP Residual norm 7.48178e-07 
 14 KSP Residual norm 2.83077e-07 
 15 KSP Residual norm 7.57604e-08 
 16 KSP Residual norm 2.11273e-08 
 17 KSP Residual norm 9.80466e-09 
 18 KSP Residual norm 2.60468e-09 
 19 KSP Residual norm 6.674e-10 
 20 KSP Residual norm 1.653e-10 
 21 KSP Residual norm 3.177e-11 
 22 KSP Residual norm < 1.e-11
 23 KSP Residual norm < 1.e-11
 24 KSP Residual norm < 1.e-11
 25 KSP Residual norm < 1.e-11
 26 KSP Residual norm < 1.e-11
 27 KSP Residual norm < 1.e-11
Number of iterations =  27
Residual norm < 1.e-12
  0 KSP Residual norm 28.4939 
  1 KSP Residual norm 0.370739 
  2 KSP Residual norm 0.168388 
  3 KSP Residual norm 0.0709147 
  4 KSP Residual norm 0.0324289 
  5 KSP Residual norm 0.0134926 
  6 KSP Residual norm 0.00856487 
  7 KSP Residual norm 0.00124926 
  8 KSP Residual norm 0.000397523 
  9 KSP Residual norm 0.000152668 
 10 KSP Residual norm 3.38947e-05 
 11 KSP Residual norm 1.36269e-05 
 12 KSP Residual norm 4.28402e-06 
 13 KSP Residual norm 1.20725e-06 
 14 KSP Residual norm 3.7051e-07 
 15 KSP Residual norm 1.37624e-07 
 16 KSP Residual norm 2.7406e-08 
 17 KSP Residual norm 1.29872e-08 
 18 KSP Residual norm 3.50094e-09 
 19 KSP Residual norm 8.816e-10 
 20 KSP Residual norm 2.347e-10 
 21 KSP Residual norm 4.182e-11 
 22 KSP Residual norm 1.144e-11 
 23 KSP Residual norm < 1.e-11
 24 KSP Residual norm < 1.e-11
 25 KSP Residual norm < 1.e-11
 26 KSP Residual norm < 1.e-11
Number of iterations =  26
Residual norm < 1.e-12
  0 KSP Residual norm 2.76746 
  1 KSP Residual norm 0.726117 
  2 KSP Residual norm 0.274097 
  3 KSP Residual norm 0.00868185 
  4 KSP Residual norm 0.000559842 
  5 KSP Residual norm 5.34409e-05 
  6 KSP Residual norm 2.86411e-06 
  7 KSP Residual norm 2.54312e-07 
  8 KSP Residual norm 6.27175e-09 
  9 KSP Residual norm 3.774e-10 
 10 KSP Residual norm 2.347e-11 
 11 KSP Residual norm < 1.e-11
 12 KSP Residual norm < 1.e-11
 13 KSP Residual norm < 1.e-11
 14 KSP Residual norm < 1.e-11
Number of iterations =  14
Residual norm < 1.e-12
  0 KSP Residual norm 28.5353 
  1 KSP Residual norm 0.637099 
  2 KSP Residual norm 0.0897377 
  3 KSP Residual norm 0.00586003 
  4 KSP Residual norm 0.00106224 
  5 KSP Residual norm 7.31206e-05 
  6 KSP Residual norm 6.25905e-06 
  7 KSP Residual norm 6.43043e-07 
  8 KSP Residual norm 2.74831e-08 
  9 KSP Residual norm 2.6888e-09 
 10 KSP Residual norm 1.980e-10 
 11 KSP Residual norm 1.084e-11 
 12 KSP Residual norm < 1.e-11
 13 KSP Residual norm < 1.e-11
Number of iterations =  13
Residual norm < 1.e-12
  0 KSP Residual norm 2.58095 
  1 KSP Residual norm 0.674249 
  2 KSP Residual norm 0.328087 
  3 KSP Residual norm 0.0841716 
  4 KSP Residual norm 0.0613229 
  5 KSP Residual norm 0.00300145 
  6 KSP Residual norm 0.000503706 
  7 KSP Residual norm 0.000101707 
  8 KSP Residual norm 3.36822e-05 
  9 KSP Residual norm 1.07967e-05 
 10 KSP Residual norm 6.90855e-06 
 11 KSP Residual norm 1.26754e-06 
 12 KSP Residual norm 8.19149e-07 
 13 KSP Residual norm 2.83369e-07 
 14 KSP Residual norm 1.31398e-07 
 15 KSP Residual norm 7.24333e-08 
 16 KSP Residual norm 2.59887e-08 
 17 KSP Residual norm 1.08326e-08 
 18 KSP Residual norm 6.89592e-09 
 19 KSP Residual norm 1.48533e-09 
 20 KSP Residual norm 7.769e-10 
 21 KSP Residual norm 3.884e-10 
 22 KSP Residual norm 1.382e-10 
 23 KSP Residual norm 7.256e-11 
 24 KSP Residual norm 2.082e-11 
 25 KSP Residual norm < 1.e-11
 26 KSP Residual norm < 1.e-11
 27 KSP Residual norm < 1.e-11
 28 KSP Residual norm < 1.e-11
 29 KSP Residual norm < 1.e-11
 30 KSP Residual norm < 1.e-11
 31 KSP Residual norm < 1.e-11
 32 KSP Residual norm < 1.e-11
Number of iterations =  32
Residual norm < 1.e-12
  0 KSP Residual norm 28.5147 
  1 KSP Residual norm 0.704377 
  2 KSP Residual norm 0.184156 
  3 KSP Residual norm 0.101145 
  4 KSP Residual norm 0.0671963 
  5 KSP Residual norm 0.0131696 
  6 KSP Residual norm 0.00221454 
  7 KSP Residual norm 0.000565499 
  8 KSP Residual norm 0.000118336 
  9 KSP Residual norm 5.00416e-05 
 10 KSP Residual norm 3.0474e-05 
 11 KSP Residual norm 8.76178e-06 
 12 KSP Residual norm 5.1018e-06 
 13 KSP Residual norm 2.27434e-06 
 14 KSP Residual norm 8.37239e-07 
 15 KSP Residual norm 4.54583e-07 
 16 KSP Residual norm 2.11673e-07 
 17 KSP Residual norm 6.29981e-08 
 18 KSP Residual norm 3.50567e-08 
 19 KSP Residual norm 1.46351e-08 
 20 KSP Residual norm 3.20328e-09 
 21 KSP Residual norm 1.69808e-09 
 22 KSP Residual norm 7.545e-10 
 23 KSP Residual norm 1.609e-10 
 24 KSP Residual norm 1.073e-10 
 25 KSP Residual norm 4.112e-11 
 26 KSP Residual norm 1.018e-11 
 27 KSP Residual norm < 1.e-11
 28 KSP Residual norm < 1.e-11
 29 KSP Residual norm < 1.e-11
 30 KSP Residual norm < 1.e-11
 31 KSP Residual norm < 1.e-11
 32 KSP Residual norm < 1.e-11
Number of iterations =  32
Residual norm < 1.e-12
  0 KSP Residual norm 2.58477 
  1 KSP Residual norm 0.708541 
  2 KSP Residual norm 0.317403 
  3 KSP Residual norm 0.0664822 
  4 KSP Residual norm 0.0440713 
  5 KSP Residual norm 0.00615745 
  6 KSP Residual norm 0.00435225 
  7 KSP Residual norm 0.000827887 
  8 KSP Residual norm 0.000229404 
  9 KSP Residual norm 5.27669e-05 
 10 KSP Residual norm 2.24761e-05 
 11 KSP Residual norm 5.15943e-06 
 12 KSP Residual norm 1.847e-06 
 13 KSP Residual norm 5.6098e-07 
 14 KSP Residual norm 1.19261e-07 
 15 KSP Residual norm 4.3765e-08 
 16 KSP Residual norm 1.38226e-08 
 17 KSP Residual norm 2.56511e-09 
 18 KSP Residual norm 9.294e-10 
 19 KSP Residual norm 2.633e-10 
 20 KSP Residual norm 3.419e-11 
 21 KSP Residual norm 1.114e-11 
 22 KSP Residual norm < 1.e-11
 23 KSP Residual norm < 1.e-11
 24 KSP Residual norm < 1.e-11
 25 KSP Residual norm < 1.e-11
 26 KSP Residual norm < 1.e-11
 27 KSP Residual norm < 1.e-11
Number of iterations =  27
Residual norm < 1.e-12
  0 KSP Residual norm 28.514 
  1 KSP Residual norm 0.703272 
  2 KSP Residual norm 0.195724 
  3 KSP Residual norm 0.0755949 
  4 KSP Residual norm 0.0352748 
  5 KSP Residual norm 0.00797299 
  6 KSP Residual norm 0.00509665 
  7 KSP Residual norm 0.00193307 
  8 KSP Residual norm 0.000599581 
  9 KSP Residual norm 0.000112175 
 10 KSP Residual norm 3.27278e-05 
 11 KSP Residual norm 8.58839e-06 
 12 KSP Residual norm 2.88088e-06 
 13 KSP Residual norm 9.38996e-07 
 14 KSP Residual norm 2.36051e-07 
 15 KSP Residual norm 7.03447e-08 
 16 KSP Residual norm 2.10961e-08 
 17 KSP Residual norm 6.6393e-09 
 18 KSP Residual norm 1.89036e-09 
 19 KSP Residual norm 5.249e-10 
 20 KSP Residual norm 1.778e-10 
 21 KSP Residual norm 3.779e-11 
 22 KSP Residual norm < 1.e-11
 23 KSP Residual norm < 1.e-11
 24 KSP Residual norm < 1.e-11
 25 KSP Residual norm < 1.e-11
 26 KSP Residual norm < 1.e-11
Number of iterations =  26
Residual norm < 1.e-12
