  0 KSP Residual norm 28.5175 
  1 KSP Residual norm 0.768084 
  2 KSP Residual norm 0.33418 
  3 KSP Residual norm 0.12015 
  4 KSP Residual norm 0.0915038 
  5 KSP Residual norm 0.0547964 
  6 KSP Residual norm 0.0214098 
  7 KSP Residual norm 0.00321067 
  8 KSP Residual norm 0.00102408 
  9 KSP Residual norm 0.00034817 
 10 KSP Residual norm 0.000221061 
 11 KSP Residual norm 9.45282e-05 
 12 KSP Residual norm 4.50798e-05 
 13 KSP Residual norm 1.62807e-05 
 14 KSP Residual norm 6.8552e-06 
 15 KSP Residual norm 2.43077e-06 
 16 KSP Residual norm 1.51756e-06 
 17 KSP Residual norm 5.90967e-07 
 18 KSP Residual norm 2.19112e-07 
 19 KSP Residual norm 9.38054e-08 
 20 KSP Residual norm 3.2193e-08 
 21 KSP Residual norm 8.37964e-09 
 22 KSP Residual norm 3.85003e-09 
 23 KSP Residual norm 1.32388e-09 
 24 KSP Residual norm 4.255e-10 
 25 KSP Residual norm 1.459e-10 
 26 KSP Residual norm 4.674e-11 
 27 KSP Residual norm 2.465e-11 
 28 KSP Residual norm < 1.e-11
 29 KSP Residual norm < 1.e-11
 30 KSP Residual norm < 1.e-11
 31 KSP Residual norm < 1.e-11
 32 KSP Residual norm < 1.e-11
 33 KSP Residual norm < 1.e-11
 34 KSP Residual norm < 1.e-11
Number of iterations =  34
  Residual norm < 1.e-12
