  0 KSP Residual norm 2.58095 
  1 KSP Residual norm 0.674249 
  2 KSP Residual norm 0.328087 
  3 KSP Residual norm 0.0841716 
  4 KSP Residual norm 0.0613229 
  5 KSP Residual norm 0.00300145 
  6 KSP Residual norm 0.000503706 
  7 KSP Residual norm 0.000101707 
  8 KSP Residual norm 3.36822e-05 
  9 KSP Residual norm 1.07967e-05 
 10 KSP Residual norm 6.90855e-06 
 11 KSP Residual norm 1.26754e-06 
 12 KSP Residual norm 8.19149e-07 
 13 KSP Residual norm 2.83369e-07 
 14 KSP Residual norm 1.31398e-07 
 15 KSP Residual norm 7.24333e-08 
 16 KSP Residual norm 2.59887e-08 
 17 KSP Residual norm 1.08326e-08 
 18 KSP Residual norm 6.89592e-09 
 19 KSP Residual norm 1.48533e-09 
 20 KSP Residual norm 7.769e-10 
 21 KSP Residual norm 3.884e-10 
 22 KSP Residual norm 1.382e-10 
 23 KSP Residual norm 7.256e-11 
 24 KSP Residual norm 2.082e-11 
 25 KSP Residual norm < 1.e-11
 26 KSP Residual norm < 1.e-11
 27 KSP Residual norm < 1.e-11
 28 KSP Residual norm < 1.e-11
 29 KSP Residual norm < 1.e-11
 30 KSP Residual norm < 1.e-11
 31 KSP Residual norm < 1.e-11
 32 KSP Residual norm < 1.e-11
Number of iterations =  32
  Residual norm < 1.e-12
