  0 KSP Residual norm 8.94427 
  1 KSP Residual norm 6.94908 
  2 KSP Residual norm 3.22682 
  3 KSP Residual norm 1.23968 
  4 KSP Residual norm 0.360413 
  5 KSP Residual norm 0.0728878 
  6 KSP Residual norm 0.0137067 
  7 KSP Residual norm 0.00279851 
  8 KSP Residual norm 0.0019432 
  9 KSP Residual norm 0.00119385 
 10 KSP Residual norm 0.000629912 
 11 KSP Residual norm 0.00062654 
 12 KSP Residual norm 0.000204666 
 13 KSP Residual norm 0.000182056 
 14 KSP Residual norm 0.00015965 
 15 KSP Residual norm 0.000145811 
 16 KSP Residual norm 0.000136816 
 17 KSP Residual norm 0.000131984 
 18 KSP Residual norm 6.51876e-05 
  0 KSP Residual norm 8.94428 
  1 KSP Residual norm 6.94908 
  2 KSP Residual norm 3.22683 
  3 KSP Residual norm 1.23977 
  4 KSP Residual norm 0.363345 
  5 KSP Residual norm 0.131209 
  6 KSP Residual norm 0.112444 
  7 KSP Residual norm 0.0557882 
  8 KSP Residual norm 0.0232947 
  9 KSP Residual norm 0.01909 
 10 KSP Residual norm 0.0135283 
 11 KSP Residual norm 0.0126603 
 12 KSP Residual norm 0.00936223 
 13 KSP Residual norm 0.00827325 
 14 KSP Residual norm 0.00763964 
 15 KSP Residual norm 0.00763939 
 16 KSP Residual norm 0.00694159 
 17 KSP Residual norm 0.00598637 
 18 KSP Residual norm 0.0045727 
 19 KSP Residual norm 0.00386484 
 20 KSP Residual norm 0.00377958 
 21 KSP Residual norm 0.00254437 
 22 KSP Residual norm 0.00231706 
 23 KSP Residual norm 0.00217836 
 24 KSP Residual norm 0.00217835 
 25 KSP Residual norm 0.00206928 
 26 KSP Residual norm 0.0018764 
 27 KSP Residual norm 0.000970039 
 28 KSP Residual norm 0.000943243 
 29 KSP Residual norm 0.000888452 
 30 KSP Residual norm 0.000782323 
 31 KSP Residual norm 0.000769786 
 32 KSP Residual norm 0.00076212 
 33 KSP Residual norm 0.000757671 
 34 KSP Residual norm 0.000722224 
 35 KSP Residual norm 0.000536599 
 36 KSP Residual norm 0.000367356 
 37 KSP Residual norm 0.000358896 
 38 KSP Residual norm 0.000358791 
 39 KSP Residual norm 0.000299363 
 40 KSP Residual norm 0.000295414 
 41 KSP Residual norm 0.000292214 
 42 KSP Residual norm 0.000292212 
 43 KSP Residual norm 0.00023777 
 44 KSP Residual norm 0.000146807 
 45 KSP Residual norm 0.0001306 
 46 KSP Residual norm 0.000113267 
 47 KSP Residual norm 0.000109392 
 48 KSP Residual norm 0.000109284 
 49 KSP Residual norm 0.000109149 
 50 KSP Residual norm 6.08466e-05 
  0 KSP Residual norm 8.94428 
  1 KSP Residual norm 6.94909 
  2 KSP Residual norm 3.22683 
  3 KSP Residual norm 1.2398 
  4 KSP Residual norm 0.364127 
  5 KSP Residual norm 0.138917 
  6 KSP Residual norm 0.119032 
  7 KSP Residual norm 0.0572955 
  8 KSP Residual norm 0.0285863 
  9 KSP Residual norm 0.0225143 
 10 KSP Residual norm 0.0170896 
 11 KSP Residual norm 0.016287 
 12 KSP Residual norm 0.0106115 
 13 KSP Residual norm 0.00943152 
 14 KSP Residual norm 0.00835504 
 15 KSP Residual norm 0.00831282 
 16 KSP Residual norm 0.00778427 
 17 KSP Residual norm 0.00704828 
 18 KSP Residual norm 0.00497932 
 19 KSP Residual norm 0.00458602 
 20 KSP Residual norm 0.00443199 
 21 KSP Residual norm 0.00327757 
 22 KSP Residual norm 0.0029178 
 23 KSP Residual norm 0.00258766 
 24 KSP Residual norm 0.00258715 
 25 KSP Residual norm 0.0025497 
 26 KSP Residual norm 0.00231216 
 27 KSP Residual norm 0.0015893 
 28 KSP Residual norm 0.00154995 
 29 KSP Residual norm 0.00146121 
 30 KSP Residual norm 0.00124959 
 31 KSP Residual norm 0.00118252 
 32 KSP Residual norm 0.00115097 
 33 KSP Residual norm 0.00112481 
 34 KSP Residual norm 0.00110818 
 35 KSP Residual norm 0.000927612 
 36 KSP Residual norm 0.000808629 
 37 KSP Residual norm 0.000755958 
 38 KSP Residual norm 0.000735353 
 39 KSP Residual norm 0.000588869 
 40 KSP Residual norm 0.000571919 
 41 KSP Residual norm 0.000568547 
 42 KSP Residual norm 0.000557936 
 43 KSP Residual norm 0.000430408 
 44 KSP Residual norm 0.000325934 
 45 KSP Residual norm 0.000290368 
 46 KSP Residual norm 0.000279449 
 47 KSP Residual norm 0.000247643 
 48 KSP Residual norm 0.000245732 
 49 KSP Residual norm 0.000245573 
 50 KSP Residual norm 0.000230095 
 51 KSP Residual norm 0.000153853 
 52 KSP Residual norm 0.000111758 
 53 KSP Residual norm 9.70189e-05 
 54 KSP Residual norm 9.67831e-05 
 55 KSP Residual norm 9.63958e-05 
 56 KSP Residual norm 9.57302e-05 
 57 KSP Residual norm 8.40961e-05 
L2 norm of the numerical error = 0.0181148 (time=0.99)
Number of time steps: 3 (125 Krylov iterations)
