... (1) Prefault period ... 
0 TS dt 0.01 time 0.
    Linear solve converged due to CONVERGED_RTOL iterations 1
  Nonlinear solve converged due to CONVERGED_SNORM_RELATIVE iterations 1
1 TS dt 0.01 time 0.01
    Linear solve converged due to CONVERGED_RTOL iterations 1
  Nonlinear solve converged due to CONVERGED_SNORM_RELATIVE iterations 1
2 TS dt 0.01 time 0.02

... (2) Apply disturbance, solve algebraic equations ... 
  Linear alg_ solve converged due to CONVERGED_RTOL iterations 1
Nonlinear alg_ solve converged due to CONVERGED_FNORM_RELATIVE iterations 1

... (3) Disturbance period ... 
2 TS dt 0.01 time 0.02
    Linear solve converged due to CONVERGED_RTOL iterations 1
    Linear solve converged due to CONVERGED_RTOL iterations 1
  Nonlinear solve converged due to CONVERGED_FNORM_RELATIVE iterations 2
3 TS dt 0.01 time 0.03
    Linear solve converged due to CONVERGED_RTOL iterations 1
    Linear solve converged due to CONVERGED_RTOL iterations 1
  Nonlinear solve converged due to CONVERGED_FNORM_RELATIVE iterations 2
4 TS dt 0.01 time 0.04
    Linear solve converged due to CONVERGED_RTOL iterations 1
    Linear solve converged due to CONVERGED_RTOL iterations 1
  Nonlinear solve converged due to CONVERGED_FNORM_RELATIVE iterations 2
5 TS dt 0.01 time 0.05

... (4) Remove fault, solve algebraic equations ... 
  Linear alg_ solve converged due to CONVERGED_RTOL iterations 1
Nonlinear alg_ solve converged due to CONVERGED_FNORM_RELATIVE iterations 1

... (5) Post-disturbance period ... 
5 TS dt 0.01 time 0.05
    Linear solve converged due to CONVERGED_RTOL iterations 1
    Linear solve converged due to CONVERGED_RTOL iterations 1
  Nonlinear solve converged due to CONVERGED_FNORM_RELATIVE iterations 2
6 TS dt 0.01 time 0.06
    Linear solve converged due to CONVERGED_RTOL iterations 1
    Linear solve converged due to CONVERGED_RTOL iterations 1
  Nonlinear solve converged due to CONVERGED_FNORM_RELATIVE iterations 2
7 TS dt 0.01 time 0.07
    Linear solve converged due to CONVERGED_RTOL iterations 1
    Linear solve converged due to CONVERGED_RTOL iterations 1
  Nonlinear solve converged due to CONVERGED_FNORM_RELATIVE iterations 2
8 TS dt 0.01 time 0.08
    Linear solve converged due to CONVERGED_RTOL iterations 1
    Linear solve converged due to CONVERGED_RTOL iterations 1
  Nonlinear solve converged due to CONVERGED_FNORM_RELATIVE iterations 2
9 TS dt 0.01 time 0.09
    Linear solve converged due to CONVERGED_RTOL iterations 1
    Linear solve converged due to CONVERGED_RTOL iterations 1
  Nonlinear solve converged due to CONVERGED_FNORM_RELATIVE iterations 2
10 TS dt 0.01 time 0.1
    Linear solve converged due to CONVERGED_RTOL iterations 1
    Linear solve converged due to CONVERGED_RTOL iterations 1
  Nonlinear solve converged due to CONVERGED_FNORM_RELATIVE iterations 2
11 TS dt 0.01 time 0.11
