
 sensitivity wrt initial conditions: 
Vec Object: 1 MPI processes
  type: seq
3.29591
0.303045
-0.253628
-0.226935
-1.66533e-18
-2.88658e-17
0.0404522
0.317444
0.0179202
1.70642
0.400713
-0.0259331
-0.0823524
-1.11022e-17
-2.66454e-17
0.0315248
0.261861
0.0136042
1.10859
0.3423
-0.0712946
-0.0424481
-2.22045e-18
1.33227e-17
0.0212663
0.218253
0.0104727
1.55431e-17
-3.55271e-17
2.28983e-16
3.55271e-16
3.62904e-17
7.10543e-17
2.17604e-16
1.77636e-17
-5.9952e-17
-2.39808e-16
-1.11022e-17
-2.13163e-16
-1.93179e-16
-5.32907e-16
4.88498e-17
2.84217e-16
-2.26485e-16
2.13163e-16
