0 TS dt 0.01 time 0.
  0 SNES Function norm 2.321e-11 
  0 SNES Function norm 2.030e-11 
  0 SNES Function norm 2.080e-11 
1 TS dt 0.01 time 0.01
  0 SNES Function norm 2.080e-11 
  0 SNES Function norm 1.971e-11 
  0 SNES Function norm 2.011e-11 
2 TS dt 0.01 time 0.02
  0 SNES Function norm 2.011e-11 
  0 SNES Function norm 2.088e-11 
  0 SNES Function norm 2.147e-11 
3 TS dt 0.01 time 0.03
  0 SNES Function norm 2.147e-11 
  0 SNES Function norm 2.502e-11 
  0 SNES Function norm 2.622e-11 
4 TS dt 0.01 time 0.04
  0 SNES Function norm 2.622e-11 
  0 SNES Function norm 3.443e-11 
  0 SNES Function norm 3.684e-11 
5 TS dt 0.01 time 0.05
  0 SNES Function norm 3.684e-11 
  0 SNES Function norm 5.278e-11 
  0 SNES Function norm 5.727e-11 
6 TS dt 0.01 time 0.06
  0 SNES Function norm 5.727e-11 
  0 SNES Function norm 8.592e-11 
  0 SNES Function norm 9.389e-11 
7 TS dt 0.01 time 0.07
  0 SNES Function norm 9.389e-11 
  0 SNES Function norm 1.438e-10 
  0 SNES Function norm 1.576e-10 
8 TS dt 0.01 time 0.08
  0 SNES Function norm 1.576e-10 
  0 SNES Function norm 2.434e-10 
  0 SNES Function norm 2.671e-10 
9 TS dt 0.01 time 0.09
  0 SNES Function norm 2.671e-10 
  0 SNES Function norm 4.139e-10 
  0 SNES Function norm 4.545e-10 
10 TS dt 0.01 time 0.1
  0 SNES Function norm 4.545e-10 
  0 SNES Function norm 7.054e-10 
  0 SNES Function norm 7.748e-10 
11 TS dt 0.01 time 0.11
  0 SNES Function norm 7.748e-10 
  0 SNES Function norm 1.20324e-09 
  0 SNES Function norm 1.32186e-09 
12 TS dt 0.01 time 0.12
  0 SNES Function norm 1.32186e-09 
  0 SNES Function norm 2.05338e-09 
  0 SNES Function norm 2.25595e-09 
13 TS dt 0.01 time 0.13
  0 SNES Function norm 2.25595e-09 
  0 SNES Function norm 3.50496e-09 
  0 SNES Function norm 3.85087e-09 
14 TS dt 0.01 time 0.14
  0 SNES Function norm 3.85087e-09 
  0 SNES Function norm 5.98346e-09 
  0 SNES Function norm 6.57414e-09 
15 TS dt 0.01 time 0.15
  0 SNES Function norm 6.57414e-09 
  0 SNES Function norm 1.02154e-08 
  1 SNES Function norm < 1.e-11
  0 SNES Function norm 8.39477e-09 
16 TS dt 0.01 time 0.16
  0 SNES Function norm 8.39477e-09 
  0 SNES Function norm 1.30447e-08 
  1 SNES Function norm < 1.e-11
  0 SNES Function norm 1.07197e-08 
  1 SNES Function norm < 1.e-11
17 TS dt 0.01 time 0.17
  0 SNES Function norm < 1.e-11
  0 SNES Function norm < 1.e-11
  0 SNES Function norm < 1.e-11
18 TS dt 0.01 time 0.18
  0 SNES Function norm < 1.e-11
  0 SNES Function norm < 1.e-11
  0 SNES Function norm < 1.e-11
19 TS dt 0.01 time 0.19
  0 SNES Function norm < 1.e-11
  0 SNES Function norm < 1.e-11
  0 SNES Function norm < 1.e-11
20 TS dt 0.01 time 0.2
  0 SNES Function norm < 1.e-11
  0 SNES Function norm < 1.e-11
  0 SNES Function norm < 1.e-11
21 TS dt 0.01 time 0.21
  0 SNES Function norm < 1.e-11
  0 SNES Function norm < 1.e-11
  0 SNES Function norm < 1.e-11
22 TS dt 0.01 time 0.22
  0 SNES Function norm < 1.e-11
  0 SNES Function norm < 1.e-11
  0 SNES Function norm < 1.e-11
23 TS dt 0.01 time 0.23
  0 SNES Function norm < 1.e-11
  0 SNES Function norm < 1.e-11
  0 SNES Function norm < 1.e-11
24 TS dt 0.01 time 0.24
  0 SNES Function norm < 1.e-11
  0 SNES Function norm < 1.e-11
  0 SNES Function norm < 1.e-11
25 TS dt 0.01 time 0.25
  0 SNES Function norm < 1.e-11
  0 SNES Function norm < 1.e-11
  0 SNES Function norm < 1.e-11
26 TS dt 0.01 time 0.26
  0 SNES Function norm < 1.e-11
  0 SNES Function norm 1.101e-11 
  0 SNES Function norm 1.109e-11 
27 TS dt 0.01 time 0.27
  0 SNES Function norm 1.109e-11 
  0 SNES Function norm 1.288e-11 
  0 SNES Function norm 1.300e-11 
28 TS dt 0.01 time 0.28
  0 SNES Function norm 1.300e-11 
  0 SNES Function norm 1.518e-11 
  0 SNES Function norm 1.539e-11 
29 TS dt 0.01 time 0.29
  0 SNES Function norm 1.539e-11 
  0 SNES Function norm 1.832e-11 
  0 SNES Function norm 1.875e-11 
30 TS dt 0.01 time 0.3
  0 SNES Function norm 1.875e-11 
  0 SNES Function norm 2.321e-11 
  0 SNES Function norm 2.411e-11 
31 TS dt 0.01 time 0.31
  0 SNES Function norm 2.411e-11 
  0 SNES Function norm 3.167e-11 
  0 SNES Function norm 3.351e-11 
32 TS dt 0.01 time 0.32
  0 SNES Function norm 3.351e-11 
  0 SNES Function norm 4.690e-11 
  0 SNES Function norm 5.045e-11 
33 TS dt 0.01 time 0.33
  0 SNES Function norm 5.045e-11 
  0 SNES Function norm 7.414e-11 
  0 SNES Function norm 8.059e-11 
34 TS dt 0.01 time 0.34
  0 SNES Function norm 8.059e-11 
  0 SNES Function norm 1.219e-10 
  0 SNES Function norm 1.333e-10 
35 TS dt 0.01 time 0.35
  0 SNES Function norm 1.333e-10 
  0 SNES Function norm 2.045e-10 
  0 SNES Function norm 2.242e-10 
36 TS dt 0.01 time 0.36
  0 SNES Function norm 2.242e-10 
  0 SNES Function norm 3.464e-10 
  0 SNES Function norm 3.801e-10 
37 TS dt 0.01 time 0.37
  0 SNES Function norm 3.801e-10 
  0 SNES Function norm 5.889e-10 
  0 SNES Function norm 6.465e-10 
38 TS dt 0.01 time 0.38
  0 SNES Function norm 6.465e-10 
  0 SNES Function norm 1.003e-09 
  0 SNES Function norm 1.10146e-09 
39 TS dt 0.01 time 0.39
  0 SNES Function norm 1.10146e-09 
  0 SNES Function norm 1.70964e-09 
  0 SNES Function norm 1.8777e-09 
40 TS dt 0.01 time 0.4
  0 SNES Function norm 1.8777e-09 
  0 SNES Function norm 2.91525e-09 
  0 SNES Function norm 3.20204e-09 
41 TS dt 0.01 time 0.41
  0 SNES Function norm 3.20204e-09 
  0 SNES Function norm 4.97209e-09 
  0 SNES Function norm 5.46148e-09 
42 TS dt 0.01 time 0.42
  0 SNES Function norm 5.46148e-09 
  0 SNES Function norm 8.4814e-09 
  0 SNES Function norm 9.31654e-09 
43 TS dt 0.01 time 0.43
  0 SNES Function norm 9.31654e-09 
  0 SNES Function norm 1.44693e-08 
  1 SNES Function norm < 1.e-11
  0 SNES Function norm 1.18928e-08 
  1 SNES Function norm < 1.e-11
44 TS dt 0.01 time 0.44
  0 SNES Function norm < 1.e-11
  0 SNES Function norm < 1.e-11
  0 SNES Function norm < 1.e-11
45 TS dt 0.01 time 0.45
  0 SNES Function norm < 1.e-11
  0 SNES Function norm 1.036e-11 
  0 SNES Function norm 1.032e-11 
46 TS dt 0.01 time 0.46
  0 SNES Function norm 1.032e-11 
  0 SNES Function norm 1.542e-11 
  0 SNES Function norm 1.539e-11 
47 TS dt 0.01 time 0.47
  0 SNES Function norm 1.539e-11 
  0 SNES Function norm 2.044e-11 
  0 SNES Function norm 2.042e-11 
48 TS dt 0.01 time 0.48
  0 SNES Function norm 2.042e-11 
  0 SNES Function norm 2.546e-11 
  0 SNES Function norm 2.545e-11 
49 TS dt 0.01 time 0.49
  0 SNES Function norm 2.545e-11 
  0 SNES Function norm 3.050e-11 
  0 SNES Function norm 3.051e-11 
50 TS dt 0.01 time 0.5
  0 SNES Function norm 3.051e-11 
  0 SNES Function norm 3.567e-11 
  0 SNES Function norm 3.572e-11 
51 TS dt 0.01 time 0.51
  0 SNES Function norm 3.572e-11 
  0 SNES Function norm 4.115e-11 
  0 SNES Function norm 4.130e-11 
52 TS dt 0.01 time 0.52
  0 SNES Function norm 4.130e-11 
  0 SNES Function norm 4.740e-11 
  0 SNES Function norm 4.779e-11 
53 TS dt 0.01 time 0.53
  0 SNES Function norm 4.779e-11 
  0 SNES Function norm 5.560e-11 
  0 SNES Function norm 5.658e-11 
54 TS dt 0.01 time 0.54
  0 SNES Function norm 5.658e-11 
  0 SNES Function norm 6.839e-11 
  0 SNES Function norm 7.070e-11 
55 TS dt 0.01 time 0.55
  0 SNES Function norm 7.070e-11 
  0 SNES Function norm 9.109e-11 
  0 SNES Function norm 9.607e-11 
56 TS dt 0.01 time 0.56
  0 SNES Function norm 9.607e-11 
  0 SNES Function norm 1.329e-10 
  0 SNES Function norm 1.427e-10 
57 TS dt 0.01 time 0.57
  0 SNES Function norm 1.427e-10 
  0 SNES Function norm 2.085e-10 
  0 SNES Function norm 2.263e-10 
58 TS dt 0.01 time 0.58
  0 SNES Function norm 2.263e-10 
  0 SNES Function norm 3.409e-10 
  0 SNES Function norm 3.721e-10 
59 TS dt 0.01 time 0.59
  0 SNES Function norm 3.721e-10 
  0 SNES Function norm 5.688e-10 
  0 SNES Function norm 6.223e-10 
60 TS dt 0.01 time 0.6
  0 SNES Function norm 6.223e-10 
  0 SNES Function norm 9.572e-10 
  0 SNES Function norm 1.04835e-09 
61 TS dt 0.01 time 0.61
  0 SNES Function norm 1.04835e-09 
  0 SNES Function norm 1.61678e-09 
  0 SNES Function norm 1.77151e-09 
62 TS dt 0.01 time 0.62
  0 SNES Function norm 1.77151e-09 
  0 SNES Function norm 2.73505e-09 
  0 SNES Function norm 2.99753e-09 
63 TS dt 0.01 time 0.63
  0 SNES Function norm 2.99753e-09 
  0 SNES Function norm 4.63042e-09 
  0 SNES Function norm 5.07561e-09 
64 TS dt 0.01 time 0.64
  0 SNES Function norm 5.07561e-09 
  0 SNES Function norm 7.84324e-09 
  0 SNES Function norm 8.59844e-09 
65 TS dt 0.01 time 0.65
  0 SNES Function norm 8.59844e-09 
  0 SNES Function norm 1.32908e-08 
  1 SNES Function norm < 1.e-11
  0 SNES Function norm 1.09443e-08 
  1 SNES Function norm < 1.e-11
66 TS dt 0.01 time 0.66
  0 SNES Function norm < 1.e-11
  0 SNES Function norm < 1.e-11
  0 SNES Function norm < 1.e-11
67 TS dt 0.01 time 0.67
  0 SNES Function norm < 1.e-11
  0 SNES Function norm 1.396e-11 
  0 SNES Function norm 1.388e-11 
68 TS dt 0.01 time 0.68
  0 SNES Function norm 1.388e-11 
  0 SNES Function norm 2.068e-11 
  0 SNES Function norm 2.061e-11 
69 TS dt 0.01 time 0.69
  0 SNES Function norm 2.061e-11 
  0 SNES Function norm 2.732e-11 
  0 SNES Function norm 2.727e-11 
70 TS dt 0.01 time 0.7
  0 SNES Function norm 2.727e-11 
  0 SNES Function norm 3.393e-11 
  0 SNES Function norm 3.389e-11 
71 TS dt 0.01 time 0.71
  0 SNES Function norm 3.389e-11 
  0 SNES Function norm 4.056e-11 
  0 SNES Function norm 4.055e-11 
72 TS dt 0.01 time 0.72
  0 SNES Function norm 4.055e-11 
  0 SNES Function norm 4.729e-11 
  0 SNES Function norm 4.731e-11 
73 TS dt 0.01 time 0.73
  0 SNES Function norm 4.731e-11 
  0 SNES Function norm 5.424e-11 
  0 SNES Function norm 5.432e-11 
74 TS dt 0.01 time 0.74
  0 SNES Function norm 5.432e-11 
  0 SNES Function norm 6.163e-11 
  0 SNES Function norm 6.180e-11 
75 TS dt 0.01 time 0.75
  0 SNES Function norm 6.180e-11 
  0 SNES Function norm 6.988e-11 
  0 SNES Function norm 7.024e-11 
76 TS dt 0.01 time 0.76
  0 SNES Function norm 7.024e-11 
  0 SNES Function norm 7.987e-11 
  0 SNES Function norm 8.068e-11 
77 TS dt 0.01 time 0.77
  0 SNES Function norm 8.068e-11 
  0 SNES Function norm 9.354e-11 
  0 SNES Function norm 9.526e-11 
78 TS dt 0.01 time 0.78
  0 SNES Function norm 9.526e-11 
  0 SNES Function norm 1.147e-10 
  0 SNES Function norm 1.183e-10 
79 TS dt 0.01 time 0.79
  0 SNES Function norm 1.183e-10 
  0 SNES Function norm 1.504e-10 
  0 SNES Function norm 1.575e-10 
80 TS dt 0.01 time 0.8
  0 SNES Function norm 1.575e-10 
  0 SNES Function norm 2.122e-10 
  0 SNES Function norm 2.253e-10 
81 TS dt 0.01 time 0.81
  0 SNES Function norm 2.253e-10 
  0 SNES Function norm 3.182e-10 
  0 SNES Function norm 3.411e-10 
82 TS dt 0.01 time 0.82
  0 SNES Function norm 3.411e-10 
  0 SNES Function norm 4.968e-10 
  0 SNES Function norm 5.358e-10 
83 TS dt 0.01 time 0.83
  0 SNES Function norm 5.358e-10 
  0 SNES Function norm 7.940e-10 
  0 SNES Function norm 8.593e-10 
84 TS dt 0.01 time 0.84
  0 SNES Function norm 8.593e-10 
  0 SNES Function norm 1.28573e-09 
  0 SNES Function norm 1.39441e-09 
85 TS dt 0.01 time 0.85
  0 SNES Function norm 1.39441e-09 
  0 SNES Function norm 2.09807e-09 
  0 SNES Function norm 2.27861e-09 
86 TS dt 0.01 time 0.86
  0 SNES Function norm 2.27861e-09 
  0 SNES Function norm 3.44097e-09 
  0 SNES Function norm 3.74103e-09 
87 TS dt 0.01 time 0.87
  0 SNES Function norm 3.74103e-09 
  0 SNES Function norm 5.66467e-09 
  0 SNES Function norm 6.16402e-09 
88 TS dt 0.01 time 0.88
  0 SNES Function norm 6.16402e-09 
  0 SNES Function norm 9.35419e-09 
  0 SNES Function norm 1.01866e-08 
  1 SNES Function norm < 1.e-11
89 TS dt 0.01 time 0.89
  0 SNES Function norm < 1.e-11
  0 SNES Function norm 1.175e-11 
  0 SNES Function norm 1.171e-11 
90 TS dt 0.01 time 0.9
  0 SNES Function norm 1.171e-11 
  0 SNES Function norm 2.340e-11 
  0 SNES Function norm 2.338e-11 
91 TS dt 0.01 time 0.91
  0 SNES Function norm 2.338e-11 
  0 SNES Function norm 3.502e-11 
  0 SNES Function norm 3.501e-11 
92 TS dt 0.01 time 0.92
  0 SNES Function norm 3.501e-11 
  0 SNES Function norm 4.664e-11 
  0 SNES Function norm 4.663e-11 
93 TS dt 0.01 time 0.93
  0 SNES Function norm 4.663e-11 
  0 SNES Function norm 5.827e-11 
  0 SNES Function norm 5.827e-11 
94 TS dt 0.01 time 0.94
  0 SNES Function norm 5.827e-11 
  0 SNES Function norm 6.998e-11 
  0 SNES Function norm 7.001e-11 
95 TS dt 0.01 time 0.95
  0 SNES Function norm 7.001e-11 
  0 SNES Function norm 8.189e-11 
  0 SNES Function norm 8.198e-11 
96 TS dt 0.01 time 0.96
  0 SNES Function norm 8.198e-11 
  0 SNES Function norm 9.426e-11 
  0 SNES Function norm 9.447e-11 
97 TS dt 0.01 time 0.97
  0 SNES Function norm 9.447e-11 
  0 SNES Function norm 1.076e-10 
  0 SNES Function norm 1.081e-10 
98 TS dt 0.01 time 0.98
  0 SNES Function norm 1.081e-10 
  0 SNES Function norm 1.232e-10 
  0 SNES Function norm 1.242e-10 
99 TS dt 0.01 time 0.99
  0 SNES Function norm 1.242e-10 
  0 SNES Function norm 1.433e-10 
  0 SNES Function norm 1.455e-10 
  0 SNES Function norm 10322.6 
  1 SNES Function norm < 1.e-11
100 TS dt 0.01 time 1.
  0 SNES Function norm < 1.e-11
  0 SNES Function norm 0.227596 
  1 SNES Function norm < 1.e-11
  0 SNES Function norm 0.223765 
  1 SNES Function norm < 1.e-11
101 TS dt 0.01 time 1.01
  0 SNES Function norm < 1.e-11
  0 SNES Function norm 0.221075 
  1 SNES Function norm < 1.e-11
  0 SNES Function norm 0.219061 
  1 SNES Function norm < 1.e-11
102 TS dt 0.01 time 1.02
  0 SNES Function norm < 1.e-11
  0 SNES Function norm 0.218021 
  1 SNES Function norm < 1.e-11
  0 SNES Function norm 0.217743 
  1 SNES Function norm < 1.e-11
103 TS dt 0.01 time 1.03
  0 SNES Function norm < 1.e-11
  0 SNES Function norm 0.218162 
  1 SNES Function norm < 1.e-11
  0 SNES Function norm 0.219484 
  1 SNES Function norm < 1.e-11
104 TS dt 0.01 time 1.04
  0 SNES Function norm < 1.e-11
  0 SNES Function norm 0.221156 
  1 SNES Function norm < 1.e-11
  0 SNES Function norm 0.223898 
  1 SNES Function norm < 1.e-11
105 TS dt 0.01 time 1.05
  0 SNES Function norm < 1.e-11
  0 SNES Function norm 0.22662 
  1 SNES Function norm < 1.e-11
  0 SNES Function norm 0.230587 
  1 SNES Function norm < 1.e-11
106 TS dt 0.01 time 1.06
  0 SNES Function norm < 1.e-11
  0 SNES Function norm 0.234172 
  1 SNES Function norm < 1.e-11
  0 SNES Function norm 0.239166 
  1 SNES Function norm < 1.e-11
107 TS dt 0.01 time 1.07
  0 SNES Function norm < 1.e-11
  0 SNES Function norm 0.243454 
  1 SNES Function norm < 1.e-11
  0 SNES Function norm 0.249294 
  1 SNES Function norm < 1.e-11
108 TS dt 0.01 time 1.08
  0 SNES Function norm < 1.e-11
  0 SNES Function norm 0.254153 
  1 SNES Function norm < 1.e-11
  0 SNES Function norm 0.260679 
  1 SNES Function norm < 1.e-11
  0 SNES Function norm 0.259406 
  1 SNES Function norm < 1.e-11
108 TS dt 0.00956163 time 1.08 (r)
  0 SNES Function norm < 1.e-11
  0 SNES Function norm 0.243018 
  1 SNES Function norm < 1.e-11
  0 SNES Function norm 0.248979 
  1 SNES Function norm < 1.e-11
  0 SNES Function norm 0.247818 
  1 SNES Function norm < 1.e-11
108 TS dt 0.00954042 time 1.08 (r)
  0 SNES Function norm < 1.e-11
  0 SNES Function norm 0.24248 
  1 SNES Function norm < 1.e-11
  0 SNES Function norm 0.248413 
  1 SNES Function norm < 1.e-11
VR[2]: hit upper limit at time 1.08954
109 TS dt 0.000459575 time 1.08954
  0 SNES Function norm < 1.e-11
  0 SNES Function norm 0.0122041 
  1 SNES Function norm < 1.e-11
  0 SNES Function norm 0.0122188 
  1 SNES Function norm < 1.e-11
110 TS dt 0.01 time 1.09
  0 SNES Function norm < 1.e-11
  0 SNES Function norm 0.266004 
  1 SNES Function norm < 1.e-11
  0 SNES Function norm 0.273081 
  1 SNES Function norm < 1.e-11
111 TS dt 0.01 time 1.1
  0 SNES Function norm < 1.e-11
  0 SNES Function norm 0.278796 
  1 SNES Function norm < 1.e-11
  0 SNES Function norm 0.28631 
  1 SNES Function norm < 1.e-11
112 TS dt 0.01 time 1.11
  0 SNES Function norm < 1.e-11
  0 SNES Function norm 0.29235 
  1 SNES Function norm < 1.e-11
  0 SNES Function norm 0.300209 
  1 SNES Function norm < 1.e-11
113 TS dt 0.01 time 1.12
  0 SNES Function norm < 1.e-11
  0 SNES Function norm 0.306526 
  1 SNES Function norm < 1.e-11
  0 SNES Function norm 0.314656 
  1 SNES Function norm < 1.e-11
114 TS dt 0.01 time 1.13
  0 SNES Function norm < 1.e-11
  0 SNES Function norm 0.321214 
  1 SNES Function norm < 1.e-11
  0 SNES Function norm 0.329557 
  1 SNES Function norm < 1.e-11
115 TS dt 0.01 time 1.14
  0 SNES Function norm < 1.e-11
  0 SNES Function norm 0.33633 
  1 SNES Function norm < 1.e-11
  0 SNES Function norm 0.344837 
  1 SNES Function norm < 1.e-11
116 TS dt 0.01 time 1.15
  0 SNES Function norm < 1.e-11
  0 SNES Function norm 0.351803 
  1 SNES Function norm < 1.e-11
  0 SNES Function norm 0.360438 
  1 SNES Function norm < 1.e-11
117 TS dt 0.01 time 1.16
  0 SNES Function norm < 1.e-11
  0 SNES Function norm 0.367581 
  1 SNES Function norm < 1.e-11
  0 SNES Function norm 0.376314 
  1 SNES Function norm < 1.e-11
118 TS dt 0.01 time 1.17
  0 SNES Function norm < 1.e-11
  0 SNES Function norm 0.383621 
  1 SNES Function norm < 1.e-11
  0 SNES Function norm 0.39243 
  1 SNES Function norm < 1.e-11
119 TS dt 0.01 time 1.18
  0 SNES Function norm < 1.e-11
  0 SNES Function norm 0.399887 
  1 SNES Function norm < 1.e-11
  0 SNES Function norm 0.408754 
  1 SNES Function norm < 1.e-11
120 TS dt 0.01 time 1.19
  0 SNES Function norm < 1.e-11
  0 SNES Function norm 0.416351 
  1 SNES Function norm < 1.e-11
  0 SNES Function norm 0.425262 
  1 SNES Function norm < 1.e-11
  0 SNES Function norm 6.14318 
  1 SNES Function norm < 1.e-11
VR[2]: dVR_dt went negative on fault clearing at time 1.2
121 TS dt 0.01 time 1.2
  0 SNES Function norm < 1.e-11
  0 SNES Function norm 0.556024 
  1 SNES Function norm < 1.e-11
  0 SNES Function norm 0.552286 
  1 SNES Function norm < 1.e-11
122 TS dt 0.01 time 1.21
  0 SNES Function norm < 1.e-11
  0 SNES Function norm 0.552635 
  1 SNES Function norm < 1.e-11
  0 SNES Function norm 0.548777 
  1 SNES Function norm < 1.e-11
123 TS dt 0.01 time 1.22
  0 SNES Function norm < 1.e-11
  0 SNES Function norm 0.547986 
  1 SNES Function norm < 1.e-11
  0 SNES Function norm 0.544117 
  1 SNES Function norm < 1.e-11
124 TS dt 0.01 time 1.23
  0 SNES Function norm < 1.e-11
  0 SNES Function norm 0.542515 
  1 SNES Function norm < 1.e-11
  0 SNES Function norm 0.538746 
  1 SNES Function norm < 1.e-11
125 TS dt 0.01 time 1.24
  0 SNES Function norm < 1.e-11
  0 SNES Function norm 0.536648 
  1 SNES Function norm < 1.e-11
  0 SNES Function norm 0.533087 
  1 SNES Function norm < 1.e-11
126 TS dt 0.01 time 1.25
  0 SNES Function norm < 1.e-11
  0 SNES Function norm 0.530786 
  1 SNES Function norm < 1.e-11
  0 SNES Function norm 0.527533 
  1 SNES Function norm < 1.e-11
127 TS dt 0.01 time 1.26
  0 SNES Function norm < 1.e-11
  0 SNES Function norm 0.525291 
  1 SNES Function norm < 1.e-11
  0 SNES Function norm 0.522434 
  1 SNES Function norm < 1.e-11
128 TS dt 0.01 time 1.27
  0 SNES Function norm < 1.e-11
  0 SNES Function norm 0.520481 
  1 SNES Function norm < 1.e-11
  0 SNES Function norm 0.518097 
  1 SNES Function norm < 1.e-11
129 TS dt 0.01 time 1.28
  0 SNES Function norm < 1.e-11
  0 SNES Function norm 0.516627 
  1 SNES Function norm < 1.e-11
  0 SNES Function norm 0.514778 
  1 SNES Function norm < 1.e-11
130 TS dt 0.01 time 1.29
  0 SNES Function norm < 1.e-11
  0 SNES Function norm 0.513951 
  1 SNES Function norm < 1.e-11
  0 SNES Function norm 0.512685 
  1 SNES Function norm < 1.e-11
131 TS dt 0.01 time 1.3
  0 SNES Function norm < 1.e-11
  0 SNES Function norm 0.512626 
  1 SNES Function norm < 1.e-11
  0 SNES Function norm 0.511975 
  1 SNES Function norm < 1.e-11
132 TS dt 0.01 time 1.31
  0 SNES Function norm < 1.e-11
  0 SNES Function norm 0.512783 
  1 SNES Function norm < 1.e-11
  0 SNES Function norm 0.512765 
  1 SNES Function norm < 1.e-11
133 TS dt 0.01 time 1.32
  0 SNES Function norm < 1.e-11
  0 SNES Function norm 0.514505 
  1 SNES Function norm < 1.e-11
  0 SNES Function norm 0.515124 
  1 SNES Function norm < 1.e-11
134 TS dt 0.01 time 1.33
  0 SNES Function norm < 1.e-11
  0 SNES Function norm 0.517839 
  1 SNES Function norm < 1.e-11
  0 SNES Function norm 0.519084 
  1 SNES Function norm < 1.e-11
135 TS dt 0.01 time 1.34
  0 SNES Function norm < 1.e-11
  0 SNES Function norm 0.52279 
  1 SNES Function norm < 1.e-11
  0 SNES Function norm 0.524636 
  1 SNES Function norm < 1.e-11
136 TS dt 0.01 time 1.35
  0 SNES Function norm < 1.e-11
  0 SNES Function norm 0.529324 
  1 SNES Function norm < 1.e-11
  0 SNES Function norm 0.531733 
  1 SNES Function norm < 1.e-11
137 TS dt 0.01 time 1.36
  0 SNES Function norm < 1.e-11
  0 SNES Function norm 0.53737 
  1 SNES Function norm < 1.e-11
  0 SNES Function norm 0.540289 
  1 SNES Function norm < 1.e-11
138 TS dt 0.01 time 1.37
  0 SNES Function norm < 1.e-11
  0 SNES Function norm 0.546815 
  1 SNES Function norm < 1.e-11
  0 SNES Function norm 0.550177 
  1 SNES Function norm < 1.e-11
139 TS dt 0.01 time 1.38
  0 SNES Function norm < 1.e-11
  0 SNES Function norm 0.557505 
  1 SNES Function norm < 1.e-11
  0 SNES Function norm 0.561227 
  1 SNES Function norm < 1.e-11
140 TS dt 0.01 time 1.39
  0 SNES Function norm < 1.e-11
  0 SNES Function norm 0.569238 
  1 SNES Function norm < 1.e-11
  0 SNES Function norm 0.573223 
  1 SNES Function norm < 1.e-11
141 TS dt 0.01 time 1.4
  0 SNES Function norm < 1.e-11
  0 SNES Function norm 0.581768 
  1 SNES Function norm < 1.e-11
  0 SNES Function norm 0.585903 
  1 SNES Function norm < 1.e-11
142 TS dt 0.01 time 1.41
  0 SNES Function norm < 1.e-11
  0 SNES Function norm 0.594799 
  1 SNES Function norm < 1.e-11
  0 SNES Function norm 0.598958 
  1 SNES Function norm < 1.e-11
143 TS dt 0.01 time 1.42
  0 SNES Function norm < 1.e-11
  0 SNES Function norm 0.607991 
  1 SNES Function norm < 1.e-11
  0 SNES Function norm 0.612038 
  1 SNES Function norm < 1.e-11
144 TS dt 0.01 time 1.43
  0 SNES Function norm < 1.e-11
  0 SNES Function norm 0.620967 
  1 SNES Function norm < 1.e-11
  0 SNES Function norm 0.624758 
  1 SNES Function norm < 1.e-11
145 TS dt 0.01 time 1.44
  0 SNES Function norm < 1.e-11
  0 SNES Function norm 0.633325 
  1 SNES Function norm < 1.e-11
  0 SNES Function norm 0.636717 
  1 SNES Function norm < 1.e-11
146 TS dt 0.01 time 1.45
  0 SNES Function norm < 1.e-11
  0 SNES Function norm 0.644659 
  1 SNES Function norm < 1.e-11
  0 SNES Function norm 0.647516 
  1 SNES Function norm < 1.e-11
147 TS dt 0.01 time 1.46
  0 SNES Function norm < 1.e-11
  0 SNES Function norm 0.654579 
  1 SNES Function norm < 1.e-11
  0 SNES Function norm 0.656783 
  1 SNES Function norm < 1.e-11
148 TS dt 0.01 time 1.47
  0 SNES Function norm < 1.e-11
  0 SNES Function norm 0.662748 
  1 SNES Function norm < 1.e-11
  0 SNES Function norm 0.664207 
  1 SNES Function norm < 1.e-11
149 TS dt 0.01 time 1.48
  0 SNES Function norm < 1.e-11
  0 SNES Function norm 0.668902 
  1 SNES Function norm < 1.e-11
  0 SNES Function norm 0.669564 
  1 SNES Function norm < 1.e-11
150 TS dt 0.01 time 1.49
  0 SNES Function norm < 1.e-11
  0 SNES Function norm 0.672888 
  1 SNES Function norm < 1.e-11
  0 SNES Function norm 0.672743 
  1 SNES Function norm < 1.e-11
151 TS dt 0.01 time 1.5
  0 SNES Function norm < 1.e-11
  0 SNES Function norm 0.674675 
  1 SNES Function norm < 1.e-11
  0 SNES Function norm 0.673764 
  1 SNES Function norm < 1.e-11
152 TS dt 0.01 time 1.51
  0 SNES Function norm < 1.e-11
  0 SNES Function norm 0.674366 
  1 SNES Function norm < 1.e-11
  0 SNES Function norm 0.672778 
  1 SNES Function norm < 1.e-11
153 TS dt 0.01 time 1.52
  0 SNES Function norm < 1.e-11
  0 SNES Function norm 0.672196 
  1 SNES Function norm < 1.e-11
  0 SNES Function norm 0.670063 
  1 SNES Function norm < 1.e-11
154 TS dt 0.01 time 1.53
  0 SNES Function norm < 1.e-11
  0 SNES Function norm 0.66851 
  1 SNES Function norm < 1.e-11
  0 SNES Function norm 0.665999 
  1 SNES Function norm < 1.e-11
155 TS dt 0.01 time 1.54
  0 SNES Function norm < 1.e-11
  0 SNES Function norm 0.663731 
  1 SNES Function norm < 1.e-11
  0 SNES Function norm 0.661029 
  1 SNES Function norm < 1.e-11
156 TS dt 0.01 time 1.55
  0 SNES Function norm < 1.e-11
  0 SNES Function norm 0.658329 
  1 SNES Function norm < 1.e-11
  0 SNES Function norm 0.655627 
  1 SNES Function norm < 1.e-11
157 TS dt 0.01 time 1.56
  0 SNES Function norm < 1.e-11
  0 SNES Function norm 0.652773 
  1 SNES Function norm < 1.e-11
  0 SNES Function norm 0.650248 
  1 SNES Function norm < 1.e-11
158 TS dt 0.01 time 1.57
  0 SNES Function norm < 1.e-11
  0 SNES Function norm 0.647493 
  1 SNES Function norm < 1.e-11
  0 SNES Function norm 0.645296 
  1 SNES Function norm < 1.e-11
159 TS dt 0.01 time 1.58
  0 SNES Function norm < 1.e-11
  0 SNES Function norm 0.642853 
  1 SNES Function norm < 1.e-11
  0 SNES Function norm 0.641093 
  1 SNES Function norm < 1.e-11
160 TS dt 0.01 time 1.59
  0 SNES Function norm < 1.e-11
  0 SNES Function norm 0.639122 
  1 SNES Function norm < 1.e-11
  0 SNES Function norm 0.637856 
  1 SNES Function norm < 1.e-11
161 TS dt 0.01 time 1.6
  0 SNES Function norm < 1.e-11
  0 SNES Function norm 0.636463 
  1 SNES Function norm < 1.e-11
  0 SNES Function norm 0.635699 
  1 SNES Function norm < 1.e-11
162 TS dt 0.01 time 1.61
  0 SNES Function norm < 1.e-11
  0 SNES Function norm 0.634935 
  1 SNES Function norm < 1.e-11
  0 SNES Function norm 0.634626 
  1 SNES Function norm < 1.e-11
163 TS dt 0.01 time 1.62
  0 SNES Function norm < 1.e-11
  0 SNES Function norm 0.634496 
  1 SNES Function norm < 1.e-11
  0 SNES Function norm 0.634548 
  1 SNES Function norm < 1.e-11
164 TS dt 0.01 time 1.63
  0 SNES Function norm < 1.e-11
  0 SNES Function norm 0.635019 
  1 SNES Function norm < 1.e-11
  0 SNES Function norm 0.635302 
  1 SNES Function norm < 1.e-11
165 TS dt 0.01 time 1.64
  0 SNES Function norm < 1.e-11
  0 SNES Function norm 0.63631 
  1 SNES Function norm < 1.e-11
  0 SNES Function norm 0.636668 
  1 SNES Function norm < 1.e-11
166 TS dt 0.01 time 1.65
  0 SNES Function norm < 1.e-11
  0 SNES Function norm 0.638131 
  1 SNES Function norm < 1.e-11
  0 SNES Function norm 0.638397 
  1 SNES Function norm < 1.e-11
167 TS dt 0.01 time 1.66
  0 SNES Function norm < 1.e-11
  0 SNES Function norm 0.640228 
  1 SNES Function norm < 1.e-11
  0 SNES Function norm 0.640234 
  1 SNES Function norm < 1.e-11
168 TS dt 0.01 time 1.67
  0 SNES Function norm < 1.e-11
  0 SNES Function norm 0.642346 
  1 SNES Function norm < 1.e-11
  0 SNES Function norm 0.64194 
  1 SNES Function norm < 1.e-11
169 TS dt 0.01 time 1.68
  0 SNES Function norm < 1.e-11
  0 SNES Function norm 0.644258 
  1 SNES Function norm < 1.e-11
  0 SNES Function norm 0.643313 
  1 SNES Function norm < 1.e-11
170 TS dt 0.01 time 1.69
  0 SNES Function norm < 1.e-11
  0 SNES Function norm 0.645777 
  1 SNES Function norm < 1.e-11
  0 SNES Function norm 0.6442 
  1 SNES Function norm < 1.e-11
171 TS dt 0.01 time 1.7
  0 SNES Function norm < 1.e-11
  0 SNES Function norm 0.646771 
  1 SNES Function norm < 1.e-11
  0 SNES Function norm 0.644508 
  1 SNES Function norm < 1.e-11
172 TS dt 0.01 time 1.71
  0 SNES Function norm < 1.e-11
  0 SNES Function norm 0.64716 
  1 SNES Function norm < 1.e-11
  0 SNES Function norm 0.644201 
  1 SNES Function norm < 1.e-11
173 TS dt 0.01 time 1.72
  0 SNES Function norm < 1.e-11
  0 SNES Function norm 0.646923 
  1 SNES Function norm < 1.e-11
  0 SNES Function norm 0.643297 
  1 SNES Function norm < 1.e-11
174 TS dt 0.01 time 1.73
  0 SNES Function norm < 1.e-11
  0 SNES Function norm 0.646082 
  1 SNES Function norm < 1.e-11
  0 SNES Function norm 0.641858 
  1 SNES Function norm < 1.e-11
175 TS dt 0.01 time 1.74
  0 SNES Function norm < 1.e-11
  0 SNES Function norm 0.644698 
  1 SNES Function norm < 1.e-11
  0 SNES Function norm 0.639976 
  1 SNES Function norm < 1.e-11
176 TS dt 0.01 time 1.75
  0 SNES Function norm < 1.e-11
  0 SNES Function norm 0.64286 
  1 SNES Function norm < 1.e-11
  0 SNES Function norm 0.637763 
  1 SNES Function norm < 1.e-11
177 TS dt 0.01 time 1.76
  0 SNES Function norm < 1.e-11
  0 SNES Function norm 0.640672 
  1 SNES Function norm < 1.e-11
  0 SNES Function norm 0.635339 
  1 SNES Function norm < 1.e-11
178 TS dt 0.01 time 1.77
  0 SNES Function norm < 1.e-11
  0 SNES Function norm 0.638248 
  1 SNES Function norm < 1.e-11
  0 SNES Function norm 0.632826 
  1 SNES Function norm < 1.e-11
179 TS dt 0.01 time 1.78
  0 SNES Function norm < 1.e-11
  0 SNES Function norm 0.635708 
  1 SNES Function norm < 1.e-11
  0 SNES Function norm 0.630344 
  1 SNES Function norm < 1.e-11
180 TS dt 0.01 time 1.79
  0 SNES Function norm < 1.e-11
  0 SNES Function norm 0.633174 
  1 SNES Function norm < 1.e-11
  0 SNES Function norm 0.628006 
  1 SNES Function norm < 1.e-11
181 TS dt 0.01 time 1.8
  0 SNES Function norm < 1.e-11
  0 SNES Function norm 0.630769 
  1 SNES Function norm < 1.e-11
  0 SNES Function norm 0.625922 
  1 SNES Function norm < 1.e-11
182 TS dt 0.01 time 1.81
  0 SNES Function norm < 1.e-11
  0 SNES Function norm 0.628615 
  1 SNES Function norm < 1.e-11
  0 SNES Function norm 0.624199 
  1 SNES Function norm < 1.e-11
183 TS dt 0.01 time 1.82
  0 SNES Function norm < 1.e-11
  0 SNES Function norm 0.626834 
  1 SNES Function norm < 1.e-11
  0 SNES Function norm 0.622942 
  1 SNES Function norm < 1.e-11
184 TS dt 0.01 time 1.83
  0 SNES Function norm < 1.e-11
  0 SNES Function norm 0.625549 
  1 SNES Function norm < 1.e-11
  0 SNES Function norm 0.622254 
  1 SNES Function norm < 1.e-11
185 TS dt 0.01 time 1.84
  0 SNES Function norm < 1.e-11
  0 SNES Function norm 0.624883 
  1 SNES Function norm < 1.e-11
  0 SNES Function norm 0.622237 
  1 SNES Function norm < 1.e-11
186 TS dt 0.01 time 1.85
  0 SNES Function norm < 1.e-11
  0 SNES Function norm 0.624954 
  1 SNES Function norm < 1.e-11
  0 SNES Function norm 0.622991 
  1 SNES Function norm < 1.e-11
187 TS dt 0.01 time 1.86
  0 SNES Function norm < 1.e-11
  0 SNES Function norm 0.625875 
  1 SNES Function norm < 1.e-11
  0 SNES Function norm 0.62461 
  1 SNES Function norm < 1.e-11
188 TS dt 0.01 time 1.87
  0 SNES Function norm < 1.e-11
  0 SNES Function norm 0.627753 
  1 SNES Function norm < 1.e-11
  0 SNES Function norm 0.627181 
  1 SNES Function norm < 1.e-11
189 TS dt 0.01 time 1.88
  0 SNES Function norm < 1.e-11
  0 SNES Function norm 0.630678 
  1 SNES Function norm < 1.e-11
  0 SNES Function norm 0.630776 
  1 SNES Function norm < 1.e-11
190 TS dt 0.01 time 1.89
  0 SNES Function norm < 1.e-11
  0 SNES Function norm 0.634726 
  1 SNES Function norm < 1.e-11
  0 SNES Function norm 0.635452 
  1 SNES Function norm < 1.e-11
191 TS dt 0.01 time 1.9
  0 SNES Function norm < 1.e-11
  0 SNES Function norm 0.639951 
  1 SNES Function norm < 1.e-11
  0 SNES Function norm 0.641247 
  1 SNES Function norm < 1.e-11
192 TS dt 0.01 time 1.91
  0 SNES Function norm < 1.e-11
  0 SNES Function norm 0.646383 
  1 SNES Function norm < 1.e-11
  0 SNES Function norm 0.648174 
  1 SNES Function norm < 1.e-11
193 TS dt 0.01 time 1.92
  0 SNES Function norm < 1.e-11
  0 SNES Function norm 0.654025 
  1 SNES Function norm < 1.e-11
  0 SNES Function norm 0.656221 
  1 SNES Function norm < 1.e-11
194 TS dt 0.01 time 1.93
  0 SNES Function norm < 1.e-11
  0 SNES Function norm 0.662849 
  1 SNES Function norm < 1.e-11
  0 SNES Function norm 0.665351 
  1 SNES Function norm < 1.e-11
195 TS dt 0.01 time 1.94
  0 SNES Function norm < 1.e-11
  0 SNES Function norm 0.672791 
  1 SNES Function norm < 1.e-11
  0 SNES Function norm 0.675489 
  1 SNES Function norm < 1.e-11
196 TS dt 0.01 time 1.95
  0 SNES Function norm < 1.e-11
  0 SNES Function norm 0.683748 
  1 SNES Function norm < 1.e-11
  0 SNES Function norm 0.686529 
  1 SNES Function norm < 1.e-11
197 TS dt 0.01 time 1.96
  0 SNES Function norm < 1.e-11
  0 SNES Function norm 0.69557 
  1 SNES Function norm < 1.e-11
  0 SNES Function norm 0.698316 
  1 SNES Function norm < 1.e-11
198 TS dt 0.01 time 1.97
  0 SNES Function norm < 1.e-11
  0 SNES Function norm 0.708055 
  1 SNES Function norm < 1.e-11
  0 SNES Function norm 0.710651 
  1 SNES Function norm < 1.e-11
199 TS dt 0.01 time 1.98
  0 SNES Function norm < 1.e-11
  0 SNES Function norm 0.72095 
  1 SNES Function norm < 1.e-11
  0 SNES Function norm 0.723285 
  1 SNES Function norm < 1.e-11
200 TS dt 0.01 time 1.99
  0 SNES Function norm < 1.e-11
  0 SNES Function norm 0.733952 
  1 SNES Function norm < 1.e-11
  0 SNES Function norm 0.735923 
  1 SNES Function norm < 1.e-11
201 TS dt 0.01 time 2.
  0 SNES Function norm < 1.e-11
  0 SNES Function norm 0.746717 
  1 SNES Function norm < 1.e-11
  0 SNES Function norm 0.748232 
  1 SNES Function norm < 1.e-11
202 TS dt 0.01 time 2.01
  0 SNES Function norm < 1.e-11
  0 SNES Function norm 0.758878 
  1 SNES Function norm < 1.e-11
  0 SNES Function norm 0.759859 
  1 SNES Function norm < 1.e-11
203 TS dt 0.01 time 2.02
  0 SNES Function norm < 1.e-11
  0 SNES Function norm 0.770064 
  1 SNES Function norm < 1.e-11
  0 SNES Function norm 0.770453 
  1 SNES Function norm < 1.e-11
204 TS dt 0.01 time 2.03
  0 SNES Function norm < 1.e-11
  0 SNES Function norm 0.779929 
  1 SNES Function norm < 1.e-11
  0 SNES Function norm 0.779686 
  1 SNES Function norm < 1.e-11
205 TS dt 0.01 time 2.04
  0 SNES Function norm < 1.e-11
  0 SNES Function norm 0.788172 
  1 SNES Function norm < 1.e-11
  0 SNES Function norm 0.787281 
  1 SNES Function norm < 1.e-11
206 TS dt 0.01 time 2.05
  0 SNES Function norm < 1.e-11
  0 SNES Function norm 0.794564 
  1 SNES Function norm < 1.e-11
  0 SNES Function norm 0.79303 
  1 SNES Function norm < 1.e-11
207 TS dt 0.01 time 2.06
  0 SNES Function norm < 1.e-11
  0 SNES Function norm 0.798955 
  1 SNES Function norm < 1.e-11
  0 SNES Function norm 0.796808 
  1 SNES Function norm < 1.e-11
208 TS dt 0.01 time 2.07
  0 SNES Function norm < 1.e-11
  0 SNES Function norm 0.801289 
  1 SNES Function norm < 1.e-11
  0 SNES Function norm 0.798576 
  1 SNES Function norm < 1.e-11
209 TS dt 0.01 time 2.08
  0 SNES Function norm < 1.e-11
  0 SNES Function norm 0.801597 
  1 SNES Function norm < 1.e-11
  0 SNES Function norm 0.798383 
  1 SNES Function norm < 1.e-11
210 TS dt 0.01 time 2.09
  0 SNES Function norm < 1.e-11
  0 SNES Function norm 0.799992 
  1 SNES Function norm < 1.e-11
  0 SNES Function norm 0.796354 
  1 SNES Function norm < 1.e-11
211 TS dt 0.01 time 2.1
  0 SNES Function norm < 1.e-11
  0 SNES Function norm 0.796653 
  1 SNES Function norm < 1.e-11
  0 SNES Function norm 0.792677 
  1 SNES Function norm < 1.e-11
212 TS dt 0.01 time 2.11
  0 SNES Function norm < 1.e-11
  0 SNES Function norm 0.791812 
  1 SNES Function norm < 1.e-11
  0 SNES Function norm 0.787584 
  1 SNES Function norm < 1.e-11
213 TS dt 0.01 time 2.12
  0 SNES Function norm < 1.e-11
  0 SNES Function norm 0.785732 
  1 SNES Function norm < 1.e-11
  0 SNES Function norm 0.781338 
  1 SNES Function norm < 1.e-11
214 TS dt 0.01 time 2.13
  0 SNES Function norm < 1.e-11
  0 SNES Function norm 0.77869 
  1 SNES Function norm < 1.e-11
  0 SNES Function norm 0.774208 
  1 SNES Function norm < 1.e-11
215 TS dt 0.01 time 2.14
  0 SNES Function norm < 1.e-11
  0 SNES Function norm 0.770961 
  1 SNES Function norm < 1.e-11
  0 SNES Function norm 0.766459 
  1 SNES Function norm < 1.e-11
216 TS dt 0.01 time 2.15
  0 SNES Function norm < 1.e-11
  0 SNES Function norm 0.762802 
  1 SNES Function norm < 1.e-11
  0 SNES Function norm 0.758334 
  1 SNES Function norm < 1.e-11
217 TS dt 0.01 time 2.16
  0 SNES Function norm < 1.e-11
  0 SNES Function norm 0.75444 
  1 SNES Function norm < 1.e-11
  0 SNES Function norm 0.750041 
  1 SNES Function norm < 1.e-11
218 TS dt 0.01 time 2.17
  0 SNES Function norm < 1.e-11
  0 SNES Function norm 0.746059 
  1 SNES Function norm < 1.e-11
  0 SNES Function norm 0.741746 
  1 SNES Function norm < 1.e-11
219 TS dt 0.01 time 2.18
  0 SNES Function norm < 1.e-11
  0 SNES Function norm 0.737789 
  1 SNES Function norm < 1.e-11
  0 SNES Function norm 0.733559 
  1 SNES Function norm < 1.e-11
220 TS dt 0.01 time 2.19
  0 SNES Function norm < 1.e-11
  0 SNES Function norm 0.729708 
  1 SNES Function norm < 1.e-11
  0 SNES Function norm 0.725537 
  1 SNES Function norm < 1.e-11
221 TS dt 0.01 time 2.2
  0 SNES Function norm < 1.e-11
  0 SNES Function norm 0.721829 
  1 SNES Function norm < 1.e-11
  0 SNES Function norm 0.717675 
  1 SNES Function norm < 1.e-11
222 TS dt 0.01 time 2.21
  0 SNES Function norm < 1.e-11
  0 SNES Function norm 0.714107 
  1 SNES Function norm < 1.e-11
  0 SNES Function norm 0.709913 
  1 SNES Function norm < 1.e-11
223 TS dt 0.01 time 2.22
  0 SNES Function norm < 1.e-11
  0 SNES Function norm 0.706443 
  1 SNES Function norm < 1.e-11
  0 SNES Function norm 0.70214 
  1 SNES Function norm < 1.e-11
224 TS dt 0.01 time 2.23
  0 SNES Function norm < 1.e-11
  0 SNES Function norm 0.698695 
  1 SNES Function norm < 1.e-11
  0 SNES Function norm 0.694209 
  1 SNES Function norm < 1.e-11
225 TS dt 0.01 time 2.24
  0 SNES Function norm < 1.e-11
  0 SNES Function norm 0.690691 
  1 SNES Function norm < 1.e-11
  0 SNES Function norm 0.685947 
  1 SNES Function norm < 1.e-11
226 TS dt 0.01 time 2.25
  0 SNES Function norm < 1.e-11
  0 SNES Function norm 0.682245 
  1 SNES Function norm < 1.e-11
  0 SNES Function norm 0.677181 
  1 SNES Function norm < 1.e-11
227 TS dt 0.01 time 2.26
  0 SNES Function norm < 1.e-11
  0 SNES Function norm 0.673185 
  1 SNES Function norm < 1.e-11
  0 SNES Function norm 0.66775 
  1 SNES Function norm < 1.e-11
228 TS dt 0.01 time 2.27
  0 SNES Function norm < 1.e-11
  0 SNES Function norm 0.663367 
  1 SNES Function norm < 1.e-11
  0 SNES Function norm 0.657532 
  1 SNES Function norm < 1.e-11
229 TS dt 0.01 time 2.28
  0 SNES Function norm < 1.e-11
  0 SNES Function norm 0.652695 
  1 SNES Function norm < 1.e-11
  0 SNES Function norm 0.646458 
  1 SNES Function norm < 1.e-11
230 TS dt 0.01 time 2.29
  0 SNES Function norm < 1.e-11
  0 SNES Function norm 0.641138 
  1 SNES Function norm < 1.e-11
  0 SNES Function norm 0.634528 
  1 SNES Function norm < 1.e-11
231 TS dt 0.01 time 2.3
  0 SNES Function norm < 1.e-11
  0 SNES Function norm 0.628742 
  1 SNES Function norm < 1.e-11
  0 SNES Function norm 0.621813 
  1 SNES Function norm < 1.e-11
232 TS dt 0.01 time 2.31
  0 SNES Function norm < 1.e-11
  0 SNES Function norm 0.615624 
  1 SNES Function norm < 1.e-11
  0 SNES Function norm 0.608461 
  1 SNES Function norm < 1.e-11
233 TS dt 0.01 time 2.32
  0 SNES Function norm < 1.e-11
  0 SNES Function norm 0.601977 
  1 SNES Function norm < 1.e-11
  0 SNES Function norm 0.594687 
  1 SNES Function norm < 1.e-11
234 TS dt 0.01 time 2.33
  0 SNES Function norm < 1.e-11
  0 SNES Function norm 0.588054 
  1 SNES Function norm < 1.e-11
  0 SNES Function norm 0.580758 
  1 SNES Function norm < 1.e-11
235 TS dt 0.01 time 2.34
  0 SNES Function norm < 1.e-11
  0 SNES Function norm 0.574145 
  1 SNES Function norm < 1.e-11
  0 SNES Function norm 0.56697 
  1 SNES Function norm < 1.e-11
236 TS dt 0.01 time 2.35
  0 SNES Function norm < 1.e-11
  0 SNES Function norm 0.560559 
  1 SNES Function norm < 1.e-11
  0 SNES Function norm 0.553625 
  1 SNES Function norm < 1.e-11
237 TS dt 0.01 time 2.36
  0 SNES Function norm < 1.e-11
  0 SNES Function norm 0.54759 
  1 SNES Function norm < 1.e-11
  0 SNES Function norm 0.541 
  1 SNES Function norm < 1.e-11
238 TS dt 0.01 time 2.37
  0 SNES Function norm < 1.e-11
  0 SNES Function norm 0.535491 
  1 SNES Function norm < 1.e-11
  0 SNES Function norm 0.529316 
  1 SNES Function norm < 1.e-11
239 TS dt 0.01 time 2.38
  0 SNES Function norm < 1.e-11
  0 SNES Function norm 0.524444 
  1 SNES Function norm < 1.e-11
  0 SNES Function norm 0.518716 
  1 SNES Function norm < 1.e-11
240 TS dt 0.01 time 2.39
  0 SNES Function norm < 1.e-11
  0 SNES Function norm 0.51454 
  1 SNES Function norm < 1.e-11
  0 SNES Function norm 0.509249 
  1 SNES Function norm < 1.e-11
241 TS dt 0.01 time 2.4
  0 SNES Function norm < 1.e-11
  0 SNES Function norm 0.505769 
  1 SNES Function norm < 1.e-11
  0 SNES Function norm 0.500859 
  1 SNES Function norm < 1.e-11
242 TS dt 0.01 time 2.41
  0 SNES Function norm < 1.e-11
  0 SNES Function norm 0.498021 
  1 SNES Function norm < 1.e-11
  0 SNES Function norm 0.493399 
  1 SNES Function norm < 1.e-11
243 TS dt 0.01 time 2.42
  0 SNES Function norm < 1.e-11
  0 SNES Function norm 0.491101 
  1 SNES Function norm < 1.e-11
  0 SNES Function norm 0.486648 
  1 SNES Function norm < 1.e-11
244 TS dt 0.01 time 2.43
  0 SNES Function norm < 1.e-11
  0 SNES Function norm 0.484752 
  1 SNES Function norm < 1.e-11
  0 SNES Function norm 0.480334 
  1 SNES Function norm < 1.e-11
245 TS dt 0.01 time 2.44
  0 SNES Function norm < 1.e-11
  0 SNES Function norm 0.478692 
  1 SNES Function norm < 1.e-11
  0 SNES Function norm 0.474179 
  1 SNES Function norm < 1.e-11
246 TS dt 0.01 time 2.45
  0 SNES Function norm < 1.e-11
  0 SNES Function norm 0.472642 
  1 SNES Function norm < 1.e-11
  0 SNES Function norm 0.46792 
  1 SNES Function norm < 1.e-11
247 TS dt 0.01 time 2.46
  0 SNES Function norm < 1.e-11
  0 SNES Function norm 0.46636 
  1 SNES Function norm < 1.e-11
  0 SNES Function norm 0.461345 
  1 SNES Function norm < 1.e-11
248 TS dt 0.01 time 2.47
  0 SNES Function norm < 1.e-11
  0 SNES Function norm 0.459669 
  1 SNES Function norm < 1.e-11
  0 SNES Function norm 0.454314 
  1 SNES Function norm < 1.e-11
249 TS dt 0.01 time 2.48
  0 SNES Function norm < 1.e-11
  0 SNES Function norm 0.452465 
  1 SNES Function norm < 1.e-11
  0 SNES Function norm 0.446766 
  1 SNES Function norm < 1.e-11
250 TS dt 0.01 time 2.49
  0 SNES Function norm < 1.e-11
  0 SNES Function norm 0.444731 
  1 SNES Function norm < 1.e-11
  0 SNES Function norm 0.438728 
  1 SNES Function norm < 1.e-11
251 TS dt 0.01 time 2.5
  0 SNES Function norm < 1.e-11
  0 SNES Function norm 0.436532 
  1 SNES Function norm < 1.e-11
  0 SNES Function norm 0.430302 
  1 SNES Function norm < 1.e-11
252 TS dt 0.01 time 2.51
  0 SNES Function norm < 1.e-11
  0 SNES Function norm 0.428002 
  1 SNES Function norm < 1.e-11
  0 SNES Function norm 0.421657 
  1 SNES Function norm < 1.e-11
253 TS dt 0.01 time 2.52
  0 SNES Function norm < 1.e-11
  0 SNES Function norm 0.419334 
  1 SNES Function norm < 1.e-11
  0 SNES Function norm 0.41301 
  1 SNES Function norm < 1.e-11
254 TS dt 0.01 time 2.53
  0 SNES Function norm < 1.e-11
  0 SNES Function norm 0.410755 
  1 SNES Function norm < 1.e-11
  0 SNES Function norm 0.404602 
  1 SNES Function norm < 1.e-11
255 TS dt 0.01 time 2.54
  0 SNES Function norm < 1.e-11
  0 SNES Function norm 0.40251 
  1 SNES Function norm < 1.e-11
  0 SNES Function norm 0.396678 
  1 SNES Function norm < 1.e-11
256 TS dt 0.01 time 2.55
  0 SNES Function norm < 1.e-11
  0 SNES Function norm 0.394836 
  1 SNES Function norm < 1.e-11
  0 SNES Function norm 0.389467 
  1 SNES Function norm < 1.e-11
257 TS dt 0.01 time 2.56
  0 SNES Function norm < 1.e-11
  0 SNES Function norm 0.387947 
  1 SNES Function norm < 1.e-11
  0 SNES Function norm 0.383162 
  1 SNES Function norm < 1.e-11
258 TS dt 0.01 time 2.57
  0 SNES Function norm < 1.e-11
  0 SNES Function norm 0.382016 
  1 SNES Function norm < 1.e-11
  0 SNES Function norm 0.377907 
  1 SNES Function norm < 1.e-11
259 TS dt 0.01 time 2.58
  0 SNES Function norm < 1.e-11
  0 SNES Function norm 0.377165 
  1 SNES Function norm < 1.e-11
  0 SNES Function norm 0.373787 
  1 SNES Function norm < 1.e-11
260 TS dt 0.01 time 2.59
  0 SNES Function norm < 1.e-11
  0 SNES Function norm 0.373455 
  1 SNES Function norm < 1.e-11
  0 SNES Function norm 0.370827 
  1 SNES Function norm < 1.e-11
261 TS dt 0.01 time 2.6
  0 SNES Function norm < 1.e-11
  0 SNES Function norm 0.37089 
  1 SNES Function norm < 1.e-11
  0 SNES Function norm 0.36899 
  1 SNES Function norm < 1.e-11
262 TS dt 0.01 time 2.61
  0 SNES Function norm < 1.e-11
  0 SNES Function norm 0.369415 
  1 SNES Function norm < 1.e-11
  0 SNES Function norm 0.368187 
  1 SNES Function norm < 1.e-11
263 TS dt 0.01 time 2.62
  0 SNES Function norm < 1.e-11
  0 SNES Function norm 0.368926 
  1 SNES Function norm < 1.e-11
  0 SNES Function norm 0.368286 
  1 SNES Function norm < 1.e-11
264 TS dt 0.01 time 2.63
  0 SNES Function norm < 1.e-11
  0 SNES Function norm 0.36928 
  1 SNES Function norm < 1.e-11
  0 SNES Function norm 0.369121 
  1 SNES Function norm < 1.e-11
265 TS dt 0.01 time 2.64
  0 SNES Function norm < 1.e-11
  0 SNES Function norm 0.370302 
  1 SNES Function norm < 1.e-11
  0 SNES Function norm 0.370504 
  1 SNES Function norm < 1.e-11
266 TS dt 0.01 time 2.65
  0 SNES Function norm < 1.e-11
  0 SNES Function norm 0.371801 
  1 SNES Function norm < 1.e-11
  0 SNES Function norm 0.372237 
  1 SNES Function norm < 1.e-11
267 TS dt 0.01 time 2.66
  0 SNES Function norm < 1.e-11
  0 SNES Function norm 0.373574 
  1 SNES Function norm < 1.e-11
  0 SNES Function norm 0.374118 
  1 SNES Function norm < 1.e-11
268 TS dt 0.01 time 2.67
  0 SNES Function norm < 1.e-11
  0 SNES Function norm 0.375418 
  1 SNES Function norm < 1.e-11
  0 SNES Function norm 0.37595 
  1 SNES Function norm < 1.e-11
269 TS dt 0.01 time 2.68
  0 SNES Function norm < 1.e-11
  0 SNES Function norm 0.377137 
  1 SNES Function norm < 1.e-11
  0 SNES Function norm 0.377548 
  1 SNES Function norm < 1.e-11
270 TS dt 0.01 time 2.69
  0 SNES Function norm < 1.e-11
  0 SNES Function norm 0.378545 
  1 SNES Function norm < 1.e-11
  0 SNES Function norm 0.378742 
  1 SNES Function norm < 1.e-11
271 TS dt 0.01 time 2.7
  0 SNES Function norm < 1.e-11
  0 SNES Function norm 0.379479 
  1 SNES Function norm < 1.e-11
  0 SNES Function norm 0.379384 
  1 SNES Function norm < 1.e-11
272 TS dt 0.01 time 2.71
  0 SNES Function norm < 1.e-11
  0 SNES Function norm 0.379797 
  1 SNES Function norm < 1.e-11
  0 SNES Function norm 0.379353 
  1 SNES Function norm < 1.e-11
273 TS dt 0.01 time 2.72
  0 SNES Function norm < 1.e-11
  0 SNES Function norm 0.37939 
  1 SNES Function norm < 1.e-11
  0 SNES Function norm 0.378561 
  1 SNES Function norm < 1.e-11
274 TS dt 0.01 time 2.73
  0 SNES Function norm < 1.e-11
  0 SNES Function norm 0.378182 
  1 SNES Function norm < 1.e-11
  0 SNES Function norm 0.376952 
  1 SNES Function norm < 1.e-11
275 TS dt 0.01 time 2.74
  0 SNES Function norm < 1.e-11
  0 SNES Function norm 0.376137 
  1 SNES Function norm < 1.e-11
  0 SNES Function norm 0.374512 
  1 SNES Function norm < 1.e-11
276 TS dt 0.01 time 2.75
  0 SNES Function norm < 1.e-11
  0 SNES Function norm 0.373261 
  1 SNES Function norm < 1.e-11
  0 SNES Function norm 0.371263 
  1 SNES Function norm < 1.e-11
277 TS dt 0.01 time 2.76
  0 SNES Function norm < 1.e-11
  0 SNES Function norm 0.369597 
  1 SNES Function norm < 1.e-11
  0 SNES Function norm 0.367267 
  1 SNES Function norm < 1.e-11
278 TS dt 0.01 time 2.77
  0 SNES Function norm < 1.e-11
  0 SNES Function norm 0.365228 
  1 SNES Function norm < 1.e-11
  0 SNES Function norm 0.362617 
  1 SNES Function norm < 1.e-11
279 TS dt 0.01 time 2.78
  0 SNES Function norm < 1.e-11
  0 SNES Function norm 0.360264 
  1 SNES Function norm < 1.e-11
  0 SNES Function norm 0.357433 
  1 SNES Function norm < 1.e-11
280 TS dt 0.01 time 2.79
  0 SNES Function norm < 1.e-11
  0 SNES Function norm 0.354835 
  1 SNES Function norm < 1.e-11
  0 SNES Function norm 0.351847 
  1 SNES Function norm < 1.e-11
281 TS dt 0.01 time 2.8
  0 SNES Function norm < 1.e-11
  0 SNES Function norm 0.349083 
  1 SNES Function norm < 1.e-11
  0 SNES Function norm 0.345995 
  1 SNES Function norm < 1.e-11
282 TS dt 0.01 time 2.81
  0 SNES Function norm < 1.e-11
  0 SNES Function norm 0.343138 
  1 SNES Function norm < 1.e-11
  0 SNES Function norm 0.340002 
  1 SNES Function norm < 1.e-11
283 TS dt 0.01 time 2.82
  0 SNES Function norm < 1.e-11
  0 SNES Function norm 0.337116 
  1 SNES Function norm < 1.e-11
  0 SNES Function norm 0.333967 
  1 SNES Function norm < 1.e-11
284 TS dt 0.01 time 2.83
  0 SNES Function norm < 1.e-11
  0 SNES Function norm 0.331097 
  1 SNES Function norm < 1.e-11
  0 SNES Function norm 0.327952 
  1 SNES Function norm < 1.e-11
285 TS dt 0.01 time 2.84
  0 SNES Function norm < 1.e-11
  0 SNES Function norm 0.32512 
  1 SNES Function norm < 1.e-11
  0 SNES Function norm 0.321975 
  1 SNES Function norm < 1.e-11
286 TS dt 0.01 time 2.85
  0 SNES Function norm < 1.e-11
  0 SNES Function norm 0.319177 
  1 SNES Function norm < 1.e-11
  0 SNES Function norm 0.316009 
  1 SNES Function norm < 1.e-11
287 TS dt 0.01 time 2.86
  0 SNES Function norm < 1.e-11
  0 SNES Function norm 0.313212 
  1 SNES Function norm < 1.e-11
  0 SNES Function norm 0.30998 
  1 SNES Function norm < 1.e-11
288 TS dt 0.01 time 2.87
  0 SNES Function norm < 1.e-11
  0 SNES Function norm 0.30713 
  1 SNES Function norm < 1.e-11
  0 SNES Function norm 0.303778 
  1 SNES Function norm < 1.e-11
289 TS dt 0.01 time 2.88
  0 SNES Function norm < 1.e-11
  0 SNES Function norm 0.300803 
  1 SNES Function norm < 1.e-11
  0 SNES Function norm 0.29727 
  1 SNES Function norm < 1.e-11
290 TS dt 0.01 time 2.89
  0 SNES Function norm < 1.e-11
  0 SNES Function norm 0.29409 
  1 SNES Function norm < 1.e-11
  0 SNES Function norm 0.290313 
  1 SNES Function norm < 1.e-11
291 TS dt 0.01 time 2.9
  0 SNES Function norm < 1.e-11
  0 SNES Function norm 0.286849 
  1 SNES Function norm < 1.e-11
  0 SNES Function norm 0.282771 
  1 SNES Function norm < 1.e-11
292 TS dt 0.01 time 2.91
  0 SNES Function norm < 1.e-11
  0 SNES Function norm 0.278953 
  1 SNES Function norm < 1.e-11
  0 SNES Function norm 0.274531 
  1 SNES Function norm < 1.e-11
293 TS dt 0.01 time 2.92
  0 SNES Function norm < 1.e-11
  0 SNES Function norm 0.270307 
  1 SNES Function norm < 1.e-11
  0 SNES Function norm 0.265515 
  1 SNES Function norm < 1.e-11
294 TS dt 0.01 time 2.93
  0 SNES Function norm < 1.e-11
  0 SNES Function norm 0.260857 
  1 SNES Function norm < 1.e-11
  0 SNES Function norm 0.255693 
  1 SNES Function norm < 1.e-11
295 TS dt 0.01 time 2.94
  0 SNES Function norm < 1.e-11
  0 SNES Function norm 0.250602 
  1 SNES Function norm < 1.e-11
  0 SNES Function norm 0.245087 
  1 SNES Function norm < 1.e-11
296 TS dt 0.01 time 2.95
  0 SNES Function norm < 1.e-11
  0 SNES Function norm 0.239594 
  1 SNES Function norm < 1.e-11
  0 SNES Function norm 0.233775 
  1 SNES Function norm < 1.e-11
297 TS dt 0.01 time 2.96
  0 SNES Function norm < 1.e-11
  0 SNES Function norm 0.227944 
  1 SNES Function norm < 1.e-11
  0 SNES Function norm 0.221896 
  1 SNES Function norm < 1.e-11
298 TS dt 0.01 time 2.97
  0 SNES Function norm < 1.e-11
  0 SNES Function norm 0.215821 
  1 SNES Function norm < 1.e-11
  0 SNES Function norm 0.209645 
  1 SNES Function norm < 1.e-11
299 TS dt 0.01 time 2.98
  0 SNES Function norm < 1.e-11
  0 SNES Function norm 0.203448 
  1 SNES Function norm < 1.e-11
  0 SNES Function norm 0.197269 
  1 SNES Function norm < 1.e-11
300 TS dt 0.01 time 2.99
  0 SNES Function norm < 1.e-11
  0 SNES Function norm 0.191098 
  1 SNES Function norm < 1.e-11
  0 SNES Function norm 0.185062 
  1 SNES Function norm < 1.e-11
301 TS dt 0.01 time 3.
  0 SNES Function norm < 1.e-11
  0 SNES Function norm 0.179085 
  1 SNES Function norm < 1.e-11
  0 SNES Function norm 0.173357 
  1 SNES Function norm < 1.e-11
302 TS dt 0.01 time 3.01
  0 SNES Function norm < 1.e-11
  0 SNES Function norm 0.167752 
  1 SNES Function norm < 1.e-11
  0 SNES Function norm 0.162504 
  1 SNES Function norm < 1.e-11
303 TS dt 0.01 time 3.02
  0 SNES Function norm < 1.e-11
  0 SNES Function norm 0.157453 
  1 SNES Function norm < 1.e-11
  0 SNES Function norm 0.152852 
  1 SNES Function norm < 1.e-11
304 TS dt 0.01 time 3.03
  0 SNES Function norm < 1.e-11
  0 SNES Function norm 0.14852 
  1 SNES Function norm < 1.e-11
  0 SNES Function norm 0.14471 
  1 SNES Function norm < 1.e-11
305 TS dt 0.01 time 3.04
  0 SNES Function norm < 1.e-11
  0 SNES Function norm 0.141223 
  1 SNES Function norm < 1.e-11
  0 SNES Function norm 0.138302 
  1 SNES Function norm < 1.e-11
306 TS dt 0.01 time 3.05
  0 SNES Function norm < 1.e-11
  0 SNES Function norm 0.135726 
  1 SNES Function norm < 1.e-11
  0 SNES Function norm 0.133722 
  1 SNES Function norm < 1.e-11
307 TS dt 0.01 time 3.06
  0 SNES Function norm < 1.e-11
  0 SNES Function norm 0.132042 
  1 SNES Function norm < 1.e-11
  0 SNES Function norm 0.130904 
  1 SNES Function norm < 1.e-11
308 TS dt 0.01 time 3.07
  0 SNES Function norm < 1.e-11
  0 SNES Function norm 0.130023 
  1 SNES Function norm < 1.e-11
  0 SNES Function norm 0.12962 
  1 SNES Function norm < 1.e-11
309 TS dt 0.01 time 3.08
  0 SNES Function norm < 1.e-11
  0 SNES Function norm 0.129372 
  1 SNES Function norm < 1.e-11
  0 SNES Function norm 0.12952 
  1 SNES Function norm < 1.e-11
310 TS dt 0.01 time 3.09
  0 SNES Function norm < 1.e-11
  0 SNES Function norm 0.129693 
  1 SNES Function norm < 1.e-11
  0 SNES Function norm 0.130179 
  1 SNES Function norm < 1.e-11
311 TS dt 0.01 time 3.1
  0 SNES Function norm < 1.e-11
  0 SNES Function norm 0.130552 
  1 SNES Function norm < 1.e-11
  0 SNES Function norm 0.131162 
  1 SNES Function norm < 1.e-11
312 TS dt 0.01 time 3.11
  0 SNES Function norm < 1.e-11
  0 SNES Function norm 0.131524 
  1 SNES Function norm < 1.e-11
  0 SNES Function norm 0.132063 
  1 SNES Function norm < 1.e-11
313 TS dt 0.01 time 3.12
  0 SNES Function norm < 1.e-11
  0 SNES Function norm 0.132231 
  1 SNES Function norm < 1.e-11
  0 SNES Function norm 0.132536 
  1 SNES Function norm < 1.e-11
314 TS dt 0.01 time 3.13
  0 SNES Function norm < 1.e-11
  0 SNES Function norm 0.13236 
  1 SNES Function norm < 1.e-11
  0 SNES Function norm 0.132301 
  1 SNES Function norm < 1.e-11
315 TS dt 0.01 time 3.14
  0 SNES Function norm < 1.e-11
  0 SNES Function norm 0.131672 
  1 SNES Function norm < 1.e-11
  0 SNES Function norm 0.131156 
  1 SNES Function norm < 1.e-11
316 TS dt 0.01 time 3.15
  0 SNES Function norm < 1.e-11
  0 SNES Function norm 0.129998 
  1 SNES Function norm < 1.e-11
  0 SNES Function norm 0.128966 
  1 SNES Function norm < 1.e-11
317 TS dt 0.01 time 3.16
  0 SNES Function norm < 1.e-11
  0 SNES Function norm 0.12724 
  1 SNES Function norm < 1.e-11
  0 SNES Function norm 0.125663 
  1 SNES Function norm < 1.e-11
318 TS dt 0.01 time 3.17
  0 SNES Function norm < 1.e-11
  0 SNES Function norm 0.123361 
  1 SNES Function norm < 1.e-11
  0 SNES Function norm 0.121239 
  1 SNES Function norm < 1.e-11
319 TS dt 0.01 time 3.18
  0 SNES Function norm < 1.e-11
  0 SNES Function norm 0.118384 
  1 SNES Function norm < 1.e-11
  0 SNES Function norm 0.115744 
  1 SNES Function norm < 1.e-11
320 TS dt 0.01 time 3.19
  0 SNES Function norm < 1.e-11
  0 SNES Function norm 0.112387 
  1 SNES Function norm < 1.e-11
  0 SNES Function norm 0.109283 
  1 SNES Function norm < 1.e-11
321 TS dt 0.01 time 3.2
  0 SNES Function norm < 1.e-11
  0 SNES Function norm 0.1055 
  1 SNES Function norm < 1.e-11
  0 SNES Function norm 0.102009 
  1 SNES Function norm < 1.e-11
322 TS dt 0.01 time 3.21
  0 SNES Function norm < 1.e-11
  0 SNES Function norm 0.0979049 
  1 SNES Function norm < 1.e-11
  0 SNES Function norm 0.0941322 
  1 SNES Function norm < 1.e-11
323 TS dt 0.01 time 3.22
  0 SNES Function norm < 1.e-11
  0 SNES Function norm 0.089837 
  1 SNES Function norm < 1.e-11
  0 SNES Function norm 0.0859159 
  1 SNES Function norm < 1.e-11
324 TS dt 0.01 time 3.23
  0 SNES Function norm < 1.e-11
  0 SNES Function norm 0.0815916 
  1 SNES Function norm < 1.e-11
  0 SNES Function norm 0.0776896 
  1 SNES Function norm < 1.e-11
325 TS dt 0.01 time 3.24
  0 SNES Function norm < 1.e-11
  0 SNES Function norm 0.073533 
  1 SNES Function norm < 1.e-11
  0 SNES Function norm 0.0698582 
  1 SNES Function norm < 1.e-11
326 TS dt 0.01 time 3.25
  0 SNES Function norm < 1.e-11
  0 SNES Function norm 0.0661047 
  1 SNES Function norm < 1.e-11
  0 SNES Function norm 0.0629082 
  1 SNES Function norm < 1.e-11
327 TS dt 0.01 time 3.26
  0 SNES Function norm < 1.e-11
  0 SNES Function norm 0.0598264 
  1 SNES Function norm < 1.e-11
  0 SNES Function norm 0.0573877 
  1 SNES Function norm < 1.e-11
328 TS dt 0.01 time 3.27
  0 SNES Function norm < 1.e-11
  0 SNES Function norm 0.055245 
  1 SNES Function norm < 1.e-11
  0 SNES Function norm 0.0538188 
  1 SNES Function norm < 1.e-11
329 TS dt 0.01 time 3.28
  0 SNES Function norm < 1.e-11
  0 SNES Function norm 0.0528033 
  1 SNES Function norm < 1.e-11
  0 SNES Function norm 0.0525243 
  1 SNES Function norm < 1.e-11
330 TS dt 0.01 time 3.29
  0 SNES Function norm < 1.e-11
  0 SNES Function norm 0.052651 
  1 SNES Function norm < 1.e-11
  0 SNES Function norm 0.0534584 
  1 SNES Function norm < 1.e-11
331 TS dt 0.01 time 3.3
  0 SNES Function norm < 1.e-11
  0 SNES Function norm 0.0545453 
  1 SNES Function norm < 1.e-11
  0 SNES Function norm 0.056207 
  1 SNES Function norm < 1.e-11
332 TS dt 0.01 time 3.31
  0 SNES Function norm < 1.e-11
  0 SNES Function norm 0.0579568 
  1 SNES Function norm < 1.e-11
  0 SNES Function norm 0.0601736 
  1 SNES Function norm < 1.e-11
333 TS dt 0.01 time 3.32
  0 SNES Function norm < 1.e-11
  0 SNES Function norm 0.0622832 
  1 SNES Function norm < 1.e-11
  0 SNES Function norm 0.0647792 
  1 SNES Function norm < 1.e-11
334 TS dt 0.01 time 3.33
  0 SNES Function norm < 1.e-11
  0 SNES Function norm 0.0670028 
  1 SNES Function norm < 1.e-11
  0 SNES Function norm 0.0695635 
  1 SNES Function norm < 1.e-11
335 TS dt 0.01 time 3.34
  0 SNES Function norm < 1.e-11
  0 SNES Function norm 0.0717267 
  1 SNES Function norm < 1.e-11
  0 SNES Function norm 0.0742011 
  1 SNES Function norm < 1.e-11
336 TS dt 0.01 time 3.35
  0 SNES Function norm < 1.e-11
  0 SNES Function norm 0.0761918 
  1 SNES Function norm < 1.e-11
  0 SNES Function norm 0.078482 
  1 SNES Function norm < 1.e-11
337 TS dt 0.01 time 3.36
  0 SNES Function norm < 1.e-11
  0 SNES Function norm 0.0802373 
  1 SNES Function norm < 1.e-11
  0 SNES Function norm 0.0822868 
  1 SNES Function norm < 1.e-11
338 TS dt 0.01 time 3.37
  0 SNES Function norm < 1.e-11
  0 SNES Function norm 0.0837811 
  1 SNES Function norm < 1.e-11
  0 SNES Function norm 0.085566 
  1 SNES Function norm < 1.e-11
339 TS dt 0.01 time 3.38
  0 SNES Function norm < 1.e-11
  0 SNES Function norm 0.0868018 
  1 SNES Function norm < 1.e-11
  0 SNES Function norm 0.0883236 
  1 SNES Function norm < 1.e-11
340 TS dt 0.01 time 3.39
  0 SNES Function norm < 1.e-11
  0 SNES Function norm 0.0893241 
  1 SNES Function norm < 1.e-11
  0 SNES Function norm 0.0906042 
  1 SNES Function norm < 1.e-11
341 TS dt 0.01 time 3.4
  0 SNES Function norm < 1.e-11
  0 SNES Function norm 0.0914076 
  1 SNES Function norm < 1.e-11
  0 SNES Function norm 0.0924824 
  1 SNES Function norm < 1.e-11
342 TS dt 0.01 time 3.41
  0 SNES Function norm < 1.e-11
  0 SNES Function norm 0.0931364 
  1 SNES Function norm < 1.e-11
  0 SNES Function norm 0.0940529 
  1 SNES Function norm < 1.e-11
343 TS dt 0.01 time 3.42
  0 SNES Function norm < 1.e-11
  0 SNES Function norm 0.0946097 
  1 SNES Function norm < 1.e-11
  0 SNES Function norm 0.0954207 
  1 SNES Function norm < 1.e-11
344 TS dt 0.01 time 3.43
  0 SNES Function norm < 1.e-11
  0 SNES Function norm 0.0959324 
  1 SNES Function norm < 1.e-11
  0 SNES Function norm 0.096692 
  1 SNES Function norm < 1.e-11
345 TS dt 0.01 time 3.44
  0 SNES Function norm < 1.e-11
  0 SNES Function norm 0.0972057 
  1 SNES Function norm < 1.e-11
  0 SNES Function norm 0.0979646 
  1 SNES Function norm < 1.e-11
346 TS dt 0.01 time 3.45
  0 SNES Function norm < 1.e-11
  0 SNES Function norm 0.0985191 
  1 SNES Function norm < 1.e-11
  0 SNES Function norm 0.0993205 
  1 SNES Function norm < 1.e-11
347 TS dt 0.01 time 3.46
  0 SNES Function norm < 1.e-11
  0 SNES Function norm 0.099943 
  1 SNES Function norm < 1.e-11
  0 SNES Function norm 0.100819 
  1 SNES Function norm < 1.e-11
348 TS dt 0.01 time 3.47
  0 SNES Function norm < 1.e-11
  0 SNES Function norm 0.101524 
  1 SNES Function norm < 1.e-11
  0 SNES Function norm 0.102493 
  1 SNES Function norm < 1.e-11
349 TS dt 0.01 time 3.48
  0 SNES Function norm < 1.e-11
  0 SNES Function norm 0.103281 
  1 SNES Function norm < 1.e-11
  0 SNES Function norm 0.104349 
  1 SNES Function norm < 1.e-11
350 TS dt 0.01 time 3.49
  0 SNES Function norm < 1.e-11
  0 SNES Function norm 0.105208 
  1 SNES Function norm < 1.e-11
  0 SNES Function norm 0.106367 
  1 SNES Function norm < 1.e-11
351 TS dt 0.01 time 3.5
  0 SNES Function norm < 1.e-11
  0 SNES Function norm 0.107277 
  1 SNES Function norm < 1.e-11
  0 SNES Function norm 0.108508 
  1 SNES Function norm < 1.e-11
352 TS dt 0.01 time 3.51
  0 SNES Function norm < 1.e-11
  0 SNES Function norm 0.109439 
  1 SNES Function norm < 1.e-11
  0 SNES Function norm 0.110715 
  1 SNES Function norm < 1.e-11
353 TS dt 0.01 time 3.52
  0 SNES Function norm < 1.e-11
  0 SNES Function norm 0.111634 
  1 SNES Function norm < 1.e-11
  0 SNES Function norm 0.112923 
  1 SNES Function norm < 1.e-11
354 TS dt 0.01 time 3.53
  0 SNES Function norm < 1.e-11
  0 SNES Function norm 0.113797 
  1 SNES Function norm < 1.e-11
  0 SNES Function norm 0.115064 
  1 SNES Function norm < 1.e-11
355 TS dt 0.01 time 3.54
  0 SNES Function norm < 1.e-11
  0 SNES Function norm 0.11586 
  1 SNES Function norm < 1.e-11
  0 SNES Function norm 0.117073 
  1 SNES Function norm < 1.e-11
356 TS dt 0.01 time 3.55
  0 SNES Function norm < 1.e-11
  0 SNES Function norm 0.117762 
  1 SNES Function norm < 1.e-11
  0 SNES Function norm 0.118891 
  1 SNES Function norm < 1.e-11
357 TS dt 0.01 time 3.56
  0 SNES Function norm < 1.e-11
  0 SNES Function norm 0.11945 
  1 SNES Function norm < 1.e-11
  0 SNES Function norm 0.120471 
  1 SNES Function norm < 1.e-11
358 TS dt 0.01 time 3.57
  0 SNES Function norm < 1.e-11
  0 SNES Function norm 0.120883 
  1 SNES Function norm < 1.e-11
  0 SNES Function norm 0.121778 
  1 SNES Function norm < 1.e-11
359 TS dt 0.01 time 3.58
  0 SNES Function norm < 1.e-11
  0 SNES Function norm 0.122036 
  1 SNES Function norm < 1.e-11
  0 SNES Function norm 0.122795 
  1 SNES Function norm < 1.e-11
360 TS dt 0.01 time 3.59
  0 SNES Function norm < 1.e-11
  0 SNES Function norm 0.122898 
  1 SNES Function norm < 1.e-11
  0 SNES Function norm 0.123523 
  1 SNES Function norm < 1.e-11
361 TS dt 0.01 time 3.6
  0 SNES Function norm < 1.e-11
  0 SNES Function norm 0.12348 
  1 SNES Function norm < 1.e-11
  0 SNES Function norm 0.123978 
  1 SNES Function norm < 1.e-11
362 TS dt 0.01 time 3.61
  0 SNES Function norm < 1.e-11
  0 SNES Function norm 0.123809 
  1 SNES Function norm < 1.e-11
  0 SNES Function norm 0.124198 
  1 SNES Function norm < 1.e-11
363 TS dt 0.01 time 3.62
  0 SNES Function norm < 1.e-11
  0 SNES Function norm 0.123931 
  1 SNES Function norm < 1.e-11
  0 SNES Function norm 0.124238 
  1 SNES Function norm < 1.e-11
364 TS dt 0.01 time 3.63
  0 SNES Function norm < 1.e-11
  0 SNES Function norm 0.123908 
  1 SNES Function norm < 1.e-11
  0 SNES Function norm 0.124168 
  1 SNES Function norm < 1.e-11
365 TS dt 0.01 time 3.64
  0 SNES Function norm < 1.e-11
  0 SNES Function norm 0.12382 
  1 SNES Function norm < 1.e-11
  0 SNES Function norm 0.124074 
  1 SNES Function norm < 1.e-11
366 TS dt 0.01 time 3.65
  0 SNES Function norm < 1.e-11
  0 SNES Function norm 0.123756 
  1 SNES Function norm < 1.e-11
  0 SNES Function norm 0.124048 
  1 SNES Function norm < 1.e-11
367 TS dt 0.01 time 3.66
  0 SNES Function norm < 1.e-11
  0 SNES Function norm 0.123812 
  1 SNES Function norm < 1.e-11
  0 SNES Function norm 0.124187 
  1 SNES Function norm < 1.e-11
368 TS dt 0.01 time 3.67
  0 SNES Function norm < 1.e-11
  0 SNES Function norm 0.124084 
  1 SNES Function norm < 1.e-11
  0 SNES Function norm 0.124587 
  1 SNES Function norm < 1.e-11
369 TS dt 0.01 time 3.68
  0 SNES Function norm < 1.e-11
  0 SNES Function norm 0.124661 
  1 SNES Function norm < 1.e-11
  0 SNES Function norm 0.125329 
  1 SNES Function norm < 1.e-11
370 TS dt 0.01 time 3.69
  0 SNES Function norm < 1.e-11
  0 SNES Function norm 0.125619 
  1 SNES Function norm < 1.e-11
  0 SNES Function norm 0.12648 
  1 SNES Function norm < 1.e-11
371 TS dt 0.01 time 3.7
  0 SNES Function norm < 1.e-11
  0 SNES Function norm 0.12701 
  1 SNES Function norm < 1.e-11
  0 SNES Function norm 0.128083 
  1 SNES Function norm < 1.e-11
372 TS dt 0.01 time 3.71
  0 SNES Function norm < 1.e-11
  0 SNES Function norm 0.128865 
  1 SNES Function norm < 1.e-11
  0 SNES Function norm 0.130152 
  1 SNES Function norm < 1.e-11
373 TS dt 0.01 time 3.72
  0 SNES Function norm < 1.e-11
  0 SNES Function norm 0.131183 
  1 SNES Function norm < 1.e-11
  0 SNES Function norm 0.132677 
  1 SNES Function norm < 1.e-11
374 TS dt 0.01 time 3.73
  0 SNES Function norm < 1.e-11
  0 SNES Function norm 0.133938 
  1 SNES Function norm < 1.e-11
  0 SNES Function norm 0.135618 
  1 SNES Function norm < 1.e-11
375 TS dt 0.01 time 3.74
  0 SNES Function norm < 1.e-11
  0 SNES Function norm 0.137078 
  1 SNES Function norm < 1.e-11
  0 SNES Function norm 0.138915 
  1 SNES Function norm < 1.e-11
376 TS dt 0.01 time 3.75
  0 SNES Function norm < 1.e-11
  0 SNES Function norm 0.140537 
  1 SNES Function norm < 1.e-11
  0 SNES Function norm 0.142492 
  1 SNES Function norm < 1.e-11
377 TS dt 0.01 time 3.76
  0 SNES Function norm < 1.e-11
  0 SNES Function norm 0.14423 
  1 SNES Function norm < 1.e-11
  0 SNES Function norm 0.146265 
  1 SNES Function norm < 1.e-11
378 TS dt 0.01 time 3.77
  0 SNES Function norm < 1.e-11
  0 SNES Function norm 0.148073 
  1 SNES Function norm < 1.e-11
  0 SNES Function norm 0.150145 
  1 SNES Function norm < 1.e-11
379 TS dt 0.01 time 3.78
  0 SNES Function norm < 1.e-11
  0 SNES Function norm 0.151977 
  1 SNES Function norm < 1.e-11
  0 SNES Function norm 0.154046 
  1 SNES Function norm < 1.e-11
380 TS dt 0.01 time 3.79
  0 SNES Function norm < 1.e-11
  0 SNES Function norm 0.15586 
  1 SNES Function norm < 1.e-11
  0 SNES Function norm 0.157891 
  1 SNES Function norm < 1.e-11
381 TS dt 0.01 time 3.8
  0 SNES Function norm < 1.e-11
  0 SNES Function norm 0.15965 
  1 SNES Function norm < 1.e-11
  0 SNES Function norm 0.161611 
  1 SNES Function norm < 1.e-11
382 TS dt 0.01 time 3.81
  0 SNES Function norm < 1.e-11
  0 SNES Function norm 0.163284 
  1 SNES Function norm < 1.e-11
  0 SNES Function norm 0.165149 
  1 SNES Function norm < 1.e-11
383 TS dt 0.01 time 3.82
  0 SNES Function norm < 1.e-11
  0 SNES Function norm 0.166714 
  1 SNES Function norm < 1.e-11
  0 SNES Function norm 0.168463 
  1 SNES Function norm < 1.e-11
384 TS dt 0.01 time 3.83
  0 SNES Function norm < 1.e-11
  0 SNES Function norm 0.169903 
  1 SNES Function norm < 1.e-11
  0 SNES Function norm 0.171524 
  1 SNES Function norm < 1.e-11
385 TS dt 0.01 time 3.84
  0 SNES Function norm < 1.e-11
  0 SNES Function norm 0.172829 
  1 SNES Function norm < 1.e-11
  0 SNES Function norm 0.174314 
  1 SNES Function norm < 1.e-11
386 TS dt 0.01 time 3.85
  0 SNES Function norm < 1.e-11
  0 SNES Function norm 0.175482 
  1 SNES Function norm < 1.e-11
  0 SNES Function norm 0.17683 
  1 SNES Function norm < 1.e-11
387 TS dt 0.01 time 3.86
  0 SNES Function norm < 1.e-11
  0 SNES Function norm 0.177864 
  1 SNES Function norm < 1.e-11
  0 SNES Function norm 0.179077 
  1 SNES Function norm < 1.e-11
388 TS dt 0.01 time 3.87
  0 SNES Function norm < 1.e-11
  0 SNES Function norm 0.179985 
  1 SNES Function norm < 1.e-11
  0 SNES Function norm 0.18107 
  1 SNES Function norm < 1.e-11
389 TS dt 0.01 time 3.88
  0 SNES Function norm < 1.e-11
  0 SNES Function norm 0.181863 
  1 SNES Function norm < 1.e-11
  0 SNES Function norm 0.182829 
  1 SNES Function norm < 1.e-11
390 TS dt 0.01 time 3.89
  0 SNES Function norm < 1.e-11
  0 SNES Function norm 0.18352 
  1 SNES Function norm < 1.e-11
  0 SNES Function norm 0.18438 
  1 SNES Function norm < 1.e-11
391 TS dt 0.01 time 3.9
  0 SNES Function norm < 1.e-11
  0 SNES Function norm 0.184982 
  1 SNES Function norm < 1.e-11
  0 SNES Function norm 0.185749 
  1 SNES Function norm < 1.e-11
392 TS dt 0.01 time 3.91
  0 SNES Function norm < 1.e-11
  0 SNES Function norm 0.186276 
  1 SNES Function norm < 1.e-11
  0 SNES Function norm 0.186962 
  1 SNES Function norm < 1.e-11
393 TS dt 0.01 time 3.92
  0 SNES Function norm < 1.e-11
  0 SNES Function norm 0.187428 
  1 SNES Function norm < 1.e-11
  0 SNES Function norm 0.188045 
  1 SNES Function norm < 1.e-11
394 TS dt 0.01 time 3.93
  0 SNES Function norm < 1.e-11
  0 SNES Function norm 0.188458 
  1 SNES Function norm < 1.e-11
  0 SNES Function norm 0.189017 
  1 SNES Function norm < 1.e-11
395 TS dt 0.01 time 3.94
  0 SNES Function norm < 1.e-11
  0 SNES Function norm 0.189387 
  1 SNES Function norm < 1.e-11
  0 SNES Function norm 0.189896 
  1 SNES Function norm < 1.e-11
396 TS dt 0.01 time 3.95
  0 SNES Function norm < 1.e-11
  0 SNES Function norm 0.190228 
  1 SNES Function norm < 1.e-11
  0 SNES Function norm 0.190694 
  1 SNES Function norm < 1.e-11
397 TS dt 0.01 time 3.96
  0 SNES Function norm < 1.e-11
  0 SNES Function norm 0.19099 
  1 SNES Function norm < 1.e-11
  0 SNES Function norm 0.191416 
  1 SNES Function norm < 1.e-11
398 TS dt 0.01 time 3.97
  0 SNES Function norm < 1.e-11
  0 SNES Function norm 0.191677 
  1 SNES Function norm < 1.e-11
  0 SNES Function norm 0.192063 
  1 SNES Function norm < 1.e-11
399 TS dt 0.01 time 3.98
  0 SNES Function norm < 1.e-11
  0 SNES Function norm 0.192286 
  1 SNES Function norm < 1.e-11
  0 SNES Function norm 0.192633 
  1 SNES Function norm < 1.e-11
400 TS dt 0.01 time 3.99
  0 SNES Function norm < 1.e-11
  0 SNES Function norm 0.192814 
  1 SNES Function norm < 1.e-11
  0 SNES Function norm 0.193118 
  1 SNES Function norm < 1.e-11
401 TS dt 0.01 time 4.
  0 SNES Function norm < 1.e-11
  0 SNES Function norm 0.193252 
  1 SNES Function norm < 1.e-11
  0 SNES Function norm 0.193509 
  1 SNES Function norm < 1.e-11
402 TS dt 0.01 time 4.01
  0 SNES Function norm < 1.e-11
  0 SNES Function norm 0.193591 
  1 SNES Function norm < 1.e-11
  0 SNES Function norm 0.193797 
  1 SNES Function norm < 1.e-11
403 TS dt 0.01 time 4.02
  0 SNES Function norm < 1.e-11
  0 SNES Function norm 0.193821 
  1 SNES Function norm < 1.e-11
  0 SNES Function norm 0.193971 
  1 SNES Function norm < 1.e-11
404 TS dt 0.01 time 4.03
  0 SNES Function norm < 1.e-11
  0 SNES Function norm 0.193931 
  1 SNES Function norm < 1.e-11
  0 SNES Function norm 0.194021 
  1 SNES Function norm < 1.e-11
405 TS dt 0.01 time 4.04
  0 SNES Function norm < 1.e-11
  0 SNES Function norm 0.193913 
  1 SNES Function norm < 1.e-11
  0 SNES Function norm 0.19394 
  1 SNES Function norm < 1.e-11
406 TS dt 0.01 time 4.05
  0 SNES Function norm < 1.e-11
  0 SNES Function norm 0.193762 
  1 SNES Function norm < 1.e-11
  0 SNES Function norm 0.193723 
  1 SNES Function norm < 1.e-11
407 TS dt 0.01 time 4.06
  0 SNES Function norm < 1.e-11
  0 SNES Function norm 0.193476 
  1 SNES Function norm < 1.e-11
  0 SNES Function norm 0.193371 
  1 SNES Function norm < 1.e-11
408 TS dt 0.01 time 4.07
  0 SNES Function norm < 1.e-11
  0 SNES Function norm 0.193055 
  1 SNES Function norm < 1.e-11
  0 SNES Function norm 0.192886 
  1 SNES Function norm < 1.e-11
409 TS dt 0.01 time 4.08
  0 SNES Function norm < 1.e-11
  0 SNES Function norm 0.192505 
  1 SNES Function norm < 1.e-11
  0 SNES Function norm 0.192275 
  1 SNES Function norm < 1.e-11
410 TS dt 0.01 time 4.09
  0 SNES Function norm < 1.e-11
  0 SNES Function norm 0.191834 
  1 SNES Function norm < 1.e-11
  0 SNES Function norm 0.19155 
  1 SNES Function norm < 1.e-11
411 TS dt 0.01 time 4.1
  0 SNES Function norm < 1.e-11
  0 SNES Function norm 0.191056 
  1 SNES Function norm < 1.e-11
  0 SNES Function norm 0.190724 
  1 SNES Function norm < 1.e-11
412 TS dt 0.01 time 4.11
  0 SNES Function norm < 1.e-11
  0 SNES Function norm 0.190187 
  1 SNES Function norm < 1.e-11
  0 SNES Function norm 0.189814 
  1 SNES Function norm < 1.e-11
413 TS dt 0.01 time 4.12
  0 SNES Function norm < 1.e-11
  0 SNES Function norm 0.189244 
  1 SNES Function norm < 1.e-11
  0 SNES Function norm 0.188841 
  1 SNES Function norm < 1.e-11
414 TS dt 0.01 time 4.13
  0 SNES Function norm < 1.e-11
  0 SNES Function norm 0.188248 
  1 SNES Function norm < 1.e-11
  0 SNES Function norm 0.187825 
  1 SNES Function norm < 1.e-11
415 TS dt 0.01 time 4.14
  0 SNES Function norm < 1.e-11
  0 SNES Function norm 0.18722 
  1 SNES Function norm < 1.e-11
  0 SNES Function norm 0.186788 
  1 SNES Function norm < 1.e-11
416 TS dt 0.01 time 4.15
  0 SNES Function norm < 1.e-11
  0 SNES Function norm 0.186181 
  1 SNES Function norm < 1.e-11
  0 SNES Function norm 0.185748 
  1 SNES Function norm < 1.e-11
417 TS dt 0.01 time 4.16
  0 SNES Function norm < 1.e-11
  0 SNES Function norm 0.185148 
  1 SNES Function norm < 1.e-11
  0 SNES Function norm 0.184724 
  1 SNES Function norm < 1.e-11
418 TS dt 0.01 time 4.17
  0 SNES Function norm < 1.e-11
  0 SNES Function norm 0.184139 
  1 SNES Function norm < 1.e-11
  0 SNES Function norm 0.183732 
  1 SNES Function norm < 1.e-11
419 TS dt 0.01 time 4.18
  0 SNES Function norm < 1.e-11
  0 SNES Function norm 0.183168 
  1 SNES Function norm < 1.e-11
  0 SNES Function norm 0.182782 
  1 SNES Function norm < 1.e-11
420 TS dt 0.01 time 4.19
  0 SNES Function norm < 1.e-11
  0 SNES Function norm 0.182243 
  1 SNES Function norm < 1.e-11
  0 SNES Function norm 0.181883 
  1 SNES Function norm < 1.e-11
421 TS dt 0.01 time 4.2
  0 SNES Function norm < 1.e-11
  0 SNES Function norm 0.18137 
  1 SNES Function norm < 1.e-11
  0 SNES Function norm 0.181037 
  1 SNES Function norm < 1.e-11
422 TS dt 0.01 time 4.21
  0 SNES Function norm < 1.e-11
  0 SNES Function norm 0.180549 
  1 SNES Function norm < 1.e-11
  0 SNES Function norm 0.180243 
  1 SNES Function norm < 1.e-11
423 TS dt 0.01 time 4.22
  0 SNES Function norm < 1.e-11
  0 SNES Function norm 0.179776 
  1 SNES Function norm < 1.e-11
  0 SNES Function norm 0.179493 
  1 SNES Function norm < 1.e-11
424 TS dt 0.01 time 4.23
  0 SNES Function norm < 1.e-11
  0 SNES Function norm 0.179043 
  1 SNES Function norm < 1.e-11
  0 SNES Function norm 0.178778 
  1 SNES Function norm < 1.e-11
425 TS dt 0.01 time 4.24
  0 SNES Function norm < 1.e-11
  0 SNES Function norm 0.178338 
  1 SNES Function norm < 1.e-11
  0 SNES Function norm 0.178086 
  1 SNES Function norm < 1.e-11
426 TS dt 0.01 time 4.25
  0 SNES Function norm < 1.e-11
  0 SNES Function norm 0.177647 
  1 SNES Function norm < 1.e-11
  0 SNES Function norm 0.177399 
  1 SNES Function norm < 1.e-11
427 TS dt 0.01 time 4.26
  0 SNES Function norm < 1.e-11
  0 SNES Function norm 0.176954 
  1 SNES Function norm < 1.e-11
  0 SNES Function norm 0.176703 
  1 SNES Function norm < 1.e-11
428 TS dt 0.01 time 4.27
  0 SNES Function norm < 1.e-11
  0 SNES Function norm 0.176243 
  1 SNES Function norm < 1.e-11
  0 SNES Function norm 0.175981 
  1 SNES Function norm < 1.e-11
429 TS dt 0.01 time 4.28
  0 SNES Function norm < 1.e-11
  0 SNES Function norm 0.175498 
  1 SNES Function norm < 1.e-11
  0 SNES Function norm 0.175216 
  1 SNES Function norm < 1.e-11
430 TS dt 0.01 time 4.29
  0 SNES Function norm < 1.e-11
  0 SNES Function norm 0.174703 
  1 SNES Function norm < 1.e-11
  0 SNES Function norm 0.174396 
  1 SNES Function norm < 1.e-11
431 TS dt 0.01 time 4.3
  0 SNES Function norm < 1.e-11
  0 SNES Function norm 0.173847 
  1 SNES Function norm < 1.e-11
  0 SNES Function norm 0.173509 
  1 SNES Function norm < 1.e-11
432 TS dt 0.01 time 4.31
  0 SNES Function norm < 1.e-11
  0 SNES Function norm 0.17292 
  1 SNES Function norm < 1.e-11
  0 SNES Function norm 0.172547 
  1 SNES Function norm < 1.e-11
433 TS dt 0.01 time 4.32
  0 SNES Function norm < 1.e-11
  0 SNES Function norm 0.171916 
  1 SNES Function norm < 1.e-11
  0 SNES Function norm 0.171505 
  1 SNES Function norm < 1.e-11
434 TS dt 0.01 time 4.33
  0 SNES Function norm < 1.e-11
  0 SNES Function norm 0.170833 
  1 SNES Function norm < 1.e-11
  0 SNES Function norm 0.170383 
  1 SNES Function norm < 1.e-11
435 TS dt 0.01 time 4.34
  0 SNES Function norm < 1.e-11
  0 SNES Function norm 0.169671 
  1 SNES Function norm < 1.e-11
  0 SNES Function norm 0.169184 
  1 SNES Function norm < 1.e-11
436 TS dt 0.01 time 4.35
  0 SNES Function norm < 1.e-11
  0 SNES Function norm 0.168435 
  1 SNES Function norm < 1.e-11
  0 SNES Function norm 0.167914 
  1 SNES Function norm < 1.e-11
437 TS dt 0.01 time 4.36
  0 SNES Function norm < 1.e-11
  0 SNES Function norm 0.167134 
  1 SNES Function norm < 1.e-11
  0 SNES Function norm 0.166583 
  1 SNES Function norm < 1.e-11
438 TS dt 0.01 time 4.37
  0 SNES Function norm < 1.e-11
  0 SNES Function norm 0.165777 
  1 SNES Function norm < 1.e-11
  0 SNES Function norm 0.165203 
  1 SNES Function norm < 1.e-11
439 TS dt 0.01 time 4.38
  0 SNES Function norm < 1.e-11
  0 SNES Function norm 0.164379 
  1 SNES Function norm < 1.e-11
  0 SNES Function norm 0.163787 
  1 SNES Function norm < 1.e-11
440 TS dt 0.01 time 4.39
  0 SNES Function norm < 1.e-11
  0 SNES Function norm 0.162952 
  1 SNES Function norm < 1.e-11
  0 SNES Function norm 0.162349 
  1 SNES Function norm < 1.e-11
441 TS dt 0.01 time 4.4
  0 SNES Function norm < 1.e-11
  0 SNES Function norm 0.161512 
  1 SNES Function norm < 1.e-11
  0 SNES Function norm 0.160905 
  1 SNES Function norm < 1.e-11
442 TS dt 0.01 time 4.41
  0 SNES Function norm < 1.e-11
  0 SNES Function norm 0.160073 
  1 SNES Function norm < 1.e-11
  0 SNES Function norm 0.159469 
  1 SNES Function norm < 1.e-11
443 TS dt 0.01 time 4.42
  0 SNES Function norm < 1.e-11
  0 SNES Function norm 0.158649 
  1 SNES Function norm < 1.e-11
  0 SNES Function norm 0.158054 
  1 SNES Function norm < 1.e-11
444 TS dt 0.01 time 4.43
  0 SNES Function norm < 1.e-11
  0 SNES Function norm 0.157251 
  1 SNES Function norm < 1.e-11
  0 SNES Function norm 0.156671 
  1 SNES Function norm < 1.e-11
445 TS dt 0.01 time 4.44
  0 SNES Function norm < 1.e-11
  0 SNES Function norm 0.15589 
  1 SNES Function norm < 1.e-11
  0 SNES Function norm 0.155328 
  1 SNES Function norm < 1.e-11
446 TS dt 0.01 time 4.45
  0 SNES Function norm < 1.e-11
  0 SNES Function norm 0.154572 
  1 SNES Function norm < 1.e-11
  0 SNES Function norm 0.154031 
  1 SNES Function norm < 1.e-11
447 TS dt 0.01 time 4.46
  0 SNES Function norm < 1.e-11
  0 SNES Function norm 0.153303 
  1 SNES Function norm < 1.e-11
  0 SNES Function norm 0.152784 
  1 SNES Function norm < 1.e-11
448 TS dt 0.01 time 4.47
  0 SNES Function norm < 1.e-11
  0 SNES Function norm 0.152083 
  1 SNES Function norm < 1.e-11
  0 SNES Function norm 0.151587 
  1 SNES Function norm < 1.e-11
449 TS dt 0.01 time 4.48
  0 SNES Function norm < 1.e-11
  0 SNES Function norm 0.150912 
  1 SNES Function norm < 1.e-11
  0 SNES Function norm 0.150437 
  1 SNES Function norm < 1.e-11
450 TS dt 0.01 time 4.49
  0 SNES Function norm < 1.e-11
  0 SNES Function norm 0.149785 
  1 SNES Function norm < 1.e-11
  0 SNES Function norm 0.149329 
  1 SNES Function norm < 1.e-11
451 TS dt 0.01 time 4.5
  0 SNES Function norm < 1.e-11
  0 SNES Function norm 0.148698 
  1 SNES Function norm < 1.e-11
  0 SNES Function norm 0.148257 
  1 SNES Function norm < 1.e-11
452 TS dt 0.01 time 4.51
  0 SNES Function norm < 1.e-11
  0 SNES Function norm 0.147643 
  1 SNES Function norm < 1.e-11
  0 SNES Function norm 0.147214 
  1 SNES Function norm < 1.e-11
453 TS dt 0.01 time 4.52
  0 SNES Function norm < 1.e-11
  0 SNES Function norm 0.146612 
  1 SNES Function norm < 1.e-11
  0 SNES Function norm 0.146189 
  1 SNES Function norm < 1.e-11
454 TS dt 0.01 time 4.53
  0 SNES Function norm < 1.e-11
  0 SNES Function norm 0.145595 
  1 SNES Function norm < 1.e-11
  0 SNES Function norm 0.145175 
  1 SNES Function norm < 1.e-11
455 TS dt 0.01 time 4.54
  0 SNES Function norm < 1.e-11
  0 SNES Function norm 0.144585 
  1 SNES Function norm < 1.e-11
  0 SNES Function norm 0.144162 
  1 SNES Function norm < 1.e-11
456 TS dt 0.01 time 4.55
  0 SNES Function norm < 1.e-11
  0 SNES Function norm 0.143572 
  1 SNES Function norm < 1.e-11
  0 SNES Function norm 0.143144 
  1 SNES Function norm < 1.e-11
457 TS dt 0.01 time 4.56
  0 SNES Function norm < 1.e-11
  0 SNES Function norm 0.142551 
  1 SNES Function norm < 1.e-11
  0 SNES Function norm 0.142115 
  1 SNES Function norm < 1.e-11
458 TS dt 0.01 time 4.57
  0 SNES Function norm < 1.e-11
  0 SNES Function norm 0.141517 
  1 SNES Function norm < 1.e-11
  0 SNES Function norm 0.141069 
  1 SNES Function norm < 1.e-11
459 TS dt 0.01 time 4.58
  0 SNES Function norm < 1.e-11
  0 SNES Function norm 0.140464 
  1 SNES Function norm < 1.e-11
  0 SNES Function norm 0.140005 
  1 SNES Function norm < 1.e-11
460 TS dt 0.01 time 4.59
  0 SNES Function norm < 1.e-11
  0 SNES Function norm 0.139393 
  1 SNES Function norm < 1.e-11
  0 SNES Function norm 0.13892 
  1 SNES Function norm < 1.e-11
461 TS dt 0.01 time 4.6
  0 SNES Function norm < 1.e-11
  0 SNES Function norm 0.138302 
  1 SNES Function norm < 1.e-11
  0 SNES Function norm 0.137817 
  1 SNES Function norm < 1.e-11
462 TS dt 0.01 time 4.61
  0 SNES Function norm < 1.e-11
  0 SNES Function norm 0.137193 
  1 SNES Function norm < 1.e-11
  0 SNES Function norm 0.136697 
  1 SNES Function norm < 1.e-11
463 TS dt 0.01 time 4.62
  0 SNES Function norm < 1.e-11
  0 SNES Function norm 0.13607 
  1 SNES Function norm < 1.e-11
  0 SNES Function norm 0.135564 
  1 SNES Function norm < 1.e-11
464 TS dt 0.01 time 4.63
  0 SNES Function norm < 1.e-11
  0 SNES Function norm 0.134936 
  1 SNES Function norm < 1.e-11
  0 SNES Function norm 0.134423 
  1 SNES Function norm < 1.e-11
465 TS dt 0.01 time 4.64
  0 SNES Function norm < 1.e-11
  0 SNES Function norm 0.133797 
  1 SNES Function norm < 1.e-11
  0 SNES Function norm 0.133278 
  1 SNES Function norm < 1.e-11
466 TS dt 0.01 time 4.65
  0 SNES Function norm < 1.e-11
  0 SNES Function norm 0.132657 
  1 SNES Function norm < 1.e-11
  0 SNES Function norm 0.132135 
  1 SNES Function norm < 1.e-11
467 TS dt 0.01 time 4.66
  0 SNES Function norm < 1.e-11
  0 SNES Function norm 0.13152 
  1 SNES Function norm < 1.e-11
  0 SNES Function norm 0.130998 
  1 SNES Function norm < 1.e-11
468 TS dt 0.01 time 4.67
  0 SNES Function norm < 1.e-11
  0 SNES Function norm 0.130391 
  1 SNES Function norm < 1.e-11
  0 SNES Function norm 0.129869 
  1 SNES Function norm < 1.e-11
469 TS dt 0.01 time 4.68
  0 SNES Function norm < 1.e-11
  0 SNES Function norm 0.129272 
  1 SNES Function norm < 1.e-11
  0 SNES Function norm 0.128752 
  1 SNES Function norm < 1.e-11
470 TS dt 0.01 time 4.69
  0 SNES Function norm < 1.e-11
  0 SNES Function norm 0.128164 
  1 SNES Function norm < 1.e-11
  0 SNES Function norm 0.127647 
  1 SNES Function norm < 1.e-11
471 TS dt 0.01 time 4.7
  0 SNES Function norm < 1.e-11
  0 SNES Function norm 0.127066 
  1 SNES Function norm < 1.e-11
  0 SNES Function norm 0.126551 
  1 SNES Function norm < 1.e-11
472 TS dt 0.01 time 4.71
  0 SNES Function norm < 1.e-11
  0 SNES Function norm 0.125977 
  1 SNES Function norm < 1.e-11
  0 SNES Function norm 0.125462 
  1 SNES Function norm < 1.e-11
473 TS dt 0.01 time 4.72
  0 SNES Function norm < 1.e-11
  0 SNES Function norm 0.124891 
  1 SNES Function norm < 1.e-11
  0 SNES Function norm 0.124373 
  1 SNES Function norm < 1.e-11
474 TS dt 0.01 time 4.73
  0 SNES Function norm < 1.e-11
  0 SNES Function norm 0.123803 
  1 SNES Function norm < 1.e-11
  0 SNES Function norm 0.123279 
  1 SNES Function norm < 1.e-11
475 TS dt 0.01 time 4.74
  0 SNES Function norm < 1.e-11
  0 SNES Function norm 0.122704 
  1 SNES Function norm < 1.e-11
  0 SNES Function norm 0.122172 
  1 SNES Function norm < 1.e-11
476 TS dt 0.01 time 4.75
  0 SNES Function norm < 1.e-11
  0 SNES Function norm 0.121587 
  1 SNES Function norm < 1.e-11
  0 SNES Function norm 0.121041 
  1 SNES Function norm < 1.e-11
477 TS dt 0.01 time 4.76
  0 SNES Function norm < 1.e-11
  0 SNES Function norm 0.120442 
  1 SNES Function norm < 1.e-11
  0 SNES Function norm 0.119877 
  1 SNES Function norm < 1.e-11
478 TS dt 0.01 time 4.77
  0 SNES Function norm < 1.e-11
  0 SNES Function norm 0.119259 
  1 SNES Function norm < 1.e-11
  0 SNES Function norm 0.118671 
  1 SNES Function norm < 1.e-11
479 TS dt 0.01 time 4.78
  0 SNES Function norm < 1.e-11
  0 SNES Function norm 0.118028 
  1 SNES Function norm < 1.e-11
  0 SNES Function norm 0.117413 
  1 SNES Function norm < 1.e-11
480 TS dt 0.01 time 4.79
  0 SNES Function norm < 1.e-11
  0 SNES Function norm 0.116742 
  1 SNES Function norm < 1.e-11
  0 SNES Function norm 0.116096 
  1 SNES Function norm < 1.e-11
481 TS dt 0.01 time 4.8
  0 SNES Function norm < 1.e-11
  0 SNES Function norm 0.115392 
  1 SNES Function norm < 1.e-11
  0 SNES Function norm 0.114712 
  1 SNES Function norm < 1.e-11
482 TS dt 0.01 time 4.81
  0 SNES Function norm < 1.e-11
  0 SNES Function norm 0.113972 
  1 SNES Function norm < 1.e-11
  0 SNES Function norm 0.113255 
  1 SNES Function norm < 1.e-11
483 TS dt 0.01 time 4.82
  0 SNES Function norm < 1.e-11
  0 SNES Function norm 0.112478 
  1 SNES Function norm < 1.e-11
  0 SNES Function norm 0.111723 
  1 SNES Function norm < 1.e-11
484 TS dt 0.01 time 4.83
  0 SNES Function norm < 1.e-11
  0 SNES Function norm 0.110908 
  1 SNES Function norm < 1.e-11
  0 SNES Function norm 0.110113 
  1 SNES Function norm < 1.e-11
485 TS dt 0.01 time 4.84
  0 SNES Function norm < 1.e-11
  0 SNES Function norm 0.10926 
  1 SNES Function norm < 1.e-11
  0 SNES Function norm 0.108427 
  1 SNES Function norm < 1.e-11
486 TS dt 0.01 time 4.85
  0 SNES Function norm < 1.e-11
  0 SNES Function norm 0.107536 
  1 SNES Function norm < 1.e-11
  0 SNES Function norm 0.106666 
  1 SNES Function norm < 1.e-11
487 TS dt 0.01 time 4.86
  0 SNES Function norm < 1.e-11
  0 SNES Function norm 0.10574 
  1 SNES Function norm < 1.e-11
  0 SNES Function norm 0.104834 
  1 SNES Function norm < 1.e-11
488 TS dt 0.01 time 4.87
  0 SNES Function norm < 1.e-11
  0 SNES Function norm 0.103877 
  1 SNES Function norm < 1.e-11
  0 SNES Function norm 0.102938 
  1 SNES Function norm < 1.e-11
489 TS dt 0.01 time 4.88
  0 SNES Function norm < 1.e-11
  0 SNES Function norm 0.101952 
  1 SNES Function norm < 1.e-11
  0 SNES Function norm 0.100985 
  1 SNES Function norm < 1.e-11
490 TS dt 0.01 time 4.89
  0 SNES Function norm < 1.e-11
  0 SNES Function norm 0.0999748 
  1 SNES Function norm < 1.e-11
  0 SNES Function norm 0.0989821 
  1 SNES Function norm < 1.e-11
491 TS dt 0.01 time 4.9
  0 SNES Function norm < 1.e-11
  0 SNES Function norm 0.0979522 
  1 SNES Function norm < 1.e-11
  0 SNES Function norm 0.0969391 
  1 SNES Function norm < 1.e-11
492 TS dt 0.01 time 4.91
  0 SNES Function norm < 1.e-11
  0 SNES Function norm 0.0958937 
  1 SNES Function norm < 1.e-11
  0 SNES Function norm 0.0948647 
  1 SNES Function norm < 1.e-11
493 TS dt 0.01 time 4.92
  0 SNES Function norm < 1.e-11
  0 SNES Function norm 0.0938082 
  1 SNES Function norm < 1.e-11
  0 SNES Function norm 0.0927677 
  1 SNES Function norm < 1.e-11
494 TS dt 0.01 time 4.93
  0 SNES Function norm < 1.e-11
  0 SNES Function norm 0.0917043 
  1 SNES Function norm < 1.e-11
  0 SNES Function norm 0.0906565 
  1 SNES Function norm < 1.e-11
495 TS dt 0.01 time 4.94
  0 SNES Function norm < 1.e-11
  0 SNES Function norm 0.0895899 
  1 SNES Function norm < 1.e-11
  0 SNES Function norm 0.0885386 
  1 SNES Function norm < 1.e-11
496 TS dt 0.01 time 4.95
  0 SNES Function norm < 1.e-11
  0 SNES Function norm 0.0874719 
  1 SNES Function norm < 1.e-11
  0 SNES Function norm 0.0864204 
  1 SNES Function norm < 1.e-11
497 TS dt 0.01 time 4.96
  0 SNES Function norm < 1.e-11
  0 SNES Function norm 0.0853561 
  1 SNES Function norm < 1.e-11
  0 SNES Function norm 0.0843069 
  1 SNES Function norm < 1.e-11
498 TS dt 0.01 time 4.97
  0 SNES Function norm < 1.e-11
  0 SNES Function norm 0.0832468 
  1 SNES Function norm < 1.e-11
  0 SNES Function norm 0.0822018 
  1 SNES Function norm < 1.e-11
499 TS dt 0.01 time 4.98
  0 SNES Function norm < 1.e-11
  0 SNES Function norm 0.0811468 
  1 SNES Function norm < 1.e-11
  0 SNES Function norm 0.0801071 
  1 SNES Function norm < 1.e-11
500 TS dt 0.01 time 4.99
  0 SNES Function norm < 1.e-11
  0 SNES Function norm 0.0790576 
  1 SNES Function norm < 1.e-11
  0 SNES Function norm 0.0780234 
  1 SNES Function norm < 1.e-11
501 TS dt 0.01 time 5.
